[2022-07-30 21:55:22,110] {scheduler_job.py:182} INFO - Started process (PID=43) to work on /home/airflow/.local/lib/python3.6/site-packages/airflow/example_dags/example_complex.py
[2022-07-30 21:55:22,125] {scheduler_job.py:629} INFO - Processing file /home/airflow/.local/lib/python3.6/site-packages/airflow/example_dags/example_complex.py for tasks to queue
[2022-07-30 21:55:22,130] {logging_mixin.py:104} INFO - [2022-07-30 21:55:22,130] {dagbag.py:451} INFO - Filling up the DagBag from /home/airflow/.local/lib/python3.6/site-packages/airflow/example_dags/example_complex.py
[2022-07-30 21:55:22,264] {scheduler_job.py:639} INFO - DAG(s) dict_keys(['example_complex']) retrieved from /home/airflow/.local/lib/python3.6/site-packages/airflow/example_dags/example_complex.py
[2022-07-30 21:55:22,450] {logging_mixin.py:104} INFO - [2022-07-30 21:55:22,450] {dag.py:1824} INFO - Sync 1 DAGs
[2022-07-30 21:55:22,589] {logging_mixin.py:104} INFO - [2022-07-30 21:55:22,589] {dag.py:1843} INFO - Creating ORM DAG for example_complex
[2022-07-30 21:55:22,632] {logging_mixin.py:104} INFO - [2022-07-30 21:55:22,632] {dag.py:2280} INFO - Setting next_dagrun for example_complex to None
[2022-07-30 21:55:22,811] {scheduler_job.py:190} INFO - Processing /home/airflow/.local/lib/python3.6/site-packages/airflow/example_dags/example_complex.py took 0.721 seconds
[2022-07-30 21:55:53,149] {scheduler_job.py:182} INFO - Started process (PID=68) to work on /home/airflow/.local/lib/python3.6/site-packages/airflow/example_dags/example_complex.py
[2022-07-30 21:55:53,163] {scheduler_job.py:629} INFO - Processing file /home/airflow/.local/lib/python3.6/site-packages/airflow/example_dags/example_complex.py for tasks to queue
[2022-07-30 21:55:53,164] {logging_mixin.py:104} INFO - [2022-07-30 21:55:53,164] {dagbag.py:451} INFO - Filling up the DagBag from /home/airflow/.local/lib/python3.6/site-packages/airflow/example_dags/example_complex.py
[2022-07-30 21:55:53,273] {scheduler_job.py:639} INFO - DAG(s) dict_keys(['example_complex']) retrieved from /home/airflow/.local/lib/python3.6/site-packages/airflow/example_dags/example_complex.py
[2022-07-30 21:55:53,429] {logging_mixin.py:104} INFO - [2022-07-30 21:55:53,429] {dag.py:1824} INFO - Sync 1 DAGs
[2022-07-30 21:55:53,492] {logging_mixin.py:104} INFO - [2022-07-30 21:55:53,492] {dag.py:2280} INFO - Setting next_dagrun for example_complex to None
[2022-07-30 21:55:53,561] {scheduler_job.py:190} INFO - Processing /home/airflow/.local/lib/python3.6/site-packages/airflow/example_dags/example_complex.py took 0.417 seconds
[2022-07-30 21:56:24,381] {scheduler_job.py:182} INFO - Started process (PID=94) to work on /home/airflow/.local/lib/python3.6/site-packages/airflow/example_dags/example_complex.py
[2022-07-30 21:56:24,384] {scheduler_job.py:629} INFO - Processing file /home/airflow/.local/lib/python3.6/site-packages/airflow/example_dags/example_complex.py for tasks to queue
[2022-07-30 21:56:24,386] {logging_mixin.py:104} INFO - [2022-07-30 21:56:24,385] {dagbag.py:451} INFO - Filling up the DagBag from /home/airflow/.local/lib/python3.6/site-packages/airflow/example_dags/example_complex.py
[2022-07-30 21:56:24,428] {scheduler_job.py:639} INFO - DAG(s) dict_keys(['example_complex']) retrieved from /home/airflow/.local/lib/python3.6/site-packages/airflow/example_dags/example_complex.py
[2022-07-30 21:56:24,491] {logging_mixin.py:104} INFO - [2022-07-30 21:56:24,491] {dag.py:1824} INFO - Sync 1 DAGs
[2022-07-30 21:56:24,517] {logging_mixin.py:104} INFO - [2022-07-30 21:56:24,517] {dag.py:2280} INFO - Setting next_dagrun for example_complex to None
[2022-07-30 21:56:24,542] {scheduler_job.py:190} INFO - Processing /home/airflow/.local/lib/python3.6/site-packages/airflow/example_dags/example_complex.py took 0.166 seconds
[2022-07-30 21:56:55,658] {scheduler_job.py:182} INFO - Started process (PID=124) to work on /home/airflow/.local/lib/python3.6/site-packages/airflow/example_dags/example_complex.py
[2022-07-30 21:56:55,661] {scheduler_job.py:629} INFO - Processing file /home/airflow/.local/lib/python3.6/site-packages/airflow/example_dags/example_complex.py for tasks to queue
[2022-07-30 21:56:55,664] {logging_mixin.py:104} INFO - [2022-07-30 21:56:55,663] {dagbag.py:451} INFO - Filling up the DagBag from /home/airflow/.local/lib/python3.6/site-packages/airflow/example_dags/example_complex.py
[2022-07-30 21:56:55,708] {scheduler_job.py:639} INFO - DAG(s) dict_keys(['example_complex']) retrieved from /home/airflow/.local/lib/python3.6/site-packages/airflow/example_dags/example_complex.py
[2022-07-30 21:56:55,766] {logging_mixin.py:104} INFO - [2022-07-30 21:56:55,765] {dag.py:1824} INFO - Sync 1 DAGs
[2022-07-30 21:56:55,791] {logging_mixin.py:104} INFO - [2022-07-30 21:56:55,791] {dag.py:2280} INFO - Setting next_dagrun for example_complex to None
[2022-07-30 21:56:55,812] {scheduler_job.py:190} INFO - Processing /home/airflow/.local/lib/python3.6/site-packages/airflow/example_dags/example_complex.py took 0.161 seconds
[2022-07-30 21:57:26,470] {scheduler_job.py:182} INFO - Started process (PID=150) to work on /home/airflow/.local/lib/python3.6/site-packages/airflow/example_dags/example_complex.py
[2022-07-30 21:57:26,472] {scheduler_job.py:629} INFO - Processing file /home/airflow/.local/lib/python3.6/site-packages/airflow/example_dags/example_complex.py for tasks to queue
[2022-07-30 21:57:26,474] {logging_mixin.py:104} INFO - [2022-07-30 21:57:26,473] {dagbag.py:451} INFO - Filling up the DagBag from /home/airflow/.local/lib/python3.6/site-packages/airflow/example_dags/example_complex.py
[2022-07-30 21:57:26,511] {scheduler_job.py:639} INFO - DAG(s) dict_keys(['example_complex']) retrieved from /home/airflow/.local/lib/python3.6/site-packages/airflow/example_dags/example_complex.py
[2022-07-30 21:57:26,570] {logging_mixin.py:104} INFO - [2022-07-30 21:57:26,570] {dag.py:1824} INFO - Sync 1 DAGs
[2022-07-30 21:57:26,600] {logging_mixin.py:104} INFO - [2022-07-30 21:57:26,600] {dag.py:2280} INFO - Setting next_dagrun for example_complex to None
[2022-07-30 21:57:26,640] {scheduler_job.py:190} INFO - Processing /home/airflow/.local/lib/python3.6/site-packages/airflow/example_dags/example_complex.py took 0.174 seconds
[2022-07-30 21:57:57,613] {scheduler_job.py:182} INFO - Started process (PID=176) to work on /home/airflow/.local/lib/python3.6/site-packages/airflow/example_dags/example_complex.py
[2022-07-30 21:57:57,616] {scheduler_job.py:629} INFO - Processing file /home/airflow/.local/lib/python3.6/site-packages/airflow/example_dags/example_complex.py for tasks to queue
[2022-07-30 21:57:57,618] {logging_mixin.py:104} INFO - [2022-07-30 21:57:57,618] {dagbag.py:451} INFO - Filling up the DagBag from /home/airflow/.local/lib/python3.6/site-packages/airflow/example_dags/example_complex.py
[2022-07-30 21:57:57,675] {scheduler_job.py:639} INFO - DAG(s) dict_keys(['example_complex']) retrieved from /home/airflow/.local/lib/python3.6/site-packages/airflow/example_dags/example_complex.py
[2022-07-30 21:57:57,735] {logging_mixin.py:104} INFO - [2022-07-30 21:57:57,735] {dag.py:1824} INFO - Sync 1 DAGs
[2022-07-30 21:57:57,776] {logging_mixin.py:104} INFO - [2022-07-30 21:57:57,776] {dag.py:2280} INFO - Setting next_dagrun for example_complex to None
[2022-07-30 21:57:57,808] {scheduler_job.py:190} INFO - Processing /home/airflow/.local/lib/python3.6/site-packages/airflow/example_dags/example_complex.py took 0.203 seconds
[2022-07-30 21:58:28,673] {scheduler_job.py:182} INFO - Started process (PID=202) to work on /home/airflow/.local/lib/python3.6/site-packages/airflow/example_dags/example_complex.py
[2022-07-30 21:58:28,675] {scheduler_job.py:629} INFO - Processing file /home/airflow/.local/lib/python3.6/site-packages/airflow/example_dags/example_complex.py for tasks to queue
[2022-07-30 21:58:28,677] {logging_mixin.py:104} INFO - [2022-07-30 21:58:28,676] {dagbag.py:451} INFO - Filling up the DagBag from /home/airflow/.local/lib/python3.6/site-packages/airflow/example_dags/example_complex.py
[2022-07-30 21:58:28,719] {scheduler_job.py:639} INFO - DAG(s) dict_keys(['example_complex']) retrieved from /home/airflow/.local/lib/python3.6/site-packages/airflow/example_dags/example_complex.py
[2022-07-30 21:58:28,767] {logging_mixin.py:104} INFO - [2022-07-30 21:58:28,766] {dag.py:1824} INFO - Sync 1 DAGs
[2022-07-30 21:58:28,792] {logging_mixin.py:104} INFO - [2022-07-30 21:58:28,792] {dag.py:2280} INFO - Setting next_dagrun for example_complex to None
[2022-07-30 21:58:28,812] {scheduler_job.py:190} INFO - Processing /home/airflow/.local/lib/python3.6/site-packages/airflow/example_dags/example_complex.py took 0.145 seconds
[2022-07-30 21:58:59,252] {scheduler_job.py:182} INFO - Started process (PID=228) to work on /home/airflow/.local/lib/python3.6/site-packages/airflow/example_dags/example_complex.py
[2022-07-30 21:58:59,255] {scheduler_job.py:629} INFO - Processing file /home/airflow/.local/lib/python3.6/site-packages/airflow/example_dags/example_complex.py for tasks to queue
[2022-07-30 21:58:59,257] {logging_mixin.py:104} INFO - [2022-07-30 21:58:59,256] {dagbag.py:451} INFO - Filling up the DagBag from /home/airflow/.local/lib/python3.6/site-packages/airflow/example_dags/example_complex.py
[2022-07-30 21:58:59,366] {scheduler_job.py:639} INFO - DAG(s) dict_keys(['example_complex']) retrieved from /home/airflow/.local/lib/python3.6/site-packages/airflow/example_dags/example_complex.py
[2022-07-30 21:58:59,490] {logging_mixin.py:104} INFO - [2022-07-30 21:58:59,490] {dag.py:1824} INFO - Sync 1 DAGs
[2022-07-30 21:58:59,549] {logging_mixin.py:104} INFO - [2022-07-30 21:58:59,549] {dag.py:2280} INFO - Setting next_dagrun for example_complex to None
[2022-07-30 21:58:59,656] {scheduler_job.py:190} INFO - Processing /home/airflow/.local/lib/python3.6/site-packages/airflow/example_dags/example_complex.py took 0.410 seconds
[2022-07-30 21:59:29,761] {scheduler_job.py:182} INFO - Started process (PID=254) to work on /home/airflow/.local/lib/python3.6/site-packages/airflow/example_dags/example_complex.py
[2022-07-30 21:59:29,764] {scheduler_job.py:629} INFO - Processing file /home/airflow/.local/lib/python3.6/site-packages/airflow/example_dags/example_complex.py for tasks to queue
[2022-07-30 21:59:29,765] {logging_mixin.py:104} INFO - [2022-07-30 21:59:29,765] {dagbag.py:451} INFO - Filling up the DagBag from /home/airflow/.local/lib/python3.6/site-packages/airflow/example_dags/example_complex.py
[2022-07-30 21:59:29,795] {scheduler_job.py:639} INFO - DAG(s) dict_keys(['example_complex']) retrieved from /home/airflow/.local/lib/python3.6/site-packages/airflow/example_dags/example_complex.py
[2022-07-30 21:59:29,829] {logging_mixin.py:104} INFO - [2022-07-30 21:59:29,829] {dag.py:1824} INFO - Sync 1 DAGs
[2022-07-30 21:59:29,851] {logging_mixin.py:104} INFO - [2022-07-30 21:59:29,850] {dag.py:2280} INFO - Setting next_dagrun for example_complex to None
[2022-07-30 21:59:29,869] {scheduler_job.py:190} INFO - Processing /home/airflow/.local/lib/python3.6/site-packages/airflow/example_dags/example_complex.py took 0.112 seconds
[2022-07-30 22:00:00,781] {scheduler_job.py:182} INFO - Started process (PID=280) to work on /home/airflow/.local/lib/python3.6/site-packages/airflow/example_dags/example_complex.py
[2022-07-30 22:00:00,785] {scheduler_job.py:629} INFO - Processing file /home/airflow/.local/lib/python3.6/site-packages/airflow/example_dags/example_complex.py for tasks to queue
[2022-07-30 22:00:00,788] {logging_mixin.py:104} INFO - [2022-07-30 22:00:00,787] {dagbag.py:451} INFO - Filling up the DagBag from /home/airflow/.local/lib/python3.6/site-packages/airflow/example_dags/example_complex.py
[2022-07-30 22:00:00,836] {scheduler_job.py:639} INFO - DAG(s) dict_keys(['example_complex']) retrieved from /home/airflow/.local/lib/python3.6/site-packages/airflow/example_dags/example_complex.py
[2022-07-30 22:00:00,889] {logging_mixin.py:104} INFO - [2022-07-30 22:00:00,888] {dag.py:1824} INFO - Sync 1 DAGs
[2022-07-30 22:00:00,911] {logging_mixin.py:104} INFO - [2022-07-30 22:00:00,911] {dag.py:2280} INFO - Setting next_dagrun for example_complex to None
[2022-07-30 22:00:00,929] {scheduler_job.py:190} INFO - Processing /home/airflow/.local/lib/python3.6/site-packages/airflow/example_dags/example_complex.py took 0.156 seconds
[2022-07-30 22:00:31,182] {scheduler_job.py:182} INFO - Started process (PID=306) to work on /home/airflow/.local/lib/python3.6/site-packages/airflow/example_dags/example_complex.py
[2022-07-30 22:00:31,184] {scheduler_job.py:629} INFO - Processing file /home/airflow/.local/lib/python3.6/site-packages/airflow/example_dags/example_complex.py for tasks to queue
[2022-07-30 22:00:31,186] {logging_mixin.py:104} INFO - [2022-07-30 22:00:31,185] {dagbag.py:451} INFO - Filling up the DagBag from /home/airflow/.local/lib/python3.6/site-packages/airflow/example_dags/example_complex.py
[2022-07-30 22:00:31,229] {scheduler_job.py:639} INFO - DAG(s) dict_keys(['example_complex']) retrieved from /home/airflow/.local/lib/python3.6/site-packages/airflow/example_dags/example_complex.py
[2022-07-30 22:00:31,282] {logging_mixin.py:104} INFO - [2022-07-30 22:00:31,282] {dag.py:1824} INFO - Sync 1 DAGs
[2022-07-30 22:00:31,315] {logging_mixin.py:104} INFO - [2022-07-30 22:00:31,314] {dag.py:2280} INFO - Setting next_dagrun for example_complex to None
[2022-07-30 22:00:31,335] {scheduler_job.py:190} INFO - Processing /home/airflow/.local/lib/python3.6/site-packages/airflow/example_dags/example_complex.py took 0.160 seconds
[2022-07-30 22:01:02,319] {scheduler_job.py:182} INFO - Started process (PID=332) to work on /home/airflow/.local/lib/python3.6/site-packages/airflow/example_dags/example_complex.py
[2022-07-30 22:01:02,322] {scheduler_job.py:629} INFO - Processing file /home/airflow/.local/lib/python3.6/site-packages/airflow/example_dags/example_complex.py for tasks to queue
[2022-07-30 22:01:02,323] {logging_mixin.py:104} INFO - [2022-07-30 22:01:02,323] {dagbag.py:451} INFO - Filling up the DagBag from /home/airflow/.local/lib/python3.6/site-packages/airflow/example_dags/example_complex.py
[2022-07-30 22:01:02,366] {scheduler_job.py:639} INFO - DAG(s) dict_keys(['example_complex']) retrieved from /home/airflow/.local/lib/python3.6/site-packages/airflow/example_dags/example_complex.py
[2022-07-30 22:01:02,421] {logging_mixin.py:104} INFO - [2022-07-30 22:01:02,421] {dag.py:1824} INFO - Sync 1 DAGs
[2022-07-30 22:01:02,455] {logging_mixin.py:104} INFO - [2022-07-30 22:01:02,454] {dag.py:2280} INFO - Setting next_dagrun for example_complex to None
[2022-07-30 22:01:02,495] {scheduler_job.py:190} INFO - Processing /home/airflow/.local/lib/python3.6/site-packages/airflow/example_dags/example_complex.py took 0.183 seconds
[2022-07-30 22:01:34,492] {scheduler_job.py:182} INFO - Started process (PID=360) to work on /home/airflow/.local/lib/python3.6/site-packages/airflow/example_dags/example_complex.py
[2022-07-30 22:01:34,495] {scheduler_job.py:629} INFO - Processing file /home/airflow/.local/lib/python3.6/site-packages/airflow/example_dags/example_complex.py for tasks to queue
[2022-07-30 22:01:34,496] {logging_mixin.py:104} INFO - [2022-07-30 22:01:34,496] {dagbag.py:451} INFO - Filling up the DagBag from /home/airflow/.local/lib/python3.6/site-packages/airflow/example_dags/example_complex.py
[2022-07-30 22:01:34,541] {scheduler_job.py:639} INFO - DAG(s) dict_keys(['example_complex']) retrieved from /home/airflow/.local/lib/python3.6/site-packages/airflow/example_dags/example_complex.py
[2022-07-30 22:01:34,586] {logging_mixin.py:104} INFO - [2022-07-30 22:01:34,586] {dag.py:1824} INFO - Sync 1 DAGs
[2022-07-30 22:01:34,612] {logging_mixin.py:104} INFO - [2022-07-30 22:01:34,612] {dag.py:2280} INFO - Setting next_dagrun for example_complex to None
[2022-07-30 22:01:34,636] {scheduler_job.py:190} INFO - Processing /home/airflow/.local/lib/python3.6/site-packages/airflow/example_dags/example_complex.py took 0.149 seconds
[2022-07-30 22:02:04,834] {scheduler_job.py:182} INFO - Started process (PID=385) to work on /home/airflow/.local/lib/python3.6/site-packages/airflow/example_dags/example_complex.py
[2022-07-30 22:02:04,838] {scheduler_job.py:629} INFO - Processing file /home/airflow/.local/lib/python3.6/site-packages/airflow/example_dags/example_complex.py for tasks to queue
[2022-07-30 22:02:04,841] {logging_mixin.py:104} INFO - [2022-07-30 22:02:04,840] {dagbag.py:451} INFO - Filling up the DagBag from /home/airflow/.local/lib/python3.6/site-packages/airflow/example_dags/example_complex.py
[2022-07-30 22:02:04,900] {scheduler_job.py:639} INFO - DAG(s) dict_keys(['example_complex']) retrieved from /home/airflow/.local/lib/python3.6/site-packages/airflow/example_dags/example_complex.py
[2022-07-30 22:02:04,976] {logging_mixin.py:104} INFO - [2022-07-30 22:02:04,976] {dag.py:1824} INFO - Sync 1 DAGs
[2022-07-30 22:02:05,008] {logging_mixin.py:104} INFO - [2022-07-30 22:02:05,008] {dag.py:2280} INFO - Setting next_dagrun for example_complex to None
[2022-07-30 22:02:05,031] {scheduler_job.py:190} INFO - Processing /home/airflow/.local/lib/python3.6/site-packages/airflow/example_dags/example_complex.py took 0.203 seconds
[2022-07-30 22:02:35,314] {scheduler_job.py:182} INFO - Started process (PID=411) to work on /home/airflow/.local/lib/python3.6/site-packages/airflow/example_dags/example_complex.py
[2022-07-30 22:02:35,324] {scheduler_job.py:629} INFO - Processing file /home/airflow/.local/lib/python3.6/site-packages/airflow/example_dags/example_complex.py for tasks to queue
[2022-07-30 22:02:35,325] {logging_mixin.py:104} INFO - [2022-07-30 22:02:35,325] {dagbag.py:451} INFO - Filling up the DagBag from /home/airflow/.local/lib/python3.6/site-packages/airflow/example_dags/example_complex.py
[2022-07-30 22:02:35,358] {scheduler_job.py:639} INFO - DAG(s) dict_keys(['example_complex']) retrieved from /home/airflow/.local/lib/python3.6/site-packages/airflow/example_dags/example_complex.py
[2022-07-30 22:02:35,400] {logging_mixin.py:104} INFO - [2022-07-30 22:02:35,400] {dag.py:1824} INFO - Sync 1 DAGs
[2022-07-30 22:02:35,425] {logging_mixin.py:104} INFO - [2022-07-30 22:02:35,425] {dag.py:2280} INFO - Setting next_dagrun for example_complex to None
[2022-07-30 22:02:35,443] {scheduler_job.py:190} INFO - Processing /home/airflow/.local/lib/python3.6/site-packages/airflow/example_dags/example_complex.py took 0.133 seconds
[2022-07-30 22:03:06,791] {scheduler_job.py:182} INFO - Started process (PID=438) to work on /home/airflow/.local/lib/python3.6/site-packages/airflow/example_dags/example_complex.py
[2022-07-30 22:03:06,796] {scheduler_job.py:629} INFO - Processing file /home/airflow/.local/lib/python3.6/site-packages/airflow/example_dags/example_complex.py for tasks to queue
[2022-07-30 22:03:06,799] {logging_mixin.py:104} INFO - [2022-07-30 22:03:06,798] {dagbag.py:451} INFO - Filling up the DagBag from /home/airflow/.local/lib/python3.6/site-packages/airflow/example_dags/example_complex.py
[2022-07-30 22:03:06,846] {scheduler_job.py:639} INFO - DAG(s) dict_keys(['example_complex']) retrieved from /home/airflow/.local/lib/python3.6/site-packages/airflow/example_dags/example_complex.py
[2022-07-30 22:03:06,926] {logging_mixin.py:104} INFO - [2022-07-30 22:03:06,926] {dag.py:1824} INFO - Sync 1 DAGs
[2022-07-30 22:03:06,960] {logging_mixin.py:104} INFO - [2022-07-30 22:03:06,960] {dag.py:2280} INFO - Setting next_dagrun for example_complex to None
[2022-07-30 22:03:06,995] {scheduler_job.py:190} INFO - Processing /home/airflow/.local/lib/python3.6/site-packages/airflow/example_dags/example_complex.py took 0.216 seconds
[2022-07-30 22:03:37,134] {scheduler_job.py:182} INFO - Started process (PID=462) to work on /home/airflow/.local/lib/python3.6/site-packages/airflow/example_dags/example_complex.py
[2022-07-30 22:03:37,136] {scheduler_job.py:629} INFO - Processing file /home/airflow/.local/lib/python3.6/site-packages/airflow/example_dags/example_complex.py for tasks to queue
[2022-07-30 22:03:37,138] {logging_mixin.py:104} INFO - [2022-07-30 22:03:37,138] {dagbag.py:451} INFO - Filling up the DagBag from /home/airflow/.local/lib/python3.6/site-packages/airflow/example_dags/example_complex.py
[2022-07-30 22:03:37,175] {scheduler_job.py:639} INFO - DAG(s) dict_keys(['example_complex']) retrieved from /home/airflow/.local/lib/python3.6/site-packages/airflow/example_dags/example_complex.py
[2022-07-30 22:03:37,224] {logging_mixin.py:104} INFO - [2022-07-30 22:03:37,223] {dag.py:1824} INFO - Sync 1 DAGs
[2022-07-30 22:03:37,245] {logging_mixin.py:104} INFO - [2022-07-30 22:03:37,245] {dag.py:2280} INFO - Setting next_dagrun for example_complex to None
[2022-07-30 22:03:37,276] {scheduler_job.py:190} INFO - Processing /home/airflow/.local/lib/python3.6/site-packages/airflow/example_dags/example_complex.py took 0.148 seconds
[2022-07-30 22:04:10,744] {scheduler_job.py:182} INFO - Started process (PID=494) to work on /home/airflow/.local/lib/python3.6/site-packages/airflow/example_dags/example_complex.py
[2022-07-30 22:04:10,753] {scheduler_job.py:629} INFO - Processing file /home/airflow/.local/lib/python3.6/site-packages/airflow/example_dags/example_complex.py for tasks to queue
[2022-07-30 22:04:10,755] {logging_mixin.py:104} INFO - [2022-07-30 22:04:10,755] {dagbag.py:451} INFO - Filling up the DagBag from /home/airflow/.local/lib/python3.6/site-packages/airflow/example_dags/example_complex.py
[2022-07-30 22:04:10,813] {scheduler_job.py:639} INFO - DAG(s) dict_keys(['example_complex']) retrieved from /home/airflow/.local/lib/python3.6/site-packages/airflow/example_dags/example_complex.py
[2022-07-30 22:04:10,904] {logging_mixin.py:104} INFO - [2022-07-30 22:04:10,904] {dag.py:1824} INFO - Sync 1 DAGs
[2022-07-30 22:04:10,957] {logging_mixin.py:104} INFO - [2022-07-30 22:04:10,957] {dag.py:2280} INFO - Setting next_dagrun for example_complex to None
[2022-07-30 22:04:10,978] {scheduler_job.py:190} INFO - Processing /home/airflow/.local/lib/python3.6/site-packages/airflow/example_dags/example_complex.py took 0.248 seconds
[2022-07-30 22:04:41,830] {scheduler_job.py:182} INFO - Started process (PID=520) to work on /home/airflow/.local/lib/python3.6/site-packages/airflow/example_dags/example_complex.py
[2022-07-30 22:04:41,848] {scheduler_job.py:629} INFO - Processing file /home/airflow/.local/lib/python3.6/site-packages/airflow/example_dags/example_complex.py for tasks to queue
[2022-07-30 22:04:41,850] {logging_mixin.py:104} INFO - [2022-07-30 22:04:41,849] {dagbag.py:451} INFO - Filling up the DagBag from /home/airflow/.local/lib/python3.6/site-packages/airflow/example_dags/example_complex.py
[2022-07-30 22:04:42,010] {scheduler_job.py:639} INFO - DAG(s) dict_keys(['example_complex']) retrieved from /home/airflow/.local/lib/python3.6/site-packages/airflow/example_dags/example_complex.py
[2022-07-30 22:04:42,162] {logging_mixin.py:104} INFO - [2022-07-30 22:04:42,161] {dag.py:1824} INFO - Sync 1 DAGs
[2022-07-30 22:04:42,268] {logging_mixin.py:104} INFO - [2022-07-30 22:04:42,268] {dag.py:2280} INFO - Setting next_dagrun for example_complex to None
[2022-07-30 22:04:42,348] {scheduler_job.py:190} INFO - Processing /home/airflow/.local/lib/python3.6/site-packages/airflow/example_dags/example_complex.py took 0.535 seconds
[2022-07-30 22:05:13,054] {scheduler_job.py:182} INFO - Started process (PID=546) to work on /home/airflow/.local/lib/python3.6/site-packages/airflow/example_dags/example_complex.py
[2022-07-30 22:05:13,056] {scheduler_job.py:629} INFO - Processing file /home/airflow/.local/lib/python3.6/site-packages/airflow/example_dags/example_complex.py for tasks to queue
[2022-07-30 22:05:13,057] {logging_mixin.py:104} INFO - [2022-07-30 22:05:13,057] {dagbag.py:451} INFO - Filling up the DagBag from /home/airflow/.local/lib/python3.6/site-packages/airflow/example_dags/example_complex.py
[2022-07-30 22:05:13,084] {scheduler_job.py:639} INFO - DAG(s) dict_keys(['example_complex']) retrieved from /home/airflow/.local/lib/python3.6/site-packages/airflow/example_dags/example_complex.py
[2022-07-30 22:05:13,130] {logging_mixin.py:104} INFO - [2022-07-30 22:05:13,130] {dag.py:1824} INFO - Sync 1 DAGs
[2022-07-30 22:05:13,155] {logging_mixin.py:104} INFO - [2022-07-30 22:05:13,155] {dag.py:2280} INFO - Setting next_dagrun for example_complex to None
[2022-07-30 22:05:13,176] {scheduler_job.py:190} INFO - Processing /home/airflow/.local/lib/python3.6/site-packages/airflow/example_dags/example_complex.py took 0.127 seconds
[2022-07-30 22:05:43,541] {scheduler_job.py:182} INFO - Started process (PID=572) to work on /home/airflow/.local/lib/python3.6/site-packages/airflow/example_dags/example_complex.py
[2022-07-30 22:05:43,544] {scheduler_job.py:629} INFO - Processing file /home/airflow/.local/lib/python3.6/site-packages/airflow/example_dags/example_complex.py for tasks to queue
[2022-07-30 22:05:43,546] {logging_mixin.py:104} INFO - [2022-07-30 22:05:43,545] {dagbag.py:451} INFO - Filling up the DagBag from /home/airflow/.local/lib/python3.6/site-packages/airflow/example_dags/example_complex.py
[2022-07-30 22:05:43,637] {scheduler_job.py:639} INFO - DAG(s) dict_keys(['example_complex']) retrieved from /home/airflow/.local/lib/python3.6/site-packages/airflow/example_dags/example_complex.py
[2022-07-30 22:05:43,749] {logging_mixin.py:104} INFO - [2022-07-30 22:05:43,749] {dag.py:1824} INFO - Sync 1 DAGs
[2022-07-30 22:05:43,815] {logging_mixin.py:104} INFO - [2022-07-30 22:05:43,815] {dag.py:2280} INFO - Setting next_dagrun for example_complex to None
[2022-07-30 22:05:43,861] {scheduler_job.py:190} INFO - Processing /home/airflow/.local/lib/python3.6/site-packages/airflow/example_dags/example_complex.py took 0.327 seconds
[2022-07-30 22:06:15,248] {scheduler_job.py:182} INFO - Started process (PID=597) to work on /home/airflow/.local/lib/python3.6/site-packages/airflow/example_dags/example_complex.py
[2022-07-30 22:06:15,251] {scheduler_job.py:629} INFO - Processing file /home/airflow/.local/lib/python3.6/site-packages/airflow/example_dags/example_complex.py for tasks to queue
[2022-07-30 22:06:15,253] {logging_mixin.py:104} INFO - [2022-07-30 22:06:15,253] {dagbag.py:451} INFO - Filling up the DagBag from /home/airflow/.local/lib/python3.6/site-packages/airflow/example_dags/example_complex.py
[2022-07-30 22:06:15,295] {scheduler_job.py:639} INFO - DAG(s) dict_keys(['example_complex']) retrieved from /home/airflow/.local/lib/python3.6/site-packages/airflow/example_dags/example_complex.py
[2022-07-30 22:06:15,345] {logging_mixin.py:104} INFO - [2022-07-30 22:06:15,345] {dag.py:1824} INFO - Sync 1 DAGs
[2022-07-30 22:06:15,376] {logging_mixin.py:104} INFO - [2022-07-30 22:06:15,376] {dag.py:2280} INFO - Setting next_dagrun for example_complex to None
[2022-07-30 22:06:15,403] {scheduler_job.py:190} INFO - Processing /home/airflow/.local/lib/python3.6/site-packages/airflow/example_dags/example_complex.py took 0.167 seconds
[2022-07-30 22:06:45,460] {scheduler_job.py:182} INFO - Started process (PID=621) to work on /home/airflow/.local/lib/python3.6/site-packages/airflow/example_dags/example_complex.py
[2022-07-30 22:06:45,463] {scheduler_job.py:629} INFO - Processing file /home/airflow/.local/lib/python3.6/site-packages/airflow/example_dags/example_complex.py for tasks to queue
[2022-07-30 22:06:45,465] {logging_mixin.py:104} INFO - [2022-07-30 22:06:45,464] {dagbag.py:451} INFO - Filling up the DagBag from /home/airflow/.local/lib/python3.6/site-packages/airflow/example_dags/example_complex.py
[2022-07-30 22:06:45,495] {scheduler_job.py:639} INFO - DAG(s) dict_keys(['example_complex']) retrieved from /home/airflow/.local/lib/python3.6/site-packages/airflow/example_dags/example_complex.py
[2022-07-30 22:06:45,535] {logging_mixin.py:104} INFO - [2022-07-30 22:06:45,535] {dag.py:1824} INFO - Sync 1 DAGs
[2022-07-30 22:06:45,557] {logging_mixin.py:104} INFO - [2022-07-30 22:06:45,557] {dag.py:2280} INFO - Setting next_dagrun for example_complex to None
[2022-07-30 22:06:45,572] {scheduler_job.py:190} INFO - Processing /home/airflow/.local/lib/python3.6/site-packages/airflow/example_dags/example_complex.py took 0.118 seconds
[2022-07-30 22:07:16,078] {scheduler_job.py:182} INFO - Started process (PID=647) to work on /home/airflow/.local/lib/python3.6/site-packages/airflow/example_dags/example_complex.py
[2022-07-30 22:07:16,081] {scheduler_job.py:629} INFO - Processing file /home/airflow/.local/lib/python3.6/site-packages/airflow/example_dags/example_complex.py for tasks to queue
[2022-07-30 22:07:16,083] {logging_mixin.py:104} INFO - [2022-07-30 22:07:16,083] {dagbag.py:451} INFO - Filling up the DagBag from /home/airflow/.local/lib/python3.6/site-packages/airflow/example_dags/example_complex.py
[2022-07-30 22:07:16,123] {scheduler_job.py:639} INFO - DAG(s) dict_keys(['example_complex']) retrieved from /home/airflow/.local/lib/python3.6/site-packages/airflow/example_dags/example_complex.py
[2022-07-30 22:07:16,168] {logging_mixin.py:104} INFO - [2022-07-30 22:07:16,167] {dag.py:1824} INFO - Sync 1 DAGs
[2022-07-30 22:07:16,192] {logging_mixin.py:104} INFO - [2022-07-30 22:07:16,192] {dag.py:2280} INFO - Setting next_dagrun for example_complex to None
[2022-07-30 22:07:16,223] {scheduler_job.py:190} INFO - Processing /home/airflow/.local/lib/python3.6/site-packages/airflow/example_dags/example_complex.py took 0.150 seconds
[2022-07-30 22:07:47,244] {scheduler_job.py:182} INFO - Started process (PID=675) to work on /home/airflow/.local/lib/python3.6/site-packages/airflow/example_dags/example_complex.py
[2022-07-30 22:07:47,247] {scheduler_job.py:629} INFO - Processing file /home/airflow/.local/lib/python3.6/site-packages/airflow/example_dags/example_complex.py for tasks to queue
[2022-07-30 22:07:47,249] {logging_mixin.py:104} INFO - [2022-07-30 22:07:47,249] {dagbag.py:451} INFO - Filling up the DagBag from /home/airflow/.local/lib/python3.6/site-packages/airflow/example_dags/example_complex.py
[2022-07-30 22:07:47,290] {scheduler_job.py:639} INFO - DAG(s) dict_keys(['example_complex']) retrieved from /home/airflow/.local/lib/python3.6/site-packages/airflow/example_dags/example_complex.py
[2022-07-30 22:07:47,336] {logging_mixin.py:104} INFO - [2022-07-30 22:07:47,336] {dag.py:1824} INFO - Sync 1 DAGs
[2022-07-30 22:07:47,365] {logging_mixin.py:104} INFO - [2022-07-30 22:07:47,365] {dag.py:2280} INFO - Setting next_dagrun for example_complex to None
[2022-07-30 22:07:47,401] {scheduler_job.py:190} INFO - Processing /home/airflow/.local/lib/python3.6/site-packages/airflow/example_dags/example_complex.py took 0.164 seconds
[2022-07-30 22:08:17,972] {scheduler_job.py:182} INFO - Started process (PID=701) to work on /home/airflow/.local/lib/python3.6/site-packages/airflow/example_dags/example_complex.py
[2022-07-30 22:08:17,975] {scheduler_job.py:629} INFO - Processing file /home/airflow/.local/lib/python3.6/site-packages/airflow/example_dags/example_complex.py for tasks to queue
[2022-07-30 22:08:17,976] {logging_mixin.py:104} INFO - [2022-07-30 22:08:17,976] {dagbag.py:451} INFO - Filling up the DagBag from /home/airflow/.local/lib/python3.6/site-packages/airflow/example_dags/example_complex.py
[2022-07-30 22:08:18,017] {scheduler_job.py:639} INFO - DAG(s) dict_keys(['example_complex']) retrieved from /home/airflow/.local/lib/python3.6/site-packages/airflow/example_dags/example_complex.py
[2022-07-30 22:08:18,079] {logging_mixin.py:104} INFO - [2022-07-30 22:08:18,078] {dag.py:1824} INFO - Sync 1 DAGs
[2022-07-30 22:08:18,103] {logging_mixin.py:104} INFO - [2022-07-30 22:08:18,103] {dag.py:2280} INFO - Setting next_dagrun for example_complex to None
[2022-07-30 22:08:18,124] {scheduler_job.py:190} INFO - Processing /home/airflow/.local/lib/python3.6/site-packages/airflow/example_dags/example_complex.py took 0.158 seconds
[2022-07-30 22:08:48,211] {scheduler_job.py:182} INFO - Started process (PID=726) to work on /home/airflow/.local/lib/python3.6/site-packages/airflow/example_dags/example_complex.py
[2022-07-30 22:08:48,213] {scheduler_job.py:629} INFO - Processing file /home/airflow/.local/lib/python3.6/site-packages/airflow/example_dags/example_complex.py for tasks to queue
[2022-07-30 22:08:48,215] {logging_mixin.py:104} INFO - [2022-07-30 22:08:48,215] {dagbag.py:451} INFO - Filling up the DagBag from /home/airflow/.local/lib/python3.6/site-packages/airflow/example_dags/example_complex.py
[2022-07-30 22:08:48,255] {scheduler_job.py:639} INFO - DAG(s) dict_keys(['example_complex']) retrieved from /home/airflow/.local/lib/python3.6/site-packages/airflow/example_dags/example_complex.py
[2022-07-30 22:08:48,299] {logging_mixin.py:104} INFO - [2022-07-30 22:08:48,299] {dag.py:1824} INFO - Sync 1 DAGs
[2022-07-30 22:08:48,328] {logging_mixin.py:104} INFO - [2022-07-30 22:08:48,328] {dag.py:2280} INFO - Setting next_dagrun for example_complex to None
[2022-07-30 22:08:48,349] {scheduler_job.py:190} INFO - Processing /home/airflow/.local/lib/python3.6/site-packages/airflow/example_dags/example_complex.py took 0.144 seconds
[2022-07-30 22:09:19,775] {scheduler_job.py:182} INFO - Started process (PID=753) to work on /home/airflow/.local/lib/python3.6/site-packages/airflow/example_dags/example_complex.py
[2022-07-30 22:09:19,785] {scheduler_job.py:629} INFO - Processing file /home/airflow/.local/lib/python3.6/site-packages/airflow/example_dags/example_complex.py for tasks to queue
[2022-07-30 22:09:19,789] {logging_mixin.py:104} INFO - [2022-07-30 22:09:19,789] {dagbag.py:451} INFO - Filling up the DagBag from /home/airflow/.local/lib/python3.6/site-packages/airflow/example_dags/example_complex.py
[2022-07-30 22:09:19,877] {scheduler_job.py:639} INFO - DAG(s) dict_keys(['example_complex']) retrieved from /home/airflow/.local/lib/python3.6/site-packages/airflow/example_dags/example_complex.py
[2022-07-30 22:09:19,992] {logging_mixin.py:104} INFO - [2022-07-30 22:09:19,992] {dag.py:1824} INFO - Sync 1 DAGs
[2022-07-30 22:09:20,089] {logging_mixin.py:104} INFO - [2022-07-30 22:09:20,088] {dag.py:2280} INFO - Setting next_dagrun for example_complex to None
[2022-07-30 22:09:20,120] {scheduler_job.py:190} INFO - Processing /home/airflow/.local/lib/python3.6/site-packages/airflow/example_dags/example_complex.py took 0.362 seconds
[2022-07-30 22:09:50,254] {scheduler_job.py:182} INFO - Started process (PID=779) to work on /home/airflow/.local/lib/python3.6/site-packages/airflow/example_dags/example_complex.py
[2022-07-30 22:09:50,257] {scheduler_job.py:629} INFO - Processing file /home/airflow/.local/lib/python3.6/site-packages/airflow/example_dags/example_complex.py for tasks to queue
[2022-07-30 22:09:50,258] {logging_mixin.py:104} INFO - [2022-07-30 22:09:50,258] {dagbag.py:451} INFO - Filling up the DagBag from /home/airflow/.local/lib/python3.6/site-packages/airflow/example_dags/example_complex.py
[2022-07-30 22:09:50,281] {scheduler_job.py:639} INFO - DAG(s) dict_keys(['example_complex']) retrieved from /home/airflow/.local/lib/python3.6/site-packages/airflow/example_dags/example_complex.py
[2022-07-30 22:09:50,323] {logging_mixin.py:104} INFO - [2022-07-30 22:09:50,323] {dag.py:1824} INFO - Sync 1 DAGs
[2022-07-30 22:09:50,344] {logging_mixin.py:104} INFO - [2022-07-30 22:09:50,344] {dag.py:2280} INFO - Setting next_dagrun for example_complex to None
[2022-07-30 22:09:50,360] {scheduler_job.py:190} INFO - Processing /home/airflow/.local/lib/python3.6/site-packages/airflow/example_dags/example_complex.py took 0.110 seconds
[2022-07-30 22:10:20,643] {scheduler_job.py:182} INFO - Started process (PID=803) to work on /home/airflow/.local/lib/python3.6/site-packages/airflow/example_dags/example_complex.py
[2022-07-30 22:10:20,645] {scheduler_job.py:629} INFO - Processing file /home/airflow/.local/lib/python3.6/site-packages/airflow/example_dags/example_complex.py for tasks to queue
[2022-07-30 22:10:20,647] {logging_mixin.py:104} INFO - [2022-07-30 22:10:20,647] {dagbag.py:451} INFO - Filling up the DagBag from /home/airflow/.local/lib/python3.6/site-packages/airflow/example_dags/example_complex.py
[2022-07-30 22:10:20,682] {scheduler_job.py:639} INFO - DAG(s) dict_keys(['example_complex']) retrieved from /home/airflow/.local/lib/python3.6/site-packages/airflow/example_dags/example_complex.py
[2022-07-30 22:10:20,744] {logging_mixin.py:104} INFO - [2022-07-30 22:10:20,744] {dag.py:1824} INFO - Sync 1 DAGs
[2022-07-30 22:10:20,765] {logging_mixin.py:104} INFO - [2022-07-30 22:10:20,765] {dag.py:2280} INFO - Setting next_dagrun for example_complex to None
[2022-07-30 22:10:20,789] {scheduler_job.py:190} INFO - Processing /home/airflow/.local/lib/python3.6/site-packages/airflow/example_dags/example_complex.py took 0.152 seconds
[2022-07-30 22:10:51,215] {scheduler_job.py:182} INFO - Started process (PID=829) to work on /home/airflow/.local/lib/python3.6/site-packages/airflow/example_dags/example_complex.py
[2022-07-30 22:10:51,217] {scheduler_job.py:629} INFO - Processing file /home/airflow/.local/lib/python3.6/site-packages/airflow/example_dags/example_complex.py for tasks to queue
[2022-07-30 22:10:51,219] {logging_mixin.py:104} INFO - [2022-07-30 22:10:51,219] {dagbag.py:451} INFO - Filling up the DagBag from /home/airflow/.local/lib/python3.6/site-packages/airflow/example_dags/example_complex.py
[2022-07-30 22:10:51,250] {scheduler_job.py:639} INFO - DAG(s) dict_keys(['example_complex']) retrieved from /home/airflow/.local/lib/python3.6/site-packages/airflow/example_dags/example_complex.py
[2022-07-30 22:10:51,294] {logging_mixin.py:104} INFO - [2022-07-30 22:10:51,294] {dag.py:1824} INFO - Sync 1 DAGs
[2022-07-30 22:10:51,314] {logging_mixin.py:104} INFO - [2022-07-30 22:10:51,313] {dag.py:2280} INFO - Setting next_dagrun for example_complex to None
[2022-07-30 22:10:51,329] {scheduler_job.py:190} INFO - Processing /home/airflow/.local/lib/python3.6/site-packages/airflow/example_dags/example_complex.py took 0.120 seconds
[2022-07-30 22:11:21,912] {scheduler_job.py:182} INFO - Started process (PID=855) to work on /home/airflow/.local/lib/python3.6/site-packages/airflow/example_dags/example_complex.py
[2022-07-30 22:11:21,914] {scheduler_job.py:629} INFO - Processing file /home/airflow/.local/lib/python3.6/site-packages/airflow/example_dags/example_complex.py for tasks to queue
[2022-07-30 22:11:21,915] {logging_mixin.py:104} INFO - [2022-07-30 22:11:21,915] {dagbag.py:451} INFO - Filling up the DagBag from /home/airflow/.local/lib/python3.6/site-packages/airflow/example_dags/example_complex.py
[2022-07-30 22:11:21,980] {scheduler_job.py:639} INFO - DAG(s) dict_keys(['example_complex']) retrieved from /home/airflow/.local/lib/python3.6/site-packages/airflow/example_dags/example_complex.py
[2022-07-30 22:11:22,056] {logging_mixin.py:104} INFO - [2022-07-30 22:11:22,056] {dag.py:1824} INFO - Sync 1 DAGs
[2022-07-30 22:11:22,085] {logging_mixin.py:104} INFO - [2022-07-30 22:11:22,084] {dag.py:2280} INFO - Setting next_dagrun for example_complex to None
[2022-07-30 22:11:22,104] {scheduler_job.py:190} INFO - Processing /home/airflow/.local/lib/python3.6/site-packages/airflow/example_dags/example_complex.py took 0.196 seconds
[2022-07-30 22:11:52,682] {scheduler_job.py:182} INFO - Started process (PID=881) to work on /home/airflow/.local/lib/python3.6/site-packages/airflow/example_dags/example_complex.py
[2022-07-30 22:11:52,685] {scheduler_job.py:629} INFO - Processing file /home/airflow/.local/lib/python3.6/site-packages/airflow/example_dags/example_complex.py for tasks to queue
[2022-07-30 22:11:52,687] {logging_mixin.py:104} INFO - [2022-07-30 22:11:52,687] {dagbag.py:451} INFO - Filling up the DagBag from /home/airflow/.local/lib/python3.6/site-packages/airflow/example_dags/example_complex.py
[2022-07-30 22:11:52,749] {scheduler_job.py:639} INFO - DAG(s) dict_keys(['example_complex']) retrieved from /home/airflow/.local/lib/python3.6/site-packages/airflow/example_dags/example_complex.py
[2022-07-30 22:11:52,800] {logging_mixin.py:104} INFO - [2022-07-30 22:11:52,800] {dag.py:1824} INFO - Sync 1 DAGs
[2022-07-30 22:11:52,824] {logging_mixin.py:104} INFO - [2022-07-30 22:11:52,824] {dag.py:2280} INFO - Setting next_dagrun for example_complex to None
[2022-07-30 22:11:52,842] {scheduler_job.py:190} INFO - Processing /home/airflow/.local/lib/python3.6/site-packages/airflow/example_dags/example_complex.py took 0.164 seconds
[2022-07-30 22:12:23,032] {scheduler_job.py:182} INFO - Started process (PID=907) to work on /home/airflow/.local/lib/python3.6/site-packages/airflow/example_dags/example_complex.py
[2022-07-30 22:12:23,034] {scheduler_job.py:629} INFO - Processing file /home/airflow/.local/lib/python3.6/site-packages/airflow/example_dags/example_complex.py for tasks to queue
[2022-07-30 22:12:23,035] {logging_mixin.py:104} INFO - [2022-07-30 22:12:23,035] {dagbag.py:451} INFO - Filling up the DagBag from /home/airflow/.local/lib/python3.6/site-packages/airflow/example_dags/example_complex.py
[2022-07-30 22:12:23,068] {scheduler_job.py:639} INFO - DAG(s) dict_keys(['example_complex']) retrieved from /home/airflow/.local/lib/python3.6/site-packages/airflow/example_dags/example_complex.py
[2022-07-30 22:12:23,135] {logging_mixin.py:104} INFO - [2022-07-30 22:12:23,135] {dag.py:1824} INFO - Sync 1 DAGs
[2022-07-30 22:12:23,174] {logging_mixin.py:104} INFO - [2022-07-30 22:12:23,173] {dag.py:2280} INFO - Setting next_dagrun for example_complex to None
[2022-07-30 22:12:23,196] {scheduler_job.py:190} INFO - Processing /home/airflow/.local/lib/python3.6/site-packages/airflow/example_dags/example_complex.py took 0.169 seconds
[2022-07-30 22:12:53,450] {scheduler_job.py:182} INFO - Started process (PID=933) to work on /home/airflow/.local/lib/python3.6/site-packages/airflow/example_dags/example_complex.py
[2022-07-30 22:12:53,452] {scheduler_job.py:629} INFO - Processing file /home/airflow/.local/lib/python3.6/site-packages/airflow/example_dags/example_complex.py for tasks to queue
[2022-07-30 22:12:53,454] {logging_mixin.py:104} INFO - [2022-07-30 22:12:53,454] {dagbag.py:451} INFO - Filling up the DagBag from /home/airflow/.local/lib/python3.6/site-packages/airflow/example_dags/example_complex.py
[2022-07-30 22:12:53,485] {scheduler_job.py:639} INFO - DAG(s) dict_keys(['example_complex']) retrieved from /home/airflow/.local/lib/python3.6/site-packages/airflow/example_dags/example_complex.py
[2022-07-30 22:12:53,530] {logging_mixin.py:104} INFO - [2022-07-30 22:12:53,529] {dag.py:1824} INFO - Sync 1 DAGs
[2022-07-30 22:12:53,554] {logging_mixin.py:104} INFO - [2022-07-30 22:12:53,554] {dag.py:2280} INFO - Setting next_dagrun for example_complex to None
[2022-07-30 22:12:53,588] {scheduler_job.py:190} INFO - Processing /home/airflow/.local/lib/python3.6/site-packages/airflow/example_dags/example_complex.py took 0.143 seconds
[2022-07-30 22:13:23,966] {scheduler_job.py:182} INFO - Started process (PID=957) to work on /home/airflow/.local/lib/python3.6/site-packages/airflow/example_dags/example_complex.py
[2022-07-30 22:13:23,974] {scheduler_job.py:629} INFO - Processing file /home/airflow/.local/lib/python3.6/site-packages/airflow/example_dags/example_complex.py for tasks to queue
[2022-07-30 22:13:23,978] {logging_mixin.py:104} INFO - [2022-07-30 22:13:23,977] {dagbag.py:451} INFO - Filling up the DagBag from /home/airflow/.local/lib/python3.6/site-packages/airflow/example_dags/example_complex.py
[2022-07-30 22:13:24,045] {scheduler_job.py:639} INFO - DAG(s) dict_keys(['example_complex']) retrieved from /home/airflow/.local/lib/python3.6/site-packages/airflow/example_dags/example_complex.py
[2022-07-30 22:13:24,146] {logging_mixin.py:104} INFO - [2022-07-30 22:13:24,146] {dag.py:1824} INFO - Sync 1 DAGs
[2022-07-30 22:13:24,189] {logging_mixin.py:104} INFO - [2022-07-30 22:13:24,188] {dag.py:2280} INFO - Setting next_dagrun for example_complex to None
[2022-07-30 22:13:24,217] {scheduler_job.py:190} INFO - Processing /home/airflow/.local/lib/python3.6/site-packages/airflow/example_dags/example_complex.py took 0.257 seconds
[2022-07-30 22:13:54,394] {scheduler_job.py:182} INFO - Started process (PID=983) to work on /home/airflow/.local/lib/python3.6/site-packages/airflow/example_dags/example_complex.py
[2022-07-30 22:13:54,402] {scheduler_job.py:629} INFO - Processing file /home/airflow/.local/lib/python3.6/site-packages/airflow/example_dags/example_complex.py for tasks to queue
[2022-07-30 22:13:54,405] {logging_mixin.py:104} INFO - [2022-07-30 22:13:54,405] {dagbag.py:451} INFO - Filling up the DagBag from /home/airflow/.local/lib/python3.6/site-packages/airflow/example_dags/example_complex.py
[2022-07-30 22:13:54,455] {scheduler_job.py:639} INFO - DAG(s) dict_keys(['example_complex']) retrieved from /home/airflow/.local/lib/python3.6/site-packages/airflow/example_dags/example_complex.py
[2022-07-30 22:13:54,517] {logging_mixin.py:104} INFO - [2022-07-30 22:13:54,516] {dag.py:1824} INFO - Sync 1 DAGs
[2022-07-30 22:13:54,543] {logging_mixin.py:104} INFO - [2022-07-30 22:13:54,543] {dag.py:2280} INFO - Setting next_dagrun for example_complex to None
[2022-07-30 22:13:54,560] {scheduler_job.py:190} INFO - Processing /home/airflow/.local/lib/python3.6/site-packages/airflow/example_dags/example_complex.py took 0.175 seconds
[2022-07-30 22:14:25,090] {scheduler_job.py:182} INFO - Started process (PID=1009) to work on /home/airflow/.local/lib/python3.6/site-packages/airflow/example_dags/example_complex.py
[2022-07-30 22:14:25,092] {scheduler_job.py:629} INFO - Processing file /home/airflow/.local/lib/python3.6/site-packages/airflow/example_dags/example_complex.py for tasks to queue
[2022-07-30 22:14:25,094] {logging_mixin.py:104} INFO - [2022-07-30 22:14:25,093] {dagbag.py:451} INFO - Filling up the DagBag from /home/airflow/.local/lib/python3.6/site-packages/airflow/example_dags/example_complex.py
[2022-07-30 22:14:25,130] {scheduler_job.py:639} INFO - DAG(s) dict_keys(['example_complex']) retrieved from /home/airflow/.local/lib/python3.6/site-packages/airflow/example_dags/example_complex.py
[2022-07-30 22:14:25,188] {logging_mixin.py:104} INFO - [2022-07-30 22:14:25,188] {dag.py:1824} INFO - Sync 1 DAGs
[2022-07-30 22:14:25,219] {logging_mixin.py:104} INFO - [2022-07-30 22:14:25,219] {dag.py:2280} INFO - Setting next_dagrun for example_complex to None
[2022-07-30 22:14:25,244] {scheduler_job.py:190} INFO - Processing /home/airflow/.local/lib/python3.6/site-packages/airflow/example_dags/example_complex.py took 0.160 seconds
[2022-07-30 22:14:55,353] {scheduler_job.py:182} INFO - Started process (PID=1034) to work on /home/airflow/.local/lib/python3.6/site-packages/airflow/example_dags/example_complex.py
[2022-07-30 22:14:55,356] {scheduler_job.py:629} INFO - Processing file /home/airflow/.local/lib/python3.6/site-packages/airflow/example_dags/example_complex.py for tasks to queue
[2022-07-30 22:14:55,357] {logging_mixin.py:104} INFO - [2022-07-30 22:14:55,357] {dagbag.py:451} INFO - Filling up the DagBag from /home/airflow/.local/lib/python3.6/site-packages/airflow/example_dags/example_complex.py
[2022-07-30 22:14:55,393] {scheduler_job.py:639} INFO - DAG(s) dict_keys(['example_complex']) retrieved from /home/airflow/.local/lib/python3.6/site-packages/airflow/example_dags/example_complex.py
[2022-07-30 22:14:55,445] {logging_mixin.py:104} INFO - [2022-07-30 22:14:55,444] {dag.py:1824} INFO - Sync 1 DAGs
[2022-07-30 22:14:55,477] {logging_mixin.py:104} INFO - [2022-07-30 22:14:55,476] {dag.py:2280} INFO - Setting next_dagrun for example_complex to None
[2022-07-30 22:14:55,495] {scheduler_job.py:190} INFO - Processing /home/airflow/.local/lib/python3.6/site-packages/airflow/example_dags/example_complex.py took 0.147 seconds
[2022-07-30 22:15:26,218] {scheduler_job.py:182} INFO - Started process (PID=1061) to work on /home/airflow/.local/lib/python3.6/site-packages/airflow/example_dags/example_complex.py
[2022-07-30 22:15:26,221] {scheduler_job.py:629} INFO - Processing file /home/airflow/.local/lib/python3.6/site-packages/airflow/example_dags/example_complex.py for tasks to queue
[2022-07-30 22:15:26,223] {logging_mixin.py:104} INFO - [2022-07-30 22:15:26,223] {dagbag.py:451} INFO - Filling up the DagBag from /home/airflow/.local/lib/python3.6/site-packages/airflow/example_dags/example_complex.py
[2022-07-30 22:15:26,279] {scheduler_job.py:639} INFO - DAG(s) dict_keys(['example_complex']) retrieved from /home/airflow/.local/lib/python3.6/site-packages/airflow/example_dags/example_complex.py
[2022-07-30 22:15:26,353] {logging_mixin.py:104} INFO - [2022-07-30 22:15:26,352] {dag.py:1824} INFO - Sync 1 DAGs
[2022-07-30 22:15:26,389] {logging_mixin.py:104} INFO - [2022-07-30 22:15:26,389] {dag.py:2280} INFO - Setting next_dagrun for example_complex to None
[2022-07-30 22:15:26,419] {scheduler_job.py:190} INFO - Processing /home/airflow/.local/lib/python3.6/site-packages/airflow/example_dags/example_complex.py took 0.216 seconds
[2022-07-30 22:15:56,632] {scheduler_job.py:182} INFO - Started process (PID=1087) to work on /home/airflow/.local/lib/python3.6/site-packages/airflow/example_dags/example_complex.py
[2022-07-30 22:15:56,635] {scheduler_job.py:629} INFO - Processing file /home/airflow/.local/lib/python3.6/site-packages/airflow/example_dags/example_complex.py for tasks to queue
[2022-07-30 22:15:56,639] {logging_mixin.py:104} INFO - [2022-07-30 22:15:56,639] {dagbag.py:451} INFO - Filling up the DagBag from /home/airflow/.local/lib/python3.6/site-packages/airflow/example_dags/example_complex.py
[2022-07-30 22:15:56,688] {scheduler_job.py:639} INFO - DAG(s) dict_keys(['example_complex']) retrieved from /home/airflow/.local/lib/python3.6/site-packages/airflow/example_dags/example_complex.py
[2022-07-30 22:15:56,741] {logging_mixin.py:104} INFO - [2022-07-30 22:15:56,740] {dag.py:1824} INFO - Sync 1 DAGs
[2022-07-30 22:15:56,770] {logging_mixin.py:104} INFO - [2022-07-30 22:15:56,770] {dag.py:2280} INFO - Setting next_dagrun for example_complex to None
[2022-07-30 22:15:56,794] {scheduler_job.py:190} INFO - Processing /home/airflow/.local/lib/python3.6/site-packages/airflow/example_dags/example_complex.py took 0.167 seconds
[2022-07-30 22:16:26,968] {scheduler_job.py:182} INFO - Started process (PID=1113) to work on /home/airflow/.local/lib/python3.6/site-packages/airflow/example_dags/example_complex.py
[2022-07-30 22:16:26,971] {scheduler_job.py:629} INFO - Processing file /home/airflow/.local/lib/python3.6/site-packages/airflow/example_dags/example_complex.py for tasks to queue
[2022-07-30 22:16:26,975] {logging_mixin.py:104} INFO - [2022-07-30 22:16:26,973] {dagbag.py:451} INFO - Filling up the DagBag from /home/airflow/.local/lib/python3.6/site-packages/airflow/example_dags/example_complex.py
[2022-07-30 22:16:27,026] {scheduler_job.py:639} INFO - DAG(s) dict_keys(['example_complex']) retrieved from /home/airflow/.local/lib/python3.6/site-packages/airflow/example_dags/example_complex.py
[2022-07-30 22:16:27,093] {logging_mixin.py:104} INFO - [2022-07-30 22:16:27,092] {dag.py:1824} INFO - Sync 1 DAGs
[2022-07-30 22:16:27,122] {logging_mixin.py:104} INFO - [2022-07-30 22:16:27,122] {dag.py:2280} INFO - Setting next_dagrun for example_complex to None
[2022-07-30 22:16:27,152] {scheduler_job.py:190} INFO - Processing /home/airflow/.local/lib/python3.6/site-packages/airflow/example_dags/example_complex.py took 0.192 seconds
[2022-07-30 22:16:57,200] {scheduler_job.py:182} INFO - Started process (PID=1138) to work on /home/airflow/.local/lib/python3.6/site-packages/airflow/example_dags/example_complex.py
[2022-07-30 22:16:57,203] {scheduler_job.py:629} INFO - Processing file /home/airflow/.local/lib/python3.6/site-packages/airflow/example_dags/example_complex.py for tasks to queue
[2022-07-30 22:16:57,205] {logging_mixin.py:104} INFO - [2022-07-30 22:16:57,204] {dagbag.py:451} INFO - Filling up the DagBag from /home/airflow/.local/lib/python3.6/site-packages/airflow/example_dags/example_complex.py
[2022-07-30 22:16:57,242] {scheduler_job.py:639} INFO - DAG(s) dict_keys(['example_complex']) retrieved from /home/airflow/.local/lib/python3.6/site-packages/airflow/example_dags/example_complex.py
[2022-07-30 22:16:57,294] {logging_mixin.py:104} INFO - [2022-07-30 22:16:57,294] {dag.py:1824} INFO - Sync 1 DAGs
[2022-07-30 22:16:57,328] {logging_mixin.py:104} INFO - [2022-07-30 22:16:57,328] {dag.py:2280} INFO - Setting next_dagrun for example_complex to None
[2022-07-30 22:16:57,351] {scheduler_job.py:190} INFO - Processing /home/airflow/.local/lib/python3.6/site-packages/airflow/example_dags/example_complex.py took 0.157 seconds
[2022-07-30 22:17:28,935] {scheduler_job.py:182} INFO - Started process (PID=1168) to work on /home/airflow/.local/lib/python3.6/site-packages/airflow/example_dags/example_complex.py
[2022-07-30 22:17:28,939] {scheduler_job.py:629} INFO - Processing file /home/airflow/.local/lib/python3.6/site-packages/airflow/example_dags/example_complex.py for tasks to queue
[2022-07-30 22:17:28,941] {logging_mixin.py:104} INFO - [2022-07-30 22:17:28,941] {dagbag.py:451} INFO - Filling up the DagBag from /home/airflow/.local/lib/python3.6/site-packages/airflow/example_dags/example_complex.py
[2022-07-30 22:17:28,971] {scheduler_job.py:639} INFO - DAG(s) dict_keys(['example_complex']) retrieved from /home/airflow/.local/lib/python3.6/site-packages/airflow/example_dags/example_complex.py
[2022-07-30 22:17:29,018] {logging_mixin.py:104} INFO - [2022-07-30 22:17:29,017] {dag.py:1824} INFO - Sync 1 DAGs
[2022-07-30 22:17:29,042] {logging_mixin.py:104} INFO - [2022-07-30 22:17:29,042] {dag.py:2280} INFO - Setting next_dagrun for example_complex to None
[2022-07-30 22:17:29,066] {scheduler_job.py:190} INFO - Processing /home/airflow/.local/lib/python3.6/site-packages/airflow/example_dags/example_complex.py took 0.136 seconds
[2022-07-30 22:17:59,374] {scheduler_job.py:182} INFO - Started process (PID=1193) to work on /home/airflow/.local/lib/python3.6/site-packages/airflow/example_dags/example_complex.py
[2022-07-30 22:17:59,376] {scheduler_job.py:629} INFO - Processing file /home/airflow/.local/lib/python3.6/site-packages/airflow/example_dags/example_complex.py for tasks to queue
[2022-07-30 22:17:59,378] {logging_mixin.py:104} INFO - [2022-07-30 22:17:59,378] {dagbag.py:451} INFO - Filling up the DagBag from /home/airflow/.local/lib/python3.6/site-packages/airflow/example_dags/example_complex.py
[2022-07-30 22:17:59,434] {scheduler_job.py:639} INFO - DAG(s) dict_keys(['example_complex']) retrieved from /home/airflow/.local/lib/python3.6/site-packages/airflow/example_dags/example_complex.py
[2022-07-30 22:17:59,514] {logging_mixin.py:104} INFO - [2022-07-30 22:17:59,514] {dag.py:1824} INFO - Sync 1 DAGs
[2022-07-30 22:17:59,547] {logging_mixin.py:104} INFO - [2022-07-30 22:17:59,547] {dag.py:2280} INFO - Setting next_dagrun for example_complex to None
[2022-07-30 22:17:59,568] {scheduler_job.py:190} INFO - Processing /home/airflow/.local/lib/python3.6/site-packages/airflow/example_dags/example_complex.py took 0.202 seconds
[2022-07-30 22:18:30,586] {scheduler_job.py:182} INFO - Started process (PID=1220) to work on /home/airflow/.local/lib/python3.6/site-packages/airflow/example_dags/example_complex.py
[2022-07-30 22:18:30,589] {scheduler_job.py:629} INFO - Processing file /home/airflow/.local/lib/python3.6/site-packages/airflow/example_dags/example_complex.py for tasks to queue
[2022-07-30 22:18:30,591] {logging_mixin.py:104} INFO - [2022-07-30 22:18:30,590] {dagbag.py:451} INFO - Filling up the DagBag from /home/airflow/.local/lib/python3.6/site-packages/airflow/example_dags/example_complex.py
[2022-07-30 22:18:30,622] {scheduler_job.py:639} INFO - DAG(s) dict_keys(['example_complex']) retrieved from /home/airflow/.local/lib/python3.6/site-packages/airflow/example_dags/example_complex.py
[2022-07-30 22:18:30,667] {logging_mixin.py:104} INFO - [2022-07-30 22:18:30,667] {dag.py:1824} INFO - Sync 1 DAGs
[2022-07-30 22:18:30,691] {logging_mixin.py:104} INFO - [2022-07-30 22:18:30,691] {dag.py:2280} INFO - Setting next_dagrun for example_complex to None
[2022-07-30 22:18:30,721] {scheduler_job.py:190} INFO - Processing /home/airflow/.local/lib/python3.6/site-packages/airflow/example_dags/example_complex.py took 0.141 seconds
[2022-07-30 22:19:01,093] {scheduler_job.py:182} INFO - Started process (PID=1245) to work on /home/airflow/.local/lib/python3.6/site-packages/airflow/example_dags/example_complex.py
[2022-07-30 22:19:01,096] {scheduler_job.py:629} INFO - Processing file /home/airflow/.local/lib/python3.6/site-packages/airflow/example_dags/example_complex.py for tasks to queue
[2022-07-30 22:19:01,098] {logging_mixin.py:104} INFO - [2022-07-30 22:19:01,097] {dagbag.py:451} INFO - Filling up the DagBag from /home/airflow/.local/lib/python3.6/site-packages/airflow/example_dags/example_complex.py
[2022-07-30 22:19:01,164] {scheduler_job.py:639} INFO - DAG(s) dict_keys(['example_complex']) retrieved from /home/airflow/.local/lib/python3.6/site-packages/airflow/example_dags/example_complex.py
[2022-07-30 22:19:01,218] {logging_mixin.py:104} INFO - [2022-07-30 22:19:01,217] {dag.py:1824} INFO - Sync 1 DAGs
[2022-07-30 22:19:01,246] {logging_mixin.py:104} INFO - [2022-07-30 22:19:01,246] {dag.py:2280} INFO - Setting next_dagrun for example_complex to None
[2022-07-30 22:19:01,269] {scheduler_job.py:190} INFO - Processing /home/airflow/.local/lib/python3.6/site-packages/airflow/example_dags/example_complex.py took 0.181 seconds
[2022-07-30 22:19:31,423] {scheduler_job.py:182} INFO - Started process (PID=1271) to work on /home/airflow/.local/lib/python3.6/site-packages/airflow/example_dags/example_complex.py
[2022-07-30 22:19:31,425] {scheduler_job.py:629} INFO - Processing file /home/airflow/.local/lib/python3.6/site-packages/airflow/example_dags/example_complex.py for tasks to queue
[2022-07-30 22:19:31,436] {logging_mixin.py:104} INFO - [2022-07-30 22:19:31,436] {dagbag.py:451} INFO - Filling up the DagBag from /home/airflow/.local/lib/python3.6/site-packages/airflow/example_dags/example_complex.py
[2022-07-30 22:19:31,488] {scheduler_job.py:639} INFO - DAG(s) dict_keys(['example_complex']) retrieved from /home/airflow/.local/lib/python3.6/site-packages/airflow/example_dags/example_complex.py
[2022-07-30 22:19:31,544] {logging_mixin.py:104} INFO - [2022-07-30 22:19:31,543] {dag.py:1824} INFO - Sync 1 DAGs
[2022-07-30 22:19:31,572] {logging_mixin.py:104} INFO - [2022-07-30 22:19:31,572] {dag.py:2280} INFO - Setting next_dagrun for example_complex to None
[2022-07-30 22:19:31,616] {scheduler_job.py:190} INFO - Processing /home/airflow/.local/lib/python3.6/site-packages/airflow/example_dags/example_complex.py took 0.199 seconds
[2022-07-30 22:20:01,986] {scheduler_job.py:182} INFO - Started process (PID=1296) to work on /home/airflow/.local/lib/python3.6/site-packages/airflow/example_dags/example_complex.py
[2022-07-30 22:20:01,991] {scheduler_job.py:629} INFO - Processing file /home/airflow/.local/lib/python3.6/site-packages/airflow/example_dags/example_complex.py for tasks to queue
[2022-07-30 22:20:01,993] {logging_mixin.py:104} INFO - [2022-07-30 22:20:01,993] {dagbag.py:451} INFO - Filling up the DagBag from /home/airflow/.local/lib/python3.6/site-packages/airflow/example_dags/example_complex.py
[2022-07-30 22:20:02,036] {scheduler_job.py:639} INFO - DAG(s) dict_keys(['example_complex']) retrieved from /home/airflow/.local/lib/python3.6/site-packages/airflow/example_dags/example_complex.py
[2022-07-30 22:20:02,094] {logging_mixin.py:104} INFO - [2022-07-30 22:20:02,093] {dag.py:1824} INFO - Sync 1 DAGs
[2022-07-30 22:20:02,134] {logging_mixin.py:104} INFO - [2022-07-30 22:20:02,133] {dag.py:2280} INFO - Setting next_dagrun for example_complex to None
[2022-07-30 22:20:02,166] {scheduler_job.py:190} INFO - Processing /home/airflow/.local/lib/python3.6/site-packages/airflow/example_dags/example_complex.py took 0.186 seconds
[2022-07-30 22:20:33,375] {scheduler_job.py:182} INFO - Started process (PID=1321) to work on /home/airflow/.local/lib/python3.6/site-packages/airflow/example_dags/example_complex.py
[2022-07-30 22:20:33,380] {scheduler_job.py:629} INFO - Processing file /home/airflow/.local/lib/python3.6/site-packages/airflow/example_dags/example_complex.py for tasks to queue
[2022-07-30 22:20:33,385] {logging_mixin.py:104} INFO - [2022-07-30 22:20:33,385] {dagbag.py:451} INFO - Filling up the DagBag from /home/airflow/.local/lib/python3.6/site-packages/airflow/example_dags/example_complex.py
[2022-07-30 22:20:33,489] {scheduler_job.py:639} INFO - DAG(s) dict_keys(['example_complex']) retrieved from /home/airflow/.local/lib/python3.6/site-packages/airflow/example_dags/example_complex.py
[2022-07-30 22:20:33,662] {logging_mixin.py:104} INFO - [2022-07-30 22:20:33,662] {dag.py:1824} INFO - Sync 1 DAGs
[2022-07-30 22:20:33,783] {logging_mixin.py:104} INFO - [2022-07-30 22:20:33,782] {dag.py:2280} INFO - Setting next_dagrun for example_complex to None
[2022-07-30 22:20:33,920] {scheduler_job.py:190} INFO - Processing /home/airflow/.local/lib/python3.6/site-packages/airflow/example_dags/example_complex.py took 0.550 seconds
[2022-07-30 22:21:04,609] {scheduler_job.py:182} INFO - Started process (PID=1347) to work on /home/airflow/.local/lib/python3.6/site-packages/airflow/example_dags/example_complex.py
[2022-07-30 22:21:04,612] {scheduler_job.py:629} INFO - Processing file /home/airflow/.local/lib/python3.6/site-packages/airflow/example_dags/example_complex.py for tasks to queue
[2022-07-30 22:21:04,625] {logging_mixin.py:104} INFO - [2022-07-30 22:21:04,624] {dagbag.py:451} INFO - Filling up the DagBag from /home/airflow/.local/lib/python3.6/site-packages/airflow/example_dags/example_complex.py
[2022-07-30 22:21:04,706] {scheduler_job.py:639} INFO - DAG(s) dict_keys(['example_complex']) retrieved from /home/airflow/.local/lib/python3.6/site-packages/airflow/example_dags/example_complex.py
[2022-07-30 22:21:04,772] {logging_mixin.py:104} INFO - [2022-07-30 22:21:04,772] {dag.py:1824} INFO - Sync 1 DAGs
[2022-07-30 22:21:04,815] {logging_mixin.py:104} INFO - [2022-07-30 22:21:04,815] {dag.py:2280} INFO - Setting next_dagrun for example_complex to None
[2022-07-30 22:21:04,891] {scheduler_job.py:190} INFO - Processing /home/airflow/.local/lib/python3.6/site-packages/airflow/example_dags/example_complex.py took 0.290 seconds
[2022-07-30 22:21:35,725] {scheduler_job.py:182} INFO - Started process (PID=1373) to work on /home/airflow/.local/lib/python3.6/site-packages/airflow/example_dags/example_complex.py
[2022-07-30 22:21:35,727] {scheduler_job.py:629} INFO - Processing file /home/airflow/.local/lib/python3.6/site-packages/airflow/example_dags/example_complex.py for tasks to queue
[2022-07-30 22:21:35,728] {logging_mixin.py:104} INFO - [2022-07-30 22:21:35,728] {dagbag.py:451} INFO - Filling up the DagBag from /home/airflow/.local/lib/python3.6/site-packages/airflow/example_dags/example_complex.py
[2022-07-30 22:21:35,760] {scheduler_job.py:639} INFO - DAG(s) dict_keys(['example_complex']) retrieved from /home/airflow/.local/lib/python3.6/site-packages/airflow/example_dags/example_complex.py
[2022-07-30 22:21:35,849] {logging_mixin.py:104} INFO - [2022-07-30 22:21:35,849] {dag.py:1824} INFO - Sync 1 DAGs
[2022-07-30 22:21:35,891] {logging_mixin.py:104} INFO - [2022-07-30 22:21:35,891] {dag.py:2280} INFO - Setting next_dagrun for example_complex to None
[2022-07-30 22:21:35,911] {scheduler_job.py:190} INFO - Processing /home/airflow/.local/lib/python3.6/site-packages/airflow/example_dags/example_complex.py took 0.194 seconds
[2022-07-30 22:22:06,180] {scheduler_job.py:182} INFO - Started process (PID=1399) to work on /home/airflow/.local/lib/python3.6/site-packages/airflow/example_dags/example_complex.py
[2022-07-30 22:22:06,182] {scheduler_job.py:629} INFO - Processing file /home/airflow/.local/lib/python3.6/site-packages/airflow/example_dags/example_complex.py for tasks to queue
[2022-07-30 22:22:06,184] {logging_mixin.py:104} INFO - [2022-07-30 22:22:06,184] {dagbag.py:451} INFO - Filling up the DagBag from /home/airflow/.local/lib/python3.6/site-packages/airflow/example_dags/example_complex.py
[2022-07-30 22:22:06,214] {scheduler_job.py:639} INFO - DAG(s) dict_keys(['example_complex']) retrieved from /home/airflow/.local/lib/python3.6/site-packages/airflow/example_dags/example_complex.py
[2022-07-30 22:22:06,256] {logging_mixin.py:104} INFO - [2022-07-30 22:22:06,256] {dag.py:1824} INFO - Sync 1 DAGs
[2022-07-30 22:22:06,278] {logging_mixin.py:104} INFO - [2022-07-30 22:22:06,278] {dag.py:2280} INFO - Setting next_dagrun for example_complex to None
[2022-07-30 22:22:06,296] {scheduler_job.py:190} INFO - Processing /home/airflow/.local/lib/python3.6/site-packages/airflow/example_dags/example_complex.py took 0.121 seconds
[2022-07-30 22:22:36,780] {scheduler_job.py:182} INFO - Started process (PID=1425) to work on /home/airflow/.local/lib/python3.6/site-packages/airflow/example_dags/example_complex.py
[2022-07-30 22:22:36,783] {scheduler_job.py:629} INFO - Processing file /home/airflow/.local/lib/python3.6/site-packages/airflow/example_dags/example_complex.py for tasks to queue
[2022-07-30 22:22:36,784] {logging_mixin.py:104} INFO - [2022-07-30 22:22:36,784] {dagbag.py:451} INFO - Filling up the DagBag from /home/airflow/.local/lib/python3.6/site-packages/airflow/example_dags/example_complex.py
[2022-07-30 22:22:36,814] {scheduler_job.py:639} INFO - DAG(s) dict_keys(['example_complex']) retrieved from /home/airflow/.local/lib/python3.6/site-packages/airflow/example_dags/example_complex.py
[2022-07-30 22:22:36,853] {logging_mixin.py:104} INFO - [2022-07-30 22:22:36,853] {dag.py:1824} INFO - Sync 1 DAGs
[2022-07-30 22:22:36,879] {logging_mixin.py:104} INFO - [2022-07-30 22:22:36,879] {dag.py:2280} INFO - Setting next_dagrun for example_complex to None
[2022-07-30 22:22:36,895] {scheduler_job.py:190} INFO - Processing /home/airflow/.local/lib/python3.6/site-packages/airflow/example_dags/example_complex.py took 0.119 seconds
[2022-07-30 22:23:07,012] {scheduler_job.py:182} INFO - Started process (PID=1451) to work on /home/airflow/.local/lib/python3.6/site-packages/airflow/example_dags/example_complex.py
[2022-07-30 22:23:07,015] {scheduler_job.py:629} INFO - Processing file /home/airflow/.local/lib/python3.6/site-packages/airflow/example_dags/example_complex.py for tasks to queue
[2022-07-30 22:23:07,016] {logging_mixin.py:104} INFO - [2022-07-30 22:23:07,016] {dagbag.py:451} INFO - Filling up the DagBag from /home/airflow/.local/lib/python3.6/site-packages/airflow/example_dags/example_complex.py
[2022-07-30 22:23:07,044] {scheduler_job.py:639} INFO - DAG(s) dict_keys(['example_complex']) retrieved from /home/airflow/.local/lib/python3.6/site-packages/airflow/example_dags/example_complex.py
[2022-07-30 22:23:07,093] {logging_mixin.py:104} INFO - [2022-07-30 22:23:07,093] {dag.py:1824} INFO - Sync 1 DAGs
[2022-07-30 22:23:07,128] {logging_mixin.py:104} INFO - [2022-07-30 22:23:07,128] {dag.py:2280} INFO - Setting next_dagrun for example_complex to None
[2022-07-30 22:23:07,148] {scheduler_job.py:190} INFO - Processing /home/airflow/.local/lib/python3.6/site-packages/airflow/example_dags/example_complex.py took 0.140 seconds
[2022-07-30 22:23:37,793] {scheduler_job.py:182} INFO - Started process (PID=1477) to work on /home/airflow/.local/lib/python3.6/site-packages/airflow/example_dags/example_complex.py
[2022-07-30 22:23:37,795] {scheduler_job.py:629} INFO - Processing file /home/airflow/.local/lib/python3.6/site-packages/airflow/example_dags/example_complex.py for tasks to queue
[2022-07-30 22:23:37,796] {logging_mixin.py:104} INFO - [2022-07-30 22:23:37,796] {dagbag.py:451} INFO - Filling up the DagBag from /home/airflow/.local/lib/python3.6/site-packages/airflow/example_dags/example_complex.py
[2022-07-30 22:23:37,824] {scheduler_job.py:639} INFO - DAG(s) dict_keys(['example_complex']) retrieved from /home/airflow/.local/lib/python3.6/site-packages/airflow/example_dags/example_complex.py
[2022-07-30 22:23:37,870] {logging_mixin.py:104} INFO - [2022-07-30 22:23:37,870] {dag.py:1824} INFO - Sync 1 DAGs
[2022-07-30 22:23:37,902] {logging_mixin.py:104} INFO - [2022-07-30 22:23:37,902] {dag.py:2280} INFO - Setting next_dagrun for example_complex to None
[2022-07-30 22:23:37,936] {scheduler_job.py:190} INFO - Processing /home/airflow/.local/lib/python3.6/site-packages/airflow/example_dags/example_complex.py took 0.148 seconds
[2022-07-30 22:24:08,551] {scheduler_job.py:182} INFO - Started process (PID=1503) to work on /home/airflow/.local/lib/python3.6/site-packages/airflow/example_dags/example_complex.py
[2022-07-30 22:24:08,555] {scheduler_job.py:629} INFO - Processing file /home/airflow/.local/lib/python3.6/site-packages/airflow/example_dags/example_complex.py for tasks to queue
[2022-07-30 22:24:08,557] {logging_mixin.py:104} INFO - [2022-07-30 22:24:08,557] {dagbag.py:451} INFO - Filling up the DagBag from /home/airflow/.local/lib/python3.6/site-packages/airflow/example_dags/example_complex.py
[2022-07-30 22:24:08,597] {scheduler_job.py:639} INFO - DAG(s) dict_keys(['example_complex']) retrieved from /home/airflow/.local/lib/python3.6/site-packages/airflow/example_dags/example_complex.py
[2022-07-30 22:24:08,639] {logging_mixin.py:104} INFO - [2022-07-30 22:24:08,639] {dag.py:1824} INFO - Sync 1 DAGs
[2022-07-30 22:24:08,661] {logging_mixin.py:104} INFO - [2022-07-30 22:24:08,660] {dag.py:2280} INFO - Setting next_dagrun for example_complex to None
[2022-07-30 22:24:08,679] {scheduler_job.py:190} INFO - Processing /home/airflow/.local/lib/python3.6/site-packages/airflow/example_dags/example_complex.py took 0.136 seconds
[2022-07-30 22:24:38,863] {scheduler_job.py:182} INFO - Started process (PID=1529) to work on /home/airflow/.local/lib/python3.6/site-packages/airflow/example_dags/example_complex.py
[2022-07-30 22:24:38,866] {scheduler_job.py:629} INFO - Processing file /home/airflow/.local/lib/python3.6/site-packages/airflow/example_dags/example_complex.py for tasks to queue
[2022-07-30 22:24:38,867] {logging_mixin.py:104} INFO - [2022-07-30 22:24:38,867] {dagbag.py:451} INFO - Filling up the DagBag from /home/airflow/.local/lib/python3.6/site-packages/airflow/example_dags/example_complex.py
[2022-07-30 22:24:38,902] {scheduler_job.py:639} INFO - DAG(s) dict_keys(['example_complex']) retrieved from /home/airflow/.local/lib/python3.6/site-packages/airflow/example_dags/example_complex.py
[2022-07-30 22:24:38,946] {logging_mixin.py:104} INFO - [2022-07-30 22:24:38,945] {dag.py:1824} INFO - Sync 1 DAGs
[2022-07-30 22:24:38,967] {logging_mixin.py:104} INFO - [2022-07-30 22:24:38,967] {dag.py:2280} INFO - Setting next_dagrun for example_complex to None
[2022-07-30 22:24:38,986] {scheduler_job.py:190} INFO - Processing /home/airflow/.local/lib/python3.6/site-packages/airflow/example_dags/example_complex.py took 0.129 seconds
[2022-07-30 22:25:09,719] {scheduler_job.py:182} INFO - Started process (PID=1555) to work on /home/airflow/.local/lib/python3.6/site-packages/airflow/example_dags/example_complex.py
[2022-07-30 22:25:09,723] {scheduler_job.py:629} INFO - Processing file /home/airflow/.local/lib/python3.6/site-packages/airflow/example_dags/example_complex.py for tasks to queue
[2022-07-30 22:25:09,725] {logging_mixin.py:104} INFO - [2022-07-30 22:25:09,725] {dagbag.py:451} INFO - Filling up the DagBag from /home/airflow/.local/lib/python3.6/site-packages/airflow/example_dags/example_complex.py
[2022-07-30 22:25:09,779] {scheduler_job.py:639} INFO - DAG(s) dict_keys(['example_complex']) retrieved from /home/airflow/.local/lib/python3.6/site-packages/airflow/example_dags/example_complex.py
[2022-07-30 22:25:09,838] {logging_mixin.py:104} INFO - [2022-07-30 22:25:09,837] {dag.py:1824} INFO - Sync 1 DAGs
[2022-07-30 22:25:09,868] {logging_mixin.py:104} INFO - [2022-07-30 22:25:09,868] {dag.py:2280} INFO - Setting next_dagrun for example_complex to None
[2022-07-30 22:25:09,889] {scheduler_job.py:190} INFO - Processing /home/airflow/.local/lib/python3.6/site-packages/airflow/example_dags/example_complex.py took 0.177 seconds
[2022-07-30 22:25:40,039] {scheduler_job.py:182} INFO - Started process (PID=1581) to work on /home/airflow/.local/lib/python3.6/site-packages/airflow/example_dags/example_complex.py
[2022-07-30 22:25:40,043] {scheduler_job.py:629} INFO - Processing file /home/airflow/.local/lib/python3.6/site-packages/airflow/example_dags/example_complex.py for tasks to queue
[2022-07-30 22:25:40,046] {logging_mixin.py:104} INFO - [2022-07-30 22:25:40,046] {dagbag.py:451} INFO - Filling up the DagBag from /home/airflow/.local/lib/python3.6/site-packages/airflow/example_dags/example_complex.py
[2022-07-30 22:25:40,100] {scheduler_job.py:639} INFO - DAG(s) dict_keys(['example_complex']) retrieved from /home/airflow/.local/lib/python3.6/site-packages/airflow/example_dags/example_complex.py
[2022-07-30 22:25:40,145] {logging_mixin.py:104} INFO - [2022-07-30 22:25:40,145] {dag.py:1824} INFO - Sync 1 DAGs
[2022-07-30 22:25:40,171] {logging_mixin.py:104} INFO - [2022-07-30 22:25:40,171] {dag.py:2280} INFO - Setting next_dagrun for example_complex to None
[2022-07-30 22:25:40,189] {scheduler_job.py:190} INFO - Processing /home/airflow/.local/lib/python3.6/site-packages/airflow/example_dags/example_complex.py took 0.166 seconds
[2022-07-30 22:26:10,870] {scheduler_job.py:182} INFO - Started process (PID=1607) to work on /home/airflow/.local/lib/python3.6/site-packages/airflow/example_dags/example_complex.py
[2022-07-30 22:26:10,875] {scheduler_job.py:629} INFO - Processing file /home/airflow/.local/lib/python3.6/site-packages/airflow/example_dags/example_complex.py for tasks to queue
[2022-07-30 22:26:10,878] {logging_mixin.py:104} INFO - [2022-07-30 22:26:10,878] {dagbag.py:451} INFO - Filling up the DagBag from /home/airflow/.local/lib/python3.6/site-packages/airflow/example_dags/example_complex.py
[2022-07-30 22:26:10,945] {scheduler_job.py:639} INFO - DAG(s) dict_keys(['example_complex']) retrieved from /home/airflow/.local/lib/python3.6/site-packages/airflow/example_dags/example_complex.py
[2022-07-30 22:26:10,986] {logging_mixin.py:104} INFO - [2022-07-30 22:26:10,986] {dag.py:1824} INFO - Sync 1 DAGs
[2022-07-30 22:26:11,008] {logging_mixin.py:104} INFO - [2022-07-30 22:26:11,008] {dag.py:2280} INFO - Setting next_dagrun for example_complex to None
[2022-07-30 22:26:11,050] {scheduler_job.py:190} INFO - Processing /home/airflow/.local/lib/python3.6/site-packages/airflow/example_dags/example_complex.py took 0.189 seconds
[2022-07-30 22:26:41,614] {scheduler_job.py:182} INFO - Started process (PID=1633) to work on /home/airflow/.local/lib/python3.6/site-packages/airflow/example_dags/example_complex.py
[2022-07-30 22:26:41,617] {scheduler_job.py:629} INFO - Processing file /home/airflow/.local/lib/python3.6/site-packages/airflow/example_dags/example_complex.py for tasks to queue
[2022-07-30 22:26:41,619] {logging_mixin.py:104} INFO - [2022-07-30 22:26:41,619] {dagbag.py:451} INFO - Filling up the DagBag from /home/airflow/.local/lib/python3.6/site-packages/airflow/example_dags/example_complex.py
[2022-07-30 22:26:41,693] {scheduler_job.py:639} INFO - DAG(s) dict_keys(['example_complex']) retrieved from /home/airflow/.local/lib/python3.6/site-packages/airflow/example_dags/example_complex.py
[2022-07-30 22:26:41,759] {logging_mixin.py:104} INFO - [2022-07-30 22:26:41,759] {dag.py:1824} INFO - Sync 1 DAGs
[2022-07-30 22:26:41,785] {logging_mixin.py:104} INFO - [2022-07-30 22:26:41,785] {dag.py:2280} INFO - Setting next_dagrun for example_complex to None
[2022-07-30 22:26:41,804] {scheduler_job.py:190} INFO - Processing /home/airflow/.local/lib/python3.6/site-packages/airflow/example_dags/example_complex.py took 0.196 seconds
[2022-07-30 22:27:12,016] {scheduler_job.py:182} INFO - Started process (PID=1659) to work on /home/airflow/.local/lib/python3.6/site-packages/airflow/example_dags/example_complex.py
[2022-07-30 22:27:12,018] {scheduler_job.py:629} INFO - Processing file /home/airflow/.local/lib/python3.6/site-packages/airflow/example_dags/example_complex.py for tasks to queue
[2022-07-30 22:27:12,020] {logging_mixin.py:104} INFO - [2022-07-30 22:27:12,020] {dagbag.py:451} INFO - Filling up the DagBag from /home/airflow/.local/lib/python3.6/site-packages/airflow/example_dags/example_complex.py
[2022-07-30 22:27:12,050] {scheduler_job.py:639} INFO - DAG(s) dict_keys(['example_complex']) retrieved from /home/airflow/.local/lib/python3.6/site-packages/airflow/example_dags/example_complex.py
[2022-07-30 22:27:12,101] {logging_mixin.py:104} INFO - [2022-07-30 22:27:12,101] {dag.py:1824} INFO - Sync 1 DAGs
[2022-07-30 22:27:12,127] {logging_mixin.py:104} INFO - [2022-07-30 22:27:12,127] {dag.py:2280} INFO - Setting next_dagrun for example_complex to None
[2022-07-30 22:27:12,152] {scheduler_job.py:190} INFO - Processing /home/airflow/.local/lib/python3.6/site-packages/airflow/example_dags/example_complex.py took 0.140 seconds
[2022-07-30 22:27:43,191] {scheduler_job.py:182} INFO - Started process (PID=1685) to work on /home/airflow/.local/lib/python3.6/site-packages/airflow/example_dags/example_complex.py
[2022-07-30 22:27:43,232] {scheduler_job.py:629} INFO - Processing file /home/airflow/.local/lib/python3.6/site-packages/airflow/example_dags/example_complex.py for tasks to queue
[2022-07-30 22:27:43,280] {logging_mixin.py:104} INFO - [2022-07-30 22:27:43,280] {dagbag.py:451} INFO - Filling up the DagBag from /home/airflow/.local/lib/python3.6/site-packages/airflow/example_dags/example_complex.py
[2022-07-30 22:27:43,508] {scheduler_job.py:639} INFO - DAG(s) dict_keys(['example_complex']) retrieved from /home/airflow/.local/lib/python3.6/site-packages/airflow/example_dags/example_complex.py
[2022-07-30 22:27:43,827] {logging_mixin.py:104} INFO - [2022-07-30 22:27:43,827] {dag.py:1824} INFO - Sync 1 DAGs
[2022-07-30 22:27:43,947] {logging_mixin.py:104} INFO - [2022-07-30 22:27:43,947] {dag.py:2280} INFO - Setting next_dagrun for example_complex to None
[2022-07-30 22:27:44,460] {scheduler_job.py:190} INFO - Processing /home/airflow/.local/lib/python3.6/site-packages/airflow/example_dags/example_complex.py took 1.276 seconds
[2022-07-30 22:28:15,034] {scheduler_job.py:182} INFO - Started process (PID=1711) to work on /home/airflow/.local/lib/python3.6/site-packages/airflow/example_dags/example_complex.py
[2022-07-30 22:28:15,038] {scheduler_job.py:629} INFO - Processing file /home/airflow/.local/lib/python3.6/site-packages/airflow/example_dags/example_complex.py for tasks to queue
[2022-07-30 22:28:15,041] {logging_mixin.py:104} INFO - [2022-07-30 22:28:15,041] {dagbag.py:451} INFO - Filling up the DagBag from /home/airflow/.local/lib/python3.6/site-packages/airflow/example_dags/example_complex.py
[2022-07-30 22:28:15,096] {scheduler_job.py:639} INFO - DAG(s) dict_keys(['example_complex']) retrieved from /home/airflow/.local/lib/python3.6/site-packages/airflow/example_dags/example_complex.py
[2022-07-30 22:28:15,140] {logging_mixin.py:104} INFO - [2022-07-30 22:28:15,139] {dag.py:1824} INFO - Sync 1 DAGs
[2022-07-30 22:28:15,163] {logging_mixin.py:104} INFO - [2022-07-30 22:28:15,163] {dag.py:2280} INFO - Setting next_dagrun for example_complex to None
[2022-07-30 22:28:15,183] {scheduler_job.py:190} INFO - Processing /home/airflow/.local/lib/python3.6/site-packages/airflow/example_dags/example_complex.py took 0.156 seconds
[2022-07-30 22:28:45,369] {scheduler_job.py:182} INFO - Started process (PID=1737) to work on /home/airflow/.local/lib/python3.6/site-packages/airflow/example_dags/example_complex.py
[2022-07-30 22:28:45,374] {scheduler_job.py:629} INFO - Processing file /home/airflow/.local/lib/python3.6/site-packages/airflow/example_dags/example_complex.py for tasks to queue
[2022-07-30 22:28:45,377] {logging_mixin.py:104} INFO - [2022-07-30 22:28:45,377] {dagbag.py:451} INFO - Filling up the DagBag from /home/airflow/.local/lib/python3.6/site-packages/airflow/example_dags/example_complex.py
[2022-07-30 22:28:45,440] {scheduler_job.py:639} INFO - DAG(s) dict_keys(['example_complex']) retrieved from /home/airflow/.local/lib/python3.6/site-packages/airflow/example_dags/example_complex.py
[2022-07-30 22:28:45,500] {logging_mixin.py:104} INFO - [2022-07-30 22:28:45,499] {dag.py:1824} INFO - Sync 1 DAGs
[2022-07-30 22:28:45,522] {logging_mixin.py:104} INFO - [2022-07-30 22:28:45,522] {dag.py:2280} INFO - Setting next_dagrun for example_complex to None
[2022-07-30 22:28:45,538] {scheduler_job.py:190} INFO - Processing /home/airflow/.local/lib/python3.6/site-packages/airflow/example_dags/example_complex.py took 0.180 seconds
[2022-07-30 22:29:16,030] {scheduler_job.py:182} INFO - Started process (PID=1763) to work on /home/airflow/.local/lib/python3.6/site-packages/airflow/example_dags/example_complex.py
[2022-07-30 22:29:16,040] {scheduler_job.py:629} INFO - Processing file /home/airflow/.local/lib/python3.6/site-packages/airflow/example_dags/example_complex.py for tasks to queue
[2022-07-30 22:29:16,045] {logging_mixin.py:104} INFO - [2022-07-30 22:29:16,045] {dagbag.py:451} INFO - Filling up the DagBag from /home/airflow/.local/lib/python3.6/site-packages/airflow/example_dags/example_complex.py
[2022-07-30 22:29:16,133] {scheduler_job.py:639} INFO - DAG(s) dict_keys(['example_complex']) retrieved from /home/airflow/.local/lib/python3.6/site-packages/airflow/example_dags/example_complex.py
[2022-07-30 22:29:16,183] {logging_mixin.py:104} INFO - [2022-07-30 22:29:16,183] {dag.py:1824} INFO - Sync 1 DAGs
[2022-07-30 22:29:16,207] {logging_mixin.py:104} INFO - [2022-07-30 22:29:16,207] {dag.py:2280} INFO - Setting next_dagrun for example_complex to None
[2022-07-30 22:29:16,226] {scheduler_job.py:190} INFO - Processing /home/airflow/.local/lib/python3.6/site-packages/airflow/example_dags/example_complex.py took 0.218 seconds
[2022-07-30 22:29:46,784] {scheduler_job.py:182} INFO - Started process (PID=1789) to work on /home/airflow/.local/lib/python3.6/site-packages/airflow/example_dags/example_complex.py
[2022-07-30 22:29:46,790] {scheduler_job.py:629} INFO - Processing file /home/airflow/.local/lib/python3.6/site-packages/airflow/example_dags/example_complex.py for tasks to queue
[2022-07-30 22:29:46,794] {logging_mixin.py:104} INFO - [2022-07-30 22:29:46,793] {dagbag.py:451} INFO - Filling up the DagBag from /home/airflow/.local/lib/python3.6/site-packages/airflow/example_dags/example_complex.py
[2022-07-30 22:29:46,858] {scheduler_job.py:639} INFO - DAG(s) dict_keys(['example_complex']) retrieved from /home/airflow/.local/lib/python3.6/site-packages/airflow/example_dags/example_complex.py
[2022-07-30 22:29:46,900] {logging_mixin.py:104} INFO - [2022-07-30 22:29:46,899] {dag.py:1824} INFO - Sync 1 DAGs
[2022-07-30 22:29:46,919] {logging_mixin.py:104} INFO - [2022-07-30 22:29:46,919] {dag.py:2280} INFO - Setting next_dagrun for example_complex to None
[2022-07-30 22:29:46,946] {scheduler_job.py:190} INFO - Processing /home/airflow/.local/lib/python3.6/site-packages/airflow/example_dags/example_complex.py took 0.180 seconds
[2022-07-30 22:30:17,671] {scheduler_job.py:182} INFO - Started process (PID=1815) to work on /home/airflow/.local/lib/python3.6/site-packages/airflow/example_dags/example_complex.py
[2022-07-30 22:30:17,674] {scheduler_job.py:629} INFO - Processing file /home/airflow/.local/lib/python3.6/site-packages/airflow/example_dags/example_complex.py for tasks to queue
[2022-07-30 22:30:17,677] {logging_mixin.py:104} INFO - [2022-07-30 22:30:17,676] {dagbag.py:451} INFO - Filling up the DagBag from /home/airflow/.local/lib/python3.6/site-packages/airflow/example_dags/example_complex.py
[2022-07-30 22:30:17,714] {scheduler_job.py:639} INFO - DAG(s) dict_keys(['example_complex']) retrieved from /home/airflow/.local/lib/python3.6/site-packages/airflow/example_dags/example_complex.py
[2022-07-30 22:30:17,753] {logging_mixin.py:104} INFO - [2022-07-30 22:30:17,752] {dag.py:1824} INFO - Sync 1 DAGs
[2022-07-30 22:30:17,774] {logging_mixin.py:104} INFO - [2022-07-30 22:30:17,774] {dag.py:2280} INFO - Setting next_dagrun for example_complex to None
[2022-07-30 22:30:17,789] {scheduler_job.py:190} INFO - Processing /home/airflow/.local/lib/python3.6/site-packages/airflow/example_dags/example_complex.py took 0.126 seconds
[2022-07-30 22:30:48,188] {scheduler_job.py:182} INFO - Started process (PID=1841) to work on /home/airflow/.local/lib/python3.6/site-packages/airflow/example_dags/example_complex.py
[2022-07-30 22:30:48,191] {scheduler_job.py:629} INFO - Processing file /home/airflow/.local/lib/python3.6/site-packages/airflow/example_dags/example_complex.py for tasks to queue
[2022-07-30 22:30:48,192] {logging_mixin.py:104} INFO - [2022-07-30 22:30:48,192] {dagbag.py:451} INFO - Filling up the DagBag from /home/airflow/.local/lib/python3.6/site-packages/airflow/example_dags/example_complex.py
[2022-07-30 22:30:48,239] {scheduler_job.py:639} INFO - DAG(s) dict_keys(['example_complex']) retrieved from /home/airflow/.local/lib/python3.6/site-packages/airflow/example_dags/example_complex.py
[2022-07-30 22:30:48,288] {logging_mixin.py:104} INFO - [2022-07-30 22:30:48,288] {dag.py:1824} INFO - Sync 1 DAGs
[2022-07-30 22:30:48,308] {logging_mixin.py:104} INFO - [2022-07-30 22:30:48,308] {dag.py:2280} INFO - Setting next_dagrun for example_complex to None
[2022-07-30 22:30:48,324] {scheduler_job.py:190} INFO - Processing /home/airflow/.local/lib/python3.6/site-packages/airflow/example_dags/example_complex.py took 0.142 seconds
[2022-07-30 22:31:18,556] {scheduler_job.py:182} INFO - Started process (PID=1867) to work on /home/airflow/.local/lib/python3.6/site-packages/airflow/example_dags/example_complex.py
[2022-07-30 22:31:18,560] {scheduler_job.py:629} INFO - Processing file /home/airflow/.local/lib/python3.6/site-packages/airflow/example_dags/example_complex.py for tasks to queue
[2022-07-30 22:31:18,562] {logging_mixin.py:104} INFO - [2022-07-30 22:31:18,562] {dagbag.py:451} INFO - Filling up the DagBag from /home/airflow/.local/lib/python3.6/site-packages/airflow/example_dags/example_complex.py
[2022-07-30 22:31:18,603] {scheduler_job.py:639} INFO - DAG(s) dict_keys(['example_complex']) retrieved from /home/airflow/.local/lib/python3.6/site-packages/airflow/example_dags/example_complex.py
[2022-07-30 22:31:18,644] {logging_mixin.py:104} INFO - [2022-07-30 22:31:18,644] {dag.py:1824} INFO - Sync 1 DAGs
[2022-07-30 22:31:18,667] {logging_mixin.py:104} INFO - [2022-07-30 22:31:18,667] {dag.py:2280} INFO - Setting next_dagrun for example_complex to None
[2022-07-30 22:31:18,685] {scheduler_job.py:190} INFO - Processing /home/airflow/.local/lib/python3.6/site-packages/airflow/example_dags/example_complex.py took 0.137 seconds
[2022-07-30 22:34:35,522] {scheduler_job.py:182} INFO - Started process (PID=54) to work on /home/airflow/.local/lib/python3.6/site-packages/airflow/example_dags/example_complex.py
[2022-07-30 22:34:35,532] {scheduler_job.py:629} INFO - Processing file /home/airflow/.local/lib/python3.6/site-packages/airflow/example_dags/example_complex.py for tasks to queue
[2022-07-30 22:34:35,549] {logging_mixin.py:104} INFO - [2022-07-30 22:34:35,548] {dagbag.py:451} INFO - Filling up the DagBag from /home/airflow/.local/lib/python3.6/site-packages/airflow/example_dags/example_complex.py
[2022-07-30 22:34:35,633] {scheduler_job.py:639} INFO - DAG(s) dict_keys(['example_complex']) retrieved from /home/airflow/.local/lib/python3.6/site-packages/airflow/example_dags/example_complex.py
[2022-07-30 22:34:35,695] {logging_mixin.py:104} INFO - [2022-07-30 22:34:35,695] {dag.py:1824} INFO - Sync 1 DAGs
[2022-07-30 22:34:35,734] {logging_mixin.py:104} INFO - [2022-07-30 22:34:35,734] {dag.py:2280} INFO - Setting next_dagrun for example_complex to None
[2022-07-30 22:34:35,770] {scheduler_job.py:190} INFO - Processing /home/airflow/.local/lib/python3.6/site-packages/airflow/example_dags/example_complex.py took 0.264 seconds
