[2022-07-30 21:55:22,920] {scheduler_job.py:182} INFO - Started process (PID=45) to work on /home/airflow/.local/lib/python3.6/site-packages/airflow/example_dags/example_python_operator.py
[2022-07-30 21:55:22,923] {scheduler_job.py:629} INFO - Processing file /home/airflow/.local/lib/python3.6/site-packages/airflow/example_dags/example_python_operator.py for tasks to queue
[2022-07-30 21:55:22,925] {logging_mixin.py:104} INFO - [2022-07-30 21:55:22,925] {dagbag.py:451} INFO - Filling up the DagBag from /home/airflow/.local/lib/python3.6/site-packages/airflow/example_dags/example_python_operator.py
[2022-07-30 21:55:23,026] {scheduler_job.py:639} INFO - DAG(s) dict_keys(['example_python_operator']) retrieved from /home/airflow/.local/lib/python3.6/site-packages/airflow/example_dags/example_python_operator.py
[2022-07-30 21:55:23,182] {logging_mixin.py:104} INFO - [2022-07-30 21:55:23,181] {dag.py:1824} INFO - Sync 1 DAGs
[2022-07-30 21:55:23,294] {logging_mixin.py:104} INFO - [2022-07-30 21:55:23,294] {dag.py:1843} INFO - Creating ORM DAG for example_python_operator
[2022-07-30 21:55:23,355] {logging_mixin.py:104} INFO - [2022-07-30 21:55:23,354] {dag.py:2280} INFO - Setting next_dagrun for example_python_operator to None
[2022-07-30 21:55:23,497] {scheduler_job.py:190} INFO - Processing /home/airflow/.local/lib/python3.6/site-packages/airflow/example_dags/example_python_operator.py took 0.588 seconds
[2022-07-30 21:55:53,872] {scheduler_job.py:182} INFO - Started process (PID=71) to work on /home/airflow/.local/lib/python3.6/site-packages/airflow/example_dags/example_python_operator.py
[2022-07-30 21:55:53,880] {scheduler_job.py:629} INFO - Processing file /home/airflow/.local/lib/python3.6/site-packages/airflow/example_dags/example_python_operator.py for tasks to queue
[2022-07-30 21:55:53,881] {logging_mixin.py:104} INFO - [2022-07-30 21:55:53,881] {dagbag.py:451} INFO - Filling up the DagBag from /home/airflow/.local/lib/python3.6/site-packages/airflow/example_dags/example_python_operator.py
[2022-07-30 21:55:53,929] {scheduler_job.py:639} INFO - DAG(s) dict_keys(['example_python_operator']) retrieved from /home/airflow/.local/lib/python3.6/site-packages/airflow/example_dags/example_python_operator.py
[2022-07-30 21:55:54,022] {logging_mixin.py:104} INFO - [2022-07-30 21:55:54,022] {dag.py:1824} INFO - Sync 1 DAGs
[2022-07-30 21:55:54,107] {logging_mixin.py:104} INFO - [2022-07-30 21:55:54,107] {dag.py:2280} INFO - Setting next_dagrun for example_python_operator to None
[2022-07-30 21:55:54,158] {scheduler_job.py:190} INFO - Processing /home/airflow/.local/lib/python3.6/site-packages/airflow/example_dags/example_python_operator.py took 0.292 seconds
[2022-07-30 21:56:24,581] {scheduler_job.py:182} INFO - Started process (PID=97) to work on /home/airflow/.local/lib/python3.6/site-packages/airflow/example_dags/example_python_operator.py
[2022-07-30 21:56:24,584] {scheduler_job.py:629} INFO - Processing file /home/airflow/.local/lib/python3.6/site-packages/airflow/example_dags/example_python_operator.py for tasks to queue
[2022-07-30 21:56:24,586] {logging_mixin.py:104} INFO - [2022-07-30 21:56:24,586] {dagbag.py:451} INFO - Filling up the DagBag from /home/airflow/.local/lib/python3.6/site-packages/airflow/example_dags/example_python_operator.py
[2022-07-30 21:56:24,612] {scheduler_job.py:639} INFO - DAG(s) dict_keys(['example_python_operator']) retrieved from /home/airflow/.local/lib/python3.6/site-packages/airflow/example_dags/example_python_operator.py
[2022-07-30 21:56:24,658] {logging_mixin.py:104} INFO - [2022-07-30 21:56:24,658] {dag.py:1824} INFO - Sync 1 DAGs
[2022-07-30 21:56:24,701] {logging_mixin.py:104} INFO - [2022-07-30 21:56:24,701] {dag.py:2280} INFO - Setting next_dagrun for example_python_operator to None
[2022-07-30 21:56:24,722] {scheduler_job.py:190} INFO - Processing /home/airflow/.local/lib/python3.6/site-packages/airflow/example_dags/example_python_operator.py took 0.147 seconds
[2022-07-30 21:56:55,846] {scheduler_job.py:182} INFO - Started process (PID=126) to work on /home/airflow/.local/lib/python3.6/site-packages/airflow/example_dags/example_python_operator.py
[2022-07-30 21:56:55,849] {scheduler_job.py:629} INFO - Processing file /home/airflow/.local/lib/python3.6/site-packages/airflow/example_dags/example_python_operator.py for tasks to queue
[2022-07-30 21:56:55,851] {logging_mixin.py:104} INFO - [2022-07-30 21:56:55,851] {dagbag.py:451} INFO - Filling up the DagBag from /home/airflow/.local/lib/python3.6/site-packages/airflow/example_dags/example_python_operator.py
[2022-07-30 21:56:55,877] {scheduler_job.py:639} INFO - DAG(s) dict_keys(['example_python_operator']) retrieved from /home/airflow/.local/lib/python3.6/site-packages/airflow/example_dags/example_python_operator.py
[2022-07-30 21:56:55,931] {logging_mixin.py:104} INFO - [2022-07-30 21:56:55,931] {dag.py:1824} INFO - Sync 1 DAGs
[2022-07-30 21:56:55,969] {logging_mixin.py:104} INFO - [2022-07-30 21:56:55,969] {dag.py:2280} INFO - Setting next_dagrun for example_python_operator to None
[2022-07-30 21:56:55,994] {scheduler_job.py:190} INFO - Processing /home/airflow/.local/lib/python3.6/site-packages/airflow/example_dags/example_python_operator.py took 0.153 seconds
[2022-07-30 21:57:26,674] {scheduler_job.py:182} INFO - Started process (PID=152) to work on /home/airflow/.local/lib/python3.6/site-packages/airflow/example_dags/example_python_operator.py
[2022-07-30 21:57:26,677] {scheduler_job.py:629} INFO - Processing file /home/airflow/.local/lib/python3.6/site-packages/airflow/example_dags/example_python_operator.py for tasks to queue
[2022-07-30 21:57:26,679] {logging_mixin.py:104} INFO - [2022-07-30 21:57:26,679] {dagbag.py:451} INFO - Filling up the DagBag from /home/airflow/.local/lib/python3.6/site-packages/airflow/example_dags/example_python_operator.py
[2022-07-30 21:57:26,706] {scheduler_job.py:639} INFO - DAG(s) dict_keys(['example_python_operator']) retrieved from /home/airflow/.local/lib/python3.6/site-packages/airflow/example_dags/example_python_operator.py
[2022-07-30 21:57:26,740] {logging_mixin.py:104} INFO - [2022-07-30 21:57:26,740] {dag.py:1824} INFO - Sync 1 DAGs
[2022-07-30 21:57:26,768] {logging_mixin.py:104} INFO - [2022-07-30 21:57:26,768] {dag.py:2280} INFO - Setting next_dagrun for example_python_operator to None
[2022-07-30 21:57:26,852] {scheduler_job.py:190} INFO - Processing /home/airflow/.local/lib/python3.6/site-packages/airflow/example_dags/example_python_operator.py took 0.183 seconds
[2022-07-30 21:57:57,871] {scheduler_job.py:182} INFO - Started process (PID=178) to work on /home/airflow/.local/lib/python3.6/site-packages/airflow/example_dags/example_python_operator.py
[2022-07-30 21:57:57,875] {scheduler_job.py:629} INFO - Processing file /home/airflow/.local/lib/python3.6/site-packages/airflow/example_dags/example_python_operator.py for tasks to queue
[2022-07-30 21:57:57,877] {logging_mixin.py:104} INFO - [2022-07-30 21:57:57,877] {dagbag.py:451} INFO - Filling up the DagBag from /home/airflow/.local/lib/python3.6/site-packages/airflow/example_dags/example_python_operator.py
[2022-07-30 21:57:57,915] {scheduler_job.py:639} INFO - DAG(s) dict_keys(['example_python_operator']) retrieved from /home/airflow/.local/lib/python3.6/site-packages/airflow/example_dags/example_python_operator.py
[2022-07-30 21:57:57,992] {logging_mixin.py:104} INFO - [2022-07-30 21:57:57,992] {dag.py:1824} INFO - Sync 1 DAGs
[2022-07-30 21:57:58,030] {logging_mixin.py:104} INFO - [2022-07-30 21:57:58,030] {dag.py:2280} INFO - Setting next_dagrun for example_python_operator to None
[2022-07-30 21:57:58,062] {scheduler_job.py:190} INFO - Processing /home/airflow/.local/lib/python3.6/site-packages/airflow/example_dags/example_python_operator.py took 0.198 seconds
[2022-07-30 21:58:28,845] {scheduler_job.py:182} INFO - Started process (PID=204) to work on /home/airflow/.local/lib/python3.6/site-packages/airflow/example_dags/example_python_operator.py
[2022-07-30 21:58:28,848] {scheduler_job.py:629} INFO - Processing file /home/airflow/.local/lib/python3.6/site-packages/airflow/example_dags/example_python_operator.py for tasks to queue
[2022-07-30 21:58:28,850] {logging_mixin.py:104} INFO - [2022-07-30 21:58:28,850] {dagbag.py:451} INFO - Filling up the DagBag from /home/airflow/.local/lib/python3.6/site-packages/airflow/example_dags/example_python_operator.py
[2022-07-30 21:58:28,878] {scheduler_job.py:639} INFO - DAG(s) dict_keys(['example_python_operator']) retrieved from /home/airflow/.local/lib/python3.6/site-packages/airflow/example_dags/example_python_operator.py
[2022-07-30 21:58:28,924] {logging_mixin.py:104} INFO - [2022-07-30 21:58:28,924] {dag.py:1824} INFO - Sync 1 DAGs
[2022-07-30 21:58:28,954] {logging_mixin.py:104} INFO - [2022-07-30 21:58:28,954] {dag.py:2280} INFO - Setting next_dagrun for example_python_operator to None
[2022-07-30 21:58:28,997] {scheduler_job.py:190} INFO - Processing /home/airflow/.local/lib/python3.6/site-packages/airflow/example_dags/example_python_operator.py took 0.158 seconds
[2022-07-30 21:58:59,747] {scheduler_job.py:182} INFO - Started process (PID=230) to work on /home/airflow/.local/lib/python3.6/site-packages/airflow/example_dags/example_python_operator.py
[2022-07-30 21:58:59,750] {scheduler_job.py:629} INFO - Processing file /home/airflow/.local/lib/python3.6/site-packages/airflow/example_dags/example_python_operator.py for tasks to queue
[2022-07-30 21:58:59,756] {logging_mixin.py:104} INFO - [2022-07-30 21:58:59,755] {dagbag.py:451} INFO - Filling up the DagBag from /home/airflow/.local/lib/python3.6/site-packages/airflow/example_dags/example_python_operator.py
[2022-07-30 21:58:59,798] {scheduler_job.py:639} INFO - DAG(s) dict_keys(['example_python_operator']) retrieved from /home/airflow/.local/lib/python3.6/site-packages/airflow/example_dags/example_python_operator.py
[2022-07-30 21:58:59,952] {logging_mixin.py:104} INFO - [2022-07-30 21:58:59,951] {dag.py:1824} INFO - Sync 1 DAGs
[2022-07-30 21:59:00,008] {logging_mixin.py:104} INFO - [2022-07-30 21:59:00,008] {dag.py:2280} INFO - Setting next_dagrun for example_python_operator to None
[2022-07-30 21:59:00,086] {scheduler_job.py:190} INFO - Processing /home/airflow/.local/lib/python3.6/site-packages/airflow/example_dags/example_python_operator.py took 0.351 seconds
[2022-07-30 21:59:30,914] {scheduler_job.py:182} INFO - Started process (PID=257) to work on /home/airflow/.local/lib/python3.6/site-packages/airflow/example_dags/example_python_operator.py
[2022-07-30 21:59:30,916] {scheduler_job.py:629} INFO - Processing file /home/airflow/.local/lib/python3.6/site-packages/airflow/example_dags/example_python_operator.py for tasks to queue
[2022-07-30 21:59:30,917] {logging_mixin.py:104} INFO - [2022-07-30 21:59:30,917] {dagbag.py:451} INFO - Filling up the DagBag from /home/airflow/.local/lib/python3.6/site-packages/airflow/example_dags/example_python_operator.py
[2022-07-30 21:59:30,935] {scheduler_job.py:639} INFO - DAG(s) dict_keys(['example_python_operator']) retrieved from /home/airflow/.local/lib/python3.6/site-packages/airflow/example_dags/example_python_operator.py
[2022-07-30 21:59:30,971] {logging_mixin.py:104} INFO - [2022-07-30 21:59:30,970] {dag.py:1824} INFO - Sync 1 DAGs
[2022-07-30 21:59:30,991] {logging_mixin.py:104} INFO - [2022-07-30 21:59:30,991] {dag.py:2280} INFO - Setting next_dagrun for example_python_operator to None
[2022-07-30 21:59:31,022] {scheduler_job.py:190} INFO - Processing /home/airflow/.local/lib/python3.6/site-packages/airflow/example_dags/example_python_operator.py took 0.113 seconds
[2022-07-30 22:00:02,026] {scheduler_job.py:182} INFO - Started process (PID=283) to work on /home/airflow/.local/lib/python3.6/site-packages/airflow/example_dags/example_python_operator.py
[2022-07-30 22:00:02,029] {scheduler_job.py:629} INFO - Processing file /home/airflow/.local/lib/python3.6/site-packages/airflow/example_dags/example_python_operator.py for tasks to queue
[2022-07-30 22:00:02,031] {logging_mixin.py:104} INFO - [2022-07-30 22:00:02,030] {dagbag.py:451} INFO - Filling up the DagBag from /home/airflow/.local/lib/python3.6/site-packages/airflow/example_dags/example_python_operator.py
[2022-07-30 22:00:02,067] {scheduler_job.py:639} INFO - DAG(s) dict_keys(['example_python_operator']) retrieved from /home/airflow/.local/lib/python3.6/site-packages/airflow/example_dags/example_python_operator.py
[2022-07-30 22:00:02,111] {logging_mixin.py:104} INFO - [2022-07-30 22:00:02,110] {dag.py:1824} INFO - Sync 1 DAGs
[2022-07-30 22:00:02,146] {logging_mixin.py:104} INFO - [2022-07-30 22:00:02,146] {dag.py:2280} INFO - Setting next_dagrun for example_python_operator to None
[2022-07-30 22:00:02,168] {scheduler_job.py:190} INFO - Processing /home/airflow/.local/lib/python3.6/site-packages/airflow/example_dags/example_python_operator.py took 0.154 seconds
[2022-07-30 22:00:32,264] {scheduler_job.py:182} INFO - Started process (PID=308) to work on /home/airflow/.local/lib/python3.6/site-packages/airflow/example_dags/example_python_operator.py
[2022-07-30 22:00:32,268] {scheduler_job.py:629} INFO - Processing file /home/airflow/.local/lib/python3.6/site-packages/airflow/example_dags/example_python_operator.py for tasks to queue
[2022-07-30 22:00:32,272] {logging_mixin.py:104} INFO - [2022-07-30 22:00:32,269] {dagbag.py:451} INFO - Filling up the DagBag from /home/airflow/.local/lib/python3.6/site-packages/airflow/example_dags/example_python_operator.py
[2022-07-30 22:00:32,327] {scheduler_job.py:639} INFO - DAG(s) dict_keys(['example_python_operator']) retrieved from /home/airflow/.local/lib/python3.6/site-packages/airflow/example_dags/example_python_operator.py
[2022-07-30 22:00:32,390] {logging_mixin.py:104} INFO - [2022-07-30 22:00:32,389] {dag.py:1824} INFO - Sync 1 DAGs
[2022-07-30 22:00:32,431] {logging_mixin.py:104} INFO - [2022-07-30 22:00:32,430] {dag.py:2280} INFO - Setting next_dagrun for example_python_operator to None
[2022-07-30 22:00:32,466] {scheduler_job.py:190} INFO - Processing /home/airflow/.local/lib/python3.6/site-packages/airflow/example_dags/example_python_operator.py took 0.208 seconds
[2022-07-30 22:01:02,547] {scheduler_job.py:182} INFO - Started process (PID=334) to work on /home/airflow/.local/lib/python3.6/site-packages/airflow/example_dags/example_python_operator.py
[2022-07-30 22:01:02,550] {scheduler_job.py:629} INFO - Processing file /home/airflow/.local/lib/python3.6/site-packages/airflow/example_dags/example_python_operator.py for tasks to queue
[2022-07-30 22:01:02,553] {logging_mixin.py:104} INFO - [2022-07-30 22:01:02,553] {dagbag.py:451} INFO - Filling up the DagBag from /home/airflow/.local/lib/python3.6/site-packages/airflow/example_dags/example_python_operator.py
[2022-07-30 22:01:02,588] {scheduler_job.py:639} INFO - DAG(s) dict_keys(['example_python_operator']) retrieved from /home/airflow/.local/lib/python3.6/site-packages/airflow/example_dags/example_python_operator.py
[2022-07-30 22:01:02,626] {logging_mixin.py:104} INFO - [2022-07-30 22:01:02,626] {dag.py:1824} INFO - Sync 1 DAGs
[2022-07-30 22:01:02,655] {logging_mixin.py:104} INFO - [2022-07-30 22:01:02,654] {dag.py:2280} INFO - Setting next_dagrun for example_python_operator to None
[2022-07-30 22:01:02,676] {scheduler_job.py:190} INFO - Processing /home/airflow/.local/lib/python3.6/site-packages/airflow/example_dags/example_python_operator.py took 0.134 seconds
[2022-07-30 22:01:34,670] {scheduler_job.py:182} INFO - Started process (PID=362) to work on /home/airflow/.local/lib/python3.6/site-packages/airflow/example_dags/example_python_operator.py
[2022-07-30 22:01:34,672] {scheduler_job.py:629} INFO - Processing file /home/airflow/.local/lib/python3.6/site-packages/airflow/example_dags/example_python_operator.py for tasks to queue
[2022-07-30 22:01:34,673] {logging_mixin.py:104} INFO - [2022-07-30 22:01:34,673] {dagbag.py:451} INFO - Filling up the DagBag from /home/airflow/.local/lib/python3.6/site-packages/airflow/example_dags/example_python_operator.py
[2022-07-30 22:01:34,704] {scheduler_job.py:639} INFO - DAG(s) dict_keys(['example_python_operator']) retrieved from /home/airflow/.local/lib/python3.6/site-packages/airflow/example_dags/example_python_operator.py
[2022-07-30 22:01:34,736] {logging_mixin.py:104} INFO - [2022-07-30 22:01:34,736] {dag.py:1824} INFO - Sync 1 DAGs
[2022-07-30 22:01:34,757] {logging_mixin.py:104} INFO - [2022-07-30 22:01:34,757] {dag.py:2280} INFO - Setting next_dagrun for example_python_operator to None
[2022-07-30 22:01:34,775] {scheduler_job.py:190} INFO - Processing /home/airflow/.local/lib/python3.6/site-packages/airflow/example_dags/example_python_operator.py took 0.110 seconds
[2022-07-30 22:02:05,198] {scheduler_job.py:182} INFO - Started process (PID=388) to work on /home/airflow/.local/lib/python3.6/site-packages/airflow/example_dags/example_python_operator.py
[2022-07-30 22:02:05,201] {scheduler_job.py:629} INFO - Processing file /home/airflow/.local/lib/python3.6/site-packages/airflow/example_dags/example_python_operator.py for tasks to queue
[2022-07-30 22:02:05,203] {logging_mixin.py:104} INFO - [2022-07-30 22:02:05,203] {dagbag.py:451} INFO - Filling up the DagBag from /home/airflow/.local/lib/python3.6/site-packages/airflow/example_dags/example_python_operator.py
[2022-07-30 22:02:05,243] {scheduler_job.py:639} INFO - DAG(s) dict_keys(['example_python_operator']) retrieved from /home/airflow/.local/lib/python3.6/site-packages/airflow/example_dags/example_python_operator.py
[2022-07-30 22:02:05,302] {logging_mixin.py:104} INFO - [2022-07-30 22:02:05,302] {dag.py:1824} INFO - Sync 1 DAGs
[2022-07-30 22:02:05,371] {logging_mixin.py:104} INFO - [2022-07-30 22:02:05,371] {dag.py:2280} INFO - Setting next_dagrun for example_python_operator to None
[2022-07-30 22:02:05,437] {scheduler_job.py:190} INFO - Processing /home/airflow/.local/lib/python3.6/site-packages/airflow/example_dags/example_python_operator.py took 0.253 seconds
[2022-07-30 22:02:35,524] {scheduler_job.py:182} INFO - Started process (PID=414) to work on /home/airflow/.local/lib/python3.6/site-packages/airflow/example_dags/example_python_operator.py
[2022-07-30 22:02:35,536] {scheduler_job.py:629} INFO - Processing file /home/airflow/.local/lib/python3.6/site-packages/airflow/example_dags/example_python_operator.py for tasks to queue
[2022-07-30 22:02:35,538] {logging_mixin.py:104} INFO - [2022-07-30 22:02:35,538] {dagbag.py:451} INFO - Filling up the DagBag from /home/airflow/.local/lib/python3.6/site-packages/airflow/example_dags/example_python_operator.py
[2022-07-30 22:02:35,564] {scheduler_job.py:639} INFO - DAG(s) dict_keys(['example_python_operator']) retrieved from /home/airflow/.local/lib/python3.6/site-packages/airflow/example_dags/example_python_operator.py
[2022-07-30 22:02:35,640] {logging_mixin.py:104} INFO - [2022-07-30 22:02:35,640] {dag.py:1824} INFO - Sync 1 DAGs
[2022-07-30 22:02:35,687] {logging_mixin.py:104} INFO - [2022-07-30 22:02:35,687] {dag.py:2280} INFO - Setting next_dagrun for example_python_operator to None
[2022-07-30 22:02:35,708] {scheduler_job.py:190} INFO - Processing /home/airflow/.local/lib/python3.6/site-packages/airflow/example_dags/example_python_operator.py took 0.189 seconds
[2022-07-30 22:03:07,302] {scheduler_job.py:182} INFO - Started process (PID=440) to work on /home/airflow/.local/lib/python3.6/site-packages/airflow/example_dags/example_python_operator.py
[2022-07-30 22:03:07,305] {scheduler_job.py:629} INFO - Processing file /home/airflow/.local/lib/python3.6/site-packages/airflow/example_dags/example_python_operator.py for tasks to queue
[2022-07-30 22:03:07,306] {logging_mixin.py:104} INFO - [2022-07-30 22:03:07,306] {dagbag.py:451} INFO - Filling up the DagBag from /home/airflow/.local/lib/python3.6/site-packages/airflow/example_dags/example_python_operator.py
[2022-07-30 22:03:07,339] {scheduler_job.py:639} INFO - DAG(s) dict_keys(['example_python_operator']) retrieved from /home/airflow/.local/lib/python3.6/site-packages/airflow/example_dags/example_python_operator.py
[2022-07-30 22:03:07,391] {logging_mixin.py:104} INFO - [2022-07-30 22:03:07,391] {dag.py:1824} INFO - Sync 1 DAGs
[2022-07-30 22:03:07,433] {logging_mixin.py:104} INFO - [2022-07-30 22:03:07,433] {dag.py:2280} INFO - Setting next_dagrun for example_python_operator to None
[2022-07-30 22:03:07,472] {scheduler_job.py:190} INFO - Processing /home/airflow/.local/lib/python3.6/site-packages/airflow/example_dags/example_python_operator.py took 0.176 seconds
[2022-07-30 22:03:37,646] {scheduler_job.py:182} INFO - Started process (PID=467) to work on /home/airflow/.local/lib/python3.6/site-packages/airflow/example_dags/example_python_operator.py
[2022-07-30 22:03:37,648] {scheduler_job.py:629} INFO - Processing file /home/airflow/.local/lib/python3.6/site-packages/airflow/example_dags/example_python_operator.py for tasks to queue
[2022-07-30 22:03:37,650] {logging_mixin.py:104} INFO - [2022-07-30 22:03:37,649] {dagbag.py:451} INFO - Filling up the DagBag from /home/airflow/.local/lib/python3.6/site-packages/airflow/example_dags/example_python_operator.py
[2022-07-30 22:03:37,665] {scheduler_job.py:639} INFO - DAG(s) dict_keys(['example_python_operator']) retrieved from /home/airflow/.local/lib/python3.6/site-packages/airflow/example_dags/example_python_operator.py
[2022-07-30 22:03:37,693] {logging_mixin.py:104} INFO - [2022-07-30 22:03:37,692] {dag.py:1824} INFO - Sync 1 DAGs
[2022-07-30 22:03:37,712] {logging_mixin.py:104} INFO - [2022-07-30 22:03:37,712] {dag.py:2280} INFO - Setting next_dagrun for example_python_operator to None
[2022-07-30 22:03:37,730] {scheduler_job.py:190} INFO - Processing /home/airflow/.local/lib/python3.6/site-packages/airflow/example_dags/example_python_operator.py took 0.089 seconds
[2022-07-30 22:04:11,087] {scheduler_job.py:182} INFO - Started process (PID=496) to work on /home/airflow/.local/lib/python3.6/site-packages/airflow/example_dags/example_python_operator.py
[2022-07-30 22:04:11,106] {scheduler_job.py:629} INFO - Processing file /home/airflow/.local/lib/python3.6/site-packages/airflow/example_dags/example_python_operator.py for tasks to queue
[2022-07-30 22:04:11,130] {logging_mixin.py:104} INFO - [2022-07-30 22:04:11,127] {dagbag.py:451} INFO - Filling up the DagBag from /home/airflow/.local/lib/python3.6/site-packages/airflow/example_dags/example_python_operator.py
[2022-07-30 22:04:11,179] {scheduler_job.py:639} INFO - DAG(s) dict_keys(['example_python_operator']) retrieved from /home/airflow/.local/lib/python3.6/site-packages/airflow/example_dags/example_python_operator.py
[2022-07-30 22:04:11,237] {logging_mixin.py:104} INFO - [2022-07-30 22:04:11,237] {dag.py:1824} INFO - Sync 1 DAGs
[2022-07-30 22:04:11,274] {logging_mixin.py:104} INFO - [2022-07-30 22:04:11,273] {dag.py:2280} INFO - Setting next_dagrun for example_python_operator to None
[2022-07-30 22:04:11,298] {scheduler_job.py:190} INFO - Processing /home/airflow/.local/lib/python3.6/site-packages/airflow/example_dags/example_python_operator.py took 0.217 seconds
[2022-07-30 22:04:42,514] {scheduler_job.py:182} INFO - Started process (PID=522) to work on /home/airflow/.local/lib/python3.6/site-packages/airflow/example_dags/example_python_operator.py
[2022-07-30 22:04:42,526] {scheduler_job.py:629} INFO - Processing file /home/airflow/.local/lib/python3.6/site-packages/airflow/example_dags/example_python_operator.py for tasks to queue
[2022-07-30 22:04:42,533] {logging_mixin.py:104} INFO - [2022-07-30 22:04:42,532] {dagbag.py:451} INFO - Filling up the DagBag from /home/airflow/.local/lib/python3.6/site-packages/airflow/example_dags/example_python_operator.py
[2022-07-30 22:04:42,609] {scheduler_job.py:639} INFO - DAG(s) dict_keys(['example_python_operator']) retrieved from /home/airflow/.local/lib/python3.6/site-packages/airflow/example_dags/example_python_operator.py
[2022-07-30 22:04:42,740] {logging_mixin.py:104} INFO - [2022-07-30 22:04:42,740] {dag.py:1824} INFO - Sync 1 DAGs
[2022-07-30 22:04:42,808] {logging_mixin.py:104} INFO - [2022-07-30 22:04:42,808] {dag.py:2280} INFO - Setting next_dagrun for example_python_operator to None
[2022-07-30 22:04:42,880] {scheduler_job.py:190} INFO - Processing /home/airflow/.local/lib/python3.6/site-packages/airflow/example_dags/example_python_operator.py took 0.373 seconds
[2022-07-30 22:05:13,206] {scheduler_job.py:182} INFO - Started process (PID=548) to work on /home/airflow/.local/lib/python3.6/site-packages/airflow/example_dags/example_python_operator.py
[2022-07-30 22:05:13,208] {scheduler_job.py:629} INFO - Processing file /home/airflow/.local/lib/python3.6/site-packages/airflow/example_dags/example_python_operator.py for tasks to queue
[2022-07-30 22:05:13,210] {logging_mixin.py:104} INFO - [2022-07-30 22:05:13,210] {dagbag.py:451} INFO - Filling up the DagBag from /home/airflow/.local/lib/python3.6/site-packages/airflow/example_dags/example_python_operator.py
[2022-07-30 22:05:13,231] {scheduler_job.py:639} INFO - DAG(s) dict_keys(['example_python_operator']) retrieved from /home/airflow/.local/lib/python3.6/site-packages/airflow/example_dags/example_python_operator.py
[2022-07-30 22:05:13,270] {logging_mixin.py:104} INFO - [2022-07-30 22:05:13,270] {dag.py:1824} INFO - Sync 1 DAGs
[2022-07-30 22:05:13,298] {logging_mixin.py:104} INFO - [2022-07-30 22:05:13,298] {dag.py:2280} INFO - Setting next_dagrun for example_python_operator to None
[2022-07-30 22:05:13,329] {scheduler_job.py:190} INFO - Processing /home/airflow/.local/lib/python3.6/site-packages/airflow/example_dags/example_python_operator.py took 0.127 seconds
[2022-07-30 22:05:43,875] {scheduler_job.py:182} INFO - Started process (PID=574) to work on /home/airflow/.local/lib/python3.6/site-packages/airflow/example_dags/example_python_operator.py
[2022-07-30 22:05:43,883] {scheduler_job.py:629} INFO - Processing file /home/airflow/.local/lib/python3.6/site-packages/airflow/example_dags/example_python_operator.py for tasks to queue
[2022-07-30 22:05:43,885] {logging_mixin.py:104} INFO - [2022-07-30 22:05:43,885] {dagbag.py:451} INFO - Filling up the DagBag from /home/airflow/.local/lib/python3.6/site-packages/airflow/example_dags/example_python_operator.py
[2022-07-30 22:05:43,924] {scheduler_job.py:639} INFO - DAG(s) dict_keys(['example_python_operator']) retrieved from /home/airflow/.local/lib/python3.6/site-packages/airflow/example_dags/example_python_operator.py
[2022-07-30 22:05:43,973] {logging_mixin.py:104} INFO - [2022-07-30 22:05:43,972] {dag.py:1824} INFO - Sync 1 DAGs
[2022-07-30 22:05:44,006] {logging_mixin.py:104} INFO - [2022-07-30 22:05:44,006] {dag.py:2280} INFO - Setting next_dagrun for example_python_operator to None
[2022-07-30 22:05:44,034] {scheduler_job.py:190} INFO - Processing /home/airflow/.local/lib/python3.6/site-packages/airflow/example_dags/example_python_operator.py took 0.165 seconds
[2022-07-30 22:06:15,473] {scheduler_job.py:182} INFO - Started process (PID=599) to work on /home/airflow/.local/lib/python3.6/site-packages/airflow/example_dags/example_python_operator.py
[2022-07-30 22:06:15,476] {scheduler_job.py:629} INFO - Processing file /home/airflow/.local/lib/python3.6/site-packages/airflow/example_dags/example_python_operator.py for tasks to queue
[2022-07-30 22:06:15,478] {logging_mixin.py:104} INFO - [2022-07-30 22:06:15,478] {dagbag.py:451} INFO - Filling up the DagBag from /home/airflow/.local/lib/python3.6/site-packages/airflow/example_dags/example_python_operator.py
[2022-07-30 22:06:15,501] {scheduler_job.py:639} INFO - DAG(s) dict_keys(['example_python_operator']) retrieved from /home/airflow/.local/lib/python3.6/site-packages/airflow/example_dags/example_python_operator.py
[2022-07-30 22:06:15,546] {logging_mixin.py:104} INFO - [2022-07-30 22:06:15,546] {dag.py:1824} INFO - Sync 1 DAGs
[2022-07-30 22:06:15,578] {logging_mixin.py:104} INFO - [2022-07-30 22:06:15,578] {dag.py:2280} INFO - Setting next_dagrun for example_python_operator to None
[2022-07-30 22:06:15,600] {scheduler_job.py:190} INFO - Processing /home/airflow/.local/lib/python3.6/site-packages/airflow/example_dags/example_python_operator.py took 0.135 seconds
[2022-07-30 22:06:45,879] {scheduler_job.py:182} INFO - Started process (PID=625) to work on /home/airflow/.local/lib/python3.6/site-packages/airflow/example_dags/example_python_operator.py
[2022-07-30 22:06:45,881] {scheduler_job.py:629} INFO - Processing file /home/airflow/.local/lib/python3.6/site-packages/airflow/example_dags/example_python_operator.py for tasks to queue
[2022-07-30 22:06:45,883] {logging_mixin.py:104} INFO - [2022-07-30 22:06:45,883] {dagbag.py:451} INFO - Filling up the DagBag from /home/airflow/.local/lib/python3.6/site-packages/airflow/example_dags/example_python_operator.py
[2022-07-30 22:06:45,903] {scheduler_job.py:639} INFO - DAG(s) dict_keys(['example_python_operator']) retrieved from /home/airflow/.local/lib/python3.6/site-packages/airflow/example_dags/example_python_operator.py
[2022-07-30 22:06:45,935] {logging_mixin.py:104} INFO - [2022-07-30 22:06:45,934] {dag.py:1824} INFO - Sync 1 DAGs
[2022-07-30 22:06:45,955] {logging_mixin.py:104} INFO - [2022-07-30 22:06:45,955] {dag.py:2280} INFO - Setting next_dagrun for example_python_operator to None
[2022-07-30 22:06:45,970] {scheduler_job.py:190} INFO - Processing /home/airflow/.local/lib/python3.6/site-packages/airflow/example_dags/example_python_operator.py took 0.097 seconds
[2022-07-30 22:07:16,556] {scheduler_job.py:182} INFO - Started process (PID=652) to work on /home/airflow/.local/lib/python3.6/site-packages/airflow/example_dags/example_python_operator.py
[2022-07-30 22:07:16,559] {scheduler_job.py:629} INFO - Processing file /home/airflow/.local/lib/python3.6/site-packages/airflow/example_dags/example_python_operator.py for tasks to queue
[2022-07-30 22:07:16,561] {logging_mixin.py:104} INFO - [2022-07-30 22:07:16,561] {dagbag.py:451} INFO - Filling up the DagBag from /home/airflow/.local/lib/python3.6/site-packages/airflow/example_dags/example_python_operator.py
[2022-07-30 22:07:16,597] {scheduler_job.py:639} INFO - DAG(s) dict_keys(['example_python_operator']) retrieved from /home/airflow/.local/lib/python3.6/site-packages/airflow/example_dags/example_python_operator.py
[2022-07-30 22:07:16,650] {logging_mixin.py:104} INFO - [2022-07-30 22:07:16,650] {dag.py:1824} INFO - Sync 1 DAGs
[2022-07-30 22:07:16,697] {logging_mixin.py:104} INFO - [2022-07-30 22:07:16,696] {dag.py:2280} INFO - Setting next_dagrun for example_python_operator to None
[2022-07-30 22:07:16,729] {scheduler_job.py:190} INFO - Processing /home/airflow/.local/lib/python3.6/site-packages/airflow/example_dags/example_python_operator.py took 0.180 seconds
[2022-07-30 22:07:47,836] {scheduler_job.py:182} INFO - Started process (PID=678) to work on /home/airflow/.local/lib/python3.6/site-packages/airflow/example_dags/example_python_operator.py
[2022-07-30 22:07:47,842] {scheduler_job.py:629} INFO - Processing file /home/airflow/.local/lib/python3.6/site-packages/airflow/example_dags/example_python_operator.py for tasks to queue
[2022-07-30 22:07:47,850] {logging_mixin.py:104} INFO - [2022-07-30 22:07:47,849] {dagbag.py:451} INFO - Filling up the DagBag from /home/airflow/.local/lib/python3.6/site-packages/airflow/example_dags/example_python_operator.py
[2022-07-30 22:07:47,948] {scheduler_job.py:639} INFO - DAG(s) dict_keys(['example_python_operator']) retrieved from /home/airflow/.local/lib/python3.6/site-packages/airflow/example_dags/example_python_operator.py
[2022-07-30 22:07:48,062] {logging_mixin.py:104} INFO - [2022-07-30 22:07:48,062] {dag.py:1824} INFO - Sync 1 DAGs
[2022-07-30 22:07:48,164] {logging_mixin.py:104} INFO - [2022-07-30 22:07:48,164] {dag.py:2280} INFO - Setting next_dagrun for example_python_operator to None
[2022-07-30 22:07:48,202] {scheduler_job.py:190} INFO - Processing /home/airflow/.local/lib/python3.6/site-packages/airflow/example_dags/example_python_operator.py took 0.373 seconds
[2022-07-30 22:08:18,317] {scheduler_job.py:182} INFO - Started process (PID=704) to work on /home/airflow/.local/lib/python3.6/site-packages/airflow/example_dags/example_python_operator.py
[2022-07-30 22:08:18,319] {scheduler_job.py:629} INFO - Processing file /home/airflow/.local/lib/python3.6/site-packages/airflow/example_dags/example_python_operator.py for tasks to queue
[2022-07-30 22:08:18,320] {logging_mixin.py:104} INFO - [2022-07-30 22:08:18,320] {dagbag.py:451} INFO - Filling up the DagBag from /home/airflow/.local/lib/python3.6/site-packages/airflow/example_dags/example_python_operator.py
[2022-07-30 22:08:18,340] {scheduler_job.py:639} INFO - DAG(s) dict_keys(['example_python_operator']) retrieved from /home/airflow/.local/lib/python3.6/site-packages/airflow/example_dags/example_python_operator.py
[2022-07-30 22:08:18,375] {logging_mixin.py:104} INFO - [2022-07-30 22:08:18,375] {dag.py:1824} INFO - Sync 1 DAGs
[2022-07-30 22:08:18,395] {logging_mixin.py:104} INFO - [2022-07-30 22:08:18,394] {dag.py:2280} INFO - Setting next_dagrun for example_python_operator to None
[2022-07-30 22:08:18,410] {scheduler_job.py:190} INFO - Processing /home/airflow/.local/lib/python3.6/site-packages/airflow/example_dags/example_python_operator.py took 0.097 seconds
[2022-07-30 22:08:48,555] {scheduler_job.py:182} INFO - Started process (PID=730) to work on /home/airflow/.local/lib/python3.6/site-packages/airflow/example_dags/example_python_operator.py
[2022-07-30 22:08:48,558] {scheduler_job.py:629} INFO - Processing file /home/airflow/.local/lib/python3.6/site-packages/airflow/example_dags/example_python_operator.py for tasks to queue
[2022-07-30 22:08:48,559] {logging_mixin.py:104} INFO - [2022-07-30 22:08:48,559] {dagbag.py:451} INFO - Filling up the DagBag from /home/airflow/.local/lib/python3.6/site-packages/airflow/example_dags/example_python_operator.py
[2022-07-30 22:08:48,580] {scheduler_job.py:639} INFO - DAG(s) dict_keys(['example_python_operator']) retrieved from /home/airflow/.local/lib/python3.6/site-packages/airflow/example_dags/example_python_operator.py
[2022-07-30 22:08:48,639] {logging_mixin.py:104} INFO - [2022-07-30 22:08:48,639] {dag.py:1824} INFO - Sync 1 DAGs
[2022-07-30 22:08:48,680] {logging_mixin.py:104} INFO - [2022-07-30 22:08:48,680] {dag.py:2280} INFO - Setting next_dagrun for example_python_operator to None
[2022-07-30 22:08:48,742] {scheduler_job.py:190} INFO - Processing /home/airflow/.local/lib/python3.6/site-packages/airflow/example_dags/example_python_operator.py took 0.192 seconds
[2022-07-30 22:09:20,425] {scheduler_job.py:182} INFO - Started process (PID=756) to work on /home/airflow/.local/lib/python3.6/site-packages/airflow/example_dags/example_python_operator.py
[2022-07-30 22:09:20,428] {scheduler_job.py:629} INFO - Processing file /home/airflow/.local/lib/python3.6/site-packages/airflow/example_dags/example_python_operator.py for tasks to queue
[2022-07-30 22:09:20,430] {logging_mixin.py:104} INFO - [2022-07-30 22:09:20,430] {dagbag.py:451} INFO - Filling up the DagBag from /home/airflow/.local/lib/python3.6/site-packages/airflow/example_dags/example_python_operator.py
[2022-07-30 22:09:20,462] {scheduler_job.py:639} INFO - DAG(s) dict_keys(['example_python_operator']) retrieved from /home/airflow/.local/lib/python3.6/site-packages/airflow/example_dags/example_python_operator.py
[2022-07-30 22:09:20,499] {logging_mixin.py:104} INFO - [2022-07-30 22:09:20,498] {dag.py:1824} INFO - Sync 1 DAGs
[2022-07-30 22:09:20,537] {logging_mixin.py:104} INFO - [2022-07-30 22:09:20,537] {dag.py:2280} INFO - Setting next_dagrun for example_python_operator to None
[2022-07-30 22:09:20,568] {scheduler_job.py:190} INFO - Processing /home/airflow/.local/lib/python3.6/site-packages/airflow/example_dags/example_python_operator.py took 0.158 seconds
[2022-07-30 22:09:51,632] {scheduler_job.py:182} INFO - Started process (PID=783) to work on /home/airflow/.local/lib/python3.6/site-packages/airflow/example_dags/example_python_operator.py
[2022-07-30 22:09:51,645] {scheduler_job.py:629} INFO - Processing file /home/airflow/.local/lib/python3.6/site-packages/airflow/example_dags/example_python_operator.py for tasks to queue
[2022-07-30 22:09:51,656] {logging_mixin.py:104} INFO - [2022-07-30 22:09:51,655] {dagbag.py:451} INFO - Filling up the DagBag from /home/airflow/.local/lib/python3.6/site-packages/airflow/example_dags/example_python_operator.py
[2022-07-30 22:09:51,716] {scheduler_job.py:639} INFO - DAG(s) dict_keys(['example_python_operator']) retrieved from /home/airflow/.local/lib/python3.6/site-packages/airflow/example_dags/example_python_operator.py
[2022-07-30 22:09:51,804] {logging_mixin.py:104} INFO - [2022-07-30 22:09:51,804] {dag.py:1824} INFO - Sync 1 DAGs
[2022-07-30 22:09:51,846] {logging_mixin.py:104} INFO - [2022-07-30 22:09:51,846] {dag.py:2280} INFO - Setting next_dagrun for example_python_operator to None
[2022-07-30 22:09:51,871] {scheduler_job.py:190} INFO - Processing /home/airflow/.local/lib/python3.6/site-packages/airflow/example_dags/example_python_operator.py took 0.248 seconds
[2022-07-30 22:10:21,939] {scheduler_job.py:182} INFO - Started process (PID=808) to work on /home/airflow/.local/lib/python3.6/site-packages/airflow/example_dags/example_python_operator.py
[2022-07-30 22:10:21,941] {scheduler_job.py:629} INFO - Processing file /home/airflow/.local/lib/python3.6/site-packages/airflow/example_dags/example_python_operator.py for tasks to queue
[2022-07-30 22:10:21,943] {logging_mixin.py:104} INFO - [2022-07-30 22:10:21,942] {dagbag.py:451} INFO - Filling up the DagBag from /home/airflow/.local/lib/python3.6/site-packages/airflow/example_dags/example_python_operator.py
[2022-07-30 22:10:21,959] {scheduler_job.py:639} INFO - DAG(s) dict_keys(['example_python_operator']) retrieved from /home/airflow/.local/lib/python3.6/site-packages/airflow/example_dags/example_python_operator.py
[2022-07-30 22:10:21,989] {logging_mixin.py:104} INFO - [2022-07-30 22:10:21,989] {dag.py:1824} INFO - Sync 1 DAGs
[2022-07-30 22:10:22,020] {logging_mixin.py:104} INFO - [2022-07-30 22:10:22,020] {dag.py:2280} INFO - Setting next_dagrun for example_python_operator to None
[2022-07-30 22:10:22,040] {scheduler_job.py:190} INFO - Processing /home/airflow/.local/lib/python3.6/site-packages/airflow/example_dags/example_python_operator.py took 0.105 seconds
[2022-07-30 22:10:52,312] {scheduler_job.py:182} INFO - Started process (PID=832) to work on /home/airflow/.local/lib/python3.6/site-packages/airflow/example_dags/example_python_operator.py
[2022-07-30 22:10:52,315] {scheduler_job.py:629} INFO - Processing file /home/airflow/.local/lib/python3.6/site-packages/airflow/example_dags/example_python_operator.py for tasks to queue
[2022-07-30 22:10:52,317] {logging_mixin.py:104} INFO - [2022-07-30 22:10:52,316] {dagbag.py:451} INFO - Filling up the DagBag from /home/airflow/.local/lib/python3.6/site-packages/airflow/example_dags/example_python_operator.py
[2022-07-30 22:10:52,356] {scheduler_job.py:639} INFO - DAG(s) dict_keys(['example_python_operator']) retrieved from /home/airflow/.local/lib/python3.6/site-packages/airflow/example_dags/example_python_operator.py
[2022-07-30 22:10:52,395] {logging_mixin.py:104} INFO - [2022-07-30 22:10:52,394] {dag.py:1824} INFO - Sync 1 DAGs
[2022-07-30 22:10:52,435] {logging_mixin.py:104} INFO - [2022-07-30 22:10:52,435] {dag.py:2280} INFO - Setting next_dagrun for example_python_operator to None
[2022-07-30 22:10:52,452] {scheduler_job.py:190} INFO - Processing /home/airflow/.local/lib/python3.6/site-packages/airflow/example_dags/example_python_operator.py took 0.145 seconds
[2022-07-30 22:11:23,402] {scheduler_job.py:182} INFO - Started process (PID=860) to work on /home/airflow/.local/lib/python3.6/site-packages/airflow/example_dags/example_python_operator.py
[2022-07-30 22:11:23,405] {scheduler_job.py:629} INFO - Processing file /home/airflow/.local/lib/python3.6/site-packages/airflow/example_dags/example_python_operator.py for tasks to queue
[2022-07-30 22:11:23,406] {logging_mixin.py:104} INFO - [2022-07-30 22:11:23,406] {dagbag.py:451} INFO - Filling up the DagBag from /home/airflow/.local/lib/python3.6/site-packages/airflow/example_dags/example_python_operator.py
[2022-07-30 22:11:23,424] {scheduler_job.py:639} INFO - DAG(s) dict_keys(['example_python_operator']) retrieved from /home/airflow/.local/lib/python3.6/site-packages/airflow/example_dags/example_python_operator.py
[2022-07-30 22:11:23,458] {logging_mixin.py:104} INFO - [2022-07-30 22:11:23,458] {dag.py:1824} INFO - Sync 1 DAGs
[2022-07-30 22:11:23,489] {logging_mixin.py:104} INFO - [2022-07-30 22:11:23,489] {dag.py:2280} INFO - Setting next_dagrun for example_python_operator to None
[2022-07-30 22:11:23,504] {scheduler_job.py:190} INFO - Processing /home/airflow/.local/lib/python3.6/site-packages/airflow/example_dags/example_python_operator.py took 0.106 seconds
[2022-07-30 22:11:54,027] {scheduler_job.py:182} INFO - Started process (PID=886) to work on /home/airflow/.local/lib/python3.6/site-packages/airflow/example_dags/example_python_operator.py
[2022-07-30 22:11:54,029] {scheduler_job.py:629} INFO - Processing file /home/airflow/.local/lib/python3.6/site-packages/airflow/example_dags/example_python_operator.py for tasks to queue
[2022-07-30 22:11:54,030] {logging_mixin.py:104} INFO - [2022-07-30 22:11:54,030] {dagbag.py:451} INFO - Filling up the DagBag from /home/airflow/.local/lib/python3.6/site-packages/airflow/example_dags/example_python_operator.py
[2022-07-30 22:11:54,047] {scheduler_job.py:639} INFO - DAG(s) dict_keys(['example_python_operator']) retrieved from /home/airflow/.local/lib/python3.6/site-packages/airflow/example_dags/example_python_operator.py
[2022-07-30 22:11:54,102] {logging_mixin.py:104} INFO - [2022-07-30 22:11:54,102] {dag.py:1824} INFO - Sync 1 DAGs
[2022-07-30 22:11:54,126] {logging_mixin.py:104} INFO - [2022-07-30 22:11:54,126] {dag.py:2280} INFO - Setting next_dagrun for example_python_operator to None
[2022-07-30 22:11:54,143] {scheduler_job.py:190} INFO - Processing /home/airflow/.local/lib/python3.6/site-packages/airflow/example_dags/example_python_operator.py took 0.120 seconds
[2022-07-30 22:12:24,741] {scheduler_job.py:182} INFO - Started process (PID=911) to work on /home/airflow/.local/lib/python3.6/site-packages/airflow/example_dags/example_python_operator.py
[2022-07-30 22:12:24,745] {scheduler_job.py:629} INFO - Processing file /home/airflow/.local/lib/python3.6/site-packages/airflow/example_dags/example_python_operator.py for tasks to queue
[2022-07-30 22:12:24,748] {logging_mixin.py:104} INFO - [2022-07-30 22:12:24,748] {dagbag.py:451} INFO - Filling up the DagBag from /home/airflow/.local/lib/python3.6/site-packages/airflow/example_dags/example_python_operator.py
[2022-07-30 22:12:24,823] {scheduler_job.py:639} INFO - DAG(s) dict_keys(['example_python_operator']) retrieved from /home/airflow/.local/lib/python3.6/site-packages/airflow/example_dags/example_python_operator.py
[2022-07-30 22:12:24,933] {logging_mixin.py:104} INFO - [2022-07-30 22:12:24,932] {dag.py:1824} INFO - Sync 1 DAGs
[2022-07-30 22:12:24,965] {logging_mixin.py:104} INFO - [2022-07-30 22:12:24,965] {dag.py:2280} INFO - Setting next_dagrun for example_python_operator to None
[2022-07-30 22:12:25,020] {scheduler_job.py:190} INFO - Processing /home/airflow/.local/lib/python3.6/site-packages/airflow/example_dags/example_python_operator.py took 0.297 seconds
[2022-07-30 22:12:56,001] {scheduler_job.py:182} INFO - Started process (PID=938) to work on /home/airflow/.local/lib/python3.6/site-packages/airflow/example_dags/example_python_operator.py
[2022-07-30 22:12:56,003] {scheduler_job.py:629} INFO - Processing file /home/airflow/.local/lib/python3.6/site-packages/airflow/example_dags/example_python_operator.py for tasks to queue
[2022-07-30 22:12:56,005] {logging_mixin.py:104} INFO - [2022-07-30 22:12:56,005] {dagbag.py:451} INFO - Filling up the DagBag from /home/airflow/.local/lib/python3.6/site-packages/airflow/example_dags/example_python_operator.py
[2022-07-30 22:12:56,029] {scheduler_job.py:639} INFO - DAG(s) dict_keys(['example_python_operator']) retrieved from /home/airflow/.local/lib/python3.6/site-packages/airflow/example_dags/example_python_operator.py
[2022-07-30 22:12:56,066] {logging_mixin.py:104} INFO - [2022-07-30 22:12:56,066] {dag.py:1824} INFO - Sync 1 DAGs
[2022-07-30 22:12:56,090] {logging_mixin.py:104} INFO - [2022-07-30 22:12:56,090] {dag.py:2280} INFO - Setting next_dagrun for example_python_operator to None
[2022-07-30 22:12:56,109] {scheduler_job.py:190} INFO - Processing /home/airflow/.local/lib/python3.6/site-packages/airflow/example_dags/example_python_operator.py took 0.114 seconds
[2022-07-30 22:13:27,445] {scheduler_job.py:182} INFO - Started process (PID=965) to work on /home/airflow/.local/lib/python3.6/site-packages/airflow/example_dags/example_python_operator.py
[2022-07-30 22:13:27,447] {scheduler_job.py:629} INFO - Processing file /home/airflow/.local/lib/python3.6/site-packages/airflow/example_dags/example_python_operator.py for tasks to queue
[2022-07-30 22:13:27,459] {logging_mixin.py:104} INFO - [2022-07-30 22:13:27,449] {dagbag.py:451} INFO - Filling up the DagBag from /home/airflow/.local/lib/python3.6/site-packages/airflow/example_dags/example_python_operator.py
[2022-07-30 22:13:27,517] {scheduler_job.py:639} INFO - DAG(s) dict_keys(['example_python_operator']) retrieved from /home/airflow/.local/lib/python3.6/site-packages/airflow/example_dags/example_python_operator.py
[2022-07-30 22:13:27,611] {logging_mixin.py:104} INFO - [2022-07-30 22:13:27,610] {dag.py:1824} INFO - Sync 1 DAGs
[2022-07-30 22:13:27,660] {logging_mixin.py:104} INFO - [2022-07-30 22:13:27,660] {dag.py:2280} INFO - Setting next_dagrun for example_python_operator to None
[2022-07-30 22:13:27,737] {scheduler_job.py:190} INFO - Processing /home/airflow/.local/lib/python3.6/site-packages/airflow/example_dags/example_python_operator.py took 0.307 seconds
[2022-07-30 22:13:58,224] {scheduler_job.py:182} INFO - Started process (PID=991) to work on /home/airflow/.local/lib/python3.6/site-packages/airflow/example_dags/example_python_operator.py
[2022-07-30 22:13:58,226] {scheduler_job.py:629} INFO - Processing file /home/airflow/.local/lib/python3.6/site-packages/airflow/example_dags/example_python_operator.py for tasks to queue
[2022-07-30 22:13:58,227] {logging_mixin.py:104} INFO - [2022-07-30 22:13:58,227] {dagbag.py:451} INFO - Filling up the DagBag from /home/airflow/.local/lib/python3.6/site-packages/airflow/example_dags/example_python_operator.py
[2022-07-30 22:13:58,244] {scheduler_job.py:639} INFO - DAG(s) dict_keys(['example_python_operator']) retrieved from /home/airflow/.local/lib/python3.6/site-packages/airflow/example_dags/example_python_operator.py
[2022-07-30 22:13:58,273] {logging_mixin.py:104} INFO - [2022-07-30 22:13:58,273] {dag.py:1824} INFO - Sync 1 DAGs
[2022-07-30 22:13:58,293] {logging_mixin.py:104} INFO - [2022-07-30 22:13:58,293] {dag.py:2280} INFO - Setting next_dagrun for example_python_operator to None
[2022-07-30 22:13:58,311] {scheduler_job.py:190} INFO - Processing /home/airflow/.local/lib/python3.6/site-packages/airflow/example_dags/example_python_operator.py took 0.090 seconds
[2022-07-30 22:14:28,882] {scheduler_job.py:182} INFO - Started process (PID=1017) to work on /home/airflow/.local/lib/python3.6/site-packages/airflow/example_dags/example_python_operator.py
[2022-07-30 22:14:28,884] {scheduler_job.py:629} INFO - Processing file /home/airflow/.local/lib/python3.6/site-packages/airflow/example_dags/example_python_operator.py for tasks to queue
[2022-07-30 22:14:28,885] {logging_mixin.py:104} INFO - [2022-07-30 22:14:28,885] {dagbag.py:451} INFO - Filling up the DagBag from /home/airflow/.local/lib/python3.6/site-packages/airflow/example_dags/example_python_operator.py
[2022-07-30 22:14:28,926] {scheduler_job.py:639} INFO - DAG(s) dict_keys(['example_python_operator']) retrieved from /home/airflow/.local/lib/python3.6/site-packages/airflow/example_dags/example_python_operator.py
[2022-07-30 22:14:28,969] {logging_mixin.py:104} INFO - [2022-07-30 22:14:28,968] {dag.py:1824} INFO - Sync 1 DAGs
[2022-07-30 22:14:28,998] {logging_mixin.py:104} INFO - [2022-07-30 22:14:28,998] {dag.py:2280} INFO - Setting next_dagrun for example_python_operator to None
[2022-07-30 22:14:29,031] {scheduler_job.py:190} INFO - Processing /home/airflow/.local/lib/python3.6/site-packages/airflow/example_dags/example_python_operator.py took 0.155 seconds
[2022-07-30 22:14:59,126] {scheduler_job.py:182} INFO - Started process (PID=1043) to work on /home/airflow/.local/lib/python3.6/site-packages/airflow/example_dags/example_python_operator.py
[2022-07-30 22:14:59,128] {scheduler_job.py:629} INFO - Processing file /home/airflow/.local/lib/python3.6/site-packages/airflow/example_dags/example_python_operator.py for tasks to queue
[2022-07-30 22:14:59,129] {logging_mixin.py:104} INFO - [2022-07-30 22:14:59,129] {dagbag.py:451} INFO - Filling up the DagBag from /home/airflow/.local/lib/python3.6/site-packages/airflow/example_dags/example_python_operator.py
[2022-07-30 22:14:59,146] {scheduler_job.py:639} INFO - DAG(s) dict_keys(['example_python_operator']) retrieved from /home/airflow/.local/lib/python3.6/site-packages/airflow/example_dags/example_python_operator.py
[2022-07-30 22:14:59,185] {logging_mixin.py:104} INFO - [2022-07-30 22:14:59,185] {dag.py:1824} INFO - Sync 1 DAGs
[2022-07-30 22:14:59,210] {logging_mixin.py:104} INFO - [2022-07-30 22:14:59,210] {dag.py:2280} INFO - Setting next_dagrun for example_python_operator to None
[2022-07-30 22:14:59,227] {scheduler_job.py:190} INFO - Processing /home/airflow/.local/lib/python3.6/site-packages/airflow/example_dags/example_python_operator.py took 0.105 seconds
[2022-07-30 22:15:30,224] {scheduler_job.py:182} INFO - Started process (PID=1069) to work on /home/airflow/.local/lib/python3.6/site-packages/airflow/example_dags/example_python_operator.py
[2022-07-30 22:15:30,228] {scheduler_job.py:629} INFO - Processing file /home/airflow/.local/lib/python3.6/site-packages/airflow/example_dags/example_python_operator.py for tasks to queue
[2022-07-30 22:15:30,233] {logging_mixin.py:104} INFO - [2022-07-30 22:15:30,233] {dagbag.py:451} INFO - Filling up the DagBag from /home/airflow/.local/lib/python3.6/site-packages/airflow/example_dags/example_python_operator.py
[2022-07-30 22:15:30,292] {scheduler_job.py:639} INFO - DAG(s) dict_keys(['example_python_operator']) retrieved from /home/airflow/.local/lib/python3.6/site-packages/airflow/example_dags/example_python_operator.py
[2022-07-30 22:15:30,353] {logging_mixin.py:104} INFO - [2022-07-30 22:15:30,353] {dag.py:1824} INFO - Sync 1 DAGs
[2022-07-30 22:15:30,410] {logging_mixin.py:104} INFO - [2022-07-30 22:15:30,410] {dag.py:2280} INFO - Setting next_dagrun for example_python_operator to None
[2022-07-30 22:15:30,484] {scheduler_job.py:190} INFO - Processing /home/airflow/.local/lib/python3.6/site-packages/airflow/example_dags/example_python_operator.py took 0.268 seconds
[2022-07-30 22:16:00,775] {scheduler_job.py:182} INFO - Started process (PID=1095) to work on /home/airflow/.local/lib/python3.6/site-packages/airflow/example_dags/example_python_operator.py
[2022-07-30 22:16:00,788] {scheduler_job.py:629} INFO - Processing file /home/airflow/.local/lib/python3.6/site-packages/airflow/example_dags/example_python_operator.py for tasks to queue
[2022-07-30 22:16:00,790] {logging_mixin.py:104} INFO - [2022-07-30 22:16:00,790] {dagbag.py:451} INFO - Filling up the DagBag from /home/airflow/.local/lib/python3.6/site-packages/airflow/example_dags/example_python_operator.py
[2022-07-30 22:16:00,825] {scheduler_job.py:639} INFO - DAG(s) dict_keys(['example_python_operator']) retrieved from /home/airflow/.local/lib/python3.6/site-packages/airflow/example_dags/example_python_operator.py
[2022-07-30 22:16:00,878] {logging_mixin.py:104} INFO - [2022-07-30 22:16:00,878] {dag.py:1824} INFO - Sync 1 DAGs
[2022-07-30 22:16:00,932] {logging_mixin.py:104} INFO - [2022-07-30 22:16:00,932] {dag.py:2280} INFO - Setting next_dagrun for example_python_operator to None
[2022-07-30 22:16:00,993] {scheduler_job.py:190} INFO - Processing /home/airflow/.local/lib/python3.6/site-packages/airflow/example_dags/example_python_operator.py took 0.237 seconds
[2022-07-30 22:16:31,151] {scheduler_job.py:182} INFO - Started process (PID=1121) to work on /home/airflow/.local/lib/python3.6/site-packages/airflow/example_dags/example_python_operator.py
[2022-07-30 22:16:31,153] {scheduler_job.py:629} INFO - Processing file /home/airflow/.local/lib/python3.6/site-packages/airflow/example_dags/example_python_operator.py for tasks to queue
[2022-07-30 22:16:31,155] {logging_mixin.py:104} INFO - [2022-07-30 22:16:31,154] {dagbag.py:451} INFO - Filling up the DagBag from /home/airflow/.local/lib/python3.6/site-packages/airflow/example_dags/example_python_operator.py
[2022-07-30 22:16:31,176] {scheduler_job.py:639} INFO - DAG(s) dict_keys(['example_python_operator']) retrieved from /home/airflow/.local/lib/python3.6/site-packages/airflow/example_dags/example_python_operator.py
[2022-07-30 22:16:31,213] {logging_mixin.py:104} INFO - [2022-07-30 22:16:31,212] {dag.py:1824} INFO - Sync 1 DAGs
[2022-07-30 22:16:31,235] {logging_mixin.py:104} INFO - [2022-07-30 22:16:31,235] {dag.py:2280} INFO - Setting next_dagrun for example_python_operator to None
[2022-07-30 22:16:31,253] {scheduler_job.py:190} INFO - Processing /home/airflow/.local/lib/python3.6/site-packages/airflow/example_dags/example_python_operator.py took 0.107 seconds
[2022-07-30 22:17:01,430] {scheduler_job.py:182} INFO - Started process (PID=1147) to work on /home/airflow/.local/lib/python3.6/site-packages/airflow/example_dags/example_python_operator.py
[2022-07-30 22:17:01,432] {scheduler_job.py:629} INFO - Processing file /home/airflow/.local/lib/python3.6/site-packages/airflow/example_dags/example_python_operator.py for tasks to queue
[2022-07-30 22:17:01,433] {logging_mixin.py:104} INFO - [2022-07-30 22:17:01,433] {dagbag.py:451} INFO - Filling up the DagBag from /home/airflow/.local/lib/python3.6/site-packages/airflow/example_dags/example_python_operator.py
[2022-07-30 22:17:01,455] {scheduler_job.py:639} INFO - DAG(s) dict_keys(['example_python_operator']) retrieved from /home/airflow/.local/lib/python3.6/site-packages/airflow/example_dags/example_python_operator.py
[2022-07-30 22:17:01,500] {logging_mixin.py:104} INFO - [2022-07-30 22:17:01,500] {dag.py:1824} INFO - Sync 1 DAGs
[2022-07-30 22:17:01,522] {logging_mixin.py:104} INFO - [2022-07-30 22:17:01,522] {dag.py:2280} INFO - Setting next_dagrun for example_python_operator to None
[2022-07-30 22:17:01,557] {scheduler_job.py:190} INFO - Processing /home/airflow/.local/lib/python3.6/site-packages/airflow/example_dags/example_python_operator.py took 0.133 seconds
[2022-07-30 22:17:31,838] {scheduler_job.py:182} INFO - Started process (PID=1173) to work on /home/airflow/.local/lib/python3.6/site-packages/airflow/example_dags/example_python_operator.py
[2022-07-30 22:17:31,842] {scheduler_job.py:629} INFO - Processing file /home/airflow/.local/lib/python3.6/site-packages/airflow/example_dags/example_python_operator.py for tasks to queue
[2022-07-30 22:17:31,844] {logging_mixin.py:104} INFO - [2022-07-30 22:17:31,844] {dagbag.py:451} INFO - Filling up the DagBag from /home/airflow/.local/lib/python3.6/site-packages/airflow/example_dags/example_python_operator.py
[2022-07-30 22:17:31,864] {scheduler_job.py:639} INFO - DAG(s) dict_keys(['example_python_operator']) retrieved from /home/airflow/.local/lib/python3.6/site-packages/airflow/example_dags/example_python_operator.py
[2022-07-30 22:17:31,902] {logging_mixin.py:104} INFO - [2022-07-30 22:17:31,902] {dag.py:1824} INFO - Sync 1 DAGs
[2022-07-30 22:17:31,927] {logging_mixin.py:104} INFO - [2022-07-30 22:17:31,927] {dag.py:2280} INFO - Setting next_dagrun for example_python_operator to None
[2022-07-30 22:17:31,946] {scheduler_job.py:190} INFO - Processing /home/airflow/.local/lib/python3.6/site-packages/airflow/example_dags/example_python_operator.py took 0.113 seconds
[2022-07-30 22:18:02,129] {scheduler_job.py:182} INFO - Started process (PID=1199) to work on /home/airflow/.local/lib/python3.6/site-packages/airflow/example_dags/example_python_operator.py
[2022-07-30 22:18:02,134] {scheduler_job.py:629} INFO - Processing file /home/airflow/.local/lib/python3.6/site-packages/airflow/example_dags/example_python_operator.py for tasks to queue
[2022-07-30 22:18:02,143] {logging_mixin.py:104} INFO - [2022-07-30 22:18:02,142] {dagbag.py:451} INFO - Filling up the DagBag from /home/airflow/.local/lib/python3.6/site-packages/airflow/example_dags/example_python_operator.py
[2022-07-30 22:18:02,203] {scheduler_job.py:639} INFO - DAG(s) dict_keys(['example_python_operator']) retrieved from /home/airflow/.local/lib/python3.6/site-packages/airflow/example_dags/example_python_operator.py
[2022-07-30 22:18:02,284] {logging_mixin.py:104} INFO - [2022-07-30 22:18:02,284] {dag.py:1824} INFO - Sync 1 DAGs
[2022-07-30 22:18:02,325] {logging_mixin.py:104} INFO - [2022-07-30 22:18:02,325] {dag.py:2280} INFO - Setting next_dagrun for example_python_operator to None
[2022-07-30 22:18:02,355] {scheduler_job.py:190} INFO - Processing /home/airflow/.local/lib/python3.6/site-packages/airflow/example_dags/example_python_operator.py took 0.237 seconds
[2022-07-30 22:18:33,093] {scheduler_job.py:182} INFO - Started process (PID=1225) to work on /home/airflow/.local/lib/python3.6/site-packages/airflow/example_dags/example_python_operator.py
[2022-07-30 22:18:33,096] {scheduler_job.py:629} INFO - Processing file /home/airflow/.local/lib/python3.6/site-packages/airflow/example_dags/example_python_operator.py for tasks to queue
[2022-07-30 22:18:33,097] {logging_mixin.py:104} INFO - [2022-07-30 22:18:33,097] {dagbag.py:451} INFO - Filling up the DagBag from /home/airflow/.local/lib/python3.6/site-packages/airflow/example_dags/example_python_operator.py
[2022-07-30 22:18:33,118] {scheduler_job.py:639} INFO - DAG(s) dict_keys(['example_python_operator']) retrieved from /home/airflow/.local/lib/python3.6/site-packages/airflow/example_dags/example_python_operator.py
[2022-07-30 22:18:33,154] {logging_mixin.py:104} INFO - [2022-07-30 22:18:33,154] {dag.py:1824} INFO - Sync 1 DAGs
[2022-07-30 22:18:33,180] {logging_mixin.py:104} INFO - [2022-07-30 22:18:33,179] {dag.py:2280} INFO - Setting next_dagrun for example_python_operator to None
[2022-07-30 22:18:33,201] {scheduler_job.py:190} INFO - Processing /home/airflow/.local/lib/python3.6/site-packages/airflow/example_dags/example_python_operator.py took 0.111 seconds
[2022-07-30 22:19:03,519] {scheduler_job.py:182} INFO - Started process (PID=1250) to work on /home/airflow/.local/lib/python3.6/site-packages/airflow/example_dags/example_python_operator.py
[2022-07-30 22:19:03,521] {scheduler_job.py:629} INFO - Processing file /home/airflow/.local/lib/python3.6/site-packages/airflow/example_dags/example_python_operator.py for tasks to queue
[2022-07-30 22:19:03,523] {logging_mixin.py:104} INFO - [2022-07-30 22:19:03,523] {dagbag.py:451} INFO - Filling up the DagBag from /home/airflow/.local/lib/python3.6/site-packages/airflow/example_dags/example_python_operator.py
[2022-07-30 22:19:03,545] {scheduler_job.py:639} INFO - DAG(s) dict_keys(['example_python_operator']) retrieved from /home/airflow/.local/lib/python3.6/site-packages/airflow/example_dags/example_python_operator.py
[2022-07-30 22:19:03,591] {logging_mixin.py:104} INFO - [2022-07-30 22:19:03,590] {dag.py:1824} INFO - Sync 1 DAGs
[2022-07-30 22:19:03,618] {logging_mixin.py:104} INFO - [2022-07-30 22:19:03,618] {dag.py:2280} INFO - Setting next_dagrun for example_python_operator to None
[2022-07-30 22:19:03,640] {scheduler_job.py:190} INFO - Processing /home/airflow/.local/lib/python3.6/site-packages/airflow/example_dags/example_python_operator.py took 0.127 seconds
[2022-07-30 22:19:34,070] {scheduler_job.py:182} INFO - Started process (PID=1277) to work on /home/airflow/.local/lib/python3.6/site-packages/airflow/example_dags/example_python_operator.py
[2022-07-30 22:19:34,073] {scheduler_job.py:629} INFO - Processing file /home/airflow/.local/lib/python3.6/site-packages/airflow/example_dags/example_python_operator.py for tasks to queue
[2022-07-30 22:19:34,075] {logging_mixin.py:104} INFO - [2022-07-30 22:19:34,075] {dagbag.py:451} INFO - Filling up the DagBag from /home/airflow/.local/lib/python3.6/site-packages/airflow/example_dags/example_python_operator.py
[2022-07-30 22:19:34,105] {scheduler_job.py:639} INFO - DAG(s) dict_keys(['example_python_operator']) retrieved from /home/airflow/.local/lib/python3.6/site-packages/airflow/example_dags/example_python_operator.py
[2022-07-30 22:19:34,150] {logging_mixin.py:104} INFO - [2022-07-30 22:19:34,149] {dag.py:1824} INFO - Sync 1 DAGs
[2022-07-30 22:19:34,200] {logging_mixin.py:104} INFO - [2022-07-30 22:19:34,199] {dag.py:2280} INFO - Setting next_dagrun for example_python_operator to None
[2022-07-30 22:19:34,230] {scheduler_job.py:190} INFO - Processing /home/airflow/.local/lib/python3.6/site-packages/airflow/example_dags/example_python_operator.py took 0.165 seconds
[2022-07-30 22:20:04,978] {scheduler_job.py:182} INFO - Started process (PID=1303) to work on /home/airflow/.local/lib/python3.6/site-packages/airflow/example_dags/example_python_operator.py
[2022-07-30 22:20:04,990] {scheduler_job.py:629} INFO - Processing file /home/airflow/.local/lib/python3.6/site-packages/airflow/example_dags/example_python_operator.py for tasks to queue
[2022-07-30 22:20:04,993] {logging_mixin.py:104} INFO - [2022-07-30 22:20:04,993] {dagbag.py:451} INFO - Filling up the DagBag from /home/airflow/.local/lib/python3.6/site-packages/airflow/example_dags/example_python_operator.py
[2022-07-30 22:20:05,024] {scheduler_job.py:639} INFO - DAG(s) dict_keys(['example_python_operator']) retrieved from /home/airflow/.local/lib/python3.6/site-packages/airflow/example_dags/example_python_operator.py
[2022-07-30 22:20:05,085] {logging_mixin.py:104} INFO - [2022-07-30 22:20:05,085] {dag.py:1824} INFO - Sync 1 DAGs
[2022-07-30 22:20:05,124] {logging_mixin.py:104} INFO - [2022-07-30 22:20:05,124] {dag.py:2280} INFO - Setting next_dagrun for example_python_operator to None
[2022-07-30 22:20:05,148] {scheduler_job.py:190} INFO - Processing /home/airflow/.local/lib/python3.6/site-packages/airflow/example_dags/example_python_operator.py took 0.176 seconds
[2022-07-30 22:20:36,212] {scheduler_job.py:182} INFO - Started process (PID=1329) to work on /home/airflow/.local/lib/python3.6/site-packages/airflow/example_dags/example_python_operator.py
[2022-07-30 22:20:36,215] {scheduler_job.py:629} INFO - Processing file /home/airflow/.local/lib/python3.6/site-packages/airflow/example_dags/example_python_operator.py for tasks to queue
[2022-07-30 22:20:36,217] {logging_mixin.py:104} INFO - [2022-07-30 22:20:36,216] {dagbag.py:451} INFO - Filling up the DagBag from /home/airflow/.local/lib/python3.6/site-packages/airflow/example_dags/example_python_operator.py
[2022-07-30 22:20:36,243] {scheduler_job.py:639} INFO - DAG(s) dict_keys(['example_python_operator']) retrieved from /home/airflow/.local/lib/python3.6/site-packages/airflow/example_dags/example_python_operator.py
[2022-07-30 22:20:36,286] {logging_mixin.py:104} INFO - [2022-07-30 22:20:36,286] {dag.py:1824} INFO - Sync 1 DAGs
[2022-07-30 22:20:36,322] {logging_mixin.py:104} INFO - [2022-07-30 22:20:36,322] {dag.py:2280} INFO - Setting next_dagrun for example_python_operator to None
[2022-07-30 22:20:36,349] {scheduler_job.py:190} INFO - Processing /home/airflow/.local/lib/python3.6/site-packages/airflow/example_dags/example_python_operator.py took 0.145 seconds
[2022-07-30 22:21:07,401] {scheduler_job.py:182} INFO - Started process (PID=1355) to work on /home/airflow/.local/lib/python3.6/site-packages/airflow/example_dags/example_python_operator.py
[2022-07-30 22:21:07,406] {scheduler_job.py:629} INFO - Processing file /home/airflow/.local/lib/python3.6/site-packages/airflow/example_dags/example_python_operator.py for tasks to queue
[2022-07-30 22:21:07,408] {logging_mixin.py:104} INFO - [2022-07-30 22:21:07,408] {dagbag.py:451} INFO - Filling up the DagBag from /home/airflow/.local/lib/python3.6/site-packages/airflow/example_dags/example_python_operator.py
[2022-07-30 22:21:07,453] {scheduler_job.py:639} INFO - DAG(s) dict_keys(['example_python_operator']) retrieved from /home/airflow/.local/lib/python3.6/site-packages/airflow/example_dags/example_python_operator.py
[2022-07-30 22:21:07,525] {logging_mixin.py:104} INFO - [2022-07-30 22:21:07,525] {dag.py:1824} INFO - Sync 1 DAGs
[2022-07-30 22:21:07,585] {logging_mixin.py:104} INFO - [2022-07-30 22:21:07,585] {dag.py:2280} INFO - Setting next_dagrun for example_python_operator to None
[2022-07-30 22:21:07,670] {scheduler_job.py:190} INFO - Processing /home/airflow/.local/lib/python3.6/site-packages/airflow/example_dags/example_python_operator.py took 0.278 seconds
[2022-07-30 22:21:38,591] {scheduler_job.py:182} INFO - Started process (PID=1381) to work on /home/airflow/.local/lib/python3.6/site-packages/airflow/example_dags/example_python_operator.py
[2022-07-30 22:21:38,593] {scheduler_job.py:629} INFO - Processing file /home/airflow/.local/lib/python3.6/site-packages/airflow/example_dags/example_python_operator.py for tasks to queue
[2022-07-30 22:21:38,595] {logging_mixin.py:104} INFO - [2022-07-30 22:21:38,595] {dagbag.py:451} INFO - Filling up the DagBag from /home/airflow/.local/lib/python3.6/site-packages/airflow/example_dags/example_python_operator.py
[2022-07-30 22:21:38,614] {scheduler_job.py:639} INFO - DAG(s) dict_keys(['example_python_operator']) retrieved from /home/airflow/.local/lib/python3.6/site-packages/airflow/example_dags/example_python_operator.py
[2022-07-30 22:21:38,643] {logging_mixin.py:104} INFO - [2022-07-30 22:21:38,643] {dag.py:1824} INFO - Sync 1 DAGs
[2022-07-30 22:21:38,663] {logging_mixin.py:104} INFO - [2022-07-30 22:21:38,663] {dag.py:2280} INFO - Setting next_dagrun for example_python_operator to None
[2022-07-30 22:21:38,676] {scheduler_job.py:190} INFO - Processing /home/airflow/.local/lib/python3.6/site-packages/airflow/example_dags/example_python_operator.py took 0.091 seconds
[2022-07-30 22:22:08,962] {scheduler_job.py:182} INFO - Started process (PID=1407) to work on /home/airflow/.local/lib/python3.6/site-packages/airflow/example_dags/example_python_operator.py
[2022-07-30 22:22:08,964] {scheduler_job.py:629} INFO - Processing file /home/airflow/.local/lib/python3.6/site-packages/airflow/example_dags/example_python_operator.py for tasks to queue
[2022-07-30 22:22:08,965] {logging_mixin.py:104} INFO - [2022-07-30 22:22:08,965] {dagbag.py:451} INFO - Filling up the DagBag from /home/airflow/.local/lib/python3.6/site-packages/airflow/example_dags/example_python_operator.py
[2022-07-30 22:22:08,982] {scheduler_job.py:639} INFO - DAG(s) dict_keys(['example_python_operator']) retrieved from /home/airflow/.local/lib/python3.6/site-packages/airflow/example_dags/example_python_operator.py
[2022-07-30 22:22:09,008] {logging_mixin.py:104} INFO - [2022-07-30 22:22:09,008] {dag.py:1824} INFO - Sync 1 DAGs
[2022-07-30 22:22:09,028] {logging_mixin.py:104} INFO - [2022-07-30 22:22:09,028] {dag.py:2280} INFO - Setting next_dagrun for example_python_operator to None
[2022-07-30 22:22:09,042] {scheduler_job.py:190} INFO - Processing /home/airflow/.local/lib/python3.6/site-packages/airflow/example_dags/example_python_operator.py took 0.085 seconds
[2022-07-30 22:22:39,406] {scheduler_job.py:182} INFO - Started process (PID=1433) to work on /home/airflow/.local/lib/python3.6/site-packages/airflow/example_dags/example_python_operator.py
[2022-07-30 22:22:39,409] {scheduler_job.py:629} INFO - Processing file /home/airflow/.local/lib/python3.6/site-packages/airflow/example_dags/example_python_operator.py for tasks to queue
[2022-07-30 22:22:39,410] {logging_mixin.py:104} INFO - [2022-07-30 22:22:39,410] {dagbag.py:451} INFO - Filling up the DagBag from /home/airflow/.local/lib/python3.6/site-packages/airflow/example_dags/example_python_operator.py
[2022-07-30 22:22:39,426] {scheduler_job.py:639} INFO - DAG(s) dict_keys(['example_python_operator']) retrieved from /home/airflow/.local/lib/python3.6/site-packages/airflow/example_dags/example_python_operator.py
[2022-07-30 22:22:39,461] {logging_mixin.py:104} INFO - [2022-07-30 22:22:39,461] {dag.py:1824} INFO - Sync 1 DAGs
[2022-07-30 22:22:39,486] {logging_mixin.py:104} INFO - [2022-07-30 22:22:39,486] {dag.py:2280} INFO - Setting next_dagrun for example_python_operator to None
[2022-07-30 22:22:39,501] {scheduler_job.py:190} INFO - Processing /home/airflow/.local/lib/python3.6/site-packages/airflow/example_dags/example_python_operator.py took 0.100 seconds
[2022-07-30 22:23:09,862] {scheduler_job.py:182} INFO - Started process (PID=1459) to work on /home/airflow/.local/lib/python3.6/site-packages/airflow/example_dags/example_python_operator.py
[2022-07-30 22:23:09,863] {scheduler_job.py:629} INFO - Processing file /home/airflow/.local/lib/python3.6/site-packages/airflow/example_dags/example_python_operator.py for tasks to queue
[2022-07-30 22:23:09,865] {logging_mixin.py:104} INFO - [2022-07-30 22:23:09,865] {dagbag.py:451} INFO - Filling up the DagBag from /home/airflow/.local/lib/python3.6/site-packages/airflow/example_dags/example_python_operator.py
[2022-07-30 22:23:09,883] {scheduler_job.py:639} INFO - DAG(s) dict_keys(['example_python_operator']) retrieved from /home/airflow/.local/lib/python3.6/site-packages/airflow/example_dags/example_python_operator.py
[2022-07-30 22:23:09,919] {logging_mixin.py:104} INFO - [2022-07-30 22:23:09,919] {dag.py:1824} INFO - Sync 1 DAGs
[2022-07-30 22:23:09,944] {logging_mixin.py:104} INFO - [2022-07-30 22:23:09,944] {dag.py:2280} INFO - Setting next_dagrun for example_python_operator to None
[2022-07-30 22:23:09,974] {scheduler_job.py:190} INFO - Processing /home/airflow/.local/lib/python3.6/site-packages/airflow/example_dags/example_python_operator.py took 0.117 seconds
[2022-07-30 22:23:40,646] {scheduler_job.py:182} INFO - Started process (PID=1485) to work on /home/airflow/.local/lib/python3.6/site-packages/airflow/example_dags/example_python_operator.py
[2022-07-30 22:23:40,649] {scheduler_job.py:629} INFO - Processing file /home/airflow/.local/lib/python3.6/site-packages/airflow/example_dags/example_python_operator.py for tasks to queue
[2022-07-30 22:23:40,651] {logging_mixin.py:104} INFO - [2022-07-30 22:23:40,650] {dagbag.py:451} INFO - Filling up the DagBag from /home/airflow/.local/lib/python3.6/site-packages/airflow/example_dags/example_python_operator.py
[2022-07-30 22:23:40,667] {scheduler_job.py:639} INFO - DAG(s) dict_keys(['example_python_operator']) retrieved from /home/airflow/.local/lib/python3.6/site-packages/airflow/example_dags/example_python_operator.py
[2022-07-30 22:23:40,702] {logging_mixin.py:104} INFO - [2022-07-30 22:23:40,701] {dag.py:1824} INFO - Sync 1 DAGs
[2022-07-30 22:23:40,725] {logging_mixin.py:104} INFO - [2022-07-30 22:23:40,725] {dag.py:2280} INFO - Setting next_dagrun for example_python_operator to None
[2022-07-30 22:23:40,781] {scheduler_job.py:190} INFO - Processing /home/airflow/.local/lib/python3.6/site-packages/airflow/example_dags/example_python_operator.py took 0.139 seconds
[2022-07-30 22:24:11,629] {scheduler_job.py:182} INFO - Started process (PID=1511) to work on /home/airflow/.local/lib/python3.6/site-packages/airflow/example_dags/example_python_operator.py
[2022-07-30 22:24:11,631] {scheduler_job.py:629} INFO - Processing file /home/airflow/.local/lib/python3.6/site-packages/airflow/example_dags/example_python_operator.py for tasks to queue
[2022-07-30 22:24:11,633] {logging_mixin.py:104} INFO - [2022-07-30 22:24:11,633] {dagbag.py:451} INFO - Filling up the DagBag from /home/airflow/.local/lib/python3.6/site-packages/airflow/example_dags/example_python_operator.py
[2022-07-30 22:24:11,663] {scheduler_job.py:639} INFO - DAG(s) dict_keys(['example_python_operator']) retrieved from /home/airflow/.local/lib/python3.6/site-packages/airflow/example_dags/example_python_operator.py
[2022-07-30 22:24:11,698] {logging_mixin.py:104} INFO - [2022-07-30 22:24:11,698] {dag.py:1824} INFO - Sync 1 DAGs
[2022-07-30 22:24:11,724] {logging_mixin.py:104} INFO - [2022-07-30 22:24:11,724] {dag.py:2280} INFO - Setting next_dagrun for example_python_operator to None
[2022-07-30 22:24:11,741] {scheduler_job.py:190} INFO - Processing /home/airflow/.local/lib/python3.6/site-packages/airflow/example_dags/example_python_operator.py took 0.117 seconds
[2022-07-30 22:24:42,263] {scheduler_job.py:182} INFO - Started process (PID=1537) to work on /home/airflow/.local/lib/python3.6/site-packages/airflow/example_dags/example_python_operator.py
[2022-07-30 22:24:42,268] {scheduler_job.py:629} INFO - Processing file /home/airflow/.local/lib/python3.6/site-packages/airflow/example_dags/example_python_operator.py for tasks to queue
[2022-07-30 22:24:42,270] {logging_mixin.py:104} INFO - [2022-07-30 22:24:42,270] {dagbag.py:451} INFO - Filling up the DagBag from /home/airflow/.local/lib/python3.6/site-packages/airflow/example_dags/example_python_operator.py
[2022-07-30 22:24:42,327] {scheduler_job.py:639} INFO - DAG(s) dict_keys(['example_python_operator']) retrieved from /home/airflow/.local/lib/python3.6/site-packages/airflow/example_dags/example_python_operator.py
[2022-07-30 22:24:42,429] {logging_mixin.py:104} INFO - [2022-07-30 22:24:42,429] {dag.py:1824} INFO - Sync 1 DAGs
[2022-07-30 22:24:42,500] {logging_mixin.py:104} INFO - [2022-07-30 22:24:42,496] {dag.py:2280} INFO - Setting next_dagrun for example_python_operator to None
[2022-07-30 22:24:42,545] {scheduler_job.py:190} INFO - Processing /home/airflow/.local/lib/python3.6/site-packages/airflow/example_dags/example_python_operator.py took 0.300 seconds
[2022-07-30 22:25:12,817] {scheduler_job.py:182} INFO - Started process (PID=1564) to work on /home/airflow/.local/lib/python3.6/site-packages/airflow/example_dags/example_python_operator.py
[2022-07-30 22:25:12,821] {scheduler_job.py:629} INFO - Processing file /home/airflow/.local/lib/python3.6/site-packages/airflow/example_dags/example_python_operator.py for tasks to queue
[2022-07-30 22:25:12,823] {logging_mixin.py:104} INFO - [2022-07-30 22:25:12,823] {dagbag.py:451} INFO - Filling up the DagBag from /home/airflow/.local/lib/python3.6/site-packages/airflow/example_dags/example_python_operator.py
[2022-07-30 22:25:12,854] {scheduler_job.py:639} INFO - DAG(s) dict_keys(['example_python_operator']) retrieved from /home/airflow/.local/lib/python3.6/site-packages/airflow/example_dags/example_python_operator.py
[2022-07-30 22:25:12,897] {logging_mixin.py:104} INFO - [2022-07-30 22:25:12,897] {dag.py:1824} INFO - Sync 1 DAGs
[2022-07-30 22:25:12,963] {logging_mixin.py:104} INFO - [2022-07-30 22:25:12,963] {dag.py:2280} INFO - Setting next_dagrun for example_python_operator to None
[2022-07-30 22:25:12,995] {scheduler_job.py:190} INFO - Processing /home/airflow/.local/lib/python3.6/site-packages/airflow/example_dags/example_python_operator.py took 0.183 seconds
[2022-07-30 22:25:43,117] {scheduler_job.py:182} INFO - Started process (PID=1590) to work on /home/airflow/.local/lib/python3.6/site-packages/airflow/example_dags/example_python_operator.py
[2022-07-30 22:25:43,119] {scheduler_job.py:629} INFO - Processing file /home/airflow/.local/lib/python3.6/site-packages/airflow/example_dags/example_python_operator.py for tasks to queue
[2022-07-30 22:25:43,121] {logging_mixin.py:104} INFO - [2022-07-30 22:25:43,120] {dagbag.py:451} INFO - Filling up the DagBag from /home/airflow/.local/lib/python3.6/site-packages/airflow/example_dags/example_python_operator.py
[2022-07-30 22:25:43,144] {scheduler_job.py:639} INFO - DAG(s) dict_keys(['example_python_operator']) retrieved from /home/airflow/.local/lib/python3.6/site-packages/airflow/example_dags/example_python_operator.py
[2022-07-30 22:25:43,188] {logging_mixin.py:104} INFO - [2022-07-30 22:25:43,187] {dag.py:1824} INFO - Sync 1 DAGs
[2022-07-30 22:25:43,234] {logging_mixin.py:104} INFO - [2022-07-30 22:25:43,233] {dag.py:2280} INFO - Setting next_dagrun for example_python_operator to None
[2022-07-30 22:25:43,664] {scheduler_job.py:190} INFO - Processing /home/airflow/.local/lib/python3.6/site-packages/airflow/example_dags/example_python_operator.py took 0.503 seconds
[2022-07-30 22:26:13,897] {scheduler_job.py:182} INFO - Started process (PID=1616) to work on /home/airflow/.local/lib/python3.6/site-packages/airflow/example_dags/example_python_operator.py
[2022-07-30 22:26:13,903] {scheduler_job.py:629} INFO - Processing file /home/airflow/.local/lib/python3.6/site-packages/airflow/example_dags/example_python_operator.py for tasks to queue
[2022-07-30 22:26:13,915] {logging_mixin.py:104} INFO - [2022-07-30 22:26:13,914] {dagbag.py:451} INFO - Filling up the DagBag from /home/airflow/.local/lib/python3.6/site-packages/airflow/example_dags/example_python_operator.py
[2022-07-30 22:26:13,968] {scheduler_job.py:639} INFO - DAG(s) dict_keys(['example_python_operator']) retrieved from /home/airflow/.local/lib/python3.6/site-packages/airflow/example_dags/example_python_operator.py
[2022-07-30 22:26:14,071] {logging_mixin.py:104} INFO - [2022-07-30 22:26:14,071] {dag.py:1824} INFO - Sync 1 DAGs
[2022-07-30 22:26:14,119] {logging_mixin.py:104} INFO - [2022-07-30 22:26:14,118] {dag.py:2280} INFO - Setting next_dagrun for example_python_operator to None
[2022-07-30 22:26:14,138] {scheduler_job.py:190} INFO - Processing /home/airflow/.local/lib/python3.6/site-packages/airflow/example_dags/example_python_operator.py took 0.251 seconds
[2022-07-30 22:26:44,590] {scheduler_job.py:182} INFO - Started process (PID=1642) to work on /home/airflow/.local/lib/python3.6/site-packages/airflow/example_dags/example_python_operator.py
[2022-07-30 22:26:44,592] {scheduler_job.py:629} INFO - Processing file /home/airflow/.local/lib/python3.6/site-packages/airflow/example_dags/example_python_operator.py for tasks to queue
[2022-07-30 22:26:44,594] {logging_mixin.py:104} INFO - [2022-07-30 22:26:44,594] {dagbag.py:451} INFO - Filling up the DagBag from /home/airflow/.local/lib/python3.6/site-packages/airflow/example_dags/example_python_operator.py
[2022-07-30 22:26:44,616] {scheduler_job.py:639} INFO - DAG(s) dict_keys(['example_python_operator']) retrieved from /home/airflow/.local/lib/python3.6/site-packages/airflow/example_dags/example_python_operator.py
[2022-07-30 22:26:44,653] {logging_mixin.py:104} INFO - [2022-07-30 22:26:44,653] {dag.py:1824} INFO - Sync 1 DAGs
[2022-07-30 22:26:44,684] {logging_mixin.py:104} INFO - [2022-07-30 22:26:44,684] {dag.py:2280} INFO - Setting next_dagrun for example_python_operator to None
[2022-07-30 22:26:44,701] {scheduler_job.py:190} INFO - Processing /home/airflow/.local/lib/python3.6/site-packages/airflow/example_dags/example_python_operator.py took 0.116 seconds
[2022-07-30 22:27:15,565] {scheduler_job.py:182} INFO - Started process (PID=1667) to work on /home/airflow/.local/lib/python3.6/site-packages/airflow/example_dags/example_python_operator.py
[2022-07-30 22:27:15,579] {scheduler_job.py:629} INFO - Processing file /home/airflow/.local/lib/python3.6/site-packages/airflow/example_dags/example_python_operator.py for tasks to queue
[2022-07-30 22:27:15,582] {logging_mixin.py:104} INFO - [2022-07-30 22:27:15,582] {dagbag.py:451} INFO - Filling up the DagBag from /home/airflow/.local/lib/python3.6/site-packages/airflow/example_dags/example_python_operator.py
[2022-07-30 22:27:15,658] {scheduler_job.py:639} INFO - DAG(s) dict_keys(['example_python_operator']) retrieved from /home/airflow/.local/lib/python3.6/site-packages/airflow/example_dags/example_python_operator.py
[2022-07-30 22:27:15,775] {logging_mixin.py:104} INFO - [2022-07-30 22:27:15,775] {dag.py:1824} INFO - Sync 1 DAGs
[2022-07-30 22:27:15,857] {logging_mixin.py:104} INFO - [2022-07-30 22:27:15,857] {dag.py:2280} INFO - Setting next_dagrun for example_python_operator to None
[2022-07-30 22:27:15,921] {scheduler_job.py:190} INFO - Processing /home/airflow/.local/lib/python3.6/site-packages/airflow/example_dags/example_python_operator.py took 0.387 seconds
[2022-07-30 22:27:46,826] {scheduler_job.py:182} INFO - Started process (PID=1693) to work on /home/airflow/.local/lib/python3.6/site-packages/airflow/example_dags/example_python_operator.py
[2022-07-30 22:27:46,829] {scheduler_job.py:629} INFO - Processing file /home/airflow/.local/lib/python3.6/site-packages/airflow/example_dags/example_python_operator.py for tasks to queue
[2022-07-30 22:27:46,832] {logging_mixin.py:104} INFO - [2022-07-30 22:27:46,831] {dagbag.py:451} INFO - Filling up the DagBag from /home/airflow/.local/lib/python3.6/site-packages/airflow/example_dags/example_python_operator.py
[2022-07-30 22:27:46,903] {scheduler_job.py:639} INFO - DAG(s) dict_keys(['example_python_operator']) retrieved from /home/airflow/.local/lib/python3.6/site-packages/airflow/example_dags/example_python_operator.py
[2022-07-30 22:27:47,008] {logging_mixin.py:104} INFO - [2022-07-30 22:27:47,008] {dag.py:1824} INFO - Sync 1 DAGs
[2022-07-30 22:27:47,087] {logging_mixin.py:104} INFO - [2022-07-30 22:27:47,087] {dag.py:2280} INFO - Setting next_dagrun for example_python_operator to None
[2022-07-30 22:27:47,172] {scheduler_job.py:190} INFO - Processing /home/airflow/.local/lib/python3.6/site-packages/airflow/example_dags/example_python_operator.py took 0.358 seconds
[2022-07-30 22:28:17,902] {scheduler_job.py:182} INFO - Started process (PID=1719) to work on /home/airflow/.local/lib/python3.6/site-packages/airflow/example_dags/example_python_operator.py
[2022-07-30 22:28:17,904] {scheduler_job.py:629} INFO - Processing file /home/airflow/.local/lib/python3.6/site-packages/airflow/example_dags/example_python_operator.py for tasks to queue
[2022-07-30 22:28:17,906] {logging_mixin.py:104} INFO - [2022-07-30 22:28:17,905] {dagbag.py:451} INFO - Filling up the DagBag from /home/airflow/.local/lib/python3.6/site-packages/airflow/example_dags/example_python_operator.py
[2022-07-30 22:28:17,928] {scheduler_job.py:639} INFO - DAG(s) dict_keys(['example_python_operator']) retrieved from /home/airflow/.local/lib/python3.6/site-packages/airflow/example_dags/example_python_operator.py
[2022-07-30 22:28:17,987] {logging_mixin.py:104} INFO - [2022-07-30 22:28:17,987] {dag.py:1824} INFO - Sync 1 DAGs
[2022-07-30 22:28:18,033] {logging_mixin.py:104} INFO - [2022-07-30 22:28:18,032] {dag.py:2280} INFO - Setting next_dagrun for example_python_operator to None
[2022-07-30 22:28:18,062] {scheduler_job.py:190} INFO - Processing /home/airflow/.local/lib/python3.6/site-packages/airflow/example_dags/example_python_operator.py took 0.166 seconds
[2022-07-30 22:28:49,140] {scheduler_job.py:182} INFO - Started process (PID=1745) to work on /home/airflow/.local/lib/python3.6/site-packages/airflow/example_dags/example_python_operator.py
[2022-07-30 22:28:49,142] {scheduler_job.py:629} INFO - Processing file /home/airflow/.local/lib/python3.6/site-packages/airflow/example_dags/example_python_operator.py for tasks to queue
[2022-07-30 22:28:49,143] {logging_mixin.py:104} INFO - [2022-07-30 22:28:49,143] {dagbag.py:451} INFO - Filling up the DagBag from /home/airflow/.local/lib/python3.6/site-packages/airflow/example_dags/example_python_operator.py
[2022-07-30 22:28:49,158] {scheduler_job.py:639} INFO - DAG(s) dict_keys(['example_python_operator']) retrieved from /home/airflow/.local/lib/python3.6/site-packages/airflow/example_dags/example_python_operator.py
[2022-07-30 22:28:49,186] {logging_mixin.py:104} INFO - [2022-07-30 22:28:49,186] {dag.py:1824} INFO - Sync 1 DAGs
[2022-07-30 22:28:49,208] {logging_mixin.py:104} INFO - [2022-07-30 22:28:49,208] {dag.py:2280} INFO - Setting next_dagrun for example_python_operator to None
[2022-07-30 22:28:49,228] {scheduler_job.py:190} INFO - Processing /home/airflow/.local/lib/python3.6/site-packages/airflow/example_dags/example_python_operator.py took 0.092 seconds
[2022-07-30 22:29:19,786] {scheduler_job.py:182} INFO - Started process (PID=1771) to work on /home/airflow/.local/lib/python3.6/site-packages/airflow/example_dags/example_python_operator.py
[2022-07-30 22:29:19,788] {scheduler_job.py:629} INFO - Processing file /home/airflow/.local/lib/python3.6/site-packages/airflow/example_dags/example_python_operator.py for tasks to queue
[2022-07-30 22:29:19,790] {logging_mixin.py:104} INFO - [2022-07-30 22:29:19,789] {dagbag.py:451} INFO - Filling up the DagBag from /home/airflow/.local/lib/python3.6/site-packages/airflow/example_dags/example_python_operator.py
[2022-07-30 22:29:19,808] {scheduler_job.py:639} INFO - DAG(s) dict_keys(['example_python_operator']) retrieved from /home/airflow/.local/lib/python3.6/site-packages/airflow/example_dags/example_python_operator.py
[2022-07-30 22:29:19,865] {logging_mixin.py:104} INFO - [2022-07-30 22:29:19,865] {dag.py:1824} INFO - Sync 1 DAGs
[2022-07-30 22:29:19,901] {logging_mixin.py:104} INFO - [2022-07-30 22:29:19,901] {dag.py:2280} INFO - Setting next_dagrun for example_python_operator to None
[2022-07-30 22:29:19,919] {scheduler_job.py:190} INFO - Processing /home/airflow/.local/lib/python3.6/site-packages/airflow/example_dags/example_python_operator.py took 0.137 seconds
[2022-07-30 22:29:50,662] {scheduler_job.py:182} INFO - Started process (PID=1797) to work on /home/airflow/.local/lib/python3.6/site-packages/airflow/example_dags/example_python_operator.py
[2022-07-30 22:29:50,664] {scheduler_job.py:629} INFO - Processing file /home/airflow/.local/lib/python3.6/site-packages/airflow/example_dags/example_python_operator.py for tasks to queue
[2022-07-30 22:29:50,665] {logging_mixin.py:104} INFO - [2022-07-30 22:29:50,665] {dagbag.py:451} INFO - Filling up the DagBag from /home/airflow/.local/lib/python3.6/site-packages/airflow/example_dags/example_python_operator.py
[2022-07-30 22:29:50,683] {scheduler_job.py:639} INFO - DAG(s) dict_keys(['example_python_operator']) retrieved from /home/airflow/.local/lib/python3.6/site-packages/airflow/example_dags/example_python_operator.py
[2022-07-30 22:29:50,753] {logging_mixin.py:104} INFO - [2022-07-30 22:29:50,753] {dag.py:1824} INFO - Sync 1 DAGs
[2022-07-30 22:29:50,799] {logging_mixin.py:104} INFO - [2022-07-30 22:29:50,799] {dag.py:2280} INFO - Setting next_dagrun for example_python_operator to None
[2022-07-30 22:29:50,827] {scheduler_job.py:190} INFO - Processing /home/airflow/.local/lib/python3.6/site-packages/airflow/example_dags/example_python_operator.py took 0.171 seconds
[2022-07-30 22:30:21,346] {scheduler_job.py:182} INFO - Started process (PID=1823) to work on /home/airflow/.local/lib/python3.6/site-packages/airflow/example_dags/example_python_operator.py
[2022-07-30 22:30:21,349] {scheduler_job.py:629} INFO - Processing file /home/airflow/.local/lib/python3.6/site-packages/airflow/example_dags/example_python_operator.py for tasks to queue
[2022-07-30 22:30:21,353] {logging_mixin.py:104} INFO - [2022-07-30 22:30:21,352] {dagbag.py:451} INFO - Filling up the DagBag from /home/airflow/.local/lib/python3.6/site-packages/airflow/example_dags/example_python_operator.py
[2022-07-30 22:30:21,394] {scheduler_job.py:639} INFO - DAG(s) dict_keys(['example_python_operator']) retrieved from /home/airflow/.local/lib/python3.6/site-packages/airflow/example_dags/example_python_operator.py
[2022-07-30 22:30:21,432] {logging_mixin.py:104} INFO - [2022-07-30 22:30:21,432] {dag.py:1824} INFO - Sync 1 DAGs
[2022-07-30 22:30:21,451] {logging_mixin.py:104} INFO - [2022-07-30 22:30:21,451] {dag.py:2280} INFO - Setting next_dagrun for example_python_operator to None
[2022-07-30 22:30:21,464] {scheduler_job.py:190} INFO - Processing /home/airflow/.local/lib/python3.6/site-packages/airflow/example_dags/example_python_operator.py took 0.124 seconds
[2022-07-30 22:30:52,192] {scheduler_job.py:182} INFO - Started process (PID=1849) to work on /home/airflow/.local/lib/python3.6/site-packages/airflow/example_dags/example_python_operator.py
[2022-07-30 22:30:52,195] {scheduler_job.py:629} INFO - Processing file /home/airflow/.local/lib/python3.6/site-packages/airflow/example_dags/example_python_operator.py for tasks to queue
[2022-07-30 22:30:52,196] {logging_mixin.py:104} INFO - [2022-07-30 22:30:52,196] {dagbag.py:451} INFO - Filling up the DagBag from /home/airflow/.local/lib/python3.6/site-packages/airflow/example_dags/example_python_operator.py
[2022-07-30 22:30:52,217] {scheduler_job.py:639} INFO - DAG(s) dict_keys(['example_python_operator']) retrieved from /home/airflow/.local/lib/python3.6/site-packages/airflow/example_dags/example_python_operator.py
[2022-07-30 22:30:52,260] {logging_mixin.py:104} INFO - [2022-07-30 22:30:52,259] {dag.py:1824} INFO - Sync 1 DAGs
[2022-07-30 22:30:52,291] {logging_mixin.py:104} INFO - [2022-07-30 22:30:52,290] {dag.py:2280} INFO - Setting next_dagrun for example_python_operator to None
[2022-07-30 22:30:52,344] {scheduler_job.py:190} INFO - Processing /home/airflow/.local/lib/python3.6/site-packages/airflow/example_dags/example_python_operator.py took 0.157 seconds
[2022-07-30 22:31:23,345] {scheduler_job.py:182} INFO - Started process (PID=1875) to work on /home/airflow/.local/lib/python3.6/site-packages/airflow/example_dags/example_python_operator.py
[2022-07-30 22:31:23,347] {scheduler_job.py:629} INFO - Processing file /home/airflow/.local/lib/python3.6/site-packages/airflow/example_dags/example_python_operator.py for tasks to queue
[2022-07-30 22:31:23,349] {logging_mixin.py:104} INFO - [2022-07-30 22:31:23,349] {dagbag.py:451} INFO - Filling up the DagBag from /home/airflow/.local/lib/python3.6/site-packages/airflow/example_dags/example_python_operator.py
[2022-07-30 22:31:23,365] {scheduler_job.py:639} INFO - DAG(s) dict_keys(['example_python_operator']) retrieved from /home/airflow/.local/lib/python3.6/site-packages/airflow/example_dags/example_python_operator.py
[2022-07-30 22:31:23,394] {logging_mixin.py:104} INFO - [2022-07-30 22:31:23,394] {dag.py:1824} INFO - Sync 1 DAGs
[2022-07-30 22:31:23,414] {logging_mixin.py:104} INFO - [2022-07-30 22:31:23,413] {dag.py:2280} INFO - Setting next_dagrun for example_python_operator to None
[2022-07-30 22:31:23,430] {scheduler_job.py:190} INFO - Processing /home/airflow/.local/lib/python3.6/site-packages/airflow/example_dags/example_python_operator.py took 0.089 seconds
[2022-07-30 22:34:31,818] {scheduler_job.py:182} INFO - Started process (PID=39) to work on /home/airflow/.local/lib/python3.6/site-packages/airflow/example_dags/example_python_operator.py
[2022-07-30 22:34:31,829] {scheduler_job.py:629} INFO - Processing file /home/airflow/.local/lib/python3.6/site-packages/airflow/example_dags/example_python_operator.py for tasks to queue
[2022-07-30 22:34:31,833] {logging_mixin.py:104} INFO - [2022-07-30 22:34:31,832] {dagbag.py:451} INFO - Filling up the DagBag from /home/airflow/.local/lib/python3.6/site-packages/airflow/example_dags/example_python_operator.py
[2022-07-30 22:34:31,911] {scheduler_job.py:639} INFO - DAG(s) dict_keys(['example_python_operator']) retrieved from /home/airflow/.local/lib/python3.6/site-packages/airflow/example_dags/example_python_operator.py
[2022-07-30 22:34:32,027] {logging_mixin.py:104} INFO - [2022-07-30 22:34:32,027] {dag.py:1824} INFO - Sync 1 DAGs
[2022-07-30 22:34:32,104] {logging_mixin.py:104} INFO - [2022-07-30 22:34:32,103] {dag.py:2280} INFO - Setting next_dagrun for example_python_operator to None
[2022-07-30 22:34:32,193] {scheduler_job.py:190} INFO - Processing /home/airflow/.local/lib/python3.6/site-packages/airflow/example_dags/example_python_operator.py took 0.405 seconds
