[2022-07-30 21:55:17,329] {scheduler_job.py:182} INFO - Started process (PID=33) to work on /home/airflow/.local/lib/python3.6/site-packages/airflow/example_dags/example_trigger_target_dag.py
[2022-07-30 21:55:17,360] {scheduler_job.py:629} INFO - Processing file /home/airflow/.local/lib/python3.6/site-packages/airflow/example_dags/example_trigger_target_dag.py for tasks to queue
[2022-07-30 21:55:17,367] {logging_mixin.py:104} INFO - [2022-07-30 21:55:17,367] {dagbag.py:451} INFO - Filling up the DagBag from /home/airflow/.local/lib/python3.6/site-packages/airflow/example_dags/example_trigger_target_dag.py
[2022-07-30 21:55:17,623] {scheduler_job.py:639} INFO - DAG(s) dict_keys(['example_trigger_target_dag']) retrieved from /home/airflow/.local/lib/python3.6/site-packages/airflow/example_dags/example_trigger_target_dag.py
[2022-07-30 21:55:17,853] {logging_mixin.py:104} INFO - [2022-07-30 21:55:17,853] {dag.py:1824} INFO - Sync 1 DAGs
[2022-07-30 21:55:18,042] {logging_mixin.py:104} INFO - [2022-07-30 21:55:18,041] {dag.py:1843} INFO - Creating ORM DAG for example_trigger_target_dag
[2022-07-30 21:55:18,148] {logging_mixin.py:104} INFO - [2022-07-30 21:55:18,148] {dag.py:2280} INFO - Setting next_dagrun for example_trigger_target_dag to None
[2022-07-30 21:55:18,755] {scheduler_job.py:190} INFO - Processing /home/airflow/.local/lib/python3.6/site-packages/airflow/example_dags/example_trigger_target_dag.py took 1.441 seconds
[2022-07-30 21:55:49,224] {scheduler_job.py:182} INFO - Started process (PID=59) to work on /home/airflow/.local/lib/python3.6/site-packages/airflow/example_dags/example_trigger_target_dag.py
[2022-07-30 21:55:49,233] {scheduler_job.py:629} INFO - Processing file /home/airflow/.local/lib/python3.6/site-packages/airflow/example_dags/example_trigger_target_dag.py for tasks to queue
[2022-07-30 21:55:49,250] {logging_mixin.py:104} INFO - [2022-07-30 21:55:49,249] {dagbag.py:451} INFO - Filling up the DagBag from /home/airflow/.local/lib/python3.6/site-packages/airflow/example_dags/example_trigger_target_dag.py
[2022-07-30 21:55:49,296] {scheduler_job.py:639} INFO - DAG(s) dict_keys(['example_trigger_target_dag']) retrieved from /home/airflow/.local/lib/python3.6/site-packages/airflow/example_dags/example_trigger_target_dag.py
[2022-07-30 21:55:49,383] {logging_mixin.py:104} INFO - [2022-07-30 21:55:49,382] {dag.py:1824} INFO - Sync 1 DAGs
[2022-07-30 21:55:49,444] {logging_mixin.py:104} INFO - [2022-07-30 21:55:49,443] {dag.py:2280} INFO - Setting next_dagrun for example_trigger_target_dag to None
[2022-07-30 21:55:49,466] {scheduler_job.py:190} INFO - Processing /home/airflow/.local/lib/python3.6/site-packages/airflow/example_dags/example_trigger_target_dag.py took 0.249 seconds
[2022-07-30 21:56:19,635] {scheduler_job.py:182} INFO - Started process (PID=85) to work on /home/airflow/.local/lib/python3.6/site-packages/airflow/example_dags/example_trigger_target_dag.py
[2022-07-30 21:56:19,638] {scheduler_job.py:629} INFO - Processing file /home/airflow/.local/lib/python3.6/site-packages/airflow/example_dags/example_trigger_target_dag.py for tasks to queue
[2022-07-30 21:56:19,640] {logging_mixin.py:104} INFO - [2022-07-30 21:56:19,640] {dagbag.py:451} INFO - Filling up the DagBag from /home/airflow/.local/lib/python3.6/site-packages/airflow/example_dags/example_trigger_target_dag.py
[2022-07-30 21:56:19,674] {scheduler_job.py:639} INFO - DAG(s) dict_keys(['example_trigger_target_dag']) retrieved from /home/airflow/.local/lib/python3.6/site-packages/airflow/example_dags/example_trigger_target_dag.py
[2022-07-30 21:56:19,717] {logging_mixin.py:104} INFO - [2022-07-30 21:56:19,716] {dag.py:1824} INFO - Sync 1 DAGs
[2022-07-30 21:56:19,757] {logging_mixin.py:104} INFO - [2022-07-30 21:56:19,757] {dag.py:2280} INFO - Setting next_dagrun for example_trigger_target_dag to None
[2022-07-30 21:56:19,779] {scheduler_job.py:190} INFO - Processing /home/airflow/.local/lib/python3.6/site-packages/airflow/example_dags/example_trigger_target_dag.py took 0.152 seconds
[2022-07-30 21:56:50,568] {scheduler_job.py:182} INFO - Started process (PID=111) to work on /home/airflow/.local/lib/python3.6/site-packages/airflow/example_dags/example_trigger_target_dag.py
[2022-07-30 21:56:50,573] {scheduler_job.py:629} INFO - Processing file /home/airflow/.local/lib/python3.6/site-packages/airflow/example_dags/example_trigger_target_dag.py for tasks to queue
[2022-07-30 21:56:50,574] {logging_mixin.py:104} INFO - [2022-07-30 21:56:50,574] {dagbag.py:451} INFO - Filling up the DagBag from /home/airflow/.local/lib/python3.6/site-packages/airflow/example_dags/example_trigger_target_dag.py
[2022-07-30 21:56:50,595] {scheduler_job.py:639} INFO - DAG(s) dict_keys(['example_trigger_target_dag']) retrieved from /home/airflow/.local/lib/python3.6/site-packages/airflow/example_dags/example_trigger_target_dag.py
[2022-07-30 21:56:50,628] {logging_mixin.py:104} INFO - [2022-07-30 21:56:50,628] {dag.py:1824} INFO - Sync 1 DAGs
[2022-07-30 21:56:50,659] {logging_mixin.py:104} INFO - [2022-07-30 21:56:50,659] {dag.py:2280} INFO - Setting next_dagrun for example_trigger_target_dag to None
[2022-07-30 21:56:50,693] {scheduler_job.py:190} INFO - Processing /home/airflow/.local/lib/python3.6/site-packages/airflow/example_dags/example_trigger_target_dag.py took 0.130 seconds
[2022-07-30 21:57:21,026] {scheduler_job.py:182} INFO - Started process (PID=137) to work on /home/airflow/.local/lib/python3.6/site-packages/airflow/example_dags/example_trigger_target_dag.py
[2022-07-30 21:57:21,036] {scheduler_job.py:629} INFO - Processing file /home/airflow/.local/lib/python3.6/site-packages/airflow/example_dags/example_trigger_target_dag.py for tasks to queue
[2022-07-30 21:57:21,040] {logging_mixin.py:104} INFO - [2022-07-30 21:57:21,040] {dagbag.py:451} INFO - Filling up the DagBag from /home/airflow/.local/lib/python3.6/site-packages/airflow/example_dags/example_trigger_target_dag.py
[2022-07-30 21:57:21,063] {scheduler_job.py:639} INFO - DAG(s) dict_keys(['example_trigger_target_dag']) retrieved from /home/airflow/.local/lib/python3.6/site-packages/airflow/example_dags/example_trigger_target_dag.py
[2022-07-30 21:57:21,099] {logging_mixin.py:104} INFO - [2022-07-30 21:57:21,099] {dag.py:1824} INFO - Sync 1 DAGs
[2022-07-30 21:57:21,130] {logging_mixin.py:104} INFO - [2022-07-30 21:57:21,130] {dag.py:2280} INFO - Setting next_dagrun for example_trigger_target_dag to None
[2022-07-30 21:57:21,164] {scheduler_job.py:190} INFO - Processing /home/airflow/.local/lib/python3.6/site-packages/airflow/example_dags/example_trigger_target_dag.py took 0.143 seconds
[2022-07-30 21:57:51,304] {scheduler_job.py:182} INFO - Started process (PID=163) to work on /home/airflow/.local/lib/python3.6/site-packages/airflow/example_dags/example_trigger_target_dag.py
[2022-07-30 21:57:51,306] {scheduler_job.py:629} INFO - Processing file /home/airflow/.local/lib/python3.6/site-packages/airflow/example_dags/example_trigger_target_dag.py for tasks to queue
[2022-07-30 21:57:51,308] {logging_mixin.py:104} INFO - [2022-07-30 21:57:51,307] {dagbag.py:451} INFO - Filling up the DagBag from /home/airflow/.local/lib/python3.6/site-packages/airflow/example_dags/example_trigger_target_dag.py
[2022-07-30 21:57:51,324] {scheduler_job.py:639} INFO - DAG(s) dict_keys(['example_trigger_target_dag']) retrieved from /home/airflow/.local/lib/python3.6/site-packages/airflow/example_dags/example_trigger_target_dag.py
[2022-07-30 21:57:51,365] {logging_mixin.py:104} INFO - [2022-07-30 21:57:51,365] {dag.py:1824} INFO - Sync 1 DAGs
[2022-07-30 21:57:51,388] {logging_mixin.py:104} INFO - [2022-07-30 21:57:51,388] {dag.py:2280} INFO - Setting next_dagrun for example_trigger_target_dag to None
[2022-07-30 21:57:51,408] {scheduler_job.py:190} INFO - Processing /home/airflow/.local/lib/python3.6/site-packages/airflow/example_dags/example_trigger_target_dag.py took 0.109 seconds
[2022-07-30 21:58:22,291] {scheduler_job.py:182} INFO - Started process (PID=189) to work on /home/airflow/.local/lib/python3.6/site-packages/airflow/example_dags/example_trigger_target_dag.py
[2022-07-30 21:58:22,294] {scheduler_job.py:629} INFO - Processing file /home/airflow/.local/lib/python3.6/site-packages/airflow/example_dags/example_trigger_target_dag.py for tasks to queue
[2022-07-30 21:58:22,296] {logging_mixin.py:104} INFO - [2022-07-30 21:58:22,296] {dagbag.py:451} INFO - Filling up the DagBag from /home/airflow/.local/lib/python3.6/site-packages/airflow/example_dags/example_trigger_target_dag.py
[2022-07-30 21:58:22,320] {scheduler_job.py:639} INFO - DAG(s) dict_keys(['example_trigger_target_dag']) retrieved from /home/airflow/.local/lib/python3.6/site-packages/airflow/example_dags/example_trigger_target_dag.py
[2022-07-30 21:58:22,365] {logging_mixin.py:104} INFO - [2022-07-30 21:58:22,365] {dag.py:1824} INFO - Sync 1 DAGs
[2022-07-30 21:58:22,408] {logging_mixin.py:104} INFO - [2022-07-30 21:58:22,408] {dag.py:2280} INFO - Setting next_dagrun for example_trigger_target_dag to None
[2022-07-30 21:58:22,442] {scheduler_job.py:190} INFO - Processing /home/airflow/.local/lib/python3.6/site-packages/airflow/example_dags/example_trigger_target_dag.py took 0.157 seconds
[2022-07-30 21:58:52,905] {scheduler_job.py:182} INFO - Started process (PID=215) to work on /home/airflow/.local/lib/python3.6/site-packages/airflow/example_dags/example_trigger_target_dag.py
[2022-07-30 21:58:52,909] {scheduler_job.py:629} INFO - Processing file /home/airflow/.local/lib/python3.6/site-packages/airflow/example_dags/example_trigger_target_dag.py for tasks to queue
[2022-07-30 21:58:52,911] {logging_mixin.py:104} INFO - [2022-07-30 21:58:52,910] {dagbag.py:451} INFO - Filling up the DagBag from /home/airflow/.local/lib/python3.6/site-packages/airflow/example_dags/example_trigger_target_dag.py
[2022-07-30 21:58:52,940] {scheduler_job.py:639} INFO - DAG(s) dict_keys(['example_trigger_target_dag']) retrieved from /home/airflow/.local/lib/python3.6/site-packages/airflow/example_dags/example_trigger_target_dag.py
[2022-07-30 21:58:52,998] {logging_mixin.py:104} INFO - [2022-07-30 21:58:52,998] {dag.py:1824} INFO - Sync 1 DAGs
[2022-07-30 21:58:53,029] {logging_mixin.py:104} INFO - [2022-07-30 21:58:53,029] {dag.py:2280} INFO - Setting next_dagrun for example_trigger_target_dag to None
[2022-07-30 21:58:53,047] {scheduler_job.py:190} INFO - Processing /home/airflow/.local/lib/python3.6/site-packages/airflow/example_dags/example_trigger_target_dag.py took 0.149 seconds
[2022-07-30 21:59:23,376] {scheduler_job.py:182} INFO - Started process (PID=241) to work on /home/airflow/.local/lib/python3.6/site-packages/airflow/example_dags/example_trigger_target_dag.py
[2022-07-30 21:59:23,380] {scheduler_job.py:629} INFO - Processing file /home/airflow/.local/lib/python3.6/site-packages/airflow/example_dags/example_trigger_target_dag.py for tasks to queue
[2022-07-30 21:59:23,382] {logging_mixin.py:104} INFO - [2022-07-30 21:59:23,381] {dagbag.py:451} INFO - Filling up the DagBag from /home/airflow/.local/lib/python3.6/site-packages/airflow/example_dags/example_trigger_target_dag.py
[2022-07-30 21:59:23,408] {scheduler_job.py:639} INFO - DAG(s) dict_keys(['example_trigger_target_dag']) retrieved from /home/airflow/.local/lib/python3.6/site-packages/airflow/example_dags/example_trigger_target_dag.py
[2022-07-30 21:59:23,461] {logging_mixin.py:104} INFO - [2022-07-30 21:59:23,461] {dag.py:1824} INFO - Sync 1 DAGs
[2022-07-30 21:59:23,486] {logging_mixin.py:104} INFO - [2022-07-30 21:59:23,486] {dag.py:2280} INFO - Setting next_dagrun for example_trigger_target_dag to None
[2022-07-30 21:59:23,511] {scheduler_job.py:190} INFO - Processing /home/airflow/.local/lib/python3.6/site-packages/airflow/example_dags/example_trigger_target_dag.py took 0.148 seconds
[2022-07-30 21:59:54,024] {scheduler_job.py:182} INFO - Started process (PID=267) to work on /home/airflow/.local/lib/python3.6/site-packages/airflow/example_dags/example_trigger_target_dag.py
[2022-07-30 21:59:54,027] {scheduler_job.py:629} INFO - Processing file /home/airflow/.local/lib/python3.6/site-packages/airflow/example_dags/example_trigger_target_dag.py for tasks to queue
[2022-07-30 21:59:54,029] {logging_mixin.py:104} INFO - [2022-07-30 21:59:54,028] {dagbag.py:451} INFO - Filling up the DagBag from /home/airflow/.local/lib/python3.6/site-packages/airflow/example_dags/example_trigger_target_dag.py
[2022-07-30 21:59:54,053] {scheduler_job.py:639} INFO - DAG(s) dict_keys(['example_trigger_target_dag']) retrieved from /home/airflow/.local/lib/python3.6/site-packages/airflow/example_dags/example_trigger_target_dag.py
[2022-07-30 21:59:54,100] {logging_mixin.py:104} INFO - [2022-07-30 21:59:54,100] {dag.py:1824} INFO - Sync 1 DAGs
[2022-07-30 21:59:54,125] {logging_mixin.py:104} INFO - [2022-07-30 21:59:54,125] {dag.py:2280} INFO - Setting next_dagrun for example_trigger_target_dag to None
[2022-07-30 21:59:54,144] {scheduler_job.py:190} INFO - Processing /home/airflow/.local/lib/python3.6/site-packages/airflow/example_dags/example_trigger_target_dag.py took 0.127 seconds
[2022-07-30 22:00:24,913] {scheduler_job.py:182} INFO - Started process (PID=293) to work on /home/airflow/.local/lib/python3.6/site-packages/airflow/example_dags/example_trigger_target_dag.py
[2022-07-30 22:00:24,918] {scheduler_job.py:629} INFO - Processing file /home/airflow/.local/lib/python3.6/site-packages/airflow/example_dags/example_trigger_target_dag.py for tasks to queue
[2022-07-30 22:00:24,919] {logging_mixin.py:104} INFO - [2022-07-30 22:00:24,919] {dagbag.py:451} INFO - Filling up the DagBag from /home/airflow/.local/lib/python3.6/site-packages/airflow/example_dags/example_trigger_target_dag.py
[2022-07-30 22:00:24,952] {scheduler_job.py:639} INFO - DAG(s) dict_keys(['example_trigger_target_dag']) retrieved from /home/airflow/.local/lib/python3.6/site-packages/airflow/example_dags/example_trigger_target_dag.py
[2022-07-30 22:00:24,995] {logging_mixin.py:104} INFO - [2022-07-30 22:00:24,994] {dag.py:1824} INFO - Sync 1 DAGs
[2022-07-30 22:00:25,039] {logging_mixin.py:104} INFO - [2022-07-30 22:00:25,039] {dag.py:2280} INFO - Setting next_dagrun for example_trigger_target_dag to None
[2022-07-30 22:00:25,070] {scheduler_job.py:190} INFO - Processing /home/airflow/.local/lib/python3.6/site-packages/airflow/example_dags/example_trigger_target_dag.py took 0.161 seconds
[2022-07-30 22:00:55,596] {scheduler_job.py:182} INFO - Started process (PID=319) to work on /home/airflow/.local/lib/python3.6/site-packages/airflow/example_dags/example_trigger_target_dag.py
[2022-07-30 22:00:55,631] {scheduler_job.py:629} INFO - Processing file /home/airflow/.local/lib/python3.6/site-packages/airflow/example_dags/example_trigger_target_dag.py for tasks to queue
[2022-07-30 22:00:55,642] {logging_mixin.py:104} INFO - [2022-07-30 22:00:55,642] {dagbag.py:451} INFO - Filling up the DagBag from /home/airflow/.local/lib/python3.6/site-packages/airflow/example_dags/example_trigger_target_dag.py
[2022-07-30 22:00:55,708] {scheduler_job.py:639} INFO - DAG(s) dict_keys(['example_trigger_target_dag']) retrieved from /home/airflow/.local/lib/python3.6/site-packages/airflow/example_dags/example_trigger_target_dag.py
[2022-07-30 22:00:55,812] {logging_mixin.py:104} INFO - [2022-07-30 22:00:55,812] {dag.py:1824} INFO - Sync 1 DAGs
[2022-07-30 22:00:55,892] {logging_mixin.py:104} INFO - [2022-07-30 22:00:55,892] {dag.py:2280} INFO - Setting next_dagrun for example_trigger_target_dag to None
[2022-07-30 22:00:56,202] {scheduler_job.py:190} INFO - Processing /home/airflow/.local/lib/python3.6/site-packages/airflow/example_dags/example_trigger_target_dag.py took 0.611 seconds
[2022-07-30 22:01:26,847] {scheduler_job.py:182} INFO - Started process (PID=345) to work on /home/airflow/.local/lib/python3.6/site-packages/airflow/example_dags/example_trigger_target_dag.py
[2022-07-30 22:01:26,849] {scheduler_job.py:629} INFO - Processing file /home/airflow/.local/lib/python3.6/site-packages/airflow/example_dags/example_trigger_target_dag.py for tasks to queue
[2022-07-30 22:01:26,860] {logging_mixin.py:104} INFO - [2022-07-30 22:01:26,860] {dagbag.py:451} INFO - Filling up the DagBag from /home/airflow/.local/lib/python3.6/site-packages/airflow/example_dags/example_trigger_target_dag.py
[2022-07-30 22:01:26,917] {scheduler_job.py:639} INFO - DAG(s) dict_keys(['example_trigger_target_dag']) retrieved from /home/airflow/.local/lib/python3.6/site-packages/airflow/example_dags/example_trigger_target_dag.py
[2022-07-30 22:01:26,982] {logging_mixin.py:104} INFO - [2022-07-30 22:01:26,982] {dag.py:1824} INFO - Sync 1 DAGs
[2022-07-30 22:01:27,028] {logging_mixin.py:104} INFO - [2022-07-30 22:01:27,028] {dag.py:2280} INFO - Setting next_dagrun for example_trigger_target_dag to None
[2022-07-30 22:01:27,059] {scheduler_job.py:190} INFO - Processing /home/airflow/.local/lib/python3.6/site-packages/airflow/example_dags/example_trigger_target_dag.py took 0.218 seconds
[2022-07-30 22:01:57,626] {scheduler_job.py:182} INFO - Started process (PID=371) to work on /home/airflow/.local/lib/python3.6/site-packages/airflow/example_dags/example_trigger_target_dag.py
[2022-07-30 22:01:57,630] {scheduler_job.py:629} INFO - Processing file /home/airflow/.local/lib/python3.6/site-packages/airflow/example_dags/example_trigger_target_dag.py for tasks to queue
[2022-07-30 22:01:57,633] {logging_mixin.py:104} INFO - [2022-07-30 22:01:57,632] {dagbag.py:451} INFO - Filling up the DagBag from /home/airflow/.local/lib/python3.6/site-packages/airflow/example_dags/example_trigger_target_dag.py
[2022-07-30 22:01:57,676] {scheduler_job.py:639} INFO - DAG(s) dict_keys(['example_trigger_target_dag']) retrieved from /home/airflow/.local/lib/python3.6/site-packages/airflow/example_dags/example_trigger_target_dag.py
[2022-07-30 22:01:57,811] {logging_mixin.py:104} INFO - [2022-07-30 22:01:57,810] {dag.py:1824} INFO - Sync 1 DAGs
[2022-07-30 22:01:57,864] {logging_mixin.py:104} INFO - [2022-07-30 22:01:57,864] {dag.py:2280} INFO - Setting next_dagrun for example_trigger_target_dag to None
[2022-07-30 22:01:57,893] {scheduler_job.py:190} INFO - Processing /home/airflow/.local/lib/python3.6/site-packages/airflow/example_dags/example_trigger_target_dag.py took 0.275 seconds
[2022-07-30 22:02:28,675] {scheduler_job.py:182} INFO - Started process (PID=397) to work on /home/airflow/.local/lib/python3.6/site-packages/airflow/example_dags/example_trigger_target_dag.py
[2022-07-30 22:02:28,686] {scheduler_job.py:629} INFO - Processing file /home/airflow/.local/lib/python3.6/site-packages/airflow/example_dags/example_trigger_target_dag.py for tasks to queue
[2022-07-30 22:02:28,687] {logging_mixin.py:104} INFO - [2022-07-30 22:02:28,687] {dagbag.py:451} INFO - Filling up the DagBag from /home/airflow/.local/lib/python3.6/site-packages/airflow/example_dags/example_trigger_target_dag.py
[2022-07-30 22:02:28,709] {scheduler_job.py:639} INFO - DAG(s) dict_keys(['example_trigger_target_dag']) retrieved from /home/airflow/.local/lib/python3.6/site-packages/airflow/example_dags/example_trigger_target_dag.py
[2022-07-30 22:02:28,748] {logging_mixin.py:104} INFO - [2022-07-30 22:02:28,747] {dag.py:1824} INFO - Sync 1 DAGs
[2022-07-30 22:02:28,778] {logging_mixin.py:104} INFO - [2022-07-30 22:02:28,778] {dag.py:2280} INFO - Setting next_dagrun for example_trigger_target_dag to None
[2022-07-30 22:02:28,801] {scheduler_job.py:190} INFO - Processing /home/airflow/.local/lib/python3.6/site-packages/airflow/example_dags/example_trigger_target_dag.py took 0.134 seconds
[2022-07-30 22:02:59,579] {scheduler_job.py:182} INFO - Started process (PID=423) to work on /home/airflow/.local/lib/python3.6/site-packages/airflow/example_dags/example_trigger_target_dag.py
[2022-07-30 22:02:59,593] {scheduler_job.py:629} INFO - Processing file /home/airflow/.local/lib/python3.6/site-packages/airflow/example_dags/example_trigger_target_dag.py for tasks to queue
[2022-07-30 22:02:59,594] {logging_mixin.py:104} INFO - [2022-07-30 22:02:59,594] {dagbag.py:451} INFO - Filling up the DagBag from /home/airflow/.local/lib/python3.6/site-packages/airflow/example_dags/example_trigger_target_dag.py
[2022-07-30 22:02:59,646] {scheduler_job.py:639} INFO - DAG(s) dict_keys(['example_trigger_target_dag']) retrieved from /home/airflow/.local/lib/python3.6/site-packages/airflow/example_dags/example_trigger_target_dag.py
[2022-07-30 22:02:59,758] {logging_mixin.py:104} INFO - [2022-07-30 22:02:59,758] {dag.py:1824} INFO - Sync 1 DAGs
[2022-07-30 22:02:59,859] {logging_mixin.py:104} INFO - [2022-07-30 22:02:59,859] {dag.py:2280} INFO - Setting next_dagrun for example_trigger_target_dag to None
[2022-07-30 22:02:59,959] {scheduler_job.py:190} INFO - Processing /home/airflow/.local/lib/python3.6/site-packages/airflow/example_dags/example_trigger_target_dag.py took 0.386 seconds
[2022-07-30 22:03:30,479] {scheduler_job.py:182} INFO - Started process (PID=449) to work on /home/airflow/.local/lib/python3.6/site-packages/airflow/example_dags/example_trigger_target_dag.py
[2022-07-30 22:03:30,482] {scheduler_job.py:629} INFO - Processing file /home/airflow/.local/lib/python3.6/site-packages/airflow/example_dags/example_trigger_target_dag.py for tasks to queue
[2022-07-30 22:03:30,484] {logging_mixin.py:104} INFO - [2022-07-30 22:03:30,484] {dagbag.py:451} INFO - Filling up the DagBag from /home/airflow/.local/lib/python3.6/site-packages/airflow/example_dags/example_trigger_target_dag.py
[2022-07-30 22:03:30,506] {scheduler_job.py:639} INFO - DAG(s) dict_keys(['example_trigger_target_dag']) retrieved from /home/airflow/.local/lib/python3.6/site-packages/airflow/example_dags/example_trigger_target_dag.py
[2022-07-30 22:03:30,545] {logging_mixin.py:104} INFO - [2022-07-30 22:03:30,545] {dag.py:1824} INFO - Sync 1 DAGs
[2022-07-30 22:03:30,574] {logging_mixin.py:104} INFO - [2022-07-30 22:03:30,574] {dag.py:2280} INFO - Setting next_dagrun for example_trigger_target_dag to None
[2022-07-30 22:03:30,594] {scheduler_job.py:190} INFO - Processing /home/airflow/.local/lib/python3.6/site-packages/airflow/example_dags/example_trigger_target_dag.py took 0.120 seconds
[2022-07-30 22:04:01,781] {scheduler_job.py:182} INFO - Started process (PID=475) to work on /home/airflow/.local/lib/python3.6/site-packages/airflow/example_dags/example_trigger_target_dag.py
[2022-07-30 22:04:01,802] {scheduler_job.py:629} INFO - Processing file /home/airflow/.local/lib/python3.6/site-packages/airflow/example_dags/example_trigger_target_dag.py for tasks to queue
[2022-07-30 22:04:01,814] {logging_mixin.py:104} INFO - [2022-07-30 22:04:01,810] {dagbag.py:451} INFO - Filling up the DagBag from /home/airflow/.local/lib/python3.6/site-packages/airflow/example_dags/example_trigger_target_dag.py
[2022-07-30 22:04:01,894] {scheduler_job.py:639} INFO - DAG(s) dict_keys(['example_trigger_target_dag']) retrieved from /home/airflow/.local/lib/python3.6/site-packages/airflow/example_dags/example_trigger_target_dag.py
[2022-07-30 22:04:02,008] {logging_mixin.py:104} INFO - [2022-07-30 22:04:02,008] {dag.py:1824} INFO - Sync 1 DAGs
[2022-07-30 22:04:02,119] {logging_mixin.py:104} INFO - [2022-07-30 22:04:02,119] {dag.py:2280} INFO - Setting next_dagrun for example_trigger_target_dag to None
[2022-07-30 22:04:02,180] {scheduler_job.py:190} INFO - Processing /home/airflow/.local/lib/python3.6/site-packages/airflow/example_dags/example_trigger_target_dag.py took 0.423 seconds
[2022-07-30 22:04:32,471] {scheduler_job.py:182} INFO - Started process (PID=501) to work on /home/airflow/.local/lib/python3.6/site-packages/airflow/example_dags/example_trigger_target_dag.py
[2022-07-30 22:04:32,474] {scheduler_job.py:629} INFO - Processing file /home/airflow/.local/lib/python3.6/site-packages/airflow/example_dags/example_trigger_target_dag.py for tasks to queue
[2022-07-30 22:04:32,475] {logging_mixin.py:104} INFO - [2022-07-30 22:04:32,475] {dagbag.py:451} INFO - Filling up the DagBag from /home/airflow/.local/lib/python3.6/site-packages/airflow/example_dags/example_trigger_target_dag.py
[2022-07-30 22:04:32,495] {scheduler_job.py:639} INFO - DAG(s) dict_keys(['example_trigger_target_dag']) retrieved from /home/airflow/.local/lib/python3.6/site-packages/airflow/example_dags/example_trigger_target_dag.py
[2022-07-30 22:04:32,529] {logging_mixin.py:104} INFO - [2022-07-30 22:04:32,529] {dag.py:1824} INFO - Sync 1 DAGs
[2022-07-30 22:04:32,556] {logging_mixin.py:104} INFO - [2022-07-30 22:04:32,556] {dag.py:2280} INFO - Setting next_dagrun for example_trigger_target_dag to None
[2022-07-30 22:04:32,573] {scheduler_job.py:190} INFO - Processing /home/airflow/.local/lib/python3.6/site-packages/airflow/example_dags/example_trigger_target_dag.py took 0.107 seconds
[2022-07-30 22:05:03,614] {scheduler_job.py:182} INFO - Started process (PID=527) to work on /home/airflow/.local/lib/python3.6/site-packages/airflow/example_dags/example_trigger_target_dag.py
[2022-07-30 22:05:03,617] {scheduler_job.py:629} INFO - Processing file /home/airflow/.local/lib/python3.6/site-packages/airflow/example_dags/example_trigger_target_dag.py for tasks to queue
[2022-07-30 22:05:03,619] {logging_mixin.py:104} INFO - [2022-07-30 22:05:03,618] {dagbag.py:451} INFO - Filling up the DagBag from /home/airflow/.local/lib/python3.6/site-packages/airflow/example_dags/example_trigger_target_dag.py
[2022-07-30 22:05:03,643] {scheduler_job.py:639} INFO - DAG(s) dict_keys(['example_trigger_target_dag']) retrieved from /home/airflow/.local/lib/python3.6/site-packages/airflow/example_dags/example_trigger_target_dag.py
[2022-07-30 22:05:03,690] {logging_mixin.py:104} INFO - [2022-07-30 22:05:03,690] {dag.py:1824} INFO - Sync 1 DAGs
[2022-07-30 22:05:03,718] {logging_mixin.py:104} INFO - [2022-07-30 22:05:03,718] {dag.py:2280} INFO - Setting next_dagrun for example_trigger_target_dag to None
[2022-07-30 22:05:03,736] {scheduler_job.py:190} INFO - Processing /home/airflow/.local/lib/python3.6/site-packages/airflow/example_dags/example_trigger_target_dag.py took 0.129 seconds
[2022-07-30 22:05:33,827] {scheduler_job.py:182} INFO - Started process (PID=553) to work on /home/airflow/.local/lib/python3.6/site-packages/airflow/example_dags/example_trigger_target_dag.py
[2022-07-30 22:05:33,830] {scheduler_job.py:629} INFO - Processing file /home/airflow/.local/lib/python3.6/site-packages/airflow/example_dags/example_trigger_target_dag.py for tasks to queue
[2022-07-30 22:05:33,832] {logging_mixin.py:104} INFO - [2022-07-30 22:05:33,832] {dagbag.py:451} INFO - Filling up the DagBag from /home/airflow/.local/lib/python3.6/site-packages/airflow/example_dags/example_trigger_target_dag.py
[2022-07-30 22:05:33,858] {scheduler_job.py:639} INFO - DAG(s) dict_keys(['example_trigger_target_dag']) retrieved from /home/airflow/.local/lib/python3.6/site-packages/airflow/example_dags/example_trigger_target_dag.py
[2022-07-30 22:05:33,892] {logging_mixin.py:104} INFO - [2022-07-30 22:05:33,891] {dag.py:1824} INFO - Sync 1 DAGs
[2022-07-30 22:05:33,919] {logging_mixin.py:104} INFO - [2022-07-30 22:05:33,919] {dag.py:2280} INFO - Setting next_dagrun for example_trigger_target_dag to None
[2022-07-30 22:05:33,939] {scheduler_job.py:190} INFO - Processing /home/airflow/.local/lib/python3.6/site-packages/airflow/example_dags/example_trigger_target_dag.py took 0.119 seconds
[2022-07-30 22:06:04,623] {scheduler_job.py:182} INFO - Started process (PID=579) to work on /home/airflow/.local/lib/python3.6/site-packages/airflow/example_dags/example_trigger_target_dag.py
[2022-07-30 22:06:04,626] {scheduler_job.py:629} INFO - Processing file /home/airflow/.local/lib/python3.6/site-packages/airflow/example_dags/example_trigger_target_dag.py for tasks to queue
[2022-07-30 22:06:04,627] {logging_mixin.py:104} INFO - [2022-07-30 22:06:04,627] {dagbag.py:451} INFO - Filling up the DagBag from /home/airflow/.local/lib/python3.6/site-packages/airflow/example_dags/example_trigger_target_dag.py
[2022-07-30 22:06:04,681] {scheduler_job.py:639} INFO - DAG(s) dict_keys(['example_trigger_target_dag']) retrieved from /home/airflow/.local/lib/python3.6/site-packages/airflow/example_dags/example_trigger_target_dag.py
[2022-07-30 22:06:04,787] {logging_mixin.py:104} INFO - [2022-07-30 22:06:04,787] {dag.py:1824} INFO - Sync 1 DAGs
[2022-07-30 22:06:04,849] {logging_mixin.py:104} INFO - [2022-07-30 22:06:04,847] {dag.py:2280} INFO - Setting next_dagrun for example_trigger_target_dag to None
[2022-07-30 22:06:04,873] {scheduler_job.py:190} INFO - Processing /home/airflow/.local/lib/python3.6/site-packages/airflow/example_dags/example_trigger_target_dag.py took 0.256 seconds
[2022-07-30 22:06:34,934] {scheduler_job.py:182} INFO - Started process (PID=604) to work on /home/airflow/.local/lib/python3.6/site-packages/airflow/example_dags/example_trigger_target_dag.py
[2022-07-30 22:06:34,936] {scheduler_job.py:629} INFO - Processing file /home/airflow/.local/lib/python3.6/site-packages/airflow/example_dags/example_trigger_target_dag.py for tasks to queue
[2022-07-30 22:06:34,938] {logging_mixin.py:104} INFO - [2022-07-30 22:06:34,938] {dagbag.py:451} INFO - Filling up the DagBag from /home/airflow/.local/lib/python3.6/site-packages/airflow/example_dags/example_trigger_target_dag.py
[2022-07-30 22:06:34,957] {scheduler_job.py:639} INFO - DAG(s) dict_keys(['example_trigger_target_dag']) retrieved from /home/airflow/.local/lib/python3.6/site-packages/airflow/example_dags/example_trigger_target_dag.py
[2022-07-30 22:06:34,990] {logging_mixin.py:104} INFO - [2022-07-30 22:06:34,990] {dag.py:1824} INFO - Sync 1 DAGs
[2022-07-30 22:06:35,012] {logging_mixin.py:104} INFO - [2022-07-30 22:06:35,012] {dag.py:2280} INFO - Setting next_dagrun for example_trigger_target_dag to None
[2022-07-30 22:06:35,029] {scheduler_job.py:190} INFO - Processing /home/airflow/.local/lib/python3.6/site-packages/airflow/example_dags/example_trigger_target_dag.py took 0.100 seconds
[2022-07-30 22:07:05,442] {scheduler_job.py:182} INFO - Started process (PID=631) to work on /home/airflow/.local/lib/python3.6/site-packages/airflow/example_dags/example_trigger_target_dag.py
[2022-07-30 22:07:05,446] {scheduler_job.py:629} INFO - Processing file /home/airflow/.local/lib/python3.6/site-packages/airflow/example_dags/example_trigger_target_dag.py for tasks to queue
[2022-07-30 22:07:05,448] {logging_mixin.py:104} INFO - [2022-07-30 22:07:05,447] {dagbag.py:451} INFO - Filling up the DagBag from /home/airflow/.local/lib/python3.6/site-packages/airflow/example_dags/example_trigger_target_dag.py
[2022-07-30 22:07:05,476] {scheduler_job.py:639} INFO - DAG(s) dict_keys(['example_trigger_target_dag']) retrieved from /home/airflow/.local/lib/python3.6/site-packages/airflow/example_dags/example_trigger_target_dag.py
[2022-07-30 22:07:05,523] {logging_mixin.py:104} INFO - [2022-07-30 22:07:05,523] {dag.py:1824} INFO - Sync 1 DAGs
[2022-07-30 22:07:05,552] {logging_mixin.py:104} INFO - [2022-07-30 22:07:05,552] {dag.py:2280} INFO - Setting next_dagrun for example_trigger_target_dag to None
[2022-07-30 22:07:05,572] {scheduler_job.py:190} INFO - Processing /home/airflow/.local/lib/python3.6/site-packages/airflow/example_dags/example_trigger_target_dag.py took 0.140 seconds
[2022-07-30 22:07:35,756] {scheduler_job.py:182} INFO - Started process (PID=657) to work on /home/airflow/.local/lib/python3.6/site-packages/airflow/example_dags/example_trigger_target_dag.py
[2022-07-30 22:07:35,759] {scheduler_job.py:629} INFO - Processing file /home/airflow/.local/lib/python3.6/site-packages/airflow/example_dags/example_trigger_target_dag.py for tasks to queue
[2022-07-30 22:07:35,761] {logging_mixin.py:104} INFO - [2022-07-30 22:07:35,761] {dagbag.py:451} INFO - Filling up the DagBag from /home/airflow/.local/lib/python3.6/site-packages/airflow/example_dags/example_trigger_target_dag.py
[2022-07-30 22:07:35,779] {scheduler_job.py:639} INFO - DAG(s) dict_keys(['example_trigger_target_dag']) retrieved from /home/airflow/.local/lib/python3.6/site-packages/airflow/example_dags/example_trigger_target_dag.py
[2022-07-30 22:07:35,815] {logging_mixin.py:104} INFO - [2022-07-30 22:07:35,815] {dag.py:1824} INFO - Sync 1 DAGs
[2022-07-30 22:07:35,843] {logging_mixin.py:104} INFO - [2022-07-30 22:07:35,843] {dag.py:2280} INFO - Setting next_dagrun for example_trigger_target_dag to None
[2022-07-30 22:07:35,863] {scheduler_job.py:190} INFO - Processing /home/airflow/.local/lib/python3.6/site-packages/airflow/example_dags/example_trigger_target_dag.py took 0.112 seconds
[2022-07-30 22:08:06,605] {scheduler_job.py:182} INFO - Started process (PID=683) to work on /home/airflow/.local/lib/python3.6/site-packages/airflow/example_dags/example_trigger_target_dag.py
[2022-07-30 22:08:06,607] {scheduler_job.py:629} INFO - Processing file /home/airflow/.local/lib/python3.6/site-packages/airflow/example_dags/example_trigger_target_dag.py for tasks to queue
[2022-07-30 22:08:06,609] {logging_mixin.py:104} INFO - [2022-07-30 22:08:06,609] {dagbag.py:451} INFO - Filling up the DagBag from /home/airflow/.local/lib/python3.6/site-packages/airflow/example_dags/example_trigger_target_dag.py
[2022-07-30 22:08:06,632] {scheduler_job.py:639} INFO - DAG(s) dict_keys(['example_trigger_target_dag']) retrieved from /home/airflow/.local/lib/python3.6/site-packages/airflow/example_dags/example_trigger_target_dag.py
[2022-07-30 22:08:06,691] {logging_mixin.py:104} INFO - [2022-07-30 22:08:06,691] {dag.py:1824} INFO - Sync 1 DAGs
[2022-07-30 22:08:06,727] {logging_mixin.py:104} INFO - [2022-07-30 22:08:06,726] {dag.py:2280} INFO - Setting next_dagrun for example_trigger_target_dag to None
[2022-07-30 22:08:06,766] {scheduler_job.py:190} INFO - Processing /home/airflow/.local/lib/python3.6/site-packages/airflow/example_dags/example_trigger_target_dag.py took 0.166 seconds
[2022-07-30 22:08:36,900] {scheduler_job.py:182} INFO - Started process (PID=709) to work on /home/airflow/.local/lib/python3.6/site-packages/airflow/example_dags/example_trigger_target_dag.py
[2022-07-30 22:08:36,903] {scheduler_job.py:629} INFO - Processing file /home/airflow/.local/lib/python3.6/site-packages/airflow/example_dags/example_trigger_target_dag.py for tasks to queue
[2022-07-30 22:08:36,905] {logging_mixin.py:104} INFO - [2022-07-30 22:08:36,905] {dagbag.py:451} INFO - Filling up the DagBag from /home/airflow/.local/lib/python3.6/site-packages/airflow/example_dags/example_trigger_target_dag.py
[2022-07-30 22:08:36,935] {scheduler_job.py:639} INFO - DAG(s) dict_keys(['example_trigger_target_dag']) retrieved from /home/airflow/.local/lib/python3.6/site-packages/airflow/example_dags/example_trigger_target_dag.py
[2022-07-30 22:08:36,975] {logging_mixin.py:104} INFO - [2022-07-30 22:08:36,975] {dag.py:1824} INFO - Sync 1 DAGs
[2022-07-30 22:08:37,005] {logging_mixin.py:104} INFO - [2022-07-30 22:08:37,005] {dag.py:2280} INFO - Setting next_dagrun for example_trigger_target_dag to None
[2022-07-30 22:08:37,024] {scheduler_job.py:190} INFO - Processing /home/airflow/.local/lib/python3.6/site-packages/airflow/example_dags/example_trigger_target_dag.py took 0.130 seconds
[2022-07-30 22:09:07,279] {scheduler_job.py:182} INFO - Started process (PID=735) to work on /home/airflow/.local/lib/python3.6/site-packages/airflow/example_dags/example_trigger_target_dag.py
[2022-07-30 22:09:07,283] {scheduler_job.py:629} INFO - Processing file /home/airflow/.local/lib/python3.6/site-packages/airflow/example_dags/example_trigger_target_dag.py for tasks to queue
[2022-07-30 22:09:07,285] {logging_mixin.py:104} INFO - [2022-07-30 22:09:07,285] {dagbag.py:451} INFO - Filling up the DagBag from /home/airflow/.local/lib/python3.6/site-packages/airflow/example_dags/example_trigger_target_dag.py
[2022-07-30 22:09:07,304] {scheduler_job.py:639} INFO - DAG(s) dict_keys(['example_trigger_target_dag']) retrieved from /home/airflow/.local/lib/python3.6/site-packages/airflow/example_dags/example_trigger_target_dag.py
[2022-07-30 22:09:07,344] {logging_mixin.py:104} INFO - [2022-07-30 22:09:07,343] {dag.py:1824} INFO - Sync 1 DAGs
[2022-07-30 22:09:07,375] {logging_mixin.py:104} INFO - [2022-07-30 22:09:07,375] {dag.py:2280} INFO - Setting next_dagrun for example_trigger_target_dag to None
[2022-07-30 22:09:07,396] {scheduler_job.py:190} INFO - Processing /home/airflow/.local/lib/python3.6/site-packages/airflow/example_dags/example_trigger_target_dag.py took 0.123 seconds
[2022-07-30 22:09:37,850] {scheduler_job.py:182} INFO - Started process (PID=761) to work on /home/airflow/.local/lib/python3.6/site-packages/airflow/example_dags/example_trigger_target_dag.py
[2022-07-30 22:09:37,853] {scheduler_job.py:629} INFO - Processing file /home/airflow/.local/lib/python3.6/site-packages/airflow/example_dags/example_trigger_target_dag.py for tasks to queue
[2022-07-30 22:09:37,854] {logging_mixin.py:104} INFO - [2022-07-30 22:09:37,854] {dagbag.py:451} INFO - Filling up the DagBag from /home/airflow/.local/lib/python3.6/site-packages/airflow/example_dags/example_trigger_target_dag.py
[2022-07-30 22:09:37,872] {scheduler_job.py:639} INFO - DAG(s) dict_keys(['example_trigger_target_dag']) retrieved from /home/airflow/.local/lib/python3.6/site-packages/airflow/example_dags/example_trigger_target_dag.py
[2022-07-30 22:09:37,912] {logging_mixin.py:104} INFO - [2022-07-30 22:09:37,912] {dag.py:1824} INFO - Sync 1 DAGs
[2022-07-30 22:09:37,940] {logging_mixin.py:104} INFO - [2022-07-30 22:09:37,939] {dag.py:2280} INFO - Setting next_dagrun for example_trigger_target_dag to None
[2022-07-30 22:09:37,962] {scheduler_job.py:190} INFO - Processing /home/airflow/.local/lib/python3.6/site-packages/airflow/example_dags/example_trigger_target_dag.py took 0.117 seconds
[2022-07-30 22:10:08,518] {scheduler_job.py:182} INFO - Started process (PID=787) to work on /home/airflow/.local/lib/python3.6/site-packages/airflow/example_dags/example_trigger_target_dag.py
[2022-07-30 22:10:08,520] {scheduler_job.py:629} INFO - Processing file /home/airflow/.local/lib/python3.6/site-packages/airflow/example_dags/example_trigger_target_dag.py for tasks to queue
[2022-07-30 22:10:08,532] {logging_mixin.py:104} INFO - [2022-07-30 22:10:08,532] {dagbag.py:451} INFO - Filling up the DagBag from /home/airflow/.local/lib/python3.6/site-packages/airflow/example_dags/example_trigger_target_dag.py
[2022-07-30 22:10:08,619] {scheduler_job.py:639} INFO - DAG(s) dict_keys(['example_trigger_target_dag']) retrieved from /home/airflow/.local/lib/python3.6/site-packages/airflow/example_dags/example_trigger_target_dag.py
[2022-07-30 22:10:08,706] {logging_mixin.py:104} INFO - [2022-07-30 22:10:08,705] {dag.py:1824} INFO - Sync 1 DAGs
[2022-07-30 22:10:08,760] {logging_mixin.py:104} INFO - [2022-07-30 22:10:08,760] {dag.py:2280} INFO - Setting next_dagrun for example_trigger_target_dag to None
[2022-07-30 22:10:08,785] {scheduler_job.py:190} INFO - Processing /home/airflow/.local/lib/python3.6/site-packages/airflow/example_dags/example_trigger_target_dag.py took 0.284 seconds
[2022-07-30 22:10:39,592] {scheduler_job.py:182} INFO - Started process (PID=813) to work on /home/airflow/.local/lib/python3.6/site-packages/airflow/example_dags/example_trigger_target_dag.py
[2022-07-30 22:10:39,594] {scheduler_job.py:629} INFO - Processing file /home/airflow/.local/lib/python3.6/site-packages/airflow/example_dags/example_trigger_target_dag.py for tasks to queue
[2022-07-30 22:10:39,595] {logging_mixin.py:104} INFO - [2022-07-30 22:10:39,595] {dagbag.py:451} INFO - Filling up the DagBag from /home/airflow/.local/lib/python3.6/site-packages/airflow/example_dags/example_trigger_target_dag.py
[2022-07-30 22:10:39,617] {scheduler_job.py:639} INFO - DAG(s) dict_keys(['example_trigger_target_dag']) retrieved from /home/airflow/.local/lib/python3.6/site-packages/airflow/example_dags/example_trigger_target_dag.py
[2022-07-30 22:10:39,654] {logging_mixin.py:104} INFO - [2022-07-30 22:10:39,653] {dag.py:1824} INFO - Sync 1 DAGs
[2022-07-30 22:10:39,689] {logging_mixin.py:104} INFO - [2022-07-30 22:10:39,688] {dag.py:2280} INFO - Setting next_dagrun for example_trigger_target_dag to None
[2022-07-30 22:10:39,713] {scheduler_job.py:190} INFO - Processing /home/airflow/.local/lib/python3.6/site-packages/airflow/example_dags/example_trigger_target_dag.py took 0.126 seconds
[2022-07-30 22:11:10,239] {scheduler_job.py:182} INFO - Started process (PID=839) to work on /home/airflow/.local/lib/python3.6/site-packages/airflow/example_dags/example_trigger_target_dag.py
[2022-07-30 22:11:10,241] {scheduler_job.py:629} INFO - Processing file /home/airflow/.local/lib/python3.6/site-packages/airflow/example_dags/example_trigger_target_dag.py for tasks to queue
[2022-07-30 22:11:10,243] {logging_mixin.py:104} INFO - [2022-07-30 22:11:10,243] {dagbag.py:451} INFO - Filling up the DagBag from /home/airflow/.local/lib/python3.6/site-packages/airflow/example_dags/example_trigger_target_dag.py
[2022-07-30 22:11:10,261] {scheduler_job.py:639} INFO - DAG(s) dict_keys(['example_trigger_target_dag']) retrieved from /home/airflow/.local/lib/python3.6/site-packages/airflow/example_dags/example_trigger_target_dag.py
[2022-07-30 22:11:10,322] {logging_mixin.py:104} INFO - [2022-07-30 22:11:10,322] {dag.py:1824} INFO - Sync 1 DAGs
[2022-07-30 22:11:10,367] {logging_mixin.py:104} INFO - [2022-07-30 22:11:10,366] {dag.py:2280} INFO - Setting next_dagrun for example_trigger_target_dag to None
[2022-07-30 22:11:10,384] {scheduler_job.py:190} INFO - Processing /home/airflow/.local/lib/python3.6/site-packages/airflow/example_dags/example_trigger_target_dag.py took 0.150 seconds
[2022-07-30 22:11:40,992] {scheduler_job.py:182} INFO - Started process (PID=865) to work on /home/airflow/.local/lib/python3.6/site-packages/airflow/example_dags/example_trigger_target_dag.py
[2022-07-30 22:11:40,994] {scheduler_job.py:629} INFO - Processing file /home/airflow/.local/lib/python3.6/site-packages/airflow/example_dags/example_trigger_target_dag.py for tasks to queue
[2022-07-30 22:11:40,998] {logging_mixin.py:104} INFO - [2022-07-30 22:11:40,998] {dagbag.py:451} INFO - Filling up the DagBag from /home/airflow/.local/lib/python3.6/site-packages/airflow/example_dags/example_trigger_target_dag.py
[2022-07-30 22:11:41,020] {scheduler_job.py:639} INFO - DAG(s) dict_keys(['example_trigger_target_dag']) retrieved from /home/airflow/.local/lib/python3.6/site-packages/airflow/example_dags/example_trigger_target_dag.py
[2022-07-30 22:11:41,053] {logging_mixin.py:104} INFO - [2022-07-30 22:11:41,053] {dag.py:1824} INFO - Sync 1 DAGs
[2022-07-30 22:11:41,081] {logging_mixin.py:104} INFO - [2022-07-30 22:11:41,081] {dag.py:2280} INFO - Setting next_dagrun for example_trigger_target_dag to None
[2022-07-30 22:11:41,110] {scheduler_job.py:190} INFO - Processing /home/airflow/.local/lib/python3.6/site-packages/airflow/example_dags/example_trigger_target_dag.py took 0.126 seconds
[2022-07-30 22:12:11,449] {scheduler_job.py:182} INFO - Started process (PID=891) to work on /home/airflow/.local/lib/python3.6/site-packages/airflow/example_dags/example_trigger_target_dag.py
[2022-07-30 22:12:11,452] {scheduler_job.py:629} INFO - Processing file /home/airflow/.local/lib/python3.6/site-packages/airflow/example_dags/example_trigger_target_dag.py for tasks to queue
[2022-07-30 22:12:11,454] {logging_mixin.py:104} INFO - [2022-07-30 22:12:11,454] {dagbag.py:451} INFO - Filling up the DagBag from /home/airflow/.local/lib/python3.6/site-packages/airflow/example_dags/example_trigger_target_dag.py
[2022-07-30 22:12:11,478] {scheduler_job.py:639} INFO - DAG(s) dict_keys(['example_trigger_target_dag']) retrieved from /home/airflow/.local/lib/python3.6/site-packages/airflow/example_dags/example_trigger_target_dag.py
[2022-07-30 22:12:11,514] {logging_mixin.py:104} INFO - [2022-07-30 22:12:11,514] {dag.py:1824} INFO - Sync 1 DAGs
[2022-07-30 22:12:11,549] {logging_mixin.py:104} INFO - [2022-07-30 22:12:11,548] {dag.py:2280} INFO - Setting next_dagrun for example_trigger_target_dag to None
[2022-07-30 22:12:11,574] {scheduler_job.py:190} INFO - Processing /home/airflow/.local/lib/python3.6/site-packages/airflow/example_dags/example_trigger_target_dag.py took 0.129 seconds
[2022-07-30 22:12:41,787] {scheduler_job.py:182} INFO - Started process (PID=917) to work on /home/airflow/.local/lib/python3.6/site-packages/airflow/example_dags/example_trigger_target_dag.py
[2022-07-30 22:12:41,793] {scheduler_job.py:629} INFO - Processing file /home/airflow/.local/lib/python3.6/site-packages/airflow/example_dags/example_trigger_target_dag.py for tasks to queue
[2022-07-30 22:12:41,794] {logging_mixin.py:104} INFO - [2022-07-30 22:12:41,794] {dagbag.py:451} INFO - Filling up the DagBag from /home/airflow/.local/lib/python3.6/site-packages/airflow/example_dags/example_trigger_target_dag.py
[2022-07-30 22:12:41,818] {scheduler_job.py:639} INFO - DAG(s) dict_keys(['example_trigger_target_dag']) retrieved from /home/airflow/.local/lib/python3.6/site-packages/airflow/example_dags/example_trigger_target_dag.py
[2022-07-30 22:12:41,859] {logging_mixin.py:104} INFO - [2022-07-30 22:12:41,859] {dag.py:1824} INFO - Sync 1 DAGs
[2022-07-30 22:12:41,911] {logging_mixin.py:104} INFO - [2022-07-30 22:12:41,910] {dag.py:2280} INFO - Setting next_dagrun for example_trigger_target_dag to None
[2022-07-30 22:12:41,939] {scheduler_job.py:190} INFO - Processing /home/airflow/.local/lib/python3.6/site-packages/airflow/example_dags/example_trigger_target_dag.py took 0.161 seconds
[2022-07-30 22:13:12,416] {scheduler_job.py:182} INFO - Started process (PID=943) to work on /home/airflow/.local/lib/python3.6/site-packages/airflow/example_dags/example_trigger_target_dag.py
[2022-07-30 22:13:12,427] {scheduler_job.py:629} INFO - Processing file /home/airflow/.local/lib/python3.6/site-packages/airflow/example_dags/example_trigger_target_dag.py for tasks to queue
[2022-07-30 22:13:12,429] {logging_mixin.py:104} INFO - [2022-07-30 22:13:12,428] {dagbag.py:451} INFO - Filling up the DagBag from /home/airflow/.local/lib/python3.6/site-packages/airflow/example_dags/example_trigger_target_dag.py
[2022-07-30 22:13:12,470] {scheduler_job.py:639} INFO - DAG(s) dict_keys(['example_trigger_target_dag']) retrieved from /home/airflow/.local/lib/python3.6/site-packages/airflow/example_dags/example_trigger_target_dag.py
[2022-07-30 22:13:12,588] {logging_mixin.py:104} INFO - [2022-07-30 22:13:12,579] {dag.py:1824} INFO - Sync 1 DAGs
[2022-07-30 22:13:12,641] {logging_mixin.py:104} INFO - [2022-07-30 22:13:12,641] {dag.py:2280} INFO - Setting next_dagrun for example_trigger_target_dag to None
[2022-07-30 22:13:12,726] {scheduler_job.py:190} INFO - Processing /home/airflow/.local/lib/python3.6/site-packages/airflow/example_dags/example_trigger_target_dag.py took 0.316 seconds
[2022-07-30 22:13:42,897] {scheduler_job.py:182} INFO - Started process (PID=969) to work on /home/airflow/.local/lib/python3.6/site-packages/airflow/example_dags/example_trigger_target_dag.py
[2022-07-30 22:13:42,900] {scheduler_job.py:629} INFO - Processing file /home/airflow/.local/lib/python3.6/site-packages/airflow/example_dags/example_trigger_target_dag.py for tasks to queue
[2022-07-30 22:13:42,902] {logging_mixin.py:104} INFO - [2022-07-30 22:13:42,902] {dagbag.py:451} INFO - Filling up the DagBag from /home/airflow/.local/lib/python3.6/site-packages/airflow/example_dags/example_trigger_target_dag.py
[2022-07-30 22:13:42,924] {scheduler_job.py:639} INFO - DAG(s) dict_keys(['example_trigger_target_dag']) retrieved from /home/airflow/.local/lib/python3.6/site-packages/airflow/example_dags/example_trigger_target_dag.py
[2022-07-30 22:13:42,960] {logging_mixin.py:104} INFO - [2022-07-30 22:13:42,959] {dag.py:1824} INFO - Sync 1 DAGs
[2022-07-30 22:13:42,984] {logging_mixin.py:104} INFO - [2022-07-30 22:13:42,984] {dag.py:2280} INFO - Setting next_dagrun for example_trigger_target_dag to None
[2022-07-30 22:13:43,005] {scheduler_job.py:190} INFO - Processing /home/airflow/.local/lib/python3.6/site-packages/airflow/example_dags/example_trigger_target_dag.py took 0.113 seconds
[2022-07-30 22:14:13,586] {scheduler_job.py:182} INFO - Started process (PID=995) to work on /home/airflow/.local/lib/python3.6/site-packages/airflow/example_dags/example_trigger_target_dag.py
[2022-07-30 22:14:13,589] {scheduler_job.py:629} INFO - Processing file /home/airflow/.local/lib/python3.6/site-packages/airflow/example_dags/example_trigger_target_dag.py for tasks to queue
[2022-07-30 22:14:13,593] {logging_mixin.py:104} INFO - [2022-07-30 22:14:13,593] {dagbag.py:451} INFO - Filling up the DagBag from /home/airflow/.local/lib/python3.6/site-packages/airflow/example_dags/example_trigger_target_dag.py
[2022-07-30 22:14:13,631] {scheduler_job.py:639} INFO - DAG(s) dict_keys(['example_trigger_target_dag']) retrieved from /home/airflow/.local/lib/python3.6/site-packages/airflow/example_dags/example_trigger_target_dag.py
[2022-07-30 22:14:13,673] {logging_mixin.py:104} INFO - [2022-07-30 22:14:13,673] {dag.py:1824} INFO - Sync 1 DAGs
[2022-07-30 22:14:13,702] {logging_mixin.py:104} INFO - [2022-07-30 22:14:13,702] {dag.py:2280} INFO - Setting next_dagrun for example_trigger_target_dag to None
[2022-07-30 22:14:13,722] {scheduler_job.py:190} INFO - Processing /home/airflow/.local/lib/python3.6/site-packages/airflow/example_dags/example_trigger_target_dag.py took 0.141 seconds
[2022-07-30 22:14:44,182] {scheduler_job.py:182} INFO - Started process (PID=1021) to work on /home/airflow/.local/lib/python3.6/site-packages/airflow/example_dags/example_trigger_target_dag.py
[2022-07-30 22:14:44,186] {scheduler_job.py:629} INFO - Processing file /home/airflow/.local/lib/python3.6/site-packages/airflow/example_dags/example_trigger_target_dag.py for tasks to queue
[2022-07-30 22:14:44,188] {logging_mixin.py:104} INFO - [2022-07-30 22:14:44,188] {dagbag.py:451} INFO - Filling up the DagBag from /home/airflow/.local/lib/python3.6/site-packages/airflow/example_dags/example_trigger_target_dag.py
[2022-07-30 22:14:44,219] {scheduler_job.py:639} INFO - DAG(s) dict_keys(['example_trigger_target_dag']) retrieved from /home/airflow/.local/lib/python3.6/site-packages/airflow/example_dags/example_trigger_target_dag.py
[2022-07-30 22:14:44,254] {logging_mixin.py:104} INFO - [2022-07-30 22:14:44,254] {dag.py:1824} INFO - Sync 1 DAGs
[2022-07-30 22:14:44,291] {logging_mixin.py:104} INFO - [2022-07-30 22:14:44,291] {dag.py:2280} INFO - Setting next_dagrun for example_trigger_target_dag to None
[2022-07-30 22:14:44,313] {scheduler_job.py:190} INFO - Processing /home/airflow/.local/lib/python3.6/site-packages/airflow/example_dags/example_trigger_target_dag.py took 0.138 seconds
[2022-07-30 22:15:14,550] {scheduler_job.py:182} INFO - Started process (PID=1047) to work on /home/airflow/.local/lib/python3.6/site-packages/airflow/example_dags/example_trigger_target_dag.py
[2022-07-30 22:15:14,553] {scheduler_job.py:629} INFO - Processing file /home/airflow/.local/lib/python3.6/site-packages/airflow/example_dags/example_trigger_target_dag.py for tasks to queue
[2022-07-30 22:15:14,554] {logging_mixin.py:104} INFO - [2022-07-30 22:15:14,554] {dagbag.py:451} INFO - Filling up the DagBag from /home/airflow/.local/lib/python3.6/site-packages/airflow/example_dags/example_trigger_target_dag.py
[2022-07-30 22:15:14,575] {scheduler_job.py:639} INFO - DAG(s) dict_keys(['example_trigger_target_dag']) retrieved from /home/airflow/.local/lib/python3.6/site-packages/airflow/example_dags/example_trigger_target_dag.py
[2022-07-30 22:15:14,616] {logging_mixin.py:104} INFO - [2022-07-30 22:15:14,616] {dag.py:1824} INFO - Sync 1 DAGs
[2022-07-30 22:15:14,649] {logging_mixin.py:104} INFO - [2022-07-30 22:15:14,648] {dag.py:2280} INFO - Setting next_dagrun for example_trigger_target_dag to None
[2022-07-30 22:15:14,668] {scheduler_job.py:190} INFO - Processing /home/airflow/.local/lib/python3.6/site-packages/airflow/example_dags/example_trigger_target_dag.py took 0.124 seconds
[2022-07-30 22:15:44,784] {scheduler_job.py:182} INFO - Started process (PID=1073) to work on /home/airflow/.local/lib/python3.6/site-packages/airflow/example_dags/example_trigger_target_dag.py
[2022-07-30 22:15:44,788] {scheduler_job.py:629} INFO - Processing file /home/airflow/.local/lib/python3.6/site-packages/airflow/example_dags/example_trigger_target_dag.py for tasks to queue
[2022-07-30 22:15:44,798] {logging_mixin.py:104} INFO - [2022-07-30 22:15:44,798] {dagbag.py:451} INFO - Filling up the DagBag from /home/airflow/.local/lib/python3.6/site-packages/airflow/example_dags/example_trigger_target_dag.py
[2022-07-30 22:15:44,840] {scheduler_job.py:639} INFO - DAG(s) dict_keys(['example_trigger_target_dag']) retrieved from /home/airflow/.local/lib/python3.6/site-packages/airflow/example_dags/example_trigger_target_dag.py
[2022-07-30 22:15:44,922] {logging_mixin.py:104} INFO - [2022-07-30 22:15:44,922] {dag.py:1824} INFO - Sync 1 DAGs
[2022-07-30 22:15:45,019] {logging_mixin.py:104} INFO - [2022-07-30 22:15:45,019] {dag.py:2280} INFO - Setting next_dagrun for example_trigger_target_dag to None
[2022-07-30 22:15:45,086] {scheduler_job.py:190} INFO - Processing /home/airflow/.local/lib/python3.6/site-packages/airflow/example_dags/example_trigger_target_dag.py took 0.309 seconds
[2022-07-30 22:16:15,271] {scheduler_job.py:182} INFO - Started process (PID=1099) to work on /home/airflow/.local/lib/python3.6/site-packages/airflow/example_dags/example_trigger_target_dag.py
[2022-07-30 22:16:15,273] {scheduler_job.py:629} INFO - Processing file /home/airflow/.local/lib/python3.6/site-packages/airflow/example_dags/example_trigger_target_dag.py for tasks to queue
[2022-07-30 22:16:15,275] {logging_mixin.py:104} INFO - [2022-07-30 22:16:15,275] {dagbag.py:451} INFO - Filling up the DagBag from /home/airflow/.local/lib/python3.6/site-packages/airflow/example_dags/example_trigger_target_dag.py
[2022-07-30 22:16:15,303] {scheduler_job.py:639} INFO - DAG(s) dict_keys(['example_trigger_target_dag']) retrieved from /home/airflow/.local/lib/python3.6/site-packages/airflow/example_dags/example_trigger_target_dag.py
[2022-07-30 22:16:15,364] {logging_mixin.py:104} INFO - [2022-07-30 22:16:15,364] {dag.py:1824} INFO - Sync 1 DAGs
[2022-07-30 22:16:15,402] {logging_mixin.py:104} INFO - [2022-07-30 22:16:15,402] {dag.py:2280} INFO - Setting next_dagrun for example_trigger_target_dag to None
[2022-07-30 22:16:15,429] {scheduler_job.py:190} INFO - Processing /home/airflow/.local/lib/python3.6/site-packages/airflow/example_dags/example_trigger_target_dag.py took 0.163 seconds
[2022-07-30 22:16:45,562] {scheduler_job.py:182} INFO - Started process (PID=1125) to work on /home/airflow/.local/lib/python3.6/site-packages/airflow/example_dags/example_trigger_target_dag.py
[2022-07-30 22:16:45,565] {scheduler_job.py:629} INFO - Processing file /home/airflow/.local/lib/python3.6/site-packages/airflow/example_dags/example_trigger_target_dag.py for tasks to queue
[2022-07-30 22:16:45,572] {logging_mixin.py:104} INFO - [2022-07-30 22:16:45,572] {dagbag.py:451} INFO - Filling up the DagBag from /home/airflow/.local/lib/python3.6/site-packages/airflow/example_dags/example_trigger_target_dag.py
[2022-07-30 22:16:45,603] {scheduler_job.py:639} INFO - DAG(s) dict_keys(['example_trigger_target_dag']) retrieved from /home/airflow/.local/lib/python3.6/site-packages/airflow/example_dags/example_trigger_target_dag.py
[2022-07-30 22:16:45,686] {logging_mixin.py:104} INFO - [2022-07-30 22:16:45,686] {dag.py:1824} INFO - Sync 1 DAGs
[2022-07-30 22:16:45,724] {logging_mixin.py:104} INFO - [2022-07-30 22:16:45,724] {dag.py:2280} INFO - Setting next_dagrun for example_trigger_target_dag to None
[2022-07-30 22:16:45,763] {scheduler_job.py:190} INFO - Processing /home/airflow/.local/lib/python3.6/site-packages/airflow/example_dags/example_trigger_target_dag.py took 0.207 seconds
[2022-07-30 22:17:15,821] {scheduler_job.py:182} INFO - Started process (PID=1150) to work on /home/airflow/.local/lib/python3.6/site-packages/airflow/example_dags/example_trigger_target_dag.py
[2022-07-30 22:17:15,824] {scheduler_job.py:629} INFO - Processing file /home/airflow/.local/lib/python3.6/site-packages/airflow/example_dags/example_trigger_target_dag.py for tasks to queue
[2022-07-30 22:17:15,826] {logging_mixin.py:104} INFO - [2022-07-30 22:17:15,826] {dagbag.py:451} INFO - Filling up the DagBag from /home/airflow/.local/lib/python3.6/site-packages/airflow/example_dags/example_trigger_target_dag.py
[2022-07-30 22:17:15,851] {scheduler_job.py:639} INFO - DAG(s) dict_keys(['example_trigger_target_dag']) retrieved from /home/airflow/.local/lib/python3.6/site-packages/airflow/example_dags/example_trigger_target_dag.py
[2022-07-30 22:17:15,886] {logging_mixin.py:104} INFO - [2022-07-30 22:17:15,886] {dag.py:1824} INFO - Sync 1 DAGs
[2022-07-30 22:17:15,928] {logging_mixin.py:104} INFO - [2022-07-30 22:17:15,927] {dag.py:2280} INFO - Setting next_dagrun for example_trigger_target_dag to None
[2022-07-30 22:17:15,959] {scheduler_job.py:190} INFO - Processing /home/airflow/.local/lib/python3.6/site-packages/airflow/example_dags/example_trigger_target_dag.py took 0.145 seconds
[2022-07-30 22:17:46,243] {scheduler_job.py:182} INFO - Started process (PID=1177) to work on /home/airflow/.local/lib/python3.6/site-packages/airflow/example_dags/example_trigger_target_dag.py
[2022-07-30 22:17:46,248] {scheduler_job.py:629} INFO - Processing file /home/airflow/.local/lib/python3.6/site-packages/airflow/example_dags/example_trigger_target_dag.py for tasks to queue
[2022-07-30 22:17:46,251] {logging_mixin.py:104} INFO - [2022-07-30 22:17:46,250] {dagbag.py:451} INFO - Filling up the DagBag from /home/airflow/.local/lib/python3.6/site-packages/airflow/example_dags/example_trigger_target_dag.py
[2022-07-30 22:17:46,283] {scheduler_job.py:639} INFO - DAG(s) dict_keys(['example_trigger_target_dag']) retrieved from /home/airflow/.local/lib/python3.6/site-packages/airflow/example_dags/example_trigger_target_dag.py
[2022-07-30 22:17:46,353] {logging_mixin.py:104} INFO - [2022-07-30 22:17:46,353] {dag.py:1824} INFO - Sync 1 DAGs
[2022-07-30 22:17:46,408] {logging_mixin.py:104} INFO - [2022-07-30 22:17:46,406] {dag.py:2280} INFO - Setting next_dagrun for example_trigger_target_dag to None
[2022-07-30 22:17:46,457] {scheduler_job.py:190} INFO - Processing /home/airflow/.local/lib/python3.6/site-packages/airflow/example_dags/example_trigger_target_dag.py took 0.224 seconds
[2022-07-30 22:18:16,677] {scheduler_job.py:182} INFO - Started process (PID=1203) to work on /home/airflow/.local/lib/python3.6/site-packages/airflow/example_dags/example_trigger_target_dag.py
[2022-07-30 22:18:16,680] {scheduler_job.py:629} INFO - Processing file /home/airflow/.local/lib/python3.6/site-packages/airflow/example_dags/example_trigger_target_dag.py for tasks to queue
[2022-07-30 22:18:16,681] {logging_mixin.py:104} INFO - [2022-07-30 22:18:16,681] {dagbag.py:451} INFO - Filling up the DagBag from /home/airflow/.local/lib/python3.6/site-packages/airflow/example_dags/example_trigger_target_dag.py
[2022-07-30 22:18:16,707] {scheduler_job.py:639} INFO - DAG(s) dict_keys(['example_trigger_target_dag']) retrieved from /home/airflow/.local/lib/python3.6/site-packages/airflow/example_dags/example_trigger_target_dag.py
[2022-07-30 22:18:16,752] {logging_mixin.py:104} INFO - [2022-07-30 22:18:16,751] {dag.py:1824} INFO - Sync 1 DAGs
[2022-07-30 22:18:16,787] {logging_mixin.py:104} INFO - [2022-07-30 22:18:16,787] {dag.py:2280} INFO - Setting next_dagrun for example_trigger_target_dag to None
[2022-07-30 22:18:16,811] {scheduler_job.py:190} INFO - Processing /home/airflow/.local/lib/python3.6/site-packages/airflow/example_dags/example_trigger_target_dag.py took 0.140 seconds
[2022-07-30 22:18:47,578] {scheduler_job.py:182} INFO - Started process (PID=1229) to work on /home/airflow/.local/lib/python3.6/site-packages/airflow/example_dags/example_trigger_target_dag.py
[2022-07-30 22:18:47,584] {scheduler_job.py:629} INFO - Processing file /home/airflow/.local/lib/python3.6/site-packages/airflow/example_dags/example_trigger_target_dag.py for tasks to queue
[2022-07-30 22:18:47,590] {logging_mixin.py:104} INFO - [2022-07-30 22:18:47,589] {dagbag.py:451} INFO - Filling up the DagBag from /home/airflow/.local/lib/python3.6/site-packages/airflow/example_dags/example_trigger_target_dag.py
[2022-07-30 22:18:47,621] {scheduler_job.py:639} INFO - DAG(s) dict_keys(['example_trigger_target_dag']) retrieved from /home/airflow/.local/lib/python3.6/site-packages/airflow/example_dags/example_trigger_target_dag.py
[2022-07-30 22:18:47,668] {logging_mixin.py:104} INFO - [2022-07-30 22:18:47,668] {dag.py:1824} INFO - Sync 1 DAGs
[2022-07-30 22:18:47,703] {logging_mixin.py:104} INFO - [2022-07-30 22:18:47,703] {dag.py:2280} INFO - Setting next_dagrun for example_trigger_target_dag to None
[2022-07-30 22:18:47,725] {scheduler_job.py:190} INFO - Processing /home/airflow/.local/lib/python3.6/site-packages/airflow/example_dags/example_trigger_target_dag.py took 0.154 seconds
[2022-07-30 22:19:17,965] {scheduler_job.py:182} INFO - Started process (PID=1255) to work on /home/airflow/.local/lib/python3.6/site-packages/airflow/example_dags/example_trigger_target_dag.py
[2022-07-30 22:19:17,969] {scheduler_job.py:629} INFO - Processing file /home/airflow/.local/lib/python3.6/site-packages/airflow/example_dags/example_trigger_target_dag.py for tasks to queue
[2022-07-30 22:19:17,971] {logging_mixin.py:104} INFO - [2022-07-30 22:19:17,971] {dagbag.py:451} INFO - Filling up the DagBag from /home/airflow/.local/lib/python3.6/site-packages/airflow/example_dags/example_trigger_target_dag.py
[2022-07-30 22:19:18,007] {scheduler_job.py:639} INFO - DAG(s) dict_keys(['example_trigger_target_dag']) retrieved from /home/airflow/.local/lib/python3.6/site-packages/airflow/example_dags/example_trigger_target_dag.py
[2022-07-30 22:19:18,059] {logging_mixin.py:104} INFO - [2022-07-30 22:19:18,059] {dag.py:1824} INFO - Sync 1 DAGs
[2022-07-30 22:19:18,095] {logging_mixin.py:104} INFO - [2022-07-30 22:19:18,095] {dag.py:2280} INFO - Setting next_dagrun for example_trigger_target_dag to None
[2022-07-30 22:19:18,123] {scheduler_job.py:190} INFO - Processing /home/airflow/.local/lib/python3.6/site-packages/airflow/example_dags/example_trigger_target_dag.py took 0.164 seconds
[2022-07-30 22:19:48,464] {scheduler_job.py:182} INFO - Started process (PID=1281) to work on /home/airflow/.local/lib/python3.6/site-packages/airflow/example_dags/example_trigger_target_dag.py
[2022-07-30 22:19:48,467] {scheduler_job.py:629} INFO - Processing file /home/airflow/.local/lib/python3.6/site-packages/airflow/example_dags/example_trigger_target_dag.py for tasks to queue
[2022-07-30 22:19:48,469] {logging_mixin.py:104} INFO - [2022-07-30 22:19:48,468] {dagbag.py:451} INFO - Filling up the DagBag from /home/airflow/.local/lib/python3.6/site-packages/airflow/example_dags/example_trigger_target_dag.py
[2022-07-30 22:19:48,495] {scheduler_job.py:639} INFO - DAG(s) dict_keys(['example_trigger_target_dag']) retrieved from /home/airflow/.local/lib/python3.6/site-packages/airflow/example_dags/example_trigger_target_dag.py
[2022-07-30 22:19:48,542] {logging_mixin.py:104} INFO - [2022-07-30 22:19:48,542] {dag.py:1824} INFO - Sync 1 DAGs
[2022-07-30 22:19:48,579] {logging_mixin.py:104} INFO - [2022-07-30 22:19:48,579] {dag.py:2280} INFO - Setting next_dagrun for example_trigger_target_dag to None
[2022-07-30 22:19:48,603] {scheduler_job.py:190} INFO - Processing /home/airflow/.local/lib/python3.6/site-packages/airflow/example_dags/example_trigger_target_dag.py took 0.147 seconds
[2022-07-30 22:20:18,802] {scheduler_job.py:182} INFO - Started process (PID=1307) to work on /home/airflow/.local/lib/python3.6/site-packages/airflow/example_dags/example_trigger_target_dag.py
[2022-07-30 22:20:18,806] {scheduler_job.py:629} INFO - Processing file /home/airflow/.local/lib/python3.6/site-packages/airflow/example_dags/example_trigger_target_dag.py for tasks to queue
[2022-07-30 22:20:18,812] {logging_mixin.py:104} INFO - [2022-07-30 22:20:18,812] {dagbag.py:451} INFO - Filling up the DagBag from /home/airflow/.local/lib/python3.6/site-packages/airflow/example_dags/example_trigger_target_dag.py
[2022-07-30 22:20:18,859] {scheduler_job.py:639} INFO - DAG(s) dict_keys(['example_trigger_target_dag']) retrieved from /home/airflow/.local/lib/python3.6/site-packages/airflow/example_dags/example_trigger_target_dag.py
[2022-07-30 22:20:18,930] {logging_mixin.py:104} INFO - [2022-07-30 22:20:18,930] {dag.py:1824} INFO - Sync 1 DAGs
[2022-07-30 22:20:18,979] {logging_mixin.py:104} INFO - [2022-07-30 22:20:18,979] {dag.py:2280} INFO - Setting next_dagrun for example_trigger_target_dag to None
[2022-07-30 22:20:19,025] {scheduler_job.py:190} INFO - Processing /home/airflow/.local/lib/python3.6/site-packages/airflow/example_dags/example_trigger_target_dag.py took 0.235 seconds
[2022-07-30 22:20:49,492] {scheduler_job.py:182} INFO - Started process (PID=1333) to work on /home/airflow/.local/lib/python3.6/site-packages/airflow/example_dags/example_trigger_target_dag.py
[2022-07-30 22:20:49,495] {scheduler_job.py:629} INFO - Processing file /home/airflow/.local/lib/python3.6/site-packages/airflow/example_dags/example_trigger_target_dag.py for tasks to queue
[2022-07-30 22:20:49,497] {logging_mixin.py:104} INFO - [2022-07-30 22:20:49,496] {dagbag.py:451} INFO - Filling up the DagBag from /home/airflow/.local/lib/python3.6/site-packages/airflow/example_dags/example_trigger_target_dag.py
[2022-07-30 22:20:49,520] {scheduler_job.py:639} INFO - DAG(s) dict_keys(['example_trigger_target_dag']) retrieved from /home/airflow/.local/lib/python3.6/site-packages/airflow/example_dags/example_trigger_target_dag.py
[2022-07-30 22:20:49,569] {logging_mixin.py:104} INFO - [2022-07-30 22:20:49,569] {dag.py:1824} INFO - Sync 1 DAGs
[2022-07-30 22:20:49,603] {logging_mixin.py:104} INFO - [2022-07-30 22:20:49,602] {dag.py:2280} INFO - Setting next_dagrun for example_trigger_target_dag to None
[2022-07-30 22:20:49,629] {scheduler_job.py:190} INFO - Processing /home/airflow/.local/lib/python3.6/site-packages/airflow/example_dags/example_trigger_target_dag.py took 0.143 seconds
[2022-07-30 22:21:19,808] {scheduler_job.py:182} INFO - Started process (PID=1359) to work on /home/airflow/.local/lib/python3.6/site-packages/airflow/example_dags/example_trigger_target_dag.py
[2022-07-30 22:21:19,819] {scheduler_job.py:629} INFO - Processing file /home/airflow/.local/lib/python3.6/site-packages/airflow/example_dags/example_trigger_target_dag.py for tasks to queue
[2022-07-30 22:21:19,820] {logging_mixin.py:104} INFO - [2022-07-30 22:21:19,820] {dagbag.py:451} INFO - Filling up the DagBag from /home/airflow/.local/lib/python3.6/site-packages/airflow/example_dags/example_trigger_target_dag.py
[2022-07-30 22:21:19,908] {scheduler_job.py:639} INFO - DAG(s) dict_keys(['example_trigger_target_dag']) retrieved from /home/airflow/.local/lib/python3.6/site-packages/airflow/example_dags/example_trigger_target_dag.py
[2022-07-30 22:21:20,052] {logging_mixin.py:104} INFO - [2022-07-30 22:21:20,052] {dag.py:1824} INFO - Sync 1 DAGs
[2022-07-30 22:21:20,148] {logging_mixin.py:104} INFO - [2022-07-30 22:21:20,148] {dag.py:2280} INFO - Setting next_dagrun for example_trigger_target_dag to None
[2022-07-30 22:21:20,187] {scheduler_job.py:190} INFO - Processing /home/airflow/.local/lib/python3.6/site-packages/airflow/example_dags/example_trigger_target_dag.py took 0.387 seconds
[2022-07-30 22:21:50,851] {scheduler_job.py:182} INFO - Started process (PID=1385) to work on /home/airflow/.local/lib/python3.6/site-packages/airflow/example_dags/example_trigger_target_dag.py
[2022-07-30 22:21:50,854] {scheduler_job.py:629} INFO - Processing file /home/airflow/.local/lib/python3.6/site-packages/airflow/example_dags/example_trigger_target_dag.py for tasks to queue
[2022-07-30 22:21:50,855] {logging_mixin.py:104} INFO - [2022-07-30 22:21:50,855] {dagbag.py:451} INFO - Filling up the DagBag from /home/airflow/.local/lib/python3.6/site-packages/airflow/example_dags/example_trigger_target_dag.py
[2022-07-30 22:21:50,875] {scheduler_job.py:639} INFO - DAG(s) dict_keys(['example_trigger_target_dag']) retrieved from /home/airflow/.local/lib/python3.6/site-packages/airflow/example_dags/example_trigger_target_dag.py
[2022-07-30 22:21:50,914] {logging_mixin.py:104} INFO - [2022-07-30 22:21:50,914] {dag.py:1824} INFO - Sync 1 DAGs
[2022-07-30 22:21:50,941] {logging_mixin.py:104} INFO - [2022-07-30 22:21:50,940] {dag.py:2280} INFO - Setting next_dagrun for example_trigger_target_dag to None
[2022-07-30 22:21:50,962] {scheduler_job.py:190} INFO - Processing /home/airflow/.local/lib/python3.6/site-packages/airflow/example_dags/example_trigger_target_dag.py took 0.116 seconds
[2022-07-30 22:22:21,294] {scheduler_job.py:182} INFO - Started process (PID=1411) to work on /home/airflow/.local/lib/python3.6/site-packages/airflow/example_dags/example_trigger_target_dag.py
[2022-07-30 22:22:21,297] {scheduler_job.py:629} INFO - Processing file /home/airflow/.local/lib/python3.6/site-packages/airflow/example_dags/example_trigger_target_dag.py for tasks to queue
[2022-07-30 22:22:21,298] {logging_mixin.py:104} INFO - [2022-07-30 22:22:21,298] {dagbag.py:451} INFO - Filling up the DagBag from /home/airflow/.local/lib/python3.6/site-packages/airflow/example_dags/example_trigger_target_dag.py
[2022-07-30 22:22:21,320] {scheduler_job.py:639} INFO - DAG(s) dict_keys(['example_trigger_target_dag']) retrieved from /home/airflow/.local/lib/python3.6/site-packages/airflow/example_dags/example_trigger_target_dag.py
[2022-07-30 22:22:21,352] {logging_mixin.py:104} INFO - [2022-07-30 22:22:21,352] {dag.py:1824} INFO - Sync 1 DAGs
[2022-07-30 22:22:21,377] {logging_mixin.py:104} INFO - [2022-07-30 22:22:21,377] {dag.py:2280} INFO - Setting next_dagrun for example_trigger_target_dag to None
[2022-07-30 22:22:21,397] {scheduler_job.py:190} INFO - Processing /home/airflow/.local/lib/python3.6/site-packages/airflow/example_dags/example_trigger_target_dag.py took 0.109 seconds
[2022-07-30 22:22:51,815] {scheduler_job.py:182} INFO - Started process (PID=1437) to work on /home/airflow/.local/lib/python3.6/site-packages/airflow/example_dags/example_trigger_target_dag.py
[2022-07-30 22:22:51,818] {scheduler_job.py:629} INFO - Processing file /home/airflow/.local/lib/python3.6/site-packages/airflow/example_dags/example_trigger_target_dag.py for tasks to queue
[2022-07-30 22:22:51,819] {logging_mixin.py:104} INFO - [2022-07-30 22:22:51,819] {dagbag.py:451} INFO - Filling up the DagBag from /home/airflow/.local/lib/python3.6/site-packages/airflow/example_dags/example_trigger_target_dag.py
[2022-07-30 22:22:51,837] {scheduler_job.py:639} INFO - DAG(s) dict_keys(['example_trigger_target_dag']) retrieved from /home/airflow/.local/lib/python3.6/site-packages/airflow/example_dags/example_trigger_target_dag.py
[2022-07-30 22:22:51,872] {logging_mixin.py:104} INFO - [2022-07-30 22:22:51,872] {dag.py:1824} INFO - Sync 1 DAGs
[2022-07-30 22:22:51,899] {logging_mixin.py:104} INFO - [2022-07-30 22:22:51,899] {dag.py:2280} INFO - Setting next_dagrun for example_trigger_target_dag to None
[2022-07-30 22:22:51,921] {scheduler_job.py:190} INFO - Processing /home/airflow/.local/lib/python3.6/site-packages/airflow/example_dags/example_trigger_target_dag.py took 0.112 seconds
[2022-07-30 22:23:22,125] {scheduler_job.py:182} INFO - Started process (PID=1463) to work on /home/airflow/.local/lib/python3.6/site-packages/airflow/example_dags/example_trigger_target_dag.py
[2022-07-30 22:23:22,127] {scheduler_job.py:629} INFO - Processing file /home/airflow/.local/lib/python3.6/site-packages/airflow/example_dags/example_trigger_target_dag.py for tasks to queue
[2022-07-30 22:23:22,128] {logging_mixin.py:104} INFO - [2022-07-30 22:23:22,128] {dagbag.py:451} INFO - Filling up the DagBag from /home/airflow/.local/lib/python3.6/site-packages/airflow/example_dags/example_trigger_target_dag.py
[2022-07-30 22:23:22,148] {scheduler_job.py:639} INFO - DAG(s) dict_keys(['example_trigger_target_dag']) retrieved from /home/airflow/.local/lib/python3.6/site-packages/airflow/example_dags/example_trigger_target_dag.py
[2022-07-30 22:23:22,183] {logging_mixin.py:104} INFO - [2022-07-30 22:23:22,183] {dag.py:1824} INFO - Sync 1 DAGs
[2022-07-30 22:23:22,208] {logging_mixin.py:104} INFO - [2022-07-30 22:23:22,208] {dag.py:2280} INFO - Setting next_dagrun for example_trigger_target_dag to None
[2022-07-30 22:23:22,229] {scheduler_job.py:190} INFO - Processing /home/airflow/.local/lib/python3.6/site-packages/airflow/example_dags/example_trigger_target_dag.py took 0.109 seconds
[2022-07-30 22:23:52,976] {scheduler_job.py:182} INFO - Started process (PID=1489) to work on /home/airflow/.local/lib/python3.6/site-packages/airflow/example_dags/example_trigger_target_dag.py
[2022-07-30 22:23:52,979] {scheduler_job.py:629} INFO - Processing file /home/airflow/.local/lib/python3.6/site-packages/airflow/example_dags/example_trigger_target_dag.py for tasks to queue
[2022-07-30 22:23:52,981] {logging_mixin.py:104} INFO - [2022-07-30 22:23:52,981] {dagbag.py:451} INFO - Filling up the DagBag from /home/airflow/.local/lib/python3.6/site-packages/airflow/example_dags/example_trigger_target_dag.py
[2022-07-30 22:23:53,013] {scheduler_job.py:639} INFO - DAG(s) dict_keys(['example_trigger_target_dag']) retrieved from /home/airflow/.local/lib/python3.6/site-packages/airflow/example_dags/example_trigger_target_dag.py
[2022-07-30 22:23:53,053] {logging_mixin.py:104} INFO - [2022-07-30 22:23:53,053] {dag.py:1824} INFO - Sync 1 DAGs
[2022-07-30 22:23:53,083] {logging_mixin.py:104} INFO - [2022-07-30 22:23:53,082] {dag.py:2280} INFO - Setting next_dagrun for example_trigger_target_dag to None
[2022-07-30 22:23:53,102] {scheduler_job.py:190} INFO - Processing /home/airflow/.local/lib/python3.6/site-packages/airflow/example_dags/example_trigger_target_dag.py took 0.134 seconds
[2022-07-30 22:24:23,191] {scheduler_job.py:182} INFO - Started process (PID=1515) to work on /home/airflow/.local/lib/python3.6/site-packages/airflow/example_dags/example_trigger_target_dag.py
[2022-07-30 22:24:23,196] {scheduler_job.py:629} INFO - Processing file /home/airflow/.local/lib/python3.6/site-packages/airflow/example_dags/example_trigger_target_dag.py for tasks to queue
[2022-07-30 22:24:23,201] {logging_mixin.py:104} INFO - [2022-07-30 22:24:23,200] {dagbag.py:451} INFO - Filling up the DagBag from /home/airflow/.local/lib/python3.6/site-packages/airflow/example_dags/example_trigger_target_dag.py
[2022-07-30 22:24:23,228] {scheduler_job.py:639} INFO - DAG(s) dict_keys(['example_trigger_target_dag']) retrieved from /home/airflow/.local/lib/python3.6/site-packages/airflow/example_dags/example_trigger_target_dag.py
[2022-07-30 22:24:23,279] {logging_mixin.py:104} INFO - [2022-07-30 22:24:23,279] {dag.py:1824} INFO - Sync 1 DAGs
[2022-07-30 22:24:23,337] {logging_mixin.py:104} INFO - [2022-07-30 22:24:23,336] {dag.py:2280} INFO - Setting next_dagrun for example_trigger_target_dag to None
[2022-07-30 22:24:23,374] {scheduler_job.py:190} INFO - Processing /home/airflow/.local/lib/python3.6/site-packages/airflow/example_dags/example_trigger_target_dag.py took 0.190 seconds
[2022-07-30 22:24:53,851] {scheduler_job.py:182} INFO - Started process (PID=1541) to work on /home/airflow/.local/lib/python3.6/site-packages/airflow/example_dags/example_trigger_target_dag.py
[2022-07-30 22:24:53,872] {scheduler_job.py:629} INFO - Processing file /home/airflow/.local/lib/python3.6/site-packages/airflow/example_dags/example_trigger_target_dag.py for tasks to queue
[2022-07-30 22:24:53,887] {logging_mixin.py:104} INFO - [2022-07-30 22:24:53,887] {dagbag.py:451} INFO - Filling up the DagBag from /home/airflow/.local/lib/python3.6/site-packages/airflow/example_dags/example_trigger_target_dag.py
[2022-07-30 22:24:53,985] {scheduler_job.py:639} INFO - DAG(s) dict_keys(['example_trigger_target_dag']) retrieved from /home/airflow/.local/lib/python3.6/site-packages/airflow/example_dags/example_trigger_target_dag.py
[2022-07-30 22:24:54,149] {logging_mixin.py:104} INFO - [2022-07-30 22:24:54,149] {dag.py:1824} INFO - Sync 1 DAGs
[2022-07-30 22:24:54,473] {logging_mixin.py:104} INFO - [2022-07-30 22:24:54,472] {dag.py:2280} INFO - Setting next_dagrun for example_trigger_target_dag to None
[2022-07-30 22:24:54,578] {scheduler_job.py:190} INFO - Processing /home/airflow/.local/lib/python3.6/site-packages/airflow/example_dags/example_trigger_target_dag.py took 0.745 seconds
[2022-07-30 22:25:25,254] {scheduler_job.py:182} INFO - Started process (PID=1567) to work on /home/airflow/.local/lib/python3.6/site-packages/airflow/example_dags/example_trigger_target_dag.py
[2022-07-30 22:25:25,259] {scheduler_job.py:629} INFO - Processing file /home/airflow/.local/lib/python3.6/site-packages/airflow/example_dags/example_trigger_target_dag.py for tasks to queue
[2022-07-30 22:25:25,262] {logging_mixin.py:104} INFO - [2022-07-30 22:25:25,262] {dagbag.py:451} INFO - Filling up the DagBag from /home/airflow/.local/lib/python3.6/site-packages/airflow/example_dags/example_trigger_target_dag.py
[2022-07-30 22:25:25,293] {scheduler_job.py:639} INFO - DAG(s) dict_keys(['example_trigger_target_dag']) retrieved from /home/airflow/.local/lib/python3.6/site-packages/airflow/example_dags/example_trigger_target_dag.py
[2022-07-30 22:25:25,330] {logging_mixin.py:104} INFO - [2022-07-30 22:25:25,330] {dag.py:1824} INFO - Sync 1 DAGs
[2022-07-30 22:25:25,357] {logging_mixin.py:104} INFO - [2022-07-30 22:25:25,357] {dag.py:2280} INFO - Setting next_dagrun for example_trigger_target_dag to None
[2022-07-30 22:25:25,380] {scheduler_job.py:190} INFO - Processing /home/airflow/.local/lib/python3.6/site-packages/airflow/example_dags/example_trigger_target_dag.py took 0.138 seconds
[2022-07-30 22:25:55,962] {scheduler_job.py:182} INFO - Started process (PID=1593) to work on /home/airflow/.local/lib/python3.6/site-packages/airflow/example_dags/example_trigger_target_dag.py
[2022-07-30 22:25:55,968] {scheduler_job.py:629} INFO - Processing file /home/airflow/.local/lib/python3.6/site-packages/airflow/example_dags/example_trigger_target_dag.py for tasks to queue
[2022-07-30 22:25:55,970] {logging_mixin.py:104} INFO - [2022-07-30 22:25:55,969] {dagbag.py:451} INFO - Filling up the DagBag from /home/airflow/.local/lib/python3.6/site-packages/airflow/example_dags/example_trigger_target_dag.py
[2022-07-30 22:25:55,998] {scheduler_job.py:639} INFO - DAG(s) dict_keys(['example_trigger_target_dag']) retrieved from /home/airflow/.local/lib/python3.6/site-packages/airflow/example_dags/example_trigger_target_dag.py
[2022-07-30 22:25:56,054] {logging_mixin.py:104} INFO - [2022-07-30 22:25:56,053] {dag.py:1824} INFO - Sync 1 DAGs
[2022-07-30 22:25:56,090] {logging_mixin.py:104} INFO - [2022-07-30 22:25:56,090] {dag.py:2280} INFO - Setting next_dagrun for example_trigger_target_dag to None
[2022-07-30 22:25:56,137] {scheduler_job.py:190} INFO - Processing /home/airflow/.local/lib/python3.6/site-packages/airflow/example_dags/example_trigger_target_dag.py took 0.183 seconds
[2022-07-30 22:26:26,263] {scheduler_job.py:182} INFO - Started process (PID=1619) to work on /home/airflow/.local/lib/python3.6/site-packages/airflow/example_dags/example_trigger_target_dag.py
[2022-07-30 22:26:26,266] {scheduler_job.py:629} INFO - Processing file /home/airflow/.local/lib/python3.6/site-packages/airflow/example_dags/example_trigger_target_dag.py for tasks to queue
[2022-07-30 22:26:26,268] {logging_mixin.py:104} INFO - [2022-07-30 22:26:26,268] {dagbag.py:451} INFO - Filling up the DagBag from /home/airflow/.local/lib/python3.6/site-packages/airflow/example_dags/example_trigger_target_dag.py
[2022-07-30 22:26:26,290] {scheduler_job.py:639} INFO - DAG(s) dict_keys(['example_trigger_target_dag']) retrieved from /home/airflow/.local/lib/python3.6/site-packages/airflow/example_dags/example_trigger_target_dag.py
[2022-07-30 22:26:26,328] {logging_mixin.py:104} INFO - [2022-07-30 22:26:26,328] {dag.py:1824} INFO - Sync 1 DAGs
[2022-07-30 22:26:26,372] {logging_mixin.py:104} INFO - [2022-07-30 22:26:26,372] {dag.py:2280} INFO - Setting next_dagrun for example_trigger_target_dag to None
[2022-07-30 22:26:26,430] {scheduler_job.py:190} INFO - Processing /home/airflow/.local/lib/python3.6/site-packages/airflow/example_dags/example_trigger_target_dag.py took 0.173 seconds
[2022-07-30 22:26:56,660] {scheduler_job.py:182} INFO - Started process (PID=1645) to work on /home/airflow/.local/lib/python3.6/site-packages/airflow/example_dags/example_trigger_target_dag.py
[2022-07-30 22:26:56,663] {scheduler_job.py:629} INFO - Processing file /home/airflow/.local/lib/python3.6/site-packages/airflow/example_dags/example_trigger_target_dag.py for tasks to queue
[2022-07-30 22:26:56,664] {logging_mixin.py:104} INFO - [2022-07-30 22:26:56,664] {dagbag.py:451} INFO - Filling up the DagBag from /home/airflow/.local/lib/python3.6/site-packages/airflow/example_dags/example_trigger_target_dag.py
[2022-07-30 22:26:56,686] {scheduler_job.py:639} INFO - DAG(s) dict_keys(['example_trigger_target_dag']) retrieved from /home/airflow/.local/lib/python3.6/site-packages/airflow/example_dags/example_trigger_target_dag.py
[2022-07-30 22:26:56,721] {logging_mixin.py:104} INFO - [2022-07-30 22:26:56,721] {dag.py:1824} INFO - Sync 1 DAGs
[2022-07-30 22:26:56,749] {logging_mixin.py:104} INFO - [2022-07-30 22:26:56,749] {dag.py:2280} INFO - Setting next_dagrun for example_trigger_target_dag to None
[2022-07-30 22:26:56,793] {scheduler_job.py:190} INFO - Processing /home/airflow/.local/lib/python3.6/site-packages/airflow/example_dags/example_trigger_target_dag.py took 0.137 seconds
[2022-07-30 22:27:27,409] {scheduler_job.py:182} INFO - Started process (PID=1671) to work on /home/airflow/.local/lib/python3.6/site-packages/airflow/example_dags/example_trigger_target_dag.py
[2022-07-30 22:27:27,428] {scheduler_job.py:629} INFO - Processing file /home/airflow/.local/lib/python3.6/site-packages/airflow/example_dags/example_trigger_target_dag.py for tasks to queue
[2022-07-30 22:27:27,441] {logging_mixin.py:104} INFO - [2022-07-30 22:27:27,440] {dagbag.py:451} INFO - Filling up the DagBag from /home/airflow/.local/lib/python3.6/site-packages/airflow/example_dags/example_trigger_target_dag.py
[2022-07-30 22:27:27,516] {scheduler_job.py:639} INFO - DAG(s) dict_keys(['example_trigger_target_dag']) retrieved from /home/airflow/.local/lib/python3.6/site-packages/airflow/example_dags/example_trigger_target_dag.py
[2022-07-30 22:27:27,666] {logging_mixin.py:104} INFO - [2022-07-30 22:27:27,666] {dag.py:1824} INFO - Sync 1 DAGs
[2022-07-30 22:27:27,745] {logging_mixin.py:104} INFO - [2022-07-30 22:27:27,745] {dag.py:2280} INFO - Setting next_dagrun for example_trigger_target_dag to None
[2022-07-30 22:27:27,790] {scheduler_job.py:190} INFO - Processing /home/airflow/.local/lib/python3.6/site-packages/airflow/example_dags/example_trigger_target_dag.py took 0.399 seconds
[2022-07-30 22:27:58,778] {scheduler_job.py:182} INFO - Started process (PID=1697) to work on /home/airflow/.local/lib/python3.6/site-packages/airflow/example_dags/example_trigger_target_dag.py
[2022-07-30 22:27:58,781] {scheduler_job.py:629} INFO - Processing file /home/airflow/.local/lib/python3.6/site-packages/airflow/example_dags/example_trigger_target_dag.py for tasks to queue
[2022-07-30 22:27:58,783] {logging_mixin.py:104} INFO - [2022-07-30 22:27:58,782] {dagbag.py:451} INFO - Filling up the DagBag from /home/airflow/.local/lib/python3.6/site-packages/airflow/example_dags/example_trigger_target_dag.py
[2022-07-30 22:27:58,805] {scheduler_job.py:639} INFO - DAG(s) dict_keys(['example_trigger_target_dag']) retrieved from /home/airflow/.local/lib/python3.6/site-packages/airflow/example_dags/example_trigger_target_dag.py
[2022-07-30 22:27:58,850] {logging_mixin.py:104} INFO - [2022-07-30 22:27:58,850] {dag.py:1824} INFO - Sync 1 DAGs
[2022-07-30 22:27:58,880] {logging_mixin.py:104} INFO - [2022-07-30 22:27:58,880] {dag.py:2280} INFO - Setting next_dagrun for example_trigger_target_dag to None
[2022-07-30 22:27:58,905] {scheduler_job.py:190} INFO - Processing /home/airflow/.local/lib/python3.6/site-packages/airflow/example_dags/example_trigger_target_dag.py took 0.132 seconds
[2022-07-30 22:28:29,558] {scheduler_job.py:182} INFO - Started process (PID=1723) to work on /home/airflow/.local/lib/python3.6/site-packages/airflow/example_dags/example_trigger_target_dag.py
[2022-07-30 22:28:29,560] {scheduler_job.py:629} INFO - Processing file /home/airflow/.local/lib/python3.6/site-packages/airflow/example_dags/example_trigger_target_dag.py for tasks to queue
[2022-07-30 22:28:29,562] {logging_mixin.py:104} INFO - [2022-07-30 22:28:29,562] {dagbag.py:451} INFO - Filling up the DagBag from /home/airflow/.local/lib/python3.6/site-packages/airflow/example_dags/example_trigger_target_dag.py
[2022-07-30 22:28:29,584] {scheduler_job.py:639} INFO - DAG(s) dict_keys(['example_trigger_target_dag']) retrieved from /home/airflow/.local/lib/python3.6/site-packages/airflow/example_dags/example_trigger_target_dag.py
[2022-07-30 22:28:29,625] {logging_mixin.py:104} INFO - [2022-07-30 22:28:29,625] {dag.py:1824} INFO - Sync 1 DAGs
[2022-07-30 22:28:29,647] {logging_mixin.py:104} INFO - [2022-07-30 22:28:29,647] {dag.py:2280} INFO - Setting next_dagrun for example_trigger_target_dag to None
[2022-07-30 22:28:29,668] {scheduler_job.py:190} INFO - Processing /home/airflow/.local/lib/python3.6/site-packages/airflow/example_dags/example_trigger_target_dag.py took 0.117 seconds
[2022-07-30 22:29:00,326] {scheduler_job.py:182} INFO - Started process (PID=1749) to work on /home/airflow/.local/lib/python3.6/site-packages/airflow/example_dags/example_trigger_target_dag.py
[2022-07-30 22:29:00,329] {scheduler_job.py:629} INFO - Processing file /home/airflow/.local/lib/python3.6/site-packages/airflow/example_dags/example_trigger_target_dag.py for tasks to queue
[2022-07-30 22:29:00,331] {logging_mixin.py:104} INFO - [2022-07-30 22:29:00,330] {dagbag.py:451} INFO - Filling up the DagBag from /home/airflow/.local/lib/python3.6/site-packages/airflow/example_dags/example_trigger_target_dag.py
[2022-07-30 22:29:00,347] {scheduler_job.py:639} INFO - DAG(s) dict_keys(['example_trigger_target_dag']) retrieved from /home/airflow/.local/lib/python3.6/site-packages/airflow/example_dags/example_trigger_target_dag.py
[2022-07-30 22:29:00,387] {logging_mixin.py:104} INFO - [2022-07-30 22:29:00,387] {dag.py:1824} INFO - Sync 1 DAGs
[2022-07-30 22:29:00,418] {logging_mixin.py:104} INFO - [2022-07-30 22:29:00,417] {dag.py:2280} INFO - Setting next_dagrun for example_trigger_target_dag to None
[2022-07-30 22:29:00,440] {scheduler_job.py:190} INFO - Processing /home/airflow/.local/lib/python3.6/site-packages/airflow/example_dags/example_trigger_target_dag.py took 0.122 seconds
[2022-07-30 22:29:31,195] {scheduler_job.py:182} INFO - Started process (PID=1775) to work on /home/airflow/.local/lib/python3.6/site-packages/airflow/example_dags/example_trigger_target_dag.py
[2022-07-30 22:29:31,198] {scheduler_job.py:629} INFO - Processing file /home/airflow/.local/lib/python3.6/site-packages/airflow/example_dags/example_trigger_target_dag.py for tasks to queue
[2022-07-30 22:29:31,199] {logging_mixin.py:104} INFO - [2022-07-30 22:29:31,199] {dagbag.py:451} INFO - Filling up the DagBag from /home/airflow/.local/lib/python3.6/site-packages/airflow/example_dags/example_trigger_target_dag.py
[2022-07-30 22:29:31,215] {scheduler_job.py:639} INFO - DAG(s) dict_keys(['example_trigger_target_dag']) retrieved from /home/airflow/.local/lib/python3.6/site-packages/airflow/example_dags/example_trigger_target_dag.py
[2022-07-30 22:29:31,254] {logging_mixin.py:104} INFO - [2022-07-30 22:29:31,253] {dag.py:1824} INFO - Sync 1 DAGs
[2022-07-30 22:29:31,280] {logging_mixin.py:104} INFO - [2022-07-30 22:29:31,279] {dag.py:2280} INFO - Setting next_dagrun for example_trigger_target_dag to None
[2022-07-30 22:29:31,297] {scheduler_job.py:190} INFO - Processing /home/airflow/.local/lib/python3.6/site-packages/airflow/example_dags/example_trigger_target_dag.py took 0.107 seconds
[2022-07-30 22:30:01,996] {scheduler_job.py:182} INFO - Started process (PID=1801) to work on /home/airflow/.local/lib/python3.6/site-packages/airflow/example_dags/example_trigger_target_dag.py
[2022-07-30 22:30:01,998] {scheduler_job.py:629} INFO - Processing file /home/airflow/.local/lib/python3.6/site-packages/airflow/example_dags/example_trigger_target_dag.py for tasks to queue
[2022-07-30 22:30:02,000] {logging_mixin.py:104} INFO - [2022-07-30 22:30:02,000] {dagbag.py:451} INFO - Filling up the DagBag from /home/airflow/.local/lib/python3.6/site-packages/airflow/example_dags/example_trigger_target_dag.py
[2022-07-30 22:30:02,025] {scheduler_job.py:639} INFO - DAG(s) dict_keys(['example_trigger_target_dag']) retrieved from /home/airflow/.local/lib/python3.6/site-packages/airflow/example_dags/example_trigger_target_dag.py
[2022-07-30 22:30:02,060] {logging_mixin.py:104} INFO - [2022-07-30 22:30:02,060] {dag.py:1824} INFO - Sync 1 DAGs
[2022-07-30 22:30:02,084] {logging_mixin.py:104} INFO - [2022-07-30 22:30:02,084] {dag.py:2280} INFO - Setting next_dagrun for example_trigger_target_dag to None
[2022-07-30 22:30:02,103] {scheduler_job.py:190} INFO - Processing /home/airflow/.local/lib/python3.6/site-packages/airflow/example_dags/example_trigger_target_dag.py took 0.112 seconds
[2022-07-30 22:30:32,689] {scheduler_job.py:182} INFO - Started process (PID=1827) to work on /home/airflow/.local/lib/python3.6/site-packages/airflow/example_dags/example_trigger_target_dag.py
[2022-07-30 22:30:32,691] {scheduler_job.py:629} INFO - Processing file /home/airflow/.local/lib/python3.6/site-packages/airflow/example_dags/example_trigger_target_dag.py for tasks to queue
[2022-07-30 22:30:32,693] {logging_mixin.py:104} INFO - [2022-07-30 22:30:32,693] {dagbag.py:451} INFO - Filling up the DagBag from /home/airflow/.local/lib/python3.6/site-packages/airflow/example_dags/example_trigger_target_dag.py
[2022-07-30 22:30:32,709] {scheduler_job.py:639} INFO - DAG(s) dict_keys(['example_trigger_target_dag']) retrieved from /home/airflow/.local/lib/python3.6/site-packages/airflow/example_dags/example_trigger_target_dag.py
[2022-07-30 22:30:32,747] {logging_mixin.py:104} INFO - [2022-07-30 22:30:32,747] {dag.py:1824} INFO - Sync 1 DAGs
[2022-07-30 22:30:32,773] {logging_mixin.py:104} INFO - [2022-07-30 22:30:32,772] {dag.py:2280} INFO - Setting next_dagrun for example_trigger_target_dag to None
[2022-07-30 22:30:32,789] {scheduler_job.py:190} INFO - Processing /home/airflow/.local/lib/python3.6/site-packages/airflow/example_dags/example_trigger_target_dag.py took 0.104 seconds
[2022-07-30 22:31:03,687] {scheduler_job.py:182} INFO - Started process (PID=1853) to work on /home/airflow/.local/lib/python3.6/site-packages/airflow/example_dags/example_trigger_target_dag.py
[2022-07-30 22:31:03,710] {scheduler_job.py:629} INFO - Processing file /home/airflow/.local/lib/python3.6/site-packages/airflow/example_dags/example_trigger_target_dag.py for tasks to queue
[2022-07-30 22:31:03,716] {logging_mixin.py:104} INFO - [2022-07-30 22:31:03,716] {dagbag.py:451} INFO - Filling up the DagBag from /home/airflow/.local/lib/python3.6/site-packages/airflow/example_dags/example_trigger_target_dag.py
[2022-07-30 22:31:03,760] {scheduler_job.py:639} INFO - DAG(s) dict_keys(['example_trigger_target_dag']) retrieved from /home/airflow/.local/lib/python3.6/site-packages/airflow/example_dags/example_trigger_target_dag.py
[2022-07-30 22:31:03,854] {logging_mixin.py:104} INFO - [2022-07-30 22:31:03,853] {dag.py:1824} INFO - Sync 1 DAGs
[2022-07-30 22:31:03,912] {logging_mixin.py:104} INFO - [2022-07-30 22:31:03,912] {dag.py:2280} INFO - Setting next_dagrun for example_trigger_target_dag to None
[2022-07-30 22:31:03,978] {scheduler_job.py:190} INFO - Processing /home/airflow/.local/lib/python3.6/site-packages/airflow/example_dags/example_trigger_target_dag.py took 0.300 seconds
[2022-07-30 22:31:34,775] {scheduler_job.py:182} INFO - Started process (PID=1879) to work on /home/airflow/.local/lib/python3.6/site-packages/airflow/example_dags/example_trigger_target_dag.py
[2022-07-30 22:31:34,783] {scheduler_job.py:629} INFO - Processing file /home/airflow/.local/lib/python3.6/site-packages/airflow/example_dags/example_trigger_target_dag.py for tasks to queue
[2022-07-30 22:31:34,795] {logging_mixin.py:104} INFO - [2022-07-30 22:31:34,794] {dagbag.py:451} INFO - Filling up the DagBag from /home/airflow/.local/lib/python3.6/site-packages/airflow/example_dags/example_trigger_target_dag.py
[2022-07-30 22:31:34,892] {scheduler_job.py:639} INFO - DAG(s) dict_keys(['example_trigger_target_dag']) retrieved from /home/airflow/.local/lib/python3.6/site-packages/airflow/example_dags/example_trigger_target_dag.py
[2022-07-30 22:31:35,075] {logging_mixin.py:104} INFO - [2022-07-30 22:31:35,074] {dag.py:1824} INFO - Sync 1 DAGs
[2022-07-30 22:31:35,166] {logging_mixin.py:104} INFO - [2022-07-30 22:31:35,166] {dag.py:2280} INFO - Setting next_dagrun for example_trigger_target_dag to None
[2022-07-30 22:31:35,249] {scheduler_job.py:190} INFO - Processing /home/airflow/.local/lib/python3.6/site-packages/airflow/example_dags/example_trigger_target_dag.py took 0.493 seconds
[2022-07-30 22:34:32,396] {scheduler_job.py:182} INFO - Started process (PID=40) to work on /home/airflow/.local/lib/python3.6/site-packages/airflow/example_dags/example_trigger_target_dag.py
[2022-07-30 22:34:32,404] {scheduler_job.py:629} INFO - Processing file /home/airflow/.local/lib/python3.6/site-packages/airflow/example_dags/example_trigger_target_dag.py for tasks to queue
[2022-07-30 22:34:32,405] {logging_mixin.py:104} INFO - [2022-07-30 22:34:32,405] {dagbag.py:451} INFO - Filling up the DagBag from /home/airflow/.local/lib/python3.6/site-packages/airflow/example_dags/example_trigger_target_dag.py
[2022-07-30 22:34:32,478] {scheduler_job.py:639} INFO - DAG(s) dict_keys(['example_trigger_target_dag']) retrieved from /home/airflow/.local/lib/python3.6/site-packages/airflow/example_dags/example_trigger_target_dag.py
[2022-07-30 22:34:32,690] {logging_mixin.py:104} INFO - [2022-07-30 22:34:32,689] {dag.py:1824} INFO - Sync 1 DAGs
[2022-07-30 22:34:32,758] {logging_mixin.py:104} INFO - [2022-07-30 22:34:32,757] {dag.py:2280} INFO - Setting next_dagrun for example_trigger_target_dag to None
[2022-07-30 22:34:32,846] {scheduler_job.py:190} INFO - Processing /home/airflow/.local/lib/python3.6/site-packages/airflow/example_dags/example_trigger_target_dag.py took 0.456 seconds
