[2022-07-30 21:55:25,436] {scheduler_job.py:182} INFO - Started process (PID=52) to work on /home/airflow/.local/lib/python3.6/site-packages/airflow/example_dags/example_nested_branch_dag.py
[2022-07-30 21:55:25,452] {scheduler_job.py:629} INFO - Processing file /home/airflow/.local/lib/python3.6/site-packages/airflow/example_dags/example_nested_branch_dag.py for tasks to queue
[2022-07-30 21:55:25,467] {logging_mixin.py:104} INFO - [2022-07-30 21:55:25,467] {dagbag.py:451} INFO - Filling up the DagBag from /home/airflow/.local/lib/python3.6/site-packages/airflow/example_dags/example_nested_branch_dag.py
[2022-07-30 21:55:25,709] {scheduler_job.py:639} INFO - DAG(s) dict_keys(['example_nested_branch_dag']) retrieved from /home/airflow/.local/lib/python3.6/site-packages/airflow/example_dags/example_nested_branch_dag.py
[2022-07-30 21:55:26,018] {logging_mixin.py:104} INFO - [2022-07-30 21:55:26,018] {dag.py:1824} INFO - Sync 1 DAGs
[2022-07-30 21:55:26,061] {logging_mixin.py:104} INFO - [2022-07-30 21:55:26,060] {dag.py:1843} INFO - Creating ORM DAG for example_nested_branch_dag
[2022-07-30 21:55:26,114] {logging_mixin.py:104} INFO - [2022-07-30 21:55:26,114] {dag.py:2280} INFO - Setting next_dagrun for example_nested_branch_dag to 2022-07-28 00:00:00+00:00
[2022-07-30 21:55:26,278] {scheduler_job.py:190} INFO - Processing /home/airflow/.local/lib/python3.6/site-packages/airflow/example_dags/example_nested_branch_dag.py took 0.857 seconds
[2022-07-30 21:55:57,294] {scheduler_job.py:182} INFO - Started process (PID=79) to work on /home/airflow/.local/lib/python3.6/site-packages/airflow/example_dags/example_nested_branch_dag.py
[2022-07-30 21:55:57,296] {scheduler_job.py:629} INFO - Processing file /home/airflow/.local/lib/python3.6/site-packages/airflow/example_dags/example_nested_branch_dag.py for tasks to queue
[2022-07-30 21:55:57,298] {logging_mixin.py:104} INFO - [2022-07-30 21:55:57,298] {dagbag.py:451} INFO - Filling up the DagBag from /home/airflow/.local/lib/python3.6/site-packages/airflow/example_dags/example_nested_branch_dag.py
[2022-07-30 21:55:57,362] {scheduler_job.py:639} INFO - DAG(s) dict_keys(['example_nested_branch_dag']) retrieved from /home/airflow/.local/lib/python3.6/site-packages/airflow/example_dags/example_nested_branch_dag.py
[2022-07-30 21:55:57,449] {logging_mixin.py:104} INFO - [2022-07-30 21:55:57,449] {dag.py:1824} INFO - Sync 1 DAGs
[2022-07-30 21:55:57,524] {logging_mixin.py:104} INFO - [2022-07-30 21:55:57,524] {dag.py:2280} INFO - Setting next_dagrun for example_nested_branch_dag to 2022-07-28 00:00:00+00:00
[2022-07-30 21:55:57,556] {scheduler_job.py:190} INFO - Processing /home/airflow/.local/lib/python3.6/site-packages/airflow/example_dags/example_nested_branch_dag.py took 0.286 seconds
[2022-07-30 21:56:27,638] {scheduler_job.py:182} INFO - Started process (PID=105) to work on /home/airflow/.local/lib/python3.6/site-packages/airflow/example_dags/example_nested_branch_dag.py
[2022-07-30 21:56:27,646] {scheduler_job.py:629} INFO - Processing file /home/airflow/.local/lib/python3.6/site-packages/airflow/example_dags/example_nested_branch_dag.py for tasks to queue
[2022-07-30 21:56:27,651] {logging_mixin.py:104} INFO - [2022-07-30 21:56:27,651] {dagbag.py:451} INFO - Filling up the DagBag from /home/airflow/.local/lib/python3.6/site-packages/airflow/example_dags/example_nested_branch_dag.py
[2022-07-30 21:56:27,685] {scheduler_job.py:639} INFO - DAG(s) dict_keys(['example_nested_branch_dag']) retrieved from /home/airflow/.local/lib/python3.6/site-packages/airflow/example_dags/example_nested_branch_dag.py
[2022-07-30 21:56:27,738] {logging_mixin.py:104} INFO - [2022-07-30 21:56:27,737] {dag.py:1824} INFO - Sync 1 DAGs
[2022-07-30 21:56:27,796] {logging_mixin.py:104} INFO - [2022-07-30 21:56:27,796] {dag.py:2280} INFO - Setting next_dagrun for example_nested_branch_dag to 2022-07-28 00:00:00+00:00
[2022-07-30 21:56:27,825] {scheduler_job.py:190} INFO - Processing /home/airflow/.local/lib/python3.6/site-packages/airflow/example_dags/example_nested_branch_dag.py took 0.194 seconds
[2022-07-30 21:56:58,451] {scheduler_job.py:182} INFO - Started process (PID=132) to work on /home/airflow/.local/lib/python3.6/site-packages/airflow/example_dags/example_nested_branch_dag.py
[2022-07-30 21:56:58,453] {scheduler_job.py:629} INFO - Processing file /home/airflow/.local/lib/python3.6/site-packages/airflow/example_dags/example_nested_branch_dag.py for tasks to queue
[2022-07-30 21:56:58,456] {logging_mixin.py:104} INFO - [2022-07-30 21:56:58,455] {dagbag.py:451} INFO - Filling up the DagBag from /home/airflow/.local/lib/python3.6/site-packages/airflow/example_dags/example_nested_branch_dag.py
[2022-07-30 21:56:58,496] {scheduler_job.py:639} INFO - DAG(s) dict_keys(['example_nested_branch_dag']) retrieved from /home/airflow/.local/lib/python3.6/site-packages/airflow/example_dags/example_nested_branch_dag.py
[2022-07-30 21:56:58,547] {logging_mixin.py:104} INFO - [2022-07-30 21:56:58,547] {dag.py:1824} INFO - Sync 1 DAGs
[2022-07-30 21:56:58,591] {logging_mixin.py:104} INFO - [2022-07-30 21:56:58,591] {dag.py:2280} INFO - Setting next_dagrun for example_nested_branch_dag to 2022-07-28 00:00:00+00:00
[2022-07-30 21:56:58,614] {scheduler_job.py:190} INFO - Processing /home/airflow/.local/lib/python3.6/site-packages/airflow/example_dags/example_nested_branch_dag.py took 0.170 seconds
[2022-07-30 21:57:29,588] {scheduler_job.py:182} INFO - Started process (PID=158) to work on /home/airflow/.local/lib/python3.6/site-packages/airflow/example_dags/example_nested_branch_dag.py
[2022-07-30 21:57:29,591] {scheduler_job.py:629} INFO - Processing file /home/airflow/.local/lib/python3.6/site-packages/airflow/example_dags/example_nested_branch_dag.py for tasks to queue
[2022-07-30 21:57:29,596] {logging_mixin.py:104} INFO - [2022-07-30 21:57:29,593] {dagbag.py:451} INFO - Filling up the DagBag from /home/airflow/.local/lib/python3.6/site-packages/airflow/example_dags/example_nested_branch_dag.py
[2022-07-30 21:57:29,635] {scheduler_job.py:639} INFO - DAG(s) dict_keys(['example_nested_branch_dag']) retrieved from /home/airflow/.local/lib/python3.6/site-packages/airflow/example_dags/example_nested_branch_dag.py
[2022-07-30 21:57:29,682] {logging_mixin.py:104} INFO - [2022-07-30 21:57:29,682] {dag.py:1824} INFO - Sync 1 DAGs
[2022-07-30 21:57:29,724] {logging_mixin.py:104} INFO - [2022-07-30 21:57:29,724] {dag.py:2280} INFO - Setting next_dagrun for example_nested_branch_dag to 2022-07-28 00:00:00+00:00
[2022-07-30 21:57:29,737] {scheduler_job.py:190} INFO - Processing /home/airflow/.local/lib/python3.6/site-packages/airflow/example_dags/example_nested_branch_dag.py took 0.155 seconds
[2022-07-30 21:58:00,581] {scheduler_job.py:182} INFO - Started process (PID=184) to work on /home/airflow/.local/lib/python3.6/site-packages/airflow/example_dags/example_nested_branch_dag.py
[2022-07-30 21:58:00,583] {scheduler_job.py:629} INFO - Processing file /home/airflow/.local/lib/python3.6/site-packages/airflow/example_dags/example_nested_branch_dag.py for tasks to queue
[2022-07-30 21:58:00,584] {logging_mixin.py:104} INFO - [2022-07-30 21:58:00,584] {dagbag.py:451} INFO - Filling up the DagBag from /home/airflow/.local/lib/python3.6/site-packages/airflow/example_dags/example_nested_branch_dag.py
[2022-07-30 21:58:00,604] {scheduler_job.py:639} INFO - DAG(s) dict_keys(['example_nested_branch_dag']) retrieved from /home/airflow/.local/lib/python3.6/site-packages/airflow/example_dags/example_nested_branch_dag.py
[2022-07-30 21:58:00,642] {logging_mixin.py:104} INFO - [2022-07-30 21:58:00,642] {dag.py:1824} INFO - Sync 1 DAGs
[2022-07-30 21:58:00,672] {logging_mixin.py:104} INFO - [2022-07-30 21:58:00,672] {dag.py:2280} INFO - Setting next_dagrun for example_nested_branch_dag to 2022-07-28 00:00:00+00:00
[2022-07-30 21:58:00,688] {scheduler_job.py:190} INFO - Processing /home/airflow/.local/lib/python3.6/site-packages/airflow/example_dags/example_nested_branch_dag.py took 0.112 seconds
[2022-07-30 21:58:31,774] {scheduler_job.py:182} INFO - Started process (PID=210) to work on /home/airflow/.local/lib/python3.6/site-packages/airflow/example_dags/example_nested_branch_dag.py
[2022-07-30 21:58:31,810] {scheduler_job.py:629} INFO - Processing file /home/airflow/.local/lib/python3.6/site-packages/airflow/example_dags/example_nested_branch_dag.py for tasks to queue
[2022-07-30 21:58:31,820] {logging_mixin.py:104} INFO - [2022-07-30 21:58:31,820] {dagbag.py:451} INFO - Filling up the DagBag from /home/airflow/.local/lib/python3.6/site-packages/airflow/example_dags/example_nested_branch_dag.py
[2022-07-30 21:58:31,905] {scheduler_job.py:639} INFO - DAG(s) dict_keys(['example_nested_branch_dag']) retrieved from /home/airflow/.local/lib/python3.6/site-packages/airflow/example_dags/example_nested_branch_dag.py
[2022-07-30 21:58:31,984] {logging_mixin.py:104} INFO - [2022-07-30 21:58:31,983] {dag.py:1824} INFO - Sync 1 DAGs
[2022-07-30 21:58:32,107] {logging_mixin.py:104} INFO - [2022-07-30 21:58:32,106] {dag.py:2280} INFO - Setting next_dagrun for example_nested_branch_dag to 2022-07-28 00:00:00+00:00
[2022-07-30 21:58:32,177] {scheduler_job.py:190} INFO - Processing /home/airflow/.local/lib/python3.6/site-packages/airflow/example_dags/example_nested_branch_dag.py took 0.421 seconds
[2022-07-30 21:59:02,709] {scheduler_job.py:182} INFO - Started process (PID=236) to work on /home/airflow/.local/lib/python3.6/site-packages/airflow/example_dags/example_nested_branch_dag.py
[2022-07-30 21:59:02,719] {scheduler_job.py:629} INFO - Processing file /home/airflow/.local/lib/python3.6/site-packages/airflow/example_dags/example_nested_branch_dag.py for tasks to queue
[2022-07-30 21:59:02,733] {logging_mixin.py:104} INFO - [2022-07-30 21:59:02,732] {dagbag.py:451} INFO - Filling up the DagBag from /home/airflow/.local/lib/python3.6/site-packages/airflow/example_dags/example_nested_branch_dag.py
[2022-07-30 21:59:02,778] {scheduler_job.py:639} INFO - DAG(s) dict_keys(['example_nested_branch_dag']) retrieved from /home/airflow/.local/lib/python3.6/site-packages/airflow/example_dags/example_nested_branch_dag.py
[2022-07-30 21:59:02,824] {logging_mixin.py:104} INFO - [2022-07-30 21:59:02,824] {dag.py:1824} INFO - Sync 1 DAGs
[2022-07-30 21:59:02,869] {logging_mixin.py:104} INFO - [2022-07-30 21:59:02,869] {dag.py:2280} INFO - Setting next_dagrun for example_nested_branch_dag to 2022-07-28 00:00:00+00:00
[2022-07-30 21:59:02,887] {scheduler_job.py:190} INFO - Processing /home/airflow/.local/lib/python3.6/site-packages/airflow/example_dags/example_nested_branch_dag.py took 0.186 seconds
[2022-07-30 21:59:33,470] {scheduler_job.py:182} INFO - Started process (PID=262) to work on /home/airflow/.local/lib/python3.6/site-packages/airflow/example_dags/example_nested_branch_dag.py
[2022-07-30 21:59:33,473] {scheduler_job.py:629} INFO - Processing file /home/airflow/.local/lib/python3.6/site-packages/airflow/example_dags/example_nested_branch_dag.py for tasks to queue
[2022-07-30 21:59:33,474] {logging_mixin.py:104} INFO - [2022-07-30 21:59:33,474] {dagbag.py:451} INFO - Filling up the DagBag from /home/airflow/.local/lib/python3.6/site-packages/airflow/example_dags/example_nested_branch_dag.py
[2022-07-30 21:59:33,500] {scheduler_job.py:639} INFO - DAG(s) dict_keys(['example_nested_branch_dag']) retrieved from /home/airflow/.local/lib/python3.6/site-packages/airflow/example_dags/example_nested_branch_dag.py
[2022-07-30 21:59:33,530] {logging_mixin.py:104} INFO - [2022-07-30 21:59:33,530] {dag.py:1824} INFO - Sync 1 DAGs
[2022-07-30 21:59:33,556] {logging_mixin.py:104} INFO - [2022-07-30 21:59:33,556] {dag.py:2280} INFO - Setting next_dagrun for example_nested_branch_dag to 2022-07-28 00:00:00+00:00
[2022-07-30 21:59:33,572] {scheduler_job.py:190} INFO - Processing /home/airflow/.local/lib/python3.6/site-packages/airflow/example_dags/example_nested_branch_dag.py took 0.106 seconds
[2022-07-30 22:00:03,720] {scheduler_job.py:182} INFO - Started process (PID=287) to work on /home/airflow/.local/lib/python3.6/site-packages/airflow/example_dags/example_nested_branch_dag.py
[2022-07-30 22:00:03,730] {scheduler_job.py:629} INFO - Processing file /home/airflow/.local/lib/python3.6/site-packages/airflow/example_dags/example_nested_branch_dag.py for tasks to queue
[2022-07-30 22:00:03,754] {logging_mixin.py:104} INFO - [2022-07-30 22:00:03,754] {dagbag.py:451} INFO - Filling up the DagBag from /home/airflow/.local/lib/python3.6/site-packages/airflow/example_dags/example_nested_branch_dag.py
[2022-07-30 22:00:03,900] {scheduler_job.py:639} INFO - DAG(s) dict_keys(['example_nested_branch_dag']) retrieved from /home/airflow/.local/lib/python3.6/site-packages/airflow/example_dags/example_nested_branch_dag.py
[2022-07-30 22:00:03,971] {logging_mixin.py:104} INFO - [2022-07-30 22:00:03,970] {dag.py:1824} INFO - Sync 1 DAGs
[2022-07-30 22:00:04,062] {logging_mixin.py:104} INFO - [2022-07-30 22:00:04,062] {dag.py:2280} INFO - Setting next_dagrun for example_nested_branch_dag to 2022-07-28 00:00:00+00:00
[2022-07-30 22:00:04,085] {scheduler_job.py:190} INFO - Processing /home/airflow/.local/lib/python3.6/site-packages/airflow/example_dags/example_nested_branch_dag.py took 0.371 seconds
[2022-07-30 22:00:34,899] {scheduler_job.py:182} INFO - Started process (PID=314) to work on /home/airflow/.local/lib/python3.6/site-packages/airflow/example_dags/example_nested_branch_dag.py
[2022-07-30 22:00:34,901] {scheduler_job.py:629} INFO - Processing file /home/airflow/.local/lib/python3.6/site-packages/airflow/example_dags/example_nested_branch_dag.py for tasks to queue
[2022-07-30 22:00:34,903] {logging_mixin.py:104} INFO - [2022-07-30 22:00:34,902] {dagbag.py:451} INFO - Filling up the DagBag from /home/airflow/.local/lib/python3.6/site-packages/airflow/example_dags/example_nested_branch_dag.py
[2022-07-30 22:00:34,925] {scheduler_job.py:639} INFO - DAG(s) dict_keys(['example_nested_branch_dag']) retrieved from /home/airflow/.local/lib/python3.6/site-packages/airflow/example_dags/example_nested_branch_dag.py
[2022-07-30 22:00:34,957] {logging_mixin.py:104} INFO - [2022-07-30 22:00:34,957] {dag.py:1824} INFO - Sync 1 DAGs
[2022-07-30 22:00:34,985] {logging_mixin.py:104} INFO - [2022-07-30 22:00:34,985] {dag.py:2280} INFO - Setting next_dagrun for example_nested_branch_dag to 2022-07-28 00:00:00+00:00
[2022-07-30 22:00:35,001] {scheduler_job.py:190} INFO - Processing /home/airflow/.local/lib/python3.6/site-packages/airflow/example_dags/example_nested_branch_dag.py took 0.106 seconds
[2022-07-30 22:01:05,121] {scheduler_job.py:182} INFO - Started process (PID=339) to work on /home/airflow/.local/lib/python3.6/site-packages/airflow/example_dags/example_nested_branch_dag.py
[2022-07-30 22:01:05,124] {scheduler_job.py:629} INFO - Processing file /home/airflow/.local/lib/python3.6/site-packages/airflow/example_dags/example_nested_branch_dag.py for tasks to queue
[2022-07-30 22:01:05,126] {logging_mixin.py:104} INFO - [2022-07-30 22:01:05,126] {dagbag.py:451} INFO - Filling up the DagBag from /home/airflow/.local/lib/python3.6/site-packages/airflow/example_dags/example_nested_branch_dag.py
[2022-07-30 22:01:05,164] {scheduler_job.py:639} INFO - DAG(s) dict_keys(['example_nested_branch_dag']) retrieved from /home/airflow/.local/lib/python3.6/site-packages/airflow/example_dags/example_nested_branch_dag.py
[2022-07-30 22:01:05,229] {logging_mixin.py:104} INFO - [2022-07-30 22:01:05,229] {dag.py:1824} INFO - Sync 1 DAGs
[2022-07-30 22:01:05,302] {logging_mixin.py:104} INFO - [2022-07-30 22:01:05,301] {dag.py:2280} INFO - Setting next_dagrun for example_nested_branch_dag to 2022-07-28 00:00:00+00:00
[2022-07-30 22:01:05,333] {scheduler_job.py:190} INFO - Processing /home/airflow/.local/lib/python3.6/site-packages/airflow/example_dags/example_nested_branch_dag.py took 0.219 seconds
[2022-07-30 22:01:36,021] {scheduler_job.py:182} INFO - Started process (PID=366) to work on /home/airflow/.local/lib/python3.6/site-packages/airflow/example_dags/example_nested_branch_dag.py
[2022-07-30 22:01:36,024] {scheduler_job.py:629} INFO - Processing file /home/airflow/.local/lib/python3.6/site-packages/airflow/example_dags/example_nested_branch_dag.py for tasks to queue
[2022-07-30 22:01:36,025] {logging_mixin.py:104} INFO - [2022-07-30 22:01:36,025] {dagbag.py:451} INFO - Filling up the DagBag from /home/airflow/.local/lib/python3.6/site-packages/airflow/example_dags/example_nested_branch_dag.py
[2022-07-30 22:01:36,049] {scheduler_job.py:639} INFO - DAG(s) dict_keys(['example_nested_branch_dag']) retrieved from /home/airflow/.local/lib/python3.6/site-packages/airflow/example_dags/example_nested_branch_dag.py
[2022-07-30 22:01:36,111] {logging_mixin.py:104} INFO - [2022-07-30 22:01:36,110] {dag.py:1824} INFO - Sync 1 DAGs
[2022-07-30 22:01:36,179] {logging_mixin.py:104} INFO - [2022-07-30 22:01:36,179] {dag.py:2280} INFO - Setting next_dagrun for example_nested_branch_dag to 2022-07-28 00:00:00+00:00
[2022-07-30 22:01:36,202] {scheduler_job.py:190} INFO - Processing /home/airflow/.local/lib/python3.6/site-packages/airflow/example_dags/example_nested_branch_dag.py took 0.186 seconds
[2022-07-30 22:02:06,774] {scheduler_job.py:182} INFO - Started process (PID=392) to work on /home/airflow/.local/lib/python3.6/site-packages/airflow/example_dags/example_nested_branch_dag.py
[2022-07-30 22:02:06,776] {scheduler_job.py:629} INFO - Processing file /home/airflow/.local/lib/python3.6/site-packages/airflow/example_dags/example_nested_branch_dag.py for tasks to queue
[2022-07-30 22:02:06,778] {logging_mixin.py:104} INFO - [2022-07-30 22:02:06,778] {dagbag.py:451} INFO - Filling up the DagBag from /home/airflow/.local/lib/python3.6/site-packages/airflow/example_dags/example_nested_branch_dag.py
[2022-07-30 22:02:06,811] {scheduler_job.py:639} INFO - DAG(s) dict_keys(['example_nested_branch_dag']) retrieved from /home/airflow/.local/lib/python3.6/site-packages/airflow/example_dags/example_nested_branch_dag.py
[2022-07-30 22:02:06,847] {logging_mixin.py:104} INFO - [2022-07-30 22:02:06,847] {dag.py:1824} INFO - Sync 1 DAGs
[2022-07-30 22:02:06,884] {logging_mixin.py:104} INFO - [2022-07-30 22:02:06,884] {dag.py:2280} INFO - Setting next_dagrun for example_nested_branch_dag to 2022-07-28 00:00:00+00:00
[2022-07-30 22:02:06,905] {scheduler_job.py:190} INFO - Processing /home/airflow/.local/lib/python3.6/site-packages/airflow/example_dags/example_nested_branch_dag.py took 0.137 seconds
[2022-07-30 22:02:36,984] {scheduler_job.py:182} INFO - Started process (PID=418) to work on /home/airflow/.local/lib/python3.6/site-packages/airflow/example_dags/example_nested_branch_dag.py
[2022-07-30 22:02:36,992] {scheduler_job.py:629} INFO - Processing file /home/airflow/.local/lib/python3.6/site-packages/airflow/example_dags/example_nested_branch_dag.py for tasks to queue
[2022-07-30 22:02:36,994] {logging_mixin.py:104} INFO - [2022-07-30 22:02:36,993] {dagbag.py:451} INFO - Filling up the DagBag from /home/airflow/.local/lib/python3.6/site-packages/airflow/example_dags/example_nested_branch_dag.py
[2022-07-30 22:02:37,015] {scheduler_job.py:639} INFO - DAG(s) dict_keys(['example_nested_branch_dag']) retrieved from /home/airflow/.local/lib/python3.6/site-packages/airflow/example_dags/example_nested_branch_dag.py
[2022-07-30 22:02:37,046] {logging_mixin.py:104} INFO - [2022-07-30 22:02:37,046] {dag.py:1824} INFO - Sync 1 DAGs
[2022-07-30 22:02:37,075] {logging_mixin.py:104} INFO - [2022-07-30 22:02:37,075] {dag.py:2280} INFO - Setting next_dagrun for example_nested_branch_dag to 2022-07-28 00:00:00+00:00
[2022-07-30 22:02:37,091] {scheduler_job.py:190} INFO - Processing /home/airflow/.local/lib/python3.6/site-packages/airflow/example_dags/example_nested_branch_dag.py took 0.112 seconds
[2022-07-30 22:03:07,790] {scheduler_job.py:182} INFO - Started process (PID=444) to work on /home/airflow/.local/lib/python3.6/site-packages/airflow/example_dags/example_nested_branch_dag.py
[2022-07-30 22:03:07,792] {scheduler_job.py:629} INFO - Processing file /home/airflow/.local/lib/python3.6/site-packages/airflow/example_dags/example_nested_branch_dag.py for tasks to queue
[2022-07-30 22:03:07,798] {logging_mixin.py:104} INFO - [2022-07-30 22:03:07,798] {dagbag.py:451} INFO - Filling up the DagBag from /home/airflow/.local/lib/python3.6/site-packages/airflow/example_dags/example_nested_branch_dag.py
[2022-07-30 22:03:07,835] {scheduler_job.py:639} INFO - DAG(s) dict_keys(['example_nested_branch_dag']) retrieved from /home/airflow/.local/lib/python3.6/site-packages/airflow/example_dags/example_nested_branch_dag.py
[2022-07-30 22:03:07,909] {logging_mixin.py:104} INFO - [2022-07-30 22:03:07,909] {dag.py:1824} INFO - Sync 1 DAGs
[2022-07-30 22:03:07,967] {logging_mixin.py:104} INFO - [2022-07-30 22:03:07,967] {dag.py:2280} INFO - Setting next_dagrun for example_nested_branch_dag to 2022-07-28 00:00:00+00:00
[2022-07-30 22:03:08,023] {scheduler_job.py:190} INFO - Processing /home/airflow/.local/lib/python3.6/site-packages/airflow/example_dags/example_nested_branch_dag.py took 0.247 seconds
[2022-07-30 22:03:38,091] {scheduler_job.py:182} INFO - Started process (PID=470) to work on /home/airflow/.local/lib/python3.6/site-packages/airflow/example_dags/example_nested_branch_dag.py
[2022-07-30 22:03:38,093] {scheduler_job.py:629} INFO - Processing file /home/airflow/.local/lib/python3.6/site-packages/airflow/example_dags/example_nested_branch_dag.py for tasks to queue
[2022-07-30 22:03:38,095] {logging_mixin.py:104} INFO - [2022-07-30 22:03:38,094] {dagbag.py:451} INFO - Filling up the DagBag from /home/airflow/.local/lib/python3.6/site-packages/airflow/example_dags/example_nested_branch_dag.py
[2022-07-30 22:03:38,122] {scheduler_job.py:639} INFO - DAG(s) dict_keys(['example_nested_branch_dag']) retrieved from /home/airflow/.local/lib/python3.6/site-packages/airflow/example_dags/example_nested_branch_dag.py
[2022-07-30 22:03:38,156] {logging_mixin.py:104} INFO - [2022-07-30 22:03:38,155] {dag.py:1824} INFO - Sync 1 DAGs
[2022-07-30 22:03:38,192] {logging_mixin.py:104} INFO - [2022-07-30 22:03:38,191] {dag.py:2280} INFO - Setting next_dagrun for example_nested_branch_dag to 2022-07-28 00:00:00+00:00
[2022-07-30 22:03:38,212] {scheduler_job.py:190} INFO - Processing /home/airflow/.local/lib/python3.6/site-packages/airflow/example_dags/example_nested_branch_dag.py took 0.127 seconds
[2022-07-30 22:04:09,469] {scheduler_job.py:182} INFO - Started process (PID=488) to work on /home/airflow/.local/lib/python3.6/site-packages/airflow/example_dags/example_nested_branch_dag.py
[2022-07-30 22:04:09,472] {scheduler_job.py:629} INFO - Processing file /home/airflow/.local/lib/python3.6/site-packages/airflow/example_dags/example_nested_branch_dag.py for tasks to queue
[2022-07-30 22:04:09,474] {logging_mixin.py:104} INFO - [2022-07-30 22:04:09,474] {dagbag.py:451} INFO - Filling up the DagBag from /home/airflow/.local/lib/python3.6/site-packages/airflow/example_dags/example_nested_branch_dag.py
[2022-07-30 22:04:09,585] {scheduler_job.py:639} INFO - DAG(s) dict_keys(['example_nested_branch_dag']) retrieved from /home/airflow/.local/lib/python3.6/site-packages/airflow/example_dags/example_nested_branch_dag.py
[2022-07-30 22:04:09,715] {logging_mixin.py:104} INFO - [2022-07-30 22:04:09,715] {dag.py:1824} INFO - Sync 1 DAGs
[2022-07-30 22:04:09,857] {logging_mixin.py:104} INFO - [2022-07-30 22:04:09,857] {dag.py:2280} INFO - Setting next_dagrun for example_nested_branch_dag to 2022-07-28 00:00:00+00:00
[2022-07-30 22:04:09,919] {scheduler_job.py:190} INFO - Processing /home/airflow/.local/lib/python3.6/site-packages/airflow/example_dags/example_nested_branch_dag.py took 0.469 seconds
[2022-07-30 22:04:40,353] {scheduler_job.py:182} INFO - Started process (PID=514) to work on /home/airflow/.local/lib/python3.6/site-packages/airflow/example_dags/example_nested_branch_dag.py
[2022-07-30 22:04:40,356] {scheduler_job.py:629} INFO - Processing file /home/airflow/.local/lib/python3.6/site-packages/airflow/example_dags/example_nested_branch_dag.py for tasks to queue
[2022-07-30 22:04:40,357] {logging_mixin.py:104} INFO - [2022-07-30 22:04:40,357] {dagbag.py:451} INFO - Filling up the DagBag from /home/airflow/.local/lib/python3.6/site-packages/airflow/example_dags/example_nested_branch_dag.py
[2022-07-30 22:04:40,393] {scheduler_job.py:639} INFO - DAG(s) dict_keys(['example_nested_branch_dag']) retrieved from /home/airflow/.local/lib/python3.6/site-packages/airflow/example_dags/example_nested_branch_dag.py
[2022-07-30 22:04:40,490] {logging_mixin.py:104} INFO - [2022-07-30 22:04:40,489] {dag.py:1824} INFO - Sync 1 DAGs
[2022-07-30 22:04:40,565] {logging_mixin.py:104} INFO - [2022-07-30 22:04:40,565] {dag.py:2280} INFO - Setting next_dagrun for example_nested_branch_dag to 2022-07-28 00:00:00+00:00
[2022-07-30 22:04:40,592] {scheduler_job.py:190} INFO - Processing /home/airflow/.local/lib/python3.6/site-packages/airflow/example_dags/example_nested_branch_dag.py took 0.255 seconds
[2022-07-30 22:05:10,820] {scheduler_job.py:182} INFO - Started process (PID=538) to work on /home/airflow/.local/lib/python3.6/site-packages/airflow/example_dags/example_nested_branch_dag.py
[2022-07-30 22:05:10,826] {scheduler_job.py:629} INFO - Processing file /home/airflow/.local/lib/python3.6/site-packages/airflow/example_dags/example_nested_branch_dag.py for tasks to queue
[2022-07-30 22:05:10,833] {logging_mixin.py:104} INFO - [2022-07-30 22:05:10,833] {dagbag.py:451} INFO - Filling up the DagBag from /home/airflow/.local/lib/python3.6/site-packages/airflow/example_dags/example_nested_branch_dag.py
[2022-07-30 22:05:10,942] {scheduler_job.py:639} INFO - DAG(s) dict_keys(['example_nested_branch_dag']) retrieved from /home/airflow/.local/lib/python3.6/site-packages/airflow/example_dags/example_nested_branch_dag.py
[2022-07-30 22:05:11,118] {logging_mixin.py:104} INFO - [2022-07-30 22:05:11,118] {dag.py:1824} INFO - Sync 1 DAGs
[2022-07-30 22:05:11,281] {logging_mixin.py:104} INFO - [2022-07-30 22:05:11,280] {dag.py:2280} INFO - Setting next_dagrun for example_nested_branch_dag to 2022-07-28 00:00:00+00:00
[2022-07-30 22:05:11,349] {scheduler_job.py:190} INFO - Processing /home/airflow/.local/lib/python3.6/site-packages/airflow/example_dags/example_nested_branch_dag.py took 0.535 seconds
[2022-07-30 22:05:43,012] {scheduler_job.py:182} INFO - Started process (PID=568) to work on /home/airflow/.local/lib/python3.6/site-packages/airflow/example_dags/example_nested_branch_dag.py
[2022-07-30 22:05:43,016] {scheduler_job.py:629} INFO - Processing file /home/airflow/.local/lib/python3.6/site-packages/airflow/example_dags/example_nested_branch_dag.py for tasks to queue
[2022-07-30 22:05:43,017] {logging_mixin.py:104} INFO - [2022-07-30 22:05:43,017] {dagbag.py:451} INFO - Filling up the DagBag from /home/airflow/.local/lib/python3.6/site-packages/airflow/example_dags/example_nested_branch_dag.py
[2022-07-30 22:05:43,060] {scheduler_job.py:639} INFO - DAG(s) dict_keys(['example_nested_branch_dag']) retrieved from /home/airflow/.local/lib/python3.6/site-packages/airflow/example_dags/example_nested_branch_dag.py
[2022-07-30 22:05:43,112] {logging_mixin.py:104} INFO - [2022-07-30 22:05:43,112] {dag.py:1824} INFO - Sync 1 DAGs
[2022-07-30 22:05:43,147] {logging_mixin.py:104} INFO - [2022-07-30 22:05:43,147] {dag.py:2280} INFO - Setting next_dagrun for example_nested_branch_dag to 2022-07-28 00:00:00+00:00
[2022-07-30 22:05:43,162] {scheduler_job.py:190} INFO - Processing /home/airflow/.local/lib/python3.6/site-packages/airflow/example_dags/example_nested_branch_dag.py took 0.158 seconds
[2022-07-30 22:06:14,625] {scheduler_job.py:182} INFO - Started process (PID=594) to work on /home/airflow/.local/lib/python3.6/site-packages/airflow/example_dags/example_nested_branch_dag.py
[2022-07-30 22:06:14,628] {scheduler_job.py:629} INFO - Processing file /home/airflow/.local/lib/python3.6/site-packages/airflow/example_dags/example_nested_branch_dag.py for tasks to queue
[2022-07-30 22:06:14,630] {logging_mixin.py:104} INFO - [2022-07-30 22:06:14,630] {dagbag.py:451} INFO - Filling up the DagBag from /home/airflow/.local/lib/python3.6/site-packages/airflow/example_dags/example_nested_branch_dag.py
[2022-07-30 22:06:14,668] {scheduler_job.py:639} INFO - DAG(s) dict_keys(['example_nested_branch_dag']) retrieved from /home/airflow/.local/lib/python3.6/site-packages/airflow/example_dags/example_nested_branch_dag.py
[2022-07-30 22:06:14,717] {logging_mixin.py:104} INFO - [2022-07-30 22:06:14,717] {dag.py:1824} INFO - Sync 1 DAGs
[2022-07-30 22:06:14,793] {logging_mixin.py:104} INFO - [2022-07-30 22:06:14,792] {dag.py:2280} INFO - Setting next_dagrun for example_nested_branch_dag to 2022-07-28 00:00:00+00:00
[2022-07-30 22:06:14,832] {scheduler_job.py:190} INFO - Processing /home/airflow/.local/lib/python3.6/site-packages/airflow/example_dags/example_nested_branch_dag.py took 0.217 seconds
[2022-07-30 22:06:45,611] {scheduler_job.py:182} INFO - Started process (PID=622) to work on /home/airflow/.local/lib/python3.6/site-packages/airflow/example_dags/example_nested_branch_dag.py
[2022-07-30 22:06:45,613] {scheduler_job.py:629} INFO - Processing file /home/airflow/.local/lib/python3.6/site-packages/airflow/example_dags/example_nested_branch_dag.py for tasks to queue
[2022-07-30 22:06:45,614] {logging_mixin.py:104} INFO - [2022-07-30 22:06:45,614] {dagbag.py:451} INFO - Filling up the DagBag from /home/airflow/.local/lib/python3.6/site-packages/airflow/example_dags/example_nested_branch_dag.py
[2022-07-30 22:06:45,641] {scheduler_job.py:639} INFO - DAG(s) dict_keys(['example_nested_branch_dag']) retrieved from /home/airflow/.local/lib/python3.6/site-packages/airflow/example_dags/example_nested_branch_dag.py
[2022-07-30 22:06:45,674] {logging_mixin.py:104} INFO - [2022-07-30 22:06:45,674] {dag.py:1824} INFO - Sync 1 DAGs
[2022-07-30 22:06:45,706] {logging_mixin.py:104} INFO - [2022-07-30 22:06:45,706] {dag.py:2280} INFO - Setting next_dagrun for example_nested_branch_dag to 2022-07-28 00:00:00+00:00
[2022-07-30 22:06:45,719] {scheduler_job.py:190} INFO - Processing /home/airflow/.local/lib/python3.6/site-packages/airflow/example_dags/example_nested_branch_dag.py took 0.113 seconds
[2022-07-30 22:07:16,112] {scheduler_job.py:182} INFO - Started process (PID=648) to work on /home/airflow/.local/lib/python3.6/site-packages/airflow/example_dags/example_nested_branch_dag.py
[2022-07-30 22:07:16,114] {scheduler_job.py:629} INFO - Processing file /home/airflow/.local/lib/python3.6/site-packages/airflow/example_dags/example_nested_branch_dag.py for tasks to queue
[2022-07-30 22:07:16,116] {logging_mixin.py:104} INFO - [2022-07-30 22:07:16,116] {dagbag.py:451} INFO - Filling up the DagBag from /home/airflow/.local/lib/python3.6/site-packages/airflow/example_dags/example_nested_branch_dag.py
[2022-07-30 22:07:16,142] {scheduler_job.py:639} INFO - DAG(s) dict_keys(['example_nested_branch_dag']) retrieved from /home/airflow/.local/lib/python3.6/site-packages/airflow/example_dags/example_nested_branch_dag.py
[2022-07-30 22:07:16,178] {logging_mixin.py:104} INFO - [2022-07-30 22:07:16,178] {dag.py:1824} INFO - Sync 1 DAGs
[2022-07-30 22:07:16,210] {logging_mixin.py:104} INFO - [2022-07-30 22:07:16,210] {dag.py:2280} INFO - Setting next_dagrun for example_nested_branch_dag to 2022-07-28 00:00:00+00:00
[2022-07-30 22:07:16,224] {scheduler_job.py:190} INFO - Processing /home/airflow/.local/lib/python3.6/site-packages/airflow/example_dags/example_nested_branch_dag.py took 0.117 seconds
[2022-07-30 22:07:46,628] {scheduler_job.py:182} INFO - Started process (PID=670) to work on /home/airflow/.local/lib/python3.6/site-packages/airflow/example_dags/example_nested_branch_dag.py
[2022-07-30 22:07:46,631] {scheduler_job.py:629} INFO - Processing file /home/airflow/.local/lib/python3.6/site-packages/airflow/example_dags/example_nested_branch_dag.py for tasks to queue
[2022-07-30 22:07:46,635] {logging_mixin.py:104} INFO - [2022-07-30 22:07:46,633] {dagbag.py:451} INFO - Filling up the DagBag from /home/airflow/.local/lib/python3.6/site-packages/airflow/example_dags/example_nested_branch_dag.py
[2022-07-30 22:07:46,684] {scheduler_job.py:639} INFO - DAG(s) dict_keys(['example_nested_branch_dag']) retrieved from /home/airflow/.local/lib/python3.6/site-packages/airflow/example_dags/example_nested_branch_dag.py
[2022-07-30 22:07:46,726] {logging_mixin.py:104} INFO - [2022-07-30 22:07:46,726] {dag.py:1824} INFO - Sync 1 DAGs
[2022-07-30 22:07:46,765] {logging_mixin.py:104} INFO - [2022-07-30 22:07:46,765] {dag.py:2280} INFO - Setting next_dagrun for example_nested_branch_dag to 2022-07-28 00:00:00+00:00
[2022-07-30 22:07:46,792] {scheduler_job.py:190} INFO - Processing /home/airflow/.local/lib/python3.6/site-packages/airflow/example_dags/example_nested_branch_dag.py took 0.173 seconds
[2022-07-30 22:08:17,080] {scheduler_job.py:182} INFO - Started process (PID=696) to work on /home/airflow/.local/lib/python3.6/site-packages/airflow/example_dags/example_nested_branch_dag.py
[2022-07-30 22:08:17,093] {scheduler_job.py:629} INFO - Processing file /home/airflow/.local/lib/python3.6/site-packages/airflow/example_dags/example_nested_branch_dag.py for tasks to queue
[2022-07-30 22:08:17,096] {logging_mixin.py:104} INFO - [2022-07-30 22:08:17,095] {dagbag.py:451} INFO - Filling up the DagBag from /home/airflow/.local/lib/python3.6/site-packages/airflow/example_dags/example_nested_branch_dag.py
[2022-07-30 22:08:17,141] {scheduler_job.py:639} INFO - DAG(s) dict_keys(['example_nested_branch_dag']) retrieved from /home/airflow/.local/lib/python3.6/site-packages/airflow/example_dags/example_nested_branch_dag.py
[2022-07-30 22:08:17,208] {logging_mixin.py:104} INFO - [2022-07-30 22:08:17,208] {dag.py:1824} INFO - Sync 1 DAGs
[2022-07-30 22:08:17,266] {logging_mixin.py:104} INFO - [2022-07-30 22:08:17,266] {dag.py:2280} INFO - Setting next_dagrun for example_nested_branch_dag to 2022-07-28 00:00:00+00:00
[2022-07-30 22:08:17,341] {scheduler_job.py:190} INFO - Processing /home/airflow/.local/lib/python3.6/site-packages/airflow/example_dags/example_nested_branch_dag.py took 0.275 seconds
[2022-07-30 22:08:47,680] {scheduler_job.py:182} INFO - Started process (PID=722) to work on /home/airflow/.local/lib/python3.6/site-packages/airflow/example_dags/example_nested_branch_dag.py
[2022-07-30 22:08:47,685] {scheduler_job.py:629} INFO - Processing file /home/airflow/.local/lib/python3.6/site-packages/airflow/example_dags/example_nested_branch_dag.py for tasks to queue
[2022-07-30 22:08:47,689] {logging_mixin.py:104} INFO - [2022-07-30 22:08:47,689] {dagbag.py:451} INFO - Filling up the DagBag from /home/airflow/.local/lib/python3.6/site-packages/airflow/example_dags/example_nested_branch_dag.py
[2022-07-30 22:08:47,724] {scheduler_job.py:639} INFO - DAG(s) dict_keys(['example_nested_branch_dag']) retrieved from /home/airflow/.local/lib/python3.6/site-packages/airflow/example_dags/example_nested_branch_dag.py
[2022-07-30 22:08:47,830] {logging_mixin.py:104} INFO - [2022-07-30 22:08:47,830] {dag.py:1824} INFO - Sync 1 DAGs
[2022-07-30 22:08:47,888] {logging_mixin.py:104} INFO - [2022-07-30 22:08:47,888] {dag.py:2280} INFO - Setting next_dagrun for example_nested_branch_dag to 2022-07-28 00:00:00+00:00
[2022-07-30 22:08:47,916] {scheduler_job.py:190} INFO - Processing /home/airflow/.local/lib/python3.6/site-packages/airflow/example_dags/example_nested_branch_dag.py took 0.248 seconds
[2022-07-30 22:09:18,563] {scheduler_job.py:182} INFO - Started process (PID=747) to work on /home/airflow/.local/lib/python3.6/site-packages/airflow/example_dags/example_nested_branch_dag.py
[2022-07-30 22:09:18,571] {scheduler_job.py:629} INFO - Processing file /home/airflow/.local/lib/python3.6/site-packages/airflow/example_dags/example_nested_branch_dag.py for tasks to queue
[2022-07-30 22:09:18,574] {logging_mixin.py:104} INFO - [2022-07-30 22:09:18,573] {dagbag.py:451} INFO - Filling up the DagBag from /home/airflow/.local/lib/python3.6/site-packages/airflow/example_dags/example_nested_branch_dag.py
[2022-07-30 22:09:18,635] {scheduler_job.py:639} INFO - DAG(s) dict_keys(['example_nested_branch_dag']) retrieved from /home/airflow/.local/lib/python3.6/site-packages/airflow/example_dags/example_nested_branch_dag.py
[2022-07-30 22:09:18,755] {logging_mixin.py:104} INFO - [2022-07-30 22:09:18,755] {dag.py:1824} INFO - Sync 1 DAGs
[2022-07-30 22:09:18,876] {logging_mixin.py:104} INFO - [2022-07-30 22:09:18,875] {dag.py:2280} INFO - Setting next_dagrun for example_nested_branch_dag to 2022-07-28 00:00:00+00:00
[2022-07-30 22:09:18,900] {scheduler_job.py:190} INFO - Processing /home/airflow/.local/lib/python3.6/site-packages/airflow/example_dags/example_nested_branch_dag.py took 0.344 seconds
[2022-07-30 22:09:49,806] {scheduler_job.py:182} INFO - Started process (PID=775) to work on /home/airflow/.local/lib/python3.6/site-packages/airflow/example_dags/example_nested_branch_dag.py
[2022-07-30 22:09:49,816] {scheduler_job.py:629} INFO - Processing file /home/airflow/.local/lib/python3.6/site-packages/airflow/example_dags/example_nested_branch_dag.py for tasks to queue
[2022-07-30 22:09:49,818] {logging_mixin.py:104} INFO - [2022-07-30 22:09:49,818] {dagbag.py:451} INFO - Filling up the DagBag from /home/airflow/.local/lib/python3.6/site-packages/airflow/example_dags/example_nested_branch_dag.py
[2022-07-30 22:09:49,866] {scheduler_job.py:639} INFO - DAG(s) dict_keys(['example_nested_branch_dag']) retrieved from /home/airflow/.local/lib/python3.6/site-packages/airflow/example_dags/example_nested_branch_dag.py
[2022-07-30 22:09:49,920] {logging_mixin.py:104} INFO - [2022-07-30 22:09:49,920] {dag.py:1824} INFO - Sync 1 DAGs
[2022-07-30 22:09:49,976] {logging_mixin.py:104} INFO - [2022-07-30 22:09:49,975] {dag.py:2280} INFO - Setting next_dagrun for example_nested_branch_dag to 2022-07-28 00:00:00+00:00
[2022-07-30 22:09:49,997] {scheduler_job.py:190} INFO - Processing /home/airflow/.local/lib/python3.6/site-packages/airflow/example_dags/example_nested_branch_dag.py took 0.196 seconds
[2022-07-30 22:10:20,503] {scheduler_job.py:182} INFO - Started process (PID=801) to work on /home/airflow/.local/lib/python3.6/site-packages/airflow/example_dags/example_nested_branch_dag.py
[2022-07-30 22:10:20,504] {scheduler_job.py:629} INFO - Processing file /home/airflow/.local/lib/python3.6/site-packages/airflow/example_dags/example_nested_branch_dag.py for tasks to queue
[2022-07-30 22:10:20,506] {logging_mixin.py:104} INFO - [2022-07-30 22:10:20,506] {dagbag.py:451} INFO - Filling up the DagBag from /home/airflow/.local/lib/python3.6/site-packages/airflow/example_dags/example_nested_branch_dag.py
[2022-07-30 22:10:20,532] {scheduler_job.py:639} INFO - DAG(s) dict_keys(['example_nested_branch_dag']) retrieved from /home/airflow/.local/lib/python3.6/site-packages/airflow/example_dags/example_nested_branch_dag.py
[2022-07-30 22:10:20,566] {logging_mixin.py:104} INFO - [2022-07-30 22:10:20,566] {dag.py:1824} INFO - Sync 1 DAGs
[2022-07-30 22:10:20,598] {logging_mixin.py:104} INFO - [2022-07-30 22:10:20,598] {dag.py:2280} INFO - Setting next_dagrun for example_nested_branch_dag to 2022-07-28 00:00:00+00:00
[2022-07-30 22:10:20,612] {scheduler_job.py:190} INFO - Processing /home/airflow/.local/lib/python3.6/site-packages/airflow/example_dags/example_nested_branch_dag.py took 0.114 seconds
[2022-07-30 22:10:51,070] {scheduler_job.py:182} INFO - Started process (PID=827) to work on /home/airflow/.local/lib/python3.6/site-packages/airflow/example_dags/example_nested_branch_dag.py
[2022-07-30 22:10:51,072] {scheduler_job.py:629} INFO - Processing file /home/airflow/.local/lib/python3.6/site-packages/airflow/example_dags/example_nested_branch_dag.py for tasks to queue
[2022-07-30 22:10:51,073] {logging_mixin.py:104} INFO - [2022-07-30 22:10:51,073] {dagbag.py:451} INFO - Filling up the DagBag from /home/airflow/.local/lib/python3.6/site-packages/airflow/example_dags/example_nested_branch_dag.py
[2022-07-30 22:10:51,098] {scheduler_job.py:639} INFO - DAG(s) dict_keys(['example_nested_branch_dag']) retrieved from /home/airflow/.local/lib/python3.6/site-packages/airflow/example_dags/example_nested_branch_dag.py
[2022-07-30 22:10:51,131] {logging_mixin.py:104} INFO - [2022-07-30 22:10:51,131] {dag.py:1824} INFO - Sync 1 DAGs
[2022-07-30 22:10:51,167] {logging_mixin.py:104} INFO - [2022-07-30 22:10:51,167] {dag.py:2280} INFO - Setting next_dagrun for example_nested_branch_dag to 2022-07-28 00:00:00+00:00
[2022-07-30 22:10:51,182] {scheduler_job.py:190} INFO - Processing /home/airflow/.local/lib/python3.6/site-packages/airflow/example_dags/example_nested_branch_dag.py took 0.116 seconds
[2022-07-30 22:11:21,753] {scheduler_job.py:182} INFO - Started process (PID=854) to work on /home/airflow/.local/lib/python3.6/site-packages/airflow/example_dags/example_nested_branch_dag.py
[2022-07-30 22:11:21,755] {scheduler_job.py:629} INFO - Processing file /home/airflow/.local/lib/python3.6/site-packages/airflow/example_dags/example_nested_branch_dag.py for tasks to queue
[2022-07-30 22:11:21,757] {logging_mixin.py:104} INFO - [2022-07-30 22:11:21,756] {dagbag.py:451} INFO - Filling up the DagBag from /home/airflow/.local/lib/python3.6/site-packages/airflow/example_dags/example_nested_branch_dag.py
[2022-07-30 22:11:21,785] {scheduler_job.py:639} INFO - DAG(s) dict_keys(['example_nested_branch_dag']) retrieved from /home/airflow/.local/lib/python3.6/site-packages/airflow/example_dags/example_nested_branch_dag.py
[2022-07-30 22:11:21,819] {logging_mixin.py:104} INFO - [2022-07-30 22:11:21,819] {dag.py:1824} INFO - Sync 1 DAGs
[2022-07-30 22:11:21,847] {logging_mixin.py:104} INFO - [2022-07-30 22:11:21,847] {dag.py:2280} INFO - Setting next_dagrun for example_nested_branch_dag to 2022-07-28 00:00:00+00:00
[2022-07-30 22:11:21,869] {scheduler_job.py:190} INFO - Processing /home/airflow/.local/lib/python3.6/site-packages/airflow/example_dags/example_nested_branch_dag.py took 0.122 seconds
[2022-07-30 22:11:52,512] {scheduler_job.py:182} INFO - Started process (PID=880) to work on /home/airflow/.local/lib/python3.6/site-packages/airflow/example_dags/example_nested_branch_dag.py
[2022-07-30 22:11:52,514] {scheduler_job.py:629} INFO - Processing file /home/airflow/.local/lib/python3.6/site-packages/airflow/example_dags/example_nested_branch_dag.py for tasks to queue
[2022-07-30 22:11:52,515] {logging_mixin.py:104} INFO - [2022-07-30 22:11:52,515] {dagbag.py:451} INFO - Filling up the DagBag from /home/airflow/.local/lib/python3.6/site-packages/airflow/example_dags/example_nested_branch_dag.py
[2022-07-30 22:11:52,542] {scheduler_job.py:639} INFO - DAG(s) dict_keys(['example_nested_branch_dag']) retrieved from /home/airflow/.local/lib/python3.6/site-packages/airflow/example_dags/example_nested_branch_dag.py
[2022-07-30 22:11:52,575] {logging_mixin.py:104} INFO - [2022-07-30 22:11:52,574] {dag.py:1824} INFO - Sync 1 DAGs
[2022-07-30 22:11:52,604] {logging_mixin.py:104} INFO - [2022-07-30 22:11:52,604] {dag.py:2280} INFO - Setting next_dagrun for example_nested_branch_dag to 2022-07-28 00:00:00+00:00
[2022-07-30 22:11:52,620] {scheduler_job.py:190} INFO - Processing /home/airflow/.local/lib/python3.6/site-packages/airflow/example_dags/example_nested_branch_dag.py took 0.112 seconds
[2022-07-30 22:12:22,894] {scheduler_job.py:182} INFO - Started process (PID=906) to work on /home/airflow/.local/lib/python3.6/site-packages/airflow/example_dags/example_nested_branch_dag.py
[2022-07-30 22:12:22,897] {scheduler_job.py:629} INFO - Processing file /home/airflow/.local/lib/python3.6/site-packages/airflow/example_dags/example_nested_branch_dag.py for tasks to queue
[2022-07-30 22:12:22,899] {logging_mixin.py:104} INFO - [2022-07-30 22:12:22,899] {dagbag.py:451} INFO - Filling up the DagBag from /home/airflow/.local/lib/python3.6/site-packages/airflow/example_dags/example_nested_branch_dag.py
[2022-07-30 22:12:22,940] {scheduler_job.py:639} INFO - DAG(s) dict_keys(['example_nested_branch_dag']) retrieved from /home/airflow/.local/lib/python3.6/site-packages/airflow/example_dags/example_nested_branch_dag.py
[2022-07-30 22:12:22,982] {logging_mixin.py:104} INFO - [2022-07-30 22:12:22,981] {dag.py:1824} INFO - Sync 1 DAGs
[2022-07-30 22:12:23,017] {logging_mixin.py:104} INFO - [2022-07-30 22:12:23,017] {dag.py:2280} INFO - Setting next_dagrun for example_nested_branch_dag to 2022-07-28 00:00:00+00:00
[2022-07-30 22:12:23,042] {scheduler_job.py:190} INFO - Processing /home/airflow/.local/lib/python3.6/site-packages/airflow/example_dags/example_nested_branch_dag.py took 0.153 seconds
[2022-07-30 22:12:53,283] {scheduler_job.py:182} INFO - Started process (PID=932) to work on /home/airflow/.local/lib/python3.6/site-packages/airflow/example_dags/example_nested_branch_dag.py
[2022-07-30 22:12:53,287] {scheduler_job.py:629} INFO - Processing file /home/airflow/.local/lib/python3.6/site-packages/airflow/example_dags/example_nested_branch_dag.py for tasks to queue
[2022-07-30 22:12:53,288] {logging_mixin.py:104} INFO - [2022-07-30 22:12:53,288] {dagbag.py:451} INFO - Filling up the DagBag from /home/airflow/.local/lib/python3.6/site-packages/airflow/example_dags/example_nested_branch_dag.py
[2022-07-30 22:12:53,322] {scheduler_job.py:639} INFO - DAG(s) dict_keys(['example_nested_branch_dag']) retrieved from /home/airflow/.local/lib/python3.6/site-packages/airflow/example_dags/example_nested_branch_dag.py
[2022-07-30 22:12:53,373] {logging_mixin.py:104} INFO - [2022-07-30 22:12:53,373] {dag.py:1824} INFO - Sync 1 DAGs
[2022-07-30 22:12:53,409] {logging_mixin.py:104} INFO - [2022-07-30 22:12:53,409] {dag.py:2280} INFO - Setting next_dagrun for example_nested_branch_dag to 2022-07-28 00:00:00+00:00
[2022-07-30 22:12:53,431] {scheduler_job.py:190} INFO - Processing /home/airflow/.local/lib/python3.6/site-packages/airflow/example_dags/example_nested_branch_dag.py took 0.153 seconds
[2022-07-30 22:13:24,268] {scheduler_job.py:182} INFO - Started process (PID=959) to work on /home/airflow/.local/lib/python3.6/site-packages/airflow/example_dags/example_nested_branch_dag.py
[2022-07-30 22:13:24,284] {scheduler_job.py:629} INFO - Processing file /home/airflow/.local/lib/python3.6/site-packages/airflow/example_dags/example_nested_branch_dag.py for tasks to queue
[2022-07-30 22:13:24,296] {logging_mixin.py:104} INFO - [2022-07-30 22:13:24,296] {dagbag.py:451} INFO - Filling up the DagBag from /home/airflow/.local/lib/python3.6/site-packages/airflow/example_dags/example_nested_branch_dag.py
[2022-07-30 22:13:24,379] {scheduler_job.py:639} INFO - DAG(s) dict_keys(['example_nested_branch_dag']) retrieved from /home/airflow/.local/lib/python3.6/site-packages/airflow/example_dags/example_nested_branch_dag.py
[2022-07-30 22:13:24,452] {logging_mixin.py:104} INFO - [2022-07-30 22:13:24,451] {dag.py:1824} INFO - Sync 1 DAGs
[2022-07-30 22:13:24,527] {logging_mixin.py:104} INFO - [2022-07-30 22:13:24,527] {dag.py:2280} INFO - Setting next_dagrun for example_nested_branch_dag to 2022-07-28 00:00:00+00:00
[2022-07-30 22:13:24,562] {scheduler_job.py:190} INFO - Processing /home/airflow/.local/lib/python3.6/site-packages/airflow/example_dags/example_nested_branch_dag.py took 0.300 seconds
[2022-07-30 22:13:54,615] {scheduler_job.py:182} INFO - Started process (PID=986) to work on /home/airflow/.local/lib/python3.6/site-packages/airflow/example_dags/example_nested_branch_dag.py
[2022-07-30 22:13:54,618] {scheduler_job.py:629} INFO - Processing file /home/airflow/.local/lib/python3.6/site-packages/airflow/example_dags/example_nested_branch_dag.py for tasks to queue
[2022-07-30 22:13:54,619] {logging_mixin.py:104} INFO - [2022-07-30 22:13:54,619] {dagbag.py:451} INFO - Filling up the DagBag from /home/airflow/.local/lib/python3.6/site-packages/airflow/example_dags/example_nested_branch_dag.py
[2022-07-30 22:13:54,644] {scheduler_job.py:639} INFO - DAG(s) dict_keys(['example_nested_branch_dag']) retrieved from /home/airflow/.local/lib/python3.6/site-packages/airflow/example_dags/example_nested_branch_dag.py
[2022-07-30 22:13:54,678] {logging_mixin.py:104} INFO - [2022-07-30 22:13:54,678] {dag.py:1824} INFO - Sync 1 DAGs
[2022-07-30 22:13:54,714] {logging_mixin.py:104} INFO - [2022-07-30 22:13:54,714] {dag.py:2280} INFO - Setting next_dagrun for example_nested_branch_dag to 2022-07-28 00:00:00+00:00
[2022-07-30 22:13:54,726] {scheduler_job.py:190} INFO - Processing /home/airflow/.local/lib/python3.6/site-packages/airflow/example_dags/example_nested_branch_dag.py took 0.115 seconds
[2022-07-30 22:14:25,289] {scheduler_job.py:182} INFO - Started process (PID=1011) to work on /home/airflow/.local/lib/python3.6/site-packages/airflow/example_dags/example_nested_branch_dag.py
[2022-07-30 22:14:25,292] {scheduler_job.py:629} INFO - Processing file /home/airflow/.local/lib/python3.6/site-packages/airflow/example_dags/example_nested_branch_dag.py for tasks to queue
[2022-07-30 22:14:25,294] {logging_mixin.py:104} INFO - [2022-07-30 22:14:25,294] {dagbag.py:451} INFO - Filling up the DagBag from /home/airflow/.local/lib/python3.6/site-packages/airflow/example_dags/example_nested_branch_dag.py
[2022-07-30 22:14:25,329] {scheduler_job.py:639} INFO - DAG(s) dict_keys(['example_nested_branch_dag']) retrieved from /home/airflow/.local/lib/python3.6/site-packages/airflow/example_dags/example_nested_branch_dag.py
[2022-07-30 22:14:25,370] {logging_mixin.py:104} INFO - [2022-07-30 22:14:25,370] {dag.py:1824} INFO - Sync 1 DAGs
[2022-07-30 22:14:25,410] {logging_mixin.py:104} INFO - [2022-07-30 22:14:25,410] {dag.py:2280} INFO - Setting next_dagrun for example_nested_branch_dag to 2022-07-28 00:00:00+00:00
[2022-07-30 22:14:25,445] {scheduler_job.py:190} INFO - Processing /home/airflow/.local/lib/python3.6/site-packages/airflow/example_dags/example_nested_branch_dag.py took 0.163 seconds
[2022-07-30 22:14:55,673] {scheduler_job.py:182} INFO - Started process (PID=1037) to work on /home/airflow/.local/lib/python3.6/site-packages/airflow/example_dags/example_nested_branch_dag.py
[2022-07-30 22:14:55,675] {scheduler_job.py:629} INFO - Processing file /home/airflow/.local/lib/python3.6/site-packages/airflow/example_dags/example_nested_branch_dag.py for tasks to queue
[2022-07-30 22:14:55,677] {logging_mixin.py:104} INFO - [2022-07-30 22:14:55,677] {dagbag.py:451} INFO - Filling up the DagBag from /home/airflow/.local/lib/python3.6/site-packages/airflow/example_dags/example_nested_branch_dag.py
[2022-07-30 22:14:55,711] {scheduler_job.py:639} INFO - DAG(s) dict_keys(['example_nested_branch_dag']) retrieved from /home/airflow/.local/lib/python3.6/site-packages/airflow/example_dags/example_nested_branch_dag.py
[2022-07-30 22:14:55,752] {logging_mixin.py:104} INFO - [2022-07-30 22:14:55,752] {dag.py:1824} INFO - Sync 1 DAGs
[2022-07-30 22:14:55,790] {logging_mixin.py:104} INFO - [2022-07-30 22:14:55,790] {dag.py:2280} INFO - Setting next_dagrun for example_nested_branch_dag to 2022-07-28 00:00:00+00:00
[2022-07-30 22:14:55,815] {scheduler_job.py:190} INFO - Processing /home/airflow/.local/lib/python3.6/site-packages/airflow/example_dags/example_nested_branch_dag.py took 0.148 seconds
[2022-07-30 22:15:26,465] {scheduler_job.py:182} INFO - Started process (PID=1063) to work on /home/airflow/.local/lib/python3.6/site-packages/airflow/example_dags/example_nested_branch_dag.py
[2022-07-30 22:15:26,467] {scheduler_job.py:629} INFO - Processing file /home/airflow/.local/lib/python3.6/site-packages/airflow/example_dags/example_nested_branch_dag.py for tasks to queue
[2022-07-30 22:15:26,468] {logging_mixin.py:104} INFO - [2022-07-30 22:15:26,468] {dagbag.py:451} INFO - Filling up the DagBag from /home/airflow/.local/lib/python3.6/site-packages/airflow/example_dags/example_nested_branch_dag.py
[2022-07-30 22:15:26,496] {scheduler_job.py:639} INFO - DAG(s) dict_keys(['example_nested_branch_dag']) retrieved from /home/airflow/.local/lib/python3.6/site-packages/airflow/example_dags/example_nested_branch_dag.py
[2022-07-30 22:15:26,533] {logging_mixin.py:104} INFO - [2022-07-30 22:15:26,533] {dag.py:1824} INFO - Sync 1 DAGs
[2022-07-30 22:15:26,568] {logging_mixin.py:104} INFO - [2022-07-30 22:15:26,568] {dag.py:2280} INFO - Setting next_dagrun for example_nested_branch_dag to 2022-07-28 00:00:00+00:00
[2022-07-30 22:15:26,591] {scheduler_job.py:190} INFO - Processing /home/airflow/.local/lib/python3.6/site-packages/airflow/example_dags/example_nested_branch_dag.py took 0.132 seconds
[2022-07-30 22:15:56,845] {scheduler_job.py:182} INFO - Started process (PID=1089) to work on /home/airflow/.local/lib/python3.6/site-packages/airflow/example_dags/example_nested_branch_dag.py
[2022-07-30 22:15:56,848] {scheduler_job.py:629} INFO - Processing file /home/airflow/.local/lib/python3.6/site-packages/airflow/example_dags/example_nested_branch_dag.py for tasks to queue
[2022-07-30 22:15:56,850] {logging_mixin.py:104} INFO - [2022-07-30 22:15:56,850] {dagbag.py:451} INFO - Filling up the DagBag from /home/airflow/.local/lib/python3.6/site-packages/airflow/example_dags/example_nested_branch_dag.py
[2022-07-30 22:15:56,884] {scheduler_job.py:639} INFO - DAG(s) dict_keys(['example_nested_branch_dag']) retrieved from /home/airflow/.local/lib/python3.6/site-packages/airflow/example_dags/example_nested_branch_dag.py
[2022-07-30 22:15:56,921] {logging_mixin.py:104} INFO - [2022-07-30 22:15:56,921] {dag.py:1824} INFO - Sync 1 DAGs
[2022-07-30 22:15:56,962] {logging_mixin.py:104} INFO - [2022-07-30 22:15:56,962] {dag.py:2280} INFO - Setting next_dagrun for example_nested_branch_dag to 2022-07-28 00:00:00+00:00
[2022-07-30 22:15:57,014] {scheduler_job.py:190} INFO - Processing /home/airflow/.local/lib/python3.6/site-packages/airflow/example_dags/example_nested_branch_dag.py took 0.176 seconds
[2022-07-30 22:16:27,190] {scheduler_job.py:182} INFO - Started process (PID=1115) to work on /home/airflow/.local/lib/python3.6/site-packages/airflow/example_dags/example_nested_branch_dag.py
[2022-07-30 22:16:27,199] {scheduler_job.py:629} INFO - Processing file /home/airflow/.local/lib/python3.6/site-packages/airflow/example_dags/example_nested_branch_dag.py for tasks to queue
[2022-07-30 22:16:27,203] {logging_mixin.py:104} INFO - [2022-07-30 22:16:27,201] {dagbag.py:451} INFO - Filling up the DagBag from /home/airflow/.local/lib/python3.6/site-packages/airflow/example_dags/example_nested_branch_dag.py
[2022-07-30 22:16:27,241] {scheduler_job.py:639} INFO - DAG(s) dict_keys(['example_nested_branch_dag']) retrieved from /home/airflow/.local/lib/python3.6/site-packages/airflow/example_dags/example_nested_branch_dag.py
[2022-07-30 22:16:27,283] {logging_mixin.py:104} INFO - [2022-07-30 22:16:27,283] {dag.py:1824} INFO - Sync 1 DAGs
[2022-07-30 22:16:27,333] {logging_mixin.py:104} INFO - [2022-07-30 22:16:27,332] {dag.py:2280} INFO - Setting next_dagrun for example_nested_branch_dag to 2022-07-28 00:00:00+00:00
[2022-07-30 22:16:27,353] {scheduler_job.py:190} INFO - Processing /home/airflow/.local/lib/python3.6/site-packages/airflow/example_dags/example_nested_branch_dag.py took 0.170 seconds
[2022-07-30 22:16:57,593] {scheduler_job.py:182} INFO - Started process (PID=1141) to work on /home/airflow/.local/lib/python3.6/site-packages/airflow/example_dags/example_nested_branch_dag.py
[2022-07-30 22:16:57,613] {scheduler_job.py:629} INFO - Processing file /home/airflow/.local/lib/python3.6/site-packages/airflow/example_dags/example_nested_branch_dag.py for tasks to queue
[2022-07-30 22:16:57,616] {logging_mixin.py:104} INFO - [2022-07-30 22:16:57,616] {dagbag.py:451} INFO - Filling up the DagBag from /home/airflow/.local/lib/python3.6/site-packages/airflow/example_dags/example_nested_branch_dag.py
[2022-07-30 22:16:57,679] {scheduler_job.py:639} INFO - DAG(s) dict_keys(['example_nested_branch_dag']) retrieved from /home/airflow/.local/lib/python3.6/site-packages/airflow/example_dags/example_nested_branch_dag.py
[2022-07-30 22:16:57,741] {logging_mixin.py:104} INFO - [2022-07-30 22:16:57,741] {dag.py:1824} INFO - Sync 1 DAGs
[2022-07-30 22:16:57,838] {logging_mixin.py:104} INFO - [2022-07-30 22:16:57,838] {dag.py:2280} INFO - Setting next_dagrun for example_nested_branch_dag to 2022-07-28 00:00:00+00:00
[2022-07-30 22:16:57,865] {scheduler_job.py:190} INFO - Processing /home/airflow/.local/lib/python3.6/site-packages/airflow/example_dags/example_nested_branch_dag.py took 0.281 seconds
[2022-07-30 22:17:28,281] {scheduler_job.py:182} INFO - Started process (PID=1164) to work on /home/airflow/.local/lib/python3.6/site-packages/airflow/example_dags/example_nested_branch_dag.py
[2022-07-30 22:17:28,285] {scheduler_job.py:629} INFO - Processing file /home/airflow/.local/lib/python3.6/site-packages/airflow/example_dags/example_nested_branch_dag.py for tasks to queue
[2022-07-30 22:17:28,287] {logging_mixin.py:104} INFO - [2022-07-30 22:17:28,287] {dagbag.py:451} INFO - Filling up the DagBag from /home/airflow/.local/lib/python3.6/site-packages/airflow/example_dags/example_nested_branch_dag.py
[2022-07-30 22:17:28,319] {scheduler_job.py:639} INFO - DAG(s) dict_keys(['example_nested_branch_dag']) retrieved from /home/airflow/.local/lib/python3.6/site-packages/airflow/example_dags/example_nested_branch_dag.py
[2022-07-30 22:17:28,370] {logging_mixin.py:104} INFO - [2022-07-30 22:17:28,367] {dag.py:1824} INFO - Sync 1 DAGs
[2022-07-30 22:17:28,435] {logging_mixin.py:104} INFO - [2022-07-30 22:17:28,435] {dag.py:2280} INFO - Setting next_dagrun for example_nested_branch_dag to 2022-07-28 00:00:00+00:00
[2022-07-30 22:17:28,470] {scheduler_job.py:190} INFO - Processing /home/airflow/.local/lib/python3.6/site-packages/airflow/example_dags/example_nested_branch_dag.py took 0.197 seconds
[2022-07-30 22:17:59,165] {scheduler_job.py:182} INFO - Started process (PID=1191) to work on /home/airflow/.local/lib/python3.6/site-packages/airflow/example_dags/example_nested_branch_dag.py
[2022-07-30 22:17:59,168] {scheduler_job.py:629} INFO - Processing file /home/airflow/.local/lib/python3.6/site-packages/airflow/example_dags/example_nested_branch_dag.py for tasks to queue
[2022-07-30 22:17:59,170] {logging_mixin.py:104} INFO - [2022-07-30 22:17:59,170] {dagbag.py:451} INFO - Filling up the DagBag from /home/airflow/.local/lib/python3.6/site-packages/airflow/example_dags/example_nested_branch_dag.py
[2022-07-30 22:17:59,209] {scheduler_job.py:639} INFO - DAG(s) dict_keys(['example_nested_branch_dag']) retrieved from /home/airflow/.local/lib/python3.6/site-packages/airflow/example_dags/example_nested_branch_dag.py
[2022-07-30 22:17:59,258] {logging_mixin.py:104} INFO - [2022-07-30 22:17:59,258] {dag.py:1824} INFO - Sync 1 DAGs
[2022-07-30 22:17:59,301] {logging_mixin.py:104} INFO - [2022-07-30 22:17:59,301] {dag.py:2280} INFO - Setting next_dagrun for example_nested_branch_dag to 2022-07-28 00:00:00+00:00
[2022-07-30 22:17:59,329] {scheduler_job.py:190} INFO - Processing /home/airflow/.local/lib/python3.6/site-packages/airflow/example_dags/example_nested_branch_dag.py took 0.169 seconds
[2022-07-30 22:18:30,161] {scheduler_job.py:182} INFO - Started process (PID=1216) to work on /home/airflow/.local/lib/python3.6/site-packages/airflow/example_dags/example_nested_branch_dag.py
[2022-07-30 22:18:30,165] {scheduler_job.py:629} INFO - Processing file /home/airflow/.local/lib/python3.6/site-packages/airflow/example_dags/example_nested_branch_dag.py for tasks to queue
[2022-07-30 22:18:30,172] {logging_mixin.py:104} INFO - [2022-07-30 22:18:30,172] {dagbag.py:451} INFO - Filling up the DagBag from /home/airflow/.local/lib/python3.6/site-packages/airflow/example_dags/example_nested_branch_dag.py
[2022-07-30 22:18:30,219] {scheduler_job.py:639} INFO - DAG(s) dict_keys(['example_nested_branch_dag']) retrieved from /home/airflow/.local/lib/python3.6/site-packages/airflow/example_dags/example_nested_branch_dag.py
[2022-07-30 22:18:30,261] {logging_mixin.py:104} INFO - [2022-07-30 22:18:30,261] {dag.py:1824} INFO - Sync 1 DAGs
[2022-07-30 22:18:30,303] {logging_mixin.py:104} INFO - [2022-07-30 22:18:30,302] {dag.py:2280} INFO - Setting next_dagrun for example_nested_branch_dag to 2022-07-28 00:00:00+00:00
[2022-07-30 22:18:30,327] {scheduler_job.py:190} INFO - Processing /home/airflow/.local/lib/python3.6/site-packages/airflow/example_dags/example_nested_branch_dag.py took 0.172 seconds
[2022-07-30 22:19:00,912] {scheduler_job.py:182} INFO - Started process (PID=1243) to work on /home/airflow/.local/lib/python3.6/site-packages/airflow/example_dags/example_nested_branch_dag.py
[2022-07-30 22:19:00,914] {scheduler_job.py:629} INFO - Processing file /home/airflow/.local/lib/python3.6/site-packages/airflow/example_dags/example_nested_branch_dag.py for tasks to queue
[2022-07-30 22:19:00,916] {logging_mixin.py:104} INFO - [2022-07-30 22:19:00,915] {dagbag.py:451} INFO - Filling up the DagBag from /home/airflow/.local/lib/python3.6/site-packages/airflow/example_dags/example_nested_branch_dag.py
[2022-07-30 22:19:00,942] {scheduler_job.py:639} INFO - DAG(s) dict_keys(['example_nested_branch_dag']) retrieved from /home/airflow/.local/lib/python3.6/site-packages/airflow/example_dags/example_nested_branch_dag.py
[2022-07-30 22:19:00,984] {logging_mixin.py:104} INFO - [2022-07-30 22:19:00,983] {dag.py:1824} INFO - Sync 1 DAGs
[2022-07-30 22:19:01,032] {logging_mixin.py:104} INFO - [2022-07-30 22:19:01,031] {dag.py:2280} INFO - Setting next_dagrun for example_nested_branch_dag to 2022-07-28 00:00:00+00:00
[2022-07-30 22:19:01,057] {scheduler_job.py:190} INFO - Processing /home/airflow/.local/lib/python3.6/site-packages/airflow/example_dags/example_nested_branch_dag.py took 0.151 seconds
[2022-07-30 22:19:31,277] {scheduler_job.py:182} INFO - Started process (PID=1270) to work on /home/airflow/.local/lib/python3.6/site-packages/airflow/example_dags/example_nested_branch_dag.py
[2022-07-30 22:19:31,279] {scheduler_job.py:629} INFO - Processing file /home/airflow/.local/lib/python3.6/site-packages/airflow/example_dags/example_nested_branch_dag.py for tasks to queue
[2022-07-30 22:19:31,281] {logging_mixin.py:104} INFO - [2022-07-30 22:19:31,281] {dagbag.py:451} INFO - Filling up the DagBag from /home/airflow/.local/lib/python3.6/site-packages/airflow/example_dags/example_nested_branch_dag.py
[2022-07-30 22:19:31,312] {scheduler_job.py:639} INFO - DAG(s) dict_keys(['example_nested_branch_dag']) retrieved from /home/airflow/.local/lib/python3.6/site-packages/airflow/example_dags/example_nested_branch_dag.py
[2022-07-30 22:19:31,349] {logging_mixin.py:104} INFO - [2022-07-30 22:19:31,349] {dag.py:1824} INFO - Sync 1 DAGs
[2022-07-30 22:19:31,394] {logging_mixin.py:104} INFO - [2022-07-30 22:19:31,394] {dag.py:2280} INFO - Setting next_dagrun for example_nested_branch_dag to 2022-07-28 00:00:00+00:00
[2022-07-30 22:19:31,422] {scheduler_job.py:190} INFO - Processing /home/airflow/.local/lib/python3.6/site-packages/airflow/example_dags/example_nested_branch_dag.py took 0.152 seconds
[2022-07-30 22:20:02,156] {scheduler_job.py:182} INFO - Started process (PID=1297) to work on /home/airflow/.local/lib/python3.6/site-packages/airflow/example_dags/example_nested_branch_dag.py
[2022-07-30 22:20:02,160] {scheduler_job.py:629} INFO - Processing file /home/airflow/.local/lib/python3.6/site-packages/airflow/example_dags/example_nested_branch_dag.py for tasks to queue
[2022-07-30 22:20:02,162] {logging_mixin.py:104} INFO - [2022-07-30 22:20:02,162] {dagbag.py:451} INFO - Filling up the DagBag from /home/airflow/.local/lib/python3.6/site-packages/airflow/example_dags/example_nested_branch_dag.py
[2022-07-30 22:20:02,197] {scheduler_job.py:639} INFO - DAG(s) dict_keys(['example_nested_branch_dag']) retrieved from /home/airflow/.local/lib/python3.6/site-packages/airflow/example_dags/example_nested_branch_dag.py
[2022-07-30 22:20:02,247] {logging_mixin.py:104} INFO - [2022-07-30 22:20:02,246] {dag.py:1824} INFO - Sync 1 DAGs
[2022-07-30 22:20:02,296] {logging_mixin.py:104} INFO - [2022-07-30 22:20:02,295] {dag.py:2280} INFO - Setting next_dagrun for example_nested_branch_dag to 2022-07-28 00:00:00+00:00
[2022-07-30 22:20:02,317] {scheduler_job.py:190} INFO - Processing /home/airflow/.local/lib/python3.6/site-packages/airflow/example_dags/example_nested_branch_dag.py took 0.167 seconds
[2022-07-30 22:20:34,039] {scheduler_job.py:182} INFO - Started process (PID=1323) to work on /home/airflow/.local/lib/python3.6/site-packages/airflow/example_dags/example_nested_branch_dag.py
[2022-07-30 22:20:34,042] {scheduler_job.py:629} INFO - Processing file /home/airflow/.local/lib/python3.6/site-packages/airflow/example_dags/example_nested_branch_dag.py for tasks to queue
[2022-07-30 22:20:34,044] {logging_mixin.py:104} INFO - [2022-07-30 22:20:34,044] {dagbag.py:451} INFO - Filling up the DagBag from /home/airflow/.local/lib/python3.6/site-packages/airflow/example_dags/example_nested_branch_dag.py
[2022-07-30 22:20:34,134] {scheduler_job.py:639} INFO - DAG(s) dict_keys(['example_nested_branch_dag']) retrieved from /home/airflow/.local/lib/python3.6/site-packages/airflow/example_dags/example_nested_branch_dag.py
[2022-07-30 22:20:34,224] {logging_mixin.py:104} INFO - [2022-07-30 22:20:34,224] {dag.py:1824} INFO - Sync 1 DAGs
[2022-07-30 22:20:34,336] {logging_mixin.py:104} INFO - [2022-07-30 22:20:34,336] {dag.py:2280} INFO - Setting next_dagrun for example_nested_branch_dag to 2022-07-28 00:00:00+00:00
[2022-07-30 22:20:34,383] {scheduler_job.py:190} INFO - Processing /home/airflow/.local/lib/python3.6/site-packages/airflow/example_dags/example_nested_branch_dag.py took 0.350 seconds
[2022-07-30 22:21:04,950] {scheduler_job.py:182} INFO - Started process (PID=1349) to work on /home/airflow/.local/lib/python3.6/site-packages/airflow/example_dags/example_nested_branch_dag.py
[2022-07-30 22:21:04,955] {scheduler_job.py:629} INFO - Processing file /home/airflow/.local/lib/python3.6/site-packages/airflow/example_dags/example_nested_branch_dag.py for tasks to queue
[2022-07-30 22:21:04,959] {logging_mixin.py:104} INFO - [2022-07-30 22:21:04,959] {dagbag.py:451} INFO - Filling up the DagBag from /home/airflow/.local/lib/python3.6/site-packages/airflow/example_dags/example_nested_branch_dag.py
[2022-07-30 22:21:04,999] {scheduler_job.py:639} INFO - DAG(s) dict_keys(['example_nested_branch_dag']) retrieved from /home/airflow/.local/lib/python3.6/site-packages/airflow/example_dags/example_nested_branch_dag.py
[2022-07-30 22:21:05,054] {logging_mixin.py:104} INFO - [2022-07-30 22:21:05,054] {dag.py:1824} INFO - Sync 1 DAGs
[2022-07-30 22:21:05,102] {logging_mixin.py:104} INFO - [2022-07-30 22:21:05,102] {dag.py:2280} INFO - Setting next_dagrun for example_nested_branch_dag to 2022-07-28 00:00:00+00:00
[2022-07-30 22:21:05,145] {scheduler_job.py:190} INFO - Processing /home/airflow/.local/lib/python3.6/site-packages/airflow/example_dags/example_nested_branch_dag.py took 0.202 seconds
[2022-07-30 22:21:35,942] {scheduler_job.py:182} INFO - Started process (PID=1375) to work on /home/airflow/.local/lib/python3.6/site-packages/airflow/example_dags/example_nested_branch_dag.py
[2022-07-30 22:21:35,946] {scheduler_job.py:629} INFO - Processing file /home/airflow/.local/lib/python3.6/site-packages/airflow/example_dags/example_nested_branch_dag.py for tasks to queue
[2022-07-30 22:21:35,948] {logging_mixin.py:104} INFO - [2022-07-30 22:21:35,948] {dagbag.py:451} INFO - Filling up the DagBag from /home/airflow/.local/lib/python3.6/site-packages/airflow/example_dags/example_nested_branch_dag.py
[2022-07-30 22:21:35,976] {scheduler_job.py:639} INFO - DAG(s) dict_keys(['example_nested_branch_dag']) retrieved from /home/airflow/.local/lib/python3.6/site-packages/airflow/example_dags/example_nested_branch_dag.py
[2022-07-30 22:21:36,016] {logging_mixin.py:104} INFO - [2022-07-30 22:21:36,016] {dag.py:1824} INFO - Sync 1 DAGs
[2022-07-30 22:21:36,052] {logging_mixin.py:104} INFO - [2022-07-30 22:21:36,052] {dag.py:2280} INFO - Setting next_dagrun for example_nested_branch_dag to 2022-07-28 00:00:00+00:00
[2022-07-30 22:21:36,073] {scheduler_job.py:190} INFO - Processing /home/airflow/.local/lib/python3.6/site-packages/airflow/example_dags/example_nested_branch_dag.py took 0.136 seconds
[2022-07-30 22:22:06,336] {scheduler_job.py:182} INFO - Started process (PID=1401) to work on /home/airflow/.local/lib/python3.6/site-packages/airflow/example_dags/example_nested_branch_dag.py
[2022-07-30 22:22:06,338] {scheduler_job.py:629} INFO - Processing file /home/airflow/.local/lib/python3.6/site-packages/airflow/example_dags/example_nested_branch_dag.py for tasks to queue
[2022-07-30 22:22:06,340] {logging_mixin.py:104} INFO - [2022-07-30 22:22:06,340] {dagbag.py:451} INFO - Filling up the DagBag from /home/airflow/.local/lib/python3.6/site-packages/airflow/example_dags/example_nested_branch_dag.py
[2022-07-30 22:22:06,362] {scheduler_job.py:639} INFO - DAG(s) dict_keys(['example_nested_branch_dag']) retrieved from /home/airflow/.local/lib/python3.6/site-packages/airflow/example_dags/example_nested_branch_dag.py
[2022-07-30 22:22:06,397] {logging_mixin.py:104} INFO - [2022-07-30 22:22:06,397] {dag.py:1824} INFO - Sync 1 DAGs
[2022-07-30 22:22:06,430] {logging_mixin.py:104} INFO - [2022-07-30 22:22:06,430] {dag.py:2280} INFO - Setting next_dagrun for example_nested_branch_dag to 2022-07-28 00:00:00+00:00
[2022-07-30 22:22:06,446] {scheduler_job.py:190} INFO - Processing /home/airflow/.local/lib/python3.6/site-packages/airflow/example_dags/example_nested_branch_dag.py took 0.116 seconds
[2022-07-30 22:22:36,928] {scheduler_job.py:182} INFO - Started process (PID=1427) to work on /home/airflow/.local/lib/python3.6/site-packages/airflow/example_dags/example_nested_branch_dag.py
[2022-07-30 22:22:36,931] {scheduler_job.py:629} INFO - Processing file /home/airflow/.local/lib/python3.6/site-packages/airflow/example_dags/example_nested_branch_dag.py for tasks to queue
[2022-07-30 22:22:36,933] {logging_mixin.py:104} INFO - [2022-07-30 22:22:36,933] {dagbag.py:451} INFO - Filling up the DagBag from /home/airflow/.local/lib/python3.6/site-packages/airflow/example_dags/example_nested_branch_dag.py
[2022-07-30 22:22:36,963] {scheduler_job.py:639} INFO - DAG(s) dict_keys(['example_nested_branch_dag']) retrieved from /home/airflow/.local/lib/python3.6/site-packages/airflow/example_dags/example_nested_branch_dag.py
[2022-07-30 22:22:36,998] {logging_mixin.py:104} INFO - [2022-07-30 22:22:36,998] {dag.py:1824} INFO - Sync 1 DAGs
[2022-07-30 22:22:37,031] {logging_mixin.py:104} INFO - [2022-07-30 22:22:37,031] {dag.py:2280} INFO - Setting next_dagrun for example_nested_branch_dag to 2022-07-28 00:00:00+00:00
[2022-07-30 22:22:37,047] {scheduler_job.py:190} INFO - Processing /home/airflow/.local/lib/python3.6/site-packages/airflow/example_dags/example_nested_branch_dag.py took 0.125 seconds
[2022-07-30 22:23:07,210] {scheduler_job.py:182} INFO - Started process (PID=1453) to work on /home/airflow/.local/lib/python3.6/site-packages/airflow/example_dags/example_nested_branch_dag.py
[2022-07-30 22:23:07,212] {scheduler_job.py:629} INFO - Processing file /home/airflow/.local/lib/python3.6/site-packages/airflow/example_dags/example_nested_branch_dag.py for tasks to queue
[2022-07-30 22:23:07,214] {logging_mixin.py:104} INFO - [2022-07-30 22:23:07,214] {dagbag.py:451} INFO - Filling up the DagBag from /home/airflow/.local/lib/python3.6/site-packages/airflow/example_dags/example_nested_branch_dag.py
[2022-07-30 22:23:07,238] {scheduler_job.py:639} INFO - DAG(s) dict_keys(['example_nested_branch_dag']) retrieved from /home/airflow/.local/lib/python3.6/site-packages/airflow/example_dags/example_nested_branch_dag.py
[2022-07-30 22:23:07,274] {logging_mixin.py:104} INFO - [2022-07-30 22:23:07,274] {dag.py:1824} INFO - Sync 1 DAGs
[2022-07-30 22:23:07,327] {logging_mixin.py:104} INFO - [2022-07-30 22:23:07,327] {dag.py:2280} INFO - Setting next_dagrun for example_nested_branch_dag to 2022-07-28 00:00:00+00:00
[2022-07-30 22:23:07,348] {scheduler_job.py:190} INFO - Processing /home/airflow/.local/lib/python3.6/site-packages/airflow/example_dags/example_nested_branch_dag.py took 0.148 seconds
[2022-07-30 22:23:37,998] {scheduler_job.py:182} INFO - Started process (PID=1479) to work on /home/airflow/.local/lib/python3.6/site-packages/airflow/example_dags/example_nested_branch_dag.py
[2022-07-30 22:23:38,001] {scheduler_job.py:629} INFO - Processing file /home/airflow/.local/lib/python3.6/site-packages/airflow/example_dags/example_nested_branch_dag.py for tasks to queue
[2022-07-30 22:23:38,002] {logging_mixin.py:104} INFO - [2022-07-30 22:23:38,002] {dagbag.py:451} INFO - Filling up the DagBag from /home/airflow/.local/lib/python3.6/site-packages/airflow/example_dags/example_nested_branch_dag.py
[2022-07-30 22:23:38,031] {scheduler_job.py:639} INFO - DAG(s) dict_keys(['example_nested_branch_dag']) retrieved from /home/airflow/.local/lib/python3.6/site-packages/airflow/example_dags/example_nested_branch_dag.py
[2022-07-30 22:23:38,063] {logging_mixin.py:104} INFO - [2022-07-30 22:23:38,063] {dag.py:1824} INFO - Sync 1 DAGs
[2022-07-30 22:23:38,097] {logging_mixin.py:104} INFO - [2022-07-30 22:23:38,097] {dag.py:2280} INFO - Setting next_dagrun for example_nested_branch_dag to 2022-07-28 00:00:00+00:00
[2022-07-30 22:23:38,114] {scheduler_job.py:190} INFO - Processing /home/airflow/.local/lib/python3.6/site-packages/airflow/example_dags/example_nested_branch_dag.py took 0.124 seconds
[2022-07-30 22:24:08,719] {scheduler_job.py:182} INFO - Started process (PID=1505) to work on /home/airflow/.local/lib/python3.6/site-packages/airflow/example_dags/example_nested_branch_dag.py
[2022-07-30 22:24:08,721] {scheduler_job.py:629} INFO - Processing file /home/airflow/.local/lib/python3.6/site-packages/airflow/example_dags/example_nested_branch_dag.py for tasks to queue
[2022-07-30 22:24:08,723] {logging_mixin.py:104} INFO - [2022-07-30 22:24:08,723] {dagbag.py:451} INFO - Filling up the DagBag from /home/airflow/.local/lib/python3.6/site-packages/airflow/example_dags/example_nested_branch_dag.py
[2022-07-30 22:24:08,758] {scheduler_job.py:639} INFO - DAG(s) dict_keys(['example_nested_branch_dag']) retrieved from /home/airflow/.local/lib/python3.6/site-packages/airflow/example_dags/example_nested_branch_dag.py
[2022-07-30 22:24:08,827] {logging_mixin.py:104} INFO - [2022-07-30 22:24:08,826] {dag.py:1824} INFO - Sync 1 DAGs
[2022-07-30 22:24:08,876] {logging_mixin.py:104} INFO - [2022-07-30 22:24:08,876] {dag.py:2280} INFO - Setting next_dagrun for example_nested_branch_dag to 2022-07-28 00:00:00+00:00
[2022-07-30 22:24:08,901] {scheduler_job.py:190} INFO - Processing /home/airflow/.local/lib/python3.6/site-packages/airflow/example_dags/example_nested_branch_dag.py took 0.188 seconds
[2022-07-30 22:24:39,028] {scheduler_job.py:182} INFO - Started process (PID=1531) to work on /home/airflow/.local/lib/python3.6/site-packages/airflow/example_dags/example_nested_branch_dag.py
[2022-07-30 22:24:39,031] {scheduler_job.py:629} INFO - Processing file /home/airflow/.local/lib/python3.6/site-packages/airflow/example_dags/example_nested_branch_dag.py for tasks to queue
[2022-07-30 22:24:39,032] {logging_mixin.py:104} INFO - [2022-07-30 22:24:39,032] {dagbag.py:451} INFO - Filling up the DagBag from /home/airflow/.local/lib/python3.6/site-packages/airflow/example_dags/example_nested_branch_dag.py
[2022-07-30 22:24:39,053] {scheduler_job.py:639} INFO - DAG(s) dict_keys(['example_nested_branch_dag']) retrieved from /home/airflow/.local/lib/python3.6/site-packages/airflow/example_dags/example_nested_branch_dag.py
[2022-07-30 22:24:39,084] {logging_mixin.py:104} INFO - [2022-07-30 22:24:39,084] {dag.py:1824} INFO - Sync 1 DAGs
[2022-07-30 22:24:39,118] {logging_mixin.py:104} INFO - [2022-07-30 22:24:39,118] {dag.py:2280} INFO - Setting next_dagrun for example_nested_branch_dag to 2022-07-28 00:00:00+00:00
[2022-07-30 22:24:39,134] {scheduler_job.py:190} INFO - Processing /home/airflow/.local/lib/python3.6/site-packages/airflow/example_dags/example_nested_branch_dag.py took 0.110 seconds
[2022-07-30 22:25:09,954] {scheduler_job.py:182} INFO - Started process (PID=1557) to work on /home/airflow/.local/lib/python3.6/site-packages/airflow/example_dags/example_nested_branch_dag.py
[2022-07-30 22:25:09,957] {scheduler_job.py:629} INFO - Processing file /home/airflow/.local/lib/python3.6/site-packages/airflow/example_dags/example_nested_branch_dag.py for tasks to queue
[2022-07-30 22:25:09,958] {logging_mixin.py:104} INFO - [2022-07-30 22:25:09,958] {dagbag.py:451} INFO - Filling up the DagBag from /home/airflow/.local/lib/python3.6/site-packages/airflow/example_dags/example_nested_branch_dag.py
[2022-07-30 22:25:09,981] {scheduler_job.py:639} INFO - DAG(s) dict_keys(['example_nested_branch_dag']) retrieved from /home/airflow/.local/lib/python3.6/site-packages/airflow/example_dags/example_nested_branch_dag.py
[2022-07-30 22:25:10,020] {logging_mixin.py:104} INFO - [2022-07-30 22:25:10,020] {dag.py:1824} INFO - Sync 1 DAGs
[2022-07-30 22:25:10,057] {logging_mixin.py:104} INFO - [2022-07-30 22:25:10,057] {dag.py:2280} INFO - Setting next_dagrun for example_nested_branch_dag to 2022-07-28 00:00:00+00:00
[2022-07-30 22:25:10,075] {scheduler_job.py:190} INFO - Processing /home/airflow/.local/lib/python3.6/site-packages/airflow/example_dags/example_nested_branch_dag.py took 0.125 seconds
[2022-07-30 22:25:40,241] {scheduler_job.py:182} INFO - Started process (PID=1583) to work on /home/airflow/.local/lib/python3.6/site-packages/airflow/example_dags/example_nested_branch_dag.py
[2022-07-30 22:25:40,243] {scheduler_job.py:629} INFO - Processing file /home/airflow/.local/lib/python3.6/site-packages/airflow/example_dags/example_nested_branch_dag.py for tasks to queue
[2022-07-30 22:25:40,245] {logging_mixin.py:104} INFO - [2022-07-30 22:25:40,245] {dagbag.py:451} INFO - Filling up the DagBag from /home/airflow/.local/lib/python3.6/site-packages/airflow/example_dags/example_nested_branch_dag.py
[2022-07-30 22:25:40,283] {scheduler_job.py:639} INFO - DAG(s) dict_keys(['example_nested_branch_dag']) retrieved from /home/airflow/.local/lib/python3.6/site-packages/airflow/example_dags/example_nested_branch_dag.py
[2022-07-30 22:25:40,316] {logging_mixin.py:104} INFO - [2022-07-30 22:25:40,316] {dag.py:1824} INFO - Sync 1 DAGs
[2022-07-30 22:25:40,346] {logging_mixin.py:104} INFO - [2022-07-30 22:25:40,346] {dag.py:2280} INFO - Setting next_dagrun for example_nested_branch_dag to 2022-07-28 00:00:00+00:00
[2022-07-30 22:25:40,363] {scheduler_job.py:190} INFO - Processing /home/airflow/.local/lib/python3.6/site-packages/airflow/example_dags/example_nested_branch_dag.py took 0.133 seconds
[2022-07-30 22:26:11,092] {scheduler_job.py:182} INFO - Started process (PID=1609) to work on /home/airflow/.local/lib/python3.6/site-packages/airflow/example_dags/example_nested_branch_dag.py
[2022-07-30 22:26:11,094] {scheduler_job.py:629} INFO - Processing file /home/airflow/.local/lib/python3.6/site-packages/airflow/example_dags/example_nested_branch_dag.py for tasks to queue
[2022-07-30 22:26:11,096] {logging_mixin.py:104} INFO - [2022-07-30 22:26:11,095] {dagbag.py:451} INFO - Filling up the DagBag from /home/airflow/.local/lib/python3.6/site-packages/airflow/example_dags/example_nested_branch_dag.py
[2022-07-30 22:26:11,117] {scheduler_job.py:639} INFO - DAG(s) dict_keys(['example_nested_branch_dag']) retrieved from /home/airflow/.local/lib/python3.6/site-packages/airflow/example_dags/example_nested_branch_dag.py
[2022-07-30 22:26:11,149] {logging_mixin.py:104} INFO - [2022-07-30 22:26:11,149] {dag.py:1824} INFO - Sync 1 DAGs
[2022-07-30 22:26:11,179] {logging_mixin.py:104} INFO - [2022-07-30 22:26:11,179] {dag.py:2280} INFO - Setting next_dagrun for example_nested_branch_dag to 2022-07-28 00:00:00+00:00
[2022-07-30 22:26:11,195] {scheduler_job.py:190} INFO - Processing /home/airflow/.local/lib/python3.6/site-packages/airflow/example_dags/example_nested_branch_dag.py took 0.108 seconds
[2022-07-30 22:26:41,843] {scheduler_job.py:182} INFO - Started process (PID=1635) to work on /home/airflow/.local/lib/python3.6/site-packages/airflow/example_dags/example_nested_branch_dag.py
[2022-07-30 22:26:41,845] {scheduler_job.py:629} INFO - Processing file /home/airflow/.local/lib/python3.6/site-packages/airflow/example_dags/example_nested_branch_dag.py for tasks to queue
[2022-07-30 22:26:41,847] {logging_mixin.py:104} INFO - [2022-07-30 22:26:41,847] {dagbag.py:451} INFO - Filling up the DagBag from /home/airflow/.local/lib/python3.6/site-packages/airflow/example_dags/example_nested_branch_dag.py
[2022-07-30 22:26:41,877] {scheduler_job.py:639} INFO - DAG(s) dict_keys(['example_nested_branch_dag']) retrieved from /home/airflow/.local/lib/python3.6/site-packages/airflow/example_dags/example_nested_branch_dag.py
[2022-07-30 22:26:41,919] {logging_mixin.py:104} INFO - [2022-07-30 22:26:41,919] {dag.py:1824} INFO - Sync 1 DAGs
[2022-07-30 22:26:41,958] {logging_mixin.py:104} INFO - [2022-07-30 22:26:41,958] {dag.py:2280} INFO - Setting next_dagrun for example_nested_branch_dag to 2022-07-28 00:00:00+00:00
[2022-07-30 22:26:41,975] {scheduler_job.py:190} INFO - Processing /home/airflow/.local/lib/python3.6/site-packages/airflow/example_dags/example_nested_branch_dag.py took 0.139 seconds
[2022-07-30 22:27:12,189] {scheduler_job.py:182} INFO - Started process (PID=1661) to work on /home/airflow/.local/lib/python3.6/site-packages/airflow/example_dags/example_nested_branch_dag.py
[2022-07-30 22:27:12,192] {scheduler_job.py:629} INFO - Processing file /home/airflow/.local/lib/python3.6/site-packages/airflow/example_dags/example_nested_branch_dag.py for tasks to queue
[2022-07-30 22:27:12,194] {logging_mixin.py:104} INFO - [2022-07-30 22:27:12,193] {dagbag.py:451} INFO - Filling up the DagBag from /home/airflow/.local/lib/python3.6/site-packages/airflow/example_dags/example_nested_branch_dag.py
[2022-07-30 22:27:12,225] {scheduler_job.py:639} INFO - DAG(s) dict_keys(['example_nested_branch_dag']) retrieved from /home/airflow/.local/lib/python3.6/site-packages/airflow/example_dags/example_nested_branch_dag.py
[2022-07-30 22:27:12,268] {logging_mixin.py:104} INFO - [2022-07-30 22:27:12,267] {dag.py:1824} INFO - Sync 1 DAGs
[2022-07-30 22:27:12,306] {logging_mixin.py:104} INFO - [2022-07-30 22:27:12,306] {dag.py:2280} INFO - Setting next_dagrun for example_nested_branch_dag to 2022-07-28 00:00:00+00:00
[2022-07-30 22:27:12,332] {scheduler_job.py:190} INFO - Processing /home/airflow/.local/lib/python3.6/site-packages/airflow/example_dags/example_nested_branch_dag.py took 0.149 seconds
[2022-07-30 22:27:44,748] {scheduler_job.py:182} INFO - Started process (PID=1687) to work on /home/airflow/.local/lib/python3.6/site-packages/airflow/example_dags/example_nested_branch_dag.py
[2022-07-30 22:27:44,762] {scheduler_job.py:629} INFO - Processing file /home/airflow/.local/lib/python3.6/site-packages/airflow/example_dags/example_nested_branch_dag.py for tasks to queue
[2022-07-30 22:27:44,770] {logging_mixin.py:104} INFO - [2022-07-30 22:27:44,770] {dagbag.py:451} INFO - Filling up the DagBag from /home/airflow/.local/lib/python3.6/site-packages/airflow/example_dags/example_nested_branch_dag.py
[2022-07-30 22:27:44,830] {scheduler_job.py:639} INFO - DAG(s) dict_keys(['example_nested_branch_dag']) retrieved from /home/airflow/.local/lib/python3.6/site-packages/airflow/example_dags/example_nested_branch_dag.py
[2022-07-30 22:27:44,945] {logging_mixin.py:104} INFO - [2022-07-30 22:27:44,945] {dag.py:1824} INFO - Sync 1 DAGs
[2022-07-30 22:27:45,074] {logging_mixin.py:104} INFO - [2022-07-30 22:27:45,074] {dag.py:2280} INFO - Setting next_dagrun for example_nested_branch_dag to 2022-07-28 00:00:00+00:00
[2022-07-30 22:27:45,143] {scheduler_job.py:190} INFO - Processing /home/airflow/.local/lib/python3.6/site-packages/airflow/example_dags/example_nested_branch_dag.py took 0.402 seconds
[2022-07-30 22:28:15,227] {scheduler_job.py:182} INFO - Started process (PID=1713) to work on /home/airflow/.local/lib/python3.6/site-packages/airflow/example_dags/example_nested_branch_dag.py
[2022-07-30 22:28:15,229] {scheduler_job.py:629} INFO - Processing file /home/airflow/.local/lib/python3.6/site-packages/airflow/example_dags/example_nested_branch_dag.py for tasks to queue
[2022-07-30 22:28:15,231] {logging_mixin.py:104} INFO - [2022-07-30 22:28:15,230] {dagbag.py:451} INFO - Filling up the DagBag from /home/airflow/.local/lib/python3.6/site-packages/airflow/example_dags/example_nested_branch_dag.py
[2022-07-30 22:28:15,249] {scheduler_job.py:639} INFO - DAG(s) dict_keys(['example_nested_branch_dag']) retrieved from /home/airflow/.local/lib/python3.6/site-packages/airflow/example_dags/example_nested_branch_dag.py
[2022-07-30 22:28:15,281] {logging_mixin.py:104} INFO - [2022-07-30 22:28:15,281] {dag.py:1824} INFO - Sync 1 DAGs
[2022-07-30 22:28:15,308] {logging_mixin.py:104} INFO - [2022-07-30 22:28:15,308] {dag.py:2280} INFO - Setting next_dagrun for example_nested_branch_dag to 2022-07-28 00:00:00+00:00
[2022-07-30 22:28:15,344] {scheduler_job.py:190} INFO - Processing /home/airflow/.local/lib/python3.6/site-packages/airflow/example_dags/example_nested_branch_dag.py took 0.122 seconds
[2022-07-30 22:28:45,569] {scheduler_job.py:182} INFO - Started process (PID=1739) to work on /home/airflow/.local/lib/python3.6/site-packages/airflow/example_dags/example_nested_branch_dag.py
[2022-07-30 22:28:45,571] {scheduler_job.py:629} INFO - Processing file /home/airflow/.local/lib/python3.6/site-packages/airflow/example_dags/example_nested_branch_dag.py for tasks to queue
[2022-07-30 22:28:45,572] {logging_mixin.py:104} INFO - [2022-07-30 22:28:45,572] {dagbag.py:451} INFO - Filling up the DagBag from /home/airflow/.local/lib/python3.6/site-packages/airflow/example_dags/example_nested_branch_dag.py
[2022-07-30 22:28:45,592] {scheduler_job.py:639} INFO - DAG(s) dict_keys(['example_nested_branch_dag']) retrieved from /home/airflow/.local/lib/python3.6/site-packages/airflow/example_dags/example_nested_branch_dag.py
[2022-07-30 22:28:45,621] {logging_mixin.py:104} INFO - [2022-07-30 22:28:45,621] {dag.py:1824} INFO - Sync 1 DAGs
[2022-07-30 22:28:45,651] {logging_mixin.py:104} INFO - [2022-07-30 22:28:45,651] {dag.py:2280} INFO - Setting next_dagrun for example_nested_branch_dag to 2022-07-28 00:00:00+00:00
[2022-07-30 22:28:45,666] {scheduler_job.py:190} INFO - Processing /home/airflow/.local/lib/python3.6/site-packages/airflow/example_dags/example_nested_branch_dag.py took 0.103 seconds
[2022-07-30 22:29:16,266] {scheduler_job.py:182} INFO - Started process (PID=1765) to work on /home/airflow/.local/lib/python3.6/site-packages/airflow/example_dags/example_nested_branch_dag.py
[2022-07-30 22:29:16,268] {scheduler_job.py:629} INFO - Processing file /home/airflow/.local/lib/python3.6/site-packages/airflow/example_dags/example_nested_branch_dag.py for tasks to queue
[2022-07-30 22:29:16,269] {logging_mixin.py:104} INFO - [2022-07-30 22:29:16,269] {dagbag.py:451} INFO - Filling up the DagBag from /home/airflow/.local/lib/python3.6/site-packages/airflow/example_dags/example_nested_branch_dag.py
[2022-07-30 22:29:16,291] {scheduler_job.py:639} INFO - DAG(s) dict_keys(['example_nested_branch_dag']) retrieved from /home/airflow/.local/lib/python3.6/site-packages/airflow/example_dags/example_nested_branch_dag.py
[2022-07-30 22:29:16,323] {logging_mixin.py:104} INFO - [2022-07-30 22:29:16,323] {dag.py:1824} INFO - Sync 1 DAGs
[2022-07-30 22:29:16,353] {logging_mixin.py:104} INFO - [2022-07-30 22:29:16,353] {dag.py:2280} INFO - Setting next_dagrun for example_nested_branch_dag to 2022-07-28 00:00:00+00:00
[2022-07-30 22:29:16,370] {scheduler_job.py:190} INFO - Processing /home/airflow/.local/lib/python3.6/site-packages/airflow/example_dags/example_nested_branch_dag.py took 0.111 seconds
[2022-07-30 22:29:47,005] {scheduler_job.py:182} INFO - Started process (PID=1791) to work on /home/airflow/.local/lib/python3.6/site-packages/airflow/example_dags/example_nested_branch_dag.py
[2022-07-30 22:29:47,008] {scheduler_job.py:629} INFO - Processing file /home/airflow/.local/lib/python3.6/site-packages/airflow/example_dags/example_nested_branch_dag.py for tasks to queue
[2022-07-30 22:29:47,010] {logging_mixin.py:104} INFO - [2022-07-30 22:29:47,009] {dagbag.py:451} INFO - Filling up the DagBag from /home/airflow/.local/lib/python3.6/site-packages/airflow/example_dags/example_nested_branch_dag.py
[2022-07-30 22:29:47,034] {scheduler_job.py:639} INFO - DAG(s) dict_keys(['example_nested_branch_dag']) retrieved from /home/airflow/.local/lib/python3.6/site-packages/airflow/example_dags/example_nested_branch_dag.py
[2022-07-30 22:29:47,072] {logging_mixin.py:104} INFO - [2022-07-30 22:29:47,072] {dag.py:1824} INFO - Sync 1 DAGs
[2022-07-30 22:29:47,110] {logging_mixin.py:104} INFO - [2022-07-30 22:29:47,110] {dag.py:2280} INFO - Setting next_dagrun for example_nested_branch_dag to 2022-07-28 00:00:00+00:00
[2022-07-30 22:29:47,127] {scheduler_job.py:190} INFO - Processing /home/airflow/.local/lib/python3.6/site-packages/airflow/example_dags/example_nested_branch_dag.py took 0.127 seconds
[2022-07-30 22:30:17,825] {scheduler_job.py:182} INFO - Started process (PID=1817) to work on /home/airflow/.local/lib/python3.6/site-packages/airflow/example_dags/example_nested_branch_dag.py
[2022-07-30 22:30:17,828] {scheduler_job.py:629} INFO - Processing file /home/airflow/.local/lib/python3.6/site-packages/airflow/example_dags/example_nested_branch_dag.py for tasks to queue
[2022-07-30 22:30:17,830] {logging_mixin.py:104} INFO - [2022-07-30 22:30:17,830] {dagbag.py:451} INFO - Filling up the DagBag from /home/airflow/.local/lib/python3.6/site-packages/airflow/example_dags/example_nested_branch_dag.py
[2022-07-30 22:30:17,854] {scheduler_job.py:639} INFO - DAG(s) dict_keys(['example_nested_branch_dag']) retrieved from /home/airflow/.local/lib/python3.6/site-packages/airflow/example_dags/example_nested_branch_dag.py
[2022-07-30 22:30:17,890] {logging_mixin.py:104} INFO - [2022-07-30 22:30:17,890] {dag.py:1824} INFO - Sync 1 DAGs
[2022-07-30 22:30:17,920] {logging_mixin.py:104} INFO - [2022-07-30 22:30:17,919] {dag.py:2280} INFO - Setting next_dagrun for example_nested_branch_dag to 2022-07-28 00:00:00+00:00
[2022-07-30 22:30:17,935] {scheduler_job.py:190} INFO - Processing /home/airflow/.local/lib/python3.6/site-packages/airflow/example_dags/example_nested_branch_dag.py took 0.119 seconds
[2022-07-30 22:30:48,363] {scheduler_job.py:182} INFO - Started process (PID=1843) to work on /home/airflow/.local/lib/python3.6/site-packages/airflow/example_dags/example_nested_branch_dag.py
[2022-07-30 22:30:48,365] {scheduler_job.py:629} INFO - Processing file /home/airflow/.local/lib/python3.6/site-packages/airflow/example_dags/example_nested_branch_dag.py for tasks to queue
[2022-07-30 22:30:48,366] {logging_mixin.py:104} INFO - [2022-07-30 22:30:48,366] {dagbag.py:451} INFO - Filling up the DagBag from /home/airflow/.local/lib/python3.6/site-packages/airflow/example_dags/example_nested_branch_dag.py
[2022-07-30 22:30:48,388] {scheduler_job.py:639} INFO - DAG(s) dict_keys(['example_nested_branch_dag']) retrieved from /home/airflow/.local/lib/python3.6/site-packages/airflow/example_dags/example_nested_branch_dag.py
[2022-07-30 22:30:48,421] {logging_mixin.py:104} INFO - [2022-07-30 22:30:48,421] {dag.py:1824} INFO - Sync 1 DAGs
[2022-07-30 22:30:48,455] {logging_mixin.py:104} INFO - [2022-07-30 22:30:48,455] {dag.py:2280} INFO - Setting next_dagrun for example_nested_branch_dag to 2022-07-28 00:00:00+00:00
[2022-07-30 22:30:48,472] {scheduler_job.py:190} INFO - Processing /home/airflow/.local/lib/python3.6/site-packages/airflow/example_dags/example_nested_branch_dag.py took 0.115 seconds
[2022-07-30 22:31:18,921] {scheduler_job.py:182} INFO - Started process (PID=1870) to work on /home/airflow/.local/lib/python3.6/site-packages/airflow/example_dags/example_nested_branch_dag.py
[2022-07-30 22:31:18,925] {scheduler_job.py:629} INFO - Processing file /home/airflow/.local/lib/python3.6/site-packages/airflow/example_dags/example_nested_branch_dag.py for tasks to queue
[2022-07-30 22:31:18,931] {logging_mixin.py:104} INFO - [2022-07-30 22:31:18,931] {dagbag.py:451} INFO - Filling up the DagBag from /home/airflow/.local/lib/python3.6/site-packages/airflow/example_dags/example_nested_branch_dag.py
[2022-07-30 22:31:18,956] {scheduler_job.py:639} INFO - DAG(s) dict_keys(['example_nested_branch_dag']) retrieved from /home/airflow/.local/lib/python3.6/site-packages/airflow/example_dags/example_nested_branch_dag.py
[2022-07-30 22:31:19,000] {logging_mixin.py:104} INFO - [2022-07-30 22:31:18,999] {dag.py:1824} INFO - Sync 1 DAGs
[2022-07-30 22:31:19,026] {logging_mixin.py:104} INFO - [2022-07-30 22:31:19,025] {dag.py:2280} INFO - Setting next_dagrun for example_nested_branch_dag to 2022-07-28 00:00:00+00:00
[2022-07-30 22:31:19,038] {scheduler_job.py:190} INFO - Processing /home/airflow/.local/lib/python3.6/site-packages/airflow/example_dags/example_nested_branch_dag.py took 0.124 seconds
[2022-07-30 22:34:35,899] {scheduler_job.py:182} INFO - Started process (PID=56) to work on /home/airflow/.local/lib/python3.6/site-packages/airflow/example_dags/example_nested_branch_dag.py
[2022-07-30 22:34:35,902] {scheduler_job.py:629} INFO - Processing file /home/airflow/.local/lib/python3.6/site-packages/airflow/example_dags/example_nested_branch_dag.py for tasks to queue
[2022-07-30 22:34:35,904] {logging_mixin.py:104} INFO - [2022-07-30 22:34:35,904] {dagbag.py:451} INFO - Filling up the DagBag from /home/airflow/.local/lib/python3.6/site-packages/airflow/example_dags/example_nested_branch_dag.py
[2022-07-30 22:34:35,945] {scheduler_job.py:639} INFO - DAG(s) dict_keys(['example_nested_branch_dag']) retrieved from /home/airflow/.local/lib/python3.6/site-packages/airflow/example_dags/example_nested_branch_dag.py
[2022-07-30 22:34:36,031] {logging_mixin.py:104} INFO - [2022-07-30 22:34:36,031] {dag.py:1824} INFO - Sync 1 DAGs
[2022-07-30 22:34:36,116] {logging_mixin.py:104} INFO - [2022-07-30 22:34:36,116] {dag.py:2280} INFO - Setting next_dagrun for example_nested_branch_dag to 2022-07-28 00:00:00+00:00
[2022-07-30 22:34:36,136] {scheduler_job.py:190} INFO - Processing /home/airflow/.local/lib/python3.6/site-packages/airflow/example_dags/example_nested_branch_dag.py took 0.246 seconds
