[2022-07-30 21:55:26,561] {scheduler_job.py:182} INFO - Started process (PID=55) to work on /home/airflow/.local/lib/python3.6/site-packages/airflow/example_dags/example_latest_only_with_trigger.py
[2022-07-30 21:55:26,564] {scheduler_job.py:629} INFO - Processing file /home/airflow/.local/lib/python3.6/site-packages/airflow/example_dags/example_latest_only_with_trigger.py for tasks to queue
[2022-07-30 21:55:26,567] {logging_mixin.py:104} INFO - [2022-07-30 21:55:26,567] {dagbag.py:451} INFO - Filling up the DagBag from /home/airflow/.local/lib/python3.6/site-packages/airflow/example_dags/example_latest_only_with_trigger.py
[2022-07-30 21:55:26,593] {scheduler_job.py:639} INFO - DAG(s) dict_keys(['latest_only_with_trigger']) retrieved from /home/airflow/.local/lib/python3.6/site-packages/airflow/example_dags/example_latest_only_with_trigger.py
[2022-07-30 21:55:26,656] {logging_mixin.py:104} INFO - [2022-07-30 21:55:26,655] {dag.py:1824} INFO - Sync 1 DAGs
[2022-07-30 21:55:26,717] {logging_mixin.py:104} INFO - [2022-07-30 21:55:26,716] {dag.py:1843} INFO - Creating ORM DAG for latest_only_with_trigger
[2022-07-30 21:55:26,746] {logging_mixin.py:104} INFO - [2022-07-30 21:55:26,746] {dag.py:2280} INFO - Setting next_dagrun for latest_only_with_trigger to 2022-07-28 00:00:00+00:00
[2022-07-30 21:55:26,834] {scheduler_job.py:190} INFO - Processing /home/airflow/.local/lib/python3.6/site-packages/airflow/example_dags/example_latest_only_with_trigger.py took 0.279 seconds
[2022-07-30 21:55:57,278] {scheduler_job.py:182} INFO - Started process (PID=78) to work on /home/airflow/.local/lib/python3.6/site-packages/airflow/example_dags/example_latest_only_with_trigger.py
[2022-07-30 21:55:57,282] {scheduler_job.py:629} INFO - Processing file /home/airflow/.local/lib/python3.6/site-packages/airflow/example_dags/example_latest_only_with_trigger.py for tasks to queue
[2022-07-30 21:55:57,288] {logging_mixin.py:104} INFO - [2022-07-30 21:55:57,288] {dagbag.py:451} INFO - Filling up the DagBag from /home/airflow/.local/lib/python3.6/site-packages/airflow/example_dags/example_latest_only_with_trigger.py
[2022-07-30 21:55:57,325] {scheduler_job.py:639} INFO - DAG(s) dict_keys(['latest_only_with_trigger']) retrieved from /home/airflow/.local/lib/python3.6/site-packages/airflow/example_dags/example_latest_only_with_trigger.py
[2022-07-30 21:55:57,379] {logging_mixin.py:104} INFO - [2022-07-30 21:55:57,378] {dag.py:1824} INFO - Sync 1 DAGs
[2022-07-30 21:55:57,417] {logging_mixin.py:104} INFO - [2022-07-30 21:55:57,417] {dag.py:2280} INFO - Setting next_dagrun for latest_only_with_trigger to 2022-07-28 00:00:00+00:00
[2022-07-30 21:55:57,440] {scheduler_job.py:190} INFO - Processing /home/airflow/.local/lib/python3.6/site-packages/airflow/example_dags/example_latest_only_with_trigger.py took 0.168 seconds
[2022-07-30 21:56:27,643] {scheduler_job.py:182} INFO - Started process (PID=104) to work on /home/airflow/.local/lib/python3.6/site-packages/airflow/example_dags/example_latest_only_with_trigger.py
[2022-07-30 21:56:27,646] {scheduler_job.py:629} INFO - Processing file /home/airflow/.local/lib/python3.6/site-packages/airflow/example_dags/example_latest_only_with_trigger.py for tasks to queue
[2022-07-30 21:56:27,648] {logging_mixin.py:104} INFO - [2022-07-30 21:56:27,647] {dagbag.py:451} INFO - Filling up the DagBag from /home/airflow/.local/lib/python3.6/site-packages/airflow/example_dags/example_latest_only_with_trigger.py
[2022-07-30 21:56:27,672] {scheduler_job.py:639} INFO - DAG(s) dict_keys(['latest_only_with_trigger']) retrieved from /home/airflow/.local/lib/python3.6/site-packages/airflow/example_dags/example_latest_only_with_trigger.py
[2022-07-30 21:56:27,716] {logging_mixin.py:104} INFO - [2022-07-30 21:56:27,716] {dag.py:1824} INFO - Sync 1 DAGs
[2022-07-30 21:56:27,764] {logging_mixin.py:104} INFO - [2022-07-30 21:56:27,764] {dag.py:2280} INFO - Setting next_dagrun for latest_only_with_trigger to 2022-07-28 00:00:00+00:00
[2022-07-30 21:56:27,789] {scheduler_job.py:190} INFO - Processing /home/airflow/.local/lib/python3.6/site-packages/airflow/example_dags/example_latest_only_with_trigger.py took 0.159 seconds
[2022-07-30 21:56:58,154] {scheduler_job.py:182} INFO - Started process (PID=130) to work on /home/airflow/.local/lib/python3.6/site-packages/airflow/example_dags/example_latest_only_with_trigger.py
[2022-07-30 21:56:58,162] {scheduler_job.py:629} INFO - Processing file /home/airflow/.local/lib/python3.6/site-packages/airflow/example_dags/example_latest_only_with_trigger.py for tasks to queue
[2022-07-30 21:56:58,167] {logging_mixin.py:104} INFO - [2022-07-30 21:56:58,166] {dagbag.py:451} INFO - Filling up the DagBag from /home/airflow/.local/lib/python3.6/site-packages/airflow/example_dags/example_latest_only_with_trigger.py
[2022-07-30 21:56:58,210] {scheduler_job.py:639} INFO - DAG(s) dict_keys(['latest_only_with_trigger']) retrieved from /home/airflow/.local/lib/python3.6/site-packages/airflow/example_dags/example_latest_only_with_trigger.py
[2022-07-30 21:56:58,284] {logging_mixin.py:104} INFO - [2022-07-30 21:56:58,283] {dag.py:1824} INFO - Sync 1 DAGs
[2022-07-30 21:56:58,348] {logging_mixin.py:104} INFO - [2022-07-30 21:56:58,348] {dag.py:2280} INFO - Setting next_dagrun for latest_only_with_trigger to 2022-07-28 00:00:00+00:00
[2022-07-30 21:56:58,384] {scheduler_job.py:190} INFO - Processing /home/airflow/.local/lib/python3.6/site-packages/airflow/example_dags/example_latest_only_with_trigger.py took 0.245 seconds
[2022-07-30 21:57:29,312] {scheduler_job.py:182} INFO - Started process (PID=156) to work on /home/airflow/.local/lib/python3.6/site-packages/airflow/example_dags/example_latest_only_with_trigger.py
[2022-07-30 21:57:29,320] {scheduler_job.py:629} INFO - Processing file /home/airflow/.local/lib/python3.6/site-packages/airflow/example_dags/example_latest_only_with_trigger.py for tasks to queue
[2022-07-30 21:57:29,324] {logging_mixin.py:104} INFO - [2022-07-30 21:57:29,324] {dagbag.py:451} INFO - Filling up the DagBag from /home/airflow/.local/lib/python3.6/site-packages/airflow/example_dags/example_latest_only_with_trigger.py
[2022-07-30 21:57:29,373] {scheduler_job.py:639} INFO - DAG(s) dict_keys(['latest_only_with_trigger']) retrieved from /home/airflow/.local/lib/python3.6/site-packages/airflow/example_dags/example_latest_only_with_trigger.py
[2022-07-30 21:57:29,432] {logging_mixin.py:104} INFO - [2022-07-30 21:57:29,431] {dag.py:1824} INFO - Sync 1 DAGs
[2022-07-30 21:57:29,488] {logging_mixin.py:104} INFO - [2022-07-30 21:57:29,488] {dag.py:2280} INFO - Setting next_dagrun for latest_only_with_trigger to 2022-07-28 00:00:00+00:00
[2022-07-30 21:57:29,508] {scheduler_job.py:190} INFO - Processing /home/airflow/.local/lib/python3.6/site-packages/airflow/example_dags/example_latest_only_with_trigger.py took 0.212 seconds
[2022-07-30 21:58:00,391] {scheduler_job.py:182} INFO - Started process (PID=182) to work on /home/airflow/.local/lib/python3.6/site-packages/airflow/example_dags/example_latest_only_with_trigger.py
[2022-07-30 21:58:00,398] {scheduler_job.py:629} INFO - Processing file /home/airflow/.local/lib/python3.6/site-packages/airflow/example_dags/example_latest_only_with_trigger.py for tasks to queue
[2022-07-30 21:58:00,401] {logging_mixin.py:104} INFO - [2022-07-30 21:58:00,400] {dagbag.py:451} INFO - Filling up the DagBag from /home/airflow/.local/lib/python3.6/site-packages/airflow/example_dags/example_latest_only_with_trigger.py
[2022-07-30 21:58:00,449] {scheduler_job.py:639} INFO - DAG(s) dict_keys(['latest_only_with_trigger']) retrieved from /home/airflow/.local/lib/python3.6/site-packages/airflow/example_dags/example_latest_only_with_trigger.py
[2022-07-30 21:58:00,493] {logging_mixin.py:104} INFO - [2022-07-30 21:58:00,492] {dag.py:1824} INFO - Sync 1 DAGs
[2022-07-30 21:58:00,525] {logging_mixin.py:104} INFO - [2022-07-30 21:58:00,525] {dag.py:2280} INFO - Setting next_dagrun for latest_only_with_trigger to 2022-07-28 00:00:00+00:00
[2022-07-30 21:58:00,542] {scheduler_job.py:190} INFO - Processing /home/airflow/.local/lib/python3.6/site-packages/airflow/example_dags/example_latest_only_with_trigger.py took 0.165 seconds
[2022-07-30 21:58:31,296] {scheduler_job.py:182} INFO - Started process (PID=208) to work on /home/airflow/.local/lib/python3.6/site-packages/airflow/example_dags/example_latest_only_with_trigger.py
[2022-07-30 21:58:31,308] {scheduler_job.py:629} INFO - Processing file /home/airflow/.local/lib/python3.6/site-packages/airflow/example_dags/example_latest_only_with_trigger.py for tasks to queue
[2022-07-30 21:58:31,324] {logging_mixin.py:104} INFO - [2022-07-30 21:58:31,324] {dagbag.py:451} INFO - Filling up the DagBag from /home/airflow/.local/lib/python3.6/site-packages/airflow/example_dags/example_latest_only_with_trigger.py
[2022-07-30 21:58:31,401] {scheduler_job.py:639} INFO - DAG(s) dict_keys(['latest_only_with_trigger']) retrieved from /home/airflow/.local/lib/python3.6/site-packages/airflow/example_dags/example_latest_only_with_trigger.py
[2022-07-30 21:58:31,546] {logging_mixin.py:104} INFO - [2022-07-30 21:58:31,546] {dag.py:1824} INFO - Sync 1 DAGs
[2022-07-30 21:58:31,645] {logging_mixin.py:104} INFO - [2022-07-30 21:58:31,645] {dag.py:2280} INFO - Setting next_dagrun for latest_only_with_trigger to 2022-07-28 00:00:00+00:00
[2022-07-30 21:58:31,702] {scheduler_job.py:190} INFO - Processing /home/airflow/.local/lib/python3.6/site-packages/airflow/example_dags/example_latest_only_with_trigger.py took 0.409 seconds
[2022-07-30 21:59:02,516] {scheduler_job.py:182} INFO - Started process (PID=234) to work on /home/airflow/.local/lib/python3.6/site-packages/airflow/example_dags/example_latest_only_with_trigger.py
[2022-07-30 21:59:02,519] {scheduler_job.py:629} INFO - Processing file /home/airflow/.local/lib/python3.6/site-packages/airflow/example_dags/example_latest_only_with_trigger.py for tasks to queue
[2022-07-30 21:59:02,521] {logging_mixin.py:104} INFO - [2022-07-30 21:59:02,520] {dagbag.py:451} INFO - Filling up the DagBag from /home/airflow/.local/lib/python3.6/site-packages/airflow/example_dags/example_latest_only_with_trigger.py
[2022-07-30 21:59:02,546] {scheduler_job.py:639} INFO - DAG(s) dict_keys(['latest_only_with_trigger']) retrieved from /home/airflow/.local/lib/python3.6/site-packages/airflow/example_dags/example_latest_only_with_trigger.py
[2022-07-30 21:59:02,604] {logging_mixin.py:104} INFO - [2022-07-30 21:59:02,603] {dag.py:1824} INFO - Sync 1 DAGs
[2022-07-30 21:59:02,637] {logging_mixin.py:104} INFO - [2022-07-30 21:59:02,637] {dag.py:2280} INFO - Setting next_dagrun for latest_only_with_trigger to 2022-07-28 00:00:00+00:00
[2022-07-30 21:59:02,663] {scheduler_job.py:190} INFO - Processing /home/airflow/.local/lib/python3.6/site-packages/airflow/example_dags/example_latest_only_with_trigger.py took 0.155 seconds
[2022-07-30 21:59:33,297] {scheduler_job.py:182} INFO - Started process (PID=260) to work on /home/airflow/.local/lib/python3.6/site-packages/airflow/example_dags/example_latest_only_with_trigger.py
[2022-07-30 21:59:33,303] {scheduler_job.py:629} INFO - Processing file /home/airflow/.local/lib/python3.6/site-packages/airflow/example_dags/example_latest_only_with_trigger.py for tasks to queue
[2022-07-30 21:59:33,308] {logging_mixin.py:104} INFO - [2022-07-30 21:59:33,307] {dagbag.py:451} INFO - Filling up the DagBag from /home/airflow/.local/lib/python3.6/site-packages/airflow/example_dags/example_latest_only_with_trigger.py
[2022-07-30 21:59:33,346] {scheduler_job.py:639} INFO - DAG(s) dict_keys(['latest_only_with_trigger']) retrieved from /home/airflow/.local/lib/python3.6/site-packages/airflow/example_dags/example_latest_only_with_trigger.py
[2022-07-30 21:59:33,389] {logging_mixin.py:104} INFO - [2022-07-30 21:59:33,389] {dag.py:1824} INFO - Sync 1 DAGs
[2022-07-30 21:59:33,414] {logging_mixin.py:104} INFO - [2022-07-30 21:59:33,414] {dag.py:2280} INFO - Setting next_dagrun for latest_only_with_trigger to 2022-07-28 00:00:00+00:00
[2022-07-30 21:59:33,430] {scheduler_job.py:190} INFO - Processing /home/airflow/.local/lib/python3.6/site-packages/airflow/example_dags/example_latest_only_with_trigger.py took 0.146 seconds
[2022-07-30 22:00:03,715] {scheduler_job.py:182} INFO - Started process (PID=286) to work on /home/airflow/.local/lib/python3.6/site-packages/airflow/example_dags/example_latest_only_with_trigger.py
[2022-07-30 22:00:03,730] {scheduler_job.py:629} INFO - Processing file /home/airflow/.local/lib/python3.6/site-packages/airflow/example_dags/example_latest_only_with_trigger.py for tasks to queue
[2022-07-30 22:00:03,736] {logging_mixin.py:104} INFO - [2022-07-30 22:00:03,736] {dagbag.py:451} INFO - Filling up the DagBag from /home/airflow/.local/lib/python3.6/site-packages/airflow/example_dags/example_latest_only_with_trigger.py
[2022-07-30 22:00:03,828] {scheduler_job.py:639} INFO - DAG(s) dict_keys(['latest_only_with_trigger']) retrieved from /home/airflow/.local/lib/python3.6/site-packages/airflow/example_dags/example_latest_only_with_trigger.py
[2022-07-30 22:00:03,946] {logging_mixin.py:104} INFO - [2022-07-30 22:00:03,946] {dag.py:1824} INFO - Sync 1 DAGs
[2022-07-30 22:00:04,009] {logging_mixin.py:104} INFO - [2022-07-30 22:00:04,009] {dag.py:2280} INFO - Setting next_dagrun for latest_only_with_trigger to 2022-07-28 00:00:00+00:00
[2022-07-30 22:00:04,041] {scheduler_job.py:190} INFO - Processing /home/airflow/.local/lib/python3.6/site-packages/airflow/example_dags/example_latest_only_with_trigger.py took 0.340 seconds
[2022-07-30 22:00:34,763] {scheduler_job.py:182} INFO - Started process (PID=312) to work on /home/airflow/.local/lib/python3.6/site-packages/airflow/example_dags/example_latest_only_with_trigger.py
[2022-07-30 22:00:34,766] {scheduler_job.py:629} INFO - Processing file /home/airflow/.local/lib/python3.6/site-packages/airflow/example_dags/example_latest_only_with_trigger.py for tasks to queue
[2022-07-30 22:00:34,767] {logging_mixin.py:104} INFO - [2022-07-30 22:00:34,767] {dagbag.py:451} INFO - Filling up the DagBag from /home/airflow/.local/lib/python3.6/site-packages/airflow/example_dags/example_latest_only_with_trigger.py
[2022-07-30 22:00:34,786] {scheduler_job.py:639} INFO - DAG(s) dict_keys(['latest_only_with_trigger']) retrieved from /home/airflow/.local/lib/python3.6/site-packages/airflow/example_dags/example_latest_only_with_trigger.py
[2022-07-30 22:00:34,824] {logging_mixin.py:104} INFO - [2022-07-30 22:00:34,824] {dag.py:1824} INFO - Sync 1 DAGs
[2022-07-30 22:00:34,844] {logging_mixin.py:104} INFO - [2022-07-30 22:00:34,843] {dag.py:2280} INFO - Setting next_dagrun for latest_only_with_trigger to 2022-07-28 00:00:00+00:00
[2022-07-30 22:00:34,859] {scheduler_job.py:190} INFO - Processing /home/airflow/.local/lib/python3.6/site-packages/airflow/example_dags/example_latest_only_with_trigger.py took 0.100 seconds
[2022-07-30 22:01:05,123] {scheduler_job.py:182} INFO - Started process (PID=338) to work on /home/airflow/.local/lib/python3.6/site-packages/airflow/example_dags/example_latest_only_with_trigger.py
[2022-07-30 22:01:05,126] {scheduler_job.py:629} INFO - Processing file /home/airflow/.local/lib/python3.6/site-packages/airflow/example_dags/example_latest_only_with_trigger.py for tasks to queue
[2022-07-30 22:01:05,128] {logging_mixin.py:104} INFO - [2022-07-30 22:01:05,128] {dagbag.py:451} INFO - Filling up the DagBag from /home/airflow/.local/lib/python3.6/site-packages/airflow/example_dags/example_latest_only_with_trigger.py
[2022-07-30 22:01:05,154] {scheduler_job.py:639} INFO - DAG(s) dict_keys(['latest_only_with_trigger']) retrieved from /home/airflow/.local/lib/python3.6/site-packages/airflow/example_dags/example_latest_only_with_trigger.py
[2022-07-30 22:01:05,204] {logging_mixin.py:104} INFO - [2022-07-30 22:01:05,203] {dag.py:1824} INFO - Sync 1 DAGs
[2022-07-30 22:01:05,270] {logging_mixin.py:104} INFO - [2022-07-30 22:01:05,269] {dag.py:2280} INFO - Setting next_dagrun for latest_only_with_trigger to 2022-07-28 00:00:00+00:00
[2022-07-30 22:01:05,295] {scheduler_job.py:190} INFO - Processing /home/airflow/.local/lib/python3.6/site-packages/airflow/example_dags/example_latest_only_with_trigger.py took 0.179 seconds
[2022-07-30 22:01:35,848] {scheduler_job.py:182} INFO - Started process (PID=364) to work on /home/airflow/.local/lib/python3.6/site-packages/airflow/example_dags/example_latest_only_with_trigger.py
[2022-07-30 22:01:35,851] {scheduler_job.py:629} INFO - Processing file /home/airflow/.local/lib/python3.6/site-packages/airflow/example_dags/example_latest_only_with_trigger.py for tasks to queue
[2022-07-30 22:01:35,852] {logging_mixin.py:104} INFO - [2022-07-30 22:01:35,852] {dagbag.py:451} INFO - Filling up the DagBag from /home/airflow/.local/lib/python3.6/site-packages/airflow/example_dags/example_latest_only_with_trigger.py
[2022-07-30 22:01:35,899] {scheduler_job.py:639} INFO - DAG(s) dict_keys(['latest_only_with_trigger']) retrieved from /home/airflow/.local/lib/python3.6/site-packages/airflow/example_dags/example_latest_only_with_trigger.py
[2022-07-30 22:01:35,933] {logging_mixin.py:104} INFO - [2022-07-30 22:01:35,933] {dag.py:1824} INFO - Sync 1 DAGs
[2022-07-30 22:01:35,958] {logging_mixin.py:104} INFO - [2022-07-30 22:01:35,958] {dag.py:2280} INFO - Setting next_dagrun for latest_only_with_trigger to 2022-07-28 00:00:00+00:00
[2022-07-30 22:01:35,986] {scheduler_job.py:190} INFO - Processing /home/airflow/.local/lib/python3.6/site-packages/airflow/example_dags/example_latest_only_with_trigger.py took 0.143 seconds
[2022-07-30 22:02:06,548] {scheduler_job.py:182} INFO - Started process (PID=390) to work on /home/airflow/.local/lib/python3.6/site-packages/airflow/example_dags/example_latest_only_with_trigger.py
[2022-07-30 22:02:06,552] {scheduler_job.py:629} INFO - Processing file /home/airflow/.local/lib/python3.6/site-packages/airflow/example_dags/example_latest_only_with_trigger.py for tasks to queue
[2022-07-30 22:02:06,556] {logging_mixin.py:104} INFO - [2022-07-30 22:02:06,556] {dagbag.py:451} INFO - Filling up the DagBag from /home/airflow/.local/lib/python3.6/site-packages/airflow/example_dags/example_latest_only_with_trigger.py
[2022-07-30 22:02:06,593] {scheduler_job.py:639} INFO - DAG(s) dict_keys(['latest_only_with_trigger']) retrieved from /home/airflow/.local/lib/python3.6/site-packages/airflow/example_dags/example_latest_only_with_trigger.py
[2022-07-30 22:02:06,652] {logging_mixin.py:104} INFO - [2022-07-30 22:02:06,652] {dag.py:1824} INFO - Sync 1 DAGs
[2022-07-30 22:02:06,684] {logging_mixin.py:104} INFO - [2022-07-30 22:02:06,683] {dag.py:2280} INFO - Setting next_dagrun for latest_only_with_trigger to 2022-07-28 00:00:00+00:00
[2022-07-30 22:02:06,712] {scheduler_job.py:190} INFO - Processing /home/airflow/.local/lib/python3.6/site-packages/airflow/example_dags/example_latest_only_with_trigger.py took 0.173 seconds
[2022-07-30 22:02:36,820] {scheduler_job.py:182} INFO - Started process (PID=416) to work on /home/airflow/.local/lib/python3.6/site-packages/airflow/example_dags/example_latest_only_with_trigger.py
[2022-07-30 22:02:36,830] {scheduler_job.py:629} INFO - Processing file /home/airflow/.local/lib/python3.6/site-packages/airflow/example_dags/example_latest_only_with_trigger.py for tasks to queue
[2022-07-30 22:02:36,831] {logging_mixin.py:104} INFO - [2022-07-30 22:02:36,831] {dagbag.py:451} INFO - Filling up the DagBag from /home/airflow/.local/lib/python3.6/site-packages/airflow/example_dags/example_latest_only_with_trigger.py
[2022-07-30 22:02:36,848] {scheduler_job.py:639} INFO - DAG(s) dict_keys(['latest_only_with_trigger']) retrieved from /home/airflow/.local/lib/python3.6/site-packages/airflow/example_dags/example_latest_only_with_trigger.py
[2022-07-30 22:02:36,885] {logging_mixin.py:104} INFO - [2022-07-30 22:02:36,885] {dag.py:1824} INFO - Sync 1 DAGs
[2022-07-30 22:02:36,907] {logging_mixin.py:104} INFO - [2022-07-30 22:02:36,907] {dag.py:2280} INFO - Setting next_dagrun for latest_only_with_trigger to 2022-07-28 00:00:00+00:00
[2022-07-30 22:02:36,942] {scheduler_job.py:190} INFO - Processing /home/airflow/.local/lib/python3.6/site-packages/airflow/example_dags/example_latest_only_with_trigger.py took 0.128 seconds
[2022-07-30 22:03:07,542] {scheduler_job.py:182} INFO - Started process (PID=442) to work on /home/airflow/.local/lib/python3.6/site-packages/airflow/example_dags/example_latest_only_with_trigger.py
[2022-07-30 22:03:07,545] {scheduler_job.py:629} INFO - Processing file /home/airflow/.local/lib/python3.6/site-packages/airflow/example_dags/example_latest_only_with_trigger.py for tasks to queue
[2022-07-30 22:03:07,552] {logging_mixin.py:104} INFO - [2022-07-30 22:03:07,547] {dagbag.py:451} INFO - Filling up the DagBag from /home/airflow/.local/lib/python3.6/site-packages/airflow/example_dags/example_latest_only_with_trigger.py
[2022-07-30 22:03:07,576] {scheduler_job.py:639} INFO - DAG(s) dict_keys(['latest_only_with_trigger']) retrieved from /home/airflow/.local/lib/python3.6/site-packages/airflow/example_dags/example_latest_only_with_trigger.py
[2022-07-30 22:03:07,649] {logging_mixin.py:104} INFO - [2022-07-30 22:03:07,649] {dag.py:1824} INFO - Sync 1 DAGs
[2022-07-30 22:03:07,689] {logging_mixin.py:104} INFO - [2022-07-30 22:03:07,689] {dag.py:2280} INFO - Setting next_dagrun for latest_only_with_trigger to 2022-07-28 00:00:00+00:00
[2022-07-30 22:03:07,722] {scheduler_job.py:190} INFO - Processing /home/airflow/.local/lib/python3.6/site-packages/airflow/example_dags/example_latest_only_with_trigger.py took 0.186 seconds
[2022-07-30 22:03:37,783] {scheduler_job.py:182} INFO - Started process (PID=468) to work on /home/airflow/.local/lib/python3.6/site-packages/airflow/example_dags/example_latest_only_with_trigger.py
[2022-07-30 22:03:37,786] {scheduler_job.py:629} INFO - Processing file /home/airflow/.local/lib/python3.6/site-packages/airflow/example_dags/example_latest_only_with_trigger.py for tasks to queue
[2022-07-30 22:03:37,788] {logging_mixin.py:104} INFO - [2022-07-30 22:03:37,787] {dagbag.py:451} INFO - Filling up the DagBag from /home/airflow/.local/lib/python3.6/site-packages/airflow/example_dags/example_latest_only_with_trigger.py
[2022-07-30 22:03:37,801] {scheduler_job.py:639} INFO - DAG(s) dict_keys(['latest_only_with_trigger']) retrieved from /home/airflow/.local/lib/python3.6/site-packages/airflow/example_dags/example_latest_only_with_trigger.py
[2022-07-30 22:03:37,835] {logging_mixin.py:104} INFO - [2022-07-30 22:03:37,835] {dag.py:1824} INFO - Sync 1 DAGs
[2022-07-30 22:03:37,859] {logging_mixin.py:104} INFO - [2022-07-30 22:03:37,859] {dag.py:2280} INFO - Setting next_dagrun for latest_only_with_trigger to 2022-07-28 00:00:00+00:00
[2022-07-30 22:03:37,880] {scheduler_job.py:190} INFO - Processing /home/airflow/.local/lib/python3.6/site-packages/airflow/example_dags/example_latest_only_with_trigger.py took 0.100 seconds
[2022-07-30 22:04:10,623] {scheduler_job.py:182} INFO - Started process (PID=493) to work on /home/airflow/.local/lib/python3.6/site-packages/airflow/example_dags/example_latest_only_with_trigger.py
[2022-07-30 22:04:10,626] {scheduler_job.py:629} INFO - Processing file /home/airflow/.local/lib/python3.6/site-packages/airflow/example_dags/example_latest_only_with_trigger.py for tasks to queue
[2022-07-30 22:04:10,627] {logging_mixin.py:104} INFO - [2022-07-30 22:04:10,627] {dagbag.py:451} INFO - Filling up the DagBag from /home/airflow/.local/lib/python3.6/site-packages/airflow/example_dags/example_latest_only_with_trigger.py
[2022-07-30 22:04:10,662] {scheduler_job.py:639} INFO - DAG(s) dict_keys(['latest_only_with_trigger']) retrieved from /home/airflow/.local/lib/python3.6/site-packages/airflow/example_dags/example_latest_only_with_trigger.py
[2022-07-30 22:04:10,765] {logging_mixin.py:104} INFO - [2022-07-30 22:04:10,765] {dag.py:1824} INFO - Sync 1 DAGs
[2022-07-30 22:04:10,826] {logging_mixin.py:104} INFO - [2022-07-30 22:04:10,826] {dag.py:2280} INFO - Setting next_dagrun for latest_only_with_trigger to 2022-07-28 00:00:00+00:00
[2022-07-30 22:04:10,863] {scheduler_job.py:190} INFO - Processing /home/airflow/.local/lib/python3.6/site-packages/airflow/example_dags/example_latest_only_with_trigger.py took 0.245 seconds
[2022-07-30 22:04:41,756] {scheduler_job.py:182} INFO - Started process (PID=519) to work on /home/airflow/.local/lib/python3.6/site-packages/airflow/example_dags/example_latest_only_with_trigger.py
[2022-07-30 22:04:41,779] {scheduler_job.py:629} INFO - Processing file /home/airflow/.local/lib/python3.6/site-packages/airflow/example_dags/example_latest_only_with_trigger.py for tasks to queue
[2022-07-30 22:04:41,795] {logging_mixin.py:104} INFO - [2022-07-30 22:04:41,795] {dagbag.py:451} INFO - Filling up the DagBag from /home/airflow/.local/lib/python3.6/site-packages/airflow/example_dags/example_latest_only_with_trigger.py
[2022-07-30 22:04:41,907] {scheduler_job.py:639} INFO - DAG(s) dict_keys(['latest_only_with_trigger']) retrieved from /home/airflow/.local/lib/python3.6/site-packages/airflow/example_dags/example_latest_only_with_trigger.py
[2022-07-30 22:04:42,100] {logging_mixin.py:104} INFO - [2022-07-30 22:04:42,099] {dag.py:1824} INFO - Sync 1 DAGs
[2022-07-30 22:04:42,182] {logging_mixin.py:104} INFO - [2022-07-30 22:04:42,181] {dag.py:2280} INFO - Setting next_dagrun for latest_only_with_trigger to 2022-07-28 00:00:00+00:00
[2022-07-30 22:04:42,288] {scheduler_job.py:190} INFO - Processing /home/airflow/.local/lib/python3.6/site-packages/airflow/example_dags/example_latest_only_with_trigger.py took 0.549 seconds
[2022-07-30 22:05:13,054] {scheduler_job.py:182} INFO - Started process (PID=545) to work on /home/airflow/.local/lib/python3.6/site-packages/airflow/example_dags/example_latest_only_with_trigger.py
[2022-07-30 22:05:13,056] {scheduler_job.py:629} INFO - Processing file /home/airflow/.local/lib/python3.6/site-packages/airflow/example_dags/example_latest_only_with_trigger.py for tasks to queue
[2022-07-30 22:05:13,057] {logging_mixin.py:104} INFO - [2022-07-30 22:05:13,057] {dagbag.py:451} INFO - Filling up the DagBag from /home/airflow/.local/lib/python3.6/site-packages/airflow/example_dags/example_latest_only_with_trigger.py
[2022-07-30 22:05:13,073] {scheduler_job.py:639} INFO - DAG(s) dict_keys(['latest_only_with_trigger']) retrieved from /home/airflow/.local/lib/python3.6/site-packages/airflow/example_dags/example_latest_only_with_trigger.py
[2022-07-30 22:05:13,107] {logging_mixin.py:104} INFO - [2022-07-30 22:05:13,106] {dag.py:1824} INFO - Sync 1 DAGs
[2022-07-30 22:05:13,131] {logging_mixin.py:104} INFO - [2022-07-30 22:05:13,131] {dag.py:2280} INFO - Setting next_dagrun for latest_only_with_trigger to 2022-07-28 00:00:00+00:00
[2022-07-30 22:05:13,150] {scheduler_job.py:190} INFO - Processing /home/airflow/.local/lib/python3.6/site-packages/airflow/example_dags/example_latest_only_with_trigger.py took 0.101 seconds
[2022-07-30 22:05:43,201] {scheduler_job.py:182} INFO - Started process (PID=569) to work on /home/airflow/.local/lib/python3.6/site-packages/airflow/example_dags/example_latest_only_with_trigger.py
[2022-07-30 22:05:43,203] {scheduler_job.py:629} INFO - Processing file /home/airflow/.local/lib/python3.6/site-packages/airflow/example_dags/example_latest_only_with_trigger.py for tasks to queue
[2022-07-30 22:05:43,204] {logging_mixin.py:104} INFO - [2022-07-30 22:05:43,204] {dagbag.py:451} INFO - Filling up the DagBag from /home/airflow/.local/lib/python3.6/site-packages/airflow/example_dags/example_latest_only_with_trigger.py
[2022-07-30 22:05:43,217] {scheduler_job.py:639} INFO - DAG(s) dict_keys(['latest_only_with_trigger']) retrieved from /home/airflow/.local/lib/python3.6/site-packages/airflow/example_dags/example_latest_only_with_trigger.py
[2022-07-30 22:05:43,247] {logging_mixin.py:104} INFO - [2022-07-30 22:05:43,247] {dag.py:1824} INFO - Sync 1 DAGs
[2022-07-30 22:05:43,267] {logging_mixin.py:104} INFO - [2022-07-30 22:05:43,267] {dag.py:2280} INFO - Setting next_dagrun for latest_only_with_trigger to 2022-07-28 00:00:00+00:00
[2022-07-30 22:05:43,280] {scheduler_job.py:190} INFO - Processing /home/airflow/.local/lib/python3.6/site-packages/airflow/example_dags/example_latest_only_with_trigger.py took 0.084 seconds
[2022-07-30 22:06:14,915] {scheduler_job.py:182} INFO - Started process (PID=596) to work on /home/airflow/.local/lib/python3.6/site-packages/airflow/example_dags/example_latest_only_with_trigger.py
[2022-07-30 22:06:14,928] {scheduler_job.py:629} INFO - Processing file /home/airflow/.local/lib/python3.6/site-packages/airflow/example_dags/example_latest_only_with_trigger.py for tasks to queue
[2022-07-30 22:06:14,930] {logging_mixin.py:104} INFO - [2022-07-30 22:06:14,930] {dagbag.py:451} INFO - Filling up the DagBag from /home/airflow/.local/lib/python3.6/site-packages/airflow/example_dags/example_latest_only_with_trigger.py
[2022-07-30 22:06:14,965] {scheduler_job.py:639} INFO - DAG(s) dict_keys(['latest_only_with_trigger']) retrieved from /home/airflow/.local/lib/python3.6/site-packages/airflow/example_dags/example_latest_only_with_trigger.py
[2022-07-30 22:06:15,058] {logging_mixin.py:104} INFO - [2022-07-30 22:06:15,058] {dag.py:1824} INFO - Sync 1 DAGs
[2022-07-30 22:06:15,135] {logging_mixin.py:104} INFO - [2022-07-30 22:06:15,135] {dag.py:2280} INFO - Setting next_dagrun for latest_only_with_trigger to 2022-07-28 00:00:00+00:00
[2022-07-30 22:06:15,179] {scheduler_job.py:190} INFO - Processing /home/airflow/.local/lib/python3.6/site-packages/airflow/example_dags/example_latest_only_with_trigger.py took 0.271 seconds
[2022-07-30 22:06:45,460] {scheduler_job.py:182} INFO - Started process (PID=620) to work on /home/airflow/.local/lib/python3.6/site-packages/airflow/example_dags/example_latest_only_with_trigger.py
[2022-07-30 22:06:45,463] {scheduler_job.py:629} INFO - Processing file /home/airflow/.local/lib/python3.6/site-packages/airflow/example_dags/example_latest_only_with_trigger.py for tasks to queue
[2022-07-30 22:06:45,465] {logging_mixin.py:104} INFO - [2022-07-30 22:06:45,464] {dagbag.py:451} INFO - Filling up the DagBag from /home/airflow/.local/lib/python3.6/site-packages/airflow/example_dags/example_latest_only_with_trigger.py
[2022-07-30 22:06:45,480] {scheduler_job.py:639} INFO - DAG(s) dict_keys(['latest_only_with_trigger']) retrieved from /home/airflow/.local/lib/python3.6/site-packages/airflow/example_dags/example_latest_only_with_trigger.py
[2022-07-30 22:06:45,515] {logging_mixin.py:104} INFO - [2022-07-30 22:06:45,515] {dag.py:1824} INFO - Sync 1 DAGs
[2022-07-30 22:06:45,539] {logging_mixin.py:104} INFO - [2022-07-30 22:06:45,538] {dag.py:2280} INFO - Setting next_dagrun for latest_only_with_trigger to 2022-07-28 00:00:00+00:00
[2022-07-30 22:06:45,571] {scheduler_job.py:190} INFO - Processing /home/airflow/.local/lib/python3.6/site-packages/airflow/example_dags/example_latest_only_with_trigger.py took 0.116 seconds
[2022-07-30 22:07:15,949] {scheduler_job.py:182} INFO - Started process (PID=646) to work on /home/airflow/.local/lib/python3.6/site-packages/airflow/example_dags/example_latest_only_with_trigger.py
[2022-07-30 22:07:15,952] {scheduler_job.py:629} INFO - Processing file /home/airflow/.local/lib/python3.6/site-packages/airflow/example_dags/example_latest_only_with_trigger.py for tasks to queue
[2022-07-30 22:07:15,953] {logging_mixin.py:104} INFO - [2022-07-30 22:07:15,953] {dagbag.py:451} INFO - Filling up the DagBag from /home/airflow/.local/lib/python3.6/site-packages/airflow/example_dags/example_latest_only_with_trigger.py
[2022-07-30 22:07:15,970] {scheduler_job.py:639} INFO - DAG(s) dict_keys(['latest_only_with_trigger']) retrieved from /home/airflow/.local/lib/python3.6/site-packages/airflow/example_dags/example_latest_only_with_trigger.py
[2022-07-30 22:07:16,007] {logging_mixin.py:104} INFO - [2022-07-30 22:07:16,007] {dag.py:1824} INFO - Sync 1 DAGs
[2022-07-30 22:07:16,031] {logging_mixin.py:104} INFO - [2022-07-30 22:07:16,031] {dag.py:2280} INFO - Setting next_dagrun for latest_only_with_trigger to 2022-07-28 00:00:00+00:00
[2022-07-30 22:07:16,047] {scheduler_job.py:190} INFO - Processing /home/airflow/.local/lib/python3.6/site-packages/airflow/example_dags/example_latest_only_with_trigger.py took 0.103 seconds
[2022-07-30 22:07:47,214] {scheduler_job.py:182} INFO - Started process (PID=674) to work on /home/airflow/.local/lib/python3.6/site-packages/airflow/example_dags/example_latest_only_with_trigger.py
[2022-07-30 22:07:47,222] {scheduler_job.py:629} INFO - Processing file /home/airflow/.local/lib/python3.6/site-packages/airflow/example_dags/example_latest_only_with_trigger.py for tasks to queue
[2022-07-30 22:07:47,223] {logging_mixin.py:104} INFO - [2022-07-30 22:07:47,223] {dagbag.py:451} INFO - Filling up the DagBag from /home/airflow/.local/lib/python3.6/site-packages/airflow/example_dags/example_latest_only_with_trigger.py
[2022-07-30 22:07:47,249] {scheduler_job.py:639} INFO - DAG(s) dict_keys(['latest_only_with_trigger']) retrieved from /home/airflow/.local/lib/python3.6/site-packages/airflow/example_dags/example_latest_only_with_trigger.py
[2022-07-30 22:07:47,289] {logging_mixin.py:104} INFO - [2022-07-30 22:07:47,289] {dag.py:1824} INFO - Sync 1 DAGs
[2022-07-30 22:07:47,319] {logging_mixin.py:104} INFO - [2022-07-30 22:07:47,319] {dag.py:2280} INFO - Setting next_dagrun for latest_only_with_trigger to 2022-07-28 00:00:00+00:00
[2022-07-30 22:07:47,343] {scheduler_job.py:190} INFO - Processing /home/airflow/.local/lib/python3.6/site-packages/airflow/example_dags/example_latest_only_with_trigger.py took 0.136 seconds
[2022-07-30 22:08:17,856] {scheduler_job.py:182} INFO - Started process (PID=700) to work on /home/airflow/.local/lib/python3.6/site-packages/airflow/example_dags/example_latest_only_with_trigger.py
[2022-07-30 22:08:17,859] {scheduler_job.py:629} INFO - Processing file /home/airflow/.local/lib/python3.6/site-packages/airflow/example_dags/example_latest_only_with_trigger.py for tasks to queue
[2022-07-30 22:08:17,860] {logging_mixin.py:104} INFO - [2022-07-30 22:08:17,860] {dagbag.py:451} INFO - Filling up the DagBag from /home/airflow/.local/lib/python3.6/site-packages/airflow/example_dags/example_latest_only_with_trigger.py
[2022-07-30 22:08:17,880] {scheduler_job.py:639} INFO - DAG(s) dict_keys(['latest_only_with_trigger']) retrieved from /home/airflow/.local/lib/python3.6/site-packages/airflow/example_dags/example_latest_only_with_trigger.py
[2022-07-30 22:08:17,912] {logging_mixin.py:104} INFO - [2022-07-30 22:08:17,912] {dag.py:1824} INFO - Sync 1 DAGs
[2022-07-30 22:08:17,951] {logging_mixin.py:104} INFO - [2022-07-30 22:08:17,950] {dag.py:2280} INFO - Setting next_dagrun for latest_only_with_trigger to 2022-07-28 00:00:00+00:00
[2022-07-30 22:08:17,976] {scheduler_job.py:190} INFO - Processing /home/airflow/.local/lib/python3.6/site-packages/airflow/example_dags/example_latest_only_with_trigger.py took 0.125 seconds
[2022-07-30 22:08:48,200] {scheduler_job.py:182} INFO - Started process (PID=725) to work on /home/airflow/.local/lib/python3.6/site-packages/airflow/example_dags/example_latest_only_with_trigger.py
[2022-07-30 22:08:48,202] {scheduler_job.py:629} INFO - Processing file /home/airflow/.local/lib/python3.6/site-packages/airflow/example_dags/example_latest_only_with_trigger.py for tasks to queue
[2022-07-30 22:08:48,204] {logging_mixin.py:104} INFO - [2022-07-30 22:08:48,204] {dagbag.py:451} INFO - Filling up the DagBag from /home/airflow/.local/lib/python3.6/site-packages/airflow/example_dags/example_latest_only_with_trigger.py
[2022-07-30 22:08:48,224] {scheduler_job.py:639} INFO - DAG(s) dict_keys(['latest_only_with_trigger']) retrieved from /home/airflow/.local/lib/python3.6/site-packages/airflow/example_dags/example_latest_only_with_trigger.py
[2022-07-30 22:08:48,264] {logging_mixin.py:104} INFO - [2022-07-30 22:08:48,263] {dag.py:1824} INFO - Sync 1 DAGs
[2022-07-30 22:08:48,290] {logging_mixin.py:104} INFO - [2022-07-30 22:08:48,290] {dag.py:2280} INFO - Setting next_dagrun for latest_only_with_trigger to 2022-07-28 00:00:00+00:00
[2022-07-30 22:08:48,309] {scheduler_job.py:190} INFO - Processing /home/airflow/.local/lib/python3.6/site-packages/airflow/example_dags/example_latest_only_with_trigger.py took 0.116 seconds
[2022-07-30 22:09:19,705] {scheduler_job.py:182} INFO - Started process (PID=752) to work on /home/airflow/.local/lib/python3.6/site-packages/airflow/example_dags/example_latest_only_with_trigger.py
[2022-07-30 22:09:19,718] {scheduler_job.py:629} INFO - Processing file /home/airflow/.local/lib/python3.6/site-packages/airflow/example_dags/example_latest_only_with_trigger.py for tasks to queue
[2022-07-30 22:09:19,724] {logging_mixin.py:104} INFO - [2022-07-30 22:09:19,724] {dagbag.py:451} INFO - Filling up the DagBag from /home/airflow/.local/lib/python3.6/site-packages/airflow/example_dags/example_latest_only_with_trigger.py
[2022-07-30 22:09:19,784] {scheduler_job.py:639} INFO - DAG(s) dict_keys(['latest_only_with_trigger']) retrieved from /home/airflow/.local/lib/python3.6/site-packages/airflow/example_dags/example_latest_only_with_trigger.py
[2022-07-30 22:09:19,873] {logging_mixin.py:104} INFO - [2022-07-30 22:09:19,873] {dag.py:1824} INFO - Sync 1 DAGs
[2022-07-30 22:09:19,929] {logging_mixin.py:104} INFO - [2022-07-30 22:09:19,929] {dag.py:2280} INFO - Setting next_dagrun for latest_only_with_trigger to 2022-07-28 00:00:00+00:00
[2022-07-30 22:09:19,969] {scheduler_job.py:190} INFO - Processing /home/airflow/.local/lib/python3.6/site-packages/airflow/example_dags/example_latest_only_with_trigger.py took 0.281 seconds
[2022-07-30 22:09:50,129] {scheduler_job.py:182} INFO - Started process (PID=778) to work on /home/airflow/.local/lib/python3.6/site-packages/airflow/example_dags/example_latest_only_with_trigger.py
[2022-07-30 22:09:50,131] {scheduler_job.py:629} INFO - Processing file /home/airflow/.local/lib/python3.6/site-packages/airflow/example_dags/example_latest_only_with_trigger.py for tasks to queue
[2022-07-30 22:09:50,132] {logging_mixin.py:104} INFO - [2022-07-30 22:09:50,132] {dagbag.py:451} INFO - Filling up the DagBag from /home/airflow/.local/lib/python3.6/site-packages/airflow/example_dags/example_latest_only_with_trigger.py
[2022-07-30 22:09:50,150] {scheduler_job.py:639} INFO - DAG(s) dict_keys(['latest_only_with_trigger']) retrieved from /home/airflow/.local/lib/python3.6/site-packages/airflow/example_dags/example_latest_only_with_trigger.py
[2022-07-30 22:09:50,181] {logging_mixin.py:104} INFO - [2022-07-30 22:09:50,180] {dag.py:1824} INFO - Sync 1 DAGs
[2022-07-30 22:09:50,200] {logging_mixin.py:104} INFO - [2022-07-30 22:09:50,199] {dag.py:2280} INFO - Setting next_dagrun for latest_only_with_trigger to 2022-07-28 00:00:00+00:00
[2022-07-30 22:09:50,212] {scheduler_job.py:190} INFO - Processing /home/airflow/.local/lib/python3.6/site-packages/airflow/example_dags/example_latest_only_with_trigger.py took 0.088 seconds
[2022-07-30 22:10:20,549] {scheduler_job.py:182} INFO - Started process (PID=802) to work on /home/airflow/.local/lib/python3.6/site-packages/airflow/example_dags/example_latest_only_with_trigger.py
[2022-07-30 22:10:20,552] {scheduler_job.py:629} INFO - Processing file /home/airflow/.local/lib/python3.6/site-packages/airflow/example_dags/example_latest_only_with_trigger.py for tasks to queue
[2022-07-30 22:10:20,553] {logging_mixin.py:104} INFO - [2022-07-30 22:10:20,553] {dagbag.py:451} INFO - Filling up the DagBag from /home/airflow/.local/lib/python3.6/site-packages/airflow/example_dags/example_latest_only_with_trigger.py
[2022-07-30 22:10:20,569] {scheduler_job.py:639} INFO - DAG(s) dict_keys(['latest_only_with_trigger']) retrieved from /home/airflow/.local/lib/python3.6/site-packages/airflow/example_dags/example_latest_only_with_trigger.py
[2022-07-30 22:10:20,600] {logging_mixin.py:104} INFO - [2022-07-30 22:10:20,600] {dag.py:1824} INFO - Sync 1 DAGs
[2022-07-30 22:10:20,625] {logging_mixin.py:104} INFO - [2022-07-30 22:10:20,625] {dag.py:2280} INFO - Setting next_dagrun for latest_only_with_trigger to 2022-07-28 00:00:00+00:00
[2022-07-30 22:10:20,644] {scheduler_job.py:190} INFO - Processing /home/airflow/.local/lib/python3.6/site-packages/airflow/example_dags/example_latest_only_with_trigger.py took 0.099 seconds
[2022-07-30 22:10:51,113] {scheduler_job.py:182} INFO - Started process (PID=828) to work on /home/airflow/.local/lib/python3.6/site-packages/airflow/example_dags/example_latest_only_with_trigger.py
[2022-07-30 22:10:51,115] {scheduler_job.py:629} INFO - Processing file /home/airflow/.local/lib/python3.6/site-packages/airflow/example_dags/example_latest_only_with_trigger.py for tasks to queue
[2022-07-30 22:10:51,117] {logging_mixin.py:104} INFO - [2022-07-30 22:10:51,116] {dagbag.py:451} INFO - Filling up the DagBag from /home/airflow/.local/lib/python3.6/site-packages/airflow/example_dags/example_latest_only_with_trigger.py
[2022-07-30 22:10:51,131] {scheduler_job.py:639} INFO - DAG(s) dict_keys(['latest_only_with_trigger']) retrieved from /home/airflow/.local/lib/python3.6/site-packages/airflow/example_dags/example_latest_only_with_trigger.py
[2022-07-30 22:10:51,165] {logging_mixin.py:104} INFO - [2022-07-30 22:10:51,165] {dag.py:1824} INFO - Sync 1 DAGs
[2022-07-30 22:10:51,186] {logging_mixin.py:104} INFO - [2022-07-30 22:10:51,186] {dag.py:2280} INFO - Setting next_dagrun for latest_only_with_trigger to 2022-07-28 00:00:00+00:00
[2022-07-30 22:10:51,204] {scheduler_job.py:190} INFO - Processing /home/airflow/.local/lib/python3.6/site-packages/airflow/example_dags/example_latest_only_with_trigger.py took 0.096 seconds
[2022-07-30 22:11:21,593] {scheduler_job.py:182} INFO - Started process (PID=852) to work on /home/airflow/.local/lib/python3.6/site-packages/airflow/example_dags/example_latest_only_with_trigger.py
[2022-07-30 22:11:21,596] {scheduler_job.py:629} INFO - Processing file /home/airflow/.local/lib/python3.6/site-packages/airflow/example_dags/example_latest_only_with_trigger.py for tasks to queue
[2022-07-30 22:11:21,597] {logging_mixin.py:104} INFO - [2022-07-30 22:11:21,597] {dagbag.py:451} INFO - Filling up the DagBag from /home/airflow/.local/lib/python3.6/site-packages/airflow/example_dags/example_latest_only_with_trigger.py
[2022-07-30 22:11:21,616] {scheduler_job.py:639} INFO - DAG(s) dict_keys(['latest_only_with_trigger']) retrieved from /home/airflow/.local/lib/python3.6/site-packages/airflow/example_dags/example_latest_only_with_trigger.py
[2022-07-30 22:11:21,650] {logging_mixin.py:104} INFO - [2022-07-30 22:11:21,650] {dag.py:1824} INFO - Sync 1 DAGs
[2022-07-30 22:11:21,678] {logging_mixin.py:104} INFO - [2022-07-30 22:11:21,678] {dag.py:2280} INFO - Setting next_dagrun for latest_only_with_trigger to 2022-07-28 00:00:00+00:00
[2022-07-30 22:11:21,709] {scheduler_job.py:190} INFO - Processing /home/airflow/.local/lib/python3.6/site-packages/airflow/example_dags/example_latest_only_with_trigger.py took 0.122 seconds
[2022-07-30 22:11:52,348] {scheduler_job.py:182} INFO - Started process (PID=878) to work on /home/airflow/.local/lib/python3.6/site-packages/airflow/example_dags/example_latest_only_with_trigger.py
[2022-07-30 22:11:52,351] {scheduler_job.py:629} INFO - Processing file /home/airflow/.local/lib/python3.6/site-packages/airflow/example_dags/example_latest_only_with_trigger.py for tasks to queue
[2022-07-30 22:11:52,354] {logging_mixin.py:104} INFO - [2022-07-30 22:11:52,354] {dagbag.py:451} INFO - Filling up the DagBag from /home/airflow/.local/lib/python3.6/site-packages/airflow/example_dags/example_latest_only_with_trigger.py
[2022-07-30 22:11:52,386] {scheduler_job.py:639} INFO - DAG(s) dict_keys(['latest_only_with_trigger']) retrieved from /home/airflow/.local/lib/python3.6/site-packages/airflow/example_dags/example_latest_only_with_trigger.py
[2022-07-30 22:11:52,432] {logging_mixin.py:104} INFO - [2022-07-30 22:11:52,431] {dag.py:1824} INFO - Sync 1 DAGs
[2022-07-30 22:11:52,457] {logging_mixin.py:104} INFO - [2022-07-30 22:11:52,457] {dag.py:2280} INFO - Setting next_dagrun for latest_only_with_trigger to 2022-07-28 00:00:00+00:00
[2022-07-30 22:11:52,475] {scheduler_job.py:190} INFO - Processing /home/airflow/.local/lib/python3.6/site-packages/airflow/example_dags/example_latest_only_with_trigger.py took 0.135 seconds
[2022-07-30 22:12:22,640] {scheduler_job.py:182} INFO - Started process (PID=903) to work on /home/airflow/.local/lib/python3.6/site-packages/airflow/example_dags/example_latest_only_with_trigger.py
[2022-07-30 22:12:22,643] {scheduler_job.py:629} INFO - Processing file /home/airflow/.local/lib/python3.6/site-packages/airflow/example_dags/example_latest_only_with_trigger.py for tasks to queue
[2022-07-30 22:12:22,651] {logging_mixin.py:104} INFO - [2022-07-30 22:12:22,649] {dagbag.py:451} INFO - Filling up the DagBag from /home/airflow/.local/lib/python3.6/site-packages/airflow/example_dags/example_latest_only_with_trigger.py
[2022-07-30 22:12:22,678] {scheduler_job.py:639} INFO - DAG(s) dict_keys(['latest_only_with_trigger']) retrieved from /home/airflow/.local/lib/python3.6/site-packages/airflow/example_dags/example_latest_only_with_trigger.py
[2022-07-30 22:12:22,743] {logging_mixin.py:104} INFO - [2022-07-30 22:12:22,743] {dag.py:1824} INFO - Sync 1 DAGs
[2022-07-30 22:12:22,778] {logging_mixin.py:104} INFO - [2022-07-30 22:12:22,778] {dag.py:2280} INFO - Setting next_dagrun for latest_only_with_trigger to 2022-07-28 00:00:00+00:00
[2022-07-30 22:12:22,800] {scheduler_job.py:190} INFO - Processing /home/airflow/.local/lib/python3.6/site-packages/airflow/example_dags/example_latest_only_with_trigger.py took 0.167 seconds
[2022-07-30 22:12:53,019] {scheduler_job.py:182} INFO - Started process (PID=929) to work on /home/airflow/.local/lib/python3.6/site-packages/airflow/example_dags/example_latest_only_with_trigger.py
[2022-07-30 22:12:53,024] {scheduler_job.py:629} INFO - Processing file /home/airflow/.local/lib/python3.6/site-packages/airflow/example_dags/example_latest_only_with_trigger.py for tasks to queue
[2022-07-30 22:12:53,026] {logging_mixin.py:104} INFO - [2022-07-30 22:12:53,026] {dagbag.py:451} INFO - Filling up the DagBag from /home/airflow/.local/lib/python3.6/site-packages/airflow/example_dags/example_latest_only_with_trigger.py
[2022-07-30 22:12:53,058] {scheduler_job.py:639} INFO - DAG(s) dict_keys(['latest_only_with_trigger']) retrieved from /home/airflow/.local/lib/python3.6/site-packages/airflow/example_dags/example_latest_only_with_trigger.py
[2022-07-30 22:12:53,118] {logging_mixin.py:104} INFO - [2022-07-30 22:12:53,118] {dag.py:1824} INFO - Sync 1 DAGs
[2022-07-30 22:12:53,157] {logging_mixin.py:104} INFO - [2022-07-30 22:12:53,156] {dag.py:2280} INFO - Setting next_dagrun for latest_only_with_trigger to 2022-07-28 00:00:00+00:00
[2022-07-30 22:12:53,179] {scheduler_job.py:190} INFO - Processing /home/airflow/.local/lib/python3.6/site-packages/airflow/example_dags/example_latest_only_with_trigger.py took 0.167 seconds
[2022-07-30 22:13:23,444] {scheduler_job.py:182} INFO - Started process (PID=953) to work on /home/airflow/.local/lib/python3.6/site-packages/airflow/example_dags/example_latest_only_with_trigger.py
[2022-07-30 22:13:23,447] {scheduler_job.py:629} INFO - Processing file /home/airflow/.local/lib/python3.6/site-packages/airflow/example_dags/example_latest_only_with_trigger.py for tasks to queue
[2022-07-30 22:13:23,449] {logging_mixin.py:104} INFO - [2022-07-30 22:13:23,449] {dagbag.py:451} INFO - Filling up the DagBag from /home/airflow/.local/lib/python3.6/site-packages/airflow/example_dags/example_latest_only_with_trigger.py
[2022-07-30 22:13:23,492] {scheduler_job.py:639} INFO - DAG(s) dict_keys(['latest_only_with_trigger']) retrieved from /home/airflow/.local/lib/python3.6/site-packages/airflow/example_dags/example_latest_only_with_trigger.py
[2022-07-30 22:13:23,560] {logging_mixin.py:104} INFO - [2022-07-30 22:13:23,560] {dag.py:1824} INFO - Sync 1 DAGs
[2022-07-30 22:13:23,600] {logging_mixin.py:104} INFO - [2022-07-30 22:13:23,600] {dag.py:2280} INFO - Setting next_dagrun for latest_only_with_trigger to 2022-07-28 00:00:00+00:00
[2022-07-30 22:13:23,640] {scheduler_job.py:190} INFO - Processing /home/airflow/.local/lib/python3.6/site-packages/airflow/example_dags/example_latest_only_with_trigger.py took 0.212 seconds
[2022-07-30 22:13:53,898] {scheduler_job.py:182} INFO - Started process (PID=979) to work on /home/airflow/.local/lib/python3.6/site-packages/airflow/example_dags/example_latest_only_with_trigger.py
[2022-07-30 22:13:53,901] {scheduler_job.py:629} INFO - Processing file /home/airflow/.local/lib/python3.6/site-packages/airflow/example_dags/example_latest_only_with_trigger.py for tasks to queue
[2022-07-30 22:13:53,902] {logging_mixin.py:104} INFO - [2022-07-30 22:13:53,902] {dagbag.py:451} INFO - Filling up the DagBag from /home/airflow/.local/lib/python3.6/site-packages/airflow/example_dags/example_latest_only_with_trigger.py
[2022-07-30 22:13:53,927] {scheduler_job.py:639} INFO - DAG(s) dict_keys(['latest_only_with_trigger']) retrieved from /home/airflow/.local/lib/python3.6/site-packages/airflow/example_dags/example_latest_only_with_trigger.py
[2022-07-30 22:13:54,036] {logging_mixin.py:104} INFO - [2022-07-30 22:13:54,036] {dag.py:1824} INFO - Sync 1 DAGs
[2022-07-30 22:13:54,085] {logging_mixin.py:104} INFO - [2022-07-30 22:13:54,085] {dag.py:2280} INFO - Setting next_dagrun for latest_only_with_trigger to 2022-07-28 00:00:00+00:00
[2022-07-30 22:13:54,111] {scheduler_job.py:190} INFO - Processing /home/airflow/.local/lib/python3.6/site-packages/airflow/example_dags/example_latest_only_with_trigger.py took 0.219 seconds
[2022-07-30 22:14:24,635] {scheduler_job.py:182} INFO - Started process (PID=1005) to work on /home/airflow/.local/lib/python3.6/site-packages/airflow/example_dags/example_latest_only_with_trigger.py
[2022-07-30 22:14:24,643] {scheduler_job.py:629} INFO - Processing file /home/airflow/.local/lib/python3.6/site-packages/airflow/example_dags/example_latest_only_with_trigger.py for tasks to queue
[2022-07-30 22:14:24,649] {logging_mixin.py:104} INFO - [2022-07-30 22:14:24,649] {dagbag.py:451} INFO - Filling up the DagBag from /home/airflow/.local/lib/python3.6/site-packages/airflow/example_dags/example_latest_only_with_trigger.py
[2022-07-30 22:14:24,705] {scheduler_job.py:639} INFO - DAG(s) dict_keys(['latest_only_with_trigger']) retrieved from /home/airflow/.local/lib/python3.6/site-packages/airflow/example_dags/example_latest_only_with_trigger.py
[2022-07-30 22:14:24,765] {logging_mixin.py:104} INFO - [2022-07-30 22:14:24,765] {dag.py:1824} INFO - Sync 1 DAGs
[2022-07-30 22:14:24,795] {logging_mixin.py:104} INFO - [2022-07-30 22:14:24,795] {dag.py:2280} INFO - Setting next_dagrun for latest_only_with_trigger to 2022-07-28 00:00:00+00:00
[2022-07-30 22:14:24,813] {scheduler_job.py:190} INFO - Processing /home/airflow/.local/lib/python3.6/site-packages/airflow/example_dags/example_latest_only_with_trigger.py took 0.196 seconds
[2022-07-30 22:14:55,168] {scheduler_job.py:182} INFO - Started process (PID=1031) to work on /home/airflow/.local/lib/python3.6/site-packages/airflow/example_dags/example_latest_only_with_trigger.py
[2022-07-30 22:14:55,175] {scheduler_job.py:629} INFO - Processing file /home/airflow/.local/lib/python3.6/site-packages/airflow/example_dags/example_latest_only_with_trigger.py for tasks to queue
[2022-07-30 22:14:55,180] {logging_mixin.py:104} INFO - [2022-07-30 22:14:55,180] {dagbag.py:451} INFO - Filling up the DagBag from /home/airflow/.local/lib/python3.6/site-packages/airflow/example_dags/example_latest_only_with_trigger.py
[2022-07-30 22:14:55,215] {scheduler_job.py:639} INFO - DAG(s) dict_keys(['latest_only_with_trigger']) retrieved from /home/airflow/.local/lib/python3.6/site-packages/airflow/example_dags/example_latest_only_with_trigger.py
[2022-07-30 22:14:55,248] {logging_mixin.py:104} INFO - [2022-07-30 22:14:55,248] {dag.py:1824} INFO - Sync 1 DAGs
[2022-07-30 22:14:55,272] {logging_mixin.py:104} INFO - [2022-07-30 22:14:55,272] {dag.py:2280} INFO - Setting next_dagrun for latest_only_with_trigger to 2022-07-28 00:00:00+00:00
[2022-07-30 22:14:55,293] {scheduler_job.py:190} INFO - Processing /home/airflow/.local/lib/python3.6/site-packages/airflow/example_dags/example_latest_only_with_trigger.py took 0.148 seconds
[2022-07-30 22:15:26,006] {scheduler_job.py:182} INFO - Started process (PID=1060) to work on /home/airflow/.local/lib/python3.6/site-packages/airflow/example_dags/example_latest_only_with_trigger.py
[2022-07-30 22:15:26,009] {scheduler_job.py:629} INFO - Processing file /home/airflow/.local/lib/python3.6/site-packages/airflow/example_dags/example_latest_only_with_trigger.py for tasks to queue
[2022-07-30 22:15:26,011] {logging_mixin.py:104} INFO - [2022-07-30 22:15:26,010] {dagbag.py:451} INFO - Filling up the DagBag from /home/airflow/.local/lib/python3.6/site-packages/airflow/example_dags/example_latest_only_with_trigger.py
[2022-07-30 22:15:26,037] {scheduler_job.py:639} INFO - DAG(s) dict_keys(['latest_only_with_trigger']) retrieved from /home/airflow/.local/lib/python3.6/site-packages/airflow/example_dags/example_latest_only_with_trigger.py
[2022-07-30 22:15:26,088] {logging_mixin.py:104} INFO - [2022-07-30 22:15:26,088] {dag.py:1824} INFO - Sync 1 DAGs
[2022-07-30 22:15:26,125] {logging_mixin.py:104} INFO - [2022-07-30 22:15:26,125] {dag.py:2280} INFO - Setting next_dagrun for latest_only_with_trigger to 2022-07-28 00:00:00+00:00
[2022-07-30 22:15:26,151] {scheduler_job.py:190} INFO - Processing /home/airflow/.local/lib/python3.6/site-packages/airflow/example_dags/example_latest_only_with_trigger.py took 0.150 seconds
[2022-07-30 22:15:56,207] {scheduler_job.py:182} INFO - Started process (PID=1083) to work on /home/airflow/.local/lib/python3.6/site-packages/airflow/example_dags/example_latest_only_with_trigger.py
[2022-07-30 22:15:56,210] {scheduler_job.py:629} INFO - Processing file /home/airflow/.local/lib/python3.6/site-packages/airflow/example_dags/example_latest_only_with_trigger.py for tasks to queue
[2022-07-30 22:15:56,212] {logging_mixin.py:104} INFO - [2022-07-30 22:15:56,212] {dagbag.py:451} INFO - Filling up the DagBag from /home/airflow/.local/lib/python3.6/site-packages/airflow/example_dags/example_latest_only_with_trigger.py
[2022-07-30 22:15:56,231] {scheduler_job.py:639} INFO - DAG(s) dict_keys(['latest_only_with_trigger']) retrieved from /home/airflow/.local/lib/python3.6/site-packages/airflow/example_dags/example_latest_only_with_trigger.py
[2022-07-30 22:15:56,274] {logging_mixin.py:104} INFO - [2022-07-30 22:15:56,274] {dag.py:1824} INFO - Sync 1 DAGs
[2022-07-30 22:15:56,307] {logging_mixin.py:104} INFO - [2022-07-30 22:15:56,307] {dag.py:2280} INFO - Setting next_dagrun for latest_only_with_trigger to 2022-07-28 00:00:00+00:00
[2022-07-30 22:15:56,333] {scheduler_job.py:190} INFO - Processing /home/airflow/.local/lib/python3.6/site-packages/airflow/example_dags/example_latest_only_with_trigger.py took 0.131 seconds
[2022-07-30 22:16:26,492] {scheduler_job.py:182} INFO - Started process (PID=1109) to work on /home/airflow/.local/lib/python3.6/site-packages/airflow/example_dags/example_latest_only_with_trigger.py
[2022-07-30 22:16:26,495] {scheduler_job.py:629} INFO - Processing file /home/airflow/.local/lib/python3.6/site-packages/airflow/example_dags/example_latest_only_with_trigger.py for tasks to queue
[2022-07-30 22:16:26,496] {logging_mixin.py:104} INFO - [2022-07-30 22:16:26,496] {dagbag.py:451} INFO - Filling up the DagBag from /home/airflow/.local/lib/python3.6/site-packages/airflow/example_dags/example_latest_only_with_trigger.py
[2022-07-30 22:16:26,515] {scheduler_job.py:639} INFO - DAG(s) dict_keys(['latest_only_with_trigger']) retrieved from /home/airflow/.local/lib/python3.6/site-packages/airflow/example_dags/example_latest_only_with_trigger.py
[2022-07-30 22:16:26,572] {logging_mixin.py:104} INFO - [2022-07-30 22:16:26,572] {dag.py:1824} INFO - Sync 1 DAGs
[2022-07-30 22:16:26,628] {logging_mixin.py:104} INFO - [2022-07-30 22:16:26,628] {dag.py:2280} INFO - Setting next_dagrun for latest_only_with_trigger to 2022-07-28 00:00:00+00:00
[2022-07-30 22:16:26,693] {scheduler_job.py:190} INFO - Processing /home/airflow/.local/lib/python3.6/site-packages/airflow/example_dags/example_latest_only_with_trigger.py took 0.205 seconds
[2022-07-30 22:16:56,969] {scheduler_job.py:182} INFO - Started process (PID=1135) to work on /home/airflow/.local/lib/python3.6/site-packages/airflow/example_dags/example_latest_only_with_trigger.py
[2022-07-30 22:16:56,972] {scheduler_job.py:629} INFO - Processing file /home/airflow/.local/lib/python3.6/site-packages/airflow/example_dags/example_latest_only_with_trigger.py for tasks to queue
[2022-07-30 22:16:56,973] {logging_mixin.py:104} INFO - [2022-07-30 22:16:56,973] {dagbag.py:451} INFO - Filling up the DagBag from /home/airflow/.local/lib/python3.6/site-packages/airflow/example_dags/example_latest_only_with_trigger.py
[2022-07-30 22:16:56,991] {scheduler_job.py:639} INFO - DAG(s) dict_keys(['latest_only_with_trigger']) retrieved from /home/airflow/.local/lib/python3.6/site-packages/airflow/example_dags/example_latest_only_with_trigger.py
[2022-07-30 22:16:57,045] {logging_mixin.py:104} INFO - [2022-07-30 22:16:57,045] {dag.py:1824} INFO - Sync 1 DAGs
[2022-07-30 22:16:57,079] {logging_mixin.py:104} INFO - [2022-07-30 22:16:57,079] {dag.py:2280} INFO - Setting next_dagrun for latest_only_with_trigger to 2022-07-28 00:00:00+00:00
[2022-07-30 22:16:57,117] {scheduler_job.py:190} INFO - Processing /home/airflow/.local/lib/python3.6/site-packages/airflow/example_dags/example_latest_only_with_trigger.py took 0.153 seconds
[2022-07-30 22:17:28,737] {scheduler_job.py:182} INFO - Started process (PID=1167) to work on /home/airflow/.local/lib/python3.6/site-packages/airflow/example_dags/example_latest_only_with_trigger.py
[2022-07-30 22:17:28,743] {scheduler_job.py:629} INFO - Processing file /home/airflow/.local/lib/python3.6/site-packages/airflow/example_dags/example_latest_only_with_trigger.py for tasks to queue
[2022-07-30 22:17:28,744] {logging_mixin.py:104} INFO - [2022-07-30 22:17:28,744] {dagbag.py:451} INFO - Filling up the DagBag from /home/airflow/.local/lib/python3.6/site-packages/airflow/example_dags/example_latest_only_with_trigger.py
[2022-07-30 22:17:28,766] {scheduler_job.py:639} INFO - DAG(s) dict_keys(['latest_only_with_trigger']) retrieved from /home/airflow/.local/lib/python3.6/site-packages/airflow/example_dags/example_latest_only_with_trigger.py
[2022-07-30 22:17:28,811] {logging_mixin.py:104} INFO - [2022-07-30 22:17:28,811] {dag.py:1824} INFO - Sync 1 DAGs
[2022-07-30 22:17:28,846] {logging_mixin.py:104} INFO - [2022-07-30 22:17:28,846] {dag.py:2280} INFO - Setting next_dagrun for latest_only_with_trigger to 2022-07-28 00:00:00+00:00
[2022-07-30 22:17:28,878] {scheduler_job.py:190} INFO - Processing /home/airflow/.local/lib/python3.6/site-packages/airflow/example_dags/example_latest_only_with_trigger.py took 0.147 seconds
[2022-07-30 22:17:59,266] {scheduler_job.py:182} INFO - Started process (PID=1192) to work on /home/airflow/.local/lib/python3.6/site-packages/airflow/example_dags/example_latest_only_with_trigger.py
[2022-07-30 22:17:59,268] {scheduler_job.py:629} INFO - Processing file /home/airflow/.local/lib/python3.6/site-packages/airflow/example_dags/example_latest_only_with_trigger.py for tasks to queue
[2022-07-30 22:17:59,270] {logging_mixin.py:104} INFO - [2022-07-30 22:17:59,270] {dagbag.py:451} INFO - Filling up the DagBag from /home/airflow/.local/lib/python3.6/site-packages/airflow/example_dags/example_latest_only_with_trigger.py
[2022-07-30 22:17:59,293] {scheduler_job.py:639} INFO - DAG(s) dict_keys(['latest_only_with_trigger']) retrieved from /home/airflow/.local/lib/python3.6/site-packages/airflow/example_dags/example_latest_only_with_trigger.py
[2022-07-30 22:17:59,336] {logging_mixin.py:104} INFO - [2022-07-30 22:17:59,336] {dag.py:1824} INFO - Sync 1 DAGs
[2022-07-30 22:17:59,379] {logging_mixin.py:104} INFO - [2022-07-30 22:17:59,379] {dag.py:2280} INFO - Setting next_dagrun for latest_only_with_trigger to 2022-07-28 00:00:00+00:00
[2022-07-30 22:17:59,418] {scheduler_job.py:190} INFO - Processing /home/airflow/.local/lib/python3.6/site-packages/airflow/example_dags/example_latest_only_with_trigger.py took 0.159 seconds
[2022-07-30 22:18:30,444] {scheduler_job.py:182} INFO - Started process (PID=1219) to work on /home/airflow/.local/lib/python3.6/site-packages/airflow/example_dags/example_latest_only_with_trigger.py
[2022-07-30 22:18:30,446] {scheduler_job.py:629} INFO - Processing file /home/airflow/.local/lib/python3.6/site-packages/airflow/example_dags/example_latest_only_with_trigger.py for tasks to queue
[2022-07-30 22:18:30,447] {logging_mixin.py:104} INFO - [2022-07-30 22:18:30,447] {dagbag.py:451} INFO - Filling up the DagBag from /home/airflow/.local/lib/python3.6/site-packages/airflow/example_dags/example_latest_only_with_trigger.py
[2022-07-30 22:18:30,475] {scheduler_job.py:639} INFO - DAG(s) dict_keys(['latest_only_with_trigger']) retrieved from /home/airflow/.local/lib/python3.6/site-packages/airflow/example_dags/example_latest_only_with_trigger.py
[2022-07-30 22:18:30,522] {logging_mixin.py:104} INFO - [2022-07-30 22:18:30,521] {dag.py:1824} INFO - Sync 1 DAGs
[2022-07-30 22:18:30,554] {logging_mixin.py:104} INFO - [2022-07-30 22:18:30,553] {dag.py:2280} INFO - Setting next_dagrun for latest_only_with_trigger to 2022-07-28 00:00:00+00:00
[2022-07-30 22:18:30,579] {scheduler_job.py:190} INFO - Processing /home/airflow/.local/lib/python3.6/site-packages/airflow/example_dags/example_latest_only_with_trigger.py took 0.141 seconds
[2022-07-30 22:19:00,999] {scheduler_job.py:182} INFO - Started process (PID=1244) to work on /home/airflow/.local/lib/python3.6/site-packages/airflow/example_dags/example_latest_only_with_trigger.py
[2022-07-30 22:19:01,001] {scheduler_job.py:629} INFO - Processing file /home/airflow/.local/lib/python3.6/site-packages/airflow/example_dags/example_latest_only_with_trigger.py for tasks to queue
[2022-07-30 22:19:01,003] {logging_mixin.py:104} INFO - [2022-07-30 22:19:01,003] {dagbag.py:451} INFO - Filling up the DagBag from /home/airflow/.local/lib/python3.6/site-packages/airflow/example_dags/example_latest_only_with_trigger.py
[2022-07-30 22:19:01,026] {scheduler_job.py:639} INFO - DAG(s) dict_keys(['latest_only_with_trigger']) retrieved from /home/airflow/.local/lib/python3.6/site-packages/airflow/example_dags/example_latest_only_with_trigger.py
[2022-07-30 22:19:01,072] {logging_mixin.py:104} INFO - [2022-07-30 22:19:01,072] {dag.py:1824} INFO - Sync 1 DAGs
[2022-07-30 22:19:01,112] {logging_mixin.py:104} INFO - [2022-07-30 22:19:01,111] {dag.py:2280} INFO - Setting next_dagrun for latest_only_with_trigger to 2022-07-28 00:00:00+00:00
[2022-07-30 22:19:01,139] {scheduler_job.py:190} INFO - Processing /home/airflow/.local/lib/python3.6/site-packages/airflow/example_dags/example_latest_only_with_trigger.py took 0.147 seconds
[2022-07-30 22:19:31,257] {scheduler_job.py:182} INFO - Started process (PID=1269) to work on /home/airflow/.local/lib/python3.6/site-packages/airflow/example_dags/example_latest_only_with_trigger.py
[2022-07-30 22:19:31,260] {scheduler_job.py:629} INFO - Processing file /home/airflow/.local/lib/python3.6/site-packages/airflow/example_dags/example_latest_only_with_trigger.py for tasks to queue
[2022-07-30 22:19:31,262] {logging_mixin.py:104} INFO - [2022-07-30 22:19:31,262] {dagbag.py:451} INFO - Filling up the DagBag from /home/airflow/.local/lib/python3.6/site-packages/airflow/example_dags/example_latest_only_with_trigger.py
[2022-07-30 22:19:31,287] {scheduler_job.py:639} INFO - DAG(s) dict_keys(['latest_only_with_trigger']) retrieved from /home/airflow/.local/lib/python3.6/site-packages/airflow/example_dags/example_latest_only_with_trigger.py
[2022-07-30 22:19:31,332] {logging_mixin.py:104} INFO - [2022-07-30 22:19:31,332] {dag.py:1824} INFO - Sync 1 DAGs
[2022-07-30 22:19:31,363] {logging_mixin.py:104} INFO - [2022-07-30 22:19:31,363] {dag.py:2280} INFO - Setting next_dagrun for latest_only_with_trigger to 2022-07-28 00:00:00+00:00
[2022-07-30 22:19:31,384] {scheduler_job.py:190} INFO - Processing /home/airflow/.local/lib/python3.6/site-packages/airflow/example_dags/example_latest_only_with_trigger.py took 0.133 seconds
[2022-07-30 22:20:01,949] {scheduler_job.py:182} INFO - Started process (PID=1295) to work on /home/airflow/.local/lib/python3.6/site-packages/airflow/example_dags/example_latest_only_with_trigger.py
[2022-07-30 22:20:01,954] {scheduler_job.py:629} INFO - Processing file /home/airflow/.local/lib/python3.6/site-packages/airflow/example_dags/example_latest_only_with_trigger.py for tasks to queue
[2022-07-30 22:20:01,957] {logging_mixin.py:104} INFO - [2022-07-30 22:20:01,957] {dagbag.py:451} INFO - Filling up the DagBag from /home/airflow/.local/lib/python3.6/site-packages/airflow/example_dags/example_latest_only_with_trigger.py
[2022-07-30 22:20:01,986] {scheduler_job.py:639} INFO - DAG(s) dict_keys(['latest_only_with_trigger']) retrieved from /home/airflow/.local/lib/python3.6/site-packages/airflow/example_dags/example_latest_only_with_trigger.py
[2022-07-30 22:20:02,035] {logging_mixin.py:104} INFO - [2022-07-30 22:20:02,035] {dag.py:1824} INFO - Sync 1 DAGs
[2022-07-30 22:20:02,067] {logging_mixin.py:104} INFO - [2022-07-30 22:20:02,067] {dag.py:2280} INFO - Setting next_dagrun for latest_only_with_trigger to 2022-07-28 00:00:00+00:00
[2022-07-30 22:20:02,106] {scheduler_job.py:190} INFO - Processing /home/airflow/.local/lib/python3.6/site-packages/airflow/example_dags/example_latest_only_with_trigger.py took 0.167 seconds
[2022-07-30 22:20:32,942] {scheduler_job.py:182} INFO - Started process (PID=1320) to work on /home/airflow/.local/lib/python3.6/site-packages/airflow/example_dags/example_latest_only_with_trigger.py
[2022-07-30 22:20:32,945] {scheduler_job.py:629} INFO - Processing file /home/airflow/.local/lib/python3.6/site-packages/airflow/example_dags/example_latest_only_with_trigger.py for tasks to queue
[2022-07-30 22:20:32,947] {logging_mixin.py:104} INFO - [2022-07-30 22:20:32,947] {dagbag.py:451} INFO - Filling up the DagBag from /home/airflow/.local/lib/python3.6/site-packages/airflow/example_dags/example_latest_only_with_trigger.py
[2022-07-30 22:20:33,018] {scheduler_job.py:639} INFO - DAG(s) dict_keys(['latest_only_with_trigger']) retrieved from /home/airflow/.local/lib/python3.6/site-packages/airflow/example_dags/example_latest_only_with_trigger.py
[2022-07-30 22:20:33,126] {logging_mixin.py:104} INFO - [2022-07-30 22:20:33,126] {dag.py:1824} INFO - Sync 1 DAGs
[2022-07-30 22:20:33,210] {logging_mixin.py:104} INFO - [2022-07-30 22:20:33,209] {dag.py:2280} INFO - Setting next_dagrun for latest_only_with_trigger to 2022-07-28 00:00:00+00:00
[2022-07-30 22:20:33,293] {scheduler_job.py:190} INFO - Processing /home/airflow/.local/lib/python3.6/site-packages/airflow/example_dags/example_latest_only_with_trigger.py took 0.362 seconds
[2022-07-30 22:21:03,540] {scheduler_job.py:182} INFO - Started process (PID=1345) to work on /home/airflow/.local/lib/python3.6/site-packages/airflow/example_dags/example_latest_only_with_trigger.py
[2022-07-30 22:21:03,545] {scheduler_job.py:629} INFO - Processing file /home/airflow/.local/lib/python3.6/site-packages/airflow/example_dags/example_latest_only_with_trigger.py for tasks to queue
[2022-07-30 22:21:03,546] {logging_mixin.py:104} INFO - [2022-07-30 22:21:03,546] {dagbag.py:451} INFO - Filling up the DagBag from /home/airflow/.local/lib/python3.6/site-packages/airflow/example_dags/example_latest_only_with_trigger.py
[2022-07-30 22:21:03,586] {scheduler_job.py:639} INFO - DAG(s) dict_keys(['latest_only_with_trigger']) retrieved from /home/airflow/.local/lib/python3.6/site-packages/airflow/example_dags/example_latest_only_with_trigger.py
[2022-07-30 22:21:03,655] {logging_mixin.py:104} INFO - [2022-07-30 22:21:03,655] {dag.py:1824} INFO - Sync 1 DAGs
[2022-07-30 22:21:03,715] {logging_mixin.py:104} INFO - [2022-07-30 22:21:03,715] {dag.py:2280} INFO - Setting next_dagrun for latest_only_with_trigger to 2022-07-28 00:00:00+00:00
[2022-07-30 22:21:03,817] {scheduler_job.py:190} INFO - Processing /home/airflow/.local/lib/python3.6/site-packages/airflow/example_dags/example_latest_only_with_trigger.py took 0.289 seconds
[2022-07-30 22:21:34,286] {scheduler_job.py:182} INFO - Started process (PID=1369) to work on /home/airflow/.local/lib/python3.6/site-packages/airflow/example_dags/example_latest_only_with_trigger.py
[2022-07-30 22:21:34,293] {scheduler_job.py:629} INFO - Processing file /home/airflow/.local/lib/python3.6/site-packages/airflow/example_dags/example_latest_only_with_trigger.py for tasks to queue
[2022-07-30 22:21:34,298] {logging_mixin.py:104} INFO - [2022-07-30 22:21:34,297] {dagbag.py:451} INFO - Filling up the DagBag from /home/airflow/.local/lib/python3.6/site-packages/airflow/example_dags/example_latest_only_with_trigger.py
[2022-07-30 22:21:34,326] {scheduler_job.py:639} INFO - DAG(s) dict_keys(['latest_only_with_trigger']) retrieved from /home/airflow/.local/lib/python3.6/site-packages/airflow/example_dags/example_latest_only_with_trigger.py
[2022-07-30 22:21:34,391] {logging_mixin.py:104} INFO - [2022-07-30 22:21:34,391] {dag.py:1824} INFO - Sync 1 DAGs
[2022-07-30 22:21:34,435] {logging_mixin.py:104} INFO - [2022-07-30 22:21:34,434] {dag.py:2280} INFO - Setting next_dagrun for latest_only_with_trigger to 2022-07-28 00:00:00+00:00
[2022-07-30 22:21:34,463] {scheduler_job.py:190} INFO - Processing /home/airflow/.local/lib/python3.6/site-packages/airflow/example_dags/example_latest_only_with_trigger.py took 0.191 seconds
[2022-07-30 22:22:04,723] {scheduler_job.py:182} INFO - Started process (PID=1395) to work on /home/airflow/.local/lib/python3.6/site-packages/airflow/example_dags/example_latest_only_with_trigger.py
[2022-07-30 22:22:04,731] {scheduler_job.py:629} INFO - Processing file /home/airflow/.local/lib/python3.6/site-packages/airflow/example_dags/example_latest_only_with_trigger.py for tasks to queue
[2022-07-30 22:22:04,734] {logging_mixin.py:104} INFO - [2022-07-30 22:22:04,734] {dagbag.py:451} INFO - Filling up the DagBag from /home/airflow/.local/lib/python3.6/site-packages/airflow/example_dags/example_latest_only_with_trigger.py
[2022-07-30 22:22:04,789] {scheduler_job.py:639} INFO - DAG(s) dict_keys(['latest_only_with_trigger']) retrieved from /home/airflow/.local/lib/python3.6/site-packages/airflow/example_dags/example_latest_only_with_trigger.py
[2022-07-30 22:22:04,858] {logging_mixin.py:104} INFO - [2022-07-30 22:22:04,858] {dag.py:1824} INFO - Sync 1 DAGs
[2022-07-30 22:22:04,904] {logging_mixin.py:104} INFO - [2022-07-30 22:22:04,904] {dag.py:2280} INFO - Setting next_dagrun for latest_only_with_trigger to 2022-07-28 00:00:00+00:00
[2022-07-30 22:22:04,939] {scheduler_job.py:190} INFO - Processing /home/airflow/.local/lib/python3.6/site-packages/airflow/example_dags/example_latest_only_with_trigger.py took 0.237 seconds
[2022-07-30 22:22:35,418] {scheduler_job.py:182} INFO - Started process (PID=1421) to work on /home/airflow/.local/lib/python3.6/site-packages/airflow/example_dags/example_latest_only_with_trigger.py
[2022-07-30 22:22:35,423] {scheduler_job.py:629} INFO - Processing file /home/airflow/.local/lib/python3.6/site-packages/airflow/example_dags/example_latest_only_with_trigger.py for tasks to queue
[2022-07-30 22:22:35,424] {logging_mixin.py:104} INFO - [2022-07-30 22:22:35,424] {dagbag.py:451} INFO - Filling up the DagBag from /home/airflow/.local/lib/python3.6/site-packages/airflow/example_dags/example_latest_only_with_trigger.py
[2022-07-30 22:22:35,439] {scheduler_job.py:639} INFO - DAG(s) dict_keys(['latest_only_with_trigger']) retrieved from /home/airflow/.local/lib/python3.6/site-packages/airflow/example_dags/example_latest_only_with_trigger.py
[2022-07-30 22:22:35,498] {logging_mixin.py:104} INFO - [2022-07-30 22:22:35,498] {dag.py:1824} INFO - Sync 1 DAGs
[2022-07-30 22:22:35,525] {logging_mixin.py:104} INFO - [2022-07-30 22:22:35,525] {dag.py:2280} INFO - Setting next_dagrun for latest_only_with_trigger to 2022-07-28 00:00:00+00:00
[2022-07-30 22:22:35,565] {scheduler_job.py:190} INFO - Processing /home/airflow/.local/lib/python3.6/site-packages/airflow/example_dags/example_latest_only_with_trigger.py took 0.151 seconds
[2022-07-30 22:23:05,685] {scheduler_job.py:182} INFO - Started process (PID=1447) to work on /home/airflow/.local/lib/python3.6/site-packages/airflow/example_dags/example_latest_only_with_trigger.py
[2022-07-30 22:23:05,694] {scheduler_job.py:629} INFO - Processing file /home/airflow/.local/lib/python3.6/site-packages/airflow/example_dags/example_latest_only_with_trigger.py for tasks to queue
[2022-07-30 22:23:05,699] {logging_mixin.py:104} INFO - [2022-07-30 22:23:05,698] {dagbag.py:451} INFO - Filling up the DagBag from /home/airflow/.local/lib/python3.6/site-packages/airflow/example_dags/example_latest_only_with_trigger.py
[2022-07-30 22:23:05,735] {scheduler_job.py:639} INFO - DAG(s) dict_keys(['latest_only_with_trigger']) retrieved from /home/airflow/.local/lib/python3.6/site-packages/airflow/example_dags/example_latest_only_with_trigger.py
[2022-07-30 22:23:05,772] {logging_mixin.py:104} INFO - [2022-07-30 22:23:05,772] {dag.py:1824} INFO - Sync 1 DAGs
[2022-07-30 22:23:05,795] {logging_mixin.py:104} INFO - [2022-07-30 22:23:05,795] {dag.py:2280} INFO - Setting next_dagrun for latest_only_with_trigger to 2022-07-28 00:00:00+00:00
[2022-07-30 22:23:05,813] {scheduler_job.py:190} INFO - Processing /home/airflow/.local/lib/python3.6/site-packages/airflow/example_dags/example_latest_only_with_trigger.py took 0.143 seconds
[2022-07-30 22:23:36,391] {scheduler_job.py:182} INFO - Started process (PID=1473) to work on /home/airflow/.local/lib/python3.6/site-packages/airflow/example_dags/example_latest_only_with_trigger.py
[2022-07-30 22:23:36,394] {scheduler_job.py:629} INFO - Processing file /home/airflow/.local/lib/python3.6/site-packages/airflow/example_dags/example_latest_only_with_trigger.py for tasks to queue
[2022-07-30 22:23:36,398] {logging_mixin.py:104} INFO - [2022-07-30 22:23:36,397] {dagbag.py:451} INFO - Filling up the DagBag from /home/airflow/.local/lib/python3.6/site-packages/airflow/example_dags/example_latest_only_with_trigger.py
[2022-07-30 22:23:36,433] {scheduler_job.py:639} INFO - DAG(s) dict_keys(['latest_only_with_trigger']) retrieved from /home/airflow/.local/lib/python3.6/site-packages/airflow/example_dags/example_latest_only_with_trigger.py
[2022-07-30 22:23:36,485] {logging_mixin.py:104} INFO - [2022-07-30 22:23:36,485] {dag.py:1824} INFO - Sync 1 DAGs
[2022-07-30 22:23:36,516] {logging_mixin.py:104} INFO - [2022-07-30 22:23:36,516] {dag.py:2280} INFO - Setting next_dagrun for latest_only_with_trigger to 2022-07-28 00:00:00+00:00
[2022-07-30 22:23:36,534] {scheduler_job.py:190} INFO - Processing /home/airflow/.local/lib/python3.6/site-packages/airflow/example_dags/example_latest_only_with_trigger.py took 0.148 seconds
[2022-07-30 22:24:07,168] {scheduler_job.py:182} INFO - Started process (PID=1499) to work on /home/airflow/.local/lib/python3.6/site-packages/airflow/example_dags/example_latest_only_with_trigger.py
[2022-07-30 22:24:07,175] {scheduler_job.py:629} INFO - Processing file /home/airflow/.local/lib/python3.6/site-packages/airflow/example_dags/example_latest_only_with_trigger.py for tasks to queue
[2022-07-30 22:24:07,179] {logging_mixin.py:104} INFO - [2022-07-30 22:24:07,178] {dagbag.py:451} INFO - Filling up the DagBag from /home/airflow/.local/lib/python3.6/site-packages/airflow/example_dags/example_latest_only_with_trigger.py
[2022-07-30 22:24:07,210] {scheduler_job.py:639} INFO - DAG(s) dict_keys(['latest_only_with_trigger']) retrieved from /home/airflow/.local/lib/python3.6/site-packages/airflow/example_dags/example_latest_only_with_trigger.py
[2022-07-30 22:24:07,256] {logging_mixin.py:104} INFO - [2022-07-30 22:24:07,256] {dag.py:1824} INFO - Sync 1 DAGs
[2022-07-30 22:24:07,291] {logging_mixin.py:104} INFO - [2022-07-30 22:24:07,291] {dag.py:2280} INFO - Setting next_dagrun for latest_only_with_trigger to 2022-07-28 00:00:00+00:00
[2022-07-30 22:24:07,312] {scheduler_job.py:190} INFO - Processing /home/airflow/.local/lib/python3.6/site-packages/airflow/example_dags/example_latest_only_with_trigger.py took 0.174 seconds
[2022-07-30 22:24:37,473] {scheduler_job.py:182} INFO - Started process (PID=1525) to work on /home/airflow/.local/lib/python3.6/site-packages/airflow/example_dags/example_latest_only_with_trigger.py
[2022-07-30 22:24:37,477] {scheduler_job.py:629} INFO - Processing file /home/airflow/.local/lib/python3.6/site-packages/airflow/example_dags/example_latest_only_with_trigger.py for tasks to queue
[2022-07-30 22:24:37,480] {logging_mixin.py:104} INFO - [2022-07-30 22:24:37,480] {dagbag.py:451} INFO - Filling up the DagBag from /home/airflow/.local/lib/python3.6/site-packages/airflow/example_dags/example_latest_only_with_trigger.py
[2022-07-30 22:24:37,524] {scheduler_job.py:639} INFO - DAG(s) dict_keys(['latest_only_with_trigger']) retrieved from /home/airflow/.local/lib/python3.6/site-packages/airflow/example_dags/example_latest_only_with_trigger.py
[2022-07-30 22:24:37,573] {logging_mixin.py:104} INFO - [2022-07-30 22:24:37,573] {dag.py:1824} INFO - Sync 1 DAGs
[2022-07-30 22:24:37,623] {logging_mixin.py:104} INFO - [2022-07-30 22:24:37,623] {dag.py:2280} INFO - Setting next_dagrun for latest_only_with_trigger to 2022-07-28 00:00:00+00:00
[2022-07-30 22:24:37,640] {scheduler_job.py:190} INFO - Processing /home/airflow/.local/lib/python3.6/site-packages/airflow/example_dags/example_latest_only_with_trigger.py took 0.172 seconds
[2022-07-30 22:25:08,036] {scheduler_job.py:182} INFO - Started process (PID=1551) to work on /home/airflow/.local/lib/python3.6/site-packages/airflow/example_dags/example_latest_only_with_trigger.py
[2022-07-30 22:25:08,047] {scheduler_job.py:629} INFO - Processing file /home/airflow/.local/lib/python3.6/site-packages/airflow/example_dags/example_latest_only_with_trigger.py for tasks to queue
[2022-07-30 22:25:08,059] {logging_mixin.py:104} INFO - [2022-07-30 22:25:08,059] {dagbag.py:451} INFO - Filling up the DagBag from /home/airflow/.local/lib/python3.6/site-packages/airflow/example_dags/example_latest_only_with_trigger.py
[2022-07-30 22:25:08,142] {scheduler_job.py:639} INFO - DAG(s) dict_keys(['latest_only_with_trigger']) retrieved from /home/airflow/.local/lib/python3.6/site-packages/airflow/example_dags/example_latest_only_with_trigger.py
[2022-07-30 22:25:08,258] {logging_mixin.py:104} INFO - [2022-07-30 22:25:08,258] {dag.py:1824} INFO - Sync 1 DAGs
[2022-07-30 22:25:08,337] {logging_mixin.py:104} INFO - [2022-07-30 22:25:08,337] {dag.py:2280} INFO - Setting next_dagrun for latest_only_with_trigger to 2022-07-28 00:00:00+00:00
[2022-07-30 22:25:08,376] {scheduler_job.py:190} INFO - Processing /home/airflow/.local/lib/python3.6/site-packages/airflow/example_dags/example_latest_only_with_trigger.py took 0.348 seconds
[2022-07-30 22:25:38,578] {scheduler_job.py:182} INFO - Started process (PID=1577) to work on /home/airflow/.local/lib/python3.6/site-packages/airflow/example_dags/example_latest_only_with_trigger.py
[2022-07-30 22:25:38,586] {scheduler_job.py:629} INFO - Processing file /home/airflow/.local/lib/python3.6/site-packages/airflow/example_dags/example_latest_only_with_trigger.py for tasks to queue
[2022-07-30 22:25:38,590] {logging_mixin.py:104} INFO - [2022-07-30 22:25:38,589] {dagbag.py:451} INFO - Filling up the DagBag from /home/airflow/.local/lib/python3.6/site-packages/airflow/example_dags/example_latest_only_with_trigger.py
[2022-07-30 22:25:38,638] {scheduler_job.py:639} INFO - DAG(s) dict_keys(['latest_only_with_trigger']) retrieved from /home/airflow/.local/lib/python3.6/site-packages/airflow/example_dags/example_latest_only_with_trigger.py
[2022-07-30 22:25:38,676] {logging_mixin.py:104} INFO - [2022-07-30 22:25:38,676] {dag.py:1824} INFO - Sync 1 DAGs
[2022-07-30 22:25:38,700] {logging_mixin.py:104} INFO - [2022-07-30 22:25:38,700] {dag.py:2280} INFO - Setting next_dagrun for latest_only_with_trigger to 2022-07-28 00:00:00+00:00
[2022-07-30 22:25:38,716] {scheduler_job.py:190} INFO - Processing /home/airflow/.local/lib/python3.6/site-packages/airflow/example_dags/example_latest_only_with_trigger.py took 0.149 seconds
[2022-07-30 22:26:09,190] {scheduler_job.py:182} INFO - Started process (PID=1603) to work on /home/airflow/.local/lib/python3.6/site-packages/airflow/example_dags/example_latest_only_with_trigger.py
[2022-07-30 22:26:09,204] {scheduler_job.py:629} INFO - Processing file /home/airflow/.local/lib/python3.6/site-packages/airflow/example_dags/example_latest_only_with_trigger.py for tasks to queue
[2022-07-30 22:26:09,215] {logging_mixin.py:104} INFO - [2022-07-30 22:26:09,215] {dagbag.py:451} INFO - Filling up the DagBag from /home/airflow/.local/lib/python3.6/site-packages/airflow/example_dags/example_latest_only_with_trigger.py
[2022-07-30 22:26:09,276] {scheduler_job.py:639} INFO - DAG(s) dict_keys(['latest_only_with_trigger']) retrieved from /home/airflow/.local/lib/python3.6/site-packages/airflow/example_dags/example_latest_only_with_trigger.py
[2022-07-30 22:26:09,411] {logging_mixin.py:104} INFO - [2022-07-30 22:26:09,410] {dag.py:1824} INFO - Sync 1 DAGs
[2022-07-30 22:26:09,533] {logging_mixin.py:104} INFO - [2022-07-30 22:26:09,532] {dag.py:2280} INFO - Setting next_dagrun for latest_only_with_trigger to 2022-07-28 00:00:00+00:00
[2022-07-30 22:26:09,564] {scheduler_job.py:190} INFO - Processing /home/airflow/.local/lib/python3.6/site-packages/airflow/example_dags/example_latest_only_with_trigger.py took 0.379 seconds
[2022-07-30 22:26:39,722] {scheduler_job.py:182} INFO - Started process (PID=1629) to work on /home/airflow/.local/lib/python3.6/site-packages/airflow/example_dags/example_latest_only_with_trigger.py
[2022-07-30 22:26:39,726] {scheduler_job.py:629} INFO - Processing file /home/airflow/.local/lib/python3.6/site-packages/airflow/example_dags/example_latest_only_with_trigger.py for tasks to queue
[2022-07-30 22:26:39,736] {logging_mixin.py:104} INFO - [2022-07-30 22:26:39,736] {dagbag.py:451} INFO - Filling up the DagBag from /home/airflow/.local/lib/python3.6/site-packages/airflow/example_dags/example_latest_only_with_trigger.py
[2022-07-30 22:26:39,773] {scheduler_job.py:639} INFO - DAG(s) dict_keys(['latest_only_with_trigger']) retrieved from /home/airflow/.local/lib/python3.6/site-packages/airflow/example_dags/example_latest_only_with_trigger.py
[2022-07-30 22:26:39,842] {logging_mixin.py:104} INFO - [2022-07-30 22:26:39,842] {dag.py:1824} INFO - Sync 1 DAGs
[2022-07-30 22:26:39,924] {logging_mixin.py:104} INFO - [2022-07-30 22:26:39,924] {dag.py:2280} INFO - Setting next_dagrun for latest_only_with_trigger to 2022-07-28 00:00:00+00:00
[2022-07-30 22:26:39,988] {scheduler_job.py:190} INFO - Processing /home/airflow/.local/lib/python3.6/site-packages/airflow/example_dags/example_latest_only_with_trigger.py took 0.274 seconds
[2022-07-30 22:27:10,658] {scheduler_job.py:182} INFO - Started process (PID=1655) to work on /home/airflow/.local/lib/python3.6/site-packages/airflow/example_dags/example_latest_only_with_trigger.py
[2022-07-30 22:27:10,661] {scheduler_job.py:629} INFO - Processing file /home/airflow/.local/lib/python3.6/site-packages/airflow/example_dags/example_latest_only_with_trigger.py for tasks to queue
[2022-07-30 22:27:10,663] {logging_mixin.py:104} INFO - [2022-07-30 22:27:10,663] {dagbag.py:451} INFO - Filling up the DagBag from /home/airflow/.local/lib/python3.6/site-packages/airflow/example_dags/example_latest_only_with_trigger.py
[2022-07-30 22:27:10,684] {scheduler_job.py:639} INFO - DAG(s) dict_keys(['latest_only_with_trigger']) retrieved from /home/airflow/.local/lib/python3.6/site-packages/airflow/example_dags/example_latest_only_with_trigger.py
[2022-07-30 22:27:10,729] {logging_mixin.py:104} INFO - [2022-07-30 22:27:10,729] {dag.py:1824} INFO - Sync 1 DAGs
[2022-07-30 22:27:10,753] {logging_mixin.py:104} INFO - [2022-07-30 22:27:10,753] {dag.py:2280} INFO - Setting next_dagrun for latest_only_with_trigger to 2022-07-28 00:00:00+00:00
[2022-07-30 22:27:10,772] {scheduler_job.py:190} INFO - Processing /home/airflow/.local/lib/python3.6/site-packages/airflow/example_dags/example_latest_only_with_trigger.py took 0.118 seconds
[2022-07-30 22:27:41,329] {scheduler_job.py:182} INFO - Started process (PID=1681) to work on /home/airflow/.local/lib/python3.6/site-packages/airflow/example_dags/example_latest_only_with_trigger.py
[2022-07-30 22:27:41,344] {scheduler_job.py:629} INFO - Processing file /home/airflow/.local/lib/python3.6/site-packages/airflow/example_dags/example_latest_only_with_trigger.py for tasks to queue
[2022-07-30 22:27:41,361] {logging_mixin.py:104} INFO - [2022-07-30 22:27:41,360] {dagbag.py:451} INFO - Filling up the DagBag from /home/airflow/.local/lib/python3.6/site-packages/airflow/example_dags/example_latest_only_with_trigger.py
[2022-07-30 22:27:41,432] {scheduler_job.py:639} INFO - DAG(s) dict_keys(['latest_only_with_trigger']) retrieved from /home/airflow/.local/lib/python3.6/site-packages/airflow/example_dags/example_latest_only_with_trigger.py
[2022-07-30 22:27:41,617] {logging_mixin.py:104} INFO - [2022-07-30 22:27:41,616] {dag.py:1824} INFO - Sync 1 DAGs
[2022-07-30 22:27:41,771] {logging_mixin.py:104} INFO - [2022-07-30 22:27:41,771] {dag.py:2280} INFO - Setting next_dagrun for latest_only_with_trigger to 2022-07-28 00:00:00+00:00
[2022-07-30 22:27:41,872] {scheduler_job.py:190} INFO - Processing /home/airflow/.local/lib/python3.6/site-packages/airflow/example_dags/example_latest_only_with_trigger.py took 0.550 seconds
[2022-07-30 22:28:12,514] {scheduler_job.py:182} INFO - Started process (PID=1707) to work on /home/airflow/.local/lib/python3.6/site-packages/airflow/example_dags/example_latest_only_with_trigger.py
[2022-07-30 22:28:12,519] {scheduler_job.py:629} INFO - Processing file /home/airflow/.local/lib/python3.6/site-packages/airflow/example_dags/example_latest_only_with_trigger.py for tasks to queue
[2022-07-30 22:28:12,523] {logging_mixin.py:104} INFO - [2022-07-30 22:28:12,522] {dagbag.py:451} INFO - Filling up the DagBag from /home/airflow/.local/lib/python3.6/site-packages/airflow/example_dags/example_latest_only_with_trigger.py
[2022-07-30 22:28:12,553] {scheduler_job.py:639} INFO - DAG(s) dict_keys(['latest_only_with_trigger']) retrieved from /home/airflow/.local/lib/python3.6/site-packages/airflow/example_dags/example_latest_only_with_trigger.py
[2022-07-30 22:28:12,620] {logging_mixin.py:104} INFO - [2022-07-30 22:28:12,619] {dag.py:1824} INFO - Sync 1 DAGs
[2022-07-30 22:28:12,679] {logging_mixin.py:104} INFO - [2022-07-30 22:28:12,679] {dag.py:2280} INFO - Setting next_dagrun for latest_only_with_trigger to 2022-07-28 00:00:00+00:00
[2022-07-30 22:28:12,722] {scheduler_job.py:190} INFO - Processing /home/airflow/.local/lib/python3.6/site-packages/airflow/example_dags/example_latest_only_with_trigger.py took 0.220 seconds
[2022-07-30 22:28:42,955] {scheduler_job.py:182} INFO - Started process (PID=1733) to work on /home/airflow/.local/lib/python3.6/site-packages/airflow/example_dags/example_latest_only_with_trigger.py
[2022-07-30 22:28:42,961] {scheduler_job.py:629} INFO - Processing file /home/airflow/.local/lib/python3.6/site-packages/airflow/example_dags/example_latest_only_with_trigger.py for tasks to queue
[2022-07-30 22:28:42,963] {logging_mixin.py:104} INFO - [2022-07-30 22:28:42,963] {dagbag.py:451} INFO - Filling up the DagBag from /home/airflow/.local/lib/python3.6/site-packages/airflow/example_dags/example_latest_only_with_trigger.py
[2022-07-30 22:28:42,986] {scheduler_job.py:639} INFO - DAG(s) dict_keys(['latest_only_with_trigger']) retrieved from /home/airflow/.local/lib/python3.6/site-packages/airflow/example_dags/example_latest_only_with_trigger.py
[2022-07-30 22:28:43,024] {logging_mixin.py:104} INFO - [2022-07-30 22:28:43,024] {dag.py:1824} INFO - Sync 1 DAGs
[2022-07-30 22:28:43,052] {logging_mixin.py:104} INFO - [2022-07-30 22:28:43,051] {dag.py:2280} INFO - Setting next_dagrun for latest_only_with_trigger to 2022-07-28 00:00:00+00:00
[2022-07-30 22:28:43,068] {scheduler_job.py:190} INFO - Processing /home/airflow/.local/lib/python3.6/site-packages/airflow/example_dags/example_latest_only_with_trigger.py took 0.125 seconds
[2022-07-30 22:29:13,544] {scheduler_job.py:182} INFO - Started process (PID=1759) to work on /home/airflow/.local/lib/python3.6/site-packages/airflow/example_dags/example_latest_only_with_trigger.py
[2022-07-30 22:29:13,548] {scheduler_job.py:629} INFO - Processing file /home/airflow/.local/lib/python3.6/site-packages/airflow/example_dags/example_latest_only_with_trigger.py for tasks to queue
[2022-07-30 22:29:13,550] {logging_mixin.py:104} INFO - [2022-07-30 22:29:13,550] {dagbag.py:451} INFO - Filling up the DagBag from /home/airflow/.local/lib/python3.6/site-packages/airflow/example_dags/example_latest_only_with_trigger.py
[2022-07-30 22:29:13,570] {scheduler_job.py:639} INFO - DAG(s) dict_keys(['latest_only_with_trigger']) retrieved from /home/airflow/.local/lib/python3.6/site-packages/airflow/example_dags/example_latest_only_with_trigger.py
[2022-07-30 22:29:13,608] {logging_mixin.py:104} INFO - [2022-07-30 22:29:13,607] {dag.py:1824} INFO - Sync 1 DAGs
[2022-07-30 22:29:13,633] {logging_mixin.py:104} INFO - [2022-07-30 22:29:13,633] {dag.py:2280} INFO - Setting next_dagrun for latest_only_with_trigger to 2022-07-28 00:00:00+00:00
[2022-07-30 22:29:13,649] {scheduler_job.py:190} INFO - Processing /home/airflow/.local/lib/python3.6/site-packages/airflow/example_dags/example_latest_only_with_trigger.py took 0.116 seconds
[2022-07-30 22:29:44,219] {scheduler_job.py:182} INFO - Started process (PID=1785) to work on /home/airflow/.local/lib/python3.6/site-packages/airflow/example_dags/example_latest_only_with_trigger.py
[2022-07-30 22:29:44,222] {scheduler_job.py:629} INFO - Processing file /home/airflow/.local/lib/python3.6/site-packages/airflow/example_dags/example_latest_only_with_trigger.py for tasks to queue
[2022-07-30 22:29:44,223] {logging_mixin.py:104} INFO - [2022-07-30 22:29:44,223] {dagbag.py:451} INFO - Filling up the DagBag from /home/airflow/.local/lib/python3.6/site-packages/airflow/example_dags/example_latest_only_with_trigger.py
[2022-07-30 22:29:44,246] {scheduler_job.py:639} INFO - DAG(s) dict_keys(['latest_only_with_trigger']) retrieved from /home/airflow/.local/lib/python3.6/site-packages/airflow/example_dags/example_latest_only_with_trigger.py
[2022-07-30 22:29:44,308] {logging_mixin.py:104} INFO - [2022-07-30 22:29:44,307] {dag.py:1824} INFO - Sync 1 DAGs
[2022-07-30 22:29:44,386] {logging_mixin.py:104} INFO - [2022-07-30 22:29:44,385] {dag.py:2280} INFO - Setting next_dagrun for latest_only_with_trigger to 2022-07-28 00:00:00+00:00
[2022-07-30 22:29:44,452] {scheduler_job.py:190} INFO - Processing /home/airflow/.local/lib/python3.6/site-packages/airflow/example_dags/example_latest_only_with_trigger.py took 0.239 seconds
[2022-07-30 22:30:15,065] {scheduler_job.py:182} INFO - Started process (PID=1811) to work on /home/airflow/.local/lib/python3.6/site-packages/airflow/example_dags/example_latest_only_with_trigger.py
[2022-07-30 22:30:15,083] {scheduler_job.py:629} INFO - Processing file /home/airflow/.local/lib/python3.6/site-packages/airflow/example_dags/example_latest_only_with_trigger.py for tasks to queue
[2022-07-30 22:30:15,087] {logging_mixin.py:104} INFO - [2022-07-30 22:30:15,087] {dagbag.py:451} INFO - Filling up the DagBag from /home/airflow/.local/lib/python3.6/site-packages/airflow/example_dags/example_latest_only_with_trigger.py
[2022-07-30 22:30:15,131] {scheduler_job.py:639} INFO - DAG(s) dict_keys(['latest_only_with_trigger']) retrieved from /home/airflow/.local/lib/python3.6/site-packages/airflow/example_dags/example_latest_only_with_trigger.py
[2022-07-30 22:30:15,229] {logging_mixin.py:104} INFO - [2022-07-30 22:30:15,229] {dag.py:1824} INFO - Sync 1 DAGs
[2022-07-30 22:30:15,282] {logging_mixin.py:104} INFO - [2022-07-30 22:30:15,282] {dag.py:2280} INFO - Setting next_dagrun for latest_only_with_trigger to 2022-07-28 00:00:00+00:00
[2022-07-30 22:30:15,340] {scheduler_job.py:190} INFO - Processing /home/airflow/.local/lib/python3.6/site-packages/airflow/example_dags/example_latest_only_with_trigger.py took 0.282 seconds
[2022-07-30 22:30:45,633] {scheduler_job.py:182} INFO - Started process (PID=1837) to work on /home/airflow/.local/lib/python3.6/site-packages/airflow/example_dags/example_latest_only_with_trigger.py
[2022-07-30 22:30:45,639] {scheduler_job.py:629} INFO - Processing file /home/airflow/.local/lib/python3.6/site-packages/airflow/example_dags/example_latest_only_with_trigger.py for tasks to queue
[2022-07-30 22:30:45,646] {logging_mixin.py:104} INFO - [2022-07-30 22:30:45,642] {dagbag.py:451} INFO - Filling up the DagBag from /home/airflow/.local/lib/python3.6/site-packages/airflow/example_dags/example_latest_only_with_trigger.py
[2022-07-30 22:30:45,680] {scheduler_job.py:639} INFO - DAG(s) dict_keys(['latest_only_with_trigger']) retrieved from /home/airflow/.local/lib/python3.6/site-packages/airflow/example_dags/example_latest_only_with_trigger.py
[2022-07-30 22:30:45,728] {logging_mixin.py:104} INFO - [2022-07-30 22:30:45,728] {dag.py:1824} INFO - Sync 1 DAGs
[2022-07-30 22:30:45,768] {logging_mixin.py:104} INFO - [2022-07-30 22:30:45,768] {dag.py:2280} INFO - Setting next_dagrun for latest_only_with_trigger to 2022-07-28 00:00:00+00:00
[2022-07-30 22:30:45,799] {scheduler_job.py:190} INFO - Processing /home/airflow/.local/lib/python3.6/site-packages/airflow/example_dags/example_latest_only_with_trigger.py took 0.172 seconds
[2022-07-30 22:31:16,106] {scheduler_job.py:182} INFO - Started process (PID=1863) to work on /home/airflow/.local/lib/python3.6/site-packages/airflow/example_dags/example_latest_only_with_trigger.py
[2022-07-30 22:31:16,112] {scheduler_job.py:629} INFO - Processing file /home/airflow/.local/lib/python3.6/site-packages/airflow/example_dags/example_latest_only_with_trigger.py for tasks to queue
[2022-07-30 22:31:16,116] {logging_mixin.py:104} INFO - [2022-07-30 22:31:16,115] {dagbag.py:451} INFO - Filling up the DagBag from /home/airflow/.local/lib/python3.6/site-packages/airflow/example_dags/example_latest_only_with_trigger.py
[2022-07-30 22:31:16,150] {scheduler_job.py:639} INFO - DAG(s) dict_keys(['latest_only_with_trigger']) retrieved from /home/airflow/.local/lib/python3.6/site-packages/airflow/example_dags/example_latest_only_with_trigger.py
[2022-07-30 22:31:16,184] {logging_mixin.py:104} INFO - [2022-07-30 22:31:16,184] {dag.py:1824} INFO - Sync 1 DAGs
[2022-07-30 22:31:16,209] {logging_mixin.py:104} INFO - [2022-07-30 22:31:16,208] {dag.py:2280} INFO - Setting next_dagrun for latest_only_with_trigger to 2022-07-28 00:00:00+00:00
[2022-07-30 22:31:16,231] {scheduler_job.py:190} INFO - Processing /home/airflow/.local/lib/python3.6/site-packages/airflow/example_dags/example_latest_only_with_trigger.py took 0.138 seconds
[2022-07-30 22:31:46,304] {scheduler_job.py:182} INFO - Started process (PID=1889) to work on /home/airflow/.local/lib/python3.6/site-packages/airflow/example_dags/example_latest_only_with_trigger.py
[2022-07-30 22:31:46,307] {scheduler_job.py:629} INFO - Processing file /home/airflow/.local/lib/python3.6/site-packages/airflow/example_dags/example_latest_only_with_trigger.py for tasks to queue
[2022-07-30 22:31:46,308] {logging_mixin.py:104} INFO - [2022-07-30 22:31:46,308] {dagbag.py:451} INFO - Filling up the DagBag from /home/airflow/.local/lib/python3.6/site-packages/airflow/example_dags/example_latest_only_with_trigger.py
[2022-07-30 22:31:46,327] {scheduler_job.py:639} INFO - DAG(s) dict_keys(['latest_only_with_trigger']) retrieved from /home/airflow/.local/lib/python3.6/site-packages/airflow/example_dags/example_latest_only_with_trigger.py
[2022-07-30 22:31:46,366] {logging_mixin.py:104} INFO - [2022-07-30 22:31:46,366] {dag.py:1824} INFO - Sync 1 DAGs
[2022-07-30 22:31:46,390] {logging_mixin.py:104} INFO - [2022-07-30 22:31:46,390] {dag.py:2280} INFO - Setting next_dagrun for latest_only_with_trigger to 2022-07-28 00:00:00+00:00
[2022-07-30 22:31:46,407] {scheduler_job.py:190} INFO - Processing /home/airflow/.local/lib/python3.6/site-packages/airflow/example_dags/example_latest_only_with_trigger.py took 0.107 seconds
[2022-07-30 22:34:34,416] {scheduler_job.py:182} INFO - Started process (PID=50) to work on /home/airflow/.local/lib/python3.6/site-packages/airflow/example_dags/example_latest_only_with_trigger.py
[2022-07-30 22:34:34,421] {scheduler_job.py:629} INFO - Processing file /home/airflow/.local/lib/python3.6/site-packages/airflow/example_dags/example_latest_only_with_trigger.py for tasks to queue
[2022-07-30 22:34:34,434] {logging_mixin.py:104} INFO - [2022-07-30 22:34:34,434] {dagbag.py:451} INFO - Filling up the DagBag from /home/airflow/.local/lib/python3.6/site-packages/airflow/example_dags/example_latest_only_with_trigger.py
[2022-07-30 22:34:34,500] {scheduler_job.py:639} INFO - DAG(s) dict_keys(['latest_only_with_trigger']) retrieved from /home/airflow/.local/lib/python3.6/site-packages/airflow/example_dags/example_latest_only_with_trigger.py
[2022-07-30 22:34:34,590] {logging_mixin.py:104} INFO - [2022-07-30 22:34:34,590] {dag.py:1824} INFO - Sync 1 DAGs
[2022-07-30 22:34:34,641] {logging_mixin.py:104} INFO - [2022-07-30 22:34:34,641] {dag.py:2280} INFO - Setting next_dagrun for latest_only_with_trigger to 2022-07-28 00:00:00+00:00
[2022-07-30 22:34:34,713] {scheduler_job.py:190} INFO - Processing /home/airflow/.local/lib/python3.6/site-packages/airflow/example_dags/example_latest_only_with_trigger.py took 0.306 seconds
