[2022-07-30 21:55:28,054] {scheduler_job.py:182} INFO - Started process (PID=57) to work on /home/airflow/.local/lib/python3.6/site-packages/airflow/example_dags/example_kubernetes_executor.py
[2022-07-30 21:55:28,058] {scheduler_job.py:629} INFO - Processing file /home/airflow/.local/lib/python3.6/site-packages/airflow/example_dags/example_kubernetes_executor.py for tasks to queue
[2022-07-30 21:55:28,099] {logging_mixin.py:104} INFO - [2022-07-30 21:55:28,092] {dagbag.py:451} INFO - Filling up the DagBag from /home/airflow/.local/lib/python3.6/site-packages/airflow/example_dags/example_kubernetes_executor.py
[2022-07-30 21:55:28,633] {scheduler_job.py:639} INFO - DAG(s) dict_keys(['example_kubernetes_executor']) retrieved from /home/airflow/.local/lib/python3.6/site-packages/airflow/example_dags/example_kubernetes_executor.py
[2022-07-30 21:55:28,894] {logging_mixin.py:104} INFO - [2022-07-30 21:55:28,894] {dag.py:1824} INFO - Sync 1 DAGs
[2022-07-30 21:55:28,926] {logging_mixin.py:104} INFO - [2022-07-30 21:55:28,925] {dag.py:1843} INFO - Creating ORM DAG for example_kubernetes_executor
[2022-07-30 21:55:28,938] {logging_mixin.py:104} INFO - [2022-07-30 21:55:28,938] {dag.py:2280} INFO - Setting next_dagrun for example_kubernetes_executor to None
[2022-07-30 21:55:29,017] {scheduler_job.py:190} INFO - Processing /home/airflow/.local/lib/python3.6/site-packages/airflow/example_dags/example_kubernetes_executor.py took 1.025 seconds
[2022-07-30 21:55:59,874] {scheduler_job.py:182} INFO - Started process (PID=83) to work on /home/airflow/.local/lib/python3.6/site-packages/airflow/example_dags/example_kubernetes_executor.py
[2022-07-30 21:55:59,884] {scheduler_job.py:629} INFO - Processing file /home/airflow/.local/lib/python3.6/site-packages/airflow/example_dags/example_kubernetes_executor.py for tasks to queue
[2022-07-30 21:55:59,890] {logging_mixin.py:104} INFO - [2022-07-30 21:55:59,890] {dagbag.py:451} INFO - Filling up the DagBag from /home/airflow/.local/lib/python3.6/site-packages/airflow/example_dags/example_kubernetes_executor.py
[2022-07-30 21:55:59,993] {scheduler_job.py:639} INFO - DAG(s) dict_keys(['example_kubernetes_executor']) retrieved from /home/airflow/.local/lib/python3.6/site-packages/airflow/example_dags/example_kubernetes_executor.py
[2022-07-30 21:56:00,276] {logging_mixin.py:104} INFO - [2022-07-30 21:56:00,276] {dag.py:1824} INFO - Sync 1 DAGs
[2022-07-30 21:56:00,410] {logging_mixin.py:104} INFO - [2022-07-30 21:56:00,410] {dag.py:2280} INFO - Setting next_dagrun for example_kubernetes_executor to None
[2022-07-30 21:56:00,451] {scheduler_job.py:190} INFO - Processing /home/airflow/.local/lib/python3.6/site-packages/airflow/example_dags/example_kubernetes_executor.py took 0.596 seconds
[2022-07-30 21:56:31,187] {scheduler_job.py:182} INFO - Started process (PID=109) to work on /home/airflow/.local/lib/python3.6/site-packages/airflow/example_dags/example_kubernetes_executor.py
[2022-07-30 21:56:31,192] {scheduler_job.py:629} INFO - Processing file /home/airflow/.local/lib/python3.6/site-packages/airflow/example_dags/example_kubernetes_executor.py for tasks to queue
[2022-07-30 21:56:31,196] {logging_mixin.py:104} INFO - [2022-07-30 21:56:31,195] {dagbag.py:451} INFO - Filling up the DagBag from /home/airflow/.local/lib/python3.6/site-packages/airflow/example_dags/example_kubernetes_executor.py
[2022-07-30 21:56:31,246] {scheduler_job.py:639} INFO - DAG(s) dict_keys(['example_kubernetes_executor']) retrieved from /home/airflow/.local/lib/python3.6/site-packages/airflow/example_dags/example_kubernetes_executor.py
[2022-07-30 21:56:31,302] {logging_mixin.py:104} INFO - [2022-07-30 21:56:31,302] {dag.py:1824} INFO - Sync 1 DAGs
[2022-07-30 21:56:31,350] {logging_mixin.py:104} INFO - [2022-07-30 21:56:31,350] {dag.py:2280} INFO - Setting next_dagrun for example_kubernetes_executor to None
[2022-07-30 21:56:31,381] {scheduler_job.py:190} INFO - Processing /home/airflow/.local/lib/python3.6/site-packages/airflow/example_dags/example_kubernetes_executor.py took 0.207 seconds
[2022-07-30 21:57:01,716] {scheduler_job.py:182} INFO - Started process (PID=135) to work on /home/airflow/.local/lib/python3.6/site-packages/airflow/example_dags/example_kubernetes_executor.py
[2022-07-30 21:57:01,718] {scheduler_job.py:629} INFO - Processing file /home/airflow/.local/lib/python3.6/site-packages/airflow/example_dags/example_kubernetes_executor.py for tasks to queue
[2022-07-30 21:57:01,720] {logging_mixin.py:104} INFO - [2022-07-30 21:57:01,719] {dagbag.py:451} INFO - Filling up the DagBag from /home/airflow/.local/lib/python3.6/site-packages/airflow/example_dags/example_kubernetes_executor.py
[2022-07-30 21:57:01,738] {scheduler_job.py:639} INFO - DAG(s) dict_keys(['example_kubernetes_executor']) retrieved from /home/airflow/.local/lib/python3.6/site-packages/airflow/example_dags/example_kubernetes_executor.py
[2022-07-30 21:57:01,770] {logging_mixin.py:104} INFO - [2022-07-30 21:57:01,770] {dag.py:1824} INFO - Sync 1 DAGs
[2022-07-30 21:57:01,797] {logging_mixin.py:104} INFO - [2022-07-30 21:57:01,797] {dag.py:2280} INFO - Setting next_dagrun for example_kubernetes_executor to None
[2022-07-30 21:57:01,834] {scheduler_job.py:190} INFO - Processing /home/airflow/.local/lib/python3.6/site-packages/airflow/example_dags/example_kubernetes_executor.py took 0.124 seconds
[2022-07-30 21:57:31,968] {scheduler_job.py:182} INFO - Started process (PID=161) to work on /home/airflow/.local/lib/python3.6/site-packages/airflow/example_dags/example_kubernetes_executor.py
[2022-07-30 21:57:31,974] {scheduler_job.py:629} INFO - Processing file /home/airflow/.local/lib/python3.6/site-packages/airflow/example_dags/example_kubernetes_executor.py for tasks to queue
[2022-07-30 21:57:31,977] {logging_mixin.py:104} INFO - [2022-07-30 21:57:31,976] {dagbag.py:451} INFO - Filling up the DagBag from /home/airflow/.local/lib/python3.6/site-packages/airflow/example_dags/example_kubernetes_executor.py
[2022-07-30 21:57:32,019] {scheduler_job.py:639} INFO - DAG(s) dict_keys(['example_kubernetes_executor']) retrieved from /home/airflow/.local/lib/python3.6/site-packages/airflow/example_dags/example_kubernetes_executor.py
[2022-07-30 21:57:32,075] {logging_mixin.py:104} INFO - [2022-07-30 21:57:32,075] {dag.py:1824} INFO - Sync 1 DAGs
[2022-07-30 21:57:32,110] {logging_mixin.py:104} INFO - [2022-07-30 21:57:32,110] {dag.py:2280} INFO - Setting next_dagrun for example_kubernetes_executor to None
[2022-07-30 21:57:32,136] {scheduler_job.py:190} INFO - Processing /home/airflow/.local/lib/python3.6/site-packages/airflow/example_dags/example_kubernetes_executor.py took 0.182 seconds
[2022-07-30 21:58:02,862] {scheduler_job.py:182} INFO - Started process (PID=187) to work on /home/airflow/.local/lib/python3.6/site-packages/airflow/example_dags/example_kubernetes_executor.py
[2022-07-30 21:58:02,871] {scheduler_job.py:629} INFO - Processing file /home/airflow/.local/lib/python3.6/site-packages/airflow/example_dags/example_kubernetes_executor.py for tasks to queue
[2022-07-30 21:58:02,875] {logging_mixin.py:104} INFO - [2022-07-30 21:58:02,874] {dagbag.py:451} INFO - Filling up the DagBag from /home/airflow/.local/lib/python3.6/site-packages/airflow/example_dags/example_kubernetes_executor.py
[2022-07-30 21:58:02,932] {scheduler_job.py:639} INFO - DAG(s) dict_keys(['example_kubernetes_executor']) retrieved from /home/airflow/.local/lib/python3.6/site-packages/airflow/example_dags/example_kubernetes_executor.py
[2022-07-30 21:58:03,049] {logging_mixin.py:104} INFO - [2022-07-30 21:58:03,048] {dag.py:1824} INFO - Sync 1 DAGs
[2022-07-30 21:58:03,085] {logging_mixin.py:104} INFO - [2022-07-30 21:58:03,085] {dag.py:2280} INFO - Setting next_dagrun for example_kubernetes_executor to None
[2022-07-30 21:58:03,113] {scheduler_job.py:190} INFO - Processing /home/airflow/.local/lib/python3.6/site-packages/airflow/example_dags/example_kubernetes_executor.py took 0.264 seconds
[2022-07-30 21:58:33,403] {scheduler_job.py:182} INFO - Started process (PID=213) to work on /home/airflow/.local/lib/python3.6/site-packages/airflow/example_dags/example_kubernetes_executor.py
[2022-07-30 21:58:33,406] {scheduler_job.py:629} INFO - Processing file /home/airflow/.local/lib/python3.6/site-packages/airflow/example_dags/example_kubernetes_executor.py for tasks to queue
[2022-07-30 21:58:33,408] {logging_mixin.py:104} INFO - [2022-07-30 21:58:33,407] {dagbag.py:451} INFO - Filling up the DagBag from /home/airflow/.local/lib/python3.6/site-packages/airflow/example_dags/example_kubernetes_executor.py
[2022-07-30 21:58:33,451] {scheduler_job.py:639} INFO - DAG(s) dict_keys(['example_kubernetes_executor']) retrieved from /home/airflow/.local/lib/python3.6/site-packages/airflow/example_dags/example_kubernetes_executor.py
[2022-07-30 21:58:33,569] {logging_mixin.py:104} INFO - [2022-07-30 21:58:33,569] {dag.py:1824} INFO - Sync 1 DAGs
[2022-07-30 21:58:33,619] {logging_mixin.py:104} INFO - [2022-07-30 21:58:33,619] {dag.py:2280} INFO - Setting next_dagrun for example_kubernetes_executor to None
[2022-07-30 21:58:33,715] {scheduler_job.py:190} INFO - Processing /home/airflow/.local/lib/python3.6/site-packages/airflow/example_dags/example_kubernetes_executor.py took 0.317 seconds
[2022-07-30 21:59:04,032] {scheduler_job.py:182} INFO - Started process (PID=239) to work on /home/airflow/.local/lib/python3.6/site-packages/airflow/example_dags/example_kubernetes_executor.py
[2022-07-30 21:59:04,041] {scheduler_job.py:629} INFO - Processing file /home/airflow/.local/lib/python3.6/site-packages/airflow/example_dags/example_kubernetes_executor.py for tasks to queue
[2022-07-30 21:59:04,047] {logging_mixin.py:104} INFO - [2022-07-30 21:59:04,046] {dagbag.py:451} INFO - Filling up the DagBag from /home/airflow/.local/lib/python3.6/site-packages/airflow/example_dags/example_kubernetes_executor.py
[2022-07-30 21:59:04,114] {scheduler_job.py:639} INFO - DAG(s) dict_keys(['example_kubernetes_executor']) retrieved from /home/airflow/.local/lib/python3.6/site-packages/airflow/example_dags/example_kubernetes_executor.py
[2022-07-30 21:59:04,164] {logging_mixin.py:104} INFO - [2022-07-30 21:59:04,164] {dag.py:1824} INFO - Sync 1 DAGs
[2022-07-30 21:59:04,194] {logging_mixin.py:104} INFO - [2022-07-30 21:59:04,194] {dag.py:2280} INFO - Setting next_dagrun for example_kubernetes_executor to None
[2022-07-30 21:59:04,213] {scheduler_job.py:190} INFO - Processing /home/airflow/.local/lib/python3.6/site-packages/airflow/example_dags/example_kubernetes_executor.py took 0.196 seconds
[2022-07-30 21:59:34,722] {scheduler_job.py:182} INFO - Started process (PID=265) to work on /home/airflow/.local/lib/python3.6/site-packages/airflow/example_dags/example_kubernetes_executor.py
[2022-07-30 21:59:34,729] {scheduler_job.py:629} INFO - Processing file /home/airflow/.local/lib/python3.6/site-packages/airflow/example_dags/example_kubernetes_executor.py for tasks to queue
[2022-07-30 21:59:34,733] {logging_mixin.py:104} INFO - [2022-07-30 21:59:34,732] {dagbag.py:451} INFO - Filling up the DagBag from /home/airflow/.local/lib/python3.6/site-packages/airflow/example_dags/example_kubernetes_executor.py
[2022-07-30 21:59:34,780] {scheduler_job.py:639} INFO - DAG(s) dict_keys(['example_kubernetes_executor']) retrieved from /home/airflow/.local/lib/python3.6/site-packages/airflow/example_dags/example_kubernetes_executor.py
[2022-07-30 21:59:34,818] {logging_mixin.py:104} INFO - [2022-07-30 21:59:34,818] {dag.py:1824} INFO - Sync 1 DAGs
[2022-07-30 21:59:34,840] {logging_mixin.py:104} INFO - [2022-07-30 21:59:34,840] {dag.py:2280} INFO - Setting next_dagrun for example_kubernetes_executor to None
[2022-07-30 21:59:34,881] {scheduler_job.py:190} INFO - Processing /home/airflow/.local/lib/python3.6/site-packages/airflow/example_dags/example_kubernetes_executor.py took 0.174 seconds
[2022-07-30 22:00:05,409] {scheduler_job.py:182} INFO - Started process (PID=291) to work on /home/airflow/.local/lib/python3.6/site-packages/airflow/example_dags/example_kubernetes_executor.py
[2022-07-30 22:00:05,412] {scheduler_job.py:629} INFO - Processing file /home/airflow/.local/lib/python3.6/site-packages/airflow/example_dags/example_kubernetes_executor.py for tasks to queue
[2022-07-30 22:00:05,414] {logging_mixin.py:104} INFO - [2022-07-30 22:00:05,413] {dagbag.py:451} INFO - Filling up the DagBag from /home/airflow/.local/lib/python3.6/site-packages/airflow/example_dags/example_kubernetes_executor.py
[2022-07-30 22:00:05,481] {scheduler_job.py:639} INFO - DAG(s) dict_keys(['example_kubernetes_executor']) retrieved from /home/airflow/.local/lib/python3.6/site-packages/airflow/example_dags/example_kubernetes_executor.py
[2022-07-30 22:00:05,541] {logging_mixin.py:104} INFO - [2022-07-30 22:00:05,541] {dag.py:1824} INFO - Sync 1 DAGs
[2022-07-30 22:00:05,571] {logging_mixin.py:104} INFO - [2022-07-30 22:00:05,571] {dag.py:2280} INFO - Setting next_dagrun for example_kubernetes_executor to None
[2022-07-30 22:00:05,600] {scheduler_job.py:190} INFO - Processing /home/airflow/.local/lib/python3.6/site-packages/airflow/example_dags/example_kubernetes_executor.py took 0.197 seconds
[2022-07-30 22:00:36,056] {scheduler_job.py:182} INFO - Started process (PID=317) to work on /home/airflow/.local/lib/python3.6/site-packages/airflow/example_dags/example_kubernetes_executor.py
[2022-07-30 22:00:36,061] {scheduler_job.py:629} INFO - Processing file /home/airflow/.local/lib/python3.6/site-packages/airflow/example_dags/example_kubernetes_executor.py for tasks to queue
[2022-07-30 22:00:36,064] {logging_mixin.py:104} INFO - [2022-07-30 22:00:36,063] {dagbag.py:451} INFO - Filling up the DagBag from /home/airflow/.local/lib/python3.6/site-packages/airflow/example_dags/example_kubernetes_executor.py
[2022-07-30 22:00:36,137] {scheduler_job.py:639} INFO - DAG(s) dict_keys(['example_kubernetes_executor']) retrieved from /home/airflow/.local/lib/python3.6/site-packages/airflow/example_dags/example_kubernetes_executor.py
[2022-07-30 22:00:36,235] {logging_mixin.py:104} INFO - [2022-07-30 22:00:36,235] {dag.py:1824} INFO - Sync 1 DAGs
[2022-07-30 22:00:36,276] {logging_mixin.py:104} INFO - [2022-07-30 22:00:36,276] {dag.py:2280} INFO - Setting next_dagrun for example_kubernetes_executor to None
[2022-07-30 22:00:36,329] {scheduler_job.py:190} INFO - Processing /home/airflow/.local/lib/python3.6/site-packages/airflow/example_dags/example_kubernetes_executor.py took 0.280 seconds
[2022-07-30 22:01:06,535] {scheduler_job.py:182} INFO - Started process (PID=343) to work on /home/airflow/.local/lib/python3.6/site-packages/airflow/example_dags/example_kubernetes_executor.py
[2022-07-30 22:01:06,540] {scheduler_job.py:629} INFO - Processing file /home/airflow/.local/lib/python3.6/site-packages/airflow/example_dags/example_kubernetes_executor.py for tasks to queue
[2022-07-30 22:01:06,542] {logging_mixin.py:104} INFO - [2022-07-30 22:01:06,542] {dagbag.py:451} INFO - Filling up the DagBag from /home/airflow/.local/lib/python3.6/site-packages/airflow/example_dags/example_kubernetes_executor.py
[2022-07-30 22:01:06,577] {scheduler_job.py:639} INFO - DAG(s) dict_keys(['example_kubernetes_executor']) retrieved from /home/airflow/.local/lib/python3.6/site-packages/airflow/example_dags/example_kubernetes_executor.py
[2022-07-30 22:01:06,624] {logging_mixin.py:104} INFO - [2022-07-30 22:01:06,624] {dag.py:1824} INFO - Sync 1 DAGs
[2022-07-30 22:01:06,655] {logging_mixin.py:104} INFO - [2022-07-30 22:01:06,655] {dag.py:2280} INFO - Setting next_dagrun for example_kubernetes_executor to None
[2022-07-30 22:01:06,675] {scheduler_job.py:190} INFO - Processing /home/airflow/.local/lib/python3.6/site-packages/airflow/example_dags/example_kubernetes_executor.py took 0.147 seconds
[2022-07-30 22:01:37,319] {scheduler_job.py:182} INFO - Started process (PID=369) to work on /home/airflow/.local/lib/python3.6/site-packages/airflow/example_dags/example_kubernetes_executor.py
[2022-07-30 22:01:37,323] {scheduler_job.py:629} INFO - Processing file /home/airflow/.local/lib/python3.6/site-packages/airflow/example_dags/example_kubernetes_executor.py for tasks to queue
[2022-07-30 22:01:37,325] {logging_mixin.py:104} INFO - [2022-07-30 22:01:37,325] {dagbag.py:451} INFO - Filling up the DagBag from /home/airflow/.local/lib/python3.6/site-packages/airflow/example_dags/example_kubernetes_executor.py
[2022-07-30 22:01:37,359] {scheduler_job.py:639} INFO - DAG(s) dict_keys(['example_kubernetes_executor']) retrieved from /home/airflow/.local/lib/python3.6/site-packages/airflow/example_dags/example_kubernetes_executor.py
[2022-07-30 22:01:37,391] {logging_mixin.py:104} INFO - [2022-07-30 22:01:37,391] {dag.py:1824} INFO - Sync 1 DAGs
[2022-07-30 22:01:37,410] {logging_mixin.py:104} INFO - [2022-07-30 22:01:37,410] {dag.py:2280} INFO - Setting next_dagrun for example_kubernetes_executor to None
[2022-07-30 22:01:37,427] {scheduler_job.py:190} INFO - Processing /home/airflow/.local/lib/python3.6/site-packages/airflow/example_dags/example_kubernetes_executor.py took 0.116 seconds
[2022-07-30 22:02:08,011] {scheduler_job.py:182} INFO - Started process (PID=395) to work on /home/airflow/.local/lib/python3.6/site-packages/airflow/example_dags/example_kubernetes_executor.py
[2022-07-30 22:02:08,013] {scheduler_job.py:629} INFO - Processing file /home/airflow/.local/lib/python3.6/site-packages/airflow/example_dags/example_kubernetes_executor.py for tasks to queue
[2022-07-30 22:02:08,015] {logging_mixin.py:104} INFO - [2022-07-30 22:02:08,015] {dagbag.py:451} INFO - Filling up the DagBag from /home/airflow/.local/lib/python3.6/site-packages/airflow/example_dags/example_kubernetes_executor.py
[2022-07-30 22:02:08,082] {scheduler_job.py:639} INFO - DAG(s) dict_keys(['example_kubernetes_executor']) retrieved from /home/airflow/.local/lib/python3.6/site-packages/airflow/example_dags/example_kubernetes_executor.py
[2022-07-30 22:02:08,228] {logging_mixin.py:104} INFO - [2022-07-30 22:02:08,228] {dag.py:1824} INFO - Sync 1 DAGs
[2022-07-30 22:02:08,423] {logging_mixin.py:104} INFO - [2022-07-30 22:02:08,412] {dag.py:2280} INFO - Setting next_dagrun for example_kubernetes_executor to None
[2022-07-30 22:02:08,490] {scheduler_job.py:190} INFO - Processing /home/airflow/.local/lib/python3.6/site-packages/airflow/example_dags/example_kubernetes_executor.py took 0.486 seconds
[2022-07-30 22:02:39,215] {scheduler_job.py:182} INFO - Started process (PID=421) to work on /home/airflow/.local/lib/python3.6/site-packages/airflow/example_dags/example_kubernetes_executor.py
[2022-07-30 22:02:39,243] {scheduler_job.py:629} INFO - Processing file /home/airflow/.local/lib/python3.6/site-packages/airflow/example_dags/example_kubernetes_executor.py for tasks to queue
[2022-07-30 22:02:39,247] {logging_mixin.py:104} INFO - [2022-07-30 22:02:39,246] {dagbag.py:451} INFO - Filling up the DagBag from /home/airflow/.local/lib/python3.6/site-packages/airflow/example_dags/example_kubernetes_executor.py
[2022-07-30 22:02:39,280] {scheduler_job.py:639} INFO - DAG(s) dict_keys(['example_kubernetes_executor']) retrieved from /home/airflow/.local/lib/python3.6/site-packages/airflow/example_dags/example_kubernetes_executor.py
[2022-07-30 22:02:39,313] {logging_mixin.py:104} INFO - [2022-07-30 22:02:39,313] {dag.py:1824} INFO - Sync 1 DAGs
[2022-07-30 22:02:39,334] {logging_mixin.py:104} INFO - [2022-07-30 22:02:39,334] {dag.py:2280} INFO - Setting next_dagrun for example_kubernetes_executor to None
[2022-07-30 22:02:39,361] {scheduler_job.py:190} INFO - Processing /home/airflow/.local/lib/python3.6/site-packages/airflow/example_dags/example_kubernetes_executor.py took 0.158 seconds
[2022-07-30 22:03:10,153] {scheduler_job.py:182} INFO - Started process (PID=447) to work on /home/airflow/.local/lib/python3.6/site-packages/airflow/example_dags/example_kubernetes_executor.py
[2022-07-30 22:03:10,158] {scheduler_job.py:629} INFO - Processing file /home/airflow/.local/lib/python3.6/site-packages/airflow/example_dags/example_kubernetes_executor.py for tasks to queue
[2022-07-30 22:03:10,159] {logging_mixin.py:104} INFO - [2022-07-30 22:03:10,159] {dagbag.py:451} INFO - Filling up the DagBag from /home/airflow/.local/lib/python3.6/site-packages/airflow/example_dags/example_kubernetes_executor.py
[2022-07-30 22:03:10,191] {scheduler_job.py:639} INFO - DAG(s) dict_keys(['example_kubernetes_executor']) retrieved from /home/airflow/.local/lib/python3.6/site-packages/airflow/example_dags/example_kubernetes_executor.py
[2022-07-30 22:03:10,231] {logging_mixin.py:104} INFO - [2022-07-30 22:03:10,230] {dag.py:1824} INFO - Sync 1 DAGs
[2022-07-30 22:03:10,268] {logging_mixin.py:104} INFO - [2022-07-30 22:03:10,268] {dag.py:2280} INFO - Setting next_dagrun for example_kubernetes_executor to None
[2022-07-30 22:03:10,329] {scheduler_job.py:190} INFO - Processing /home/airflow/.local/lib/python3.6/site-packages/airflow/example_dags/example_kubernetes_executor.py took 0.181 seconds
[2022-07-30 22:03:41,323] {scheduler_job.py:182} INFO - Started process (PID=473) to work on /home/airflow/.local/lib/python3.6/site-packages/airflow/example_dags/example_kubernetes_executor.py
[2022-07-30 22:03:41,326] {scheduler_job.py:629} INFO - Processing file /home/airflow/.local/lib/python3.6/site-packages/airflow/example_dags/example_kubernetes_executor.py for tasks to queue
[2022-07-30 22:03:41,328] {logging_mixin.py:104} INFO - [2022-07-30 22:03:41,328] {dagbag.py:451} INFO - Filling up the DagBag from /home/airflow/.local/lib/python3.6/site-packages/airflow/example_dags/example_kubernetes_executor.py
[2022-07-30 22:03:41,360] {scheduler_job.py:639} INFO - DAG(s) dict_keys(['example_kubernetes_executor']) retrieved from /home/airflow/.local/lib/python3.6/site-packages/airflow/example_dags/example_kubernetes_executor.py
[2022-07-30 22:03:41,396] {logging_mixin.py:104} INFO - [2022-07-30 22:03:41,396] {dag.py:1824} INFO - Sync 1 DAGs
[2022-07-30 22:03:41,421] {logging_mixin.py:104} INFO - [2022-07-30 22:03:41,421] {dag.py:2280} INFO - Setting next_dagrun for example_kubernetes_executor to None
[2022-07-30 22:03:41,472] {scheduler_job.py:190} INFO - Processing /home/airflow/.local/lib/python3.6/site-packages/airflow/example_dags/example_kubernetes_executor.py took 0.156 seconds
[2022-07-30 22:04:12,400] {scheduler_job.py:182} INFO - Started process (PID=499) to work on /home/airflow/.local/lib/python3.6/site-packages/airflow/example_dags/example_kubernetes_executor.py
[2022-07-30 22:04:12,409] {scheduler_job.py:629} INFO - Processing file /home/airflow/.local/lib/python3.6/site-packages/airflow/example_dags/example_kubernetes_executor.py for tasks to queue
[2022-07-30 22:04:12,411] {logging_mixin.py:104} INFO - [2022-07-30 22:04:12,411] {dagbag.py:451} INFO - Filling up the DagBag from /home/airflow/.local/lib/python3.6/site-packages/airflow/example_dags/example_kubernetes_executor.py
[2022-07-30 22:04:12,468] {scheduler_job.py:639} INFO - DAG(s) dict_keys(['example_kubernetes_executor']) retrieved from /home/airflow/.local/lib/python3.6/site-packages/airflow/example_dags/example_kubernetes_executor.py
[2022-07-30 22:04:12,587] {logging_mixin.py:104} INFO - [2022-07-30 22:04:12,587] {dag.py:1824} INFO - Sync 1 DAGs
[2022-07-30 22:04:12,662] {logging_mixin.py:104} INFO - [2022-07-30 22:04:12,662] {dag.py:2280} INFO - Setting next_dagrun for example_kubernetes_executor to None
[2022-07-30 22:04:12,806] {scheduler_job.py:190} INFO - Processing /home/airflow/.local/lib/python3.6/site-packages/airflow/example_dags/example_kubernetes_executor.py took 0.413 seconds
[2022-07-30 22:04:43,231] {scheduler_job.py:182} INFO - Started process (PID=525) to work on /home/airflow/.local/lib/python3.6/site-packages/airflow/example_dags/example_kubernetes_executor.py
[2022-07-30 22:04:43,243] {scheduler_job.py:629} INFO - Processing file /home/airflow/.local/lib/python3.6/site-packages/airflow/example_dags/example_kubernetes_executor.py for tasks to queue
[2022-07-30 22:04:43,245] {logging_mixin.py:104} INFO - [2022-07-30 22:04:43,245] {dagbag.py:451} INFO - Filling up the DagBag from /home/airflow/.local/lib/python3.6/site-packages/airflow/example_dags/example_kubernetes_executor.py
[2022-07-30 22:04:43,316] {scheduler_job.py:639} INFO - DAG(s) dict_keys(['example_kubernetes_executor']) retrieved from /home/airflow/.local/lib/python3.6/site-packages/airflow/example_dags/example_kubernetes_executor.py
[2022-07-30 22:04:43,394] {logging_mixin.py:104} INFO - [2022-07-30 22:04:43,394] {dag.py:1824} INFO - Sync 1 DAGs
[2022-07-30 22:04:43,436] {logging_mixin.py:104} INFO - [2022-07-30 22:04:43,435] {dag.py:2280} INFO - Setting next_dagrun for example_kubernetes_executor to None
[2022-07-30 22:04:43,452] {scheduler_job.py:190} INFO - Processing /home/airflow/.local/lib/python3.6/site-packages/airflow/example_dags/example_kubernetes_executor.py took 0.228 seconds
[2022-07-30 22:05:14,450] {scheduler_job.py:182} INFO - Started process (PID=551) to work on /home/airflow/.local/lib/python3.6/site-packages/airflow/example_dags/example_kubernetes_executor.py
[2022-07-30 22:05:14,454] {scheduler_job.py:629} INFO - Processing file /home/airflow/.local/lib/python3.6/site-packages/airflow/example_dags/example_kubernetes_executor.py for tasks to queue
[2022-07-30 22:05:14,457] {logging_mixin.py:104} INFO - [2022-07-30 22:05:14,456] {dagbag.py:451} INFO - Filling up the DagBag from /home/airflow/.local/lib/python3.6/site-packages/airflow/example_dags/example_kubernetes_executor.py
[2022-07-30 22:05:14,513] {scheduler_job.py:639} INFO - DAG(s) dict_keys(['example_kubernetes_executor']) retrieved from /home/airflow/.local/lib/python3.6/site-packages/airflow/example_dags/example_kubernetes_executor.py
[2022-07-30 22:05:14,560] {logging_mixin.py:104} INFO - [2022-07-30 22:05:14,559] {dag.py:1824} INFO - Sync 1 DAGs
[2022-07-30 22:05:14,585] {logging_mixin.py:104} INFO - [2022-07-30 22:05:14,585] {dag.py:2280} INFO - Setting next_dagrun for example_kubernetes_executor to None
[2022-07-30 22:05:14,615] {scheduler_job.py:190} INFO - Processing /home/airflow/.local/lib/python3.6/site-packages/airflow/example_dags/example_kubernetes_executor.py took 0.176 seconds
[2022-07-30 22:05:45,153] {scheduler_job.py:182} INFO - Started process (PID=577) to work on /home/airflow/.local/lib/python3.6/site-packages/airflow/example_dags/example_kubernetes_executor.py
[2022-07-30 22:05:45,156] {scheduler_job.py:629} INFO - Processing file /home/airflow/.local/lib/python3.6/site-packages/airflow/example_dags/example_kubernetes_executor.py for tasks to queue
[2022-07-30 22:05:45,159] {logging_mixin.py:104} INFO - [2022-07-30 22:05:45,157] {dagbag.py:451} INFO - Filling up the DagBag from /home/airflow/.local/lib/python3.6/site-packages/airflow/example_dags/example_kubernetes_executor.py
[2022-07-30 22:05:45,218] {scheduler_job.py:639} INFO - DAG(s) dict_keys(['example_kubernetes_executor']) retrieved from /home/airflow/.local/lib/python3.6/site-packages/airflow/example_dags/example_kubernetes_executor.py
[2022-07-30 22:05:45,272] {logging_mixin.py:104} INFO - [2022-07-30 22:05:45,272] {dag.py:1824} INFO - Sync 1 DAGs
[2022-07-30 22:05:45,300] {logging_mixin.py:104} INFO - [2022-07-30 22:05:45,300] {dag.py:2280} INFO - Setting next_dagrun for example_kubernetes_executor to None
[2022-07-30 22:05:45,327] {scheduler_job.py:190} INFO - Processing /home/airflow/.local/lib/python3.6/site-packages/airflow/example_dags/example_kubernetes_executor.py took 0.180 seconds
[2022-07-30 22:06:15,859] {scheduler_job.py:182} INFO - Started process (PID=603) to work on /home/airflow/.local/lib/python3.6/site-packages/airflow/example_dags/example_kubernetes_executor.py
[2022-07-30 22:06:15,862] {scheduler_job.py:629} INFO - Processing file /home/airflow/.local/lib/python3.6/site-packages/airflow/example_dags/example_kubernetes_executor.py for tasks to queue
[2022-07-30 22:06:15,864] {logging_mixin.py:104} INFO - [2022-07-30 22:06:15,863] {dagbag.py:451} INFO - Filling up the DagBag from /home/airflow/.local/lib/python3.6/site-packages/airflow/example_dags/example_kubernetes_executor.py
[2022-07-30 22:06:15,884] {scheduler_job.py:639} INFO - DAG(s) dict_keys(['example_kubernetes_executor']) retrieved from /home/airflow/.local/lib/python3.6/site-packages/airflow/example_dags/example_kubernetes_executor.py
[2022-07-30 22:06:15,933] {logging_mixin.py:104} INFO - [2022-07-30 22:06:15,932] {dag.py:1824} INFO - Sync 1 DAGs
[2022-07-30 22:06:15,961] {logging_mixin.py:104} INFO - [2022-07-30 22:06:15,961] {dag.py:2280} INFO - Setting next_dagrun for example_kubernetes_executor to None
[2022-07-30 22:06:15,980] {scheduler_job.py:190} INFO - Processing /home/airflow/.local/lib/python3.6/site-packages/airflow/example_dags/example_kubernetes_executor.py took 0.127 seconds
[2022-07-30 22:06:46,329] {scheduler_job.py:182} INFO - Started process (PID=629) to work on /home/airflow/.local/lib/python3.6/site-packages/airflow/example_dags/example_kubernetes_executor.py
[2022-07-30 22:06:46,331] {scheduler_job.py:629} INFO - Processing file /home/airflow/.local/lib/python3.6/site-packages/airflow/example_dags/example_kubernetes_executor.py for tasks to queue
[2022-07-30 22:06:46,333] {logging_mixin.py:104} INFO - [2022-07-30 22:06:46,333] {dagbag.py:451} INFO - Filling up the DagBag from /home/airflow/.local/lib/python3.6/site-packages/airflow/example_dags/example_kubernetes_executor.py
[2022-07-30 22:06:46,373] {scheduler_job.py:639} INFO - DAG(s) dict_keys(['example_kubernetes_executor']) retrieved from /home/airflow/.local/lib/python3.6/site-packages/airflow/example_dags/example_kubernetes_executor.py
[2022-07-30 22:06:46,485] {logging_mixin.py:104} INFO - [2022-07-30 22:06:46,485] {dag.py:1824} INFO - Sync 1 DAGs
[2022-07-30 22:06:46,594] {logging_mixin.py:104} INFO - [2022-07-30 22:06:46,593] {dag.py:2280} INFO - Setting next_dagrun for example_kubernetes_executor to None
[2022-07-30 22:06:46,644] {scheduler_job.py:190} INFO - Processing /home/airflow/.local/lib/python3.6/site-packages/airflow/example_dags/example_kubernetes_executor.py took 0.320 seconds
[2022-07-30 22:07:17,056] {scheduler_job.py:182} INFO - Started process (PID=655) to work on /home/airflow/.local/lib/python3.6/site-packages/airflow/example_dags/example_kubernetes_executor.py
[2022-07-30 22:07:17,058] {scheduler_job.py:629} INFO - Processing file /home/airflow/.local/lib/python3.6/site-packages/airflow/example_dags/example_kubernetes_executor.py for tasks to queue
[2022-07-30 22:07:17,062] {logging_mixin.py:104} INFO - [2022-07-30 22:07:17,060] {dagbag.py:451} INFO - Filling up the DagBag from /home/airflow/.local/lib/python3.6/site-packages/airflow/example_dags/example_kubernetes_executor.py
[2022-07-30 22:07:17,088] {scheduler_job.py:639} INFO - DAG(s) dict_keys(['example_kubernetes_executor']) retrieved from /home/airflow/.local/lib/python3.6/site-packages/airflow/example_dags/example_kubernetes_executor.py
[2022-07-30 22:07:17,439] {logging_mixin.py:104} INFO - [2022-07-30 22:07:17,438] {dag.py:1824} INFO - Sync 1 DAGs
[2022-07-30 22:07:17,528] {logging_mixin.py:104} INFO - [2022-07-30 22:07:17,527] {dag.py:2280} INFO - Setting next_dagrun for example_kubernetes_executor to None
[2022-07-30 22:07:17,588] {scheduler_job.py:190} INFO - Processing /home/airflow/.local/lib/python3.6/site-packages/airflow/example_dags/example_kubernetes_executor.py took 0.536 seconds
[2022-07-30 22:07:48,394] {scheduler_job.py:182} INFO - Started process (PID=681) to work on /home/airflow/.local/lib/python3.6/site-packages/airflow/example_dags/example_kubernetes_executor.py
[2022-07-30 22:07:48,403] {scheduler_job.py:629} INFO - Processing file /home/airflow/.local/lib/python3.6/site-packages/airflow/example_dags/example_kubernetes_executor.py for tasks to queue
[2022-07-30 22:07:48,407] {logging_mixin.py:104} INFO - [2022-07-30 22:07:48,406] {dagbag.py:451} INFO - Filling up the DagBag from /home/airflow/.local/lib/python3.6/site-packages/airflow/example_dags/example_kubernetes_executor.py
[2022-07-30 22:07:48,439] {scheduler_job.py:639} INFO - DAG(s) dict_keys(['example_kubernetes_executor']) retrieved from /home/airflow/.local/lib/python3.6/site-packages/airflow/example_dags/example_kubernetes_executor.py
[2022-07-30 22:07:48,476] {logging_mixin.py:104} INFO - [2022-07-30 22:07:48,476] {dag.py:1824} INFO - Sync 1 DAGs
[2022-07-30 22:07:48,497] {logging_mixin.py:104} INFO - [2022-07-30 22:07:48,497] {dag.py:2280} INFO - Setting next_dagrun for example_kubernetes_executor to None
[2022-07-30 22:07:48,521] {scheduler_job.py:190} INFO - Processing /home/airflow/.local/lib/python3.6/site-packages/airflow/example_dags/example_kubernetes_executor.py took 0.139 seconds
[2022-07-30 22:08:18,590] {scheduler_job.py:182} INFO - Started process (PID=707) to work on /home/airflow/.local/lib/python3.6/site-packages/airflow/example_dags/example_kubernetes_executor.py
[2022-07-30 22:08:18,593] {scheduler_job.py:629} INFO - Processing file /home/airflow/.local/lib/python3.6/site-packages/airflow/example_dags/example_kubernetes_executor.py for tasks to queue
[2022-07-30 22:08:18,594] {logging_mixin.py:104} INFO - [2022-07-30 22:08:18,594] {dagbag.py:451} INFO - Filling up the DagBag from /home/airflow/.local/lib/python3.6/site-packages/airflow/example_dags/example_kubernetes_executor.py
[2022-07-30 22:08:18,619] {scheduler_job.py:639} INFO - DAG(s) dict_keys(['example_kubernetes_executor']) retrieved from /home/airflow/.local/lib/python3.6/site-packages/airflow/example_dags/example_kubernetes_executor.py
[2022-07-30 22:08:18,663] {logging_mixin.py:104} INFO - [2022-07-30 22:08:18,663] {dag.py:1824} INFO - Sync 1 DAGs
[2022-07-30 22:08:18,693] {logging_mixin.py:104} INFO - [2022-07-30 22:08:18,693] {dag.py:2280} INFO - Setting next_dagrun for example_kubernetes_executor to None
[2022-07-30 22:08:18,716] {scheduler_job.py:190} INFO - Processing /home/airflow/.local/lib/python3.6/site-packages/airflow/example_dags/example_kubernetes_executor.py took 0.132 seconds
[2022-07-30 22:08:49,045] {scheduler_job.py:182} INFO - Started process (PID=733) to work on /home/airflow/.local/lib/python3.6/site-packages/airflow/example_dags/example_kubernetes_executor.py
[2022-07-30 22:08:49,051] {scheduler_job.py:629} INFO - Processing file /home/airflow/.local/lib/python3.6/site-packages/airflow/example_dags/example_kubernetes_executor.py for tasks to queue
[2022-07-30 22:08:49,054] {logging_mixin.py:104} INFO - [2022-07-30 22:08:49,053] {dagbag.py:451} INFO - Filling up the DagBag from /home/airflow/.local/lib/python3.6/site-packages/airflow/example_dags/example_kubernetes_executor.py
[2022-07-30 22:08:49,105] {scheduler_job.py:639} INFO - DAG(s) dict_keys(['example_kubernetes_executor']) retrieved from /home/airflow/.local/lib/python3.6/site-packages/airflow/example_dags/example_kubernetes_executor.py
[2022-07-30 22:08:49,143] {logging_mixin.py:104} INFO - [2022-07-30 22:08:49,143] {dag.py:1824} INFO - Sync 1 DAGs
[2022-07-30 22:08:49,163] {logging_mixin.py:104} INFO - [2022-07-30 22:08:49,162] {dag.py:2280} INFO - Setting next_dagrun for example_kubernetes_executor to None
[2022-07-30 22:08:49,176] {scheduler_job.py:190} INFO - Processing /home/airflow/.local/lib/python3.6/site-packages/airflow/example_dags/example_kubernetes_executor.py took 0.138 seconds
[2022-07-30 22:09:20,765] {scheduler_job.py:182} INFO - Started process (PID=759) to work on /home/airflow/.local/lib/python3.6/site-packages/airflow/example_dags/example_kubernetes_executor.py
[2022-07-30 22:09:20,768] {scheduler_job.py:629} INFO - Processing file /home/airflow/.local/lib/python3.6/site-packages/airflow/example_dags/example_kubernetes_executor.py for tasks to queue
[2022-07-30 22:09:20,769] {logging_mixin.py:104} INFO - [2022-07-30 22:09:20,769] {dagbag.py:451} INFO - Filling up the DagBag from /home/airflow/.local/lib/python3.6/site-packages/airflow/example_dags/example_kubernetes_executor.py
[2022-07-30 22:09:20,787] {scheduler_job.py:639} INFO - DAG(s) dict_keys(['example_kubernetes_executor']) retrieved from /home/airflow/.local/lib/python3.6/site-packages/airflow/example_dags/example_kubernetes_executor.py
[2022-07-30 22:09:20,815] {logging_mixin.py:104} INFO - [2022-07-30 22:09:20,814] {dag.py:1824} INFO - Sync 1 DAGs
[2022-07-30 22:09:20,835] {logging_mixin.py:104} INFO - [2022-07-30 22:09:20,835] {dag.py:2280} INFO - Setting next_dagrun for example_kubernetes_executor to None
[2022-07-30 22:09:20,855] {scheduler_job.py:190} INFO - Processing /home/airflow/.local/lib/python3.6/site-packages/airflow/example_dags/example_kubernetes_executor.py took 0.097 seconds
[2022-07-30 22:09:51,344] {scheduler_job.py:182} INFO - Started process (PID=780) to work on /home/airflow/.local/lib/python3.6/site-packages/airflow/example_dags/example_kubernetes_executor.py
[2022-07-30 22:09:51,351] {scheduler_job.py:629} INFO - Processing file /home/airflow/.local/lib/python3.6/site-packages/airflow/example_dags/example_kubernetes_executor.py for tasks to queue
[2022-07-30 22:09:51,355] {logging_mixin.py:104} INFO - [2022-07-30 22:09:51,355] {dagbag.py:451} INFO - Filling up the DagBag from /home/airflow/.local/lib/python3.6/site-packages/airflow/example_dags/example_kubernetes_executor.py
[2022-07-30 22:09:51,396] {scheduler_job.py:639} INFO - DAG(s) dict_keys(['example_kubernetes_executor']) retrieved from /home/airflow/.local/lib/python3.6/site-packages/airflow/example_dags/example_kubernetes_executor.py
[2022-07-30 22:09:51,433] {logging_mixin.py:104} INFO - [2022-07-30 22:09:51,433] {dag.py:1824} INFO - Sync 1 DAGs
[2022-07-30 22:09:51,491] {logging_mixin.py:104} INFO - [2022-07-30 22:09:51,491] {dag.py:2280} INFO - Setting next_dagrun for example_kubernetes_executor to None
[2022-07-30 22:09:51,523] {scheduler_job.py:190} INFO - Processing /home/airflow/.local/lib/python3.6/site-packages/airflow/example_dags/example_kubernetes_executor.py took 0.192 seconds
[2022-07-30 22:10:21,757] {scheduler_job.py:182} INFO - Started process (PID=807) to work on /home/airflow/.local/lib/python3.6/site-packages/airflow/example_dags/example_kubernetes_executor.py
[2022-07-30 22:10:21,767] {scheduler_job.py:629} INFO - Processing file /home/airflow/.local/lib/python3.6/site-packages/airflow/example_dags/example_kubernetes_executor.py for tasks to queue
[2022-07-30 22:10:21,771] {logging_mixin.py:104} INFO - [2022-07-30 22:10:21,771] {dagbag.py:451} INFO - Filling up the DagBag from /home/airflow/.local/lib/python3.6/site-packages/airflow/example_dags/example_kubernetes_executor.py
[2022-07-30 22:10:21,808] {scheduler_job.py:639} INFO - DAG(s) dict_keys(['example_kubernetes_executor']) retrieved from /home/airflow/.local/lib/python3.6/site-packages/airflow/example_dags/example_kubernetes_executor.py
[2022-07-30 22:10:21,844] {logging_mixin.py:104} INFO - [2022-07-30 22:10:21,844] {dag.py:1824} INFO - Sync 1 DAGs
[2022-07-30 22:10:21,871] {logging_mixin.py:104} INFO - [2022-07-30 22:10:21,871] {dag.py:2280} INFO - Setting next_dagrun for example_kubernetes_executor to None
[2022-07-30 22:10:21,892] {scheduler_job.py:190} INFO - Processing /home/airflow/.local/lib/python3.6/site-packages/airflow/example_dags/example_kubernetes_executor.py took 0.142 seconds
[2022-07-30 22:10:52,507] {scheduler_job.py:182} INFO - Started process (PID=834) to work on /home/airflow/.local/lib/python3.6/site-packages/airflow/example_dags/example_kubernetes_executor.py
[2022-07-30 22:10:52,509] {scheduler_job.py:629} INFO - Processing file /home/airflow/.local/lib/python3.6/site-packages/airflow/example_dags/example_kubernetes_executor.py for tasks to queue
[2022-07-30 22:10:52,511] {logging_mixin.py:104} INFO - [2022-07-30 22:10:52,511] {dagbag.py:451} INFO - Filling up the DagBag from /home/airflow/.local/lib/python3.6/site-packages/airflow/example_dags/example_kubernetes_executor.py
[2022-07-30 22:10:52,531] {scheduler_job.py:639} INFO - DAG(s) dict_keys(['example_kubernetes_executor']) retrieved from /home/airflow/.local/lib/python3.6/site-packages/airflow/example_dags/example_kubernetes_executor.py
[2022-07-30 22:10:52,565] {logging_mixin.py:104} INFO - [2022-07-30 22:10:52,565] {dag.py:1824} INFO - Sync 1 DAGs
[2022-07-30 22:10:52,588] {logging_mixin.py:104} INFO - [2022-07-30 22:10:52,588] {dag.py:2280} INFO - Setting next_dagrun for example_kubernetes_executor to None
[2022-07-30 22:10:52,605] {scheduler_job.py:190} INFO - Processing /home/airflow/.local/lib/python3.6/site-packages/airflow/example_dags/example_kubernetes_executor.py took 0.104 seconds
[2022-07-30 22:11:23,561] {scheduler_job.py:182} INFO - Started process (PID=861) to work on /home/airflow/.local/lib/python3.6/site-packages/airflow/example_dags/example_kubernetes_executor.py
[2022-07-30 22:11:23,563] {scheduler_job.py:629} INFO - Processing file /home/airflow/.local/lib/python3.6/site-packages/airflow/example_dags/example_kubernetes_executor.py for tasks to queue
[2022-07-30 22:11:23,564] {logging_mixin.py:104} INFO - [2022-07-30 22:11:23,564] {dagbag.py:451} INFO - Filling up the DagBag from /home/airflow/.local/lib/python3.6/site-packages/airflow/example_dags/example_kubernetes_executor.py
[2022-07-30 22:11:23,581] {scheduler_job.py:639} INFO - DAG(s) dict_keys(['example_kubernetes_executor']) retrieved from /home/airflow/.local/lib/python3.6/site-packages/airflow/example_dags/example_kubernetes_executor.py
[2022-07-30 22:11:23,614] {logging_mixin.py:104} INFO - [2022-07-30 22:11:23,614] {dag.py:1824} INFO - Sync 1 DAGs
[2022-07-30 22:11:23,636] {logging_mixin.py:104} INFO - [2022-07-30 22:11:23,636] {dag.py:2280} INFO - Setting next_dagrun for example_kubernetes_executor to None
[2022-07-30 22:11:23,653] {scheduler_job.py:190} INFO - Processing /home/airflow/.local/lib/python3.6/site-packages/airflow/example_dags/example_kubernetes_executor.py took 0.097 seconds
[2022-07-30 22:11:54,192] {scheduler_job.py:182} INFO - Started process (PID=887) to work on /home/airflow/.local/lib/python3.6/site-packages/airflow/example_dags/example_kubernetes_executor.py
[2022-07-30 22:11:54,194] {scheduler_job.py:629} INFO - Processing file /home/airflow/.local/lib/python3.6/site-packages/airflow/example_dags/example_kubernetes_executor.py for tasks to queue
[2022-07-30 22:11:54,196] {logging_mixin.py:104} INFO - [2022-07-30 22:11:54,195] {dagbag.py:451} INFO - Filling up the DagBag from /home/airflow/.local/lib/python3.6/site-packages/airflow/example_dags/example_kubernetes_executor.py
[2022-07-30 22:11:54,212] {scheduler_job.py:639} INFO - DAG(s) dict_keys(['example_kubernetes_executor']) retrieved from /home/airflow/.local/lib/python3.6/site-packages/airflow/example_dags/example_kubernetes_executor.py
[2022-07-30 22:11:54,241] {logging_mixin.py:104} INFO - [2022-07-30 22:11:54,241] {dag.py:1824} INFO - Sync 1 DAGs
[2022-07-30 22:11:54,263] {logging_mixin.py:104} INFO - [2022-07-30 22:11:54,263] {dag.py:2280} INFO - Setting next_dagrun for example_kubernetes_executor to None
[2022-07-30 22:11:54,280] {scheduler_job.py:190} INFO - Processing /home/airflow/.local/lib/python3.6/site-packages/airflow/example_dags/example_kubernetes_executor.py took 0.091 seconds
[2022-07-30 22:12:25,690] {scheduler_job.py:182} INFO - Started process (PID=915) to work on /home/airflow/.local/lib/python3.6/site-packages/airflow/example_dags/example_kubernetes_executor.py
[2022-07-30 22:12:25,704] {scheduler_job.py:629} INFO - Processing file /home/airflow/.local/lib/python3.6/site-packages/airflow/example_dags/example_kubernetes_executor.py for tasks to queue
[2022-07-30 22:12:25,786] {logging_mixin.py:104} INFO - [2022-07-30 22:12:25,786] {dagbag.py:451} INFO - Filling up the DagBag from /home/airflow/.local/lib/python3.6/site-packages/airflow/example_dags/example_kubernetes_executor.py
[2022-07-30 22:12:25,885] {scheduler_job.py:639} INFO - DAG(s) dict_keys(['example_kubernetes_executor']) retrieved from /home/airflow/.local/lib/python3.6/site-packages/airflow/example_dags/example_kubernetes_executor.py
[2022-07-30 22:12:25,978] {logging_mixin.py:104} INFO - [2022-07-30 22:12:25,978] {dag.py:1824} INFO - Sync 1 DAGs
[2022-07-30 22:12:26,009] {logging_mixin.py:104} INFO - [2022-07-30 22:12:26,009] {dag.py:2280} INFO - Setting next_dagrun for example_kubernetes_executor to None
[2022-07-30 22:12:26,040] {scheduler_job.py:190} INFO - Processing /home/airflow/.local/lib/python3.6/site-packages/airflow/example_dags/example_kubernetes_executor.py took 0.357 seconds
[2022-07-30 22:12:56,243] {scheduler_job.py:182} INFO - Started process (PID=941) to work on /home/airflow/.local/lib/python3.6/site-packages/airflow/example_dags/example_kubernetes_executor.py
[2022-07-30 22:12:56,246] {scheduler_job.py:629} INFO - Processing file /home/airflow/.local/lib/python3.6/site-packages/airflow/example_dags/example_kubernetes_executor.py for tasks to queue
[2022-07-30 22:12:56,247] {logging_mixin.py:104} INFO - [2022-07-30 22:12:56,247] {dagbag.py:451} INFO - Filling up the DagBag from /home/airflow/.local/lib/python3.6/site-packages/airflow/example_dags/example_kubernetes_executor.py
[2022-07-30 22:12:56,268] {scheduler_job.py:639} INFO - DAG(s) dict_keys(['example_kubernetes_executor']) retrieved from /home/airflow/.local/lib/python3.6/site-packages/airflow/example_dags/example_kubernetes_executor.py
[2022-07-30 22:12:56,296] {logging_mixin.py:104} INFO - [2022-07-30 22:12:56,296] {dag.py:1824} INFO - Sync 1 DAGs
[2022-07-30 22:12:56,316] {logging_mixin.py:104} INFO - [2022-07-30 22:12:56,316] {dag.py:2280} INFO - Setting next_dagrun for example_kubernetes_executor to None
[2022-07-30 22:12:56,345] {scheduler_job.py:190} INFO - Processing /home/airflow/.local/lib/python3.6/site-packages/airflow/example_dags/example_kubernetes_executor.py took 0.106 seconds
[2022-07-30 22:13:26,623] {scheduler_job.py:182} INFO - Started process (PID=961) to work on /home/airflow/.local/lib/python3.6/site-packages/airflow/example_dags/example_kubernetes_executor.py
[2022-07-30 22:13:26,626] {scheduler_job.py:629} INFO - Processing file /home/airflow/.local/lib/python3.6/site-packages/airflow/example_dags/example_kubernetes_executor.py for tasks to queue
[2022-07-30 22:13:26,628] {logging_mixin.py:104} INFO - [2022-07-30 22:13:26,628] {dagbag.py:451} INFO - Filling up the DagBag from /home/airflow/.local/lib/python3.6/site-packages/airflow/example_dags/example_kubernetes_executor.py
[2022-07-30 22:13:26,664] {scheduler_job.py:639} INFO - DAG(s) dict_keys(['example_kubernetes_executor']) retrieved from /home/airflow/.local/lib/python3.6/site-packages/airflow/example_dags/example_kubernetes_executor.py
[2022-07-30 22:13:26,728] {logging_mixin.py:104} INFO - [2022-07-30 22:13:26,727] {dag.py:1824} INFO - Sync 1 DAGs
[2022-07-30 22:13:26,770] {logging_mixin.py:104} INFO - [2022-07-30 22:13:26,770] {dag.py:2280} INFO - Setting next_dagrun for example_kubernetes_executor to None
[2022-07-30 22:13:26,821] {scheduler_job.py:190} INFO - Processing /home/airflow/.local/lib/python3.6/site-packages/airflow/example_dags/example_kubernetes_executor.py took 0.205 seconds
[2022-07-30 22:13:58,063] {scheduler_job.py:182} INFO - Started process (PID=990) to work on /home/airflow/.local/lib/python3.6/site-packages/airflow/example_dags/example_kubernetes_executor.py
[2022-07-30 22:13:58,065] {scheduler_job.py:629} INFO - Processing file /home/airflow/.local/lib/python3.6/site-packages/airflow/example_dags/example_kubernetes_executor.py for tasks to queue
[2022-07-30 22:13:58,067] {logging_mixin.py:104} INFO - [2022-07-30 22:13:58,067] {dagbag.py:451} INFO - Filling up the DagBag from /home/airflow/.local/lib/python3.6/site-packages/airflow/example_dags/example_kubernetes_executor.py
[2022-07-30 22:13:58,100] {scheduler_job.py:639} INFO - DAG(s) dict_keys(['example_kubernetes_executor']) retrieved from /home/airflow/.local/lib/python3.6/site-packages/airflow/example_dags/example_kubernetes_executor.py
[2022-07-30 22:13:58,141] {logging_mixin.py:104} INFO - [2022-07-30 22:13:58,141] {dag.py:1824} INFO - Sync 1 DAGs
[2022-07-30 22:13:58,169] {logging_mixin.py:104} INFO - [2022-07-30 22:13:58,169] {dag.py:2280} INFO - Setting next_dagrun for example_kubernetes_executor to None
[2022-07-30 22:13:58,187] {scheduler_job.py:190} INFO - Processing /home/airflow/.local/lib/python3.6/site-packages/airflow/example_dags/example_kubernetes_executor.py took 0.129 seconds
[2022-07-30 22:14:28,510] {scheduler_job.py:182} INFO - Started process (PID=1013) to work on /home/airflow/.local/lib/python3.6/site-packages/airflow/example_dags/example_kubernetes_executor.py
[2022-07-30 22:14:28,512] {scheduler_job.py:629} INFO - Processing file /home/airflow/.local/lib/python3.6/site-packages/airflow/example_dags/example_kubernetes_executor.py for tasks to queue
[2022-07-30 22:14:28,515] {logging_mixin.py:104} INFO - [2022-07-30 22:14:28,514] {dagbag.py:451} INFO - Filling up the DagBag from /home/airflow/.local/lib/python3.6/site-packages/airflow/example_dags/example_kubernetes_executor.py
[2022-07-30 22:14:28,535] {scheduler_job.py:639} INFO - DAG(s) dict_keys(['example_kubernetes_executor']) retrieved from /home/airflow/.local/lib/python3.6/site-packages/airflow/example_dags/example_kubernetes_executor.py
[2022-07-30 22:14:28,575] {logging_mixin.py:104} INFO - [2022-07-30 22:14:28,574] {dag.py:1824} INFO - Sync 1 DAGs
[2022-07-30 22:14:28,597] {logging_mixin.py:104} INFO - [2022-07-30 22:14:28,597] {dag.py:2280} INFO - Setting next_dagrun for example_kubernetes_executor to None
[2022-07-30 22:14:28,614] {scheduler_job.py:190} INFO - Processing /home/airflow/.local/lib/python3.6/site-packages/airflow/example_dags/example_kubernetes_executor.py took 0.110 seconds
[2022-07-30 22:14:58,796] {scheduler_job.py:182} INFO - Started process (PID=1040) to work on /home/airflow/.local/lib/python3.6/site-packages/airflow/example_dags/example_kubernetes_executor.py
[2022-07-30 22:14:58,805] {scheduler_job.py:629} INFO - Processing file /home/airflow/.local/lib/python3.6/site-packages/airflow/example_dags/example_kubernetes_executor.py for tasks to queue
[2022-07-30 22:14:58,809] {logging_mixin.py:104} INFO - [2022-07-30 22:14:58,809] {dagbag.py:451} INFO - Filling up the DagBag from /home/airflow/.local/lib/python3.6/site-packages/airflow/example_dags/example_kubernetes_executor.py
[2022-07-30 22:14:58,847] {scheduler_job.py:639} INFO - DAG(s) dict_keys(['example_kubernetes_executor']) retrieved from /home/airflow/.local/lib/python3.6/site-packages/airflow/example_dags/example_kubernetes_executor.py
[2022-07-30 22:14:58,886] {logging_mixin.py:104} INFO - [2022-07-30 22:14:58,886] {dag.py:1824} INFO - Sync 1 DAGs
[2022-07-30 22:14:58,910] {logging_mixin.py:104} INFO - [2022-07-30 22:14:58,910] {dag.py:2280} INFO - Setting next_dagrun for example_kubernetes_executor to None
[2022-07-30 22:14:58,927] {scheduler_job.py:190} INFO - Processing /home/airflow/.local/lib/python3.6/site-packages/airflow/example_dags/example_kubernetes_executor.py took 0.145 seconds
[2022-07-30 22:15:29,656] {scheduler_job.py:182} INFO - Started process (PID=1065) to work on /home/airflow/.local/lib/python3.6/site-packages/airflow/example_dags/example_kubernetes_executor.py
[2022-07-30 22:15:29,659] {scheduler_job.py:629} INFO - Processing file /home/airflow/.local/lib/python3.6/site-packages/airflow/example_dags/example_kubernetes_executor.py for tasks to queue
[2022-07-30 22:15:29,661] {logging_mixin.py:104} INFO - [2022-07-30 22:15:29,660] {dagbag.py:451} INFO - Filling up the DagBag from /home/airflow/.local/lib/python3.6/site-packages/airflow/example_dags/example_kubernetes_executor.py
[2022-07-30 22:15:29,699] {scheduler_job.py:639} INFO - DAG(s) dict_keys(['example_kubernetes_executor']) retrieved from /home/airflow/.local/lib/python3.6/site-packages/airflow/example_dags/example_kubernetes_executor.py
[2022-07-30 22:15:29,772] {logging_mixin.py:104} INFO - [2022-07-30 22:15:29,772] {dag.py:1824} INFO - Sync 1 DAGs
[2022-07-30 22:15:29,818] {logging_mixin.py:104} INFO - [2022-07-30 22:15:29,818] {dag.py:2280} INFO - Setting next_dagrun for example_kubernetes_executor to None
[2022-07-30 22:15:29,853] {scheduler_job.py:190} INFO - Processing /home/airflow/.local/lib/python3.6/site-packages/airflow/example_dags/example_kubernetes_executor.py took 0.204 seconds
[2022-07-30 22:16:00,090] {scheduler_job.py:182} INFO - Started process (PID=1092) to work on /home/airflow/.local/lib/python3.6/site-packages/airflow/example_dags/example_kubernetes_executor.py
[2022-07-30 22:16:00,105] {scheduler_job.py:629} INFO - Processing file /home/airflow/.local/lib/python3.6/site-packages/airflow/example_dags/example_kubernetes_executor.py for tasks to queue
[2022-07-30 22:16:00,109] {logging_mixin.py:104} INFO - [2022-07-30 22:16:00,109] {dagbag.py:451} INFO - Filling up the DagBag from /home/airflow/.local/lib/python3.6/site-packages/airflow/example_dags/example_kubernetes_executor.py
[2022-07-30 22:16:00,174] {scheduler_job.py:639} INFO - DAG(s) dict_keys(['example_kubernetes_executor']) retrieved from /home/airflow/.local/lib/python3.6/site-packages/airflow/example_dags/example_kubernetes_executor.py
[2022-07-30 22:16:00,272] {logging_mixin.py:104} INFO - [2022-07-30 22:16:00,271] {dag.py:1824} INFO - Sync 1 DAGs
[2022-07-30 22:16:00,317] {logging_mixin.py:104} INFO - [2022-07-30 22:16:00,317] {dag.py:2280} INFO - Setting next_dagrun for example_kubernetes_executor to None
[2022-07-30 22:16:00,371] {scheduler_job.py:190} INFO - Processing /home/airflow/.local/lib/python3.6/site-packages/airflow/example_dags/example_kubernetes_executor.py took 0.300 seconds
[2022-07-30 22:16:30,455] {scheduler_job.py:182} INFO - Started process (PID=1117) to work on /home/airflow/.local/lib/python3.6/site-packages/airflow/example_dags/example_kubernetes_executor.py
[2022-07-30 22:16:30,458] {scheduler_job.py:629} INFO - Processing file /home/airflow/.local/lib/python3.6/site-packages/airflow/example_dags/example_kubernetes_executor.py for tasks to queue
[2022-07-30 22:16:30,461] {logging_mixin.py:104} INFO - [2022-07-30 22:16:30,460] {dagbag.py:451} INFO - Filling up the DagBag from /home/airflow/.local/lib/python3.6/site-packages/airflow/example_dags/example_kubernetes_executor.py
[2022-07-30 22:16:30,490] {scheduler_job.py:639} INFO - DAG(s) dict_keys(['example_kubernetes_executor']) retrieved from /home/airflow/.local/lib/python3.6/site-packages/airflow/example_dags/example_kubernetes_executor.py
[2022-07-30 22:16:30,538] {logging_mixin.py:104} INFO - [2022-07-30 22:16:30,537] {dag.py:1824} INFO - Sync 1 DAGs
[2022-07-30 22:16:30,565] {logging_mixin.py:104} INFO - [2022-07-30 22:16:30,565] {dag.py:2280} INFO - Setting next_dagrun for example_kubernetes_executor to None
[2022-07-30 22:16:30,583] {scheduler_job.py:190} INFO - Processing /home/airflow/.local/lib/python3.6/site-packages/airflow/example_dags/example_kubernetes_executor.py took 0.135 seconds
[2022-07-30 22:17:00,926] {scheduler_job.py:182} INFO - Started process (PID=1144) to work on /home/airflow/.local/lib/python3.6/site-packages/airflow/example_dags/example_kubernetes_executor.py
[2022-07-30 22:17:00,929] {scheduler_job.py:629} INFO - Processing file /home/airflow/.local/lib/python3.6/site-packages/airflow/example_dags/example_kubernetes_executor.py for tasks to queue
[2022-07-30 22:17:00,930] {logging_mixin.py:104} INFO - [2022-07-30 22:17:00,930] {dagbag.py:451} INFO - Filling up the DagBag from /home/airflow/.local/lib/python3.6/site-packages/airflow/example_dags/example_kubernetes_executor.py
[2022-07-30 22:17:00,954] {scheduler_job.py:639} INFO - DAG(s) dict_keys(['example_kubernetes_executor']) retrieved from /home/airflow/.local/lib/python3.6/site-packages/airflow/example_dags/example_kubernetes_executor.py
[2022-07-30 22:17:00,999] {logging_mixin.py:104} INFO - [2022-07-30 22:17:00,999] {dag.py:1824} INFO - Sync 1 DAGs
[2022-07-30 22:17:01,032] {logging_mixin.py:104} INFO - [2022-07-30 22:17:01,032] {dag.py:2280} INFO - Setting next_dagrun for example_kubernetes_executor to None
[2022-07-30 22:17:01,052] {scheduler_job.py:190} INFO - Processing /home/airflow/.local/lib/python3.6/site-packages/airflow/example_dags/example_kubernetes_executor.py took 0.132 seconds
[2022-07-30 22:17:31,131] {scheduler_job.py:182} INFO - Started process (PID=1170) to work on /home/airflow/.local/lib/python3.6/site-packages/airflow/example_dags/example_kubernetes_executor.py
[2022-07-30 22:17:31,138] {scheduler_job.py:629} INFO - Processing file /home/airflow/.local/lib/python3.6/site-packages/airflow/example_dags/example_kubernetes_executor.py for tasks to queue
[2022-07-30 22:17:31,142] {logging_mixin.py:104} INFO - [2022-07-30 22:17:31,141] {dagbag.py:451} INFO - Filling up the DagBag from /home/airflow/.local/lib/python3.6/site-packages/airflow/example_dags/example_kubernetes_executor.py
[2022-07-30 22:17:31,181] {scheduler_job.py:639} INFO - DAG(s) dict_keys(['example_kubernetes_executor']) retrieved from /home/airflow/.local/lib/python3.6/site-packages/airflow/example_dags/example_kubernetes_executor.py
[2022-07-30 22:17:31,267] {logging_mixin.py:104} INFO - [2022-07-30 22:17:31,266] {dag.py:1824} INFO - Sync 1 DAGs
[2022-07-30 22:17:31,320] {logging_mixin.py:104} INFO - [2022-07-30 22:17:31,319] {dag.py:2280} INFO - Setting next_dagrun for example_kubernetes_executor to None
[2022-07-30 22:17:31,366] {scheduler_job.py:190} INFO - Processing /home/airflow/.local/lib/python3.6/site-packages/airflow/example_dags/example_kubernetes_executor.py took 0.242 seconds
[2022-07-30 22:18:01,626] {scheduler_job.py:182} INFO - Started process (PID=1196) to work on /home/airflow/.local/lib/python3.6/site-packages/airflow/example_dags/example_kubernetes_executor.py
[2022-07-30 22:18:01,629] {scheduler_job.py:629} INFO - Processing file /home/airflow/.local/lib/python3.6/site-packages/airflow/example_dags/example_kubernetes_executor.py for tasks to queue
[2022-07-30 22:18:01,631] {logging_mixin.py:104} INFO - [2022-07-30 22:18:01,631] {dagbag.py:451} INFO - Filling up the DagBag from /home/airflow/.local/lib/python3.6/site-packages/airflow/example_dags/example_kubernetes_executor.py
[2022-07-30 22:18:01,658] {scheduler_job.py:639} INFO - DAG(s) dict_keys(['example_kubernetes_executor']) retrieved from /home/airflow/.local/lib/python3.6/site-packages/airflow/example_dags/example_kubernetes_executor.py
[2022-07-30 22:18:01,713] {logging_mixin.py:104} INFO - [2022-07-30 22:18:01,713] {dag.py:1824} INFO - Sync 1 DAGs
[2022-07-30 22:18:01,760] {logging_mixin.py:104} INFO - [2022-07-30 22:18:01,759] {dag.py:2280} INFO - Setting next_dagrun for example_kubernetes_executor to None
[2022-07-30 22:18:01,794] {scheduler_job.py:190} INFO - Processing /home/airflow/.local/lib/python3.6/site-packages/airflow/example_dags/example_kubernetes_executor.py took 0.173 seconds
[2022-07-30 22:18:32,673] {scheduler_job.py:182} INFO - Started process (PID=1221) to work on /home/airflow/.local/lib/python3.6/site-packages/airflow/example_dags/example_kubernetes_executor.py
[2022-07-30 22:18:32,678] {scheduler_job.py:629} INFO - Processing file /home/airflow/.local/lib/python3.6/site-packages/airflow/example_dags/example_kubernetes_executor.py for tasks to queue
[2022-07-30 22:18:32,683] {logging_mixin.py:104} INFO - [2022-07-30 22:18:32,683] {dagbag.py:451} INFO - Filling up the DagBag from /home/airflow/.local/lib/python3.6/site-packages/airflow/example_dags/example_kubernetes_executor.py
[2022-07-30 22:18:32,729] {scheduler_job.py:639} INFO - DAG(s) dict_keys(['example_kubernetes_executor']) retrieved from /home/airflow/.local/lib/python3.6/site-packages/airflow/example_dags/example_kubernetes_executor.py
[2022-07-30 22:18:32,779] {logging_mixin.py:104} INFO - [2022-07-30 22:18:32,779] {dag.py:1824} INFO - Sync 1 DAGs
[2022-07-30 22:18:32,814] {logging_mixin.py:104} INFO - [2022-07-30 22:18:32,813] {dag.py:2280} INFO - Setting next_dagrun for example_kubernetes_executor to None
[2022-07-30 22:18:32,839] {scheduler_job.py:190} INFO - Processing /home/airflow/.local/lib/python3.6/site-packages/airflow/example_dags/example_kubernetes_executor.py took 0.178 seconds
[2022-07-30 22:19:03,682] {scheduler_job.py:182} INFO - Started process (PID=1251) to work on /home/airflow/.local/lib/python3.6/site-packages/airflow/example_dags/example_kubernetes_executor.py
[2022-07-30 22:19:03,685] {scheduler_job.py:629} INFO - Processing file /home/airflow/.local/lib/python3.6/site-packages/airflow/example_dags/example_kubernetes_executor.py for tasks to queue
[2022-07-30 22:19:03,686] {logging_mixin.py:104} INFO - [2022-07-30 22:19:03,686] {dagbag.py:451} INFO - Filling up the DagBag from /home/airflow/.local/lib/python3.6/site-packages/airflow/example_dags/example_kubernetes_executor.py
[2022-07-30 22:19:03,712] {scheduler_job.py:639} INFO - DAG(s) dict_keys(['example_kubernetes_executor']) retrieved from /home/airflow/.local/lib/python3.6/site-packages/airflow/example_dags/example_kubernetes_executor.py
[2022-07-30 22:19:03,754] {logging_mixin.py:104} INFO - [2022-07-30 22:19:03,754] {dag.py:1824} INFO - Sync 1 DAGs
[2022-07-30 22:19:03,783] {logging_mixin.py:104} INFO - [2022-07-30 22:19:03,783] {dag.py:2280} INFO - Setting next_dagrun for example_kubernetes_executor to None
[2022-07-30 22:19:03,807] {scheduler_job.py:190} INFO - Processing /home/airflow/.local/lib/python3.6/site-packages/airflow/example_dags/example_kubernetes_executor.py took 0.133 seconds
[2022-07-30 22:19:33,895] {scheduler_job.py:182} INFO - Started process (PID=1275) to work on /home/airflow/.local/lib/python3.6/site-packages/airflow/example_dags/example_kubernetes_executor.py
[2022-07-30 22:19:33,898] {scheduler_job.py:629} INFO - Processing file /home/airflow/.local/lib/python3.6/site-packages/airflow/example_dags/example_kubernetes_executor.py for tasks to queue
[2022-07-30 22:19:33,900] {logging_mixin.py:104} INFO - [2022-07-30 22:19:33,900] {dagbag.py:451} INFO - Filling up the DagBag from /home/airflow/.local/lib/python3.6/site-packages/airflow/example_dags/example_kubernetes_executor.py
[2022-07-30 22:19:33,933] {scheduler_job.py:639} INFO - DAG(s) dict_keys(['example_kubernetes_executor']) retrieved from /home/airflow/.local/lib/python3.6/site-packages/airflow/example_dags/example_kubernetes_executor.py
[2022-07-30 22:19:33,977] {logging_mixin.py:104} INFO - [2022-07-30 22:19:33,977] {dag.py:1824} INFO - Sync 1 DAGs
[2022-07-30 22:19:34,009] {logging_mixin.py:104} INFO - [2022-07-30 22:19:34,009] {dag.py:2280} INFO - Setting next_dagrun for example_kubernetes_executor to None
[2022-07-30 22:19:34,029] {scheduler_job.py:190} INFO - Processing /home/airflow/.local/lib/python3.6/site-packages/airflow/example_dags/example_kubernetes_executor.py took 0.140 seconds
[2022-07-30 22:20:04,382] {scheduler_job.py:182} INFO - Started process (PID=1299) to work on /home/airflow/.local/lib/python3.6/site-packages/airflow/example_dags/example_kubernetes_executor.py
[2022-07-30 22:20:04,385] {scheduler_job.py:629} INFO - Processing file /home/airflow/.local/lib/python3.6/site-packages/airflow/example_dags/example_kubernetes_executor.py for tasks to queue
[2022-07-30 22:20:04,387] {logging_mixin.py:104} INFO - [2022-07-30 22:20:04,387] {dagbag.py:451} INFO - Filling up the DagBag from /home/airflow/.local/lib/python3.6/site-packages/airflow/example_dags/example_kubernetes_executor.py
[2022-07-30 22:20:04,416] {scheduler_job.py:639} INFO - DAG(s) dict_keys(['example_kubernetes_executor']) retrieved from /home/airflow/.local/lib/python3.6/site-packages/airflow/example_dags/example_kubernetes_executor.py
[2022-07-30 22:20:04,463] {logging_mixin.py:104} INFO - [2022-07-30 22:20:04,463] {dag.py:1824} INFO - Sync 1 DAGs
[2022-07-30 22:20:04,497] {logging_mixin.py:104} INFO - [2022-07-30 22:20:04,497] {dag.py:2280} INFO - Setting next_dagrun for example_kubernetes_executor to None
[2022-07-30 22:20:04,523] {scheduler_job.py:190} INFO - Processing /home/airflow/.local/lib/python3.6/site-packages/airflow/example_dags/example_kubernetes_executor.py took 0.146 seconds
[2022-07-30 22:20:35,470] {scheduler_job.py:182} INFO - Started process (PID=1325) to work on /home/airflow/.local/lib/python3.6/site-packages/airflow/example_dags/example_kubernetes_executor.py
[2022-07-30 22:20:35,488] {scheduler_job.py:629} INFO - Processing file /home/airflow/.local/lib/python3.6/site-packages/airflow/example_dags/example_kubernetes_executor.py for tasks to queue
[2022-07-30 22:20:35,499] {logging_mixin.py:104} INFO - [2022-07-30 22:20:35,499] {dagbag.py:451} INFO - Filling up the DagBag from /home/airflow/.local/lib/python3.6/site-packages/airflow/example_dags/example_kubernetes_executor.py
[2022-07-30 22:20:35,561] {scheduler_job.py:639} INFO - DAG(s) dict_keys(['example_kubernetes_executor']) retrieved from /home/airflow/.local/lib/python3.6/site-packages/airflow/example_dags/example_kubernetes_executor.py
[2022-07-30 22:20:35,657] {logging_mixin.py:104} INFO - [2022-07-30 22:20:35,647] {dag.py:1824} INFO - Sync 1 DAGs
[2022-07-30 22:20:35,729] {logging_mixin.py:104} INFO - [2022-07-30 22:20:35,729] {dag.py:2280} INFO - Setting next_dagrun for example_kubernetes_executor to None
[2022-07-30 22:20:35,779] {scheduler_job.py:190} INFO - Processing /home/airflow/.local/lib/python3.6/site-packages/airflow/example_dags/example_kubernetes_executor.py took 0.315 seconds
[2022-07-30 22:21:05,961] {scheduler_job.py:182} INFO - Started process (PID=1352) to work on /home/airflow/.local/lib/python3.6/site-packages/airflow/example_dags/example_kubernetes_executor.py
[2022-07-30 22:21:05,964] {scheduler_job.py:629} INFO - Processing file /home/airflow/.local/lib/python3.6/site-packages/airflow/example_dags/example_kubernetes_executor.py for tasks to queue
[2022-07-30 22:21:05,966] {logging_mixin.py:104} INFO - [2022-07-30 22:21:05,966] {dagbag.py:451} INFO - Filling up the DagBag from /home/airflow/.local/lib/python3.6/site-packages/airflow/example_dags/example_kubernetes_executor.py
[2022-07-30 22:21:05,997] {scheduler_job.py:639} INFO - DAG(s) dict_keys(['example_kubernetes_executor']) retrieved from /home/airflow/.local/lib/python3.6/site-packages/airflow/example_dags/example_kubernetes_executor.py
[2022-07-30 22:21:06,044] {logging_mixin.py:104} INFO - [2022-07-30 22:21:06,044] {dag.py:1824} INFO - Sync 1 DAGs
[2022-07-30 22:21:06,079] {logging_mixin.py:104} INFO - [2022-07-30 22:21:06,078] {dag.py:2280} INFO - Setting next_dagrun for example_kubernetes_executor to None
[2022-07-30 22:21:06,097] {scheduler_job.py:190} INFO - Processing /home/airflow/.local/lib/python3.6/site-packages/airflow/example_dags/example_kubernetes_executor.py took 0.142 seconds
[2022-07-30 22:21:37,156] {scheduler_job.py:182} INFO - Started process (PID=1378) to work on /home/airflow/.local/lib/python3.6/site-packages/airflow/example_dags/example_kubernetes_executor.py
[2022-07-30 22:21:37,159] {scheduler_job.py:629} INFO - Processing file /home/airflow/.local/lib/python3.6/site-packages/airflow/example_dags/example_kubernetes_executor.py for tasks to queue
[2022-07-30 22:21:37,160] {logging_mixin.py:104} INFO - [2022-07-30 22:21:37,160] {dagbag.py:451} INFO - Filling up the DagBag from /home/airflow/.local/lib/python3.6/site-packages/airflow/example_dags/example_kubernetes_executor.py
[2022-07-30 22:21:37,178] {scheduler_job.py:639} INFO - DAG(s) dict_keys(['example_kubernetes_executor']) retrieved from /home/airflow/.local/lib/python3.6/site-packages/airflow/example_dags/example_kubernetes_executor.py
[2022-07-30 22:21:37,232] {logging_mixin.py:104} INFO - [2022-07-30 22:21:37,232] {dag.py:1824} INFO - Sync 1 DAGs
[2022-07-30 22:21:37,259] {logging_mixin.py:104} INFO - [2022-07-30 22:21:37,259] {dag.py:2280} INFO - Setting next_dagrun for example_kubernetes_executor to None
[2022-07-30 22:21:37,297] {scheduler_job.py:190} INFO - Processing /home/airflow/.local/lib/python3.6/site-packages/airflow/example_dags/example_kubernetes_executor.py took 0.147 seconds
[2022-07-30 22:22:07,482] {scheduler_job.py:182} INFO - Started process (PID=1404) to work on /home/airflow/.local/lib/python3.6/site-packages/airflow/example_dags/example_kubernetes_executor.py
[2022-07-30 22:22:07,485] {scheduler_job.py:629} INFO - Processing file /home/airflow/.local/lib/python3.6/site-packages/airflow/example_dags/example_kubernetes_executor.py for tasks to queue
[2022-07-30 22:22:07,486] {logging_mixin.py:104} INFO - [2022-07-30 22:22:07,486] {dagbag.py:451} INFO - Filling up the DagBag from /home/airflow/.local/lib/python3.6/site-packages/airflow/example_dags/example_kubernetes_executor.py
[2022-07-30 22:22:07,505] {scheduler_job.py:639} INFO - DAG(s) dict_keys(['example_kubernetes_executor']) retrieved from /home/airflow/.local/lib/python3.6/site-packages/airflow/example_dags/example_kubernetes_executor.py
[2022-07-30 22:22:07,539] {logging_mixin.py:104} INFO - [2022-07-30 22:22:07,539] {dag.py:1824} INFO - Sync 1 DAGs
[2022-07-30 22:22:07,563] {logging_mixin.py:104} INFO - [2022-07-30 22:22:07,563] {dag.py:2280} INFO - Setting next_dagrun for example_kubernetes_executor to None
[2022-07-30 22:22:07,580] {scheduler_job.py:190} INFO - Processing /home/airflow/.local/lib/python3.6/site-packages/airflow/example_dags/example_kubernetes_executor.py took 0.103 seconds
[2022-07-30 22:22:38,041] {scheduler_job.py:182} INFO - Started process (PID=1430) to work on /home/airflow/.local/lib/python3.6/site-packages/airflow/example_dags/example_kubernetes_executor.py
[2022-07-30 22:22:38,052] {scheduler_job.py:629} INFO - Processing file /home/airflow/.local/lib/python3.6/site-packages/airflow/example_dags/example_kubernetes_executor.py for tasks to queue
[2022-07-30 22:22:38,054] {logging_mixin.py:104} INFO - [2022-07-30 22:22:38,054] {dagbag.py:451} INFO - Filling up the DagBag from /home/airflow/.local/lib/python3.6/site-packages/airflow/example_dags/example_kubernetes_executor.py
[2022-07-30 22:22:38,088] {scheduler_job.py:639} INFO - DAG(s) dict_keys(['example_kubernetes_executor']) retrieved from /home/airflow/.local/lib/python3.6/site-packages/airflow/example_dags/example_kubernetes_executor.py
[2022-07-30 22:22:38,135] {logging_mixin.py:104} INFO - [2022-07-30 22:22:38,135] {dag.py:1824} INFO - Sync 1 DAGs
[2022-07-30 22:22:38,173] {logging_mixin.py:104} INFO - [2022-07-30 22:22:38,173] {dag.py:2280} INFO - Setting next_dagrun for example_kubernetes_executor to None
[2022-07-30 22:22:38,198] {scheduler_job.py:190} INFO - Processing /home/airflow/.local/lib/python3.6/site-packages/airflow/example_dags/example_kubernetes_executor.py took 0.178 seconds
[2022-07-30 22:23:08,456] {scheduler_job.py:182} INFO - Started process (PID=1456) to work on /home/airflow/.local/lib/python3.6/site-packages/airflow/example_dags/example_kubernetes_executor.py
[2022-07-30 22:23:08,462] {scheduler_job.py:629} INFO - Processing file /home/airflow/.local/lib/python3.6/site-packages/airflow/example_dags/example_kubernetes_executor.py for tasks to queue
[2022-07-30 22:23:08,466] {logging_mixin.py:104} INFO - [2022-07-30 22:23:08,465] {dagbag.py:451} INFO - Filling up the DagBag from /home/airflow/.local/lib/python3.6/site-packages/airflow/example_dags/example_kubernetes_executor.py
[2022-07-30 22:23:08,503] {scheduler_job.py:639} INFO - DAG(s) dict_keys(['example_kubernetes_executor']) retrieved from /home/airflow/.local/lib/python3.6/site-packages/airflow/example_dags/example_kubernetes_executor.py
[2022-07-30 22:23:08,540] {logging_mixin.py:104} INFO - [2022-07-30 22:23:08,540] {dag.py:1824} INFO - Sync 1 DAGs
[2022-07-30 22:23:08,566] {logging_mixin.py:104} INFO - [2022-07-30 22:23:08,566] {dag.py:2280} INFO - Setting next_dagrun for example_kubernetes_executor to None
[2022-07-30 22:23:08,585] {scheduler_job.py:190} INFO - Processing /home/airflow/.local/lib/python3.6/site-packages/airflow/example_dags/example_kubernetes_executor.py took 0.144 seconds
[2022-07-30 22:23:39,214] {scheduler_job.py:182} INFO - Started process (PID=1482) to work on /home/airflow/.local/lib/python3.6/site-packages/airflow/example_dags/example_kubernetes_executor.py
[2022-07-30 22:23:39,216] {scheduler_job.py:629} INFO - Processing file /home/airflow/.local/lib/python3.6/site-packages/airflow/example_dags/example_kubernetes_executor.py for tasks to queue
[2022-07-30 22:23:39,219] {logging_mixin.py:104} INFO - [2022-07-30 22:23:39,219] {dagbag.py:451} INFO - Filling up the DagBag from /home/airflow/.local/lib/python3.6/site-packages/airflow/example_dags/example_kubernetes_executor.py
[2022-07-30 22:23:39,243] {scheduler_job.py:639} INFO - DAG(s) dict_keys(['example_kubernetes_executor']) retrieved from /home/airflow/.local/lib/python3.6/site-packages/airflow/example_dags/example_kubernetes_executor.py
[2022-07-30 22:23:39,305] {logging_mixin.py:104} INFO - [2022-07-30 22:23:39,305] {dag.py:1824} INFO - Sync 1 DAGs
[2022-07-30 22:23:39,336] {logging_mixin.py:104} INFO - [2022-07-30 22:23:39,336] {dag.py:2280} INFO - Setting next_dagrun for example_kubernetes_executor to None
[2022-07-30 22:23:39,375] {scheduler_job.py:190} INFO - Processing /home/airflow/.local/lib/python3.6/site-packages/airflow/example_dags/example_kubernetes_executor.py took 0.165 seconds
[2022-07-30 22:24:10,007] {scheduler_job.py:182} INFO - Started process (PID=1508) to work on /home/airflow/.local/lib/python3.6/site-packages/airflow/example_dags/example_kubernetes_executor.py
[2022-07-30 22:24:10,011] {scheduler_job.py:629} INFO - Processing file /home/airflow/.local/lib/python3.6/site-packages/airflow/example_dags/example_kubernetes_executor.py for tasks to queue
[2022-07-30 22:24:10,015] {logging_mixin.py:104} INFO - [2022-07-30 22:24:10,014] {dagbag.py:451} INFO - Filling up the DagBag from /home/airflow/.local/lib/python3.6/site-packages/airflow/example_dags/example_kubernetes_executor.py
[2022-07-30 22:24:10,047] {scheduler_job.py:639} INFO - DAG(s) dict_keys(['example_kubernetes_executor']) retrieved from /home/airflow/.local/lib/python3.6/site-packages/airflow/example_dags/example_kubernetes_executor.py
[2022-07-30 22:24:10,113] {logging_mixin.py:104} INFO - [2022-07-30 22:24:10,113] {dag.py:1824} INFO - Sync 1 DAGs
[2022-07-30 22:24:10,209] {logging_mixin.py:104} INFO - [2022-07-30 22:24:10,209] {dag.py:2280} INFO - Setting next_dagrun for example_kubernetes_executor to None
[2022-07-30 22:24:10,272] {scheduler_job.py:190} INFO - Processing /home/airflow/.local/lib/python3.6/site-packages/airflow/example_dags/example_kubernetes_executor.py took 0.274 seconds
[2022-07-30 22:24:41,275] {scheduler_job.py:182} INFO - Started process (PID=1534) to work on /home/airflow/.local/lib/python3.6/site-packages/airflow/example_dags/example_kubernetes_executor.py
[2022-07-30 22:24:41,280] {scheduler_job.py:629} INFO - Processing file /home/airflow/.local/lib/python3.6/site-packages/airflow/example_dags/example_kubernetes_executor.py for tasks to queue
[2022-07-30 22:24:41,282] {logging_mixin.py:104} INFO - [2022-07-30 22:24:41,282] {dagbag.py:451} INFO - Filling up the DagBag from /home/airflow/.local/lib/python3.6/site-packages/airflow/example_dags/example_kubernetes_executor.py
[2022-07-30 22:24:41,346] {scheduler_job.py:639} INFO - DAG(s) dict_keys(['example_kubernetes_executor']) retrieved from /home/airflow/.local/lib/python3.6/site-packages/airflow/example_dags/example_kubernetes_executor.py
[2022-07-30 22:24:41,416] {logging_mixin.py:104} INFO - [2022-07-30 22:24:41,416] {dag.py:1824} INFO - Sync 1 DAGs
[2022-07-30 22:24:41,527] {logging_mixin.py:104} INFO - [2022-07-30 22:24:41,526] {dag.py:2280} INFO - Setting next_dagrun for example_kubernetes_executor to None
[2022-07-30 22:24:41,635] {scheduler_job.py:190} INFO - Processing /home/airflow/.local/lib/python3.6/site-packages/airflow/example_dags/example_kubernetes_executor.py took 0.386 seconds
[2022-07-30 22:25:12,363] {scheduler_job.py:182} INFO - Started process (PID=1561) to work on /home/airflow/.local/lib/python3.6/site-packages/airflow/example_dags/example_kubernetes_executor.py
[2022-07-30 22:25:12,365] {scheduler_job.py:629} INFO - Processing file /home/airflow/.local/lib/python3.6/site-packages/airflow/example_dags/example_kubernetes_executor.py for tasks to queue
[2022-07-30 22:25:12,367] {logging_mixin.py:104} INFO - [2022-07-30 22:25:12,366] {dagbag.py:451} INFO - Filling up the DagBag from /home/airflow/.local/lib/python3.6/site-packages/airflow/example_dags/example_kubernetes_executor.py
[2022-07-30 22:25:12,392] {scheduler_job.py:639} INFO - DAG(s) dict_keys(['example_kubernetes_executor']) retrieved from /home/airflow/.local/lib/python3.6/site-packages/airflow/example_dags/example_kubernetes_executor.py
[2022-07-30 22:25:12,432] {logging_mixin.py:104} INFO - [2022-07-30 22:25:12,431] {dag.py:1824} INFO - Sync 1 DAGs
[2022-07-30 22:25:12,476] {logging_mixin.py:104} INFO - [2022-07-30 22:25:12,476] {dag.py:2280} INFO - Setting next_dagrun for example_kubernetes_executor to None
[2022-07-30 22:25:12,515] {scheduler_job.py:190} INFO - Processing /home/airflow/.local/lib/python3.6/site-packages/airflow/example_dags/example_kubernetes_executor.py took 0.158 seconds
[2022-07-30 22:25:42,690] {scheduler_job.py:182} INFO - Started process (PID=1588) to work on /home/airflow/.local/lib/python3.6/site-packages/airflow/example_dags/example_kubernetes_executor.py
[2022-07-30 22:25:42,692] {scheduler_job.py:629} INFO - Processing file /home/airflow/.local/lib/python3.6/site-packages/airflow/example_dags/example_kubernetes_executor.py for tasks to queue
[2022-07-30 22:25:42,694] {logging_mixin.py:104} INFO - [2022-07-30 22:25:42,693] {dagbag.py:451} INFO - Filling up the DagBag from /home/airflow/.local/lib/python3.6/site-packages/airflow/example_dags/example_kubernetes_executor.py
[2022-07-30 22:25:42,724] {scheduler_job.py:639} INFO - DAG(s) dict_keys(['example_kubernetes_executor']) retrieved from /home/airflow/.local/lib/python3.6/site-packages/airflow/example_dags/example_kubernetes_executor.py
[2022-07-30 22:25:42,781] {logging_mixin.py:104} INFO - [2022-07-30 22:25:42,781] {dag.py:1824} INFO - Sync 1 DAGs
[2022-07-30 22:25:42,829] {logging_mixin.py:104} INFO - [2022-07-30 22:25:42,828] {dag.py:2280} INFO - Setting next_dagrun for example_kubernetes_executor to None
[2022-07-30 22:25:42,865] {scheduler_job.py:190} INFO - Processing /home/airflow/.local/lib/python3.6/site-packages/airflow/example_dags/example_kubernetes_executor.py took 0.180 seconds
[2022-07-30 22:26:13,309] {scheduler_job.py:182} INFO - Started process (PID=1611) to work on /home/airflow/.local/lib/python3.6/site-packages/airflow/example_dags/example_kubernetes_executor.py
[2022-07-30 22:26:13,315] {scheduler_job.py:629} INFO - Processing file /home/airflow/.local/lib/python3.6/site-packages/airflow/example_dags/example_kubernetes_executor.py for tasks to queue
[2022-07-30 22:26:13,319] {logging_mixin.py:104} INFO - [2022-07-30 22:26:13,319] {dagbag.py:451} INFO - Filling up the DagBag from /home/airflow/.local/lib/python3.6/site-packages/airflow/example_dags/example_kubernetes_executor.py
[2022-07-30 22:26:13,361] {scheduler_job.py:639} INFO - DAG(s) dict_keys(['example_kubernetes_executor']) retrieved from /home/airflow/.local/lib/python3.6/site-packages/airflow/example_dags/example_kubernetes_executor.py
[2022-07-30 22:26:13,437] {logging_mixin.py:104} INFO - [2022-07-30 22:26:13,437] {dag.py:1824} INFO - Sync 1 DAGs
[2022-07-30 22:26:13,484] {logging_mixin.py:104} INFO - [2022-07-30 22:26:13,483] {dag.py:2280} INFO - Setting next_dagrun for example_kubernetes_executor to None
[2022-07-30 22:26:13,529] {scheduler_job.py:190} INFO - Processing /home/airflow/.local/lib/python3.6/site-packages/airflow/example_dags/example_kubernetes_executor.py took 0.230 seconds
[2022-07-30 22:26:44,031] {scheduler_job.py:182} INFO - Started process (PID=1637) to work on /home/airflow/.local/lib/python3.6/site-packages/airflow/example_dags/example_kubernetes_executor.py
[2022-07-30 22:26:44,034] {scheduler_job.py:629} INFO - Processing file /home/airflow/.local/lib/python3.6/site-packages/airflow/example_dags/example_kubernetes_executor.py for tasks to queue
[2022-07-30 22:26:44,035] {logging_mixin.py:104} INFO - [2022-07-30 22:26:44,035] {dagbag.py:451} INFO - Filling up the DagBag from /home/airflow/.local/lib/python3.6/site-packages/airflow/example_dags/example_kubernetes_executor.py
[2022-07-30 22:26:44,056] {scheduler_job.py:639} INFO - DAG(s) dict_keys(['example_kubernetes_executor']) retrieved from /home/airflow/.local/lib/python3.6/site-packages/airflow/example_dags/example_kubernetes_executor.py
[2022-07-30 22:26:44,095] {logging_mixin.py:104} INFO - [2022-07-30 22:26:44,094] {dag.py:1824} INFO - Sync 1 DAGs
[2022-07-30 22:26:44,128] {logging_mixin.py:104} INFO - [2022-07-30 22:26:44,127] {dag.py:2280} INFO - Setting next_dagrun for example_kubernetes_executor to None
[2022-07-30 22:26:44,196] {scheduler_job.py:190} INFO - Processing /home/airflow/.local/lib/python3.6/site-packages/airflow/example_dags/example_kubernetes_executor.py took 0.170 seconds
[2022-07-30 22:27:14,401] {scheduler_job.py:182} INFO - Started process (PID=1664) to work on /home/airflow/.local/lib/python3.6/site-packages/airflow/example_dags/example_kubernetes_executor.py
[2022-07-30 22:27:14,404] {scheduler_job.py:629} INFO - Processing file /home/airflow/.local/lib/python3.6/site-packages/airflow/example_dags/example_kubernetes_executor.py for tasks to queue
[2022-07-30 22:27:14,414] {logging_mixin.py:104} INFO - [2022-07-30 22:27:14,414] {dagbag.py:451} INFO - Filling up the DagBag from /home/airflow/.local/lib/python3.6/site-packages/airflow/example_dags/example_kubernetes_executor.py
[2022-07-30 22:27:14,495] {scheduler_job.py:639} INFO - DAG(s) dict_keys(['example_kubernetes_executor']) retrieved from /home/airflow/.local/lib/python3.6/site-packages/airflow/example_dags/example_kubernetes_executor.py
[2022-07-30 22:27:14,581] {logging_mixin.py:104} INFO - [2022-07-30 22:27:14,581] {dag.py:1824} INFO - Sync 1 DAGs
[2022-07-30 22:27:14,640] {logging_mixin.py:104} INFO - [2022-07-30 22:27:14,640] {dag.py:2280} INFO - Setting next_dagrun for example_kubernetes_executor to None
[2022-07-30 22:27:14,730] {scheduler_job.py:190} INFO - Processing /home/airflow/.local/lib/python3.6/site-packages/airflow/example_dags/example_kubernetes_executor.py took 0.336 seconds
[2022-07-30 22:27:45,948] {scheduler_job.py:182} INFO - Started process (PID=1690) to work on /home/airflow/.local/lib/python3.6/site-packages/airflow/example_dags/example_kubernetes_executor.py
[2022-07-30 22:27:45,962] {scheduler_job.py:629} INFO - Processing file /home/airflow/.local/lib/python3.6/site-packages/airflow/example_dags/example_kubernetes_executor.py for tasks to queue
[2022-07-30 22:27:45,969] {logging_mixin.py:104} INFO - [2022-07-30 22:27:45,969] {dagbag.py:451} INFO - Filling up the DagBag from /home/airflow/.local/lib/python3.6/site-packages/airflow/example_dags/example_kubernetes_executor.py
[2022-07-30 22:27:46,075] {scheduler_job.py:639} INFO - DAG(s) dict_keys(['example_kubernetes_executor']) retrieved from /home/airflow/.local/lib/python3.6/site-packages/airflow/example_dags/example_kubernetes_executor.py
[2022-07-30 22:27:46,218] {logging_mixin.py:104} INFO - [2022-07-30 22:27:46,217] {dag.py:1824} INFO - Sync 1 DAGs
[2022-07-30 22:27:46,317] {logging_mixin.py:104} INFO - [2022-07-30 22:27:46,317] {dag.py:2280} INFO - Setting next_dagrun for example_kubernetes_executor to None
[2022-07-30 22:27:46,403] {scheduler_job.py:190} INFO - Processing /home/airflow/.local/lib/python3.6/site-packages/airflow/example_dags/example_kubernetes_executor.py took 0.469 seconds
[2022-07-30 22:28:16,536] {scheduler_job.py:182} INFO - Started process (PID=1716) to work on /home/airflow/.local/lib/python3.6/site-packages/airflow/example_dags/example_kubernetes_executor.py
[2022-07-30 22:28:16,538] {scheduler_job.py:629} INFO - Processing file /home/airflow/.local/lib/python3.6/site-packages/airflow/example_dags/example_kubernetes_executor.py for tasks to queue
[2022-07-30 22:28:16,540] {logging_mixin.py:104} INFO - [2022-07-30 22:28:16,540] {dagbag.py:451} INFO - Filling up the DagBag from /home/airflow/.local/lib/python3.6/site-packages/airflow/example_dags/example_kubernetes_executor.py
[2022-07-30 22:28:16,555] {scheduler_job.py:639} INFO - DAG(s) dict_keys(['example_kubernetes_executor']) retrieved from /home/airflow/.local/lib/python3.6/site-packages/airflow/example_dags/example_kubernetes_executor.py
[2022-07-30 22:28:16,583] {logging_mixin.py:104} INFO - [2022-07-30 22:28:16,583] {dag.py:1824} INFO - Sync 1 DAGs
[2022-07-30 22:28:16,603] {logging_mixin.py:104} INFO - [2022-07-30 22:28:16,603] {dag.py:2280} INFO - Setting next_dagrun for example_kubernetes_executor to None
[2022-07-30 22:28:16,620] {scheduler_job.py:190} INFO - Processing /home/airflow/.local/lib/python3.6/site-packages/airflow/example_dags/example_kubernetes_executor.py took 0.087 seconds
[2022-07-30 22:28:46,718] {scheduler_job.py:182} INFO - Started process (PID=1742) to work on /home/airflow/.local/lib/python3.6/site-packages/airflow/example_dags/example_kubernetes_executor.py
[2022-07-30 22:28:46,721] {scheduler_job.py:629} INFO - Processing file /home/airflow/.local/lib/python3.6/site-packages/airflow/example_dags/example_kubernetes_executor.py for tasks to queue
[2022-07-30 22:28:46,723] {logging_mixin.py:104} INFO - [2022-07-30 22:28:46,723] {dagbag.py:451} INFO - Filling up the DagBag from /home/airflow/.local/lib/python3.6/site-packages/airflow/example_dags/example_kubernetes_executor.py
[2022-07-30 22:28:46,744] {scheduler_job.py:639} INFO - DAG(s) dict_keys(['example_kubernetes_executor']) retrieved from /home/airflow/.local/lib/python3.6/site-packages/airflow/example_dags/example_kubernetes_executor.py
[2022-07-30 22:28:46,780] {logging_mixin.py:104} INFO - [2022-07-30 22:28:46,780] {dag.py:1824} INFO - Sync 1 DAGs
[2022-07-30 22:28:46,802] {logging_mixin.py:104} INFO - [2022-07-30 22:28:46,802] {dag.py:2280} INFO - Setting next_dagrun for example_kubernetes_executor to None
[2022-07-30 22:28:46,824] {scheduler_job.py:190} INFO - Processing /home/airflow/.local/lib/python3.6/site-packages/airflow/example_dags/example_kubernetes_executor.py took 0.110 seconds
[2022-07-30 22:29:17,416] {scheduler_job.py:182} INFO - Started process (PID=1768) to work on /home/airflow/.local/lib/python3.6/site-packages/airflow/example_dags/example_kubernetes_executor.py
[2022-07-30 22:29:17,419] {scheduler_job.py:629} INFO - Processing file /home/airflow/.local/lib/python3.6/site-packages/airflow/example_dags/example_kubernetes_executor.py for tasks to queue
[2022-07-30 22:29:17,426] {logging_mixin.py:104} INFO - [2022-07-30 22:29:17,426] {dagbag.py:451} INFO - Filling up the DagBag from /home/airflow/.local/lib/python3.6/site-packages/airflow/example_dags/example_kubernetes_executor.py
[2022-07-30 22:29:17,455] {scheduler_job.py:639} INFO - DAG(s) dict_keys(['example_kubernetes_executor']) retrieved from /home/airflow/.local/lib/python3.6/site-packages/airflow/example_dags/example_kubernetes_executor.py
[2022-07-30 22:29:17,495] {logging_mixin.py:104} INFO - [2022-07-30 22:29:17,495] {dag.py:1824} INFO - Sync 1 DAGs
[2022-07-30 22:29:17,521] {logging_mixin.py:104} INFO - [2022-07-30 22:29:17,521] {dag.py:2280} INFO - Setting next_dagrun for example_kubernetes_executor to None
[2022-07-30 22:29:17,538] {scheduler_job.py:190} INFO - Processing /home/airflow/.local/lib/python3.6/site-packages/airflow/example_dags/example_kubernetes_executor.py took 0.126 seconds
[2022-07-30 22:29:48,164] {scheduler_job.py:182} INFO - Started process (PID=1794) to work on /home/airflow/.local/lib/python3.6/site-packages/airflow/example_dags/example_kubernetes_executor.py
[2022-07-30 22:29:48,167] {scheduler_job.py:629} INFO - Processing file /home/airflow/.local/lib/python3.6/site-packages/airflow/example_dags/example_kubernetes_executor.py for tasks to queue
[2022-07-30 22:29:48,168] {logging_mixin.py:104} INFO - [2022-07-30 22:29:48,168] {dagbag.py:451} INFO - Filling up the DagBag from /home/airflow/.local/lib/python3.6/site-packages/airflow/example_dags/example_kubernetes_executor.py
[2022-07-30 22:29:48,184] {scheduler_job.py:639} INFO - DAG(s) dict_keys(['example_kubernetes_executor']) retrieved from /home/airflow/.local/lib/python3.6/site-packages/airflow/example_dags/example_kubernetes_executor.py
[2022-07-30 22:29:48,220] {logging_mixin.py:104} INFO - [2022-07-30 22:29:48,220] {dag.py:1824} INFO - Sync 1 DAGs
[2022-07-30 22:29:48,257] {logging_mixin.py:104} INFO - [2022-07-30 22:29:48,257] {dag.py:2280} INFO - Setting next_dagrun for example_kubernetes_executor to None
[2022-07-30 22:29:48,279] {scheduler_job.py:190} INFO - Processing /home/airflow/.local/lib/python3.6/site-packages/airflow/example_dags/example_kubernetes_executor.py took 0.119 seconds
[2022-07-30 22:30:18,909] {scheduler_job.py:182} INFO - Started process (PID=1820) to work on /home/airflow/.local/lib/python3.6/site-packages/airflow/example_dags/example_kubernetes_executor.py
[2022-07-30 22:30:18,913] {scheduler_job.py:629} INFO - Processing file /home/airflow/.local/lib/python3.6/site-packages/airflow/example_dags/example_kubernetes_executor.py for tasks to queue
[2022-07-30 22:30:18,915] {logging_mixin.py:104} INFO - [2022-07-30 22:30:18,915] {dagbag.py:451} INFO - Filling up the DagBag from /home/airflow/.local/lib/python3.6/site-packages/airflow/example_dags/example_kubernetes_executor.py
[2022-07-30 22:30:18,943] {scheduler_job.py:639} INFO - DAG(s) dict_keys(['example_kubernetes_executor']) retrieved from /home/airflow/.local/lib/python3.6/site-packages/airflow/example_dags/example_kubernetes_executor.py
[2022-07-30 22:30:18,983] {logging_mixin.py:104} INFO - [2022-07-30 22:30:18,982] {dag.py:1824} INFO - Sync 1 DAGs
[2022-07-30 22:30:19,008] {logging_mixin.py:104} INFO - [2022-07-30 22:30:19,008] {dag.py:2280} INFO - Setting next_dagrun for example_kubernetes_executor to None
[2022-07-30 22:30:19,026] {scheduler_job.py:190} INFO - Processing /home/airflow/.local/lib/python3.6/site-packages/airflow/example_dags/example_kubernetes_executor.py took 0.124 seconds
[2022-07-30 22:30:49,503] {scheduler_job.py:182} INFO - Started process (PID=1846) to work on /home/airflow/.local/lib/python3.6/site-packages/airflow/example_dags/example_kubernetes_executor.py
[2022-07-30 22:30:49,505] {scheduler_job.py:629} INFO - Processing file /home/airflow/.local/lib/python3.6/site-packages/airflow/example_dags/example_kubernetes_executor.py for tasks to queue
[2022-07-30 22:30:49,507] {logging_mixin.py:104} INFO - [2022-07-30 22:30:49,507] {dagbag.py:451} INFO - Filling up the DagBag from /home/airflow/.local/lib/python3.6/site-packages/airflow/example_dags/example_kubernetes_executor.py
[2022-07-30 22:30:49,530] {scheduler_job.py:639} INFO - DAG(s) dict_keys(['example_kubernetes_executor']) retrieved from /home/airflow/.local/lib/python3.6/site-packages/airflow/example_dags/example_kubernetes_executor.py
[2022-07-30 22:30:49,564] {logging_mixin.py:104} INFO - [2022-07-30 22:30:49,563] {dag.py:1824} INFO - Sync 1 DAGs
[2022-07-30 22:30:49,591] {logging_mixin.py:104} INFO - [2022-07-30 22:30:49,591] {dag.py:2280} INFO - Setting next_dagrun for example_kubernetes_executor to None
[2022-07-30 22:30:49,609] {scheduler_job.py:190} INFO - Processing /home/airflow/.local/lib/python3.6/site-packages/airflow/example_dags/example_kubernetes_executor.py took 0.110 seconds
[2022-07-30 22:31:19,900] {scheduler_job.py:182} INFO - Started process (PID=1872) to work on /home/airflow/.local/lib/python3.6/site-packages/airflow/example_dags/example_kubernetes_executor.py
[2022-07-30 22:31:19,903] {scheduler_job.py:629} INFO - Processing file /home/airflow/.local/lib/python3.6/site-packages/airflow/example_dags/example_kubernetes_executor.py for tasks to queue
[2022-07-30 22:31:19,905] {logging_mixin.py:104} INFO - [2022-07-30 22:31:19,904] {dagbag.py:451} INFO - Filling up the DagBag from /home/airflow/.local/lib/python3.6/site-packages/airflow/example_dags/example_kubernetes_executor.py
[2022-07-30 22:31:19,928] {scheduler_job.py:639} INFO - DAG(s) dict_keys(['example_kubernetes_executor']) retrieved from /home/airflow/.local/lib/python3.6/site-packages/airflow/example_dags/example_kubernetes_executor.py
[2022-07-30 22:31:19,966] {logging_mixin.py:104} INFO - [2022-07-30 22:31:19,966] {dag.py:1824} INFO - Sync 1 DAGs
[2022-07-30 22:31:19,991] {logging_mixin.py:104} INFO - [2022-07-30 22:31:19,991] {dag.py:2280} INFO - Setting next_dagrun for example_kubernetes_executor to None
[2022-07-30 22:31:20,017] {scheduler_job.py:190} INFO - Processing /home/airflow/.local/lib/python3.6/site-packages/airflow/example_dags/example_kubernetes_executor.py took 0.127 seconds
[2022-07-30 22:34:30,162] {scheduler_job.py:182} INFO - Started process (PID=31) to work on /home/airflow/.local/lib/python3.6/site-packages/airflow/example_dags/example_kubernetes_executor.py
[2022-07-30 22:34:30,173] {scheduler_job.py:629} INFO - Processing file /home/airflow/.local/lib/python3.6/site-packages/airflow/example_dags/example_kubernetes_executor.py for tasks to queue
[2022-07-30 22:34:30,181] {logging_mixin.py:104} INFO - [2022-07-30 22:34:30,181] {dagbag.py:451} INFO - Filling up the DagBag from /home/airflow/.local/lib/python3.6/site-packages/airflow/example_dags/example_kubernetes_executor.py
[2022-07-30 22:34:30,341] {scheduler_job.py:639} INFO - DAG(s) dict_keys(['example_kubernetes_executor']) retrieved from /home/airflow/.local/lib/python3.6/site-packages/airflow/example_dags/example_kubernetes_executor.py
[2022-07-30 22:34:30,414] {logging_mixin.py:104} INFO - [2022-07-30 22:34:30,414] {dag.py:1824} INFO - Sync 1 DAGs
[2022-07-30 22:34:30,475] {logging_mixin.py:104} INFO - [2022-07-30 22:34:30,475] {dag.py:2280} INFO - Setting next_dagrun for example_kubernetes_executor to None
[2022-07-30 22:34:30,501] {scheduler_job.py:190} INFO - Processing /home/airflow/.local/lib/python3.6/site-packages/airflow/example_dags/example_kubernetes_executor.py took 0.379 seconds
