[2022-07-30 21:55:20,972] {scheduler_job.py:182} INFO - Started process (PID=39) to work on /home/airflow/.local/lib/python3.6/site-packages/airflow/example_dags/example_latest_only.py
[2022-07-30 21:55:20,986] {scheduler_job.py:629} INFO - Processing file /home/airflow/.local/lib/python3.6/site-packages/airflow/example_dags/example_latest_only.py for tasks to queue
[2022-07-30 21:55:20,989] {logging_mixin.py:104} INFO - [2022-07-30 21:55:20,988] {dagbag.py:451} INFO - Filling up the DagBag from /home/airflow/.local/lib/python3.6/site-packages/airflow/example_dags/example_latest_only.py
[2022-07-30 21:55:21,104] {scheduler_job.py:639} INFO - DAG(s) dict_keys(['latest_only']) retrieved from /home/airflow/.local/lib/python3.6/site-packages/airflow/example_dags/example_latest_only.py
[2022-07-30 21:55:21,245] {logging_mixin.py:104} INFO - [2022-07-30 21:55:21,245] {dag.py:1824} INFO - Sync 1 DAGs
[2022-07-30 21:55:21,324] {logging_mixin.py:104} INFO - [2022-07-30 21:55:21,324] {dag.py:1843} INFO - Creating ORM DAG for latest_only
[2022-07-30 21:55:21,362] {logging_mixin.py:104} INFO - [2022-07-30 21:55:21,362] {dag.py:2280} INFO - Setting next_dagrun for latest_only to 2022-07-28 00:00:00+00:00
[2022-07-30 21:55:21,508] {scheduler_job.py:190} INFO - Processing /home/airflow/.local/lib/python3.6/site-packages/airflow/example_dags/example_latest_only.py took 0.545 seconds
[2022-07-30 21:55:52,004] {scheduler_job.py:182} INFO - Started process (PID=65) to work on /home/airflow/.local/lib/python3.6/site-packages/airflow/example_dags/example_latest_only.py
[2022-07-30 21:55:52,037] {scheduler_job.py:629} INFO - Processing file /home/airflow/.local/lib/python3.6/site-packages/airflow/example_dags/example_latest_only.py for tasks to queue
[2022-07-30 21:55:52,043] {logging_mixin.py:104} INFO - [2022-07-30 21:55:52,043] {dagbag.py:451} INFO - Filling up the DagBag from /home/airflow/.local/lib/python3.6/site-packages/airflow/example_dags/example_latest_only.py
[2022-07-30 21:55:52,122] {scheduler_job.py:639} INFO - DAG(s) dict_keys(['latest_only']) retrieved from /home/airflow/.local/lib/python3.6/site-packages/airflow/example_dags/example_latest_only.py
[2022-07-30 21:55:52,303] {logging_mixin.py:104} INFO - [2022-07-30 21:55:52,302] {dag.py:1824} INFO - Sync 1 DAGs
[2022-07-30 21:55:52,382] {logging_mixin.py:104} INFO - [2022-07-30 21:55:52,382] {dag.py:2280} INFO - Setting next_dagrun for latest_only to 2022-07-28 00:00:00+00:00
[2022-07-30 21:55:52,440] {scheduler_job.py:190} INFO - Processing /home/airflow/.local/lib/python3.6/site-packages/airflow/example_dags/example_latest_only.py took 0.459 seconds
[2022-07-30 21:56:23,133] {scheduler_job.py:182} INFO - Started process (PID=90) to work on /home/airflow/.local/lib/python3.6/site-packages/airflow/example_dags/example_latest_only.py
[2022-07-30 21:56:23,135] {scheduler_job.py:629} INFO - Processing file /home/airflow/.local/lib/python3.6/site-packages/airflow/example_dags/example_latest_only.py for tasks to queue
[2022-07-30 21:56:23,137] {logging_mixin.py:104} INFO - [2022-07-30 21:56:23,137] {dagbag.py:451} INFO - Filling up the DagBag from /home/airflow/.local/lib/python3.6/site-packages/airflow/example_dags/example_latest_only.py
[2022-07-30 21:56:23,153] {scheduler_job.py:639} INFO - DAG(s) dict_keys(['latest_only']) retrieved from /home/airflow/.local/lib/python3.6/site-packages/airflow/example_dags/example_latest_only.py
[2022-07-30 21:56:23,187] {logging_mixin.py:104} INFO - [2022-07-30 21:56:23,187] {dag.py:1824} INFO - Sync 1 DAGs
[2022-07-30 21:56:23,219] {logging_mixin.py:104} INFO - [2022-07-30 21:56:23,219] {dag.py:2280} INFO - Setting next_dagrun for latest_only to 2022-07-28 00:00:00+00:00
[2022-07-30 21:56:23,244] {scheduler_job.py:190} INFO - Processing /home/airflow/.local/lib/python3.6/site-packages/airflow/example_dags/example_latest_only.py took 0.116 seconds
[2022-07-30 21:56:54,103] {scheduler_job.py:182} INFO - Started process (PID=116) to work on /home/airflow/.local/lib/python3.6/site-packages/airflow/example_dags/example_latest_only.py
[2022-07-30 21:56:54,105] {scheduler_job.py:629} INFO - Processing file /home/airflow/.local/lib/python3.6/site-packages/airflow/example_dags/example_latest_only.py for tasks to queue
[2022-07-30 21:56:54,107] {logging_mixin.py:104} INFO - [2022-07-30 21:56:54,107] {dagbag.py:451} INFO - Filling up the DagBag from /home/airflow/.local/lib/python3.6/site-packages/airflow/example_dags/example_latest_only.py
[2022-07-30 21:56:54,125] {scheduler_job.py:639} INFO - DAG(s) dict_keys(['latest_only']) retrieved from /home/airflow/.local/lib/python3.6/site-packages/airflow/example_dags/example_latest_only.py
[2022-07-30 21:56:54,158] {logging_mixin.py:104} INFO - [2022-07-30 21:56:54,158] {dag.py:1824} INFO - Sync 1 DAGs
[2022-07-30 21:56:54,184] {logging_mixin.py:104} INFO - [2022-07-30 21:56:54,184] {dag.py:2280} INFO - Setting next_dagrun for latest_only to 2022-07-28 00:00:00+00:00
[2022-07-30 21:56:54,201] {scheduler_job.py:190} INFO - Processing /home/airflow/.local/lib/python3.6/site-packages/airflow/example_dags/example_latest_only.py took 0.103 seconds
[2022-07-30 21:57:24,631] {scheduler_job.py:182} INFO - Started process (PID=142) to work on /home/airflow/.local/lib/python3.6/site-packages/airflow/example_dags/example_latest_only.py
[2022-07-30 21:57:24,641] {scheduler_job.py:629} INFO - Processing file /home/airflow/.local/lib/python3.6/site-packages/airflow/example_dags/example_latest_only.py for tasks to queue
[2022-07-30 21:57:24,664] {logging_mixin.py:104} INFO - [2022-07-30 21:57:24,664] {dagbag.py:451} INFO - Filling up the DagBag from /home/airflow/.local/lib/python3.6/site-packages/airflow/example_dags/example_latest_only.py
[2022-07-30 21:57:24,730] {scheduler_job.py:639} INFO - DAG(s) dict_keys(['latest_only']) retrieved from /home/airflow/.local/lib/python3.6/site-packages/airflow/example_dags/example_latest_only.py
[2022-07-30 21:57:24,866] {logging_mixin.py:104} INFO - [2022-07-30 21:57:24,866] {dag.py:1824} INFO - Sync 1 DAGs
[2022-07-30 21:57:24,920] {logging_mixin.py:104} INFO - [2022-07-30 21:57:24,920] {dag.py:2280} INFO - Setting next_dagrun for latest_only to 2022-07-28 00:00:00+00:00
[2022-07-30 21:57:24,941] {scheduler_job.py:190} INFO - Processing /home/airflow/.local/lib/python3.6/site-packages/airflow/example_dags/example_latest_only.py took 0.322 seconds
[2022-07-30 21:57:55,807] {scheduler_job.py:182} INFO - Started process (PID=168) to work on /home/airflow/.local/lib/python3.6/site-packages/airflow/example_dags/example_latest_only.py
[2022-07-30 21:57:55,809] {scheduler_job.py:629} INFO - Processing file /home/airflow/.local/lib/python3.6/site-packages/airflow/example_dags/example_latest_only.py for tasks to queue
[2022-07-30 21:57:55,811] {logging_mixin.py:104} INFO - [2022-07-30 21:57:55,810] {dagbag.py:451} INFO - Filling up the DagBag from /home/airflow/.local/lib/python3.6/site-packages/airflow/example_dags/example_latest_only.py
[2022-07-30 21:57:55,826] {scheduler_job.py:639} INFO - DAG(s) dict_keys(['latest_only']) retrieved from /home/airflow/.local/lib/python3.6/site-packages/airflow/example_dags/example_latest_only.py
[2022-07-30 21:57:55,860] {logging_mixin.py:104} INFO - [2022-07-30 21:57:55,860] {dag.py:1824} INFO - Sync 1 DAGs
[2022-07-30 21:57:55,886] {logging_mixin.py:104} INFO - [2022-07-30 21:57:55,886] {dag.py:2280} INFO - Setting next_dagrun for latest_only to 2022-07-28 00:00:00+00:00
[2022-07-30 21:57:55,906] {scheduler_job.py:190} INFO - Processing /home/airflow/.local/lib/python3.6/site-packages/airflow/example_dags/example_latest_only.py took 0.104 seconds
[2022-07-30 21:58:25,984] {scheduler_job.py:182} INFO - Started process (PID=194) to work on /home/airflow/.local/lib/python3.6/site-packages/airflow/example_dags/example_latest_only.py
[2022-07-30 21:58:25,986] {scheduler_job.py:629} INFO - Processing file /home/airflow/.local/lib/python3.6/site-packages/airflow/example_dags/example_latest_only.py for tasks to queue
[2022-07-30 21:58:25,988] {logging_mixin.py:104} INFO - [2022-07-30 21:58:25,988] {dagbag.py:451} INFO - Filling up the DagBag from /home/airflow/.local/lib/python3.6/site-packages/airflow/example_dags/example_latest_only.py
[2022-07-30 21:58:26,030] {scheduler_job.py:639} INFO - DAG(s) dict_keys(['latest_only']) retrieved from /home/airflow/.local/lib/python3.6/site-packages/airflow/example_dags/example_latest_only.py
[2022-07-30 21:58:26,071] {logging_mixin.py:104} INFO - [2022-07-30 21:58:26,071] {dag.py:1824} INFO - Sync 1 DAGs
[2022-07-30 21:58:26,094] {logging_mixin.py:104} INFO - [2022-07-30 21:58:26,094] {dag.py:2280} INFO - Setting next_dagrun for latest_only to 2022-07-28 00:00:00+00:00
[2022-07-30 21:58:26,120] {scheduler_job.py:190} INFO - Processing /home/airflow/.local/lib/python3.6/site-packages/airflow/example_dags/example_latest_only.py took 0.142 seconds
[2022-07-30 21:58:56,977] {scheduler_job.py:182} INFO - Started process (PID=220) to work on /home/airflow/.local/lib/python3.6/site-packages/airflow/example_dags/example_latest_only.py
[2022-07-30 21:58:56,999] {scheduler_job.py:629} INFO - Processing file /home/airflow/.local/lib/python3.6/site-packages/airflow/example_dags/example_latest_only.py for tasks to queue
[2022-07-30 21:58:57,033] {logging_mixin.py:104} INFO - [2022-07-30 21:58:57,033] {dagbag.py:451} INFO - Filling up the DagBag from /home/airflow/.local/lib/python3.6/site-packages/airflow/example_dags/example_latest_only.py
[2022-07-30 21:58:57,142] {scheduler_job.py:639} INFO - DAG(s) dict_keys(['latest_only']) retrieved from /home/airflow/.local/lib/python3.6/site-packages/airflow/example_dags/example_latest_only.py
[2022-07-30 21:58:57,279] {logging_mixin.py:104} INFO - [2022-07-30 21:58:57,278] {dag.py:1824} INFO - Sync 1 DAGs
[2022-07-30 21:58:57,386] {logging_mixin.py:104} INFO - [2022-07-30 21:58:57,385] {dag.py:2280} INFO - Setting next_dagrun for latest_only to 2022-07-28 00:00:00+00:00
[2022-07-30 21:58:57,484] {scheduler_job.py:190} INFO - Processing /home/airflow/.local/lib/python3.6/site-packages/airflow/example_dags/example_latest_only.py took 0.522 seconds
[2022-07-30 21:59:27,953] {scheduler_job.py:182} INFO - Started process (PID=246) to work on /home/airflow/.local/lib/python3.6/site-packages/airflow/example_dags/example_latest_only.py
[2022-07-30 21:59:27,956] {scheduler_job.py:629} INFO - Processing file /home/airflow/.local/lib/python3.6/site-packages/airflow/example_dags/example_latest_only.py for tasks to queue
[2022-07-30 21:59:27,958] {logging_mixin.py:104} INFO - [2022-07-30 21:59:27,958] {dagbag.py:451} INFO - Filling up the DagBag from /home/airflow/.local/lib/python3.6/site-packages/airflow/example_dags/example_latest_only.py
[2022-07-30 21:59:27,989] {scheduler_job.py:639} INFO - DAG(s) dict_keys(['latest_only']) retrieved from /home/airflow/.local/lib/python3.6/site-packages/airflow/example_dags/example_latest_only.py
[2022-07-30 21:59:28,092] {logging_mixin.py:104} INFO - [2022-07-30 21:59:28,092] {dag.py:1824} INFO - Sync 1 DAGs
[2022-07-30 21:59:28,184] {logging_mixin.py:104} INFO - [2022-07-30 21:59:28,184] {dag.py:2280} INFO - Setting next_dagrun for latest_only to 2022-07-28 00:00:00+00:00
[2022-07-30 21:59:28,235] {scheduler_job.py:190} INFO - Processing /home/airflow/.local/lib/python3.6/site-packages/airflow/example_dags/example_latest_only.py took 0.289 seconds
[2022-07-30 21:59:59,018] {scheduler_job.py:182} INFO - Started process (PID=272) to work on /home/airflow/.local/lib/python3.6/site-packages/airflow/example_dags/example_latest_only.py
[2022-07-30 21:59:59,024] {scheduler_job.py:629} INFO - Processing file /home/airflow/.local/lib/python3.6/site-packages/airflow/example_dags/example_latest_only.py for tasks to queue
[2022-07-30 21:59:59,026] {logging_mixin.py:104} INFO - [2022-07-30 21:59:59,026] {dagbag.py:451} INFO - Filling up the DagBag from /home/airflow/.local/lib/python3.6/site-packages/airflow/example_dags/example_latest_only.py
[2022-07-30 21:59:59,079] {scheduler_job.py:639} INFO - DAG(s) dict_keys(['latest_only']) retrieved from /home/airflow/.local/lib/python3.6/site-packages/airflow/example_dags/example_latest_only.py
[2022-07-30 21:59:59,176] {logging_mixin.py:104} INFO - [2022-07-30 21:59:59,176] {dag.py:1824} INFO - Sync 1 DAGs
[2022-07-30 21:59:59,217] {logging_mixin.py:104} INFO - [2022-07-30 21:59:59,216] {dag.py:2280} INFO - Setting next_dagrun for latest_only to 2022-07-28 00:00:00+00:00
[2022-07-30 21:59:59,244] {scheduler_job.py:190} INFO - Processing /home/airflow/.local/lib/python3.6/site-packages/airflow/example_dags/example_latest_only.py took 0.237 seconds
[2022-07-30 22:00:29,485] {scheduler_job.py:182} INFO - Started process (PID=298) to work on /home/airflow/.local/lib/python3.6/site-packages/airflow/example_dags/example_latest_only.py
[2022-07-30 22:00:29,487] {scheduler_job.py:629} INFO - Processing file /home/airflow/.local/lib/python3.6/site-packages/airflow/example_dags/example_latest_only.py for tasks to queue
[2022-07-30 22:00:29,491] {logging_mixin.py:104} INFO - [2022-07-30 22:00:29,490] {dagbag.py:451} INFO - Filling up the DagBag from /home/airflow/.local/lib/python3.6/site-packages/airflow/example_dags/example_latest_only.py
[2022-07-30 22:00:29,514] {scheduler_job.py:639} INFO - DAG(s) dict_keys(['latest_only']) retrieved from /home/airflow/.local/lib/python3.6/site-packages/airflow/example_dags/example_latest_only.py
[2022-07-30 22:00:29,555] {logging_mixin.py:104} INFO - [2022-07-30 22:00:29,554] {dag.py:1824} INFO - Sync 1 DAGs
[2022-07-30 22:00:29,581] {logging_mixin.py:104} INFO - [2022-07-30 22:00:29,581] {dag.py:2280} INFO - Setting next_dagrun for latest_only to 2022-07-28 00:00:00+00:00
[2022-07-30 22:00:29,602] {scheduler_job.py:190} INFO - Processing /home/airflow/.local/lib/python3.6/site-packages/airflow/example_dags/example_latest_only.py took 0.122 seconds
[2022-07-30 22:01:00,303] {scheduler_job.py:182} INFO - Started process (PID=324) to work on /home/airflow/.local/lib/python3.6/site-packages/airflow/example_dags/example_latest_only.py
[2022-07-30 22:01:00,316] {scheduler_job.py:629} INFO - Processing file /home/airflow/.local/lib/python3.6/site-packages/airflow/example_dags/example_latest_only.py for tasks to queue
[2022-07-30 22:01:00,320] {logging_mixin.py:104} INFO - [2022-07-30 22:01:00,319] {dagbag.py:451} INFO - Filling up the DagBag from /home/airflow/.local/lib/python3.6/site-packages/airflow/example_dags/example_latest_only.py
[2022-07-30 22:01:00,391] {scheduler_job.py:639} INFO - DAG(s) dict_keys(['latest_only']) retrieved from /home/airflow/.local/lib/python3.6/site-packages/airflow/example_dags/example_latest_only.py
[2022-07-30 22:01:00,496] {logging_mixin.py:104} INFO - [2022-07-30 22:01:00,495] {dag.py:1824} INFO - Sync 1 DAGs
[2022-07-30 22:01:00,545] {logging_mixin.py:104} INFO - [2022-07-30 22:01:00,544] {dag.py:2280} INFO - Setting next_dagrun for latest_only to 2022-07-28 00:00:00+00:00
[2022-07-30 22:01:00,573] {scheduler_job.py:190} INFO - Processing /home/airflow/.local/lib/python3.6/site-packages/airflow/example_dags/example_latest_only.py took 0.277 seconds
[2022-07-30 22:01:32,080] {scheduler_job.py:182} INFO - Started process (PID=350) to work on /home/airflow/.local/lib/python3.6/site-packages/airflow/example_dags/example_latest_only.py
[2022-07-30 22:01:32,086] {scheduler_job.py:629} INFO - Processing file /home/airflow/.local/lib/python3.6/site-packages/airflow/example_dags/example_latest_only.py for tasks to queue
[2022-07-30 22:01:32,096] {logging_mixin.py:104} INFO - [2022-07-30 22:01:32,096] {dagbag.py:451} INFO - Filling up the DagBag from /home/airflow/.local/lib/python3.6/site-packages/airflow/example_dags/example_latest_only.py
[2022-07-30 22:01:32,194] {scheduler_job.py:639} INFO - DAG(s) dict_keys(['latest_only']) retrieved from /home/airflow/.local/lib/python3.6/site-packages/airflow/example_dags/example_latest_only.py
[2022-07-30 22:01:32,330] {logging_mixin.py:104} INFO - [2022-07-30 22:01:32,330] {dag.py:1824} INFO - Sync 1 DAGs
[2022-07-30 22:01:32,460] {logging_mixin.py:104} INFO - [2022-07-30 22:01:32,459] {dag.py:2280} INFO - Setting next_dagrun for latest_only to 2022-07-28 00:00:00+00:00
[2022-07-30 22:01:32,578] {scheduler_job.py:190} INFO - Processing /home/airflow/.local/lib/python3.6/site-packages/airflow/example_dags/example_latest_only.py took 0.515 seconds
[2022-07-30 22:02:03,955] {scheduler_job.py:182} INFO - Started process (PID=376) to work on /home/airflow/.local/lib/python3.6/site-packages/airflow/example_dags/example_latest_only.py
[2022-07-30 22:02:03,969] {scheduler_job.py:629} INFO - Processing file /home/airflow/.local/lib/python3.6/site-packages/airflow/example_dags/example_latest_only.py for tasks to queue
[2022-07-30 22:02:03,971] {logging_mixin.py:104} INFO - [2022-07-30 22:02:03,971] {dagbag.py:451} INFO - Filling up the DagBag from /home/airflow/.local/lib/python3.6/site-packages/airflow/example_dags/example_latest_only.py
[2022-07-30 22:02:04,031] {scheduler_job.py:639} INFO - DAG(s) dict_keys(['latest_only']) retrieved from /home/airflow/.local/lib/python3.6/site-packages/airflow/example_dags/example_latest_only.py
[2022-07-30 22:02:04,119] {logging_mixin.py:104} INFO - [2022-07-30 22:02:04,119] {dag.py:1824} INFO - Sync 1 DAGs
[2022-07-30 22:02:04,149] {logging_mixin.py:104} INFO - [2022-07-30 22:02:04,149] {dag.py:2280} INFO - Setting next_dagrun for latest_only to 2022-07-28 00:00:00+00:00
[2022-07-30 22:02:04,173] {scheduler_job.py:190} INFO - Processing /home/airflow/.local/lib/python3.6/site-packages/airflow/example_dags/example_latest_only.py took 0.232 seconds
[2022-07-30 22:02:34,588] {scheduler_job.py:182} INFO - Started process (PID=402) to work on /home/airflow/.local/lib/python3.6/site-packages/airflow/example_dags/example_latest_only.py
[2022-07-30 22:02:34,601] {scheduler_job.py:629} INFO - Processing file /home/airflow/.local/lib/python3.6/site-packages/airflow/example_dags/example_latest_only.py for tasks to queue
[2022-07-30 22:02:34,603] {logging_mixin.py:104} INFO - [2022-07-30 22:02:34,603] {dagbag.py:451} INFO - Filling up the DagBag from /home/airflow/.local/lib/python3.6/site-packages/airflow/example_dags/example_latest_only.py
[2022-07-30 22:02:34,630] {scheduler_job.py:639} INFO - DAG(s) dict_keys(['latest_only']) retrieved from /home/airflow/.local/lib/python3.6/site-packages/airflow/example_dags/example_latest_only.py
[2022-07-30 22:02:34,683] {logging_mixin.py:104} INFO - [2022-07-30 22:02:34,683] {dag.py:1824} INFO - Sync 1 DAGs
[2022-07-30 22:02:34,727] {logging_mixin.py:104} INFO - [2022-07-30 22:02:34,727] {dag.py:2280} INFO - Setting next_dagrun for latest_only to 2022-07-28 00:00:00+00:00
[2022-07-30 22:02:34,747] {scheduler_job.py:190} INFO - Processing /home/airflow/.local/lib/python3.6/site-packages/airflow/example_dags/example_latest_only.py took 0.167 seconds
[2022-07-30 22:03:05,480] {scheduler_job.py:182} INFO - Started process (PID=428) to work on /home/airflow/.local/lib/python3.6/site-packages/airflow/example_dags/example_latest_only.py
[2022-07-30 22:03:05,497] {scheduler_job.py:629} INFO - Processing file /home/airflow/.local/lib/python3.6/site-packages/airflow/example_dags/example_latest_only.py for tasks to queue
[2022-07-30 22:03:05,499] {logging_mixin.py:104} INFO - [2022-07-30 22:03:05,498] {dagbag.py:451} INFO - Filling up the DagBag from /home/airflow/.local/lib/python3.6/site-packages/airflow/example_dags/example_latest_only.py
[2022-07-30 22:03:05,533] {scheduler_job.py:639} INFO - DAG(s) dict_keys(['latest_only']) retrieved from /home/airflow/.local/lib/python3.6/site-packages/airflow/example_dags/example_latest_only.py
[2022-07-30 22:03:05,616] {logging_mixin.py:104} INFO - [2022-07-30 22:03:05,616] {dag.py:1824} INFO - Sync 1 DAGs
[2022-07-30 22:03:05,661] {logging_mixin.py:104} INFO - [2022-07-30 22:03:05,661] {dag.py:2280} INFO - Setting next_dagrun for latest_only to 2022-07-28 00:00:00+00:00
[2022-07-30 22:03:05,705] {scheduler_job.py:190} INFO - Processing /home/airflow/.local/lib/python3.6/site-packages/airflow/example_dags/example_latest_only.py took 0.230 seconds
[2022-07-30 22:03:36,021] {scheduler_job.py:182} INFO - Started process (PID=454) to work on /home/airflow/.local/lib/python3.6/site-packages/airflow/example_dags/example_latest_only.py
[2022-07-30 22:03:36,024] {scheduler_job.py:629} INFO - Processing file /home/airflow/.local/lib/python3.6/site-packages/airflow/example_dags/example_latest_only.py for tasks to queue
[2022-07-30 22:03:36,027] {logging_mixin.py:104} INFO - [2022-07-30 22:03:36,026] {dagbag.py:451} INFO - Filling up the DagBag from /home/airflow/.local/lib/python3.6/site-packages/airflow/example_dags/example_latest_only.py
[2022-07-30 22:03:36,055] {scheduler_job.py:639} INFO - DAG(s) dict_keys(['latest_only']) retrieved from /home/airflow/.local/lib/python3.6/site-packages/airflow/example_dags/example_latest_only.py
[2022-07-30 22:03:36,112] {logging_mixin.py:104} INFO - [2022-07-30 22:03:36,112] {dag.py:1824} INFO - Sync 1 DAGs
[2022-07-30 22:03:36,153] {logging_mixin.py:104} INFO - [2022-07-30 22:03:36,153] {dag.py:2280} INFO - Setting next_dagrun for latest_only to 2022-07-28 00:00:00+00:00
[2022-07-30 22:03:36,180] {scheduler_job.py:190} INFO - Processing /home/airflow/.local/lib/python3.6/site-packages/airflow/example_dags/example_latest_only.py took 0.166 seconds
[2022-07-30 22:04:06,426] {scheduler_job.py:182} INFO - Started process (PID=480) to work on /home/airflow/.local/lib/python3.6/site-packages/airflow/example_dags/example_latest_only.py
[2022-07-30 22:04:06,430] {scheduler_job.py:629} INFO - Processing file /home/airflow/.local/lib/python3.6/site-packages/airflow/example_dags/example_latest_only.py for tasks to queue
[2022-07-30 22:04:06,432] {logging_mixin.py:104} INFO - [2022-07-30 22:04:06,432] {dagbag.py:451} INFO - Filling up the DagBag from /home/airflow/.local/lib/python3.6/site-packages/airflow/example_dags/example_latest_only.py
[2022-07-30 22:04:06,463] {scheduler_job.py:639} INFO - DAG(s) dict_keys(['latest_only']) retrieved from /home/airflow/.local/lib/python3.6/site-packages/airflow/example_dags/example_latest_only.py
[2022-07-30 22:04:06,512] {logging_mixin.py:104} INFO - [2022-07-30 22:04:06,512] {dag.py:1824} INFO - Sync 1 DAGs
[2022-07-30 22:04:06,570] {logging_mixin.py:104} INFO - [2022-07-30 22:04:06,570] {dag.py:2280} INFO - Setting next_dagrun for latest_only to 2022-07-28 00:00:00+00:00
[2022-07-30 22:04:06,618] {scheduler_job.py:190} INFO - Processing /home/airflow/.local/lib/python3.6/site-packages/airflow/example_dags/example_latest_only.py took 0.209 seconds
[2022-07-30 22:04:37,013] {scheduler_job.py:182} INFO - Started process (PID=506) to work on /home/airflow/.local/lib/python3.6/site-packages/airflow/example_dags/example_latest_only.py
[2022-07-30 22:04:37,016] {scheduler_job.py:629} INFO - Processing file /home/airflow/.local/lib/python3.6/site-packages/airflow/example_dags/example_latest_only.py for tasks to queue
[2022-07-30 22:04:37,018] {logging_mixin.py:104} INFO - [2022-07-30 22:04:37,018] {dagbag.py:451} INFO - Filling up the DagBag from /home/airflow/.local/lib/python3.6/site-packages/airflow/example_dags/example_latest_only.py
[2022-07-30 22:04:37,038] {scheduler_job.py:639} INFO - DAG(s) dict_keys(['latest_only']) retrieved from /home/airflow/.local/lib/python3.6/site-packages/airflow/example_dags/example_latest_only.py
[2022-07-30 22:04:37,070] {logging_mixin.py:104} INFO - [2022-07-30 22:04:37,070] {dag.py:1824} INFO - Sync 1 DAGs
[2022-07-30 22:04:37,093] {logging_mixin.py:104} INFO - [2022-07-30 22:04:37,093] {dag.py:2280} INFO - Setting next_dagrun for latest_only to 2022-07-28 00:00:00+00:00
[2022-07-30 22:04:37,114] {scheduler_job.py:190} INFO - Processing /home/airflow/.local/lib/python3.6/site-packages/airflow/example_dags/example_latest_only.py took 0.106 seconds
[2022-07-30 22:05:07,277] {scheduler_job.py:182} INFO - Started process (PID=532) to work on /home/airflow/.local/lib/python3.6/site-packages/airflow/example_dags/example_latest_only.py
[2022-07-30 22:05:07,279] {scheduler_job.py:629} INFO - Processing file /home/airflow/.local/lib/python3.6/site-packages/airflow/example_dags/example_latest_only.py for tasks to queue
[2022-07-30 22:05:07,281] {logging_mixin.py:104} INFO - [2022-07-30 22:05:07,281] {dagbag.py:451} INFO - Filling up the DagBag from /home/airflow/.local/lib/python3.6/site-packages/airflow/example_dags/example_latest_only.py
[2022-07-30 22:05:07,299] {scheduler_job.py:639} INFO - DAG(s) dict_keys(['latest_only']) retrieved from /home/airflow/.local/lib/python3.6/site-packages/airflow/example_dags/example_latest_only.py
[2022-07-30 22:05:07,330] {logging_mixin.py:104} INFO - [2022-07-30 22:05:07,329] {dag.py:1824} INFO - Sync 1 DAGs
[2022-07-30 22:05:07,355] {logging_mixin.py:104} INFO - [2022-07-30 22:05:07,355] {dag.py:2280} INFO - Setting next_dagrun for latest_only to 2022-07-28 00:00:00+00:00
[2022-07-30 22:05:07,371] {scheduler_job.py:190} INFO - Processing /home/airflow/.local/lib/python3.6/site-packages/airflow/example_dags/example_latest_only.py took 0.098 seconds
[2022-07-30 22:05:37,423] {scheduler_job.py:182} INFO - Started process (PID=558) to work on /home/airflow/.local/lib/python3.6/site-packages/airflow/example_dags/example_latest_only.py
[2022-07-30 22:05:37,426] {scheduler_job.py:629} INFO - Processing file /home/airflow/.local/lib/python3.6/site-packages/airflow/example_dags/example_latest_only.py for tasks to queue
[2022-07-30 22:05:37,427] {logging_mixin.py:104} INFO - [2022-07-30 22:05:37,427] {dagbag.py:451} INFO - Filling up the DagBag from /home/airflow/.local/lib/python3.6/site-packages/airflow/example_dags/example_latest_only.py
[2022-07-30 22:05:37,449] {scheduler_job.py:639} INFO - DAG(s) dict_keys(['latest_only']) retrieved from /home/airflow/.local/lib/python3.6/site-packages/airflow/example_dags/example_latest_only.py
[2022-07-30 22:05:37,493] {logging_mixin.py:104} INFO - [2022-07-30 22:05:37,493] {dag.py:1824} INFO - Sync 1 DAGs
[2022-07-30 22:05:37,514] {logging_mixin.py:104} INFO - [2022-07-30 22:05:37,514] {dag.py:2280} INFO - Setting next_dagrun for latest_only to 2022-07-28 00:00:00+00:00
[2022-07-30 22:05:37,531] {scheduler_job.py:190} INFO - Processing /home/airflow/.local/lib/python3.6/site-packages/airflow/example_dags/example_latest_only.py took 0.117 seconds
[2022-07-30 22:06:07,605] {scheduler_job.py:182} INFO - Started process (PID=584) to work on /home/airflow/.local/lib/python3.6/site-packages/airflow/example_dags/example_latest_only.py
[2022-07-30 22:06:07,616] {scheduler_job.py:629} INFO - Processing file /home/airflow/.local/lib/python3.6/site-packages/airflow/example_dags/example_latest_only.py for tasks to queue
[2022-07-30 22:06:07,619] {logging_mixin.py:104} INFO - [2022-07-30 22:06:07,619] {dagbag.py:451} INFO - Filling up the DagBag from /home/airflow/.local/lib/python3.6/site-packages/airflow/example_dags/example_latest_only.py
[2022-07-30 22:06:07,691] {scheduler_job.py:639} INFO - DAG(s) dict_keys(['latest_only']) retrieved from /home/airflow/.local/lib/python3.6/site-packages/airflow/example_dags/example_latest_only.py
[2022-07-30 22:06:07,821] {logging_mixin.py:104} INFO - [2022-07-30 22:06:07,821] {dag.py:1824} INFO - Sync 1 DAGs
[2022-07-30 22:06:07,902] {logging_mixin.py:104} INFO - [2022-07-30 22:06:07,902] {dag.py:2280} INFO - Setting next_dagrun for latest_only to 2022-07-28 00:00:00+00:00
[2022-07-30 22:06:07,939] {scheduler_job.py:190} INFO - Processing /home/airflow/.local/lib/python3.6/site-packages/airflow/example_dags/example_latest_only.py took 0.340 seconds
[2022-07-30 22:06:38,090] {scheduler_job.py:182} INFO - Started process (PID=606) to work on /home/airflow/.local/lib/python3.6/site-packages/airflow/example_dags/example_latest_only.py
[2022-07-30 22:06:38,093] {scheduler_job.py:629} INFO - Processing file /home/airflow/.local/lib/python3.6/site-packages/airflow/example_dags/example_latest_only.py for tasks to queue
[2022-07-30 22:06:38,095] {logging_mixin.py:104} INFO - [2022-07-30 22:06:38,094] {dagbag.py:451} INFO - Filling up the DagBag from /home/airflow/.local/lib/python3.6/site-packages/airflow/example_dags/example_latest_only.py
[2022-07-30 22:06:38,128] {scheduler_job.py:639} INFO - DAG(s) dict_keys(['latest_only']) retrieved from /home/airflow/.local/lib/python3.6/site-packages/airflow/example_dags/example_latest_only.py
[2022-07-30 22:06:38,177] {logging_mixin.py:104} INFO - [2022-07-30 22:06:38,177] {dag.py:1824} INFO - Sync 1 DAGs
[2022-07-30 22:06:38,210] {logging_mixin.py:104} INFO - [2022-07-30 22:06:38,210] {dag.py:2280} INFO - Setting next_dagrun for latest_only to 2022-07-28 00:00:00+00:00
[2022-07-30 22:06:38,238] {scheduler_job.py:190} INFO - Processing /home/airflow/.local/lib/python3.6/site-packages/airflow/example_dags/example_latest_only.py took 0.154 seconds
[2022-07-30 22:07:08,659] {scheduler_job.py:182} INFO - Started process (PID=632) to work on /home/airflow/.local/lib/python3.6/site-packages/airflow/example_dags/example_latest_only.py
[2022-07-30 22:07:08,664] {scheduler_job.py:629} INFO - Processing file /home/airflow/.local/lib/python3.6/site-packages/airflow/example_dags/example_latest_only.py for tasks to queue
[2022-07-30 22:07:08,667] {logging_mixin.py:104} INFO - [2022-07-30 22:07:08,666] {dagbag.py:451} INFO - Filling up the DagBag from /home/airflow/.local/lib/python3.6/site-packages/airflow/example_dags/example_latest_only.py
[2022-07-30 22:07:08,702] {scheduler_job.py:639} INFO - DAG(s) dict_keys(['latest_only']) retrieved from /home/airflow/.local/lib/python3.6/site-packages/airflow/example_dags/example_latest_only.py
[2022-07-30 22:07:08,751] {logging_mixin.py:104} INFO - [2022-07-30 22:07:08,751] {dag.py:1824} INFO - Sync 1 DAGs
[2022-07-30 22:07:08,782] {logging_mixin.py:104} INFO - [2022-07-30 22:07:08,782] {dag.py:2280} INFO - Setting next_dagrun for latest_only to 2022-07-28 00:00:00+00:00
[2022-07-30 22:07:08,805] {scheduler_job.py:190} INFO - Processing /home/airflow/.local/lib/python3.6/site-packages/airflow/example_dags/example_latest_only.py took 0.158 seconds
[2022-07-30 22:07:39,105] {scheduler_job.py:182} INFO - Started process (PID=659) to work on /home/airflow/.local/lib/python3.6/site-packages/airflow/example_dags/example_latest_only.py
[2022-07-30 22:07:39,122] {scheduler_job.py:629} INFO - Processing file /home/airflow/.local/lib/python3.6/site-packages/airflow/example_dags/example_latest_only.py for tasks to queue
[2022-07-30 22:07:39,144] {logging_mixin.py:104} INFO - [2022-07-30 22:07:39,144] {dagbag.py:451} INFO - Filling up the DagBag from /home/airflow/.local/lib/python3.6/site-packages/airflow/example_dags/example_latest_only.py
[2022-07-30 22:07:39,176] {scheduler_job.py:639} INFO - DAG(s) dict_keys(['latest_only']) retrieved from /home/airflow/.local/lib/python3.6/site-packages/airflow/example_dags/example_latest_only.py
[2022-07-30 22:07:39,300] {logging_mixin.py:104} INFO - [2022-07-30 22:07:39,299] {dag.py:1824} INFO - Sync 1 DAGs
[2022-07-30 22:07:39,363] {logging_mixin.py:104} INFO - [2022-07-30 22:07:39,363] {dag.py:2280} INFO - Setting next_dagrun for latest_only to 2022-07-28 00:00:00+00:00
[2022-07-30 22:07:39,426] {scheduler_job.py:190} INFO - Processing /home/airflow/.local/lib/python3.6/site-packages/airflow/example_dags/example_latest_only.py took 0.331 seconds
[2022-07-30 22:08:09,874] {scheduler_job.py:182} INFO - Started process (PID=684) to work on /home/airflow/.local/lib/python3.6/site-packages/airflow/example_dags/example_latest_only.py
[2022-07-30 22:08:09,877] {scheduler_job.py:629} INFO - Processing file /home/airflow/.local/lib/python3.6/site-packages/airflow/example_dags/example_latest_only.py for tasks to queue
[2022-07-30 22:08:09,879] {logging_mixin.py:104} INFO - [2022-07-30 22:08:09,878] {dagbag.py:451} INFO - Filling up the DagBag from /home/airflow/.local/lib/python3.6/site-packages/airflow/example_dags/example_latest_only.py
[2022-07-30 22:08:09,902] {scheduler_job.py:639} INFO - DAG(s) dict_keys(['latest_only']) retrieved from /home/airflow/.local/lib/python3.6/site-packages/airflow/example_dags/example_latest_only.py
[2022-07-30 22:08:09,948] {logging_mixin.py:104} INFO - [2022-07-30 22:08:09,948] {dag.py:1824} INFO - Sync 1 DAGs
[2022-07-30 22:08:09,979] {logging_mixin.py:104} INFO - [2022-07-30 22:08:09,979] {dag.py:2280} INFO - Setting next_dagrun for latest_only to 2022-07-28 00:00:00+00:00
[2022-07-30 22:08:10,010] {scheduler_job.py:190} INFO - Processing /home/airflow/.local/lib/python3.6/site-packages/airflow/example_dags/example_latest_only.py took 0.142 seconds
[2022-07-30 22:08:40,111] {scheduler_job.py:182} INFO - Started process (PID=710) to work on /home/airflow/.local/lib/python3.6/site-packages/airflow/example_dags/example_latest_only.py
[2022-07-30 22:08:40,114] {scheduler_job.py:629} INFO - Processing file /home/airflow/.local/lib/python3.6/site-packages/airflow/example_dags/example_latest_only.py for tasks to queue
[2022-07-30 22:08:40,117] {logging_mixin.py:104} INFO - [2022-07-30 22:08:40,116] {dagbag.py:451} INFO - Filling up the DagBag from /home/airflow/.local/lib/python3.6/site-packages/airflow/example_dags/example_latest_only.py
[2022-07-30 22:08:40,135] {scheduler_job.py:639} INFO - DAG(s) dict_keys(['latest_only']) retrieved from /home/airflow/.local/lib/python3.6/site-packages/airflow/example_dags/example_latest_only.py
[2022-07-30 22:08:40,173] {logging_mixin.py:104} INFO - [2022-07-30 22:08:40,172] {dag.py:1824} INFO - Sync 1 DAGs
[2022-07-30 22:08:40,204] {logging_mixin.py:104} INFO - [2022-07-30 22:08:40,204] {dag.py:2280} INFO - Setting next_dagrun for latest_only to 2022-07-28 00:00:00+00:00
[2022-07-30 22:08:40,226] {scheduler_job.py:190} INFO - Processing /home/airflow/.local/lib/python3.6/site-packages/airflow/example_dags/example_latest_only.py took 0.120 seconds
[2022-07-30 22:09:10,460] {scheduler_job.py:182} INFO - Started process (PID=736) to work on /home/airflow/.local/lib/python3.6/site-packages/airflow/example_dags/example_latest_only.py
[2022-07-30 22:09:10,463] {scheduler_job.py:629} INFO - Processing file /home/airflow/.local/lib/python3.6/site-packages/airflow/example_dags/example_latest_only.py for tasks to queue
[2022-07-30 22:09:10,466] {logging_mixin.py:104} INFO - [2022-07-30 22:09:10,465] {dagbag.py:451} INFO - Filling up the DagBag from /home/airflow/.local/lib/python3.6/site-packages/airflow/example_dags/example_latest_only.py
[2022-07-30 22:09:10,485] {scheduler_job.py:639} INFO - DAG(s) dict_keys(['latest_only']) retrieved from /home/airflow/.local/lib/python3.6/site-packages/airflow/example_dags/example_latest_only.py
[2022-07-30 22:09:10,532] {logging_mixin.py:104} INFO - [2022-07-30 22:09:10,531] {dag.py:1824} INFO - Sync 1 DAGs
[2022-07-30 22:09:10,566] {logging_mixin.py:104} INFO - [2022-07-30 22:09:10,565] {dag.py:2280} INFO - Setting next_dagrun for latest_only to 2022-07-28 00:00:00+00:00
[2022-07-30 22:09:10,587] {scheduler_job.py:190} INFO - Processing /home/airflow/.local/lib/python3.6/site-packages/airflow/example_dags/example_latest_only.py took 0.132 seconds
[2022-07-30 22:09:41,078] {scheduler_job.py:182} INFO - Started process (PID=762) to work on /home/airflow/.local/lib/python3.6/site-packages/airflow/example_dags/example_latest_only.py
[2022-07-30 22:09:41,081] {scheduler_job.py:629} INFO - Processing file /home/airflow/.local/lib/python3.6/site-packages/airflow/example_dags/example_latest_only.py for tasks to queue
[2022-07-30 22:09:41,082] {logging_mixin.py:104} INFO - [2022-07-30 22:09:41,082] {dagbag.py:451} INFO - Filling up the DagBag from /home/airflow/.local/lib/python3.6/site-packages/airflow/example_dags/example_latest_only.py
[2022-07-30 22:09:41,101] {scheduler_job.py:639} INFO - DAG(s) dict_keys(['latest_only']) retrieved from /home/airflow/.local/lib/python3.6/site-packages/airflow/example_dags/example_latest_only.py
[2022-07-30 22:09:41,180] {logging_mixin.py:104} INFO - [2022-07-30 22:09:41,180] {dag.py:1824} INFO - Sync 1 DAGs
[2022-07-30 22:09:41,241] {logging_mixin.py:104} INFO - [2022-07-30 22:09:41,241] {dag.py:2280} INFO - Setting next_dagrun for latest_only to 2022-07-28 00:00:00+00:00
[2022-07-30 22:09:41,307] {scheduler_job.py:190} INFO - Processing /home/airflow/.local/lib/python3.6/site-packages/airflow/example_dags/example_latest_only.py took 0.233 seconds
[2022-07-30 22:10:11,862] {scheduler_job.py:182} INFO - Started process (PID=788) to work on /home/airflow/.local/lib/python3.6/site-packages/airflow/example_dags/example_latest_only.py
[2022-07-30 22:10:11,865] {scheduler_job.py:629} INFO - Processing file /home/airflow/.local/lib/python3.6/site-packages/airflow/example_dags/example_latest_only.py for tasks to queue
[2022-07-30 22:10:11,867] {logging_mixin.py:104} INFO - [2022-07-30 22:10:11,867] {dagbag.py:451} INFO - Filling up the DagBag from /home/airflow/.local/lib/python3.6/site-packages/airflow/example_dags/example_latest_only.py
[2022-07-30 22:10:11,889] {scheduler_job.py:639} INFO - DAG(s) dict_keys(['latest_only']) retrieved from /home/airflow/.local/lib/python3.6/site-packages/airflow/example_dags/example_latest_only.py
[2022-07-30 22:10:11,930] {logging_mixin.py:104} INFO - [2022-07-30 22:10:11,929] {dag.py:1824} INFO - Sync 1 DAGs
[2022-07-30 22:10:11,958] {logging_mixin.py:104} INFO - [2022-07-30 22:10:11,958] {dag.py:2280} INFO - Setting next_dagrun for latest_only to 2022-07-28 00:00:00+00:00
[2022-07-30 22:10:11,981] {scheduler_job.py:190} INFO - Processing /home/airflow/.local/lib/python3.6/site-packages/airflow/example_dags/example_latest_only.py took 0.125 seconds
[2022-07-30 22:10:42,769] {scheduler_job.py:182} INFO - Started process (PID=814) to work on /home/airflow/.local/lib/python3.6/site-packages/airflow/example_dags/example_latest_only.py
[2022-07-30 22:10:42,772] {scheduler_job.py:629} INFO - Processing file /home/airflow/.local/lib/python3.6/site-packages/airflow/example_dags/example_latest_only.py for tasks to queue
[2022-07-30 22:10:42,773] {logging_mixin.py:104} INFO - [2022-07-30 22:10:42,773] {dagbag.py:451} INFO - Filling up the DagBag from /home/airflow/.local/lib/python3.6/site-packages/airflow/example_dags/example_latest_only.py
[2022-07-30 22:10:42,786] {scheduler_job.py:639} INFO - DAG(s) dict_keys(['latest_only']) retrieved from /home/airflow/.local/lib/python3.6/site-packages/airflow/example_dags/example_latest_only.py
[2022-07-30 22:10:42,823] {logging_mixin.py:104} INFO - [2022-07-30 22:10:42,822] {dag.py:1824} INFO - Sync 1 DAGs
[2022-07-30 22:10:42,851] {logging_mixin.py:104} INFO - [2022-07-30 22:10:42,851] {dag.py:2280} INFO - Setting next_dagrun for latest_only to 2022-07-28 00:00:00+00:00
[2022-07-30 22:10:42,878] {scheduler_job.py:190} INFO - Processing /home/airflow/.local/lib/python3.6/site-packages/airflow/example_dags/example_latest_only.py took 0.112 seconds
[2022-07-30 22:11:13,495] {scheduler_job.py:182} INFO - Started process (PID=840) to work on /home/airflow/.local/lib/python3.6/site-packages/airflow/example_dags/example_latest_only.py
[2022-07-30 22:11:13,498] {scheduler_job.py:629} INFO - Processing file /home/airflow/.local/lib/python3.6/site-packages/airflow/example_dags/example_latest_only.py for tasks to queue
[2022-07-30 22:11:13,500] {logging_mixin.py:104} INFO - [2022-07-30 22:11:13,500] {dagbag.py:451} INFO - Filling up the DagBag from /home/airflow/.local/lib/python3.6/site-packages/airflow/example_dags/example_latest_only.py
[2022-07-30 22:11:13,518] {scheduler_job.py:639} INFO - DAG(s) dict_keys(['latest_only']) retrieved from /home/airflow/.local/lib/python3.6/site-packages/airflow/example_dags/example_latest_only.py
[2022-07-30 22:11:13,607] {logging_mixin.py:104} INFO - [2022-07-30 22:11:13,607] {dag.py:1824} INFO - Sync 1 DAGs
[2022-07-30 22:11:13,648] {logging_mixin.py:104} INFO - [2022-07-30 22:11:13,648] {dag.py:2280} INFO - Setting next_dagrun for latest_only to 2022-07-28 00:00:00+00:00
[2022-07-30 22:11:13,678] {scheduler_job.py:190} INFO - Processing /home/airflow/.local/lib/python3.6/site-packages/airflow/example_dags/example_latest_only.py took 0.187 seconds
[2022-07-30 22:11:44,223] {scheduler_job.py:182} INFO - Started process (PID=866) to work on /home/airflow/.local/lib/python3.6/site-packages/airflow/example_dags/example_latest_only.py
[2022-07-30 22:11:44,227] {scheduler_job.py:629} INFO - Processing file /home/airflow/.local/lib/python3.6/site-packages/airflow/example_dags/example_latest_only.py for tasks to queue
[2022-07-30 22:11:44,230] {logging_mixin.py:104} INFO - [2022-07-30 22:11:44,230] {dagbag.py:451} INFO - Filling up the DagBag from /home/airflow/.local/lib/python3.6/site-packages/airflow/example_dags/example_latest_only.py
[2022-07-30 22:11:44,255] {scheduler_job.py:639} INFO - DAG(s) dict_keys(['latest_only']) retrieved from /home/airflow/.local/lib/python3.6/site-packages/airflow/example_dags/example_latest_only.py
[2022-07-30 22:11:44,313] {logging_mixin.py:104} INFO - [2022-07-30 22:11:44,313] {dag.py:1824} INFO - Sync 1 DAGs
[2022-07-30 22:11:44,368] {logging_mixin.py:104} INFO - [2022-07-30 22:11:44,367] {dag.py:2280} INFO - Setting next_dagrun for latest_only to 2022-07-28 00:00:00+00:00
[2022-07-30 22:11:44,407] {scheduler_job.py:190} INFO - Processing /home/airflow/.local/lib/python3.6/site-packages/airflow/example_dags/example_latest_only.py took 0.192 seconds
[2022-07-30 22:12:14,564] {scheduler_job.py:182} INFO - Started process (PID=892) to work on /home/airflow/.local/lib/python3.6/site-packages/airflow/example_dags/example_latest_only.py
[2022-07-30 22:12:14,567] {scheduler_job.py:629} INFO - Processing file /home/airflow/.local/lib/python3.6/site-packages/airflow/example_dags/example_latest_only.py for tasks to queue
[2022-07-30 22:12:14,569] {logging_mixin.py:104} INFO - [2022-07-30 22:12:14,569] {dagbag.py:451} INFO - Filling up the DagBag from /home/airflow/.local/lib/python3.6/site-packages/airflow/example_dags/example_latest_only.py
[2022-07-30 22:12:14,591] {scheduler_job.py:639} INFO - DAG(s) dict_keys(['latest_only']) retrieved from /home/airflow/.local/lib/python3.6/site-packages/airflow/example_dags/example_latest_only.py
[2022-07-30 22:12:14,650] {logging_mixin.py:104} INFO - [2022-07-30 22:12:14,650] {dag.py:1824} INFO - Sync 1 DAGs
[2022-07-30 22:12:14,675] {logging_mixin.py:104} INFO - [2022-07-30 22:12:14,675] {dag.py:2280} INFO - Setting next_dagrun for latest_only to 2022-07-28 00:00:00+00:00
[2022-07-30 22:12:14,733] {scheduler_job.py:190} INFO - Processing /home/airflow/.local/lib/python3.6/site-packages/airflow/example_dags/example_latest_only.py took 0.176 seconds
[2022-07-30 22:12:44,817] {scheduler_job.py:182} INFO - Started process (PID=918) to work on /home/airflow/.local/lib/python3.6/site-packages/airflow/example_dags/example_latest_only.py
[2022-07-30 22:12:44,819] {scheduler_job.py:629} INFO - Processing file /home/airflow/.local/lib/python3.6/site-packages/airflow/example_dags/example_latest_only.py for tasks to queue
[2022-07-30 22:12:44,821] {logging_mixin.py:104} INFO - [2022-07-30 22:12:44,821] {dagbag.py:451} INFO - Filling up the DagBag from /home/airflow/.local/lib/python3.6/site-packages/airflow/example_dags/example_latest_only.py
[2022-07-30 22:12:44,833] {scheduler_job.py:639} INFO - DAG(s) dict_keys(['latest_only']) retrieved from /home/airflow/.local/lib/python3.6/site-packages/airflow/example_dags/example_latest_only.py
[2022-07-30 22:12:44,866] {logging_mixin.py:104} INFO - [2022-07-30 22:12:44,865] {dag.py:1824} INFO - Sync 1 DAGs
[2022-07-30 22:12:44,894] {logging_mixin.py:104} INFO - [2022-07-30 22:12:44,894] {dag.py:2280} INFO - Setting next_dagrun for latest_only to 2022-07-28 00:00:00+00:00
[2022-07-30 22:12:44,912] {scheduler_job.py:190} INFO - Processing /home/airflow/.local/lib/python3.6/site-packages/airflow/example_dags/example_latest_only.py took 0.099 seconds
[2022-07-30 22:13:16,006] {scheduler_job.py:182} INFO - Started process (PID=944) to work on /home/airflow/.local/lib/python3.6/site-packages/airflow/example_dags/example_latest_only.py
[2022-07-30 22:13:16,034] {scheduler_job.py:629} INFO - Processing file /home/airflow/.local/lib/python3.6/site-packages/airflow/example_dags/example_latest_only.py for tasks to queue
[2022-07-30 22:13:16,043] {logging_mixin.py:104} INFO - [2022-07-30 22:13:16,043] {dagbag.py:451} INFO - Filling up the DagBag from /home/airflow/.local/lib/python3.6/site-packages/airflow/example_dags/example_latest_only.py
[2022-07-30 22:13:16,137] {scheduler_job.py:639} INFO - DAG(s) dict_keys(['latest_only']) retrieved from /home/airflow/.local/lib/python3.6/site-packages/airflow/example_dags/example_latest_only.py
[2022-07-30 22:13:16,280] {logging_mixin.py:104} INFO - [2022-07-30 22:13:16,280] {dag.py:1824} INFO - Sync 1 DAGs
[2022-07-30 22:13:16,340] {logging_mixin.py:104} INFO - [2022-07-30 22:13:16,340] {dag.py:2280} INFO - Setting next_dagrun for latest_only to 2022-07-28 00:00:00+00:00
[2022-07-30 22:13:16,409] {scheduler_job.py:190} INFO - Processing /home/airflow/.local/lib/python3.6/site-packages/airflow/example_dags/example_latest_only.py took 0.408 seconds
[2022-07-30 22:13:47,072] {scheduler_job.py:182} INFO - Started process (PID=970) to work on /home/airflow/.local/lib/python3.6/site-packages/airflow/example_dags/example_latest_only.py
[2022-07-30 22:13:47,074] {scheduler_job.py:629} INFO - Processing file /home/airflow/.local/lib/python3.6/site-packages/airflow/example_dags/example_latest_only.py for tasks to queue
[2022-07-30 22:13:47,076] {logging_mixin.py:104} INFO - [2022-07-30 22:13:47,075] {dagbag.py:451} INFO - Filling up the DagBag from /home/airflow/.local/lib/python3.6/site-packages/airflow/example_dags/example_latest_only.py
[2022-07-30 22:13:47,095] {scheduler_job.py:639} INFO - DAG(s) dict_keys(['latest_only']) retrieved from /home/airflow/.local/lib/python3.6/site-packages/airflow/example_dags/example_latest_only.py
[2022-07-30 22:13:47,125] {logging_mixin.py:104} INFO - [2022-07-30 22:13:47,125] {dag.py:1824} INFO - Sync 1 DAGs
[2022-07-30 22:13:47,149] {logging_mixin.py:104} INFO - [2022-07-30 22:13:47,149] {dag.py:2280} INFO - Setting next_dagrun for latest_only to 2022-07-28 00:00:00+00:00
[2022-07-30 22:13:47,165] {scheduler_job.py:190} INFO - Processing /home/airflow/.local/lib/python3.6/site-packages/airflow/example_dags/example_latest_only.py took 0.100 seconds
[2022-07-30 22:14:17,812] {scheduler_job.py:182} INFO - Started process (PID=996) to work on /home/airflow/.local/lib/python3.6/site-packages/airflow/example_dags/example_latest_only.py
[2022-07-30 22:14:17,815] {scheduler_job.py:629} INFO - Processing file /home/airflow/.local/lib/python3.6/site-packages/airflow/example_dags/example_latest_only.py for tasks to queue
[2022-07-30 22:14:17,818] {logging_mixin.py:104} INFO - [2022-07-30 22:14:17,818] {dagbag.py:451} INFO - Filling up the DagBag from /home/airflow/.local/lib/python3.6/site-packages/airflow/example_dags/example_latest_only.py
[2022-07-30 22:14:17,840] {scheduler_job.py:639} INFO - DAG(s) dict_keys(['latest_only']) retrieved from /home/airflow/.local/lib/python3.6/site-packages/airflow/example_dags/example_latest_only.py
[2022-07-30 22:14:17,877] {logging_mixin.py:104} INFO - [2022-07-30 22:14:17,877] {dag.py:1824} INFO - Sync 1 DAGs
[2022-07-30 22:14:17,902] {logging_mixin.py:104} INFO - [2022-07-30 22:14:17,902] {dag.py:2280} INFO - Setting next_dagrun for latest_only to 2022-07-28 00:00:00+00:00
[2022-07-30 22:14:17,922] {scheduler_job.py:190} INFO - Processing /home/airflow/.local/lib/python3.6/site-packages/airflow/example_dags/example_latest_only.py took 0.118 seconds
[2022-07-30 22:14:48,395] {scheduler_job.py:182} INFO - Started process (PID=1022) to work on /home/airflow/.local/lib/python3.6/site-packages/airflow/example_dags/example_latest_only.py
[2022-07-30 22:14:48,400] {scheduler_job.py:629} INFO - Processing file /home/airflow/.local/lib/python3.6/site-packages/airflow/example_dags/example_latest_only.py for tasks to queue
[2022-07-30 22:14:48,403] {logging_mixin.py:104} INFO - [2022-07-30 22:14:48,402] {dagbag.py:451} INFO - Filling up the DagBag from /home/airflow/.local/lib/python3.6/site-packages/airflow/example_dags/example_latest_only.py
[2022-07-30 22:14:48,435] {scheduler_job.py:639} INFO - DAG(s) dict_keys(['latest_only']) retrieved from /home/airflow/.local/lib/python3.6/site-packages/airflow/example_dags/example_latest_only.py
[2022-07-30 22:14:48,485] {logging_mixin.py:104} INFO - [2022-07-30 22:14:48,485] {dag.py:1824} INFO - Sync 1 DAGs
[2022-07-30 22:14:48,509] {logging_mixin.py:104} INFO - [2022-07-30 22:14:48,509] {dag.py:2280} INFO - Setting next_dagrun for latest_only to 2022-07-28 00:00:00+00:00
[2022-07-30 22:14:48,526] {scheduler_job.py:190} INFO - Processing /home/airflow/.local/lib/python3.6/site-packages/airflow/example_dags/example_latest_only.py took 0.141 seconds
[2022-07-30 22:15:18,751] {scheduler_job.py:182} INFO - Started process (PID=1048) to work on /home/airflow/.local/lib/python3.6/site-packages/airflow/example_dags/example_latest_only.py
[2022-07-30 22:15:18,754] {scheduler_job.py:629} INFO - Processing file /home/airflow/.local/lib/python3.6/site-packages/airflow/example_dags/example_latest_only.py for tasks to queue
[2022-07-30 22:15:18,756] {logging_mixin.py:104} INFO - [2022-07-30 22:15:18,756] {dagbag.py:451} INFO - Filling up the DagBag from /home/airflow/.local/lib/python3.6/site-packages/airflow/example_dags/example_latest_only.py
[2022-07-30 22:15:18,780] {scheduler_job.py:639} INFO - DAG(s) dict_keys(['latest_only']) retrieved from /home/airflow/.local/lib/python3.6/site-packages/airflow/example_dags/example_latest_only.py
[2022-07-30 22:15:18,836] {logging_mixin.py:104} INFO - [2022-07-30 22:15:18,836] {dag.py:1824} INFO - Sync 1 DAGs
[2022-07-30 22:15:18,884] {logging_mixin.py:104} INFO - [2022-07-30 22:15:18,884] {dag.py:2280} INFO - Setting next_dagrun for latest_only to 2022-07-28 00:00:00+00:00
[2022-07-30 22:15:18,926] {scheduler_job.py:190} INFO - Processing /home/airflow/.local/lib/python3.6/site-packages/airflow/example_dags/example_latest_only.py took 0.180 seconds
[2022-07-30 22:15:49,144] {scheduler_job.py:182} INFO - Started process (PID=1074) to work on /home/airflow/.local/lib/python3.6/site-packages/airflow/example_dags/example_latest_only.py
[2022-07-30 22:15:49,147] {scheduler_job.py:629} INFO - Processing file /home/airflow/.local/lib/python3.6/site-packages/airflow/example_dags/example_latest_only.py for tasks to queue
[2022-07-30 22:15:49,148] {logging_mixin.py:104} INFO - [2022-07-30 22:15:49,148] {dagbag.py:451} INFO - Filling up the DagBag from /home/airflow/.local/lib/python3.6/site-packages/airflow/example_dags/example_latest_only.py
[2022-07-30 22:15:49,174] {scheduler_job.py:639} INFO - DAG(s) dict_keys(['latest_only']) retrieved from /home/airflow/.local/lib/python3.6/site-packages/airflow/example_dags/example_latest_only.py
[2022-07-30 22:15:49,223] {logging_mixin.py:104} INFO - [2022-07-30 22:15:49,223] {dag.py:1824} INFO - Sync 1 DAGs
[2022-07-30 22:15:49,298] {logging_mixin.py:104} INFO - [2022-07-30 22:15:49,298] {dag.py:2280} INFO - Setting next_dagrun for latest_only to 2022-07-28 00:00:00+00:00
[2022-07-30 22:15:49,338] {scheduler_job.py:190} INFO - Processing /home/airflow/.local/lib/python3.6/site-packages/airflow/example_dags/example_latest_only.py took 0.199 seconds
[2022-07-30 22:16:19,497] {scheduler_job.py:182} INFO - Started process (PID=1100) to work on /home/airflow/.local/lib/python3.6/site-packages/airflow/example_dags/example_latest_only.py
[2022-07-30 22:16:19,499] {scheduler_job.py:629} INFO - Processing file /home/airflow/.local/lib/python3.6/site-packages/airflow/example_dags/example_latest_only.py for tasks to queue
[2022-07-30 22:16:19,502] {logging_mixin.py:104} INFO - [2022-07-30 22:16:19,501] {dagbag.py:451} INFO - Filling up the DagBag from /home/airflow/.local/lib/python3.6/site-packages/airflow/example_dags/example_latest_only.py
[2022-07-30 22:16:19,524] {scheduler_job.py:639} INFO - DAG(s) dict_keys(['latest_only']) retrieved from /home/airflow/.local/lib/python3.6/site-packages/airflow/example_dags/example_latest_only.py
[2022-07-30 22:16:19,562] {logging_mixin.py:104} INFO - [2022-07-30 22:16:19,561] {dag.py:1824} INFO - Sync 1 DAGs
[2022-07-30 22:16:19,601] {logging_mixin.py:104} INFO - [2022-07-30 22:16:19,601] {dag.py:2280} INFO - Setting next_dagrun for latest_only to 2022-07-28 00:00:00+00:00
[2022-07-30 22:16:19,634] {scheduler_job.py:190} INFO - Processing /home/airflow/.local/lib/python3.6/site-packages/airflow/example_dags/example_latest_only.py took 0.142 seconds
[2022-07-30 22:16:49,827] {scheduler_job.py:182} INFO - Started process (PID=1126) to work on /home/airflow/.local/lib/python3.6/site-packages/airflow/example_dags/example_latest_only.py
[2022-07-30 22:16:49,830] {scheduler_job.py:629} INFO - Processing file /home/airflow/.local/lib/python3.6/site-packages/airflow/example_dags/example_latest_only.py for tasks to queue
[2022-07-30 22:16:49,832] {logging_mixin.py:104} INFO - [2022-07-30 22:16:49,832] {dagbag.py:451} INFO - Filling up the DagBag from /home/airflow/.local/lib/python3.6/site-packages/airflow/example_dags/example_latest_only.py
[2022-07-30 22:16:49,855] {scheduler_job.py:639} INFO - DAG(s) dict_keys(['latest_only']) retrieved from /home/airflow/.local/lib/python3.6/site-packages/airflow/example_dags/example_latest_only.py
[2022-07-30 22:16:49,911] {logging_mixin.py:104} INFO - [2022-07-30 22:16:49,910] {dag.py:1824} INFO - Sync 1 DAGs
[2022-07-30 22:16:49,941] {logging_mixin.py:104} INFO - [2022-07-30 22:16:49,941] {dag.py:2280} INFO - Setting next_dagrun for latest_only to 2022-07-28 00:00:00+00:00
[2022-07-30 22:16:49,964] {scheduler_job.py:190} INFO - Processing /home/airflow/.local/lib/python3.6/site-packages/airflow/example_dags/example_latest_only.py took 0.145 seconds
[2022-07-30 22:17:20,021] {scheduler_job.py:182} INFO - Started process (PID=1152) to work on /home/airflow/.local/lib/python3.6/site-packages/airflow/example_dags/example_latest_only.py
[2022-07-30 22:17:20,027] {scheduler_job.py:629} INFO - Processing file /home/airflow/.local/lib/python3.6/site-packages/airflow/example_dags/example_latest_only.py for tasks to queue
[2022-07-30 22:17:20,028] {logging_mixin.py:104} INFO - [2022-07-30 22:17:20,028] {dagbag.py:451} INFO - Filling up the DagBag from /home/airflow/.local/lib/python3.6/site-packages/airflow/example_dags/example_latest_only.py
[2022-07-30 22:17:20,049] {scheduler_job.py:639} INFO - DAG(s) dict_keys(['latest_only']) retrieved from /home/airflow/.local/lib/python3.6/site-packages/airflow/example_dags/example_latest_only.py
[2022-07-30 22:17:20,095] {logging_mixin.py:104} INFO - [2022-07-30 22:17:20,095] {dag.py:1824} INFO - Sync 1 DAGs
[2022-07-30 22:17:20,122] {logging_mixin.py:104} INFO - [2022-07-30 22:17:20,122] {dag.py:2280} INFO - Setting next_dagrun for latest_only to 2022-07-28 00:00:00+00:00
[2022-07-30 22:17:20,155] {scheduler_job.py:190} INFO - Processing /home/airflow/.local/lib/python3.6/site-packages/airflow/example_dags/example_latest_only.py took 0.139 seconds
[2022-07-30 22:17:50,542] {scheduler_job.py:182} INFO - Started process (PID=1178) to work on /home/airflow/.local/lib/python3.6/site-packages/airflow/example_dags/example_latest_only.py
[2022-07-30 22:17:50,546] {scheduler_job.py:629} INFO - Processing file /home/airflow/.local/lib/python3.6/site-packages/airflow/example_dags/example_latest_only.py for tasks to queue
[2022-07-30 22:17:50,549] {logging_mixin.py:104} INFO - [2022-07-30 22:17:50,548] {dagbag.py:451} INFO - Filling up the DagBag from /home/airflow/.local/lib/python3.6/site-packages/airflow/example_dags/example_latest_only.py
[2022-07-30 22:17:50,571] {scheduler_job.py:639} INFO - DAG(s) dict_keys(['latest_only']) retrieved from /home/airflow/.local/lib/python3.6/site-packages/airflow/example_dags/example_latest_only.py
[2022-07-30 22:17:50,632] {logging_mixin.py:104} INFO - [2022-07-30 22:17:50,631] {dag.py:1824} INFO - Sync 1 DAGs
[2022-07-30 22:17:50,679] {logging_mixin.py:104} INFO - [2022-07-30 22:17:50,679] {dag.py:2280} INFO - Setting next_dagrun for latest_only to 2022-07-28 00:00:00+00:00
[2022-07-30 22:17:50,707] {scheduler_job.py:190} INFO - Processing /home/airflow/.local/lib/python3.6/site-packages/airflow/example_dags/example_latest_only.py took 0.175 seconds
[2022-07-30 22:18:20,871] {scheduler_job.py:182} INFO - Started process (PID=1204) to work on /home/airflow/.local/lib/python3.6/site-packages/airflow/example_dags/example_latest_only.py
[2022-07-30 22:18:20,873] {scheduler_job.py:629} INFO - Processing file /home/airflow/.local/lib/python3.6/site-packages/airflow/example_dags/example_latest_only.py for tasks to queue
[2022-07-30 22:18:20,875] {logging_mixin.py:104} INFO - [2022-07-30 22:18:20,875] {dagbag.py:451} INFO - Filling up the DagBag from /home/airflow/.local/lib/python3.6/site-packages/airflow/example_dags/example_latest_only.py
[2022-07-30 22:18:20,894] {scheduler_job.py:639} INFO - DAG(s) dict_keys(['latest_only']) retrieved from /home/airflow/.local/lib/python3.6/site-packages/airflow/example_dags/example_latest_only.py
[2022-07-30 22:18:20,934] {logging_mixin.py:104} INFO - [2022-07-30 22:18:20,934] {dag.py:1824} INFO - Sync 1 DAGs
[2022-07-30 22:18:20,971] {logging_mixin.py:104} INFO - [2022-07-30 22:18:20,970] {dag.py:2280} INFO - Setting next_dagrun for latest_only to 2022-07-28 00:00:00+00:00
[2022-07-30 22:18:20,998] {scheduler_job.py:190} INFO - Processing /home/airflow/.local/lib/python3.6/site-packages/airflow/example_dags/example_latest_only.py took 0.133 seconds
[2022-07-30 22:18:51,795] {scheduler_job.py:182} INFO - Started process (PID=1230) to work on /home/airflow/.local/lib/python3.6/site-packages/airflow/example_dags/example_latest_only.py
[2022-07-30 22:18:51,797] {scheduler_job.py:629} INFO - Processing file /home/airflow/.local/lib/python3.6/site-packages/airflow/example_dags/example_latest_only.py for tasks to queue
[2022-07-30 22:18:51,799] {logging_mixin.py:104} INFO - [2022-07-30 22:18:51,799] {dagbag.py:451} INFO - Filling up the DagBag from /home/airflow/.local/lib/python3.6/site-packages/airflow/example_dags/example_latest_only.py
[2022-07-30 22:18:51,819] {scheduler_job.py:639} INFO - DAG(s) dict_keys(['latest_only']) retrieved from /home/airflow/.local/lib/python3.6/site-packages/airflow/example_dags/example_latest_only.py
[2022-07-30 22:18:51,864] {logging_mixin.py:104} INFO - [2022-07-30 22:18:51,864] {dag.py:1824} INFO - Sync 1 DAGs
[2022-07-30 22:18:51,901] {logging_mixin.py:104} INFO - [2022-07-30 22:18:51,901] {dag.py:2280} INFO - Setting next_dagrun for latest_only to 2022-07-28 00:00:00+00:00
[2022-07-30 22:18:51,928] {scheduler_job.py:190} INFO - Processing /home/airflow/.local/lib/python3.6/site-packages/airflow/example_dags/example_latest_only.py took 0.139 seconds
[2022-07-30 22:19:22,179] {scheduler_job.py:182} INFO - Started process (PID=1256) to work on /home/airflow/.local/lib/python3.6/site-packages/airflow/example_dags/example_latest_only.py
[2022-07-30 22:19:22,181] {scheduler_job.py:629} INFO - Processing file /home/airflow/.local/lib/python3.6/site-packages/airflow/example_dags/example_latest_only.py for tasks to queue
[2022-07-30 22:19:22,183] {logging_mixin.py:104} INFO - [2022-07-30 22:19:22,182] {dagbag.py:451} INFO - Filling up the DagBag from /home/airflow/.local/lib/python3.6/site-packages/airflow/example_dags/example_latest_only.py
[2022-07-30 22:19:22,204] {scheduler_job.py:639} INFO - DAG(s) dict_keys(['latest_only']) retrieved from /home/airflow/.local/lib/python3.6/site-packages/airflow/example_dags/example_latest_only.py
[2022-07-30 22:19:22,246] {logging_mixin.py:104} INFO - [2022-07-30 22:19:22,246] {dag.py:1824} INFO - Sync 1 DAGs
[2022-07-30 22:19:22,277] {logging_mixin.py:104} INFO - [2022-07-30 22:19:22,277] {dag.py:2280} INFO - Setting next_dagrun for latest_only to 2022-07-28 00:00:00+00:00
[2022-07-30 22:19:22,300] {scheduler_job.py:190} INFO - Processing /home/airflow/.local/lib/python3.6/site-packages/airflow/example_dags/example_latest_only.py took 0.128 seconds
[2022-07-30 22:19:52,658] {scheduler_job.py:182} INFO - Started process (PID=1282) to work on /home/airflow/.local/lib/python3.6/site-packages/airflow/example_dags/example_latest_only.py
[2022-07-30 22:19:52,661] {scheduler_job.py:629} INFO - Processing file /home/airflow/.local/lib/python3.6/site-packages/airflow/example_dags/example_latest_only.py for tasks to queue
[2022-07-30 22:19:52,663] {logging_mixin.py:104} INFO - [2022-07-30 22:19:52,663] {dagbag.py:451} INFO - Filling up the DagBag from /home/airflow/.local/lib/python3.6/site-packages/airflow/example_dags/example_latest_only.py
[2022-07-30 22:19:52,687] {scheduler_job.py:639} INFO - DAG(s) dict_keys(['latest_only']) retrieved from /home/airflow/.local/lib/python3.6/site-packages/airflow/example_dags/example_latest_only.py
[2022-07-30 22:19:52,731] {logging_mixin.py:104} INFO - [2022-07-30 22:19:52,731] {dag.py:1824} INFO - Sync 1 DAGs
[2022-07-30 22:19:52,763] {logging_mixin.py:104} INFO - [2022-07-30 22:19:52,763] {dag.py:2280} INFO - Setting next_dagrun for latest_only to 2022-07-28 00:00:00+00:00
[2022-07-30 22:19:52,783] {scheduler_job.py:190} INFO - Processing /home/airflow/.local/lib/python3.6/site-packages/airflow/example_dags/example_latest_only.py took 0.130 seconds
[2022-07-30 22:20:23,242] {scheduler_job.py:182} INFO - Started process (PID=1308) to work on /home/airflow/.local/lib/python3.6/site-packages/airflow/example_dags/example_latest_only.py
[2022-07-30 22:20:23,254] {scheduler_job.py:629} INFO - Processing file /home/airflow/.local/lib/python3.6/site-packages/airflow/example_dags/example_latest_only.py for tasks to queue
[2022-07-30 22:20:23,259] {logging_mixin.py:104} INFO - [2022-07-30 22:20:23,259] {dagbag.py:451} INFO - Filling up the DagBag from /home/airflow/.local/lib/python3.6/site-packages/airflow/example_dags/example_latest_only.py
[2022-07-30 22:20:23,287] {scheduler_job.py:639} INFO - DAG(s) dict_keys(['latest_only']) retrieved from /home/airflow/.local/lib/python3.6/site-packages/airflow/example_dags/example_latest_only.py
[2022-07-30 22:20:23,343] {logging_mixin.py:104} INFO - [2022-07-30 22:20:23,343] {dag.py:1824} INFO - Sync 1 DAGs
[2022-07-30 22:20:23,381] {logging_mixin.py:104} INFO - [2022-07-30 22:20:23,381] {dag.py:2280} INFO - Setting next_dagrun for latest_only to 2022-07-28 00:00:00+00:00
[2022-07-30 22:20:23,415] {scheduler_job.py:190} INFO - Processing /home/airflow/.local/lib/python3.6/site-packages/airflow/example_dags/example_latest_only.py took 0.184 seconds
[2022-07-30 22:20:53,834] {scheduler_job.py:182} INFO - Started process (PID=1334) to work on /home/airflow/.local/lib/python3.6/site-packages/airflow/example_dags/example_latest_only.py
[2022-07-30 22:20:53,839] {scheduler_job.py:629} INFO - Processing file /home/airflow/.local/lib/python3.6/site-packages/airflow/example_dags/example_latest_only.py for tasks to queue
[2022-07-30 22:20:53,857] {logging_mixin.py:104} INFO - [2022-07-30 22:20:53,843] {dagbag.py:451} INFO - Filling up the DagBag from /home/airflow/.local/lib/python3.6/site-packages/airflow/example_dags/example_latest_only.py
[2022-07-30 22:20:53,948] {scheduler_job.py:639} INFO - DAG(s) dict_keys(['latest_only']) retrieved from /home/airflow/.local/lib/python3.6/site-packages/airflow/example_dags/example_latest_only.py
[2022-07-30 22:20:54,140] {logging_mixin.py:104} INFO - [2022-07-30 22:20:54,140] {dag.py:1824} INFO - Sync 1 DAGs
[2022-07-30 22:20:54,186] {logging_mixin.py:104} INFO - [2022-07-30 22:20:54,186] {dag.py:2280} INFO - Setting next_dagrun for latest_only to 2022-07-28 00:00:00+00:00
[2022-07-30 22:20:54,297] {scheduler_job.py:190} INFO - Processing /home/airflow/.local/lib/python3.6/site-packages/airflow/example_dags/example_latest_only.py took 0.480 seconds
[2022-07-30 22:21:25,366] {scheduler_job.py:182} INFO - Started process (PID=1360) to work on /home/airflow/.local/lib/python3.6/site-packages/airflow/example_dags/example_latest_only.py
[2022-07-30 22:21:25,378] {scheduler_job.py:629} INFO - Processing file /home/airflow/.local/lib/python3.6/site-packages/airflow/example_dags/example_latest_only.py for tasks to queue
[2022-07-30 22:21:25,381] {logging_mixin.py:104} INFO - [2022-07-30 22:21:25,380] {dagbag.py:451} INFO - Filling up the DagBag from /home/airflow/.local/lib/python3.6/site-packages/airflow/example_dags/example_latest_only.py
[2022-07-30 22:21:25,422] {scheduler_job.py:639} INFO - DAG(s) dict_keys(['latest_only']) retrieved from /home/airflow/.local/lib/python3.6/site-packages/airflow/example_dags/example_latest_only.py
[2022-07-30 22:21:25,529] {logging_mixin.py:104} INFO - [2022-07-30 22:21:25,529] {dag.py:1824} INFO - Sync 1 DAGs
[2022-07-30 22:21:25,568] {logging_mixin.py:104} INFO - [2022-07-30 22:21:25,568] {dag.py:2280} INFO - Setting next_dagrun for latest_only to 2022-07-28 00:00:00+00:00
[2022-07-30 22:21:25,620] {scheduler_job.py:190} INFO - Processing /home/airflow/.local/lib/python3.6/site-packages/airflow/example_dags/example_latest_only.py took 0.273 seconds
[2022-07-30 22:21:56,035] {scheduler_job.py:182} INFO - Started process (PID=1386) to work on /home/airflow/.local/lib/python3.6/site-packages/airflow/example_dags/example_latest_only.py
[2022-07-30 22:21:56,041] {scheduler_job.py:629} INFO - Processing file /home/airflow/.local/lib/python3.6/site-packages/airflow/example_dags/example_latest_only.py for tasks to queue
[2022-07-30 22:21:56,044] {logging_mixin.py:104} INFO - [2022-07-30 22:21:56,044] {dagbag.py:451} INFO - Filling up the DagBag from /home/airflow/.local/lib/python3.6/site-packages/airflow/example_dags/example_latest_only.py
[2022-07-30 22:21:56,071] {scheduler_job.py:639} INFO - DAG(s) dict_keys(['latest_only']) retrieved from /home/airflow/.local/lib/python3.6/site-packages/airflow/example_dags/example_latest_only.py
[2022-07-30 22:21:56,127] {logging_mixin.py:104} INFO - [2022-07-30 22:21:56,127] {dag.py:1824} INFO - Sync 1 DAGs
[2022-07-30 22:21:56,185] {logging_mixin.py:104} INFO - [2022-07-30 22:21:56,185] {dag.py:2280} INFO - Setting next_dagrun for latest_only to 2022-07-28 00:00:00+00:00
[2022-07-30 22:21:56,217] {scheduler_job.py:190} INFO - Processing /home/airflow/.local/lib/python3.6/site-packages/airflow/example_dags/example_latest_only.py took 0.187 seconds
[2022-07-30 22:22:26,497] {scheduler_job.py:182} INFO - Started process (PID=1412) to work on /home/airflow/.local/lib/python3.6/site-packages/airflow/example_dags/example_latest_only.py
[2022-07-30 22:22:26,500] {scheduler_job.py:629} INFO - Processing file /home/airflow/.local/lib/python3.6/site-packages/airflow/example_dags/example_latest_only.py for tasks to queue
[2022-07-30 22:22:26,502] {logging_mixin.py:104} INFO - [2022-07-30 22:22:26,502] {dagbag.py:451} INFO - Filling up the DagBag from /home/airflow/.local/lib/python3.6/site-packages/airflow/example_dags/example_latest_only.py
[2022-07-30 22:22:26,519] {scheduler_job.py:639} INFO - DAG(s) dict_keys(['latest_only']) retrieved from /home/airflow/.local/lib/python3.6/site-packages/airflow/example_dags/example_latest_only.py
[2022-07-30 22:22:26,557] {logging_mixin.py:104} INFO - [2022-07-30 22:22:26,556] {dag.py:1824} INFO - Sync 1 DAGs
[2022-07-30 22:22:26,582] {logging_mixin.py:104} INFO - [2022-07-30 22:22:26,581] {dag.py:2280} INFO - Setting next_dagrun for latest_only to 2022-07-28 00:00:00+00:00
[2022-07-30 22:22:26,602] {scheduler_job.py:190} INFO - Processing /home/airflow/.local/lib/python3.6/site-packages/airflow/example_dags/example_latest_only.py took 0.114 seconds
[2022-07-30 22:22:57,001] {scheduler_job.py:182} INFO - Started process (PID=1438) to work on /home/airflow/.local/lib/python3.6/site-packages/airflow/example_dags/example_latest_only.py
[2022-07-30 22:22:57,003] {scheduler_job.py:629} INFO - Processing file /home/airflow/.local/lib/python3.6/site-packages/airflow/example_dags/example_latest_only.py for tasks to queue
[2022-07-30 22:22:57,004] {logging_mixin.py:104} INFO - [2022-07-30 22:22:57,004] {dagbag.py:451} INFO - Filling up the DagBag from /home/airflow/.local/lib/python3.6/site-packages/airflow/example_dags/example_latest_only.py
[2022-07-30 22:22:57,018] {scheduler_job.py:639} INFO - DAG(s) dict_keys(['latest_only']) retrieved from /home/airflow/.local/lib/python3.6/site-packages/airflow/example_dags/example_latest_only.py
[2022-07-30 22:22:57,052] {logging_mixin.py:104} INFO - [2022-07-30 22:22:57,052] {dag.py:1824} INFO - Sync 1 DAGs
[2022-07-30 22:22:57,079] {logging_mixin.py:104} INFO - [2022-07-30 22:22:57,079] {dag.py:2280} INFO - Setting next_dagrun for latest_only to 2022-07-28 00:00:00+00:00
[2022-07-30 22:22:57,097] {scheduler_job.py:190} INFO - Processing /home/airflow/.local/lib/python3.6/site-packages/airflow/example_dags/example_latest_only.py took 0.101 seconds
[2022-07-30 22:23:27,360] {scheduler_job.py:182} INFO - Started process (PID=1464) to work on /home/airflow/.local/lib/python3.6/site-packages/airflow/example_dags/example_latest_only.py
[2022-07-30 22:23:27,373] {scheduler_job.py:629} INFO - Processing file /home/airflow/.local/lib/python3.6/site-packages/airflow/example_dags/example_latest_only.py for tasks to queue
[2022-07-30 22:23:27,376] {logging_mixin.py:104} INFO - [2022-07-30 22:23:27,376] {dagbag.py:451} INFO - Filling up the DagBag from /home/airflow/.local/lib/python3.6/site-packages/airflow/example_dags/example_latest_only.py
[2022-07-30 22:23:27,415] {scheduler_job.py:639} INFO - DAG(s) dict_keys(['latest_only']) retrieved from /home/airflow/.local/lib/python3.6/site-packages/airflow/example_dags/example_latest_only.py
[2022-07-30 22:23:27,488] {logging_mixin.py:104} INFO - [2022-07-30 22:23:27,488] {dag.py:1824} INFO - Sync 1 DAGs
[2022-07-30 22:23:27,536] {logging_mixin.py:104} INFO - [2022-07-30 22:23:27,536] {dag.py:2280} INFO - Setting next_dagrun for latest_only to 2022-07-28 00:00:00+00:00
[2022-07-30 22:23:27,585] {scheduler_job.py:190} INFO - Processing /home/airflow/.local/lib/python3.6/site-packages/airflow/example_dags/example_latest_only.py took 0.231 seconds
[2022-07-30 22:23:58,190] {scheduler_job.py:182} INFO - Started process (PID=1490) to work on /home/airflow/.local/lib/python3.6/site-packages/airflow/example_dags/example_latest_only.py
[2022-07-30 22:23:58,193] {scheduler_job.py:629} INFO - Processing file /home/airflow/.local/lib/python3.6/site-packages/airflow/example_dags/example_latest_only.py for tasks to queue
[2022-07-30 22:23:58,194] {logging_mixin.py:104} INFO - [2022-07-30 22:23:58,194] {dagbag.py:451} INFO - Filling up the DagBag from /home/airflow/.local/lib/python3.6/site-packages/airflow/example_dags/example_latest_only.py
[2022-07-30 22:23:58,212] {scheduler_job.py:639} INFO - DAG(s) dict_keys(['latest_only']) retrieved from /home/airflow/.local/lib/python3.6/site-packages/airflow/example_dags/example_latest_only.py
[2022-07-30 22:23:58,251] {logging_mixin.py:104} INFO - [2022-07-30 22:23:58,250] {dag.py:1824} INFO - Sync 1 DAGs
[2022-07-30 22:23:58,283] {logging_mixin.py:104} INFO - [2022-07-30 22:23:58,283] {dag.py:2280} INFO - Setting next_dagrun for latest_only to 2022-07-28 00:00:00+00:00
[2022-07-30 22:23:58,308] {scheduler_job.py:190} INFO - Processing /home/airflow/.local/lib/python3.6/site-packages/airflow/example_dags/example_latest_only.py took 0.124 seconds
[2022-07-30 22:24:28,490] {scheduler_job.py:182} INFO - Started process (PID=1516) to work on /home/airflow/.local/lib/python3.6/site-packages/airflow/example_dags/example_latest_only.py
[2022-07-30 22:24:28,494] {scheduler_job.py:629} INFO - Processing file /home/airflow/.local/lib/python3.6/site-packages/airflow/example_dags/example_latest_only.py for tasks to queue
[2022-07-30 22:24:28,499] {logging_mixin.py:104} INFO - [2022-07-30 22:24:28,498] {dagbag.py:451} INFO - Filling up the DagBag from /home/airflow/.local/lib/python3.6/site-packages/airflow/example_dags/example_latest_only.py
[2022-07-30 22:24:28,529] {scheduler_job.py:639} INFO - DAG(s) dict_keys(['latest_only']) retrieved from /home/airflow/.local/lib/python3.6/site-packages/airflow/example_dags/example_latest_only.py
[2022-07-30 22:24:28,602] {logging_mixin.py:104} INFO - [2022-07-30 22:24:28,601] {dag.py:1824} INFO - Sync 1 DAGs
[2022-07-30 22:24:28,641] {logging_mixin.py:104} INFO - [2022-07-30 22:24:28,641] {dag.py:2280} INFO - Setting next_dagrun for latest_only to 2022-07-28 00:00:00+00:00
[2022-07-30 22:24:28,659] {scheduler_job.py:190} INFO - Processing /home/airflow/.local/lib/python3.6/site-packages/airflow/example_dags/example_latest_only.py took 0.175 seconds
[2022-07-30 22:24:58,759] {scheduler_job.py:182} INFO - Started process (PID=1542) to work on /home/airflow/.local/lib/python3.6/site-packages/airflow/example_dags/example_latest_only.py
[2022-07-30 22:24:58,768] {scheduler_job.py:629} INFO - Processing file /home/airflow/.local/lib/python3.6/site-packages/airflow/example_dags/example_latest_only.py for tasks to queue
[2022-07-30 22:24:58,774] {logging_mixin.py:104} INFO - [2022-07-30 22:24:58,774] {dagbag.py:451} INFO - Filling up the DagBag from /home/airflow/.local/lib/python3.6/site-packages/airflow/example_dags/example_latest_only.py
[2022-07-30 22:24:58,822] {scheduler_job.py:639} INFO - DAG(s) dict_keys(['latest_only']) retrieved from /home/airflow/.local/lib/python3.6/site-packages/airflow/example_dags/example_latest_only.py
[2022-07-30 22:24:58,951] {logging_mixin.py:104} INFO - [2022-07-30 22:24:58,951] {dag.py:1824} INFO - Sync 1 DAGs
[2022-07-30 22:24:59,017] {logging_mixin.py:104} INFO - [2022-07-30 22:24:59,016] {dag.py:2280} INFO - Setting next_dagrun for latest_only to 2022-07-28 00:00:00+00:00
[2022-07-30 22:24:59,083] {scheduler_job.py:190} INFO - Processing /home/airflow/.local/lib/python3.6/site-packages/airflow/example_dags/example_latest_only.py took 0.335 seconds
[2022-07-30 22:25:29,432] {scheduler_job.py:182} INFO - Started process (PID=1568) to work on /home/airflow/.local/lib/python3.6/site-packages/airflow/example_dags/example_latest_only.py
[2022-07-30 22:25:29,438] {scheduler_job.py:629} INFO - Processing file /home/airflow/.local/lib/python3.6/site-packages/airflow/example_dags/example_latest_only.py for tasks to queue
[2022-07-30 22:25:29,440] {logging_mixin.py:104} INFO - [2022-07-30 22:25:29,439] {dagbag.py:451} INFO - Filling up the DagBag from /home/airflow/.local/lib/python3.6/site-packages/airflow/example_dags/example_latest_only.py
[2022-07-30 22:25:29,459] {scheduler_job.py:639} INFO - DAG(s) dict_keys(['latest_only']) retrieved from /home/airflow/.local/lib/python3.6/site-packages/airflow/example_dags/example_latest_only.py
[2022-07-30 22:25:29,490] {logging_mixin.py:104} INFO - [2022-07-30 22:25:29,490] {dag.py:1824} INFO - Sync 1 DAGs
[2022-07-30 22:25:29,512] {logging_mixin.py:104} INFO - [2022-07-30 22:25:29,511] {dag.py:2280} INFO - Setting next_dagrun for latest_only to 2022-07-28 00:00:00+00:00
[2022-07-30 22:25:29,527] {scheduler_job.py:190} INFO - Processing /home/airflow/.local/lib/python3.6/site-packages/airflow/example_dags/example_latest_only.py took 0.101 seconds
[2022-07-30 22:26:00,194] {scheduler_job.py:182} INFO - Started process (PID=1594) to work on /home/airflow/.local/lib/python3.6/site-packages/airflow/example_dags/example_latest_only.py
[2022-07-30 22:26:00,197] {scheduler_job.py:629} INFO - Processing file /home/airflow/.local/lib/python3.6/site-packages/airflow/example_dags/example_latest_only.py for tasks to queue
[2022-07-30 22:26:00,199] {logging_mixin.py:104} INFO - [2022-07-30 22:26:00,199] {dagbag.py:451} INFO - Filling up the DagBag from /home/airflow/.local/lib/python3.6/site-packages/airflow/example_dags/example_latest_only.py
[2022-07-30 22:26:00,228] {scheduler_job.py:639} INFO - DAG(s) dict_keys(['latest_only']) retrieved from /home/airflow/.local/lib/python3.6/site-packages/airflow/example_dags/example_latest_only.py
[2022-07-30 22:26:00,276] {logging_mixin.py:104} INFO - [2022-07-30 22:26:00,276] {dag.py:1824} INFO - Sync 1 DAGs
[2022-07-30 22:26:00,307] {logging_mixin.py:104} INFO - [2022-07-30 22:26:00,306] {dag.py:2280} INFO - Setting next_dagrun for latest_only to 2022-07-28 00:00:00+00:00
[2022-07-30 22:26:00,324] {scheduler_job.py:190} INFO - Processing /home/airflow/.local/lib/python3.6/site-packages/airflow/example_dags/example_latest_only.py took 0.140 seconds
[2022-07-30 22:26:30,538] {scheduler_job.py:182} INFO - Started process (PID=1620) to work on /home/airflow/.local/lib/python3.6/site-packages/airflow/example_dags/example_latest_only.py
[2022-07-30 22:26:30,542] {scheduler_job.py:629} INFO - Processing file /home/airflow/.local/lib/python3.6/site-packages/airflow/example_dags/example_latest_only.py for tasks to queue
[2022-07-30 22:26:30,546] {logging_mixin.py:104} INFO - [2022-07-30 22:26:30,545] {dagbag.py:451} INFO - Filling up the DagBag from /home/airflow/.local/lib/python3.6/site-packages/airflow/example_dags/example_latest_only.py
[2022-07-30 22:26:30,573] {scheduler_job.py:639} INFO - DAG(s) dict_keys(['latest_only']) retrieved from /home/airflow/.local/lib/python3.6/site-packages/airflow/example_dags/example_latest_only.py
[2022-07-30 22:26:30,628] {logging_mixin.py:104} INFO - [2022-07-30 22:26:30,628] {dag.py:1824} INFO - Sync 1 DAGs
[2022-07-30 22:26:30,712] {logging_mixin.py:104} INFO - [2022-07-30 22:26:30,712] {dag.py:2280} INFO - Setting next_dagrun for latest_only to 2022-07-28 00:00:00+00:00
[2022-07-30 22:26:30,750] {scheduler_job.py:190} INFO - Processing /home/airflow/.local/lib/python3.6/site-packages/airflow/example_dags/example_latest_only.py took 0.222 seconds
[2022-07-30 22:27:00,855] {scheduler_job.py:182} INFO - Started process (PID=1646) to work on /home/airflow/.local/lib/python3.6/site-packages/airflow/example_dags/example_latest_only.py
[2022-07-30 22:27:00,857] {scheduler_job.py:629} INFO - Processing file /home/airflow/.local/lib/python3.6/site-packages/airflow/example_dags/example_latest_only.py for tasks to queue
[2022-07-30 22:27:00,859] {logging_mixin.py:104} INFO - [2022-07-30 22:27:00,858] {dagbag.py:451} INFO - Filling up the DagBag from /home/airflow/.local/lib/python3.6/site-packages/airflow/example_dags/example_latest_only.py
[2022-07-30 22:27:00,875] {scheduler_job.py:639} INFO - DAG(s) dict_keys(['latest_only']) retrieved from /home/airflow/.local/lib/python3.6/site-packages/airflow/example_dags/example_latest_only.py
[2022-07-30 22:27:00,912] {logging_mixin.py:104} INFO - [2022-07-30 22:27:00,912] {dag.py:1824} INFO - Sync 1 DAGs
[2022-07-30 22:27:00,938] {logging_mixin.py:104} INFO - [2022-07-30 22:27:00,937] {dag.py:2280} INFO - Setting next_dagrun for latest_only to 2022-07-28 00:00:00+00:00
[2022-07-30 22:27:00,958] {scheduler_job.py:190} INFO - Processing /home/airflow/.local/lib/python3.6/site-packages/airflow/example_dags/example_latest_only.py took 0.108 seconds
[2022-07-30 22:27:31,346] {scheduler_job.py:182} INFO - Started process (PID=1672) to work on /home/airflow/.local/lib/python3.6/site-packages/airflow/example_dags/example_latest_only.py
[2022-07-30 22:27:31,351] {scheduler_job.py:629} INFO - Processing file /home/airflow/.local/lib/python3.6/site-packages/airflow/example_dags/example_latest_only.py for tasks to queue
[2022-07-30 22:27:31,353] {logging_mixin.py:104} INFO - [2022-07-30 22:27:31,353] {dagbag.py:451} INFO - Filling up the DagBag from /home/airflow/.local/lib/python3.6/site-packages/airflow/example_dags/example_latest_only.py
[2022-07-30 22:27:31,394] {scheduler_job.py:639} INFO - DAG(s) dict_keys(['latest_only']) retrieved from /home/airflow/.local/lib/python3.6/site-packages/airflow/example_dags/example_latest_only.py
[2022-07-30 22:27:31,447] {logging_mixin.py:104} INFO - [2022-07-30 22:27:31,447] {dag.py:1824} INFO - Sync 1 DAGs
[2022-07-30 22:27:31,481] {logging_mixin.py:104} INFO - [2022-07-30 22:27:31,481] {dag.py:2280} INFO - Setting next_dagrun for latest_only to 2022-07-28 00:00:00+00:00
[2022-07-30 22:27:31,505] {scheduler_job.py:190} INFO - Processing /home/airflow/.local/lib/python3.6/site-packages/airflow/example_dags/example_latest_only.py took 0.164 seconds
[2022-07-30 22:28:01,968] {scheduler_job.py:182} INFO - Started process (PID=1698) to work on /home/airflow/.local/lib/python3.6/site-packages/airflow/example_dags/example_latest_only.py
[2022-07-30 22:28:01,971] {scheduler_job.py:629} INFO - Processing file /home/airflow/.local/lib/python3.6/site-packages/airflow/example_dags/example_latest_only.py for tasks to queue
[2022-07-30 22:28:01,973] {logging_mixin.py:104} INFO - [2022-07-30 22:28:01,972] {dagbag.py:451} INFO - Filling up the DagBag from /home/airflow/.local/lib/python3.6/site-packages/airflow/example_dags/example_latest_only.py
[2022-07-30 22:28:02,024] {scheduler_job.py:639} INFO - DAG(s) dict_keys(['latest_only']) retrieved from /home/airflow/.local/lib/python3.6/site-packages/airflow/example_dags/example_latest_only.py
[2022-07-30 22:28:02,075] {logging_mixin.py:104} INFO - [2022-07-30 22:28:02,075] {dag.py:1824} INFO - Sync 1 DAGs
[2022-07-30 22:28:02,117] {logging_mixin.py:104} INFO - [2022-07-30 22:28:02,117] {dag.py:2280} INFO - Setting next_dagrun for latest_only to 2022-07-28 00:00:00+00:00
[2022-07-30 22:28:02,195] {scheduler_job.py:190} INFO - Processing /home/airflow/.local/lib/python3.6/site-packages/airflow/example_dags/example_latest_only.py took 0.232 seconds
[2022-07-30 22:28:32,632] {scheduler_job.py:182} INFO - Started process (PID=1724) to work on /home/airflow/.local/lib/python3.6/site-packages/airflow/example_dags/example_latest_only.py
[2022-07-30 22:28:32,641] {scheduler_job.py:629} INFO - Processing file /home/airflow/.local/lib/python3.6/site-packages/airflow/example_dags/example_latest_only.py for tasks to queue
[2022-07-30 22:28:32,645] {logging_mixin.py:104} INFO - [2022-07-30 22:28:32,644] {dagbag.py:451} INFO - Filling up the DagBag from /home/airflow/.local/lib/python3.6/site-packages/airflow/example_dags/example_latest_only.py
[2022-07-30 22:28:32,686] {scheduler_job.py:639} INFO - DAG(s) dict_keys(['latest_only']) retrieved from /home/airflow/.local/lib/python3.6/site-packages/airflow/example_dags/example_latest_only.py
[2022-07-30 22:28:32,724] {logging_mixin.py:104} INFO - [2022-07-30 22:28:32,724] {dag.py:1824} INFO - Sync 1 DAGs
[2022-07-30 22:28:32,749] {logging_mixin.py:104} INFO - [2022-07-30 22:28:32,749] {dag.py:2280} INFO - Setting next_dagrun for latest_only to 2022-07-28 00:00:00+00:00
[2022-07-30 22:28:32,767] {scheduler_job.py:190} INFO - Processing /home/airflow/.local/lib/python3.6/site-packages/airflow/example_dags/example_latest_only.py took 0.150 seconds
[2022-07-30 22:29:03,541] {scheduler_job.py:182} INFO - Started process (PID=1750) to work on /home/airflow/.local/lib/python3.6/site-packages/airflow/example_dags/example_latest_only.py
[2022-07-30 22:29:03,544] {scheduler_job.py:629} INFO - Processing file /home/airflow/.local/lib/python3.6/site-packages/airflow/example_dags/example_latest_only.py for tasks to queue
[2022-07-30 22:29:03,548] {logging_mixin.py:104} INFO - [2022-07-30 22:29:03,548] {dagbag.py:451} INFO - Filling up the DagBag from /home/airflow/.local/lib/python3.6/site-packages/airflow/example_dags/example_latest_only.py
[2022-07-30 22:29:03,596] {scheduler_job.py:639} INFO - DAG(s) dict_keys(['latest_only']) retrieved from /home/airflow/.local/lib/python3.6/site-packages/airflow/example_dags/example_latest_only.py
[2022-07-30 22:29:03,640] {logging_mixin.py:104} INFO - [2022-07-30 22:29:03,640] {dag.py:1824} INFO - Sync 1 DAGs
[2022-07-30 22:29:03,664] {logging_mixin.py:104} INFO - [2022-07-30 22:29:03,663] {dag.py:2280} INFO - Setting next_dagrun for latest_only to 2022-07-28 00:00:00+00:00
[2022-07-30 22:29:03,680] {scheduler_job.py:190} INFO - Processing /home/airflow/.local/lib/python3.6/site-packages/airflow/example_dags/example_latest_only.py took 0.145 seconds
[2022-07-30 22:29:34,341] {scheduler_job.py:182} INFO - Started process (PID=1776) to work on /home/airflow/.local/lib/python3.6/site-packages/airflow/example_dags/example_latest_only.py
[2022-07-30 22:29:34,344] {scheduler_job.py:629} INFO - Processing file /home/airflow/.local/lib/python3.6/site-packages/airflow/example_dags/example_latest_only.py for tasks to queue
[2022-07-30 22:29:34,346] {logging_mixin.py:104} INFO - [2022-07-30 22:29:34,345] {dagbag.py:451} INFO - Filling up the DagBag from /home/airflow/.local/lib/python3.6/site-packages/airflow/example_dags/example_latest_only.py
[2022-07-30 22:29:34,365] {scheduler_job.py:639} INFO - DAG(s) dict_keys(['latest_only']) retrieved from /home/airflow/.local/lib/python3.6/site-packages/airflow/example_dags/example_latest_only.py
[2022-07-30 22:29:34,404] {logging_mixin.py:104} INFO - [2022-07-30 22:29:34,404] {dag.py:1824} INFO - Sync 1 DAGs
[2022-07-30 22:29:34,433] {logging_mixin.py:104} INFO - [2022-07-30 22:29:34,433] {dag.py:2280} INFO - Setting next_dagrun for latest_only to 2022-07-28 00:00:00+00:00
[2022-07-30 22:29:34,453] {scheduler_job.py:190} INFO - Processing /home/airflow/.local/lib/python3.6/site-packages/airflow/example_dags/example_latest_only.py took 0.116 seconds
[2022-07-30 22:30:05,099] {scheduler_job.py:182} INFO - Started process (PID=1802) to work on /home/airflow/.local/lib/python3.6/site-packages/airflow/example_dags/example_latest_only.py
[2022-07-30 22:30:05,108] {scheduler_job.py:629} INFO - Processing file /home/airflow/.local/lib/python3.6/site-packages/airflow/example_dags/example_latest_only.py for tasks to queue
[2022-07-30 22:30:05,111] {logging_mixin.py:104} INFO - [2022-07-30 22:30:05,111] {dagbag.py:451} INFO - Filling up the DagBag from /home/airflow/.local/lib/python3.6/site-packages/airflow/example_dags/example_latest_only.py
[2022-07-30 22:30:05,139] {scheduler_job.py:639} INFO - DAG(s) dict_keys(['latest_only']) retrieved from /home/airflow/.local/lib/python3.6/site-packages/airflow/example_dags/example_latest_only.py
[2022-07-30 22:30:05,177] {logging_mixin.py:104} INFO - [2022-07-30 22:30:05,177] {dag.py:1824} INFO - Sync 1 DAGs
[2022-07-30 22:30:05,203] {logging_mixin.py:104} INFO - [2022-07-30 22:30:05,203] {dag.py:2280} INFO - Setting next_dagrun for latest_only to 2022-07-28 00:00:00+00:00
[2022-07-30 22:30:05,230] {scheduler_job.py:190} INFO - Processing /home/airflow/.local/lib/python3.6/site-packages/airflow/example_dags/example_latest_only.py took 0.140 seconds
[2022-07-30 22:30:35,925] {scheduler_job.py:182} INFO - Started process (PID=1828) to work on /home/airflow/.local/lib/python3.6/site-packages/airflow/example_dags/example_latest_only.py
[2022-07-30 22:30:35,928] {scheduler_job.py:629} INFO - Processing file /home/airflow/.local/lib/python3.6/site-packages/airflow/example_dags/example_latest_only.py for tasks to queue
[2022-07-30 22:30:35,930] {logging_mixin.py:104} INFO - [2022-07-30 22:30:35,929] {dagbag.py:451} INFO - Filling up the DagBag from /home/airflow/.local/lib/python3.6/site-packages/airflow/example_dags/example_latest_only.py
[2022-07-30 22:30:35,967] {scheduler_job.py:639} INFO - DAG(s) dict_keys(['latest_only']) retrieved from /home/airflow/.local/lib/python3.6/site-packages/airflow/example_dags/example_latest_only.py
[2022-07-30 22:30:36,026] {logging_mixin.py:104} INFO - [2022-07-30 22:30:36,026] {dag.py:1824} INFO - Sync 1 DAGs
[2022-07-30 22:30:36,053] {logging_mixin.py:104} INFO - [2022-07-30 22:30:36,053] {dag.py:2280} INFO - Setting next_dagrun for latest_only to 2022-07-28 00:00:00+00:00
[2022-07-30 22:30:36,077] {scheduler_job.py:190} INFO - Processing /home/airflow/.local/lib/python3.6/site-packages/airflow/example_dags/example_latest_only.py took 0.161 seconds
[2022-07-30 22:31:07,051] {scheduler_job.py:182} INFO - Started process (PID=1854) to work on /home/airflow/.local/lib/python3.6/site-packages/airflow/example_dags/example_latest_only.py
[2022-07-30 22:31:07,054] {scheduler_job.py:629} INFO - Processing file /home/airflow/.local/lib/python3.6/site-packages/airflow/example_dags/example_latest_only.py for tasks to queue
[2022-07-30 22:31:07,055] {logging_mixin.py:104} INFO - [2022-07-30 22:31:07,055] {dagbag.py:451} INFO - Filling up the DagBag from /home/airflow/.local/lib/python3.6/site-packages/airflow/example_dags/example_latest_only.py
[2022-07-30 22:31:07,072] {scheduler_job.py:639} INFO - DAG(s) dict_keys(['latest_only']) retrieved from /home/airflow/.local/lib/python3.6/site-packages/airflow/example_dags/example_latest_only.py
[2022-07-30 22:31:07,110] {logging_mixin.py:104} INFO - [2022-07-30 22:31:07,110] {dag.py:1824} INFO - Sync 1 DAGs
[2022-07-30 22:31:07,137] {logging_mixin.py:104} INFO - [2022-07-30 22:31:07,137] {dag.py:2280} INFO - Setting next_dagrun for latest_only to 2022-07-28 00:00:00+00:00
[2022-07-30 22:31:07,154] {scheduler_job.py:190} INFO - Processing /home/airflow/.local/lib/python3.6/site-packages/airflow/example_dags/example_latest_only.py took 0.108 seconds
[2022-07-30 22:31:37,447] {scheduler_job.py:182} INFO - Started process (PID=1880) to work on /home/airflow/.local/lib/python3.6/site-packages/airflow/example_dags/example_latest_only.py
[2022-07-30 22:31:37,455] {scheduler_job.py:629} INFO - Processing file /home/airflow/.local/lib/python3.6/site-packages/airflow/example_dags/example_latest_only.py for tasks to queue
[2022-07-30 22:31:37,464] {logging_mixin.py:104} INFO - [2022-07-30 22:31:37,463] {dagbag.py:451} INFO - Filling up the DagBag from /home/airflow/.local/lib/python3.6/site-packages/airflow/example_dags/example_latest_only.py
[2022-07-30 22:31:37,503] {scheduler_job.py:639} INFO - DAG(s) dict_keys(['latest_only']) retrieved from /home/airflow/.local/lib/python3.6/site-packages/airflow/example_dags/example_latest_only.py
[2022-07-30 22:31:37,559] {logging_mixin.py:104} INFO - [2022-07-30 22:31:37,559] {dag.py:1824} INFO - Sync 1 DAGs
[2022-07-30 22:31:37,592] {logging_mixin.py:104} INFO - [2022-07-30 22:31:37,592] {dag.py:2280} INFO - Setting next_dagrun for latest_only to 2022-07-28 00:00:00+00:00
[2022-07-30 22:31:37,639] {scheduler_job.py:190} INFO - Processing /home/airflow/.local/lib/python3.6/site-packages/airflow/example_dags/example_latest_only.py took 0.206 seconds
[2022-07-30 22:34:33,714] {scheduler_job.py:182} INFO - Started process (PID=46) to work on /home/airflow/.local/lib/python3.6/site-packages/airflow/example_dags/example_latest_only.py
[2022-07-30 22:34:33,731] {scheduler_job.py:629} INFO - Processing file /home/airflow/.local/lib/python3.6/site-packages/airflow/example_dags/example_latest_only.py for tasks to queue
[2022-07-30 22:34:33,738] {logging_mixin.py:104} INFO - [2022-07-30 22:34:33,737] {dagbag.py:451} INFO - Filling up the DagBag from /home/airflow/.local/lib/python3.6/site-packages/airflow/example_dags/example_latest_only.py
[2022-07-30 22:34:33,797] {scheduler_job.py:639} INFO - DAG(s) dict_keys(['latest_only']) retrieved from /home/airflow/.local/lib/python3.6/site-packages/airflow/example_dags/example_latest_only.py
[2022-07-30 22:34:33,934] {logging_mixin.py:104} INFO - [2022-07-30 22:34:33,934] {dag.py:1824} INFO - Sync 1 DAGs
[2022-07-30 22:34:33,966] {logging_mixin.py:104} INFO - [2022-07-30 22:34:33,966] {dag.py:2280} INFO - Setting next_dagrun for latest_only to 2022-07-28 00:00:00+00:00
[2022-07-30 22:34:33,993] {scheduler_job.py:190} INFO - Processing /home/airflow/.local/lib/python3.6/site-packages/airflow/example_dags/example_latest_only.py took 0.289 seconds
