[2022-07-30 21:55:25,813] {scheduler_job.py:182} INFO - Started process (PID=53) to work on /home/airflow/.local/lib/python3.6/site-packages/airflow/example_dags/example_dag_decorator.py
[2022-07-30 21:55:25,822] {scheduler_job.py:629} INFO - Processing file /home/airflow/.local/lib/python3.6/site-packages/airflow/example_dags/example_dag_decorator.py for tasks to queue
[2022-07-30 21:55:25,850] {logging_mixin.py:104} INFO - [2022-07-30 21:55:25,826] {dagbag.py:451} INFO - Filling up the DagBag from /home/airflow/.local/lib/python3.6/site-packages/airflow/example_dags/example_dag_decorator.py
[2022-07-30 21:55:25,982] {scheduler_job.py:639} INFO - DAG(s) dict_keys(['example_dag_decorator']) retrieved from /home/airflow/.local/lib/python3.6/site-packages/airflow/example_dags/example_dag_decorator.py
[2022-07-30 21:55:26,252] {logging_mixin.py:104} INFO - [2022-07-30 21:55:26,252] {dag.py:1824} INFO - Sync 1 DAGs
[2022-07-30 21:55:26,371] {logging_mixin.py:104} INFO - [2022-07-30 21:55:26,371] {dag.py:1843} INFO - Creating ORM DAG for example_dag_decorator
[2022-07-30 21:55:26,390] {logging_mixin.py:104} INFO - [2022-07-30 21:55:26,388] {dag.py:2280} INFO - Setting next_dagrun for example_dag_decorator to None
[2022-07-30 21:55:26,462] {scheduler_job.py:190} INFO - Processing /home/airflow/.local/lib/python3.6/site-packages/airflow/example_dags/example_dag_decorator.py took 0.663 seconds
[2022-07-30 21:55:57,489] {scheduler_job.py:182} INFO - Started process (PID=80) to work on /home/airflow/.local/lib/python3.6/site-packages/airflow/example_dags/example_dag_decorator.py
[2022-07-30 21:55:57,492] {scheduler_job.py:629} INFO - Processing file /home/airflow/.local/lib/python3.6/site-packages/airflow/example_dags/example_dag_decorator.py for tasks to queue
[2022-07-30 21:55:57,493] {logging_mixin.py:104} INFO - [2022-07-30 21:55:57,493] {dagbag.py:451} INFO - Filling up the DagBag from /home/airflow/.local/lib/python3.6/site-packages/airflow/example_dags/example_dag_decorator.py
[2022-07-30 21:55:57,525] {scheduler_job.py:639} INFO - DAG(s) dict_keys(['example_dag_decorator']) retrieved from /home/airflow/.local/lib/python3.6/site-packages/airflow/example_dags/example_dag_decorator.py
[2022-07-30 21:55:57,581] {logging_mixin.py:104} INFO - [2022-07-30 21:55:57,581] {dag.py:1824} INFO - Sync 1 DAGs
[2022-07-30 21:55:57,611] {logging_mixin.py:104} INFO - [2022-07-30 21:55:57,611] {dag.py:2280} INFO - Setting next_dagrun for example_dag_decorator to None
[2022-07-30 21:55:57,645] {scheduler_job.py:190} INFO - Processing /home/airflow/.local/lib/python3.6/site-packages/airflow/example_dags/example_dag_decorator.py took 0.162 seconds
[2022-07-30 21:56:27,842] {scheduler_job.py:182} INFO - Started process (PID=106) to work on /home/airflow/.local/lib/python3.6/site-packages/airflow/example_dags/example_dag_decorator.py
[2022-07-30 21:56:27,846] {scheduler_job.py:629} INFO - Processing file /home/airflow/.local/lib/python3.6/site-packages/airflow/example_dags/example_dag_decorator.py for tasks to queue
[2022-07-30 21:56:27,850] {logging_mixin.py:104} INFO - [2022-07-30 21:56:27,849] {dagbag.py:451} INFO - Filling up the DagBag from /home/airflow/.local/lib/python3.6/site-packages/airflow/example_dags/example_dag_decorator.py
[2022-07-30 21:56:27,900] {scheduler_job.py:639} INFO - DAG(s) dict_keys(['example_dag_decorator']) retrieved from /home/airflow/.local/lib/python3.6/site-packages/airflow/example_dags/example_dag_decorator.py
[2022-07-30 21:56:27,970] {logging_mixin.py:104} INFO - [2022-07-30 21:56:27,970] {dag.py:1824} INFO - Sync 1 DAGs
[2022-07-30 21:56:27,996] {logging_mixin.py:104} INFO - [2022-07-30 21:56:27,996] {dag.py:2280} INFO - Setting next_dagrun for example_dag_decorator to None
[2022-07-30 21:56:28,019] {scheduler_job.py:190} INFO - Processing /home/airflow/.local/lib/python3.6/site-packages/airflow/example_dags/example_dag_decorator.py took 0.184 seconds
[2022-07-30 21:56:58,456] {scheduler_job.py:182} INFO - Started process (PID=133) to work on /home/airflow/.local/lib/python3.6/site-packages/airflow/example_dags/example_dag_decorator.py
[2022-07-30 21:56:58,460] {scheduler_job.py:629} INFO - Processing file /home/airflow/.local/lib/python3.6/site-packages/airflow/example_dags/example_dag_decorator.py for tasks to queue
[2022-07-30 21:56:58,462] {logging_mixin.py:104} INFO - [2022-07-30 21:56:58,462] {dagbag.py:451} INFO - Filling up the DagBag from /home/airflow/.local/lib/python3.6/site-packages/airflow/example_dags/example_dag_decorator.py
[2022-07-30 21:56:58,503] {scheduler_job.py:639} INFO - DAG(s) dict_keys(['example_dag_decorator']) retrieved from /home/airflow/.local/lib/python3.6/site-packages/airflow/example_dags/example_dag_decorator.py
[2022-07-30 21:56:58,559] {logging_mixin.py:104} INFO - [2022-07-30 21:56:58,559] {dag.py:1824} INFO - Sync 1 DAGs
[2022-07-30 21:56:58,588] {logging_mixin.py:104} INFO - [2022-07-30 21:56:58,588] {dag.py:2280} INFO - Setting next_dagrun for example_dag_decorator to None
[2022-07-30 21:56:58,617] {scheduler_job.py:190} INFO - Processing /home/airflow/.local/lib/python3.6/site-packages/airflow/example_dags/example_dag_decorator.py took 0.172 seconds
[2022-07-30 21:57:29,771] {scheduler_job.py:182} INFO - Started process (PID=159) to work on /home/airflow/.local/lib/python3.6/site-packages/airflow/example_dags/example_dag_decorator.py
[2022-07-30 21:57:29,773] {scheduler_job.py:629} INFO - Processing file /home/airflow/.local/lib/python3.6/site-packages/airflow/example_dags/example_dag_decorator.py for tasks to queue
[2022-07-30 21:57:29,774] {logging_mixin.py:104} INFO - [2022-07-30 21:57:29,774] {dagbag.py:451} INFO - Filling up the DagBag from /home/airflow/.local/lib/python3.6/site-packages/airflow/example_dags/example_dag_decorator.py
[2022-07-30 21:57:29,793] {scheduler_job.py:639} INFO - DAG(s) dict_keys(['example_dag_decorator']) retrieved from /home/airflow/.local/lib/python3.6/site-packages/airflow/example_dags/example_dag_decorator.py
[2022-07-30 21:57:29,828] {logging_mixin.py:104} INFO - [2022-07-30 21:57:29,827] {dag.py:1824} INFO - Sync 1 DAGs
[2022-07-30 21:57:29,848] {logging_mixin.py:104} INFO - [2022-07-30 21:57:29,847] {dag.py:2280} INFO - Setting next_dagrun for example_dag_decorator to None
[2022-07-30 21:57:29,866] {scheduler_job.py:190} INFO - Processing /home/airflow/.local/lib/python3.6/site-packages/airflow/example_dags/example_dag_decorator.py took 0.099 seconds
[2022-07-30 21:58:00,581] {scheduler_job.py:182} INFO - Started process (PID=185) to work on /home/airflow/.local/lib/python3.6/site-packages/airflow/example_dags/example_dag_decorator.py
[2022-07-30 21:58:00,583] {scheduler_job.py:629} INFO - Processing file /home/airflow/.local/lib/python3.6/site-packages/airflow/example_dags/example_dag_decorator.py for tasks to queue
[2022-07-30 21:58:00,584] {logging_mixin.py:104} INFO - [2022-07-30 21:58:00,584] {dagbag.py:451} INFO - Filling up the DagBag from /home/airflow/.local/lib/python3.6/site-packages/airflow/example_dags/example_dag_decorator.py
[2022-07-30 21:58:00,604] {scheduler_job.py:639} INFO - DAG(s) dict_keys(['example_dag_decorator']) retrieved from /home/airflow/.local/lib/python3.6/site-packages/airflow/example_dags/example_dag_decorator.py
[2022-07-30 21:58:00,646] {logging_mixin.py:104} INFO - [2022-07-30 21:58:00,646] {dag.py:1824} INFO - Sync 1 DAGs
[2022-07-30 21:58:00,666] {logging_mixin.py:104} INFO - [2022-07-30 21:58:00,666] {dag.py:2280} INFO - Setting next_dagrun for example_dag_decorator to None
[2022-07-30 21:58:00,684] {scheduler_job.py:190} INFO - Processing /home/airflow/.local/lib/python3.6/site-packages/airflow/example_dags/example_dag_decorator.py took 0.108 seconds
[2022-07-30 21:58:31,881] {scheduler_job.py:182} INFO - Started process (PID=211) to work on /home/airflow/.local/lib/python3.6/site-packages/airflow/example_dags/example_dag_decorator.py
[2022-07-30 21:58:31,888] {scheduler_job.py:629} INFO - Processing file /home/airflow/.local/lib/python3.6/site-packages/airflow/example_dags/example_dag_decorator.py for tasks to queue
[2022-07-30 21:58:31,890] {logging_mixin.py:104} INFO - [2022-07-30 21:58:31,889] {dagbag.py:451} INFO - Filling up the DagBag from /home/airflow/.local/lib/python3.6/site-packages/airflow/example_dags/example_dag_decorator.py
[2022-07-30 21:58:31,954] {scheduler_job.py:639} INFO - DAG(s) dict_keys(['example_dag_decorator']) retrieved from /home/airflow/.local/lib/python3.6/site-packages/airflow/example_dags/example_dag_decorator.py
[2022-07-30 21:58:32,062] {logging_mixin.py:104} INFO - [2022-07-30 21:58:32,062] {dag.py:1824} INFO - Sync 1 DAGs
[2022-07-30 21:58:32,148] {logging_mixin.py:104} INFO - [2022-07-30 21:58:32,148] {dag.py:2280} INFO - Setting next_dagrun for example_dag_decorator to None
[2022-07-30 21:58:32,221] {scheduler_job.py:190} INFO - Processing /home/airflow/.local/lib/python3.6/site-packages/airflow/example_dags/example_dag_decorator.py took 0.356 seconds
[2022-07-30 21:59:02,761] {scheduler_job.py:182} INFO - Started process (PID=237) to work on /home/airflow/.local/lib/python3.6/site-packages/airflow/example_dags/example_dag_decorator.py
[2022-07-30 21:59:02,766] {scheduler_job.py:629} INFO - Processing file /home/airflow/.local/lib/python3.6/site-packages/airflow/example_dags/example_dag_decorator.py for tasks to queue
[2022-07-30 21:59:02,768] {logging_mixin.py:104} INFO - [2022-07-30 21:59:02,767] {dagbag.py:451} INFO - Filling up the DagBag from /home/airflow/.local/lib/python3.6/site-packages/airflow/example_dags/example_dag_decorator.py
[2022-07-30 21:59:02,812] {scheduler_job.py:639} INFO - DAG(s) dict_keys(['example_dag_decorator']) retrieved from /home/airflow/.local/lib/python3.6/site-packages/airflow/example_dags/example_dag_decorator.py
[2022-07-30 21:59:02,860] {logging_mixin.py:104} INFO - [2022-07-30 21:59:02,859] {dag.py:1824} INFO - Sync 1 DAGs
[2022-07-30 21:59:02,888] {logging_mixin.py:104} INFO - [2022-07-30 21:59:02,888] {dag.py:2280} INFO - Setting next_dagrun for example_dag_decorator to None
[2022-07-30 21:59:02,914] {scheduler_job.py:190} INFO - Processing /home/airflow/.local/lib/python3.6/site-packages/airflow/example_dags/example_dag_decorator.py took 0.163 seconds
[2022-07-30 21:59:33,619] {scheduler_job.py:182} INFO - Started process (PID=263) to work on /home/airflow/.local/lib/python3.6/site-packages/airflow/example_dags/example_dag_decorator.py
[2022-07-30 21:59:33,621] {scheduler_job.py:629} INFO - Processing file /home/airflow/.local/lib/python3.6/site-packages/airflow/example_dags/example_dag_decorator.py for tasks to queue
[2022-07-30 21:59:33,623] {logging_mixin.py:104} INFO - [2022-07-30 21:59:33,623] {dagbag.py:451} INFO - Filling up the DagBag from /home/airflow/.local/lib/python3.6/site-packages/airflow/example_dags/example_dag_decorator.py
[2022-07-30 21:59:33,647] {scheduler_job.py:639} INFO - DAG(s) dict_keys(['example_dag_decorator']) retrieved from /home/airflow/.local/lib/python3.6/site-packages/airflow/example_dags/example_dag_decorator.py
[2022-07-30 21:59:33,683] {logging_mixin.py:104} INFO - [2022-07-30 21:59:33,683] {dag.py:1824} INFO - Sync 1 DAGs
[2022-07-30 21:59:33,702] {logging_mixin.py:104} INFO - [2022-07-30 21:59:33,702] {dag.py:2280} INFO - Setting next_dagrun for example_dag_decorator to None
[2022-07-30 21:59:33,721] {scheduler_job.py:190} INFO - Processing /home/airflow/.local/lib/python3.6/site-packages/airflow/example_dags/example_dag_decorator.py took 0.106 seconds
[2022-07-30 22:00:04,140] {scheduler_job.py:182} INFO - Started process (PID=289) to work on /home/airflow/.local/lib/python3.6/site-packages/airflow/example_dags/example_dag_decorator.py
[2022-07-30 22:00:04,143] {scheduler_job.py:629} INFO - Processing file /home/airflow/.local/lib/python3.6/site-packages/airflow/example_dags/example_dag_decorator.py for tasks to queue
[2022-07-30 22:00:04,147] {logging_mixin.py:104} INFO - [2022-07-30 22:00:04,147] {dagbag.py:451} INFO - Filling up the DagBag from /home/airflow/.local/lib/python3.6/site-packages/airflow/example_dags/example_dag_decorator.py
[2022-07-30 22:00:04,223] {scheduler_job.py:639} INFO - DAG(s) dict_keys(['example_dag_decorator']) retrieved from /home/airflow/.local/lib/python3.6/site-packages/airflow/example_dags/example_dag_decorator.py
[2022-07-30 22:00:04,305] {logging_mixin.py:104} INFO - [2022-07-30 22:00:04,304] {dag.py:1824} INFO - Sync 1 DAGs
[2022-07-30 22:00:04,328] {logging_mixin.py:104} INFO - [2022-07-30 22:00:04,327] {dag.py:2280} INFO - Setting next_dagrun for example_dag_decorator to None
[2022-07-30 22:00:04,344] {scheduler_job.py:190} INFO - Processing /home/airflow/.local/lib/python3.6/site-packages/airflow/example_dags/example_dag_decorator.py took 0.210 seconds
[2022-07-30 22:00:35,051] {scheduler_job.py:182} INFO - Started process (PID=315) to work on /home/airflow/.local/lib/python3.6/site-packages/airflow/example_dags/example_dag_decorator.py
[2022-07-30 22:00:35,054] {scheduler_job.py:629} INFO - Processing file /home/airflow/.local/lib/python3.6/site-packages/airflow/example_dags/example_dag_decorator.py for tasks to queue
[2022-07-30 22:00:35,055] {logging_mixin.py:104} INFO - [2022-07-30 22:00:35,055] {dagbag.py:451} INFO - Filling up the DagBag from /home/airflow/.local/lib/python3.6/site-packages/airflow/example_dags/example_dag_decorator.py
[2022-07-30 22:00:35,089] {scheduler_job.py:639} INFO - DAG(s) dict_keys(['example_dag_decorator']) retrieved from /home/airflow/.local/lib/python3.6/site-packages/airflow/example_dags/example_dag_decorator.py
[2022-07-30 22:00:35,133] {logging_mixin.py:104} INFO - [2022-07-30 22:00:35,132] {dag.py:1824} INFO - Sync 1 DAGs
[2022-07-30 22:00:35,164] {logging_mixin.py:104} INFO - [2022-07-30 22:00:35,164] {dag.py:2280} INFO - Setting next_dagrun for example_dag_decorator to None
[2022-07-30 22:00:35,189] {scheduler_job.py:190} INFO - Processing /home/airflow/.local/lib/python3.6/site-packages/airflow/example_dags/example_dag_decorator.py took 0.142 seconds
[2022-07-30 22:01:05,376] {scheduler_job.py:182} INFO - Started process (PID=341) to work on /home/airflow/.local/lib/python3.6/site-packages/airflow/example_dags/example_dag_decorator.py
[2022-07-30 22:01:05,378] {scheduler_job.py:629} INFO - Processing file /home/airflow/.local/lib/python3.6/site-packages/airflow/example_dags/example_dag_decorator.py for tasks to queue
[2022-07-30 22:01:05,380] {logging_mixin.py:104} INFO - [2022-07-30 22:01:05,380] {dagbag.py:451} INFO - Filling up the DagBag from /home/airflow/.local/lib/python3.6/site-packages/airflow/example_dags/example_dag_decorator.py
[2022-07-30 22:01:05,424] {scheduler_job.py:639} INFO - DAG(s) dict_keys(['example_dag_decorator']) retrieved from /home/airflow/.local/lib/python3.6/site-packages/airflow/example_dags/example_dag_decorator.py
[2022-07-30 22:01:05,476] {logging_mixin.py:104} INFO - [2022-07-30 22:01:05,476] {dag.py:1824} INFO - Sync 1 DAGs
[2022-07-30 22:01:05,503] {logging_mixin.py:104} INFO - [2022-07-30 22:01:05,503] {dag.py:2280} INFO - Setting next_dagrun for example_dag_decorator to None
[2022-07-30 22:01:05,522] {scheduler_job.py:190} INFO - Processing /home/airflow/.local/lib/python3.6/site-packages/airflow/example_dags/example_dag_decorator.py took 0.153 seconds
[2022-07-30 22:01:36,098] {scheduler_job.py:182} INFO - Started process (PID=367) to work on /home/airflow/.local/lib/python3.6/site-packages/airflow/example_dags/example_dag_decorator.py
[2022-07-30 22:01:36,100] {scheduler_job.py:629} INFO - Processing file /home/airflow/.local/lib/python3.6/site-packages/airflow/example_dags/example_dag_decorator.py for tasks to queue
[2022-07-30 22:01:36,101] {logging_mixin.py:104} INFO - [2022-07-30 22:01:36,101] {dagbag.py:451} INFO - Filling up the DagBag from /home/airflow/.local/lib/python3.6/site-packages/airflow/example_dags/example_dag_decorator.py
[2022-07-30 22:01:36,144] {scheduler_job.py:639} INFO - DAG(s) dict_keys(['example_dag_decorator']) retrieved from /home/airflow/.local/lib/python3.6/site-packages/airflow/example_dags/example_dag_decorator.py
[2022-07-30 22:01:36,198] {logging_mixin.py:104} INFO - [2022-07-30 22:01:36,198] {dag.py:1824} INFO - Sync 1 DAGs
[2022-07-30 22:01:36,241] {logging_mixin.py:104} INFO - [2022-07-30 22:01:36,241] {dag.py:2280} INFO - Setting next_dagrun for example_dag_decorator to None
[2022-07-30 22:01:36,264] {scheduler_job.py:190} INFO - Processing /home/airflow/.local/lib/python3.6/site-packages/airflow/example_dags/example_dag_decorator.py took 0.171 seconds
[2022-07-30 22:02:06,959] {scheduler_job.py:182} INFO - Started process (PID=393) to work on /home/airflow/.local/lib/python3.6/site-packages/airflow/example_dags/example_dag_decorator.py
[2022-07-30 22:02:06,961] {scheduler_job.py:629} INFO - Processing file /home/airflow/.local/lib/python3.6/site-packages/airflow/example_dags/example_dag_decorator.py for tasks to queue
[2022-07-30 22:02:06,963] {logging_mixin.py:104} INFO - [2022-07-30 22:02:06,963] {dagbag.py:451} INFO - Filling up the DagBag from /home/airflow/.local/lib/python3.6/site-packages/airflow/example_dags/example_dag_decorator.py
[2022-07-30 22:02:07,004] {scheduler_job.py:639} INFO - DAG(s) dict_keys(['example_dag_decorator']) retrieved from /home/airflow/.local/lib/python3.6/site-packages/airflow/example_dags/example_dag_decorator.py
[2022-07-30 22:02:07,042] {logging_mixin.py:104} INFO - [2022-07-30 22:02:07,041] {dag.py:1824} INFO - Sync 1 DAGs
[2022-07-30 22:02:07,060] {logging_mixin.py:104} INFO - [2022-07-30 22:02:07,060] {dag.py:2280} INFO - Setting next_dagrun for example_dag_decorator to None
[2022-07-30 22:02:07,077] {scheduler_job.py:190} INFO - Processing /home/airflow/.local/lib/python3.6/site-packages/airflow/example_dags/example_dag_decorator.py took 0.123 seconds
[2022-07-30 22:02:37,144] {scheduler_job.py:182} INFO - Started process (PID=419) to work on /home/airflow/.local/lib/python3.6/site-packages/airflow/example_dags/example_dag_decorator.py
[2022-07-30 22:02:37,152] {scheduler_job.py:629} INFO - Processing file /home/airflow/.local/lib/python3.6/site-packages/airflow/example_dags/example_dag_decorator.py for tasks to queue
[2022-07-30 22:02:37,154] {logging_mixin.py:104} INFO - [2022-07-30 22:02:37,154] {dagbag.py:451} INFO - Filling up the DagBag from /home/airflow/.local/lib/python3.6/site-packages/airflow/example_dags/example_dag_decorator.py
[2022-07-30 22:02:37,176] {scheduler_job.py:639} INFO - DAG(s) dict_keys(['example_dag_decorator']) retrieved from /home/airflow/.local/lib/python3.6/site-packages/airflow/example_dags/example_dag_decorator.py
[2022-07-30 22:02:37,211] {logging_mixin.py:104} INFO - [2022-07-30 22:02:37,211] {dag.py:1824} INFO - Sync 1 DAGs
[2022-07-30 22:02:37,230] {logging_mixin.py:104} INFO - [2022-07-30 22:02:37,230] {dag.py:2280} INFO - Setting next_dagrun for example_dag_decorator to None
[2022-07-30 22:02:37,260] {scheduler_job.py:190} INFO - Processing /home/airflow/.local/lib/python3.6/site-packages/airflow/example_dags/example_dag_decorator.py took 0.120 seconds
[2022-07-30 22:03:07,796] {scheduler_job.py:182} INFO - Started process (PID=445) to work on /home/airflow/.local/lib/python3.6/site-packages/airflow/example_dags/example_dag_decorator.py
[2022-07-30 22:03:07,800] {scheduler_job.py:629} INFO - Processing file /home/airflow/.local/lib/python3.6/site-packages/airflow/example_dags/example_dag_decorator.py for tasks to queue
[2022-07-30 22:03:07,802] {logging_mixin.py:104} INFO - [2022-07-30 22:03:07,802] {dagbag.py:451} INFO - Filling up the DagBag from /home/airflow/.local/lib/python3.6/site-packages/airflow/example_dags/example_dag_decorator.py
[2022-07-30 22:03:07,840] {scheduler_job.py:639} INFO - DAG(s) dict_keys(['example_dag_decorator']) retrieved from /home/airflow/.local/lib/python3.6/site-packages/airflow/example_dags/example_dag_decorator.py
[2022-07-30 22:03:07,918] {logging_mixin.py:104} INFO - [2022-07-30 22:03:07,918] {dag.py:1824} INFO - Sync 1 DAGs
[2022-07-30 22:03:07,951] {logging_mixin.py:104} INFO - [2022-07-30 22:03:07,951] {dag.py:2280} INFO - Setting next_dagrun for example_dag_decorator to None
[2022-07-30 22:03:08,001] {scheduler_job.py:190} INFO - Processing /home/airflow/.local/lib/python3.6/site-packages/airflow/example_dags/example_dag_decorator.py took 0.212 seconds
[2022-07-30 22:03:38,092] {scheduler_job.py:182} INFO - Started process (PID=471) to work on /home/airflow/.local/lib/python3.6/site-packages/airflow/example_dags/example_dag_decorator.py
[2022-07-30 22:03:38,094] {scheduler_job.py:629} INFO - Processing file /home/airflow/.local/lib/python3.6/site-packages/airflow/example_dags/example_dag_decorator.py for tasks to queue
[2022-07-30 22:03:38,096] {logging_mixin.py:104} INFO - [2022-07-30 22:03:38,096] {dagbag.py:451} INFO - Filling up the DagBag from /home/airflow/.local/lib/python3.6/site-packages/airflow/example_dags/example_dag_decorator.py
[2022-07-30 22:03:38,123] {scheduler_job.py:639} INFO - DAG(s) dict_keys(['example_dag_decorator']) retrieved from /home/airflow/.local/lib/python3.6/site-packages/airflow/example_dags/example_dag_decorator.py
[2022-07-30 22:03:38,159] {logging_mixin.py:104} INFO - [2022-07-30 22:03:38,158] {dag.py:1824} INFO - Sync 1 DAGs
[2022-07-30 22:03:38,185] {logging_mixin.py:104} INFO - [2022-07-30 22:03:38,185] {dag.py:2280} INFO - Setting next_dagrun for example_dag_decorator to None
[2022-07-30 22:03:38,207] {scheduler_job.py:190} INFO - Processing /home/airflow/.local/lib/python3.6/site-packages/airflow/example_dags/example_dag_decorator.py took 0.121 seconds
[2022-07-30 22:04:10,287] {scheduler_job.py:182} INFO - Started process (PID=491) to work on /home/airflow/.local/lib/python3.6/site-packages/airflow/example_dags/example_dag_decorator.py
[2022-07-30 22:04:10,290] {scheduler_job.py:629} INFO - Processing file /home/airflow/.local/lib/python3.6/site-packages/airflow/example_dags/example_dag_decorator.py for tasks to queue
[2022-07-30 22:04:10,292] {logging_mixin.py:104} INFO - [2022-07-30 22:04:10,292] {dagbag.py:451} INFO - Filling up the DagBag from /home/airflow/.local/lib/python3.6/site-packages/airflow/example_dags/example_dag_decorator.py
[2022-07-30 22:04:10,333] {scheduler_job.py:639} INFO - DAG(s) dict_keys(['example_dag_decorator']) retrieved from /home/airflow/.local/lib/python3.6/site-packages/airflow/example_dags/example_dag_decorator.py
[2022-07-30 22:04:10,422] {logging_mixin.py:104} INFO - [2022-07-30 22:04:10,422] {dag.py:1824} INFO - Sync 1 DAGs
[2022-07-30 22:04:10,462] {logging_mixin.py:104} INFO - [2022-07-30 22:04:10,461] {dag.py:2280} INFO - Setting next_dagrun for example_dag_decorator to None
[2022-07-30 22:04:10,507] {scheduler_job.py:190} INFO - Processing /home/airflow/.local/lib/python3.6/site-packages/airflow/example_dags/example_dag_decorator.py took 0.233 seconds
[2022-07-30 22:04:40,917] {scheduler_job.py:182} INFO - Started process (PID=517) to work on /home/airflow/.local/lib/python3.6/site-packages/airflow/example_dags/example_dag_decorator.py
[2022-07-30 22:04:40,923] {scheduler_job.py:629} INFO - Processing file /home/airflow/.local/lib/python3.6/site-packages/airflow/example_dags/example_dag_decorator.py for tasks to queue
[2022-07-30 22:04:40,925] {logging_mixin.py:104} INFO - [2022-07-30 22:04:40,925] {dagbag.py:451} INFO - Filling up the DagBag from /home/airflow/.local/lib/python3.6/site-packages/airflow/example_dags/example_dag_decorator.py
[2022-07-30 22:04:40,982] {scheduler_job.py:639} INFO - DAG(s) dict_keys(['example_dag_decorator']) retrieved from /home/airflow/.local/lib/python3.6/site-packages/airflow/example_dags/example_dag_decorator.py
[2022-07-30 22:04:41,061] {logging_mixin.py:104} INFO - [2022-07-30 22:04:41,051] {dag.py:1824} INFO - Sync 1 DAGs
[2022-07-30 22:04:41,194] {logging_mixin.py:104} INFO - [2022-07-30 22:04:41,193] {dag.py:2280} INFO - Setting next_dagrun for example_dag_decorator to None
[2022-07-30 22:04:41,338] {scheduler_job.py:190} INFO - Processing /home/airflow/.local/lib/python3.6/site-packages/airflow/example_dags/example_dag_decorator.py took 0.433 seconds
[2022-07-30 22:05:11,525] {scheduler_job.py:182} INFO - Started process (PID=540) to work on /home/airflow/.local/lib/python3.6/site-packages/airflow/example_dags/example_dag_decorator.py
[2022-07-30 22:05:11,531] {scheduler_job.py:629} INFO - Processing file /home/airflow/.local/lib/python3.6/site-packages/airflow/example_dags/example_dag_decorator.py for tasks to queue
[2022-07-30 22:05:11,534] {logging_mixin.py:104} INFO - [2022-07-30 22:05:11,534] {dagbag.py:451} INFO - Filling up the DagBag from /home/airflow/.local/lib/python3.6/site-packages/airflow/example_dags/example_dag_decorator.py
[2022-07-30 22:05:11,571] {scheduler_job.py:639} INFO - DAG(s) dict_keys(['example_dag_decorator']) retrieved from /home/airflow/.local/lib/python3.6/site-packages/airflow/example_dags/example_dag_decorator.py
[2022-07-30 22:05:11,623] {logging_mixin.py:104} INFO - [2022-07-30 22:05:11,622] {dag.py:1824} INFO - Sync 1 DAGs
[2022-07-30 22:05:11,655] {logging_mixin.py:104} INFO - [2022-07-30 22:05:11,654] {dag.py:2280} INFO - Setting next_dagrun for example_dag_decorator to None
[2022-07-30 22:05:11,679] {scheduler_job.py:190} INFO - Processing /home/airflow/.local/lib/python3.6/site-packages/airflow/example_dags/example_dag_decorator.py took 0.160 seconds
[2022-07-30 22:05:42,821] {scheduler_job.py:182} INFO - Started process (PID=565) to work on /home/airflow/.local/lib/python3.6/site-packages/airflow/example_dags/example_dag_decorator.py
[2022-07-30 22:05:42,823] {scheduler_job.py:629} INFO - Processing file /home/airflow/.local/lib/python3.6/site-packages/airflow/example_dags/example_dag_decorator.py for tasks to queue
[2022-07-30 22:05:42,825] {logging_mixin.py:104} INFO - [2022-07-30 22:05:42,825] {dagbag.py:451} INFO - Filling up the DagBag from /home/airflow/.local/lib/python3.6/site-packages/airflow/example_dags/example_dag_decorator.py
[2022-07-30 22:05:42,852] {scheduler_job.py:639} INFO - DAG(s) dict_keys(['example_dag_decorator']) retrieved from /home/airflow/.local/lib/python3.6/site-packages/airflow/example_dags/example_dag_decorator.py
[2022-07-30 22:05:42,889] {logging_mixin.py:104} INFO - [2022-07-30 22:05:42,888] {dag.py:1824} INFO - Sync 1 DAGs
[2022-07-30 22:05:42,911] {logging_mixin.py:104} INFO - [2022-07-30 22:05:42,911] {dag.py:2280} INFO - Setting next_dagrun for example_dag_decorator to None
[2022-07-30 22:05:42,935] {scheduler_job.py:190} INFO - Processing /home/airflow/.local/lib/python3.6/site-packages/airflow/example_dags/example_dag_decorator.py took 0.120 seconds
[2022-07-30 22:06:13,920] {scheduler_job.py:182} INFO - Started process (PID=591) to work on /home/airflow/.local/lib/python3.6/site-packages/airflow/example_dags/example_dag_decorator.py
[2022-07-30 22:06:13,923] {scheduler_job.py:629} INFO - Processing file /home/airflow/.local/lib/python3.6/site-packages/airflow/example_dags/example_dag_decorator.py for tasks to queue
[2022-07-30 22:06:13,927] {logging_mixin.py:104} INFO - [2022-07-30 22:06:13,926] {dagbag.py:451} INFO - Filling up the DagBag from /home/airflow/.local/lib/python3.6/site-packages/airflow/example_dags/example_dag_decorator.py
[2022-07-30 22:06:13,974] {scheduler_job.py:639} INFO - DAG(s) dict_keys(['example_dag_decorator']) retrieved from /home/airflow/.local/lib/python3.6/site-packages/airflow/example_dags/example_dag_decorator.py
[2022-07-30 22:06:14,051] {logging_mixin.py:104} INFO - [2022-07-30 22:06:14,051] {dag.py:1824} INFO - Sync 1 DAGs
[2022-07-30 22:06:14,089] {logging_mixin.py:104} INFO - [2022-07-30 22:06:14,089] {dag.py:2280} INFO - Setting next_dagrun for example_dag_decorator to None
[2022-07-30 22:06:14,131] {scheduler_job.py:190} INFO - Processing /home/airflow/.local/lib/python3.6/site-packages/airflow/example_dags/example_dag_decorator.py took 0.221 seconds
[2022-07-30 22:06:45,025] {scheduler_job.py:182} INFO - Started process (PID=617) to work on /home/airflow/.local/lib/python3.6/site-packages/airflow/example_dags/example_dag_decorator.py
[2022-07-30 22:06:45,027] {scheduler_job.py:629} INFO - Processing file /home/airflow/.local/lib/python3.6/site-packages/airflow/example_dags/example_dag_decorator.py for tasks to queue
[2022-07-30 22:06:45,030] {logging_mixin.py:104} INFO - [2022-07-30 22:06:45,029] {dagbag.py:451} INFO - Filling up the DagBag from /home/airflow/.local/lib/python3.6/site-packages/airflow/example_dags/example_dag_decorator.py
[2022-07-30 22:06:45,061] {scheduler_job.py:639} INFO - DAG(s) dict_keys(['example_dag_decorator']) retrieved from /home/airflow/.local/lib/python3.6/site-packages/airflow/example_dags/example_dag_decorator.py
[2022-07-30 22:06:45,102] {logging_mixin.py:104} INFO - [2022-07-30 22:06:45,102] {dag.py:1824} INFO - Sync 1 DAGs
[2022-07-30 22:06:45,147] {logging_mixin.py:104} INFO - [2022-07-30 22:06:45,147] {dag.py:2280} INFO - Setting next_dagrun for example_dag_decorator to None
[2022-07-30 22:06:45,177] {scheduler_job.py:190} INFO - Processing /home/airflow/.local/lib/python3.6/site-packages/airflow/example_dags/example_dag_decorator.py took 0.157 seconds
[2022-07-30 22:07:15,774] {scheduler_job.py:182} INFO - Started process (PID=643) to work on /home/airflow/.local/lib/python3.6/site-packages/airflow/example_dags/example_dag_decorator.py
[2022-07-30 22:07:15,776] {scheduler_job.py:629} INFO - Processing file /home/airflow/.local/lib/python3.6/site-packages/airflow/example_dags/example_dag_decorator.py for tasks to queue
[2022-07-30 22:07:15,778] {logging_mixin.py:104} INFO - [2022-07-30 22:07:15,778] {dagbag.py:451} INFO - Filling up the DagBag from /home/airflow/.local/lib/python3.6/site-packages/airflow/example_dags/example_dag_decorator.py
[2022-07-30 22:07:15,810] {scheduler_job.py:639} INFO - DAG(s) dict_keys(['example_dag_decorator']) retrieved from /home/airflow/.local/lib/python3.6/site-packages/airflow/example_dags/example_dag_decorator.py
[2022-07-30 22:07:15,850] {logging_mixin.py:104} INFO - [2022-07-30 22:07:15,850] {dag.py:1824} INFO - Sync 1 DAGs
[2022-07-30 22:07:15,875] {logging_mixin.py:104} INFO - [2022-07-30 22:07:15,874] {dag.py:2280} INFO - Setting next_dagrun for example_dag_decorator to None
[2022-07-30 22:07:15,903] {scheduler_job.py:190} INFO - Processing /home/airflow/.local/lib/python3.6/site-packages/airflow/example_dags/example_dag_decorator.py took 0.134 seconds
[2022-07-30 22:07:47,053] {scheduler_job.py:182} INFO - Started process (PID=672) to work on /home/airflow/.local/lib/python3.6/site-packages/airflow/example_dags/example_dag_decorator.py
[2022-07-30 22:07:47,057] {scheduler_job.py:629} INFO - Processing file /home/airflow/.local/lib/python3.6/site-packages/airflow/example_dags/example_dag_decorator.py for tasks to queue
[2022-07-30 22:07:47,059] {logging_mixin.py:104} INFO - [2022-07-30 22:07:47,059] {dagbag.py:451} INFO - Filling up the DagBag from /home/airflow/.local/lib/python3.6/site-packages/airflow/example_dags/example_dag_decorator.py
[2022-07-30 22:07:47,082] {scheduler_job.py:639} INFO - DAG(s) dict_keys(['example_dag_decorator']) retrieved from /home/airflow/.local/lib/python3.6/site-packages/airflow/example_dags/example_dag_decorator.py
[2022-07-30 22:07:47,123] {logging_mixin.py:104} INFO - [2022-07-30 22:07:47,123] {dag.py:1824} INFO - Sync 1 DAGs
[2022-07-30 22:07:47,148] {logging_mixin.py:104} INFO - [2022-07-30 22:07:47,148] {dag.py:2280} INFO - Setting next_dagrun for example_dag_decorator to None
[2022-07-30 22:07:47,192] {scheduler_job.py:190} INFO - Processing /home/airflow/.local/lib/python3.6/site-packages/airflow/example_dags/example_dag_decorator.py took 0.143 seconds
[2022-07-30 22:08:17,418] {scheduler_job.py:182} INFO - Started process (PID=698) to work on /home/airflow/.local/lib/python3.6/site-packages/airflow/example_dags/example_dag_decorator.py
[2022-07-30 22:08:17,422] {scheduler_job.py:629} INFO - Processing file /home/airflow/.local/lib/python3.6/site-packages/airflow/example_dags/example_dag_decorator.py for tasks to queue
[2022-07-30 22:08:17,425] {logging_mixin.py:104} INFO - [2022-07-30 22:08:17,425] {dagbag.py:451} INFO - Filling up the DagBag from /home/airflow/.local/lib/python3.6/site-packages/airflow/example_dags/example_dag_decorator.py
[2022-07-30 22:08:17,489] {scheduler_job.py:639} INFO - DAG(s) dict_keys(['example_dag_decorator']) retrieved from /home/airflow/.local/lib/python3.6/site-packages/airflow/example_dags/example_dag_decorator.py
[2022-07-30 22:08:17,612] {logging_mixin.py:104} INFO - [2022-07-30 22:08:17,612] {dag.py:1824} INFO - Sync 1 DAGs
[2022-07-30 22:08:17,678] {logging_mixin.py:104} INFO - [2022-07-30 22:08:17,678] {dag.py:2280} INFO - Setting next_dagrun for example_dag_decorator to None
[2022-07-30 22:08:17,737] {scheduler_job.py:190} INFO - Processing /home/airflow/.local/lib/python3.6/site-packages/airflow/example_dags/example_dag_decorator.py took 0.327 seconds
[2022-07-30 22:08:47,992] {scheduler_job.py:182} INFO - Started process (PID=724) to work on /home/airflow/.local/lib/python3.6/site-packages/airflow/example_dags/example_dag_decorator.py
[2022-07-30 22:08:47,996] {scheduler_job.py:629} INFO - Processing file /home/airflow/.local/lib/python3.6/site-packages/airflow/example_dags/example_dag_decorator.py for tasks to queue
[2022-07-30 22:08:48,000] {logging_mixin.py:104} INFO - [2022-07-30 22:08:48,000] {dagbag.py:451} INFO - Filling up the DagBag from /home/airflow/.local/lib/python3.6/site-packages/airflow/example_dags/example_dag_decorator.py
[2022-07-30 22:08:48,042] {scheduler_job.py:639} INFO - DAG(s) dict_keys(['example_dag_decorator']) retrieved from /home/airflow/.local/lib/python3.6/site-packages/airflow/example_dags/example_dag_decorator.py
[2022-07-30 22:08:48,094] {logging_mixin.py:104} INFO - [2022-07-30 22:08:48,093] {dag.py:1824} INFO - Sync 1 DAGs
[2022-07-30 22:08:48,128] {logging_mixin.py:104} INFO - [2022-07-30 22:08:48,128] {dag.py:2280} INFO - Setting next_dagrun for example_dag_decorator to None
[2022-07-30 22:08:48,151] {scheduler_job.py:190} INFO - Processing /home/airflow/.local/lib/python3.6/site-packages/airflow/example_dags/example_dag_decorator.py took 0.165 seconds
[2022-07-30 22:09:19,382] {scheduler_job.py:182} INFO - Started process (PID=750) to work on /home/airflow/.local/lib/python3.6/site-packages/airflow/example_dags/example_dag_decorator.py
[2022-07-30 22:09:19,388] {scheduler_job.py:629} INFO - Processing file /home/airflow/.local/lib/python3.6/site-packages/airflow/example_dags/example_dag_decorator.py for tasks to queue
[2022-07-30 22:09:19,390] {logging_mixin.py:104} INFO - [2022-07-30 22:09:19,390] {dagbag.py:451} INFO - Filling up the DagBag from /home/airflow/.local/lib/python3.6/site-packages/airflow/example_dags/example_dag_decorator.py
[2022-07-30 22:09:19,452] {scheduler_job.py:639} INFO - DAG(s) dict_keys(['example_dag_decorator']) retrieved from /home/airflow/.local/lib/python3.6/site-packages/airflow/example_dags/example_dag_decorator.py
[2022-07-30 22:09:19,544] {logging_mixin.py:104} INFO - [2022-07-30 22:09:19,544] {dag.py:1824} INFO - Sync 1 DAGs
[2022-07-30 22:09:19,615] {logging_mixin.py:104} INFO - [2022-07-30 22:09:19,615] {dag.py:2280} INFO - Setting next_dagrun for example_dag_decorator to None
[2022-07-30 22:09:19,668] {scheduler_job.py:190} INFO - Processing /home/airflow/.local/lib/python3.6/site-packages/airflow/example_dags/example_dag_decorator.py took 0.300 seconds
[2022-07-30 22:09:49,928] {scheduler_job.py:182} INFO - Started process (PID=776) to work on /home/airflow/.local/lib/python3.6/site-packages/airflow/example_dags/example_dag_decorator.py
[2022-07-30 22:09:49,931] {scheduler_job.py:629} INFO - Processing file /home/airflow/.local/lib/python3.6/site-packages/airflow/example_dags/example_dag_decorator.py for tasks to queue
[2022-07-30 22:09:49,933] {logging_mixin.py:104} INFO - [2022-07-30 22:09:49,932] {dagbag.py:451} INFO - Filling up the DagBag from /home/airflow/.local/lib/python3.6/site-packages/airflow/example_dags/example_dag_decorator.py
[2022-07-30 22:09:49,971] {scheduler_job.py:639} INFO - DAG(s) dict_keys(['example_dag_decorator']) retrieved from /home/airflow/.local/lib/python3.6/site-packages/airflow/example_dags/example_dag_decorator.py
[2022-07-30 22:09:50,031] {logging_mixin.py:104} INFO - [2022-07-30 22:09:50,030] {dag.py:1824} INFO - Sync 1 DAGs
[2022-07-30 22:09:50,064] {logging_mixin.py:104} INFO - [2022-07-30 22:09:50,064] {dag.py:2280} INFO - Setting next_dagrun for example_dag_decorator to None
[2022-07-30 22:09:50,099] {scheduler_job.py:190} INFO - Processing /home/airflow/.local/lib/python3.6/site-packages/airflow/example_dags/example_dag_decorator.py took 0.180 seconds
[2022-07-30 22:10:20,863] {scheduler_job.py:182} INFO - Started process (PID=805) to work on /home/airflow/.local/lib/python3.6/site-packages/airflow/example_dags/example_dag_decorator.py
[2022-07-30 22:10:21,055] {scheduler_job.py:629} INFO - Processing file /home/airflow/.local/lib/python3.6/site-packages/airflow/example_dags/example_dag_decorator.py for tasks to queue
[2022-07-30 22:10:21,267] {logging_mixin.py:104} INFO - [2022-07-30 22:10:21,266] {dagbag.py:451} INFO - Filling up the DagBag from /home/airflow/.local/lib/python3.6/site-packages/airflow/example_dags/example_dag_decorator.py
[2022-07-30 22:10:21,472] {scheduler_job.py:639} INFO - DAG(s) dict_keys(['example_dag_decorator']) retrieved from /home/airflow/.local/lib/python3.6/site-packages/airflow/example_dags/example_dag_decorator.py
[2022-07-30 22:10:21,582] {logging_mixin.py:104} INFO - [2022-07-30 22:10:21,582] {dag.py:1824} INFO - Sync 1 DAGs
[2022-07-30 22:10:21,647] {logging_mixin.py:104} INFO - [2022-07-30 22:10:21,647] {dag.py:2280} INFO - Setting next_dagrun for example_dag_decorator to None
[2022-07-30 22:10:21,705] {scheduler_job.py:190} INFO - Processing /home/airflow/.local/lib/python3.6/site-packages/airflow/example_dags/example_dag_decorator.py took 0.859 seconds
[2022-07-30 22:10:52,484] {scheduler_job.py:182} INFO - Started process (PID=833) to work on /home/airflow/.local/lib/python3.6/site-packages/airflow/example_dags/example_dag_decorator.py
[2022-07-30 22:10:52,486] {scheduler_job.py:629} INFO - Processing file /home/airflow/.local/lib/python3.6/site-packages/airflow/example_dags/example_dag_decorator.py for tasks to queue
[2022-07-30 22:10:52,487] {logging_mixin.py:104} INFO - [2022-07-30 22:10:52,487] {dagbag.py:451} INFO - Filling up the DagBag from /home/airflow/.local/lib/python3.6/site-packages/airflow/example_dags/example_dag_decorator.py
[2022-07-30 22:10:52,516] {scheduler_job.py:639} INFO - DAG(s) dict_keys(['example_dag_decorator']) retrieved from /home/airflow/.local/lib/python3.6/site-packages/airflow/example_dags/example_dag_decorator.py
[2022-07-30 22:10:52,557] {logging_mixin.py:104} INFO - [2022-07-30 22:10:52,557] {dag.py:1824} INFO - Sync 1 DAGs
[2022-07-30 22:10:52,577] {logging_mixin.py:104} INFO - [2022-07-30 22:10:52,577] {dag.py:2280} INFO - Setting next_dagrun for example_dag_decorator to None
[2022-07-30 22:10:52,598] {scheduler_job.py:190} INFO - Processing /home/airflow/.local/lib/python3.6/site-packages/airflow/example_dags/example_dag_decorator.py took 0.119 seconds
[2022-07-30 22:11:23,217] {scheduler_job.py:182} INFO - Started process (PID=857) to work on /home/airflow/.local/lib/python3.6/site-packages/airflow/example_dags/example_dag_decorator.py
[2022-07-30 22:11:23,224] {scheduler_job.py:629} INFO - Processing file /home/airflow/.local/lib/python3.6/site-packages/airflow/example_dags/example_dag_decorator.py for tasks to queue
[2022-07-30 22:11:23,227] {logging_mixin.py:104} INFO - [2022-07-30 22:11:23,227] {dagbag.py:451} INFO - Filling up the DagBag from /home/airflow/.local/lib/python3.6/site-packages/airflow/example_dags/example_dag_decorator.py
[2022-07-30 22:11:23,277] {scheduler_job.py:639} INFO - DAG(s) dict_keys(['example_dag_decorator']) retrieved from /home/airflow/.local/lib/python3.6/site-packages/airflow/example_dags/example_dag_decorator.py
[2022-07-30 22:11:23,318] {logging_mixin.py:104} INFO - [2022-07-30 22:11:23,317] {dag.py:1824} INFO - Sync 1 DAGs
[2022-07-30 22:11:23,337] {logging_mixin.py:104} INFO - [2022-07-30 22:11:23,337] {dag.py:2280} INFO - Setting next_dagrun for example_dag_decorator to None
[2022-07-30 22:11:23,355] {scheduler_job.py:190} INFO - Processing /home/airflow/.local/lib/python3.6/site-packages/airflow/example_dags/example_dag_decorator.py took 0.149 seconds
[2022-07-30 22:11:53,868] {scheduler_job.py:182} INFO - Started process (PID=883) to work on /home/airflow/.local/lib/python3.6/site-packages/airflow/example_dags/example_dag_decorator.py
[2022-07-30 22:11:53,870] {scheduler_job.py:629} INFO - Processing file /home/airflow/.local/lib/python3.6/site-packages/airflow/example_dags/example_dag_decorator.py for tasks to queue
[2022-07-30 22:11:53,872] {logging_mixin.py:104} INFO - [2022-07-30 22:11:53,871] {dagbag.py:451} INFO - Filling up the DagBag from /home/airflow/.local/lib/python3.6/site-packages/airflow/example_dags/example_dag_decorator.py
[2022-07-30 22:11:53,898] {scheduler_job.py:639} INFO - DAG(s) dict_keys(['example_dag_decorator']) retrieved from /home/airflow/.local/lib/python3.6/site-packages/airflow/example_dags/example_dag_decorator.py
[2022-07-30 22:11:53,932] {logging_mixin.py:104} INFO - [2022-07-30 22:11:53,931] {dag.py:1824} INFO - Sync 1 DAGs
[2022-07-30 22:11:53,959] {logging_mixin.py:104} INFO - [2022-07-30 22:11:53,958] {dag.py:2280} INFO - Setting next_dagrun for example_dag_decorator to None
[2022-07-30 22:11:53,981] {scheduler_job.py:190} INFO - Processing /home/airflow/.local/lib/python3.6/site-packages/airflow/example_dags/example_dag_decorator.py took 0.118 seconds
[2022-07-30 22:12:25,097] {scheduler_job.py:182} INFO - Started process (PID=912) to work on /home/airflow/.local/lib/python3.6/site-packages/airflow/example_dags/example_dag_decorator.py
[2022-07-30 22:12:25,101] {scheduler_job.py:629} INFO - Processing file /home/airflow/.local/lib/python3.6/site-packages/airflow/example_dags/example_dag_decorator.py for tasks to queue
[2022-07-30 22:12:25,103] {logging_mixin.py:104} INFO - [2022-07-30 22:12:25,103] {dagbag.py:451} INFO - Filling up the DagBag from /home/airflow/.local/lib/python3.6/site-packages/airflow/example_dags/example_dag_decorator.py
[2022-07-30 22:12:25,158] {scheduler_job.py:639} INFO - DAG(s) dict_keys(['example_dag_decorator']) retrieved from /home/airflow/.local/lib/python3.6/site-packages/airflow/example_dags/example_dag_decorator.py
[2022-07-30 22:12:25,228] {logging_mixin.py:104} INFO - [2022-07-30 22:12:25,227] {dag.py:1824} INFO - Sync 1 DAGs
[2022-07-30 22:12:25,261] {logging_mixin.py:104} INFO - [2022-07-30 22:12:25,261] {dag.py:2280} INFO - Setting next_dagrun for example_dag_decorator to None
[2022-07-30 22:12:25,318] {scheduler_job.py:190} INFO - Processing /home/airflow/.local/lib/python3.6/site-packages/airflow/example_dags/example_dag_decorator.py took 0.239 seconds
[2022-07-30 22:12:55,706] {scheduler_job.py:182} INFO - Started process (PID=935) to work on /home/airflow/.local/lib/python3.6/site-packages/airflow/example_dags/example_dag_decorator.py
[2022-07-30 22:12:55,716] {scheduler_job.py:629} INFO - Processing file /home/airflow/.local/lib/python3.6/site-packages/airflow/example_dags/example_dag_decorator.py for tasks to queue
[2022-07-30 22:12:55,718] {logging_mixin.py:104} INFO - [2022-07-30 22:12:55,717] {dagbag.py:451} INFO - Filling up the DagBag from /home/airflow/.local/lib/python3.6/site-packages/airflow/example_dags/example_dag_decorator.py
[2022-07-30 22:12:55,774] {scheduler_job.py:639} INFO - DAG(s) dict_keys(['example_dag_decorator']) retrieved from /home/airflow/.local/lib/python3.6/site-packages/airflow/example_dags/example_dag_decorator.py
[2022-07-30 22:12:55,893] {logging_mixin.py:104} INFO - [2022-07-30 22:12:55,892] {dag.py:1824} INFO - Sync 1 DAGs
[2022-07-30 22:12:55,949] {logging_mixin.py:104} INFO - [2022-07-30 22:12:55,949] {dag.py:2280} INFO - Setting next_dagrun for example_dag_decorator to None
[2022-07-30 22:12:55,969] {scheduler_job.py:190} INFO - Processing /home/airflow/.local/lib/python3.6/site-packages/airflow/example_dags/example_dag_decorator.py took 0.269 seconds
[2022-07-30 22:13:26,624] {scheduler_job.py:182} INFO - Started process (PID=962) to work on /home/airflow/.local/lib/python3.6/site-packages/airflow/example_dags/example_dag_decorator.py
[2022-07-30 22:13:26,627] {scheduler_job.py:629} INFO - Processing file /home/airflow/.local/lib/python3.6/site-packages/airflow/example_dags/example_dag_decorator.py for tasks to queue
[2022-07-30 22:13:26,629] {logging_mixin.py:104} INFO - [2022-07-30 22:13:26,628] {dagbag.py:451} INFO - Filling up the DagBag from /home/airflow/.local/lib/python3.6/site-packages/airflow/example_dags/example_dag_decorator.py
[2022-07-30 22:13:26,676] {scheduler_job.py:639} INFO - DAG(s) dict_keys(['example_dag_decorator']) retrieved from /home/airflow/.local/lib/python3.6/site-packages/airflow/example_dags/example_dag_decorator.py
[2022-07-30 22:13:26,739] {logging_mixin.py:104} INFO - [2022-07-30 22:13:26,739] {dag.py:1824} INFO - Sync 1 DAGs
[2022-07-30 22:13:26,800] {logging_mixin.py:104} INFO - [2022-07-30 22:13:26,800] {dag.py:2280} INFO - Setting next_dagrun for example_dag_decorator to None
[2022-07-30 22:13:26,851] {scheduler_job.py:190} INFO - Processing /home/airflow/.local/lib/python3.6/site-packages/airflow/example_dags/example_dag_decorator.py took 0.233 seconds
[2022-07-30 22:13:58,035] {scheduler_job.py:182} INFO - Started process (PID=989) to work on /home/airflow/.local/lib/python3.6/site-packages/airflow/example_dags/example_dag_decorator.py
[2022-07-30 22:13:58,038] {scheduler_job.py:629} INFO - Processing file /home/airflow/.local/lib/python3.6/site-packages/airflow/example_dags/example_dag_decorator.py for tasks to queue
[2022-07-30 22:13:58,043] {logging_mixin.py:104} INFO - [2022-07-30 22:13:58,042] {dagbag.py:451} INFO - Filling up the DagBag from /home/airflow/.local/lib/python3.6/site-packages/airflow/example_dags/example_dag_decorator.py
[2022-07-30 22:13:58,087] {scheduler_job.py:639} INFO - DAG(s) dict_keys(['example_dag_decorator']) retrieved from /home/airflow/.local/lib/python3.6/site-packages/airflow/example_dags/example_dag_decorator.py
[2022-07-30 22:13:58,130] {logging_mixin.py:104} INFO - [2022-07-30 22:13:58,130] {dag.py:1824} INFO - Sync 1 DAGs
[2022-07-30 22:13:58,162] {logging_mixin.py:104} INFO - [2022-07-30 22:13:58,162] {dag.py:2280} INFO - Setting next_dagrun for example_dag_decorator to None
[2022-07-30 22:13:58,181] {scheduler_job.py:190} INFO - Processing /home/airflow/.local/lib/python3.6/site-packages/airflow/example_dags/example_dag_decorator.py took 0.152 seconds
[2022-07-30 22:14:28,510] {scheduler_job.py:182} INFO - Started process (PID=1014) to work on /home/airflow/.local/lib/python3.6/site-packages/airflow/example_dags/example_dag_decorator.py
[2022-07-30 22:14:28,513] {scheduler_job.py:629} INFO - Processing file /home/airflow/.local/lib/python3.6/site-packages/airflow/example_dags/example_dag_decorator.py for tasks to queue
[2022-07-30 22:14:28,514] {logging_mixin.py:104} INFO - [2022-07-30 22:14:28,514] {dagbag.py:451} INFO - Filling up the DagBag from /home/airflow/.local/lib/python3.6/site-packages/airflow/example_dags/example_dag_decorator.py
[2022-07-30 22:14:28,541] {scheduler_job.py:639} INFO - DAG(s) dict_keys(['example_dag_decorator']) retrieved from /home/airflow/.local/lib/python3.6/site-packages/airflow/example_dags/example_dag_decorator.py
[2022-07-30 22:14:28,580] {logging_mixin.py:104} INFO - [2022-07-30 22:14:28,580] {dag.py:1824} INFO - Sync 1 DAGs
[2022-07-30 22:14:28,607] {logging_mixin.py:104} INFO - [2022-07-30 22:14:28,607] {dag.py:2280} INFO - Setting next_dagrun for example_dag_decorator to None
[2022-07-30 22:14:28,645] {scheduler_job.py:190} INFO - Processing /home/airflow/.local/lib/python3.6/site-packages/airflow/example_dags/example_dag_decorator.py took 0.140 seconds
[2022-07-30 22:14:58,795] {scheduler_job.py:182} INFO - Started process (PID=1039) to work on /home/airflow/.local/lib/python3.6/site-packages/airflow/example_dags/example_dag_decorator.py
[2022-07-30 22:14:58,802] {scheduler_job.py:629} INFO - Processing file /home/airflow/.local/lib/python3.6/site-packages/airflow/example_dags/example_dag_decorator.py for tasks to queue
[2022-07-30 22:14:58,806] {logging_mixin.py:104} INFO - [2022-07-30 22:14:58,806] {dagbag.py:451} INFO - Filling up the DagBag from /home/airflow/.local/lib/python3.6/site-packages/airflow/example_dags/example_dag_decorator.py
[2022-07-30 22:14:58,849] {scheduler_job.py:639} INFO - DAG(s) dict_keys(['example_dag_decorator']) retrieved from /home/airflow/.local/lib/python3.6/site-packages/airflow/example_dags/example_dag_decorator.py
[2022-07-30 22:14:58,894] {logging_mixin.py:104} INFO - [2022-07-30 22:14:58,894] {dag.py:1824} INFO - Sync 1 DAGs
[2022-07-30 22:14:58,919] {logging_mixin.py:104} INFO - [2022-07-30 22:14:58,919] {dag.py:2280} INFO - Setting next_dagrun for example_dag_decorator to None
[2022-07-30 22:14:58,941] {scheduler_job.py:190} INFO - Processing /home/airflow/.local/lib/python3.6/site-packages/airflow/example_dags/example_dag_decorator.py took 0.160 seconds
[2022-07-30 22:15:29,656] {scheduler_job.py:182} INFO - Started process (PID=1066) to work on /home/airflow/.local/lib/python3.6/site-packages/airflow/example_dags/example_dag_decorator.py
[2022-07-30 22:15:29,659] {scheduler_job.py:629} INFO - Processing file /home/airflow/.local/lib/python3.6/site-packages/airflow/example_dags/example_dag_decorator.py for tasks to queue
[2022-07-30 22:15:29,661] {logging_mixin.py:104} INFO - [2022-07-30 22:15:29,661] {dagbag.py:451} INFO - Filling up the DagBag from /home/airflow/.local/lib/python3.6/site-packages/airflow/example_dags/example_dag_decorator.py
[2022-07-30 22:15:29,705] {scheduler_job.py:639} INFO - DAG(s) dict_keys(['example_dag_decorator']) retrieved from /home/airflow/.local/lib/python3.6/site-packages/airflow/example_dags/example_dag_decorator.py
[2022-07-30 22:15:29,792] {logging_mixin.py:104} INFO - [2022-07-30 22:15:29,791] {dag.py:1824} INFO - Sync 1 DAGs
[2022-07-30 22:15:29,833] {logging_mixin.py:104} INFO - [2022-07-30 22:15:29,833] {dag.py:2280} INFO - Setting next_dagrun for example_dag_decorator to None
[2022-07-30 22:15:29,868] {scheduler_job.py:190} INFO - Processing /home/airflow/.local/lib/python3.6/site-packages/airflow/example_dags/example_dag_decorator.py took 0.217 seconds
[2022-07-30 22:16:00,085] {scheduler_job.py:182} INFO - Started process (PID=1091) to work on /home/airflow/.local/lib/python3.6/site-packages/airflow/example_dags/example_dag_decorator.py
[2022-07-30 22:16:00,101] {scheduler_job.py:629} INFO - Processing file /home/airflow/.local/lib/python3.6/site-packages/airflow/example_dags/example_dag_decorator.py for tasks to queue
[2022-07-30 22:16:00,104] {logging_mixin.py:104} INFO - [2022-07-30 22:16:00,104] {dagbag.py:451} INFO - Filling up the DagBag from /home/airflow/.local/lib/python3.6/site-packages/airflow/example_dags/example_dag_decorator.py
[2022-07-30 22:16:00,164] {scheduler_job.py:639} INFO - DAG(s) dict_keys(['example_dag_decorator']) retrieved from /home/airflow/.local/lib/python3.6/site-packages/airflow/example_dags/example_dag_decorator.py
[2022-07-30 22:16:00,286] {logging_mixin.py:104} INFO - [2022-07-30 22:16:00,285] {dag.py:1824} INFO - Sync 1 DAGs
[2022-07-30 22:16:00,322] {logging_mixin.py:104} INFO - [2022-07-30 22:16:00,321] {dag.py:2280} INFO - Setting next_dagrun for example_dag_decorator to None
[2022-07-30 22:16:00,400] {scheduler_job.py:190} INFO - Processing /home/airflow/.local/lib/python3.6/site-packages/airflow/example_dags/example_dag_decorator.py took 0.332 seconds
[2022-07-30 22:16:30,629] {scheduler_job.py:182} INFO - Started process (PID=1118) to work on /home/airflow/.local/lib/python3.6/site-packages/airflow/example_dags/example_dag_decorator.py
[2022-07-30 22:16:30,631] {scheduler_job.py:629} INFO - Processing file /home/airflow/.local/lib/python3.6/site-packages/airflow/example_dags/example_dag_decorator.py for tasks to queue
[2022-07-30 22:16:30,633] {logging_mixin.py:104} INFO - [2022-07-30 22:16:30,633] {dagbag.py:451} INFO - Filling up the DagBag from /home/airflow/.local/lib/python3.6/site-packages/airflow/example_dags/example_dag_decorator.py
[2022-07-30 22:16:30,658] {scheduler_job.py:639} INFO - DAG(s) dict_keys(['example_dag_decorator']) retrieved from /home/airflow/.local/lib/python3.6/site-packages/airflow/example_dags/example_dag_decorator.py
[2022-07-30 22:16:30,693] {logging_mixin.py:104} INFO - [2022-07-30 22:16:30,693] {dag.py:1824} INFO - Sync 1 DAGs
[2022-07-30 22:16:30,718] {logging_mixin.py:104} INFO - [2022-07-30 22:16:30,718] {dag.py:2280} INFO - Setting next_dagrun for example_dag_decorator to None
[2022-07-30 22:16:30,738] {scheduler_job.py:190} INFO - Processing /home/airflow/.local/lib/python3.6/site-packages/airflow/example_dags/example_dag_decorator.py took 0.114 seconds
[2022-07-30 22:17:00,926] {scheduler_job.py:182} INFO - Started process (PID=1143) to work on /home/airflow/.local/lib/python3.6/site-packages/airflow/example_dags/example_dag_decorator.py
[2022-07-30 22:17:00,929] {scheduler_job.py:629} INFO - Processing file /home/airflow/.local/lib/python3.6/site-packages/airflow/example_dags/example_dag_decorator.py for tasks to queue
[2022-07-30 22:17:00,930] {logging_mixin.py:104} INFO - [2022-07-30 22:17:00,930] {dagbag.py:451} INFO - Filling up the DagBag from /home/airflow/.local/lib/python3.6/site-packages/airflow/example_dags/example_dag_decorator.py
[2022-07-30 22:17:00,960] {scheduler_job.py:639} INFO - DAG(s) dict_keys(['example_dag_decorator']) retrieved from /home/airflow/.local/lib/python3.6/site-packages/airflow/example_dags/example_dag_decorator.py
[2022-07-30 22:17:01,005] {logging_mixin.py:104} INFO - [2022-07-30 22:17:01,005] {dag.py:1824} INFO - Sync 1 DAGs
[2022-07-30 22:17:01,035] {logging_mixin.py:104} INFO - [2022-07-30 22:17:01,035] {dag.py:2280} INFO - Setting next_dagrun for example_dag_decorator to None
[2022-07-30 22:17:01,063] {scheduler_job.py:190} INFO - Processing /home/airflow/.local/lib/python3.6/site-packages/airflow/example_dags/example_dag_decorator.py took 0.143 seconds
[2022-07-30 22:17:31,131] {scheduler_job.py:182} INFO - Started process (PID=1169) to work on /home/airflow/.local/lib/python3.6/site-packages/airflow/example_dags/example_dag_decorator.py
[2022-07-30 22:17:31,137] {scheduler_job.py:629} INFO - Processing file /home/airflow/.local/lib/python3.6/site-packages/airflow/example_dags/example_dag_decorator.py for tasks to queue
[2022-07-30 22:17:31,141] {logging_mixin.py:104} INFO - [2022-07-30 22:17:31,139] {dagbag.py:451} INFO - Filling up the DagBag from /home/airflow/.local/lib/python3.6/site-packages/airflow/example_dags/example_dag_decorator.py
[2022-07-30 22:17:31,196] {scheduler_job.py:639} INFO - DAG(s) dict_keys(['example_dag_decorator']) retrieved from /home/airflow/.local/lib/python3.6/site-packages/airflow/example_dags/example_dag_decorator.py
[2022-07-30 22:17:31,282] {logging_mixin.py:104} INFO - [2022-07-30 22:17:31,282] {dag.py:1824} INFO - Sync 1 DAGs
[2022-07-30 22:17:31,337] {logging_mixin.py:104} INFO - [2022-07-30 22:17:31,337] {dag.py:2280} INFO - Setting next_dagrun for example_dag_decorator to None
[2022-07-30 22:17:31,389] {scheduler_job.py:190} INFO - Processing /home/airflow/.local/lib/python3.6/site-packages/airflow/example_dags/example_dag_decorator.py took 0.264 seconds
[2022-07-30 22:18:01,627] {scheduler_job.py:182} INFO - Started process (PID=1195) to work on /home/airflow/.local/lib/python3.6/site-packages/airflow/example_dags/example_dag_decorator.py
[2022-07-30 22:18:01,629] {scheduler_job.py:629} INFO - Processing file /home/airflow/.local/lib/python3.6/site-packages/airflow/example_dags/example_dag_decorator.py for tasks to queue
[2022-07-30 22:18:01,631] {logging_mixin.py:104} INFO - [2022-07-30 22:18:01,630] {dagbag.py:451} INFO - Filling up the DagBag from /home/airflow/.local/lib/python3.6/site-packages/airflow/example_dags/example_dag_decorator.py
[2022-07-30 22:18:01,665] {scheduler_job.py:639} INFO - DAG(s) dict_keys(['example_dag_decorator']) retrieved from /home/airflow/.local/lib/python3.6/site-packages/airflow/example_dags/example_dag_decorator.py
[2022-07-30 22:18:01,743] {logging_mixin.py:104} INFO - [2022-07-30 22:18:01,742] {dag.py:1824} INFO - Sync 1 DAGs
[2022-07-30 22:18:01,785] {logging_mixin.py:104} INFO - [2022-07-30 22:18:01,785] {dag.py:2280} INFO - Setting next_dagrun for example_dag_decorator to None
[2022-07-30 22:18:01,834] {scheduler_job.py:190} INFO - Processing /home/airflow/.local/lib/python3.6/site-packages/airflow/example_dags/example_dag_decorator.py took 0.214 seconds
[2022-07-30 22:18:32,673] {scheduler_job.py:182} INFO - Started process (PID=1222) to work on /home/airflow/.local/lib/python3.6/site-packages/airflow/example_dags/example_dag_decorator.py
[2022-07-30 22:18:32,680] {scheduler_job.py:629} INFO - Processing file /home/airflow/.local/lib/python3.6/site-packages/airflow/example_dags/example_dag_decorator.py for tasks to queue
[2022-07-30 22:18:32,683] {logging_mixin.py:104} INFO - [2022-07-30 22:18:32,683] {dagbag.py:451} INFO - Filling up the DagBag from /home/airflow/.local/lib/python3.6/site-packages/airflow/example_dags/example_dag_decorator.py
[2022-07-30 22:18:32,735] {scheduler_job.py:639} INFO - DAG(s) dict_keys(['example_dag_decorator']) retrieved from /home/airflow/.local/lib/python3.6/site-packages/airflow/example_dags/example_dag_decorator.py
[2022-07-30 22:18:32,788] {logging_mixin.py:104} INFO - [2022-07-30 22:18:32,788] {dag.py:1824} INFO - Sync 1 DAGs
[2022-07-30 22:18:32,825] {logging_mixin.py:104} INFO - [2022-07-30 22:18:32,825] {dag.py:2280} INFO - Setting next_dagrun for example_dag_decorator to None
[2022-07-30 22:18:32,854] {scheduler_job.py:190} INFO - Processing /home/airflow/.local/lib/python3.6/site-packages/airflow/example_dags/example_dag_decorator.py took 0.192 seconds
[2022-07-30 22:19:03,317] {scheduler_job.py:182} INFO - Started process (PID=1247) to work on /home/airflow/.local/lib/python3.6/site-packages/airflow/example_dags/example_dag_decorator.py
[2022-07-30 22:19:03,319] {scheduler_job.py:629} INFO - Processing file /home/airflow/.local/lib/python3.6/site-packages/airflow/example_dags/example_dag_decorator.py for tasks to queue
[2022-07-30 22:19:03,321] {logging_mixin.py:104} INFO - [2022-07-30 22:19:03,320] {dagbag.py:451} INFO - Filling up the DagBag from /home/airflow/.local/lib/python3.6/site-packages/airflow/example_dags/example_dag_decorator.py
[2022-07-30 22:19:03,349] {scheduler_job.py:639} INFO - DAG(s) dict_keys(['example_dag_decorator']) retrieved from /home/airflow/.local/lib/python3.6/site-packages/airflow/example_dags/example_dag_decorator.py
[2022-07-30 22:19:03,399] {logging_mixin.py:104} INFO - [2022-07-30 22:19:03,398] {dag.py:1824} INFO - Sync 1 DAGs
[2022-07-30 22:19:03,434] {logging_mixin.py:104} INFO - [2022-07-30 22:19:03,434] {dag.py:2280} INFO - Setting next_dagrun for example_dag_decorator to None
[2022-07-30 22:19:03,460] {scheduler_job.py:190} INFO - Processing /home/airflow/.local/lib/python3.6/site-packages/airflow/example_dags/example_dag_decorator.py took 0.149 seconds
[2022-07-30 22:19:33,679] {scheduler_job.py:182} INFO - Started process (PID=1274) to work on /home/airflow/.local/lib/python3.6/site-packages/airflow/example_dags/example_dag_decorator.py
[2022-07-30 22:19:33,682] {scheduler_job.py:629} INFO - Processing file /home/airflow/.local/lib/python3.6/site-packages/airflow/example_dags/example_dag_decorator.py for tasks to queue
[2022-07-30 22:19:33,684] {logging_mixin.py:104} INFO - [2022-07-30 22:19:33,684] {dagbag.py:451} INFO - Filling up the DagBag from /home/airflow/.local/lib/python3.6/site-packages/airflow/example_dags/example_dag_decorator.py
[2022-07-30 22:19:33,718] {scheduler_job.py:639} INFO - DAG(s) dict_keys(['example_dag_decorator']) retrieved from /home/airflow/.local/lib/python3.6/site-packages/airflow/example_dags/example_dag_decorator.py
[2022-07-30 22:19:33,774] {logging_mixin.py:104} INFO - [2022-07-30 22:19:33,774] {dag.py:1824} INFO - Sync 1 DAGs
[2022-07-30 22:19:33,808] {logging_mixin.py:104} INFO - [2022-07-30 22:19:33,807] {dag.py:2280} INFO - Setting next_dagrun for example_dag_decorator to None
[2022-07-30 22:19:33,833] {scheduler_job.py:190} INFO - Processing /home/airflow/.local/lib/python3.6/site-packages/airflow/example_dags/example_dag_decorator.py took 0.163 seconds
[2022-07-30 22:20:04,382] {scheduler_job.py:182} INFO - Started process (PID=1300) to work on /home/airflow/.local/lib/python3.6/site-packages/airflow/example_dags/example_dag_decorator.py
[2022-07-30 22:20:04,385] {scheduler_job.py:629} INFO - Processing file /home/airflow/.local/lib/python3.6/site-packages/airflow/example_dags/example_dag_decorator.py for tasks to queue
[2022-07-30 22:20:04,387] {logging_mixin.py:104} INFO - [2022-07-30 22:20:04,386] {dagbag.py:451} INFO - Filling up the DagBag from /home/airflow/.local/lib/python3.6/site-packages/airflow/example_dags/example_dag_decorator.py
[2022-07-30 22:20:04,424] {scheduler_job.py:639} INFO - DAG(s) dict_keys(['example_dag_decorator']) retrieved from /home/airflow/.local/lib/python3.6/site-packages/airflow/example_dags/example_dag_decorator.py
[2022-07-30 22:20:04,478] {logging_mixin.py:104} INFO - [2022-07-30 22:20:04,478] {dag.py:1824} INFO - Sync 1 DAGs
[2022-07-30 22:20:04,512] {logging_mixin.py:104} INFO - [2022-07-30 22:20:04,512] {dag.py:2280} INFO - Setting next_dagrun for example_dag_decorator to None
[2022-07-30 22:20:04,570] {scheduler_job.py:190} INFO - Processing /home/airflow/.local/lib/python3.6/site-packages/airflow/example_dags/example_dag_decorator.py took 0.194 seconds
[2022-07-30 22:20:35,462] {scheduler_job.py:182} INFO - Started process (PID=1326) to work on /home/airflow/.local/lib/python3.6/site-packages/airflow/example_dags/example_dag_decorator.py
[2022-07-30 22:20:35,479] {scheduler_job.py:629} INFO - Processing file /home/airflow/.local/lib/python3.6/site-packages/airflow/example_dags/example_dag_decorator.py for tasks to queue
[2022-07-30 22:20:35,490] {logging_mixin.py:104} INFO - [2022-07-30 22:20:35,490] {dagbag.py:451} INFO - Filling up the DagBag from /home/airflow/.local/lib/python3.6/site-packages/airflow/example_dags/example_dag_decorator.py
[2022-07-30 22:20:35,590] {scheduler_job.py:639} INFO - DAG(s) dict_keys(['example_dag_decorator']) retrieved from /home/airflow/.local/lib/python3.6/site-packages/airflow/example_dags/example_dag_decorator.py
[2022-07-30 22:20:35,690] {logging_mixin.py:104} INFO - [2022-07-30 22:20:35,690] {dag.py:1824} INFO - Sync 1 DAGs
[2022-07-30 22:20:35,762] {logging_mixin.py:104} INFO - [2022-07-30 22:20:35,761] {dag.py:2280} INFO - Setting next_dagrun for example_dag_decorator to None
[2022-07-30 22:20:35,850] {scheduler_job.py:190} INFO - Processing /home/airflow/.local/lib/python3.6/site-packages/airflow/example_dags/example_dag_decorator.py took 0.395 seconds
[2022-07-30 22:21:05,961] {scheduler_job.py:182} INFO - Started process (PID=1351) to work on /home/airflow/.local/lib/python3.6/site-packages/airflow/example_dags/example_dag_decorator.py
[2022-07-30 22:21:05,964] {scheduler_job.py:629} INFO - Processing file /home/airflow/.local/lib/python3.6/site-packages/airflow/example_dags/example_dag_decorator.py for tasks to queue
[2022-07-30 22:21:05,966] {logging_mixin.py:104} INFO - [2022-07-30 22:21:05,966] {dagbag.py:451} INFO - Filling up the DagBag from /home/airflow/.local/lib/python3.6/site-packages/airflow/example_dags/example_dag_decorator.py
[2022-07-30 22:21:06,012] {scheduler_job.py:639} INFO - DAG(s) dict_keys(['example_dag_decorator']) retrieved from /home/airflow/.local/lib/python3.6/site-packages/airflow/example_dags/example_dag_decorator.py
[2022-07-30 22:21:06,057] {logging_mixin.py:104} INFO - [2022-07-30 22:21:06,056] {dag.py:1824} INFO - Sync 1 DAGs
[2022-07-30 22:21:06,089] {logging_mixin.py:104} INFO - [2022-07-30 22:21:06,089] {dag.py:2280} INFO - Setting next_dagrun for example_dag_decorator to None
[2022-07-30 22:21:06,124] {scheduler_job.py:190} INFO - Processing /home/airflow/.local/lib/python3.6/site-packages/airflow/example_dags/example_dag_decorator.py took 0.168 seconds
[2022-07-30 22:21:37,155] {scheduler_job.py:182} INFO - Started process (PID=1377) to work on /home/airflow/.local/lib/python3.6/site-packages/airflow/example_dags/example_dag_decorator.py
[2022-07-30 22:21:37,158] {scheduler_job.py:629} INFO - Processing file /home/airflow/.local/lib/python3.6/site-packages/airflow/example_dags/example_dag_decorator.py for tasks to queue
[2022-07-30 22:21:37,159] {logging_mixin.py:104} INFO - [2022-07-30 22:21:37,159] {dagbag.py:451} INFO - Filling up the DagBag from /home/airflow/.local/lib/python3.6/site-packages/airflow/example_dags/example_dag_decorator.py
[2022-07-30 22:21:37,190] {scheduler_job.py:639} INFO - DAG(s) dict_keys(['example_dag_decorator']) retrieved from /home/airflow/.local/lib/python3.6/site-packages/airflow/example_dags/example_dag_decorator.py
[2022-07-30 22:21:37,246] {logging_mixin.py:104} INFO - [2022-07-30 22:21:37,246] {dag.py:1824} INFO - Sync 1 DAGs
[2022-07-30 22:21:37,269] {logging_mixin.py:104} INFO - [2022-07-30 22:21:37,269] {dag.py:2280} INFO - Setting next_dagrun for example_dag_decorator to None
[2022-07-30 22:21:37,298] {scheduler_job.py:190} INFO - Processing /home/airflow/.local/lib/python3.6/site-packages/airflow/example_dags/example_dag_decorator.py took 0.148 seconds
[2022-07-30 22:22:07,483] {scheduler_job.py:182} INFO - Started process (PID=1403) to work on /home/airflow/.local/lib/python3.6/site-packages/airflow/example_dags/example_dag_decorator.py
[2022-07-30 22:22:07,485] {scheduler_job.py:629} INFO - Processing file /home/airflow/.local/lib/python3.6/site-packages/airflow/example_dags/example_dag_decorator.py for tasks to queue
[2022-07-30 22:22:07,487] {logging_mixin.py:104} INFO - [2022-07-30 22:22:07,487] {dagbag.py:451} INFO - Filling up the DagBag from /home/airflow/.local/lib/python3.6/site-packages/airflow/example_dags/example_dag_decorator.py
[2022-07-30 22:22:07,512] {scheduler_job.py:639} INFO - DAG(s) dict_keys(['example_dag_decorator']) retrieved from /home/airflow/.local/lib/python3.6/site-packages/airflow/example_dags/example_dag_decorator.py
[2022-07-30 22:22:07,549] {logging_mixin.py:104} INFO - [2022-07-30 22:22:07,549] {dag.py:1824} INFO - Sync 1 DAGs
[2022-07-30 22:22:07,573] {logging_mixin.py:104} INFO - [2022-07-30 22:22:07,573] {dag.py:2280} INFO - Setting next_dagrun for example_dag_decorator to None
[2022-07-30 22:22:07,596] {scheduler_job.py:190} INFO - Processing /home/airflow/.local/lib/python3.6/site-packages/airflow/example_dags/example_dag_decorator.py took 0.119 seconds
[2022-07-30 22:22:38,038] {scheduler_job.py:182} INFO - Started process (PID=1429) to work on /home/airflow/.local/lib/python3.6/site-packages/airflow/example_dags/example_dag_decorator.py
[2022-07-30 22:22:38,051] {scheduler_job.py:629} INFO - Processing file /home/airflow/.local/lib/python3.6/site-packages/airflow/example_dags/example_dag_decorator.py for tasks to queue
[2022-07-30 22:22:38,054] {logging_mixin.py:104} INFO - [2022-07-30 22:22:38,053] {dagbag.py:451} INFO - Filling up the DagBag from /home/airflow/.local/lib/python3.6/site-packages/airflow/example_dags/example_dag_decorator.py
[2022-07-30 22:22:38,095] {scheduler_job.py:639} INFO - DAG(s) dict_keys(['example_dag_decorator']) retrieved from /home/airflow/.local/lib/python3.6/site-packages/airflow/example_dags/example_dag_decorator.py
[2022-07-30 22:22:38,148] {logging_mixin.py:104} INFO - [2022-07-30 22:22:38,148] {dag.py:1824} INFO - Sync 1 DAGs
[2022-07-30 22:22:38,188] {logging_mixin.py:104} INFO - [2022-07-30 22:22:38,188] {dag.py:2280} INFO - Setting next_dagrun for example_dag_decorator to None
[2022-07-30 22:22:38,213] {scheduler_job.py:190} INFO - Processing /home/airflow/.local/lib/python3.6/site-packages/airflow/example_dags/example_dag_decorator.py took 0.194 seconds
[2022-07-30 22:23:08,455] {scheduler_job.py:182} INFO - Started process (PID=1455) to work on /home/airflow/.local/lib/python3.6/site-packages/airflow/example_dags/example_dag_decorator.py
[2022-07-30 22:23:08,461] {scheduler_job.py:629} INFO - Processing file /home/airflow/.local/lib/python3.6/site-packages/airflow/example_dags/example_dag_decorator.py for tasks to queue
[2022-07-30 22:23:08,466] {logging_mixin.py:104} INFO - [2022-07-30 22:23:08,465] {dagbag.py:451} INFO - Filling up the DagBag from /home/airflow/.local/lib/python3.6/site-packages/airflow/example_dags/example_dag_decorator.py
[2022-07-30 22:23:08,507] {scheduler_job.py:639} INFO - DAG(s) dict_keys(['example_dag_decorator']) retrieved from /home/airflow/.local/lib/python3.6/site-packages/airflow/example_dags/example_dag_decorator.py
[2022-07-30 22:23:08,545] {logging_mixin.py:104} INFO - [2022-07-30 22:23:08,545] {dag.py:1824} INFO - Sync 1 DAGs
[2022-07-30 22:23:08,570] {logging_mixin.py:104} INFO - [2022-07-30 22:23:08,570] {dag.py:2280} INFO - Setting next_dagrun for example_dag_decorator to None
[2022-07-30 22:23:08,593] {scheduler_job.py:190} INFO - Processing /home/airflow/.local/lib/python3.6/site-packages/airflow/example_dags/example_dag_decorator.py took 0.152 seconds
[2022-07-30 22:23:39,214] {scheduler_job.py:182} INFO - Started process (PID=1481) to work on /home/airflow/.local/lib/python3.6/site-packages/airflow/example_dags/example_dag_decorator.py
[2022-07-30 22:23:39,217] {scheduler_job.py:629} INFO - Processing file /home/airflow/.local/lib/python3.6/site-packages/airflow/example_dags/example_dag_decorator.py for tasks to queue
[2022-07-30 22:23:39,219] {logging_mixin.py:104} INFO - [2022-07-30 22:23:39,219] {dagbag.py:451} INFO - Filling up the DagBag from /home/airflow/.local/lib/python3.6/site-packages/airflow/example_dags/example_dag_decorator.py
[2022-07-30 22:23:39,250] {scheduler_job.py:639} INFO - DAG(s) dict_keys(['example_dag_decorator']) retrieved from /home/airflow/.local/lib/python3.6/site-packages/airflow/example_dags/example_dag_decorator.py
[2022-07-30 22:23:39,328] {logging_mixin.py:104} INFO - [2022-07-30 22:23:39,327] {dag.py:1824} INFO - Sync 1 DAGs
[2022-07-30 22:23:39,355] {logging_mixin.py:104} INFO - [2022-07-30 22:23:39,355] {dag.py:2280} INFO - Setting next_dagrun for example_dag_decorator to None
[2022-07-30 22:23:39,376] {scheduler_job.py:190} INFO - Processing /home/airflow/.local/lib/python3.6/site-packages/airflow/example_dags/example_dag_decorator.py took 0.167 seconds
[2022-07-30 22:24:10,006] {scheduler_job.py:182} INFO - Started process (PID=1507) to work on /home/airflow/.local/lib/python3.6/site-packages/airflow/example_dags/example_dag_decorator.py
[2022-07-30 22:24:10,014] {scheduler_job.py:629} INFO - Processing file /home/airflow/.local/lib/python3.6/site-packages/airflow/example_dags/example_dag_decorator.py for tasks to queue
[2022-07-30 22:24:10,018] {logging_mixin.py:104} INFO - [2022-07-30 22:24:10,017] {dagbag.py:451} INFO - Filling up the DagBag from /home/airflow/.local/lib/python3.6/site-packages/airflow/example_dags/example_dag_decorator.py
[2022-07-30 22:24:10,049] {scheduler_job.py:639} INFO - DAG(s) dict_keys(['example_dag_decorator']) retrieved from /home/airflow/.local/lib/python3.6/site-packages/airflow/example_dags/example_dag_decorator.py
[2022-07-30 22:24:10,147] {logging_mixin.py:104} INFO - [2022-07-30 22:24:10,147] {dag.py:1824} INFO - Sync 1 DAGs
[2022-07-30 22:24:10,238] {logging_mixin.py:104} INFO - [2022-07-30 22:24:10,237] {dag.py:2280} INFO - Setting next_dagrun for example_dag_decorator to None
[2022-07-30 22:24:10,330] {scheduler_job.py:190} INFO - Processing /home/airflow/.local/lib/python3.6/site-packages/airflow/example_dags/example_dag_decorator.py took 0.335 seconds
[2022-07-30 22:24:41,278] {scheduler_job.py:182} INFO - Started process (PID=1533) to work on /home/airflow/.local/lib/python3.6/site-packages/airflow/example_dags/example_dag_decorator.py
[2022-07-30 22:24:41,283] {scheduler_job.py:629} INFO - Processing file /home/airflow/.local/lib/python3.6/site-packages/airflow/example_dags/example_dag_decorator.py for tasks to queue
[2022-07-30 22:24:41,286] {logging_mixin.py:104} INFO - [2022-07-30 22:24:41,286] {dagbag.py:451} INFO - Filling up the DagBag from /home/airflow/.local/lib/python3.6/site-packages/airflow/example_dags/example_dag_decorator.py
[2022-07-30 22:24:41,356] {scheduler_job.py:639} INFO - DAG(s) dict_keys(['example_dag_decorator']) retrieved from /home/airflow/.local/lib/python3.6/site-packages/airflow/example_dags/example_dag_decorator.py
[2022-07-30 22:24:41,436] {logging_mixin.py:104} INFO - [2022-07-30 22:24:41,435] {dag.py:1824} INFO - Sync 1 DAGs
[2022-07-30 22:24:41,547] {logging_mixin.py:104} INFO - [2022-07-30 22:24:41,547] {dag.py:2280} INFO - Setting next_dagrun for example_dag_decorator to None
[2022-07-30 22:24:41,654] {scheduler_job.py:190} INFO - Processing /home/airflow/.local/lib/python3.6/site-packages/airflow/example_dags/example_dag_decorator.py took 0.394 seconds
[2022-07-30 22:25:12,144] {scheduler_job.py:182} INFO - Started process (PID=1560) to work on /home/airflow/.local/lib/python3.6/site-packages/airflow/example_dags/example_dag_decorator.py
[2022-07-30 22:25:12,147] {scheduler_job.py:629} INFO - Processing file /home/airflow/.local/lib/python3.6/site-packages/airflow/example_dags/example_dag_decorator.py for tasks to queue
[2022-07-30 22:25:12,148] {logging_mixin.py:104} INFO - [2022-07-30 22:25:12,148] {dagbag.py:451} INFO - Filling up the DagBag from /home/airflow/.local/lib/python3.6/site-packages/airflow/example_dags/example_dag_decorator.py
[2022-07-30 22:25:12,182] {scheduler_job.py:639} INFO - DAG(s) dict_keys(['example_dag_decorator']) retrieved from /home/airflow/.local/lib/python3.6/site-packages/airflow/example_dags/example_dag_decorator.py
[2022-07-30 22:25:12,239] {logging_mixin.py:104} INFO - [2022-07-30 22:25:12,238] {dag.py:1824} INFO - Sync 1 DAGs
[2022-07-30 22:25:12,277] {logging_mixin.py:104} INFO - [2022-07-30 22:25:12,277] {dag.py:2280} INFO - Setting next_dagrun for example_dag_decorator to None
[2022-07-30 22:25:12,312] {scheduler_job.py:190} INFO - Processing /home/airflow/.local/lib/python3.6/site-packages/airflow/example_dags/example_dag_decorator.py took 0.179 seconds
[2022-07-30 22:25:42,495] {scheduler_job.py:182} INFO - Started process (PID=1586) to work on /home/airflow/.local/lib/python3.6/site-packages/airflow/example_dags/example_dag_decorator.py
[2022-07-30 22:25:42,501] {scheduler_job.py:629} INFO - Processing file /home/airflow/.local/lib/python3.6/site-packages/airflow/example_dags/example_dag_decorator.py for tasks to queue
[2022-07-30 22:25:42,506] {logging_mixin.py:104} INFO - [2022-07-30 22:25:42,505] {dagbag.py:451} INFO - Filling up the DagBag from /home/airflow/.local/lib/python3.6/site-packages/airflow/example_dags/example_dag_decorator.py
[2022-07-30 22:25:42,552] {scheduler_job.py:639} INFO - DAG(s) dict_keys(['example_dag_decorator']) retrieved from /home/airflow/.local/lib/python3.6/site-packages/airflow/example_dags/example_dag_decorator.py
[2022-07-30 22:25:42,590] {logging_mixin.py:104} INFO - [2022-07-30 22:25:42,590] {dag.py:1824} INFO - Sync 1 DAGs
[2022-07-30 22:25:42,615] {logging_mixin.py:104} INFO - [2022-07-30 22:25:42,615] {dag.py:2280} INFO - Setting next_dagrun for example_dag_decorator to None
[2022-07-30 22:25:42,636] {scheduler_job.py:190} INFO - Processing /home/airflow/.local/lib/python3.6/site-packages/airflow/example_dags/example_dag_decorator.py took 0.160 seconds
[2022-07-30 22:26:13,309] {scheduler_job.py:182} INFO - Started process (PID=1612) to work on /home/airflow/.local/lib/python3.6/site-packages/airflow/example_dags/example_dag_decorator.py
[2022-07-30 22:26:13,313] {scheduler_job.py:629} INFO - Processing file /home/airflow/.local/lib/python3.6/site-packages/airflow/example_dags/example_dag_decorator.py for tasks to queue
[2022-07-30 22:26:13,317] {logging_mixin.py:104} INFO - [2022-07-30 22:26:13,317] {dagbag.py:451} INFO - Filling up the DagBag from /home/airflow/.local/lib/python3.6/site-packages/airflow/example_dags/example_dag_decorator.py
[2022-07-30 22:26:13,370] {scheduler_job.py:639} INFO - DAG(s) dict_keys(['example_dag_decorator']) retrieved from /home/airflow/.local/lib/python3.6/site-packages/airflow/example_dags/example_dag_decorator.py
[2022-07-30 22:26:13,451] {logging_mixin.py:104} INFO - [2022-07-30 22:26:13,451] {dag.py:1824} INFO - Sync 1 DAGs
[2022-07-30 22:26:13,495] {logging_mixin.py:104} INFO - [2022-07-30 22:26:13,494] {dag.py:2280} INFO - Setting next_dagrun for example_dag_decorator to None
[2022-07-30 22:26:13,532] {scheduler_job.py:190} INFO - Processing /home/airflow/.local/lib/python3.6/site-packages/airflow/example_dags/example_dag_decorator.py took 0.234 seconds
[2022-07-30 22:26:44,031] {scheduler_job.py:182} INFO - Started process (PID=1638) to work on /home/airflow/.local/lib/python3.6/site-packages/airflow/example_dags/example_dag_decorator.py
[2022-07-30 22:26:44,034] {scheduler_job.py:629} INFO - Processing file /home/airflow/.local/lib/python3.6/site-packages/airflow/example_dags/example_dag_decorator.py for tasks to queue
[2022-07-30 22:26:44,035] {logging_mixin.py:104} INFO - [2022-07-30 22:26:44,035] {dagbag.py:451} INFO - Filling up the DagBag from /home/airflow/.local/lib/python3.6/site-packages/airflow/example_dags/example_dag_decorator.py
[2022-07-30 22:26:44,064] {scheduler_job.py:639} INFO - DAG(s) dict_keys(['example_dag_decorator']) retrieved from /home/airflow/.local/lib/python3.6/site-packages/airflow/example_dags/example_dag_decorator.py
[2022-07-30 22:26:44,111] {logging_mixin.py:104} INFO - [2022-07-30 22:26:44,111] {dag.py:1824} INFO - Sync 1 DAGs
[2022-07-30 22:26:44,145] {logging_mixin.py:104} INFO - [2022-07-30 22:26:44,144] {dag.py:2280} INFO - Setting next_dagrun for example_dag_decorator to None
[2022-07-30 22:26:44,232] {scheduler_job.py:190} INFO - Processing /home/airflow/.local/lib/python3.6/site-packages/airflow/example_dags/example_dag_decorator.py took 0.207 seconds
[2022-07-30 22:27:14,399] {scheduler_job.py:182} INFO - Started process (PID=1663) to work on /home/airflow/.local/lib/python3.6/site-packages/airflow/example_dags/example_dag_decorator.py
[2022-07-30 22:27:14,409] {scheduler_job.py:629} INFO - Processing file /home/airflow/.local/lib/python3.6/site-packages/airflow/example_dags/example_dag_decorator.py for tasks to queue
[2022-07-30 22:27:14,412] {logging_mixin.py:104} INFO - [2022-07-30 22:27:14,412] {dagbag.py:451} INFO - Filling up the DagBag from /home/airflow/.local/lib/python3.6/site-packages/airflow/example_dags/example_dag_decorator.py
[2022-07-30 22:27:14,501] {scheduler_job.py:639} INFO - DAG(s) dict_keys(['example_dag_decorator']) retrieved from /home/airflow/.local/lib/python3.6/site-packages/airflow/example_dags/example_dag_decorator.py
[2022-07-30 22:27:14,678] {logging_mixin.py:104} INFO - [2022-07-30 22:27:14,677] {dag.py:1824} INFO - Sync 1 DAGs
[2022-07-30 22:27:14,760] {logging_mixin.py:104} INFO - [2022-07-30 22:27:14,760] {dag.py:2280} INFO - Setting next_dagrun for example_dag_decorator to None
[2022-07-30 22:27:14,841] {scheduler_job.py:190} INFO - Processing /home/airflow/.local/lib/python3.6/site-packages/airflow/example_dags/example_dag_decorator.py took 0.448 seconds
[2022-07-30 22:27:45,246] {scheduler_job.py:182} INFO - Started process (PID=1689) to work on /home/airflow/.local/lib/python3.6/site-packages/airflow/example_dags/example_dag_decorator.py
[2022-07-30 22:27:45,251] {scheduler_job.py:629} INFO - Processing file /home/airflow/.local/lib/python3.6/site-packages/airflow/example_dags/example_dag_decorator.py for tasks to queue
[2022-07-30 22:27:45,262] {logging_mixin.py:104} INFO - [2022-07-30 22:27:45,262] {dagbag.py:451} INFO - Filling up the DagBag from /home/airflow/.local/lib/python3.6/site-packages/airflow/example_dags/example_dag_decorator.py
[2022-07-30 22:27:45,380] {scheduler_job.py:639} INFO - DAG(s) dict_keys(['example_dag_decorator']) retrieved from /home/airflow/.local/lib/python3.6/site-packages/airflow/example_dags/example_dag_decorator.py
[2022-07-30 22:27:45,509] {logging_mixin.py:104} INFO - [2022-07-30 22:27:45,509] {dag.py:1824} INFO - Sync 1 DAGs
[2022-07-30 22:27:45,602] {logging_mixin.py:104} INFO - [2022-07-30 22:27:45,602] {dag.py:2280} INFO - Setting next_dagrun for example_dag_decorator to None
[2022-07-30 22:27:45,689] {scheduler_job.py:190} INFO - Processing /home/airflow/.local/lib/python3.6/site-packages/airflow/example_dags/example_dag_decorator.py took 0.460 seconds
[2022-07-30 22:28:16,401] {scheduler_job.py:182} INFO - Started process (PID=1715) to work on /home/airflow/.local/lib/python3.6/site-packages/airflow/example_dags/example_dag_decorator.py
[2022-07-30 22:28:16,403] {scheduler_job.py:629} INFO - Processing file /home/airflow/.local/lib/python3.6/site-packages/airflow/example_dags/example_dag_decorator.py for tasks to queue
[2022-07-30 22:28:16,404] {logging_mixin.py:104} INFO - [2022-07-30 22:28:16,404] {dagbag.py:451} INFO - Filling up the DagBag from /home/airflow/.local/lib/python3.6/site-packages/airflow/example_dags/example_dag_decorator.py
[2022-07-30 22:28:16,424] {scheduler_job.py:639} INFO - DAG(s) dict_keys(['example_dag_decorator']) retrieved from /home/airflow/.local/lib/python3.6/site-packages/airflow/example_dags/example_dag_decorator.py
[2022-07-30 22:28:16,456] {logging_mixin.py:104} INFO - [2022-07-30 22:28:16,455] {dag.py:1824} INFO - Sync 1 DAGs
[2022-07-30 22:28:16,477] {logging_mixin.py:104} INFO - [2022-07-30 22:28:16,477] {dag.py:2280} INFO - Setting next_dagrun for example_dag_decorator to None
[2022-07-30 22:28:16,498] {scheduler_job.py:190} INFO - Processing /home/airflow/.local/lib/python3.6/site-packages/airflow/example_dags/example_dag_decorator.py took 0.101 seconds
[2022-07-30 22:28:46,719] {scheduler_job.py:182} INFO - Started process (PID=1741) to work on /home/airflow/.local/lib/python3.6/site-packages/airflow/example_dags/example_dag_decorator.py
[2022-07-30 22:28:46,721] {scheduler_job.py:629} INFO - Processing file /home/airflow/.local/lib/python3.6/site-packages/airflow/example_dags/example_dag_decorator.py for tasks to queue
[2022-07-30 22:28:46,723] {logging_mixin.py:104} INFO - [2022-07-30 22:28:46,723] {dagbag.py:451} INFO - Filling up the DagBag from /home/airflow/.local/lib/python3.6/site-packages/airflow/example_dags/example_dag_decorator.py
[2022-07-30 22:28:46,753] {scheduler_job.py:639} INFO - DAG(s) dict_keys(['example_dag_decorator']) retrieved from /home/airflow/.local/lib/python3.6/site-packages/airflow/example_dags/example_dag_decorator.py
[2022-07-30 22:28:46,790] {logging_mixin.py:104} INFO - [2022-07-30 22:28:46,790] {dag.py:1824} INFO - Sync 1 DAGs
[2022-07-30 22:28:46,812] {logging_mixin.py:104} INFO - [2022-07-30 22:28:46,812] {dag.py:2280} INFO - Setting next_dagrun for example_dag_decorator to None
[2022-07-30 22:28:46,840] {scheduler_job.py:190} INFO - Processing /home/airflow/.local/lib/python3.6/site-packages/airflow/example_dags/example_dag_decorator.py took 0.126 seconds
[2022-07-30 22:29:17,418] {scheduler_job.py:182} INFO - Started process (PID=1767) to work on /home/airflow/.local/lib/python3.6/site-packages/airflow/example_dags/example_dag_decorator.py
[2022-07-30 22:29:17,420] {scheduler_job.py:629} INFO - Processing file /home/airflow/.local/lib/python3.6/site-packages/airflow/example_dags/example_dag_decorator.py for tasks to queue
[2022-07-30 22:29:17,431] {logging_mixin.py:104} INFO - [2022-07-30 22:29:17,431] {dagbag.py:451} INFO - Filling up the DagBag from /home/airflow/.local/lib/python3.6/site-packages/airflow/example_dags/example_dag_decorator.py
[2022-07-30 22:29:17,468] {scheduler_job.py:639} INFO - DAG(s) dict_keys(['example_dag_decorator']) retrieved from /home/airflow/.local/lib/python3.6/site-packages/airflow/example_dags/example_dag_decorator.py
[2022-07-30 22:29:17,515] {logging_mixin.py:104} INFO - [2022-07-30 22:29:17,514] {dag.py:1824} INFO - Sync 1 DAGs
[2022-07-30 22:29:17,543] {logging_mixin.py:104} INFO - [2022-07-30 22:29:17,541] {dag.py:2280} INFO - Setting next_dagrun for example_dag_decorator to None
[2022-07-30 22:29:17,566] {scheduler_job.py:190} INFO - Processing /home/airflow/.local/lib/python3.6/site-packages/airflow/example_dags/example_dag_decorator.py took 0.154 seconds
[2022-07-30 22:29:48,164] {scheduler_job.py:182} INFO - Started process (PID=1793) to work on /home/airflow/.local/lib/python3.6/site-packages/airflow/example_dags/example_dag_decorator.py
[2022-07-30 22:29:48,167] {scheduler_job.py:629} INFO - Processing file /home/airflow/.local/lib/python3.6/site-packages/airflow/example_dags/example_dag_decorator.py for tasks to queue
[2022-07-30 22:29:48,168] {logging_mixin.py:104} INFO - [2022-07-30 22:29:48,168] {dagbag.py:451} INFO - Filling up the DagBag from /home/airflow/.local/lib/python3.6/site-packages/airflow/example_dags/example_dag_decorator.py
[2022-07-30 22:29:48,190] {scheduler_job.py:639} INFO - DAG(s) dict_keys(['example_dag_decorator']) retrieved from /home/airflow/.local/lib/python3.6/site-packages/airflow/example_dags/example_dag_decorator.py
[2022-07-30 22:29:48,229] {logging_mixin.py:104} INFO - [2022-07-30 22:29:48,229] {dag.py:1824} INFO - Sync 1 DAGs
[2022-07-30 22:29:48,266] {logging_mixin.py:104} INFO - [2022-07-30 22:29:48,266] {dag.py:2280} INFO - Setting next_dagrun for example_dag_decorator to None
[2022-07-30 22:29:48,287] {scheduler_job.py:190} INFO - Processing /home/airflow/.local/lib/python3.6/site-packages/airflow/example_dags/example_dag_decorator.py took 0.127 seconds
[2022-07-30 22:30:18,909] {scheduler_job.py:182} INFO - Started process (PID=1819) to work on /home/airflow/.local/lib/python3.6/site-packages/airflow/example_dags/example_dag_decorator.py
[2022-07-30 22:30:18,913] {scheduler_job.py:629} INFO - Processing file /home/airflow/.local/lib/python3.6/site-packages/airflow/example_dags/example_dag_decorator.py for tasks to queue
[2022-07-30 22:30:18,915] {logging_mixin.py:104} INFO - [2022-07-30 22:30:18,915] {dagbag.py:451} INFO - Filling up the DagBag from /home/airflow/.local/lib/python3.6/site-packages/airflow/example_dags/example_dag_decorator.py
[2022-07-30 22:30:18,954] {scheduler_job.py:639} INFO - DAG(s) dict_keys(['example_dag_decorator']) retrieved from /home/airflow/.local/lib/python3.6/site-packages/airflow/example_dags/example_dag_decorator.py
[2022-07-30 22:30:19,001] {logging_mixin.py:104} INFO - [2022-07-30 22:30:19,001] {dag.py:1824} INFO - Sync 1 DAGs
[2022-07-30 22:30:19,027] {logging_mixin.py:104} INFO - [2022-07-30 22:30:19,027] {dag.py:2280} INFO - Setting next_dagrun for example_dag_decorator to None
[2022-07-30 22:30:19,047] {scheduler_job.py:190} INFO - Processing /home/airflow/.local/lib/python3.6/site-packages/airflow/example_dags/example_dag_decorator.py took 0.145 seconds
[2022-07-30 22:30:49,505] {scheduler_job.py:182} INFO - Started process (PID=1845) to work on /home/airflow/.local/lib/python3.6/site-packages/airflow/example_dags/example_dag_decorator.py
[2022-07-30 22:30:49,507] {scheduler_job.py:629} INFO - Processing file /home/airflow/.local/lib/python3.6/site-packages/airflow/example_dags/example_dag_decorator.py for tasks to queue
[2022-07-30 22:30:49,509] {logging_mixin.py:104} INFO - [2022-07-30 22:30:49,509] {dagbag.py:451} INFO - Filling up the DagBag from /home/airflow/.local/lib/python3.6/site-packages/airflow/example_dags/example_dag_decorator.py
[2022-07-30 22:30:49,533] {scheduler_job.py:639} INFO - DAG(s) dict_keys(['example_dag_decorator']) retrieved from /home/airflow/.local/lib/python3.6/site-packages/airflow/example_dags/example_dag_decorator.py
[2022-07-30 22:30:49,571] {logging_mixin.py:104} INFO - [2022-07-30 22:30:49,570] {dag.py:1824} INFO - Sync 1 DAGs
[2022-07-30 22:30:49,596] {logging_mixin.py:104} INFO - [2022-07-30 22:30:49,596] {dag.py:2280} INFO - Setting next_dagrun for example_dag_decorator to None
[2022-07-30 22:30:49,623] {scheduler_job.py:190} INFO - Processing /home/airflow/.local/lib/python3.6/site-packages/airflow/example_dags/example_dag_decorator.py took 0.124 seconds
[2022-07-30 22:31:19,897] {scheduler_job.py:182} INFO - Started process (PID=1871) to work on /home/airflow/.local/lib/python3.6/site-packages/airflow/example_dags/example_dag_decorator.py
[2022-07-30 22:31:19,900] {scheduler_job.py:629} INFO - Processing file /home/airflow/.local/lib/python3.6/site-packages/airflow/example_dags/example_dag_decorator.py for tasks to queue
[2022-07-30 22:31:19,902] {logging_mixin.py:104} INFO - [2022-07-30 22:31:19,901] {dagbag.py:451} INFO - Filling up the DagBag from /home/airflow/.local/lib/python3.6/site-packages/airflow/example_dags/example_dag_decorator.py
[2022-07-30 22:31:19,931] {scheduler_job.py:639} INFO - DAG(s) dict_keys(['example_dag_decorator']) retrieved from /home/airflow/.local/lib/python3.6/site-packages/airflow/example_dags/example_dag_decorator.py
[2022-07-30 22:31:19,972] {logging_mixin.py:104} INFO - [2022-07-30 22:31:19,972] {dag.py:1824} INFO - Sync 1 DAGs
[2022-07-30 22:31:19,999] {logging_mixin.py:104} INFO - [2022-07-30 22:31:19,999] {dag.py:2280} INFO - Setting next_dagrun for example_dag_decorator to None
[2022-07-30 22:31:20,028] {scheduler_job.py:190} INFO - Processing /home/airflow/.local/lib/python3.6/site-packages/airflow/example_dags/example_dag_decorator.py took 0.138 seconds
[2022-07-30 22:34:31,108] {scheduler_job.py:182} INFO - Started process (PID=36) to work on /home/airflow/.local/lib/python3.6/site-packages/airflow/example_dags/example_dag_decorator.py
[2022-07-30 22:34:31,130] {scheduler_job.py:629} INFO - Processing file /home/airflow/.local/lib/python3.6/site-packages/airflow/example_dags/example_dag_decorator.py for tasks to queue
[2022-07-30 22:34:31,134] {logging_mixin.py:104} INFO - [2022-07-30 22:34:31,134] {dagbag.py:451} INFO - Filling up the DagBag from /home/airflow/.local/lib/python3.6/site-packages/airflow/example_dags/example_dag_decorator.py
[2022-07-30 22:34:31,261] {scheduler_job.py:639} INFO - DAG(s) dict_keys(['example_dag_decorator']) retrieved from /home/airflow/.local/lib/python3.6/site-packages/airflow/example_dags/example_dag_decorator.py
[2022-07-30 22:34:31,388] {logging_mixin.py:104} INFO - [2022-07-30 22:34:31,388] {dag.py:1824} INFO - Sync 1 DAGs
[2022-07-30 22:34:31,480] {logging_mixin.py:104} INFO - [2022-07-30 22:34:31,480] {dag.py:2280} INFO - Setting next_dagrun for example_dag_decorator to None
[2022-07-30 22:34:31,535] {scheduler_job.py:190} INFO - Processing /home/airflow/.local/lib/python3.6/site-packages/airflow/example_dags/example_dag_decorator.py took 0.433 seconds
