[2022-07-30 21:55:23,648] {scheduler_job.py:182} INFO - Started process (PID=47) to work on /home/airflow/.local/lib/python3.6/site-packages/airflow/example_dags/example_trigger_controller_dag.py
[2022-07-30 21:55:23,650] {scheduler_job.py:629} INFO - Processing file /home/airflow/.local/lib/python3.6/site-packages/airflow/example_dags/example_trigger_controller_dag.py for tasks to queue
[2022-07-30 21:55:23,653] {logging_mixin.py:104} INFO - [2022-07-30 21:55:23,653] {dagbag.py:451} INFO - Filling up the DagBag from /home/airflow/.local/lib/python3.6/site-packages/airflow/example_dags/example_trigger_controller_dag.py
[2022-07-30 21:55:23,739] {scheduler_job.py:639} INFO - DAG(s) dict_keys(['example_trigger_controller_dag']) retrieved from /home/airflow/.local/lib/python3.6/site-packages/airflow/example_dags/example_trigger_controller_dag.py
[2022-07-30 21:55:23,864] {logging_mixin.py:104} INFO - [2022-07-30 21:55:23,864] {dag.py:1824} INFO - Sync 1 DAGs
[2022-07-30 21:55:23,899] {logging_mixin.py:104} INFO - [2022-07-30 21:55:23,899] {dag.py:1843} INFO - Creating ORM DAG for example_trigger_controller_dag
[2022-07-30 21:55:23,911] {logging_mixin.py:104} INFO - [2022-07-30 21:55:23,911] {dag.py:2280} INFO - Setting next_dagrun for example_trigger_controller_dag to 2022-07-28 00:00:00+00:00
[2022-07-30 21:55:23,949] {scheduler_job.py:190} INFO - Processing /home/airflow/.local/lib/python3.6/site-packages/airflow/example_dags/example_trigger_controller_dag.py took 0.329 seconds
[2022-07-30 21:55:54,225] {scheduler_job.py:182} INFO - Started process (PID=72) to work on /home/airflow/.local/lib/python3.6/site-packages/airflow/example_dags/example_trigger_controller_dag.py
[2022-07-30 21:55:54,228] {scheduler_job.py:629} INFO - Processing file /home/airflow/.local/lib/python3.6/site-packages/airflow/example_dags/example_trigger_controller_dag.py for tasks to queue
[2022-07-30 21:55:54,229] {logging_mixin.py:104} INFO - [2022-07-30 21:55:54,229] {dagbag.py:451} INFO - Filling up the DagBag from /home/airflow/.local/lib/python3.6/site-packages/airflow/example_dags/example_trigger_controller_dag.py
[2022-07-30 21:55:54,252] {scheduler_job.py:639} INFO - DAG(s) dict_keys(['example_trigger_controller_dag']) retrieved from /home/airflow/.local/lib/python3.6/site-packages/airflow/example_dags/example_trigger_controller_dag.py
[2022-07-30 21:55:54,303] {logging_mixin.py:104} INFO - [2022-07-30 21:55:54,302] {dag.py:1824} INFO - Sync 1 DAGs
[2022-07-30 21:55:54,334] {logging_mixin.py:104} INFO - [2022-07-30 21:55:54,334] {dag.py:2280} INFO - Setting next_dagrun for example_trigger_controller_dag to 2022-07-28 00:00:00+00:00
[2022-07-30 21:55:54,373] {scheduler_job.py:190} INFO - Processing /home/airflow/.local/lib/python3.6/site-packages/airflow/example_dags/example_trigger_controller_dag.py took 0.153 seconds
[2022-07-30 21:56:24,776] {scheduler_job.py:182} INFO - Started process (PID=98) to work on /home/airflow/.local/lib/python3.6/site-packages/airflow/example_dags/example_trigger_controller_dag.py
[2022-07-30 21:56:24,779] {scheduler_job.py:629} INFO - Processing file /home/airflow/.local/lib/python3.6/site-packages/airflow/example_dags/example_trigger_controller_dag.py for tasks to queue
[2022-07-30 21:56:24,780] {logging_mixin.py:104} INFO - [2022-07-30 21:56:24,780] {dagbag.py:451} INFO - Filling up the DagBag from /home/airflow/.local/lib/python3.6/site-packages/airflow/example_dags/example_trigger_controller_dag.py
[2022-07-30 21:56:24,800] {scheduler_job.py:639} INFO - DAG(s) dict_keys(['example_trigger_controller_dag']) retrieved from /home/airflow/.local/lib/python3.6/site-packages/airflow/example_dags/example_trigger_controller_dag.py
[2022-07-30 21:56:24,839] {logging_mixin.py:104} INFO - [2022-07-30 21:56:24,838] {dag.py:1824} INFO - Sync 1 DAGs
[2022-07-30 21:56:24,866] {logging_mixin.py:104} INFO - [2022-07-30 21:56:24,866] {dag.py:2280} INFO - Setting next_dagrun for example_trigger_controller_dag to 2022-07-28 00:00:00+00:00
[2022-07-30 21:56:24,887] {scheduler_job.py:190} INFO - Processing /home/airflow/.local/lib/python3.6/site-packages/airflow/example_dags/example_trigger_controller_dag.py took 0.115 seconds
[2022-07-30 21:56:55,326] {scheduler_job.py:182} INFO - Started process (PID=120) to work on /home/airflow/.local/lib/python3.6/site-packages/airflow/example_dags/example_trigger_controller_dag.py
[2022-07-30 21:56:55,328] {scheduler_job.py:629} INFO - Processing file /home/airflow/.local/lib/python3.6/site-packages/airflow/example_dags/example_trigger_controller_dag.py for tasks to queue
[2022-07-30 21:56:55,329] {logging_mixin.py:104} INFO - [2022-07-30 21:56:55,329] {dagbag.py:451} INFO - Filling up the DagBag from /home/airflow/.local/lib/python3.6/site-packages/airflow/example_dags/example_trigger_controller_dag.py
[2022-07-30 21:56:55,346] {scheduler_job.py:639} INFO - DAG(s) dict_keys(['example_trigger_controller_dag']) retrieved from /home/airflow/.local/lib/python3.6/site-packages/airflow/example_dags/example_trigger_controller_dag.py
[2022-07-30 21:56:55,384] {logging_mixin.py:104} INFO - [2022-07-30 21:56:55,384] {dag.py:1824} INFO - Sync 1 DAGs
[2022-07-30 21:56:55,416] {logging_mixin.py:104} INFO - [2022-07-30 21:56:55,416] {dag.py:2280} INFO - Setting next_dagrun for example_trigger_controller_dag to 2022-07-28 00:00:00+00:00
[2022-07-30 21:56:55,436] {scheduler_job.py:190} INFO - Processing /home/airflow/.local/lib/python3.6/site-packages/airflow/example_dags/example_trigger_controller_dag.py took 0.114 seconds
[2022-07-30 21:57:26,166] {scheduler_job.py:182} INFO - Started process (PID=146) to work on /home/airflow/.local/lib/python3.6/site-packages/airflow/example_dags/example_trigger_controller_dag.py
[2022-07-30 21:57:26,170] {scheduler_job.py:629} INFO - Processing file /home/airflow/.local/lib/python3.6/site-packages/airflow/example_dags/example_trigger_controller_dag.py for tasks to queue
[2022-07-30 21:57:26,172] {logging_mixin.py:104} INFO - [2022-07-30 21:57:26,172] {dagbag.py:451} INFO - Filling up the DagBag from /home/airflow/.local/lib/python3.6/site-packages/airflow/example_dags/example_trigger_controller_dag.py
[2022-07-30 21:57:26,188] {scheduler_job.py:639} INFO - DAG(s) dict_keys(['example_trigger_controller_dag']) retrieved from /home/airflow/.local/lib/python3.6/site-packages/airflow/example_dags/example_trigger_controller_dag.py
[2022-07-30 21:57:26,224] {logging_mixin.py:104} INFO - [2022-07-30 21:57:26,223] {dag.py:1824} INFO - Sync 1 DAGs
[2022-07-30 21:57:26,249] {logging_mixin.py:104} INFO - [2022-07-30 21:57:26,249] {dag.py:2280} INFO - Setting next_dagrun for example_trigger_controller_dag to 2022-07-28 00:00:00+00:00
[2022-07-30 21:57:26,277] {scheduler_job.py:190} INFO - Processing /home/airflow/.local/lib/python3.6/site-packages/airflow/example_dags/example_trigger_controller_dag.py took 0.117 seconds
[2022-07-30 21:57:57,085] {scheduler_job.py:182} INFO - Started process (PID=172) to work on /home/airflow/.local/lib/python3.6/site-packages/airflow/example_dags/example_trigger_controller_dag.py
[2022-07-30 21:57:57,093] {scheduler_job.py:629} INFO - Processing file /home/airflow/.local/lib/python3.6/site-packages/airflow/example_dags/example_trigger_controller_dag.py for tasks to queue
[2022-07-30 21:57:57,095] {logging_mixin.py:104} INFO - [2022-07-30 21:57:57,094] {dagbag.py:451} INFO - Filling up the DagBag from /home/airflow/.local/lib/python3.6/site-packages/airflow/example_dags/example_trigger_controller_dag.py
[2022-07-30 21:57:57,120] {scheduler_job.py:639} INFO - DAG(s) dict_keys(['example_trigger_controller_dag']) retrieved from /home/airflow/.local/lib/python3.6/site-packages/airflow/example_dags/example_trigger_controller_dag.py
[2022-07-30 21:57:57,166] {logging_mixin.py:104} INFO - [2022-07-30 21:57:57,165] {dag.py:1824} INFO - Sync 1 DAGs
[2022-07-30 21:57:57,209] {logging_mixin.py:104} INFO - [2022-07-30 21:57:57,208] {dag.py:2280} INFO - Setting next_dagrun for example_trigger_controller_dag to 2022-07-28 00:00:00+00:00
[2022-07-30 21:57:57,332] {scheduler_job.py:190} INFO - Processing /home/airflow/.local/lib/python3.6/site-packages/airflow/example_dags/example_trigger_controller_dag.py took 0.253 seconds
[2022-07-30 21:58:28,241] {scheduler_job.py:182} INFO - Started process (PID=198) to work on /home/airflow/.local/lib/python3.6/site-packages/airflow/example_dags/example_trigger_controller_dag.py
[2022-07-30 21:58:28,248] {scheduler_job.py:629} INFO - Processing file /home/airflow/.local/lib/python3.6/site-packages/airflow/example_dags/example_trigger_controller_dag.py for tasks to queue
[2022-07-30 21:58:28,253] {logging_mixin.py:104} INFO - [2022-07-30 21:58:28,253] {dagbag.py:451} INFO - Filling up the DagBag from /home/airflow/.local/lib/python3.6/site-packages/airflow/example_dags/example_trigger_controller_dag.py
[2022-07-30 21:58:28,284] {scheduler_job.py:639} INFO - DAG(s) dict_keys(['example_trigger_controller_dag']) retrieved from /home/airflow/.local/lib/python3.6/site-packages/airflow/example_dags/example_trigger_controller_dag.py
[2022-07-30 21:58:28,359] {logging_mixin.py:104} INFO - [2022-07-30 21:58:28,358] {dag.py:1824} INFO - Sync 1 DAGs
[2022-07-30 21:58:28,414] {logging_mixin.py:104} INFO - [2022-07-30 21:58:28,414] {dag.py:2280} INFO - Setting next_dagrun for example_trigger_controller_dag to 2022-07-28 00:00:00+00:00
[2022-07-30 21:58:28,453] {scheduler_job.py:190} INFO - Processing /home/airflow/.local/lib/python3.6/site-packages/airflow/example_dags/example_trigger_controller_dag.py took 0.229 seconds
[2022-07-30 21:58:58,796] {scheduler_job.py:182} INFO - Started process (PID=224) to work on /home/airflow/.local/lib/python3.6/site-packages/airflow/example_dags/example_trigger_controller_dag.py
[2022-07-30 21:58:58,808] {scheduler_job.py:629} INFO - Processing file /home/airflow/.local/lib/python3.6/site-packages/airflow/example_dags/example_trigger_controller_dag.py for tasks to queue
[2022-07-30 21:58:58,810] {logging_mixin.py:104} INFO - [2022-07-30 21:58:58,810] {dagbag.py:451} INFO - Filling up the DagBag from /home/airflow/.local/lib/python3.6/site-packages/airflow/example_dags/example_trigger_controller_dag.py
[2022-07-30 21:58:58,832] {scheduler_job.py:639} INFO - DAG(s) dict_keys(['example_trigger_controller_dag']) retrieved from /home/airflow/.local/lib/python3.6/site-packages/airflow/example_dags/example_trigger_controller_dag.py
[2022-07-30 21:58:58,885] {logging_mixin.py:104} INFO - [2022-07-30 21:58:58,885] {dag.py:1824} INFO - Sync 1 DAGs
[2022-07-30 21:58:58,920] {logging_mixin.py:104} INFO - [2022-07-30 21:58:58,920] {dag.py:2280} INFO - Setting next_dagrun for example_trigger_controller_dag to 2022-07-28 00:00:00+00:00
[2022-07-30 21:58:58,951] {scheduler_job.py:190} INFO - Processing /home/airflow/.local/lib/python3.6/site-packages/airflow/example_dags/example_trigger_controller_dag.py took 0.162 seconds
[2022-07-30 21:59:29,460] {scheduler_job.py:182} INFO - Started process (PID=250) to work on /home/airflow/.local/lib/python3.6/site-packages/airflow/example_dags/example_trigger_controller_dag.py
[2022-07-30 21:59:29,463] {scheduler_job.py:629} INFO - Processing file /home/airflow/.local/lib/python3.6/site-packages/airflow/example_dags/example_trigger_controller_dag.py for tasks to queue
[2022-07-30 21:59:29,465] {logging_mixin.py:104} INFO - [2022-07-30 21:59:29,465] {dagbag.py:451} INFO - Filling up the DagBag from /home/airflow/.local/lib/python3.6/site-packages/airflow/example_dags/example_trigger_controller_dag.py
[2022-07-30 21:59:29,494] {scheduler_job.py:639} INFO - DAG(s) dict_keys(['example_trigger_controller_dag']) retrieved from /home/airflow/.local/lib/python3.6/site-packages/airflow/example_dags/example_trigger_controller_dag.py
[2022-07-30 21:59:29,540] {logging_mixin.py:104} INFO - [2022-07-30 21:59:29,540] {dag.py:1824} INFO - Sync 1 DAGs
[2022-07-30 21:59:29,560] {logging_mixin.py:104} INFO - [2022-07-30 21:59:29,559] {dag.py:2280} INFO - Setting next_dagrun for example_trigger_controller_dag to 2022-07-28 00:00:00+00:00
[2022-07-30 21:59:29,579] {scheduler_job.py:190} INFO - Processing /home/airflow/.local/lib/python3.6/site-packages/airflow/example_dags/example_trigger_controller_dag.py took 0.123 seconds
[2022-07-30 22:00:00,405] {scheduler_job.py:182} INFO - Started process (PID=276) to work on /home/airflow/.local/lib/python3.6/site-packages/airflow/example_dags/example_trigger_controller_dag.py
[2022-07-30 22:00:00,407] {scheduler_job.py:629} INFO - Processing file /home/airflow/.local/lib/python3.6/site-packages/airflow/example_dags/example_trigger_controller_dag.py for tasks to queue
[2022-07-30 22:00:00,409] {logging_mixin.py:104} INFO - [2022-07-30 22:00:00,409] {dagbag.py:451} INFO - Filling up the DagBag from /home/airflow/.local/lib/python3.6/site-packages/airflow/example_dags/example_trigger_controller_dag.py
[2022-07-30 22:00:00,430] {scheduler_job.py:639} INFO - DAG(s) dict_keys(['example_trigger_controller_dag']) retrieved from /home/airflow/.local/lib/python3.6/site-packages/airflow/example_dags/example_trigger_controller_dag.py
[2022-07-30 22:00:00,479] {logging_mixin.py:104} INFO - [2022-07-30 22:00:00,479] {dag.py:1824} INFO - Sync 1 DAGs
[2022-07-30 22:00:00,507] {logging_mixin.py:104} INFO - [2022-07-30 22:00:00,507] {dag.py:2280} INFO - Setting next_dagrun for example_trigger_controller_dag to 2022-07-28 00:00:00+00:00
[2022-07-30 22:00:00,525] {scheduler_job.py:190} INFO - Processing /home/airflow/.local/lib/python3.6/site-packages/airflow/example_dags/example_trigger_controller_dag.py took 0.125 seconds
[2022-07-30 22:00:30,829] {scheduler_job.py:182} INFO - Started process (PID=302) to work on /home/airflow/.local/lib/python3.6/site-packages/airflow/example_dags/example_trigger_controller_dag.py
[2022-07-30 22:00:30,832] {scheduler_job.py:629} INFO - Processing file /home/airflow/.local/lib/python3.6/site-packages/airflow/example_dags/example_trigger_controller_dag.py for tasks to queue
[2022-07-30 22:00:30,835] {logging_mixin.py:104} INFO - [2022-07-30 22:00:30,834] {dagbag.py:451} INFO - Filling up the DagBag from /home/airflow/.local/lib/python3.6/site-packages/airflow/example_dags/example_trigger_controller_dag.py
[2022-07-30 22:00:30,875] {scheduler_job.py:639} INFO - DAG(s) dict_keys(['example_trigger_controller_dag']) retrieved from /home/airflow/.local/lib/python3.6/site-packages/airflow/example_dags/example_trigger_controller_dag.py
[2022-07-30 22:00:30,912] {logging_mixin.py:104} INFO - [2022-07-30 22:00:30,912] {dag.py:1824} INFO - Sync 1 DAGs
[2022-07-30 22:00:30,934] {logging_mixin.py:104} INFO - [2022-07-30 22:00:30,934] {dag.py:2280} INFO - Setting next_dagrun for example_trigger_controller_dag to 2022-07-28 00:00:00+00:00
[2022-07-30 22:00:30,949] {scheduler_job.py:190} INFO - Processing /home/airflow/.local/lib/python3.6/site-packages/airflow/example_dags/example_trigger_controller_dag.py took 0.134 seconds
[2022-07-30 22:01:01,742] {scheduler_job.py:182} INFO - Started process (PID=328) to work on /home/airflow/.local/lib/python3.6/site-packages/airflow/example_dags/example_trigger_controller_dag.py
[2022-07-30 22:01:01,745] {scheduler_job.py:629} INFO - Processing file /home/airflow/.local/lib/python3.6/site-packages/airflow/example_dags/example_trigger_controller_dag.py for tasks to queue
[2022-07-30 22:01:01,747] {logging_mixin.py:104} INFO - [2022-07-30 22:01:01,746] {dagbag.py:451} INFO - Filling up the DagBag from /home/airflow/.local/lib/python3.6/site-packages/airflow/example_dags/example_trigger_controller_dag.py
[2022-07-30 22:01:01,798] {scheduler_job.py:639} INFO - DAG(s) dict_keys(['example_trigger_controller_dag']) retrieved from /home/airflow/.local/lib/python3.6/site-packages/airflow/example_dags/example_trigger_controller_dag.py
[2022-07-30 22:01:01,879] {logging_mixin.py:104} INFO - [2022-07-30 22:01:01,878] {dag.py:1824} INFO - Sync 1 DAGs
[2022-07-30 22:01:01,914] {logging_mixin.py:104} INFO - [2022-07-30 22:01:01,913] {dag.py:2280} INFO - Setting next_dagrun for example_trigger_controller_dag to 2022-07-28 00:00:00+00:00
[2022-07-30 22:01:01,950] {scheduler_job.py:190} INFO - Processing /home/airflow/.local/lib/python3.6/site-packages/airflow/example_dags/example_trigger_controller_dag.py took 0.212 seconds
[2022-07-30 22:01:33,216] {scheduler_job.py:182} INFO - Started process (PID=354) to work on /home/airflow/.local/lib/python3.6/site-packages/airflow/example_dags/example_trigger_controller_dag.py
[2022-07-30 22:01:33,230] {scheduler_job.py:629} INFO - Processing file /home/airflow/.local/lib/python3.6/site-packages/airflow/example_dags/example_trigger_controller_dag.py for tasks to queue
[2022-07-30 22:01:33,232] {logging_mixin.py:104} INFO - [2022-07-30 22:01:33,232] {dagbag.py:451} INFO - Filling up the DagBag from /home/airflow/.local/lib/python3.6/site-packages/airflow/example_dags/example_trigger_controller_dag.py
[2022-07-30 22:01:33,325] {scheduler_job.py:639} INFO - DAG(s) dict_keys(['example_trigger_controller_dag']) retrieved from /home/airflow/.local/lib/python3.6/site-packages/airflow/example_dags/example_trigger_controller_dag.py
[2022-07-30 22:01:33,452] {logging_mixin.py:104} INFO - [2022-07-30 22:01:33,452] {dag.py:1824} INFO - Sync 1 DAGs
[2022-07-30 22:01:33,566] {logging_mixin.py:104} INFO - [2022-07-30 22:01:33,565] {dag.py:2280} INFO - Setting next_dagrun for example_trigger_controller_dag to 2022-07-28 00:00:00+00:00
[2022-07-30 22:01:33,646] {scheduler_job.py:190} INFO - Processing /home/airflow/.local/lib/python3.6/site-packages/airflow/example_dags/example_trigger_controller_dag.py took 0.437 seconds
[2022-07-30 22:02:04,310] {scheduler_job.py:182} INFO - Started process (PID=380) to work on /home/airflow/.local/lib/python3.6/site-packages/airflow/example_dags/example_trigger_controller_dag.py
[2022-07-30 22:02:04,312] {scheduler_job.py:629} INFO - Processing file /home/airflow/.local/lib/python3.6/site-packages/airflow/example_dags/example_trigger_controller_dag.py for tasks to queue
[2022-07-30 22:02:04,314] {logging_mixin.py:104} INFO - [2022-07-30 22:02:04,313] {dagbag.py:451} INFO - Filling up the DagBag from /home/airflow/.local/lib/python3.6/site-packages/airflow/example_dags/example_trigger_controller_dag.py
[2022-07-30 22:02:04,336] {scheduler_job.py:639} INFO - DAG(s) dict_keys(['example_trigger_controller_dag']) retrieved from /home/airflow/.local/lib/python3.6/site-packages/airflow/example_dags/example_trigger_controller_dag.py
[2022-07-30 22:02:04,372] {logging_mixin.py:104} INFO - [2022-07-30 22:02:04,372] {dag.py:1824} INFO - Sync 1 DAGs
[2022-07-30 22:02:04,398] {logging_mixin.py:104} INFO - [2022-07-30 22:02:04,398] {dag.py:2280} INFO - Setting next_dagrun for example_trigger_controller_dag to 2022-07-28 00:00:00+00:00
[2022-07-30 22:02:04,420] {scheduler_job.py:190} INFO - Processing /home/airflow/.local/lib/python3.6/site-packages/airflow/example_dags/example_trigger_controller_dag.py took 0.116 seconds
[2022-07-30 22:02:34,836] {scheduler_job.py:182} INFO - Started process (PID=405) to work on /home/airflow/.local/lib/python3.6/site-packages/airflow/example_dags/example_trigger_controller_dag.py
[2022-07-30 22:02:34,848] {scheduler_job.py:629} INFO - Processing file /home/airflow/.local/lib/python3.6/site-packages/airflow/example_dags/example_trigger_controller_dag.py for tasks to queue
[2022-07-30 22:02:34,850] {logging_mixin.py:104} INFO - [2022-07-30 22:02:34,850] {dagbag.py:451} INFO - Filling up the DagBag from /home/airflow/.local/lib/python3.6/site-packages/airflow/example_dags/example_trigger_controller_dag.py
[2022-07-30 22:02:34,877] {scheduler_job.py:639} INFO - DAG(s) dict_keys(['example_trigger_controller_dag']) retrieved from /home/airflow/.local/lib/python3.6/site-packages/airflow/example_dags/example_trigger_controller_dag.py
[2022-07-30 22:02:34,935] {logging_mixin.py:104} INFO - [2022-07-30 22:02:34,935] {dag.py:1824} INFO - Sync 1 DAGs
[2022-07-30 22:02:34,966] {logging_mixin.py:104} INFO - [2022-07-30 22:02:34,965] {dag.py:2280} INFO - Setting next_dagrun for example_trigger_controller_dag to 2022-07-28 00:00:00+00:00
[2022-07-30 22:02:34,991] {scheduler_job.py:190} INFO - Processing /home/airflow/.local/lib/python3.6/site-packages/airflow/example_dags/example_trigger_controller_dag.py took 0.163 seconds
[2022-07-30 22:03:05,777] {scheduler_job.py:182} INFO - Started process (PID=431) to work on /home/airflow/.local/lib/python3.6/site-packages/airflow/example_dags/example_trigger_controller_dag.py
[2022-07-30 22:03:05,780] {scheduler_job.py:629} INFO - Processing file /home/airflow/.local/lib/python3.6/site-packages/airflow/example_dags/example_trigger_controller_dag.py for tasks to queue
[2022-07-30 22:03:05,786] {logging_mixin.py:104} INFO - [2022-07-30 22:03:05,786] {dagbag.py:451} INFO - Filling up the DagBag from /home/airflow/.local/lib/python3.6/site-packages/airflow/example_dags/example_trigger_controller_dag.py
[2022-07-30 22:03:05,808] {scheduler_job.py:639} INFO - DAG(s) dict_keys(['example_trigger_controller_dag']) retrieved from /home/airflow/.local/lib/python3.6/site-packages/airflow/example_dags/example_trigger_controller_dag.py
[2022-07-30 22:03:05,875] {logging_mixin.py:104} INFO - [2022-07-30 22:03:05,875] {dag.py:1824} INFO - Sync 1 DAGs
[2022-07-30 22:03:05,972] {logging_mixin.py:104} INFO - [2022-07-30 22:03:05,972] {dag.py:2280} INFO - Setting next_dagrun for example_trigger_controller_dag to 2022-07-28 00:00:00+00:00
[2022-07-30 22:03:06,007] {scheduler_job.py:190} INFO - Processing /home/airflow/.local/lib/python3.6/site-packages/airflow/example_dags/example_trigger_controller_dag.py took 0.235 seconds
[2022-07-30 22:03:36,341] {scheduler_job.py:182} INFO - Started process (PID=457) to work on /home/airflow/.local/lib/python3.6/site-packages/airflow/example_dags/example_trigger_controller_dag.py
[2022-07-30 22:03:36,344] {scheduler_job.py:629} INFO - Processing file /home/airflow/.local/lib/python3.6/site-packages/airflow/example_dags/example_trigger_controller_dag.py for tasks to queue
[2022-07-30 22:03:36,348] {logging_mixin.py:104} INFO - [2022-07-30 22:03:36,346] {dagbag.py:451} INFO - Filling up the DagBag from /home/airflow/.local/lib/python3.6/site-packages/airflow/example_dags/example_trigger_controller_dag.py
[2022-07-30 22:03:36,369] {scheduler_job.py:639} INFO - DAG(s) dict_keys(['example_trigger_controller_dag']) retrieved from /home/airflow/.local/lib/python3.6/site-packages/airflow/example_dags/example_trigger_controller_dag.py
[2022-07-30 22:03:36,409] {logging_mixin.py:104} INFO - [2022-07-30 22:03:36,409] {dag.py:1824} INFO - Sync 1 DAGs
[2022-07-30 22:03:36,440] {logging_mixin.py:104} INFO - [2022-07-30 22:03:36,439] {dag.py:2280} INFO - Setting next_dagrun for example_trigger_controller_dag to 2022-07-28 00:00:00+00:00
[2022-07-30 22:03:36,459] {scheduler_job.py:190} INFO - Processing /home/airflow/.local/lib/python3.6/site-packages/airflow/example_dags/example_trigger_controller_dag.py took 0.123 seconds
[2022-07-30 22:04:06,779] {scheduler_job.py:182} INFO - Started process (PID=483) to work on /home/airflow/.local/lib/python3.6/site-packages/airflow/example_dags/example_trigger_controller_dag.py
[2022-07-30 22:04:06,782] {scheduler_job.py:629} INFO - Processing file /home/airflow/.local/lib/python3.6/site-packages/airflow/example_dags/example_trigger_controller_dag.py for tasks to queue
[2022-07-30 22:04:06,785] {logging_mixin.py:104} INFO - [2022-07-30 22:04:06,784] {dagbag.py:451} INFO - Filling up the DagBag from /home/airflow/.local/lib/python3.6/site-packages/airflow/example_dags/example_trigger_controller_dag.py
[2022-07-30 22:04:06,809] {scheduler_job.py:639} INFO - DAG(s) dict_keys(['example_trigger_controller_dag']) retrieved from /home/airflow/.local/lib/python3.6/site-packages/airflow/example_dags/example_trigger_controller_dag.py
[2022-07-30 22:04:06,929] {logging_mixin.py:104} INFO - [2022-07-30 22:04:06,929] {dag.py:1824} INFO - Sync 1 DAGs
[2022-07-30 22:04:07,559] {logging_mixin.py:104} INFO - [2022-07-30 22:04:07,559] {dag.py:2280} INFO - Setting next_dagrun for example_trigger_controller_dag to 2022-07-28 00:00:00+00:00
[2022-07-30 22:04:07,938] {scheduler_job.py:190} INFO - Processing /home/airflow/.local/lib/python3.6/site-packages/airflow/example_dags/example_trigger_controller_dag.py took 1.165 seconds
[2022-07-30 22:04:38,273] {scheduler_job.py:182} INFO - Started process (PID=509) to work on /home/airflow/.local/lib/python3.6/site-packages/airflow/example_dags/example_trigger_controller_dag.py
[2022-07-30 22:04:38,279] {scheduler_job.py:629} INFO - Processing file /home/airflow/.local/lib/python3.6/site-packages/airflow/example_dags/example_trigger_controller_dag.py for tasks to queue
[2022-07-30 22:04:38,282] {logging_mixin.py:104} INFO - [2022-07-30 22:04:38,282] {dagbag.py:451} INFO - Filling up the DagBag from /home/airflow/.local/lib/python3.6/site-packages/airflow/example_dags/example_trigger_controller_dag.py
[2022-07-30 22:04:38,338] {scheduler_job.py:639} INFO - DAG(s) dict_keys(['example_trigger_controller_dag']) retrieved from /home/airflow/.local/lib/python3.6/site-packages/airflow/example_dags/example_trigger_controller_dag.py
[2022-07-30 22:04:38,390] {logging_mixin.py:104} INFO - [2022-07-30 22:04:38,390] {dag.py:1824} INFO - Sync 1 DAGs
[2022-07-30 22:04:38,429] {logging_mixin.py:104} INFO - [2022-07-30 22:04:38,429] {dag.py:2280} INFO - Setting next_dagrun for example_trigger_controller_dag to 2022-07-28 00:00:00+00:00
[2022-07-30 22:04:38,456] {scheduler_job.py:190} INFO - Processing /home/airflow/.local/lib/python3.6/site-packages/airflow/example_dags/example_trigger_controller_dag.py took 0.196 seconds
[2022-07-30 22:05:09,425] {scheduler_job.py:182} INFO - Started process (PID=535) to work on /home/airflow/.local/lib/python3.6/site-packages/airflow/example_dags/example_trigger_controller_dag.py
[2022-07-30 22:05:09,430] {scheduler_job.py:629} INFO - Processing file /home/airflow/.local/lib/python3.6/site-packages/airflow/example_dags/example_trigger_controller_dag.py for tasks to queue
[2022-07-30 22:05:09,431] {logging_mixin.py:104} INFO - [2022-07-30 22:05:09,431] {dagbag.py:451} INFO - Filling up the DagBag from /home/airflow/.local/lib/python3.6/site-packages/airflow/example_dags/example_trigger_controller_dag.py
[2022-07-30 22:05:09,448] {scheduler_job.py:639} INFO - DAG(s) dict_keys(['example_trigger_controller_dag']) retrieved from /home/airflow/.local/lib/python3.6/site-packages/airflow/example_dags/example_trigger_controller_dag.py
[2022-07-30 22:05:09,505] {logging_mixin.py:104} INFO - [2022-07-30 22:05:09,505] {dag.py:1824} INFO - Sync 1 DAGs
[2022-07-30 22:05:09,548] {logging_mixin.py:104} INFO - [2022-07-30 22:05:09,548] {dag.py:2280} INFO - Setting next_dagrun for example_trigger_controller_dag to 2022-07-28 00:00:00+00:00
[2022-07-30 22:05:09,594] {scheduler_job.py:190} INFO - Processing /home/airflow/.local/lib/python3.6/site-packages/airflow/example_dags/example_trigger_controller_dag.py took 0.174 seconds
[2022-07-30 22:05:39,720] {scheduler_job.py:182} INFO - Started process (PID=561) to work on /home/airflow/.local/lib/python3.6/site-packages/airflow/example_dags/example_trigger_controller_dag.py
[2022-07-30 22:05:39,725] {scheduler_job.py:629} INFO - Processing file /home/airflow/.local/lib/python3.6/site-packages/airflow/example_dags/example_trigger_controller_dag.py for tasks to queue
[2022-07-30 22:05:39,728] {logging_mixin.py:104} INFO - [2022-07-30 22:05:39,728] {dagbag.py:451} INFO - Filling up the DagBag from /home/airflow/.local/lib/python3.6/site-packages/airflow/example_dags/example_trigger_controller_dag.py
[2022-07-30 22:05:39,780] {scheduler_job.py:639} INFO - DAG(s) dict_keys(['example_trigger_controller_dag']) retrieved from /home/airflow/.local/lib/python3.6/site-packages/airflow/example_dags/example_trigger_controller_dag.py
[2022-07-30 22:05:39,831] {logging_mixin.py:104} INFO - [2022-07-30 22:05:39,831] {dag.py:1824} INFO - Sync 1 DAGs
[2022-07-30 22:05:39,850] {logging_mixin.py:104} INFO - [2022-07-30 22:05:39,850] {dag.py:2280} INFO - Setting next_dagrun for example_trigger_controller_dag to 2022-07-28 00:00:00+00:00
[2022-07-30 22:05:39,864] {scheduler_job.py:190} INFO - Processing /home/airflow/.local/lib/python3.6/site-packages/airflow/example_dags/example_trigger_controller_dag.py took 0.156 seconds
[2022-07-30 22:06:10,047] {scheduler_job.py:182} INFO - Started process (PID=587) to work on /home/airflow/.local/lib/python3.6/site-packages/airflow/example_dags/example_trigger_controller_dag.py
[2022-07-30 22:06:10,051] {scheduler_job.py:629} INFO - Processing file /home/airflow/.local/lib/python3.6/site-packages/airflow/example_dags/example_trigger_controller_dag.py for tasks to queue
[2022-07-30 22:06:10,053] {logging_mixin.py:104} INFO - [2022-07-30 22:06:10,053] {dagbag.py:451} INFO - Filling up the DagBag from /home/airflow/.local/lib/python3.6/site-packages/airflow/example_dags/example_trigger_controller_dag.py
[2022-07-30 22:06:10,088] {scheduler_job.py:639} INFO - DAG(s) dict_keys(['example_trigger_controller_dag']) retrieved from /home/airflow/.local/lib/python3.6/site-packages/airflow/example_dags/example_trigger_controller_dag.py
[2022-07-30 22:06:10,124] {logging_mixin.py:104} INFO - [2022-07-30 22:06:10,124] {dag.py:1824} INFO - Sync 1 DAGs
[2022-07-30 22:06:10,151] {logging_mixin.py:104} INFO - [2022-07-30 22:06:10,151] {dag.py:2280} INFO - Setting next_dagrun for example_trigger_controller_dag to 2022-07-28 00:00:00+00:00
[2022-07-30 22:06:10,167] {scheduler_job.py:190} INFO - Processing /home/airflow/.local/lib/python3.6/site-packages/airflow/example_dags/example_trigger_controller_dag.py took 0.126 seconds
[2022-07-30 22:06:40,648] {scheduler_job.py:182} INFO - Started process (PID=613) to work on /home/airflow/.local/lib/python3.6/site-packages/airflow/example_dags/example_trigger_controller_dag.py
[2022-07-30 22:06:40,651] {scheduler_job.py:629} INFO - Processing file /home/airflow/.local/lib/python3.6/site-packages/airflow/example_dags/example_trigger_controller_dag.py for tasks to queue
[2022-07-30 22:06:40,652] {logging_mixin.py:104} INFO - [2022-07-30 22:06:40,652] {dagbag.py:451} INFO - Filling up the DagBag from /home/airflow/.local/lib/python3.6/site-packages/airflow/example_dags/example_trigger_controller_dag.py
[2022-07-30 22:06:40,668] {scheduler_job.py:639} INFO - DAG(s) dict_keys(['example_trigger_controller_dag']) retrieved from /home/airflow/.local/lib/python3.6/site-packages/airflow/example_dags/example_trigger_controller_dag.py
[2022-07-30 22:06:40,709] {logging_mixin.py:104} INFO - [2022-07-30 22:06:40,708] {dag.py:1824} INFO - Sync 1 DAGs
[2022-07-30 22:06:40,745] {logging_mixin.py:104} INFO - [2022-07-30 22:06:40,745] {dag.py:2280} INFO - Setting next_dagrun for example_trigger_controller_dag to 2022-07-28 00:00:00+00:00
[2022-07-30 22:06:40,778] {scheduler_job.py:190} INFO - Processing /home/airflow/.local/lib/python3.6/site-packages/airflow/example_dags/example_trigger_controller_dag.py took 0.134 seconds
[2022-07-30 22:07:11,260] {scheduler_job.py:182} INFO - Started process (PID=639) to work on /home/airflow/.local/lib/python3.6/site-packages/airflow/example_dags/example_trigger_controller_dag.py
[2022-07-30 22:07:11,264] {scheduler_job.py:629} INFO - Processing file /home/airflow/.local/lib/python3.6/site-packages/airflow/example_dags/example_trigger_controller_dag.py for tasks to queue
[2022-07-30 22:07:11,266] {logging_mixin.py:104} INFO - [2022-07-30 22:07:11,266] {dagbag.py:451} INFO - Filling up the DagBag from /home/airflow/.local/lib/python3.6/site-packages/airflow/example_dags/example_trigger_controller_dag.py
[2022-07-30 22:07:11,289] {scheduler_job.py:639} INFO - DAG(s) dict_keys(['example_trigger_controller_dag']) retrieved from /home/airflow/.local/lib/python3.6/site-packages/airflow/example_dags/example_trigger_controller_dag.py
[2022-07-30 22:07:11,397] {logging_mixin.py:104} INFO - [2022-07-30 22:07:11,396] {dag.py:1824} INFO - Sync 1 DAGs
[2022-07-30 22:07:11,481] {logging_mixin.py:104} INFO - [2022-07-30 22:07:11,480] {dag.py:2280} INFO - Setting next_dagrun for example_trigger_controller_dag to 2022-07-28 00:00:00+00:00
[2022-07-30 22:07:11,518] {scheduler_job.py:190} INFO - Processing /home/airflow/.local/lib/python3.6/site-packages/airflow/example_dags/example_trigger_controller_dag.py took 0.268 seconds
[2022-07-30 22:07:42,105] {scheduler_job.py:182} INFO - Started process (PID=665) to work on /home/airflow/.local/lib/python3.6/site-packages/airflow/example_dags/example_trigger_controller_dag.py
[2022-07-30 22:07:42,115] {scheduler_job.py:629} INFO - Processing file /home/airflow/.local/lib/python3.6/site-packages/airflow/example_dags/example_trigger_controller_dag.py for tasks to queue
[2022-07-30 22:07:42,119] {logging_mixin.py:104} INFO - [2022-07-30 22:07:42,118] {dagbag.py:451} INFO - Filling up the DagBag from /home/airflow/.local/lib/python3.6/site-packages/airflow/example_dags/example_trigger_controller_dag.py
[2022-07-30 22:07:42,192] {scheduler_job.py:639} INFO - DAG(s) dict_keys(['example_trigger_controller_dag']) retrieved from /home/airflow/.local/lib/python3.6/site-packages/airflow/example_dags/example_trigger_controller_dag.py
[2022-07-30 22:07:42,298] {logging_mixin.py:104} INFO - [2022-07-30 22:07:42,298] {dag.py:1824} INFO - Sync 1 DAGs
[2022-07-30 22:07:42,364] {logging_mixin.py:104} INFO - [2022-07-30 22:07:42,363] {dag.py:2280} INFO - Setting next_dagrun for example_trigger_controller_dag to 2022-07-28 00:00:00+00:00
[2022-07-30 22:07:42,390] {scheduler_job.py:190} INFO - Processing /home/airflow/.local/lib/python3.6/site-packages/airflow/example_dags/example_trigger_controller_dag.py took 0.292 seconds
[2022-07-30 22:08:12,706] {scheduler_job.py:182} INFO - Started process (PID=691) to work on /home/airflow/.local/lib/python3.6/site-packages/airflow/example_dags/example_trigger_controller_dag.py
[2022-07-30 22:08:12,713] {scheduler_job.py:629} INFO - Processing file /home/airflow/.local/lib/python3.6/site-packages/airflow/example_dags/example_trigger_controller_dag.py for tasks to queue
[2022-07-30 22:08:12,718] {logging_mixin.py:104} INFO - [2022-07-30 22:08:12,717] {dagbag.py:451} INFO - Filling up the DagBag from /home/airflow/.local/lib/python3.6/site-packages/airflow/example_dags/example_trigger_controller_dag.py
[2022-07-30 22:08:12,754] {scheduler_job.py:639} INFO - DAG(s) dict_keys(['example_trigger_controller_dag']) retrieved from /home/airflow/.local/lib/python3.6/site-packages/airflow/example_dags/example_trigger_controller_dag.py
[2022-07-30 22:08:12,820] {logging_mixin.py:104} INFO - [2022-07-30 22:08:12,819] {dag.py:1824} INFO - Sync 1 DAGs
[2022-07-30 22:08:12,846] {logging_mixin.py:104} INFO - [2022-07-30 22:08:12,846] {dag.py:2280} INFO - Setting next_dagrun for example_trigger_controller_dag to 2022-07-28 00:00:00+00:00
[2022-07-30 22:08:12,864] {scheduler_job.py:190} INFO - Processing /home/airflow/.local/lib/python3.6/site-packages/airflow/example_dags/example_trigger_controller_dag.py took 0.176 seconds
[2022-07-30 22:08:43,697] {scheduler_job.py:182} INFO - Started process (PID=717) to work on /home/airflow/.local/lib/python3.6/site-packages/airflow/example_dags/example_trigger_controller_dag.py
[2022-07-30 22:08:43,700] {scheduler_job.py:629} INFO - Processing file /home/airflow/.local/lib/python3.6/site-packages/airflow/example_dags/example_trigger_controller_dag.py for tasks to queue
[2022-07-30 22:08:43,701] {logging_mixin.py:104} INFO - [2022-07-30 22:08:43,701] {dagbag.py:451} INFO - Filling up the DagBag from /home/airflow/.local/lib/python3.6/site-packages/airflow/example_dags/example_trigger_controller_dag.py
[2022-07-30 22:08:43,724] {scheduler_job.py:639} INFO - DAG(s) dict_keys(['example_trigger_controller_dag']) retrieved from /home/airflow/.local/lib/python3.6/site-packages/airflow/example_dags/example_trigger_controller_dag.py
[2022-07-30 22:08:43,803] {logging_mixin.py:104} INFO - [2022-07-30 22:08:43,802] {dag.py:1824} INFO - Sync 1 DAGs
[2022-07-30 22:08:43,891] {logging_mixin.py:104} INFO - [2022-07-30 22:08:43,890] {dag.py:2280} INFO - Setting next_dagrun for example_trigger_controller_dag to 2022-07-28 00:00:00+00:00
[2022-07-30 22:08:43,918] {scheduler_job.py:190} INFO - Processing /home/airflow/.local/lib/python3.6/site-packages/airflow/example_dags/example_trigger_controller_dag.py took 0.225 seconds
[2022-07-30 22:09:14,023] {scheduler_job.py:182} INFO - Started process (PID=743) to work on /home/airflow/.local/lib/python3.6/site-packages/airflow/example_dags/example_trigger_controller_dag.py
[2022-07-30 22:09:14,026] {scheduler_job.py:629} INFO - Processing file /home/airflow/.local/lib/python3.6/site-packages/airflow/example_dags/example_trigger_controller_dag.py for tasks to queue
[2022-07-30 22:09:14,030] {logging_mixin.py:104} INFO - [2022-07-30 22:09:14,029] {dagbag.py:451} INFO - Filling up the DagBag from /home/airflow/.local/lib/python3.6/site-packages/airflow/example_dags/example_trigger_controller_dag.py
[2022-07-30 22:09:14,048] {scheduler_job.py:639} INFO - DAG(s) dict_keys(['example_trigger_controller_dag']) retrieved from /home/airflow/.local/lib/python3.6/site-packages/airflow/example_dags/example_trigger_controller_dag.py
[2022-07-30 22:09:14,086] {logging_mixin.py:104} INFO - [2022-07-30 22:09:14,086] {dag.py:1824} INFO - Sync 1 DAGs
[2022-07-30 22:09:14,118] {logging_mixin.py:104} INFO - [2022-07-30 22:09:14,118] {dag.py:2280} INFO - Setting next_dagrun for example_trigger_controller_dag to 2022-07-28 00:00:00+00:00
[2022-07-30 22:09:14,136] {scheduler_job.py:190} INFO - Processing /home/airflow/.local/lib/python3.6/site-packages/airflow/example_dags/example_trigger_controller_dag.py took 0.118 seconds
[2022-07-30 22:09:44,993] {scheduler_job.py:182} INFO - Started process (PID=769) to work on /home/airflow/.local/lib/python3.6/site-packages/airflow/example_dags/example_trigger_controller_dag.py
[2022-07-30 22:09:44,999] {scheduler_job.py:629} INFO - Processing file /home/airflow/.local/lib/python3.6/site-packages/airflow/example_dags/example_trigger_controller_dag.py for tasks to queue
[2022-07-30 22:09:45,008] {logging_mixin.py:104} INFO - [2022-07-30 22:09:45,008] {dagbag.py:451} INFO - Filling up the DagBag from /home/airflow/.local/lib/python3.6/site-packages/airflow/example_dags/example_trigger_controller_dag.py
[2022-07-30 22:09:45,048] {scheduler_job.py:639} INFO - DAG(s) dict_keys(['example_trigger_controller_dag']) retrieved from /home/airflow/.local/lib/python3.6/site-packages/airflow/example_dags/example_trigger_controller_dag.py
[2022-07-30 22:09:45,166] {logging_mixin.py:104} INFO - [2022-07-30 22:09:45,166] {dag.py:1824} INFO - Sync 1 DAGs
[2022-07-30 22:09:45,225] {logging_mixin.py:104} INFO - [2022-07-30 22:09:45,225] {dag.py:2280} INFO - Setting next_dagrun for example_trigger_controller_dag to 2022-07-28 00:00:00+00:00
[2022-07-30 22:09:45,282] {scheduler_job.py:190} INFO - Processing /home/airflow/.local/lib/python3.6/site-packages/airflow/example_dags/example_trigger_controller_dag.py took 0.304 seconds
[2022-07-30 22:10:15,441] {scheduler_job.py:182} INFO - Started process (PID=795) to work on /home/airflow/.local/lib/python3.6/site-packages/airflow/example_dags/example_trigger_controller_dag.py
[2022-07-30 22:10:15,444] {scheduler_job.py:629} INFO - Processing file /home/airflow/.local/lib/python3.6/site-packages/airflow/example_dags/example_trigger_controller_dag.py for tasks to queue
[2022-07-30 22:10:15,450] {logging_mixin.py:104} INFO - [2022-07-30 22:10:15,449] {dagbag.py:451} INFO - Filling up the DagBag from /home/airflow/.local/lib/python3.6/site-packages/airflow/example_dags/example_trigger_controller_dag.py
[2022-07-30 22:10:15,478] {scheduler_job.py:639} INFO - DAG(s) dict_keys(['example_trigger_controller_dag']) retrieved from /home/airflow/.local/lib/python3.6/site-packages/airflow/example_dags/example_trigger_controller_dag.py
[2022-07-30 22:10:15,528] {logging_mixin.py:104} INFO - [2022-07-30 22:10:15,527] {dag.py:1824} INFO - Sync 1 DAGs
[2022-07-30 22:10:15,561] {logging_mixin.py:104} INFO - [2022-07-30 22:10:15,561] {dag.py:2280} INFO - Setting next_dagrun for example_trigger_controller_dag to 2022-07-28 00:00:00+00:00
[2022-07-30 22:10:15,587] {scheduler_job.py:190} INFO - Processing /home/airflow/.local/lib/python3.6/site-packages/airflow/example_dags/example_trigger_controller_dag.py took 0.152 seconds
[2022-07-30 22:10:46,382] {scheduler_job.py:182} INFO - Started process (PID=821) to work on /home/airflow/.local/lib/python3.6/site-packages/airflow/example_dags/example_trigger_controller_dag.py
[2022-07-30 22:10:46,391] {scheduler_job.py:629} INFO - Processing file /home/airflow/.local/lib/python3.6/site-packages/airflow/example_dags/example_trigger_controller_dag.py for tasks to queue
[2022-07-30 22:10:46,395] {logging_mixin.py:104} INFO - [2022-07-30 22:10:46,395] {dagbag.py:451} INFO - Filling up the DagBag from /home/airflow/.local/lib/python3.6/site-packages/airflow/example_dags/example_trigger_controller_dag.py
[2022-07-30 22:10:46,448] {scheduler_job.py:639} INFO - DAG(s) dict_keys(['example_trigger_controller_dag']) retrieved from /home/airflow/.local/lib/python3.6/site-packages/airflow/example_dags/example_trigger_controller_dag.py
[2022-07-30 22:10:46,536] {logging_mixin.py:104} INFO - [2022-07-30 22:10:46,535] {dag.py:1824} INFO - Sync 1 DAGs
[2022-07-30 22:10:46,569] {logging_mixin.py:104} INFO - [2022-07-30 22:10:46,568] {dag.py:2280} INFO - Setting next_dagrun for example_trigger_controller_dag to 2022-07-28 00:00:00+00:00
[2022-07-30 22:10:46,585] {scheduler_job.py:190} INFO - Processing /home/airflow/.local/lib/python3.6/site-packages/airflow/example_dags/example_trigger_controller_dag.py took 0.221 seconds
[2022-07-30 22:11:17,069] {scheduler_job.py:182} INFO - Started process (PID=847) to work on /home/airflow/.local/lib/python3.6/site-packages/airflow/example_dags/example_trigger_controller_dag.py
[2022-07-30 22:11:17,074] {scheduler_job.py:629} INFO - Processing file /home/airflow/.local/lib/python3.6/site-packages/airflow/example_dags/example_trigger_controller_dag.py for tasks to queue
[2022-07-30 22:11:17,076] {logging_mixin.py:104} INFO - [2022-07-30 22:11:17,076] {dagbag.py:451} INFO - Filling up the DagBag from /home/airflow/.local/lib/python3.6/site-packages/airflow/example_dags/example_trigger_controller_dag.py
[2022-07-30 22:11:17,121] {scheduler_job.py:639} INFO - DAG(s) dict_keys(['example_trigger_controller_dag']) retrieved from /home/airflow/.local/lib/python3.6/site-packages/airflow/example_dags/example_trigger_controller_dag.py
[2022-07-30 22:11:17,170] {logging_mixin.py:104} INFO - [2022-07-30 22:11:17,170] {dag.py:1824} INFO - Sync 1 DAGs
[2022-07-30 22:11:17,202] {logging_mixin.py:104} INFO - [2022-07-30 22:11:17,202] {dag.py:2280} INFO - Setting next_dagrun for example_trigger_controller_dag to 2022-07-28 00:00:00+00:00
[2022-07-30 22:11:17,226] {scheduler_job.py:190} INFO - Processing /home/airflow/.local/lib/python3.6/site-packages/airflow/example_dags/example_trigger_controller_dag.py took 0.165 seconds
[2022-07-30 22:11:47,827] {scheduler_job.py:182} INFO - Started process (PID=873) to work on /home/airflow/.local/lib/python3.6/site-packages/airflow/example_dags/example_trigger_controller_dag.py
[2022-07-30 22:11:47,831] {scheduler_job.py:629} INFO - Processing file /home/airflow/.local/lib/python3.6/site-packages/airflow/example_dags/example_trigger_controller_dag.py for tasks to queue
[2022-07-30 22:11:47,833] {logging_mixin.py:104} INFO - [2022-07-30 22:11:47,833] {dagbag.py:451} INFO - Filling up the DagBag from /home/airflow/.local/lib/python3.6/site-packages/airflow/example_dags/example_trigger_controller_dag.py
[2022-07-30 22:11:47,873] {scheduler_job.py:639} INFO - DAG(s) dict_keys(['example_trigger_controller_dag']) retrieved from /home/airflow/.local/lib/python3.6/site-packages/airflow/example_dags/example_trigger_controller_dag.py
[2022-07-30 22:11:47,904] {logging_mixin.py:104} INFO - [2022-07-30 22:11:47,904] {dag.py:1824} INFO - Sync 1 DAGs
[2022-07-30 22:11:47,932] {logging_mixin.py:104} INFO - [2022-07-30 22:11:47,931] {dag.py:2280} INFO - Setting next_dagrun for example_trigger_controller_dag to 2022-07-28 00:00:00+00:00
[2022-07-30 22:11:47,952] {scheduler_job.py:190} INFO - Processing /home/airflow/.local/lib/python3.6/site-packages/airflow/example_dags/example_trigger_controller_dag.py took 0.135 seconds
[2022-07-30 22:12:18,222] {scheduler_job.py:182} INFO - Started process (PID=899) to work on /home/airflow/.local/lib/python3.6/site-packages/airflow/example_dags/example_trigger_controller_dag.py
[2022-07-30 22:12:18,225] {scheduler_job.py:629} INFO - Processing file /home/airflow/.local/lib/python3.6/site-packages/airflow/example_dags/example_trigger_controller_dag.py for tasks to queue
[2022-07-30 22:12:18,226] {logging_mixin.py:104} INFO - [2022-07-30 22:12:18,226] {dagbag.py:451} INFO - Filling up the DagBag from /home/airflow/.local/lib/python3.6/site-packages/airflow/example_dags/example_trigger_controller_dag.py
[2022-07-30 22:12:18,259] {scheduler_job.py:639} INFO - DAG(s) dict_keys(['example_trigger_controller_dag']) retrieved from /home/airflow/.local/lib/python3.6/site-packages/airflow/example_dags/example_trigger_controller_dag.py
[2022-07-30 22:12:18,328] {logging_mixin.py:104} INFO - [2022-07-30 22:12:18,327] {dag.py:1824} INFO - Sync 1 DAGs
[2022-07-30 22:12:18,375] {logging_mixin.py:104} INFO - [2022-07-30 22:12:18,374] {dag.py:2280} INFO - Setting next_dagrun for example_trigger_controller_dag to 2022-07-28 00:00:00+00:00
[2022-07-30 22:12:18,394] {scheduler_job.py:190} INFO - Processing /home/airflow/.local/lib/python3.6/site-packages/airflow/example_dags/example_trigger_controller_dag.py took 0.178 seconds
[2022-07-30 22:12:48,505] {scheduler_job.py:182} INFO - Started process (PID=925) to work on /home/airflow/.local/lib/python3.6/site-packages/airflow/example_dags/example_trigger_controller_dag.py
[2022-07-30 22:12:48,509] {scheduler_job.py:629} INFO - Processing file /home/airflow/.local/lib/python3.6/site-packages/airflow/example_dags/example_trigger_controller_dag.py for tasks to queue
[2022-07-30 22:12:48,512] {logging_mixin.py:104} INFO - [2022-07-30 22:12:48,511] {dagbag.py:451} INFO - Filling up the DagBag from /home/airflow/.local/lib/python3.6/site-packages/airflow/example_dags/example_trigger_controller_dag.py
[2022-07-30 22:12:48,536] {scheduler_job.py:639} INFO - DAG(s) dict_keys(['example_trigger_controller_dag']) retrieved from /home/airflow/.local/lib/python3.6/site-packages/airflow/example_dags/example_trigger_controller_dag.py
[2022-07-30 22:12:48,569] {logging_mixin.py:104} INFO - [2022-07-30 22:12:48,569] {dag.py:1824} INFO - Sync 1 DAGs
[2022-07-30 22:12:48,590] {logging_mixin.py:104} INFO - [2022-07-30 22:12:48,589] {dag.py:2280} INFO - Setting next_dagrun for example_trigger_controller_dag to 2022-07-28 00:00:00+00:00
[2022-07-30 22:12:48,605] {scheduler_job.py:190} INFO - Processing /home/airflow/.local/lib/python3.6/site-packages/airflow/example_dags/example_trigger_controller_dag.py took 0.107 seconds
[2022-07-30 22:13:19,419] {scheduler_job.py:182} INFO - Started process (PID=951) to work on /home/airflow/.local/lib/python3.6/site-packages/airflow/example_dags/example_trigger_controller_dag.py
[2022-07-30 22:13:19,421] {scheduler_job.py:629} INFO - Processing file /home/airflow/.local/lib/python3.6/site-packages/airflow/example_dags/example_trigger_controller_dag.py for tasks to queue
[2022-07-30 22:13:19,425] {logging_mixin.py:104} INFO - [2022-07-30 22:13:19,424] {dagbag.py:451} INFO - Filling up the DagBag from /home/airflow/.local/lib/python3.6/site-packages/airflow/example_dags/example_trigger_controller_dag.py
[2022-07-30 22:13:19,500] {scheduler_job.py:639} INFO - DAG(s) dict_keys(['example_trigger_controller_dag']) retrieved from /home/airflow/.local/lib/python3.6/site-packages/airflow/example_dags/example_trigger_controller_dag.py
[2022-07-30 22:13:19,646] {logging_mixin.py:104} INFO - [2022-07-30 22:13:19,645] {dag.py:1824} INFO - Sync 1 DAGs
[2022-07-30 22:13:19,729] {logging_mixin.py:104} INFO - [2022-07-30 22:13:19,729] {dag.py:2280} INFO - Setting next_dagrun for example_trigger_controller_dag to 2022-07-28 00:00:00+00:00
[2022-07-30 22:13:19,821] {scheduler_job.py:190} INFO - Processing /home/airflow/.local/lib/python3.6/site-packages/airflow/example_dags/example_trigger_controller_dag.py took 0.413 seconds
[2022-07-30 22:13:50,635] {scheduler_job.py:182} INFO - Started process (PID=977) to work on /home/airflow/.local/lib/python3.6/site-packages/airflow/example_dags/example_trigger_controller_dag.py
[2022-07-30 22:13:50,638] {scheduler_job.py:629} INFO - Processing file /home/airflow/.local/lib/python3.6/site-packages/airflow/example_dags/example_trigger_controller_dag.py for tasks to queue
[2022-07-30 22:13:50,640] {logging_mixin.py:104} INFO - [2022-07-30 22:13:50,640] {dagbag.py:451} INFO - Filling up the DagBag from /home/airflow/.local/lib/python3.6/site-packages/airflow/example_dags/example_trigger_controller_dag.py
[2022-07-30 22:13:50,662] {scheduler_job.py:639} INFO - DAG(s) dict_keys(['example_trigger_controller_dag']) retrieved from /home/airflow/.local/lib/python3.6/site-packages/airflow/example_dags/example_trigger_controller_dag.py
[2022-07-30 22:13:50,694] {logging_mixin.py:104} INFO - [2022-07-30 22:13:50,694] {dag.py:1824} INFO - Sync 1 DAGs
[2022-07-30 22:13:50,716] {logging_mixin.py:104} INFO - [2022-07-30 22:13:50,716] {dag.py:2280} INFO - Setting next_dagrun for example_trigger_controller_dag to 2022-07-28 00:00:00+00:00
[2022-07-30 22:13:50,743] {scheduler_job.py:190} INFO - Processing /home/airflow/.local/lib/python3.6/site-packages/airflow/example_dags/example_trigger_controller_dag.py took 0.117 seconds
[2022-07-30 22:14:21,343] {scheduler_job.py:182} INFO - Started process (PID=1003) to work on /home/airflow/.local/lib/python3.6/site-packages/airflow/example_dags/example_trigger_controller_dag.py
[2022-07-30 22:14:21,348] {scheduler_job.py:629} INFO - Processing file /home/airflow/.local/lib/python3.6/site-packages/airflow/example_dags/example_trigger_controller_dag.py for tasks to queue
[2022-07-30 22:14:21,351] {logging_mixin.py:104} INFO - [2022-07-30 22:14:21,351] {dagbag.py:451} INFO - Filling up the DagBag from /home/airflow/.local/lib/python3.6/site-packages/airflow/example_dags/example_trigger_controller_dag.py
[2022-07-30 22:14:21,393] {scheduler_job.py:639} INFO - DAG(s) dict_keys(['example_trigger_controller_dag']) retrieved from /home/airflow/.local/lib/python3.6/site-packages/airflow/example_dags/example_trigger_controller_dag.py
[2022-07-30 22:14:21,446] {logging_mixin.py:104} INFO - [2022-07-30 22:14:21,446] {dag.py:1824} INFO - Sync 1 DAGs
[2022-07-30 22:14:21,487] {logging_mixin.py:104} INFO - [2022-07-30 22:14:21,487] {dag.py:2280} INFO - Setting next_dagrun for example_trigger_controller_dag to 2022-07-28 00:00:00+00:00
[2022-07-30 22:14:21,506] {scheduler_job.py:190} INFO - Processing /home/airflow/.local/lib/python3.6/site-packages/airflow/example_dags/example_trigger_controller_dag.py took 0.171 seconds
[2022-07-30 22:14:51,890] {scheduler_job.py:182} INFO - Started process (PID=1029) to work on /home/airflow/.local/lib/python3.6/site-packages/airflow/example_dags/example_trigger_controller_dag.py
[2022-07-30 22:14:51,892] {scheduler_job.py:629} INFO - Processing file /home/airflow/.local/lib/python3.6/site-packages/airflow/example_dags/example_trigger_controller_dag.py for tasks to queue
[2022-07-30 22:14:51,894] {logging_mixin.py:104} INFO - [2022-07-30 22:14:51,894] {dagbag.py:451} INFO - Filling up the DagBag from /home/airflow/.local/lib/python3.6/site-packages/airflow/example_dags/example_trigger_controller_dag.py
[2022-07-30 22:14:51,915] {scheduler_job.py:639} INFO - DAG(s) dict_keys(['example_trigger_controller_dag']) retrieved from /home/airflow/.local/lib/python3.6/site-packages/airflow/example_dags/example_trigger_controller_dag.py
[2022-07-30 22:14:51,957] {logging_mixin.py:104} INFO - [2022-07-30 22:14:51,957] {dag.py:1824} INFO - Sync 1 DAGs
[2022-07-30 22:14:51,986] {logging_mixin.py:104} INFO - [2022-07-30 22:14:51,986] {dag.py:2280} INFO - Setting next_dagrun for example_trigger_controller_dag to 2022-07-28 00:00:00+00:00
[2022-07-30 22:14:52,023] {scheduler_job.py:190} INFO - Processing /home/airflow/.local/lib/python3.6/site-packages/airflow/example_dags/example_trigger_controller_dag.py took 0.137 seconds
[2022-07-30 22:15:22,537] {scheduler_job.py:182} INFO - Started process (PID=1055) to work on /home/airflow/.local/lib/python3.6/site-packages/airflow/example_dags/example_trigger_controller_dag.py
[2022-07-30 22:15:22,541] {scheduler_job.py:629} INFO - Processing file /home/airflow/.local/lib/python3.6/site-packages/airflow/example_dags/example_trigger_controller_dag.py for tasks to queue
[2022-07-30 22:15:22,544] {logging_mixin.py:104} INFO - [2022-07-30 22:15:22,544] {dagbag.py:451} INFO - Filling up the DagBag from /home/airflow/.local/lib/python3.6/site-packages/airflow/example_dags/example_trigger_controller_dag.py
[2022-07-30 22:15:22,576] {scheduler_job.py:639} INFO - DAG(s) dict_keys(['example_trigger_controller_dag']) retrieved from /home/airflow/.local/lib/python3.6/site-packages/airflow/example_dags/example_trigger_controller_dag.py
[2022-07-30 22:15:22,622] {logging_mixin.py:104} INFO - [2022-07-30 22:15:22,621] {dag.py:1824} INFO - Sync 1 DAGs
[2022-07-30 22:15:22,651] {logging_mixin.py:104} INFO - [2022-07-30 22:15:22,651] {dag.py:2280} INFO - Setting next_dagrun for example_trigger_controller_dag to 2022-07-28 00:00:00+00:00
[2022-07-30 22:15:22,683] {scheduler_job.py:190} INFO - Processing /home/airflow/.local/lib/python3.6/site-packages/airflow/example_dags/example_trigger_controller_dag.py took 0.164 seconds
[2022-07-30 22:15:53,079] {scheduler_job.py:182} INFO - Started process (PID=1081) to work on /home/airflow/.local/lib/python3.6/site-packages/airflow/example_dags/example_trigger_controller_dag.py
[2022-07-30 22:15:53,081] {scheduler_job.py:629} INFO - Processing file /home/airflow/.local/lib/python3.6/site-packages/airflow/example_dags/example_trigger_controller_dag.py for tasks to queue
[2022-07-30 22:15:53,083] {logging_mixin.py:104} INFO - [2022-07-30 22:15:53,082] {dagbag.py:451} INFO - Filling up the DagBag from /home/airflow/.local/lib/python3.6/site-packages/airflow/example_dags/example_trigger_controller_dag.py
[2022-07-30 22:15:53,107] {scheduler_job.py:639} INFO - DAG(s) dict_keys(['example_trigger_controller_dag']) retrieved from /home/airflow/.local/lib/python3.6/site-packages/airflow/example_dags/example_trigger_controller_dag.py
[2022-07-30 22:15:53,154] {logging_mixin.py:104} INFO - [2022-07-30 22:15:53,154] {dag.py:1824} INFO - Sync 1 DAGs
[2022-07-30 22:15:53,187] {logging_mixin.py:104} INFO - [2022-07-30 22:15:53,187] {dag.py:2280} INFO - Setting next_dagrun for example_trigger_controller_dag to 2022-07-28 00:00:00+00:00
[2022-07-30 22:15:53,214] {scheduler_job.py:190} INFO - Processing /home/airflow/.local/lib/python3.6/site-packages/airflow/example_dags/example_trigger_controller_dag.py took 0.140 seconds
[2022-07-30 22:16:23,301] {scheduler_job.py:182} INFO - Started process (PID=1107) to work on /home/airflow/.local/lib/python3.6/site-packages/airflow/example_dags/example_trigger_controller_dag.py
[2022-07-30 22:16:23,304] {scheduler_job.py:629} INFO - Processing file /home/airflow/.local/lib/python3.6/site-packages/airflow/example_dags/example_trigger_controller_dag.py for tasks to queue
[2022-07-30 22:16:23,305] {logging_mixin.py:104} INFO - [2022-07-30 22:16:23,305] {dagbag.py:451} INFO - Filling up the DagBag from /home/airflow/.local/lib/python3.6/site-packages/airflow/example_dags/example_trigger_controller_dag.py
[2022-07-30 22:16:23,329] {scheduler_job.py:639} INFO - DAG(s) dict_keys(['example_trigger_controller_dag']) retrieved from /home/airflow/.local/lib/python3.6/site-packages/airflow/example_dags/example_trigger_controller_dag.py
[2022-07-30 22:16:23,372] {logging_mixin.py:104} INFO - [2022-07-30 22:16:23,372] {dag.py:1824} INFO - Sync 1 DAGs
[2022-07-30 22:16:23,402] {logging_mixin.py:104} INFO - [2022-07-30 22:16:23,402] {dag.py:2280} INFO - Setting next_dagrun for example_trigger_controller_dag to 2022-07-28 00:00:00+00:00
[2022-07-30 22:16:23,425] {scheduler_job.py:190} INFO - Processing /home/airflow/.local/lib/python3.6/site-packages/airflow/example_dags/example_trigger_controller_dag.py took 0.128 seconds
[2022-07-30 22:16:53,623] {scheduler_job.py:182} INFO - Started process (PID=1133) to work on /home/airflow/.local/lib/python3.6/site-packages/airflow/example_dags/example_trigger_controller_dag.py
[2022-07-30 22:16:53,629] {scheduler_job.py:629} INFO - Processing file /home/airflow/.local/lib/python3.6/site-packages/airflow/example_dags/example_trigger_controller_dag.py for tasks to queue
[2022-07-30 22:16:53,631] {logging_mixin.py:104} INFO - [2022-07-30 22:16:53,631] {dagbag.py:451} INFO - Filling up the DagBag from /home/airflow/.local/lib/python3.6/site-packages/airflow/example_dags/example_trigger_controller_dag.py
[2022-07-30 22:16:53,674] {scheduler_job.py:639} INFO - DAG(s) dict_keys(['example_trigger_controller_dag']) retrieved from /home/airflow/.local/lib/python3.6/site-packages/airflow/example_dags/example_trigger_controller_dag.py
[2022-07-30 22:16:53,772] {logging_mixin.py:104} INFO - [2022-07-30 22:16:53,772] {dag.py:1824} INFO - Sync 1 DAGs
[2022-07-30 22:16:53,840] {logging_mixin.py:104} INFO - [2022-07-30 22:16:53,840] {dag.py:2280} INFO - Setting next_dagrun for example_trigger_controller_dag to 2022-07-28 00:00:00+00:00
[2022-07-30 22:16:53,903] {scheduler_job.py:190} INFO - Processing /home/airflow/.local/lib/python3.6/site-packages/airflow/example_dags/example_trigger_controller_dag.py took 0.298 seconds
[2022-07-30 22:17:24,789] {scheduler_job.py:182} INFO - Started process (PID=1159) to work on /home/airflow/.local/lib/python3.6/site-packages/airflow/example_dags/example_trigger_controller_dag.py
[2022-07-30 22:17:24,793] {scheduler_job.py:629} INFO - Processing file /home/airflow/.local/lib/python3.6/site-packages/airflow/example_dags/example_trigger_controller_dag.py for tasks to queue
[2022-07-30 22:17:24,796] {logging_mixin.py:104} INFO - [2022-07-30 22:17:24,795] {dagbag.py:451} INFO - Filling up the DagBag from /home/airflow/.local/lib/python3.6/site-packages/airflow/example_dags/example_trigger_controller_dag.py
[2022-07-30 22:17:24,833] {scheduler_job.py:639} INFO - DAG(s) dict_keys(['example_trigger_controller_dag']) retrieved from /home/airflow/.local/lib/python3.6/site-packages/airflow/example_dags/example_trigger_controller_dag.py
[2022-07-30 22:17:24,939] {logging_mixin.py:104} INFO - [2022-07-30 22:17:24,939] {dag.py:1824} INFO - Sync 1 DAGs
[2022-07-30 22:17:24,993] {logging_mixin.py:104} INFO - [2022-07-30 22:17:24,993] {dag.py:2280} INFO - Setting next_dagrun for example_trigger_controller_dag to 2022-07-28 00:00:00+00:00
[2022-07-30 22:17:25,023] {scheduler_job.py:190} INFO - Processing /home/airflow/.local/lib/python3.6/site-packages/airflow/example_dags/example_trigger_controller_dag.py took 0.245 seconds
[2022-07-30 22:17:55,568] {scheduler_job.py:182} INFO - Started process (PID=1185) to work on /home/airflow/.local/lib/python3.6/site-packages/airflow/example_dags/example_trigger_controller_dag.py
[2022-07-30 22:17:55,570] {scheduler_job.py:629} INFO - Processing file /home/airflow/.local/lib/python3.6/site-packages/airflow/example_dags/example_trigger_controller_dag.py for tasks to queue
[2022-07-30 22:17:55,572] {logging_mixin.py:104} INFO - [2022-07-30 22:17:55,572] {dagbag.py:451} INFO - Filling up the DagBag from /home/airflow/.local/lib/python3.6/site-packages/airflow/example_dags/example_trigger_controller_dag.py
[2022-07-30 22:17:55,610] {scheduler_job.py:639} INFO - DAG(s) dict_keys(['example_trigger_controller_dag']) retrieved from /home/airflow/.local/lib/python3.6/site-packages/airflow/example_dags/example_trigger_controller_dag.py
[2022-07-30 22:17:55,658] {logging_mixin.py:104} INFO - [2022-07-30 22:17:55,657] {dag.py:1824} INFO - Sync 1 DAGs
[2022-07-30 22:17:55,686] {logging_mixin.py:104} INFO - [2022-07-30 22:17:55,686] {dag.py:2280} INFO - Setting next_dagrun for example_trigger_controller_dag to 2022-07-28 00:00:00+00:00
[2022-07-30 22:17:55,705] {scheduler_job.py:190} INFO - Processing /home/airflow/.local/lib/python3.6/site-packages/airflow/example_dags/example_trigger_controller_dag.py took 0.152 seconds
[2022-07-30 22:18:26,462] {scheduler_job.py:182} INFO - Started process (PID=1211) to work on /home/airflow/.local/lib/python3.6/site-packages/airflow/example_dags/example_trigger_controller_dag.py
[2022-07-30 22:18:26,467] {scheduler_job.py:629} INFO - Processing file /home/airflow/.local/lib/python3.6/site-packages/airflow/example_dags/example_trigger_controller_dag.py for tasks to queue
[2022-07-30 22:18:26,469] {logging_mixin.py:104} INFO - [2022-07-30 22:18:26,469] {dagbag.py:451} INFO - Filling up the DagBag from /home/airflow/.local/lib/python3.6/site-packages/airflow/example_dags/example_trigger_controller_dag.py
[2022-07-30 22:18:26,506] {scheduler_job.py:639} INFO - DAG(s) dict_keys(['example_trigger_controller_dag']) retrieved from /home/airflow/.local/lib/python3.6/site-packages/airflow/example_dags/example_trigger_controller_dag.py
[2022-07-30 22:18:26,568] {logging_mixin.py:104} INFO - [2022-07-30 22:18:26,568] {dag.py:1824} INFO - Sync 1 DAGs
[2022-07-30 22:18:26,602] {logging_mixin.py:104} INFO - [2022-07-30 22:18:26,602] {dag.py:2280} INFO - Setting next_dagrun for example_trigger_controller_dag to 2022-07-28 00:00:00+00:00
[2022-07-30 22:18:26,633] {scheduler_job.py:190} INFO - Processing /home/airflow/.local/lib/python3.6/site-packages/airflow/example_dags/example_trigger_controller_dag.py took 0.180 seconds
[2022-07-30 22:18:57,339] {scheduler_job.py:182} INFO - Started process (PID=1237) to work on /home/airflow/.local/lib/python3.6/site-packages/airflow/example_dags/example_trigger_controller_dag.py
[2022-07-30 22:18:57,342] {scheduler_job.py:629} INFO - Processing file /home/airflow/.local/lib/python3.6/site-packages/airflow/example_dags/example_trigger_controller_dag.py for tasks to queue
[2022-07-30 22:18:57,344] {logging_mixin.py:104} INFO - [2022-07-30 22:18:57,344] {dagbag.py:451} INFO - Filling up the DagBag from /home/airflow/.local/lib/python3.6/site-packages/airflow/example_dags/example_trigger_controller_dag.py
[2022-07-30 22:18:57,374] {scheduler_job.py:639} INFO - DAG(s) dict_keys(['example_trigger_controller_dag']) retrieved from /home/airflow/.local/lib/python3.6/site-packages/airflow/example_dags/example_trigger_controller_dag.py
[2022-07-30 22:18:57,421] {logging_mixin.py:104} INFO - [2022-07-30 22:18:57,421] {dag.py:1824} INFO - Sync 1 DAGs
[2022-07-30 22:18:57,459] {logging_mixin.py:104} INFO - [2022-07-30 22:18:57,458] {dag.py:2280} INFO - Setting next_dagrun for example_trigger_controller_dag to 2022-07-28 00:00:00+00:00
[2022-07-30 22:18:57,490] {scheduler_job.py:190} INFO - Processing /home/airflow/.local/lib/python3.6/site-packages/airflow/example_dags/example_trigger_controller_dag.py took 0.159 seconds
[2022-07-30 22:19:27,711] {scheduler_job.py:182} INFO - Started process (PID=1263) to work on /home/airflow/.local/lib/python3.6/site-packages/airflow/example_dags/example_trigger_controller_dag.py
[2022-07-30 22:19:27,717] {scheduler_job.py:629} INFO - Processing file /home/airflow/.local/lib/python3.6/site-packages/airflow/example_dags/example_trigger_controller_dag.py for tasks to queue
[2022-07-30 22:19:27,720] {logging_mixin.py:104} INFO - [2022-07-30 22:19:27,720] {dagbag.py:451} INFO - Filling up the DagBag from /home/airflow/.local/lib/python3.6/site-packages/airflow/example_dags/example_trigger_controller_dag.py
[2022-07-30 22:19:27,742] {scheduler_job.py:639} INFO - DAG(s) dict_keys(['example_trigger_controller_dag']) retrieved from /home/airflow/.local/lib/python3.6/site-packages/airflow/example_dags/example_trigger_controller_dag.py
[2022-07-30 22:19:27,812] {logging_mixin.py:104} INFO - [2022-07-30 22:19:27,812] {dag.py:1824} INFO - Sync 1 DAGs
[2022-07-30 22:19:27,866] {logging_mixin.py:104} INFO - [2022-07-30 22:19:27,866] {dag.py:2280} INFO - Setting next_dagrun for example_trigger_controller_dag to 2022-07-28 00:00:00+00:00
[2022-07-30 22:19:27,895] {scheduler_job.py:190} INFO - Processing /home/airflow/.local/lib/python3.6/site-packages/airflow/example_dags/example_trigger_controller_dag.py took 0.191 seconds
[2022-07-30 22:19:58,213] {scheduler_job.py:182} INFO - Started process (PID=1289) to work on /home/airflow/.local/lib/python3.6/site-packages/airflow/example_dags/example_trigger_controller_dag.py
[2022-07-30 22:19:58,216] {scheduler_job.py:629} INFO - Processing file /home/airflow/.local/lib/python3.6/site-packages/airflow/example_dags/example_trigger_controller_dag.py for tasks to queue
[2022-07-30 22:19:58,219] {logging_mixin.py:104} INFO - [2022-07-30 22:19:58,218] {dagbag.py:451} INFO - Filling up the DagBag from /home/airflow/.local/lib/python3.6/site-packages/airflow/example_dags/example_trigger_controller_dag.py
[2022-07-30 22:19:58,238] {scheduler_job.py:639} INFO - DAG(s) dict_keys(['example_trigger_controller_dag']) retrieved from /home/airflow/.local/lib/python3.6/site-packages/airflow/example_dags/example_trigger_controller_dag.py
[2022-07-30 22:19:58,287] {logging_mixin.py:104} INFO - [2022-07-30 22:19:58,286] {dag.py:1824} INFO - Sync 1 DAGs
[2022-07-30 22:19:58,321] {logging_mixin.py:104} INFO - [2022-07-30 22:19:58,321] {dag.py:2280} INFO - Setting next_dagrun for example_trigger_controller_dag to 2022-07-28 00:00:00+00:00
[2022-07-30 22:19:58,343] {scheduler_job.py:190} INFO - Processing /home/airflow/.local/lib/python3.6/site-packages/airflow/example_dags/example_trigger_controller_dag.py took 0.135 seconds
[2022-07-30 22:20:28,807] {scheduler_job.py:182} INFO - Started process (PID=1315) to work on /home/airflow/.local/lib/python3.6/site-packages/airflow/example_dags/example_trigger_controller_dag.py
[2022-07-30 22:20:28,819] {scheduler_job.py:629} INFO - Processing file /home/airflow/.local/lib/python3.6/site-packages/airflow/example_dags/example_trigger_controller_dag.py for tasks to queue
[2022-07-30 22:20:28,835] {logging_mixin.py:104} INFO - [2022-07-30 22:20:28,835] {dagbag.py:451} INFO - Filling up the DagBag from /home/airflow/.local/lib/python3.6/site-packages/airflow/example_dags/example_trigger_controller_dag.py
[2022-07-30 22:20:28,923] {scheduler_job.py:639} INFO - DAG(s) dict_keys(['example_trigger_controller_dag']) retrieved from /home/airflow/.local/lib/python3.6/site-packages/airflow/example_dags/example_trigger_controller_dag.py
[2022-07-30 22:20:29,023] {logging_mixin.py:104} INFO - [2022-07-30 22:20:29,023] {dag.py:1824} INFO - Sync 1 DAGs
[2022-07-30 22:20:29,087] {logging_mixin.py:104} INFO - [2022-07-30 22:20:29,087] {dag.py:2280} INFO - Setting next_dagrun for example_trigger_controller_dag to 2022-07-28 00:00:00+00:00
[2022-07-30 22:20:29,126] {scheduler_job.py:190} INFO - Processing /home/airflow/.local/lib/python3.6/site-packages/airflow/example_dags/example_trigger_controller_dag.py took 0.337 seconds
[2022-07-30 22:20:59,536] {scheduler_job.py:182} INFO - Started process (PID=1341) to work on /home/airflow/.local/lib/python3.6/site-packages/airflow/example_dags/example_trigger_controller_dag.py
[2022-07-30 22:20:59,555] {scheduler_job.py:629} INFO - Processing file /home/airflow/.local/lib/python3.6/site-packages/airflow/example_dags/example_trigger_controller_dag.py for tasks to queue
[2022-07-30 22:20:59,558] {logging_mixin.py:104} INFO - [2022-07-30 22:20:59,558] {dagbag.py:451} INFO - Filling up the DagBag from /home/airflow/.local/lib/python3.6/site-packages/airflow/example_dags/example_trigger_controller_dag.py
[2022-07-30 22:20:59,646] {scheduler_job.py:639} INFO - DAG(s) dict_keys(['example_trigger_controller_dag']) retrieved from /home/airflow/.local/lib/python3.6/site-packages/airflow/example_dags/example_trigger_controller_dag.py
[2022-07-30 22:20:59,880] {logging_mixin.py:104} INFO - [2022-07-30 22:20:59,880] {dag.py:1824} INFO - Sync 1 DAGs
[2022-07-30 22:21:00,002] {logging_mixin.py:104} INFO - [2022-07-30 22:21:00,002] {dag.py:2280} INFO - Setting next_dagrun for example_trigger_controller_dag to 2022-07-28 00:00:00+00:00
[2022-07-30 22:21:00,063] {scheduler_job.py:190} INFO - Processing /home/airflow/.local/lib/python3.6/site-packages/airflow/example_dags/example_trigger_controller_dag.py took 0.564 seconds
[2022-07-30 22:21:31,056] {scheduler_job.py:182} INFO - Started process (PID=1367) to work on /home/airflow/.local/lib/python3.6/site-packages/airflow/example_dags/example_trigger_controller_dag.py
[2022-07-30 22:21:31,060] {scheduler_job.py:629} INFO - Processing file /home/airflow/.local/lib/python3.6/site-packages/airflow/example_dags/example_trigger_controller_dag.py for tasks to queue
[2022-07-30 22:21:31,062] {logging_mixin.py:104} INFO - [2022-07-30 22:21:31,061] {dagbag.py:451} INFO - Filling up the DagBag from /home/airflow/.local/lib/python3.6/site-packages/airflow/example_dags/example_trigger_controller_dag.py
[2022-07-30 22:21:31,086] {scheduler_job.py:639} INFO - DAG(s) dict_keys(['example_trigger_controller_dag']) retrieved from /home/airflow/.local/lib/python3.6/site-packages/airflow/example_dags/example_trigger_controller_dag.py
[2022-07-30 22:21:31,119] {logging_mixin.py:104} INFO - [2022-07-30 22:21:31,119] {dag.py:1824} INFO - Sync 1 DAGs
[2022-07-30 22:21:31,142] {logging_mixin.py:104} INFO - [2022-07-30 22:21:31,141] {dag.py:2280} INFO - Setting next_dagrun for example_trigger_controller_dag to 2022-07-28 00:00:00+00:00
[2022-07-30 22:21:31,157] {scheduler_job.py:190} INFO - Processing /home/airflow/.local/lib/python3.6/site-packages/airflow/example_dags/example_trigger_controller_dag.py took 0.115 seconds
[2022-07-30 22:22:01,440] {scheduler_job.py:182} INFO - Started process (PID=1393) to work on /home/airflow/.local/lib/python3.6/site-packages/airflow/example_dags/example_trigger_controller_dag.py
[2022-07-30 22:22:01,444] {scheduler_job.py:629} INFO - Processing file /home/airflow/.local/lib/python3.6/site-packages/airflow/example_dags/example_trigger_controller_dag.py for tasks to queue
[2022-07-30 22:22:01,446] {logging_mixin.py:104} INFO - [2022-07-30 22:22:01,446] {dagbag.py:451} INFO - Filling up the DagBag from /home/airflow/.local/lib/python3.6/site-packages/airflow/example_dags/example_trigger_controller_dag.py
[2022-07-30 22:22:01,479] {scheduler_job.py:639} INFO - DAG(s) dict_keys(['example_trigger_controller_dag']) retrieved from /home/airflow/.local/lib/python3.6/site-packages/airflow/example_dags/example_trigger_controller_dag.py
[2022-07-30 22:22:01,527] {logging_mixin.py:104} INFO - [2022-07-30 22:22:01,526] {dag.py:1824} INFO - Sync 1 DAGs
[2022-07-30 22:22:01,551] {logging_mixin.py:104} INFO - [2022-07-30 22:22:01,551] {dag.py:2280} INFO - Setting next_dagrun for example_trigger_controller_dag to 2022-07-28 00:00:00+00:00
[2022-07-30 22:22:01,569] {scheduler_job.py:190} INFO - Processing /home/airflow/.local/lib/python3.6/site-packages/airflow/example_dags/example_trigger_controller_dag.py took 0.135 seconds
[2022-07-30 22:22:32,093] {scheduler_job.py:182} INFO - Started process (PID=1419) to work on /home/airflow/.local/lib/python3.6/site-packages/airflow/example_dags/example_trigger_controller_dag.py
[2022-07-30 22:22:32,109] {scheduler_job.py:629} INFO - Processing file /home/airflow/.local/lib/python3.6/site-packages/airflow/example_dags/example_trigger_controller_dag.py for tasks to queue
[2022-07-30 22:22:32,114] {logging_mixin.py:104} INFO - [2022-07-30 22:22:32,113] {dagbag.py:451} INFO - Filling up the DagBag from /home/airflow/.local/lib/python3.6/site-packages/airflow/example_dags/example_trigger_controller_dag.py
[2022-07-30 22:22:32,156] {scheduler_job.py:639} INFO - DAG(s) dict_keys(['example_trigger_controller_dag']) retrieved from /home/airflow/.local/lib/python3.6/site-packages/airflow/example_dags/example_trigger_controller_dag.py
[2022-07-30 22:22:32,246] {logging_mixin.py:104} INFO - [2022-07-30 22:22:32,246] {dag.py:1824} INFO - Sync 1 DAGs
[2022-07-30 22:22:32,275] {logging_mixin.py:104} INFO - [2022-07-30 22:22:32,275] {dag.py:2280} INFO - Setting next_dagrun for example_trigger_controller_dag to 2022-07-28 00:00:00+00:00
[2022-07-30 22:22:32,306] {scheduler_job.py:190} INFO - Processing /home/airflow/.local/lib/python3.6/site-packages/airflow/example_dags/example_trigger_controller_dag.py took 0.247 seconds
[2022-07-30 22:23:03,349] {scheduler_job.py:182} INFO - Started process (PID=1445) to work on /home/airflow/.local/lib/python3.6/site-packages/airflow/example_dags/example_trigger_controller_dag.py
[2022-07-30 22:23:03,351] {scheduler_job.py:629} INFO - Processing file /home/airflow/.local/lib/python3.6/site-packages/airflow/example_dags/example_trigger_controller_dag.py for tasks to queue
[2022-07-30 22:23:03,353] {logging_mixin.py:104} INFO - [2022-07-30 22:23:03,353] {dagbag.py:451} INFO - Filling up the DagBag from /home/airflow/.local/lib/python3.6/site-packages/airflow/example_dags/example_trigger_controller_dag.py
[2022-07-30 22:23:03,368] {scheduler_job.py:639} INFO - DAG(s) dict_keys(['example_trigger_controller_dag']) retrieved from /home/airflow/.local/lib/python3.6/site-packages/airflow/example_dags/example_trigger_controller_dag.py
[2022-07-30 22:23:03,400] {logging_mixin.py:104} INFO - [2022-07-30 22:23:03,400] {dag.py:1824} INFO - Sync 1 DAGs
[2022-07-30 22:23:03,423] {logging_mixin.py:104} INFO - [2022-07-30 22:23:03,423] {dag.py:2280} INFO - Setting next_dagrun for example_trigger_controller_dag to 2022-07-28 00:00:00+00:00
[2022-07-30 22:23:03,440] {scheduler_job.py:190} INFO - Processing /home/airflow/.local/lib/python3.6/site-packages/airflow/example_dags/example_trigger_controller_dag.py took 0.097 seconds
[2022-07-30 22:23:34,006] {scheduler_job.py:182} INFO - Started process (PID=1471) to work on /home/airflow/.local/lib/python3.6/site-packages/airflow/example_dags/example_trigger_controller_dag.py
[2022-07-30 22:23:34,009] {scheduler_job.py:629} INFO - Processing file /home/airflow/.local/lib/python3.6/site-packages/airflow/example_dags/example_trigger_controller_dag.py for tasks to queue
[2022-07-30 22:23:34,011] {logging_mixin.py:104} INFO - [2022-07-30 22:23:34,011] {dagbag.py:451} INFO - Filling up the DagBag from /home/airflow/.local/lib/python3.6/site-packages/airflow/example_dags/example_trigger_controller_dag.py
[2022-07-30 22:23:34,044] {scheduler_job.py:639} INFO - DAG(s) dict_keys(['example_trigger_controller_dag']) retrieved from /home/airflow/.local/lib/python3.6/site-packages/airflow/example_dags/example_trigger_controller_dag.py
[2022-07-30 22:23:34,127] {logging_mixin.py:104} INFO - [2022-07-30 22:23:34,127] {dag.py:1824} INFO - Sync 1 DAGs
[2022-07-30 22:23:34,171] {logging_mixin.py:104} INFO - [2022-07-30 22:23:34,170] {dag.py:2280} INFO - Setting next_dagrun for example_trigger_controller_dag to 2022-07-28 00:00:00+00:00
[2022-07-30 22:23:34,194] {scheduler_job.py:190} INFO - Processing /home/airflow/.local/lib/python3.6/site-packages/airflow/example_dags/example_trigger_controller_dag.py took 0.193 seconds
[2022-07-30 22:24:04,843] {scheduler_job.py:182} INFO - Started process (PID=1497) to work on /home/airflow/.local/lib/python3.6/site-packages/airflow/example_dags/example_trigger_controller_dag.py
[2022-07-30 22:24:04,846] {scheduler_job.py:629} INFO - Processing file /home/airflow/.local/lib/python3.6/site-packages/airflow/example_dags/example_trigger_controller_dag.py for tasks to queue
[2022-07-30 22:24:04,848] {logging_mixin.py:104} INFO - [2022-07-30 22:24:04,848] {dagbag.py:451} INFO - Filling up the DagBag from /home/airflow/.local/lib/python3.6/site-packages/airflow/example_dags/example_trigger_controller_dag.py
[2022-07-30 22:24:04,887] {scheduler_job.py:639} INFO - DAG(s) dict_keys(['example_trigger_controller_dag']) retrieved from /home/airflow/.local/lib/python3.6/site-packages/airflow/example_dags/example_trigger_controller_dag.py
[2022-07-30 22:24:04,956] {logging_mixin.py:104} INFO - [2022-07-30 22:24:04,956] {dag.py:1824} INFO - Sync 1 DAGs
[2022-07-30 22:24:05,001] {logging_mixin.py:104} INFO - [2022-07-30 22:24:05,000] {dag.py:2280} INFO - Setting next_dagrun for example_trigger_controller_dag to 2022-07-28 00:00:00+00:00
[2022-07-30 22:24:05,027] {scheduler_job.py:190} INFO - Processing /home/airflow/.local/lib/python3.6/site-packages/airflow/example_dags/example_trigger_controller_dag.py took 0.201 seconds
[2022-07-30 22:24:35,243] {scheduler_job.py:182} INFO - Started process (PID=1522) to work on /home/airflow/.local/lib/python3.6/site-packages/airflow/example_dags/example_trigger_controller_dag.py
[2022-07-30 22:24:35,247] {scheduler_job.py:629} INFO - Processing file /home/airflow/.local/lib/python3.6/site-packages/airflow/example_dags/example_trigger_controller_dag.py for tasks to queue
[2022-07-30 22:24:35,249] {logging_mixin.py:104} INFO - [2022-07-30 22:24:35,249] {dagbag.py:451} INFO - Filling up the DagBag from /home/airflow/.local/lib/python3.6/site-packages/airflow/example_dags/example_trigger_controller_dag.py
[2022-07-30 22:24:35,275] {scheduler_job.py:639} INFO - DAG(s) dict_keys(['example_trigger_controller_dag']) retrieved from /home/airflow/.local/lib/python3.6/site-packages/airflow/example_dags/example_trigger_controller_dag.py
[2022-07-30 22:24:35,306] {logging_mixin.py:104} INFO - [2022-07-30 22:24:35,306] {dag.py:1824} INFO - Sync 1 DAGs
[2022-07-30 22:24:35,329] {logging_mixin.py:104} INFO - [2022-07-30 22:24:35,329] {dag.py:2280} INFO - Setting next_dagrun for example_trigger_controller_dag to 2022-07-28 00:00:00+00:00
[2022-07-30 22:24:35,348] {scheduler_job.py:190} INFO - Processing /home/airflow/.local/lib/python3.6/site-packages/airflow/example_dags/example_trigger_controller_dag.py took 0.117 seconds
[2022-07-30 22:25:05,799] {scheduler_job.py:182} INFO - Started process (PID=1549) to work on /home/airflow/.local/lib/python3.6/site-packages/airflow/example_dags/example_trigger_controller_dag.py
[2022-07-30 22:25:05,803] {scheduler_job.py:629} INFO - Processing file /home/airflow/.local/lib/python3.6/site-packages/airflow/example_dags/example_trigger_controller_dag.py for tasks to queue
[2022-07-30 22:25:05,807] {logging_mixin.py:104} INFO - [2022-07-30 22:25:05,807] {dagbag.py:451} INFO - Filling up the DagBag from /home/airflow/.local/lib/python3.6/site-packages/airflow/example_dags/example_trigger_controller_dag.py
[2022-07-30 22:25:05,828] {scheduler_job.py:639} INFO - DAG(s) dict_keys(['example_trigger_controller_dag']) retrieved from /home/airflow/.local/lib/python3.6/site-packages/airflow/example_dags/example_trigger_controller_dag.py
[2022-07-30 22:25:05,873] {logging_mixin.py:104} INFO - [2022-07-30 22:25:05,873] {dag.py:1824} INFO - Sync 1 DAGs
[2022-07-30 22:25:05,911] {logging_mixin.py:104} INFO - [2022-07-30 22:25:05,910] {dag.py:2280} INFO - Setting next_dagrun for example_trigger_controller_dag to 2022-07-28 00:00:00+00:00
[2022-07-30 22:25:05,949] {scheduler_job.py:190} INFO - Processing /home/airflow/.local/lib/python3.6/site-packages/airflow/example_dags/example_trigger_controller_dag.py took 0.173 seconds
[2022-07-30 22:25:36,307] {scheduler_job.py:182} INFO - Started process (PID=1574) to work on /home/airflow/.local/lib/python3.6/site-packages/airflow/example_dags/example_trigger_controller_dag.py
[2022-07-30 22:25:36,313] {scheduler_job.py:629} INFO - Processing file /home/airflow/.local/lib/python3.6/site-packages/airflow/example_dags/example_trigger_controller_dag.py for tasks to queue
[2022-07-30 22:25:36,318] {logging_mixin.py:104} INFO - [2022-07-30 22:25:36,317] {dagbag.py:451} INFO - Filling up the DagBag from /home/airflow/.local/lib/python3.6/site-packages/airflow/example_dags/example_trigger_controller_dag.py
[2022-07-30 22:25:36,362] {scheduler_job.py:639} INFO - DAG(s) dict_keys(['example_trigger_controller_dag']) retrieved from /home/airflow/.local/lib/python3.6/site-packages/airflow/example_dags/example_trigger_controller_dag.py
[2022-07-30 22:25:36,417] {logging_mixin.py:104} INFO - [2022-07-30 22:25:36,417] {dag.py:1824} INFO - Sync 1 DAGs
[2022-07-30 22:25:36,444] {logging_mixin.py:104} INFO - [2022-07-30 22:25:36,443] {dag.py:2280} INFO - Setting next_dagrun for example_trigger_controller_dag to 2022-07-28 00:00:00+00:00
[2022-07-30 22:25:36,459] {scheduler_job.py:190} INFO - Processing /home/airflow/.local/lib/python3.6/site-packages/airflow/example_dags/example_trigger_controller_dag.py took 0.166 seconds
[2022-07-30 22:26:06,890] {scheduler_job.py:182} INFO - Started process (PID=1601) to work on /home/airflow/.local/lib/python3.6/site-packages/airflow/example_dags/example_trigger_controller_dag.py
[2022-07-30 22:26:06,893] {scheduler_job.py:629} INFO - Processing file /home/airflow/.local/lib/python3.6/site-packages/airflow/example_dags/example_trigger_controller_dag.py for tasks to queue
[2022-07-30 22:26:06,895] {logging_mixin.py:104} INFO - [2022-07-30 22:26:06,894] {dagbag.py:451} INFO - Filling up the DagBag from /home/airflow/.local/lib/python3.6/site-packages/airflow/example_dags/example_trigger_controller_dag.py
[2022-07-30 22:26:06,926] {scheduler_job.py:639} INFO - DAG(s) dict_keys(['example_trigger_controller_dag']) retrieved from /home/airflow/.local/lib/python3.6/site-packages/airflow/example_dags/example_trigger_controller_dag.py
[2022-07-30 22:26:06,979] {logging_mixin.py:104} INFO - [2022-07-30 22:26:06,979] {dag.py:1824} INFO - Sync 1 DAGs
[2022-07-30 22:26:07,025] {logging_mixin.py:104} INFO - [2022-07-30 22:26:07,024] {dag.py:2280} INFO - Setting next_dagrun for example_trigger_controller_dag to 2022-07-28 00:00:00+00:00
[2022-07-30 22:26:07,049] {scheduler_job.py:190} INFO - Processing /home/airflow/.local/lib/python3.6/site-packages/airflow/example_dags/example_trigger_controller_dag.py took 0.168 seconds
[2022-07-30 22:26:37,296] {scheduler_job.py:182} INFO - Started process (PID=1626) to work on /home/airflow/.local/lib/python3.6/site-packages/airflow/example_dags/example_trigger_controller_dag.py
[2022-07-30 22:26:37,305] {scheduler_job.py:629} INFO - Processing file /home/airflow/.local/lib/python3.6/site-packages/airflow/example_dags/example_trigger_controller_dag.py for tasks to queue
[2022-07-30 22:26:37,308] {logging_mixin.py:104} INFO - [2022-07-30 22:26:37,307] {dagbag.py:451} INFO - Filling up the DagBag from /home/airflow/.local/lib/python3.6/site-packages/airflow/example_dags/example_trigger_controller_dag.py
[2022-07-30 22:26:37,346] {scheduler_job.py:639} INFO - DAG(s) dict_keys(['example_trigger_controller_dag']) retrieved from /home/airflow/.local/lib/python3.6/site-packages/airflow/example_dags/example_trigger_controller_dag.py
[2022-07-30 22:26:37,404] {logging_mixin.py:104} INFO - [2022-07-30 22:26:37,403] {dag.py:1824} INFO - Sync 1 DAGs
[2022-07-30 22:26:37,445] {logging_mixin.py:104} INFO - [2022-07-30 22:26:37,444] {dag.py:2280} INFO - Setting next_dagrun for example_trigger_controller_dag to 2022-07-28 00:00:00+00:00
[2022-07-30 22:26:37,468] {scheduler_job.py:190} INFO - Processing /home/airflow/.local/lib/python3.6/site-packages/airflow/example_dags/example_trigger_controller_dag.py took 0.191 seconds
[2022-07-30 22:27:08,338] {scheduler_job.py:182} INFO - Started process (PID=1653) to work on /home/airflow/.local/lib/python3.6/site-packages/airflow/example_dags/example_trigger_controller_dag.py
[2022-07-30 22:27:08,347] {scheduler_job.py:629} INFO - Processing file /home/airflow/.local/lib/python3.6/site-packages/airflow/example_dags/example_trigger_controller_dag.py for tasks to queue
[2022-07-30 22:27:08,353] {logging_mixin.py:104} INFO - [2022-07-30 22:27:08,352] {dagbag.py:451} INFO - Filling up the DagBag from /home/airflow/.local/lib/python3.6/site-packages/airflow/example_dags/example_trigger_controller_dag.py
[2022-07-30 22:27:08,446] {scheduler_job.py:639} INFO - DAG(s) dict_keys(['example_trigger_controller_dag']) retrieved from /home/airflow/.local/lib/python3.6/site-packages/airflow/example_dags/example_trigger_controller_dag.py
[2022-07-30 22:27:08,544] {logging_mixin.py:104} INFO - [2022-07-30 22:27:08,544] {dag.py:1824} INFO - Sync 1 DAGs
[2022-07-30 22:27:08,578] {logging_mixin.py:104} INFO - [2022-07-30 22:27:08,577] {dag.py:2280} INFO - Setting next_dagrun for example_trigger_controller_dag to 2022-07-28 00:00:00+00:00
[2022-07-30 22:27:08,601] {scheduler_job.py:190} INFO - Processing /home/airflow/.local/lib/python3.6/site-packages/airflow/example_dags/example_trigger_controller_dag.py took 0.281 seconds
[2022-07-30 22:27:39,465] {scheduler_job.py:182} INFO - Started process (PID=1679) to work on /home/airflow/.local/lib/python3.6/site-packages/airflow/example_dags/example_trigger_controller_dag.py
[2022-07-30 22:27:39,476] {scheduler_job.py:629} INFO - Processing file /home/airflow/.local/lib/python3.6/site-packages/airflow/example_dags/example_trigger_controller_dag.py for tasks to queue
[2022-07-30 22:27:39,486] {logging_mixin.py:104} INFO - [2022-07-30 22:27:39,486] {dagbag.py:451} INFO - Filling up the DagBag from /home/airflow/.local/lib/python3.6/site-packages/airflow/example_dags/example_trigger_controller_dag.py
[2022-07-30 22:27:39,548] {scheduler_job.py:639} INFO - DAG(s) dict_keys(['example_trigger_controller_dag']) retrieved from /home/airflow/.local/lib/python3.6/site-packages/airflow/example_dags/example_trigger_controller_dag.py
[2022-07-30 22:27:39,655] {logging_mixin.py:104} INFO - [2022-07-30 22:27:39,654] {dag.py:1824} INFO - Sync 1 DAGs
[2022-07-30 22:27:39,772] {logging_mixin.py:104} INFO - [2022-07-30 22:27:39,772] {dag.py:2280} INFO - Setting next_dagrun for example_trigger_controller_dag to 2022-07-28 00:00:00+00:00
[2022-07-30 22:27:39,936] {scheduler_job.py:190} INFO - Processing /home/airflow/.local/lib/python3.6/site-packages/airflow/example_dags/example_trigger_controller_dag.py took 0.476 seconds
[2022-07-30 22:28:10,229] {scheduler_job.py:182} INFO - Started process (PID=1705) to work on /home/airflow/.local/lib/python3.6/site-packages/airflow/example_dags/example_trigger_controller_dag.py
[2022-07-30 22:28:10,239] {scheduler_job.py:629} INFO - Processing file /home/airflow/.local/lib/python3.6/site-packages/airflow/example_dags/example_trigger_controller_dag.py for tasks to queue
[2022-07-30 22:28:10,241] {logging_mixin.py:104} INFO - [2022-07-30 22:28:10,241] {dagbag.py:451} INFO - Filling up the DagBag from /home/airflow/.local/lib/python3.6/site-packages/airflow/example_dags/example_trigger_controller_dag.py
[2022-07-30 22:28:10,276] {scheduler_job.py:639} INFO - DAG(s) dict_keys(['example_trigger_controller_dag']) retrieved from /home/airflow/.local/lib/python3.6/site-packages/airflow/example_dags/example_trigger_controller_dag.py
[2022-07-30 22:28:10,329] {logging_mixin.py:104} INFO - [2022-07-30 22:28:10,329] {dag.py:1824} INFO - Sync 1 DAGs
[2022-07-30 22:28:10,381] {logging_mixin.py:104} INFO - [2022-07-30 22:28:10,381] {dag.py:2280} INFO - Setting next_dagrun for example_trigger_controller_dag to 2022-07-28 00:00:00+00:00
[2022-07-30 22:28:10,417] {scheduler_job.py:190} INFO - Processing /home/airflow/.local/lib/python3.6/site-packages/airflow/example_dags/example_trigger_controller_dag.py took 0.194 seconds
[2022-07-30 22:28:40,781] {scheduler_job.py:182} INFO - Started process (PID=1731) to work on /home/airflow/.local/lib/python3.6/site-packages/airflow/example_dags/example_trigger_controller_dag.py
[2022-07-30 22:28:40,786] {scheduler_job.py:629} INFO - Processing file /home/airflow/.local/lib/python3.6/site-packages/airflow/example_dags/example_trigger_controller_dag.py for tasks to queue
[2022-07-30 22:28:40,789] {logging_mixin.py:104} INFO - [2022-07-30 22:28:40,789] {dagbag.py:451} INFO - Filling up the DagBag from /home/airflow/.local/lib/python3.6/site-packages/airflow/example_dags/example_trigger_controller_dag.py
[2022-07-30 22:28:40,825] {scheduler_job.py:639} INFO - DAG(s) dict_keys(['example_trigger_controller_dag']) retrieved from /home/airflow/.local/lib/python3.6/site-packages/airflow/example_dags/example_trigger_controller_dag.py
[2022-07-30 22:28:40,899] {logging_mixin.py:104} INFO - [2022-07-30 22:28:40,899] {dag.py:1824} INFO - Sync 1 DAGs
[2022-07-30 22:28:40,944] {logging_mixin.py:104} INFO - [2022-07-30 22:28:40,944] {dag.py:2280} INFO - Setting next_dagrun for example_trigger_controller_dag to 2022-07-28 00:00:00+00:00
[2022-07-30 22:28:40,962] {scheduler_job.py:190} INFO - Processing /home/airflow/.local/lib/python3.6/site-packages/airflow/example_dags/example_trigger_controller_dag.py took 0.192 seconds
[2022-07-30 22:29:11,246] {scheduler_job.py:182} INFO - Started process (PID=1756) to work on /home/airflow/.local/lib/python3.6/site-packages/airflow/example_dags/example_trigger_controller_dag.py
[2022-07-30 22:29:11,251] {scheduler_job.py:629} INFO - Processing file /home/airflow/.local/lib/python3.6/site-packages/airflow/example_dags/example_trigger_controller_dag.py for tasks to queue
[2022-07-30 22:29:11,253] {logging_mixin.py:104} INFO - [2022-07-30 22:29:11,253] {dagbag.py:451} INFO - Filling up the DagBag from /home/airflow/.local/lib/python3.6/site-packages/airflow/example_dags/example_trigger_controller_dag.py
[2022-07-30 22:29:11,272] {scheduler_job.py:639} INFO - DAG(s) dict_keys(['example_trigger_controller_dag']) retrieved from /home/airflow/.local/lib/python3.6/site-packages/airflow/example_dags/example_trigger_controller_dag.py
[2022-07-30 22:29:11,303] {logging_mixin.py:104} INFO - [2022-07-30 22:29:11,303] {dag.py:1824} INFO - Sync 1 DAGs
[2022-07-30 22:29:11,322] {logging_mixin.py:104} INFO - [2022-07-30 22:29:11,322] {dag.py:2280} INFO - Setting next_dagrun for example_trigger_controller_dag to 2022-07-28 00:00:00+00:00
[2022-07-30 22:29:11,336] {scheduler_job.py:190} INFO - Processing /home/airflow/.local/lib/python3.6/site-packages/airflow/example_dags/example_trigger_controller_dag.py took 0.097 seconds
[2022-07-30 22:29:42,046] {scheduler_job.py:182} INFO - Started process (PID=1782) to work on /home/airflow/.local/lib/python3.6/site-packages/airflow/example_dags/example_trigger_controller_dag.py
[2022-07-30 22:29:42,052] {scheduler_job.py:629} INFO - Processing file /home/airflow/.local/lib/python3.6/site-packages/airflow/example_dags/example_trigger_controller_dag.py for tasks to queue
[2022-07-30 22:29:42,056] {logging_mixin.py:104} INFO - [2022-07-30 22:29:42,055] {dagbag.py:451} INFO - Filling up the DagBag from /home/airflow/.local/lib/python3.6/site-packages/airflow/example_dags/example_trigger_controller_dag.py
[2022-07-30 22:29:42,090] {scheduler_job.py:639} INFO - DAG(s) dict_keys(['example_trigger_controller_dag']) retrieved from /home/airflow/.local/lib/python3.6/site-packages/airflow/example_dags/example_trigger_controller_dag.py
[2022-07-30 22:29:42,124] {logging_mixin.py:104} INFO - [2022-07-30 22:29:42,124] {dag.py:1824} INFO - Sync 1 DAGs
[2022-07-30 22:29:42,144] {logging_mixin.py:104} INFO - [2022-07-30 22:29:42,144] {dag.py:2280} INFO - Setting next_dagrun for example_trigger_controller_dag to 2022-07-28 00:00:00+00:00
[2022-07-30 22:29:42,160] {scheduler_job.py:190} INFO - Processing /home/airflow/.local/lib/python3.6/site-packages/airflow/example_dags/example_trigger_controller_dag.py took 0.125 seconds
[2022-07-30 22:30:12,826] {scheduler_job.py:182} INFO - Started process (PID=1808) to work on /home/airflow/.local/lib/python3.6/site-packages/airflow/example_dags/example_trigger_controller_dag.py
[2022-07-30 22:30:12,830] {scheduler_job.py:629} INFO - Processing file /home/airflow/.local/lib/python3.6/site-packages/airflow/example_dags/example_trigger_controller_dag.py for tasks to queue
[2022-07-30 22:30:12,833] {logging_mixin.py:104} INFO - [2022-07-30 22:30:12,832] {dagbag.py:451} INFO - Filling up the DagBag from /home/airflow/.local/lib/python3.6/site-packages/airflow/example_dags/example_trigger_controller_dag.py
[2022-07-30 22:30:12,861] {scheduler_job.py:639} INFO - DAG(s) dict_keys(['example_trigger_controller_dag']) retrieved from /home/airflow/.local/lib/python3.6/site-packages/airflow/example_dags/example_trigger_controller_dag.py
[2022-07-30 22:30:12,902] {logging_mixin.py:104} INFO - [2022-07-30 22:30:12,902] {dag.py:1824} INFO - Sync 1 DAGs
[2022-07-30 22:30:12,924] {logging_mixin.py:104} INFO - [2022-07-30 22:30:12,924] {dag.py:2280} INFO - Setting next_dagrun for example_trigger_controller_dag to 2022-07-28 00:00:00+00:00
[2022-07-30 22:30:12,942] {scheduler_job.py:190} INFO - Processing /home/airflow/.local/lib/python3.6/site-packages/airflow/example_dags/example_trigger_controller_dag.py took 0.126 seconds
[2022-07-30 22:30:43,413] {scheduler_job.py:182} INFO - Started process (PID=1834) to work on /home/airflow/.local/lib/python3.6/site-packages/airflow/example_dags/example_trigger_controller_dag.py
[2022-07-30 22:30:43,421] {scheduler_job.py:629} INFO - Processing file /home/airflow/.local/lib/python3.6/site-packages/airflow/example_dags/example_trigger_controller_dag.py for tasks to queue
[2022-07-30 22:30:43,426] {logging_mixin.py:104} INFO - [2022-07-30 22:30:43,425] {dagbag.py:451} INFO - Filling up the DagBag from /home/airflow/.local/lib/python3.6/site-packages/airflow/example_dags/example_trigger_controller_dag.py
[2022-07-30 22:30:43,464] {scheduler_job.py:639} INFO - DAG(s) dict_keys(['example_trigger_controller_dag']) retrieved from /home/airflow/.local/lib/python3.6/site-packages/airflow/example_dags/example_trigger_controller_dag.py
[2022-07-30 22:30:43,506] {logging_mixin.py:104} INFO - [2022-07-30 22:30:43,506] {dag.py:1824} INFO - Sync 1 DAGs
[2022-07-30 22:30:43,541] {logging_mixin.py:104} INFO - [2022-07-30 22:30:43,541] {dag.py:2280} INFO - Setting next_dagrun for example_trigger_controller_dag to 2022-07-28 00:00:00+00:00
[2022-07-30 22:30:43,560] {scheduler_job.py:190} INFO - Processing /home/airflow/.local/lib/python3.6/site-packages/airflow/example_dags/example_trigger_controller_dag.py took 0.164 seconds
[2022-07-30 22:31:14,555] {scheduler_job.py:182} INFO - Started process (PID=1860) to work on /home/airflow/.local/lib/python3.6/site-packages/airflow/example_dags/example_trigger_controller_dag.py
[2022-07-30 22:31:14,558] {scheduler_job.py:629} INFO - Processing file /home/airflow/.local/lib/python3.6/site-packages/airflow/example_dags/example_trigger_controller_dag.py for tasks to queue
[2022-07-30 22:31:14,559] {logging_mixin.py:104} INFO - [2022-07-30 22:31:14,559] {dagbag.py:451} INFO - Filling up the DagBag from /home/airflow/.local/lib/python3.6/site-packages/airflow/example_dags/example_trigger_controller_dag.py
[2022-07-30 22:31:14,576] {scheduler_job.py:639} INFO - DAG(s) dict_keys(['example_trigger_controller_dag']) retrieved from /home/airflow/.local/lib/python3.6/site-packages/airflow/example_dags/example_trigger_controller_dag.py
[2022-07-30 22:31:14,609] {logging_mixin.py:104} INFO - [2022-07-30 22:31:14,608] {dag.py:1824} INFO - Sync 1 DAGs
[2022-07-30 22:31:14,630] {logging_mixin.py:104} INFO - [2022-07-30 22:31:14,630] {dag.py:2280} INFO - Setting next_dagrun for example_trigger_controller_dag to 2022-07-28 00:00:00+00:00
[2022-07-30 22:31:14,649] {scheduler_job.py:190} INFO - Processing /home/airflow/.local/lib/python3.6/site-packages/airflow/example_dags/example_trigger_controller_dag.py took 0.099 seconds
[2022-07-30 22:31:45,001] {scheduler_job.py:182} INFO - Started process (PID=1886) to work on /home/airflow/.local/lib/python3.6/site-packages/airflow/example_dags/example_trigger_controller_dag.py
[2022-07-30 22:31:45,007] {scheduler_job.py:629} INFO - Processing file /home/airflow/.local/lib/python3.6/site-packages/airflow/example_dags/example_trigger_controller_dag.py for tasks to queue
[2022-07-30 22:31:45,010] {logging_mixin.py:104} INFO - [2022-07-30 22:31:45,010] {dagbag.py:451} INFO - Filling up the DagBag from /home/airflow/.local/lib/python3.6/site-packages/airflow/example_dags/example_trigger_controller_dag.py
[2022-07-30 22:31:45,026] {scheduler_job.py:639} INFO - DAG(s) dict_keys(['example_trigger_controller_dag']) retrieved from /home/airflow/.local/lib/python3.6/site-packages/airflow/example_dags/example_trigger_controller_dag.py
[2022-07-30 22:31:45,060] {logging_mixin.py:104} INFO - [2022-07-30 22:31:45,060] {dag.py:1824} INFO - Sync 1 DAGs
[2022-07-30 22:31:45,086] {logging_mixin.py:104} INFO - [2022-07-30 22:31:45,086] {dag.py:2280} INFO - Setting next_dagrun for example_trigger_controller_dag to 2022-07-28 00:00:00+00:00
[2022-07-30 22:31:45,105] {scheduler_job.py:190} INFO - Processing /home/airflow/.local/lib/python3.6/site-packages/airflow/example_dags/example_trigger_controller_dag.py took 0.117 seconds
[2022-07-30 22:34:35,789] {scheduler_job.py:182} INFO - Started process (PID=55) to work on /home/airflow/.local/lib/python3.6/site-packages/airflow/example_dags/example_trigger_controller_dag.py
[2022-07-30 22:34:35,794] {scheduler_job.py:629} INFO - Processing file /home/airflow/.local/lib/python3.6/site-packages/airflow/example_dags/example_trigger_controller_dag.py for tasks to queue
[2022-07-30 22:34:35,801] {logging_mixin.py:104} INFO - [2022-07-30 22:34:35,801] {dagbag.py:451} INFO - Filling up the DagBag from /home/airflow/.local/lib/python3.6/site-packages/airflow/example_dags/example_trigger_controller_dag.py
[2022-07-30 22:34:35,863] {scheduler_job.py:639} INFO - DAG(s) dict_keys(['example_trigger_controller_dag']) retrieved from /home/airflow/.local/lib/python3.6/site-packages/airflow/example_dags/example_trigger_controller_dag.py
[2022-07-30 22:34:35,945] {logging_mixin.py:104} INFO - [2022-07-30 22:34:35,945] {dag.py:1824} INFO - Sync 1 DAGs
[2022-07-30 22:34:35,991] {logging_mixin.py:104} INFO - [2022-07-30 22:34:35,990] {dag.py:2280} INFO - Setting next_dagrun for example_trigger_controller_dag to 2022-07-28 00:00:00+00:00
[2022-07-30 22:34:36,046] {scheduler_job.py:190} INFO - Processing /home/airflow/.local/lib/python3.6/site-packages/airflow/example_dags/example_trigger_controller_dag.py took 0.263 seconds
