[2022-07-30 21:55:19,294] {scheduler_job.py:182} INFO - Started process (PID=34) to work on /home/airflow/.local/lib/python3.6/site-packages/airflow/example_dags/example_xcom.py
[2022-07-30 21:55:19,319] {scheduler_job.py:629} INFO - Processing file /home/airflow/.local/lib/python3.6/site-packages/airflow/example_dags/example_xcom.py for tasks to queue
[2022-07-30 21:55:19,321] {logging_mixin.py:104} INFO - [2022-07-30 21:55:19,321] {dagbag.py:451} INFO - Filling up the DagBag from /home/airflow/.local/lib/python3.6/site-packages/airflow/example_dags/example_xcom.py
[2022-07-30 21:55:19,493] {scheduler_job.py:639} INFO - DAG(s) dict_keys(['example_xcom']) retrieved from /home/airflow/.local/lib/python3.6/site-packages/airflow/example_dags/example_xcom.py
[2022-07-30 21:55:19,642] {logging_mixin.py:104} INFO - [2022-07-30 21:55:19,642] {dag.py:1824} INFO - Sync 1 DAGs
[2022-07-30 21:55:19,686] {logging_mixin.py:104} INFO - [2022-07-30 21:55:19,686] {dag.py:1843} INFO - Creating ORM DAG for example_xcom
[2022-07-30 21:55:19,744] {logging_mixin.py:104} INFO - [2022-07-30 21:55:19,744] {dag.py:2280} INFO - Setting next_dagrun for example_xcom to 2022-07-28 00:00:00+00:00
[2022-07-30 21:55:19,899] {scheduler_job.py:190} INFO - Processing /home/airflow/.local/lib/python3.6/site-packages/airflow/example_dags/example_xcom.py took 0.628 seconds
[2022-07-30 21:55:50,371] {scheduler_job.py:182} INFO - Started process (PID=61) to work on /home/airflow/.local/lib/python3.6/site-packages/airflow/example_dags/example_xcom.py
[2022-07-30 21:55:50,403] {scheduler_job.py:629} INFO - Processing file /home/airflow/.local/lib/python3.6/site-packages/airflow/example_dags/example_xcom.py for tasks to queue
[2022-07-30 21:55:50,406] {logging_mixin.py:104} INFO - [2022-07-30 21:55:50,406] {dagbag.py:451} INFO - Filling up the DagBag from /home/airflow/.local/lib/python3.6/site-packages/airflow/example_dags/example_xcom.py
[2022-07-30 21:55:50,480] {scheduler_job.py:639} INFO - DAG(s) dict_keys(['example_xcom']) retrieved from /home/airflow/.local/lib/python3.6/site-packages/airflow/example_dags/example_xcom.py
[2022-07-30 21:55:50,611] {logging_mixin.py:104} INFO - [2022-07-30 21:55:50,610] {dag.py:1824} INFO - Sync 1 DAGs
[2022-07-30 21:55:50,694] {logging_mixin.py:104} INFO - [2022-07-30 21:55:50,694] {dag.py:2280} INFO - Setting next_dagrun for example_xcom to 2022-07-28 00:00:00+00:00
[2022-07-30 21:55:50,860] {scheduler_job.py:190} INFO - Processing /home/airflow/.local/lib/python3.6/site-packages/airflow/example_dags/example_xcom.py took 0.498 seconds
[2022-07-30 21:56:21,974] {scheduler_job.py:182} INFO - Started process (PID=88) to work on /home/airflow/.local/lib/python3.6/site-packages/airflow/example_dags/example_xcom.py
[2022-07-30 21:56:21,977] {scheduler_job.py:629} INFO - Processing file /home/airflow/.local/lib/python3.6/site-packages/airflow/example_dags/example_xcom.py for tasks to queue
[2022-07-30 21:56:21,978] {logging_mixin.py:104} INFO - [2022-07-30 21:56:21,978] {dagbag.py:451} INFO - Filling up the DagBag from /home/airflow/.local/lib/python3.6/site-packages/airflow/example_dags/example_xcom.py
[2022-07-30 21:56:22,004] {scheduler_job.py:639} INFO - DAG(s) dict_keys(['example_xcom']) retrieved from /home/airflow/.local/lib/python3.6/site-packages/airflow/example_dags/example_xcom.py
[2022-07-30 21:56:22,038] {logging_mixin.py:104} INFO - [2022-07-30 21:56:22,038] {dag.py:1824} INFO - Sync 1 DAGs
[2022-07-30 21:56:22,074] {logging_mixin.py:104} INFO - [2022-07-30 21:56:22,073] {dag.py:2280} INFO - Setting next_dagrun for example_xcom to 2022-07-28 00:00:00+00:00
[2022-07-30 21:56:22,091] {scheduler_job.py:190} INFO - Processing /home/airflow/.local/lib/python3.6/site-packages/airflow/example_dags/example_xcom.py took 0.123 seconds
[2022-07-30 21:56:52,930] {scheduler_job.py:182} INFO - Started process (PID=114) to work on /home/airflow/.local/lib/python3.6/site-packages/airflow/example_dags/example_xcom.py
[2022-07-30 21:56:52,934] {scheduler_job.py:629} INFO - Processing file /home/airflow/.local/lib/python3.6/site-packages/airflow/example_dags/example_xcom.py for tasks to queue
[2022-07-30 21:56:52,936] {logging_mixin.py:104} INFO - [2022-07-30 21:56:52,935] {dagbag.py:451} INFO - Filling up the DagBag from /home/airflow/.local/lib/python3.6/site-packages/airflow/example_dags/example_xcom.py
[2022-07-30 21:56:52,964] {scheduler_job.py:639} INFO - DAG(s) dict_keys(['example_xcom']) retrieved from /home/airflow/.local/lib/python3.6/site-packages/airflow/example_dags/example_xcom.py
[2022-07-30 21:56:53,005] {logging_mixin.py:104} INFO - [2022-07-30 21:56:53,005] {dag.py:1824} INFO - Sync 1 DAGs
[2022-07-30 21:56:53,035] {logging_mixin.py:104} INFO - [2022-07-30 21:56:53,035] {dag.py:2280} INFO - Setting next_dagrun for example_xcom to 2022-07-28 00:00:00+00:00
[2022-07-30 21:56:53,062] {scheduler_job.py:190} INFO - Processing /home/airflow/.local/lib/python3.6/site-packages/airflow/example_dags/example_xcom.py took 0.138 seconds
[2022-07-30 21:57:23,421] {scheduler_job.py:182} INFO - Started process (PID=140) to work on /home/airflow/.local/lib/python3.6/site-packages/airflow/example_dags/example_xcom.py
[2022-07-30 21:57:23,425] {scheduler_job.py:629} INFO - Processing file /home/airflow/.local/lib/python3.6/site-packages/airflow/example_dags/example_xcom.py for tasks to queue
[2022-07-30 21:57:23,426] {logging_mixin.py:104} INFO - [2022-07-30 21:57:23,426] {dagbag.py:451} INFO - Filling up the DagBag from /home/airflow/.local/lib/python3.6/site-packages/airflow/example_dags/example_xcom.py
[2022-07-30 21:57:23,454] {scheduler_job.py:639} INFO - DAG(s) dict_keys(['example_xcom']) retrieved from /home/airflow/.local/lib/python3.6/site-packages/airflow/example_dags/example_xcom.py
[2022-07-30 21:57:23,510] {logging_mixin.py:104} INFO - [2022-07-30 21:57:23,510] {dag.py:1824} INFO - Sync 1 DAGs
[2022-07-30 21:57:23,549] {logging_mixin.py:104} INFO - [2022-07-30 21:57:23,548] {dag.py:2280} INFO - Setting next_dagrun for example_xcom to 2022-07-28 00:00:00+00:00
[2022-07-30 21:57:23,574] {scheduler_job.py:190} INFO - Processing /home/airflow/.local/lib/python3.6/site-packages/airflow/example_dags/example_xcom.py took 0.158 seconds
[2022-07-30 21:57:53,615] {scheduler_job.py:182} INFO - Started process (PID=166) to work on /home/airflow/.local/lib/python3.6/site-packages/airflow/example_dags/example_xcom.py
[2022-07-30 21:57:53,618] {scheduler_job.py:629} INFO - Processing file /home/airflow/.local/lib/python3.6/site-packages/airflow/example_dags/example_xcom.py for tasks to queue
[2022-07-30 21:57:53,620] {logging_mixin.py:104} INFO - [2022-07-30 21:57:53,620] {dagbag.py:451} INFO - Filling up the DagBag from /home/airflow/.local/lib/python3.6/site-packages/airflow/example_dags/example_xcom.py
[2022-07-30 21:57:53,658] {scheduler_job.py:639} INFO - DAG(s) dict_keys(['example_xcom']) retrieved from /home/airflow/.local/lib/python3.6/site-packages/airflow/example_dags/example_xcom.py
[2022-07-30 21:57:53,715] {logging_mixin.py:104} INFO - [2022-07-30 21:57:53,715] {dag.py:1824} INFO - Sync 1 DAGs
[2022-07-30 21:57:53,745] {logging_mixin.py:104} INFO - [2022-07-30 21:57:53,745] {dag.py:2280} INFO - Setting next_dagrun for example_xcom to 2022-07-28 00:00:00+00:00
[2022-07-30 21:57:53,760] {scheduler_job.py:190} INFO - Processing /home/airflow/.local/lib/python3.6/site-packages/airflow/example_dags/example_xcom.py took 0.152 seconds
[2022-07-30 21:58:24,662] {scheduler_job.py:182} INFO - Started process (PID=192) to work on /home/airflow/.local/lib/python3.6/site-packages/airflow/example_dags/example_xcom.py
[2022-07-30 21:58:24,665] {scheduler_job.py:629} INFO - Processing file /home/airflow/.local/lib/python3.6/site-packages/airflow/example_dags/example_xcom.py for tasks to queue
[2022-07-30 21:58:24,669] {logging_mixin.py:104} INFO - [2022-07-30 21:58:24,668] {dagbag.py:451} INFO - Filling up the DagBag from /home/airflow/.local/lib/python3.6/site-packages/airflow/example_dags/example_xcom.py
[2022-07-30 21:58:24,714] {scheduler_job.py:639} INFO - DAG(s) dict_keys(['example_xcom']) retrieved from /home/airflow/.local/lib/python3.6/site-packages/airflow/example_dags/example_xcom.py
[2022-07-30 21:58:24,773] {logging_mixin.py:104} INFO - [2022-07-30 21:58:24,773] {dag.py:1824} INFO - Sync 1 DAGs
[2022-07-30 21:58:24,806] {logging_mixin.py:104} INFO - [2022-07-30 21:58:24,806] {dag.py:2280} INFO - Setting next_dagrun for example_xcom to 2022-07-28 00:00:00+00:00
[2022-07-30 21:58:24,832] {scheduler_job.py:190} INFO - Processing /home/airflow/.local/lib/python3.6/site-packages/airflow/example_dags/example_xcom.py took 0.183 seconds
[2022-07-30 21:58:55,232] {scheduler_job.py:182} INFO - Started process (PID=218) to work on /home/airflow/.local/lib/python3.6/site-packages/airflow/example_dags/example_xcom.py
[2022-07-30 21:58:55,234] {scheduler_job.py:629} INFO - Processing file /home/airflow/.local/lib/python3.6/site-packages/airflow/example_dags/example_xcom.py for tasks to queue
[2022-07-30 21:58:55,236] {logging_mixin.py:104} INFO - [2022-07-30 21:58:55,236] {dagbag.py:451} INFO - Filling up the DagBag from /home/airflow/.local/lib/python3.6/site-packages/airflow/example_dags/example_xcom.py
[2022-07-30 21:58:55,263] {scheduler_job.py:639} INFO - DAG(s) dict_keys(['example_xcom']) retrieved from /home/airflow/.local/lib/python3.6/site-packages/airflow/example_dags/example_xcom.py
[2022-07-30 21:58:55,320] {logging_mixin.py:104} INFO - [2022-07-30 21:58:55,320] {dag.py:1824} INFO - Sync 1 DAGs
[2022-07-30 21:58:55,352] {logging_mixin.py:104} INFO - [2022-07-30 21:58:55,352] {dag.py:2280} INFO - Setting next_dagrun for example_xcom to 2022-07-28 00:00:00+00:00
[2022-07-30 21:58:55,388] {scheduler_job.py:190} INFO - Processing /home/airflow/.local/lib/python3.6/site-packages/airflow/example_dags/example_xcom.py took 0.162 seconds
[2022-07-30 21:59:25,740] {scheduler_job.py:182} INFO - Started process (PID=244) to work on /home/airflow/.local/lib/python3.6/site-packages/airflow/example_dags/example_xcom.py
[2022-07-30 21:59:25,742] {scheduler_job.py:629} INFO - Processing file /home/airflow/.local/lib/python3.6/site-packages/airflow/example_dags/example_xcom.py for tasks to queue
[2022-07-30 21:59:25,744] {logging_mixin.py:104} INFO - [2022-07-30 21:59:25,744] {dagbag.py:451} INFO - Filling up the DagBag from /home/airflow/.local/lib/python3.6/site-packages/airflow/example_dags/example_xcom.py
[2022-07-30 21:59:25,760] {scheduler_job.py:639} INFO - DAG(s) dict_keys(['example_xcom']) retrieved from /home/airflow/.local/lib/python3.6/site-packages/airflow/example_dags/example_xcom.py
[2022-07-30 21:59:25,804] {logging_mixin.py:104} INFO - [2022-07-30 21:59:25,803] {dag.py:1824} INFO - Sync 1 DAGs
[2022-07-30 21:59:25,825] {logging_mixin.py:104} INFO - [2022-07-30 21:59:25,825] {dag.py:2280} INFO - Setting next_dagrun for example_xcom to 2022-07-28 00:00:00+00:00
[2022-07-30 21:59:25,861] {scheduler_job.py:190} INFO - Processing /home/airflow/.local/lib/python3.6/site-packages/airflow/example_dags/example_xcom.py took 0.125 seconds
[2022-07-30 21:59:56,475] {scheduler_job.py:182} INFO - Started process (PID=270) to work on /home/airflow/.local/lib/python3.6/site-packages/airflow/example_dags/example_xcom.py
[2022-07-30 21:59:56,478] {scheduler_job.py:629} INFO - Processing file /home/airflow/.local/lib/python3.6/site-packages/airflow/example_dags/example_xcom.py for tasks to queue
[2022-07-30 21:59:56,480] {logging_mixin.py:104} INFO - [2022-07-30 21:59:56,480] {dagbag.py:451} INFO - Filling up the DagBag from /home/airflow/.local/lib/python3.6/site-packages/airflow/example_dags/example_xcom.py
[2022-07-30 21:59:56,509] {scheduler_job.py:639} INFO - DAG(s) dict_keys(['example_xcom']) retrieved from /home/airflow/.local/lib/python3.6/site-packages/airflow/example_dags/example_xcom.py
[2022-07-30 21:59:56,550] {logging_mixin.py:104} INFO - [2022-07-30 21:59:56,550] {dag.py:1824} INFO - Sync 1 DAGs
[2022-07-30 21:59:56,577] {logging_mixin.py:104} INFO - [2022-07-30 21:59:56,577] {dag.py:2280} INFO - Setting next_dagrun for example_xcom to 2022-07-28 00:00:00+00:00
[2022-07-30 21:59:56,595] {scheduler_job.py:190} INFO - Processing /home/airflow/.local/lib/python3.6/site-packages/airflow/example_dags/example_xcom.py took 0.126 seconds
[2022-07-30 22:00:27,298] {scheduler_job.py:182} INFO - Started process (PID=296) to work on /home/airflow/.local/lib/python3.6/site-packages/airflow/example_dags/example_xcom.py
[2022-07-30 22:00:27,300] {scheduler_job.py:629} INFO - Processing file /home/airflow/.local/lib/python3.6/site-packages/airflow/example_dags/example_xcom.py for tasks to queue
[2022-07-30 22:00:27,302] {logging_mixin.py:104} INFO - [2022-07-30 22:00:27,302] {dagbag.py:451} INFO - Filling up the DagBag from /home/airflow/.local/lib/python3.6/site-packages/airflow/example_dags/example_xcom.py
[2022-07-30 22:00:27,332] {scheduler_job.py:639} INFO - DAG(s) dict_keys(['example_xcom']) retrieved from /home/airflow/.local/lib/python3.6/site-packages/airflow/example_dags/example_xcom.py
[2022-07-30 22:00:27,375] {logging_mixin.py:104} INFO - [2022-07-30 22:00:27,375] {dag.py:1824} INFO - Sync 1 DAGs
[2022-07-30 22:00:27,412] {logging_mixin.py:104} INFO - [2022-07-30 22:00:27,412] {dag.py:2280} INFO - Setting next_dagrun for example_xcom to 2022-07-28 00:00:00+00:00
[2022-07-30 22:00:27,435] {scheduler_job.py:190} INFO - Processing /home/airflow/.local/lib/python3.6/site-packages/airflow/example_dags/example_xcom.py took 0.143 seconds
[2022-07-30 22:00:57,902] {scheduler_job.py:182} INFO - Started process (PID=322) to work on /home/airflow/.local/lib/python3.6/site-packages/airflow/example_dags/example_xcom.py
[2022-07-30 22:00:57,913] {scheduler_job.py:629} INFO - Processing file /home/airflow/.local/lib/python3.6/site-packages/airflow/example_dags/example_xcom.py for tasks to queue
[2022-07-30 22:00:57,916] {logging_mixin.py:104} INFO - [2022-07-30 22:00:57,915] {dagbag.py:451} INFO - Filling up the DagBag from /home/airflow/.local/lib/python3.6/site-packages/airflow/example_dags/example_xcom.py
[2022-07-30 22:00:58,007] {scheduler_job.py:639} INFO - DAG(s) dict_keys(['example_xcom']) retrieved from /home/airflow/.local/lib/python3.6/site-packages/airflow/example_dags/example_xcom.py
[2022-07-30 22:00:58,078] {logging_mixin.py:104} INFO - [2022-07-30 22:00:58,077] {dag.py:1824} INFO - Sync 1 DAGs
[2022-07-30 22:00:58,139] {logging_mixin.py:104} INFO - [2022-07-30 22:00:58,139] {dag.py:2280} INFO - Setting next_dagrun for example_xcom to 2022-07-28 00:00:00+00:00
[2022-07-30 22:00:58,173] {scheduler_job.py:190} INFO - Processing /home/airflow/.local/lib/python3.6/site-packages/airflow/example_dags/example_xcom.py took 0.278 seconds
[2022-07-30 22:01:28,394] {scheduler_job.py:182} INFO - Started process (PID=348) to work on /home/airflow/.local/lib/python3.6/site-packages/airflow/example_dags/example_xcom.py
[2022-07-30 22:01:28,396] {scheduler_job.py:629} INFO - Processing file /home/airflow/.local/lib/python3.6/site-packages/airflow/example_dags/example_xcom.py for tasks to queue
[2022-07-30 22:01:28,398] {logging_mixin.py:104} INFO - [2022-07-30 22:01:28,398] {dagbag.py:451} INFO - Filling up the DagBag from /home/airflow/.local/lib/python3.6/site-packages/airflow/example_dags/example_xcom.py
[2022-07-30 22:01:28,432] {scheduler_job.py:639} INFO - DAG(s) dict_keys(['example_xcom']) retrieved from /home/airflow/.local/lib/python3.6/site-packages/airflow/example_dags/example_xcom.py
[2022-07-30 22:01:28,477] {logging_mixin.py:104} INFO - [2022-07-30 22:01:28,477] {dag.py:1824} INFO - Sync 1 DAGs
[2022-07-30 22:01:28,509] {logging_mixin.py:104} INFO - [2022-07-30 22:01:28,509] {dag.py:2280} INFO - Setting next_dagrun for example_xcom to 2022-07-28 00:00:00+00:00
[2022-07-30 22:01:28,532] {scheduler_job.py:190} INFO - Processing /home/airflow/.local/lib/python3.6/site-packages/airflow/example_dags/example_xcom.py took 0.167 seconds
[2022-07-30 22:01:59,472] {scheduler_job.py:182} INFO - Started process (PID=374) to work on /home/airflow/.local/lib/python3.6/site-packages/airflow/example_dags/example_xcom.py
[2022-07-30 22:01:59,474] {scheduler_job.py:629} INFO - Processing file /home/airflow/.local/lib/python3.6/site-packages/airflow/example_dags/example_xcom.py for tasks to queue
[2022-07-30 22:01:59,476] {logging_mixin.py:104} INFO - [2022-07-30 22:01:59,475] {dagbag.py:451} INFO - Filling up the DagBag from /home/airflow/.local/lib/python3.6/site-packages/airflow/example_dags/example_xcom.py
[2022-07-30 22:01:59,504] {scheduler_job.py:639} INFO - DAG(s) dict_keys(['example_xcom']) retrieved from /home/airflow/.local/lib/python3.6/site-packages/airflow/example_dags/example_xcom.py
[2022-07-30 22:01:59,547] {logging_mixin.py:104} INFO - [2022-07-30 22:01:59,547] {dag.py:1824} INFO - Sync 1 DAGs
[2022-07-30 22:01:59,591] {logging_mixin.py:104} INFO - [2022-07-30 22:01:59,590] {dag.py:2280} INFO - Setting next_dagrun for example_xcom to 2022-07-28 00:00:00+00:00
[2022-07-30 22:01:59,621] {scheduler_job.py:190} INFO - Processing /home/airflow/.local/lib/python3.6/site-packages/airflow/example_dags/example_xcom.py took 0.155 seconds
[2022-07-30 22:02:30,162] {scheduler_job.py:182} INFO - Started process (PID=400) to work on /home/airflow/.local/lib/python3.6/site-packages/airflow/example_dags/example_xcom.py
[2022-07-30 22:02:30,177] {scheduler_job.py:629} INFO - Processing file /home/airflow/.local/lib/python3.6/site-packages/airflow/example_dags/example_xcom.py for tasks to queue
[2022-07-30 22:02:30,205] {logging_mixin.py:104} INFO - [2022-07-30 22:02:30,204] {dagbag.py:451} INFO - Filling up the DagBag from /home/airflow/.local/lib/python3.6/site-packages/airflow/example_dags/example_xcom.py
[2022-07-30 22:02:30,254] {scheduler_job.py:639} INFO - DAG(s) dict_keys(['example_xcom']) retrieved from /home/airflow/.local/lib/python3.6/site-packages/airflow/example_dags/example_xcom.py
[2022-07-30 22:02:30,365] {logging_mixin.py:104} INFO - [2022-07-30 22:02:30,365] {dag.py:1824} INFO - Sync 1 DAGs
[2022-07-30 22:02:30,451] {logging_mixin.py:104} INFO - [2022-07-30 22:02:30,451] {dag.py:2280} INFO - Setting next_dagrun for example_xcom to 2022-07-28 00:00:00+00:00
[2022-07-30 22:02:30,507] {scheduler_job.py:190} INFO - Processing /home/airflow/.local/lib/python3.6/site-packages/airflow/example_dags/example_xcom.py took 0.350 seconds
[2022-07-30 22:03:00,721] {scheduler_job.py:182} INFO - Started process (PID=426) to work on /home/airflow/.local/lib/python3.6/site-packages/airflow/example_dags/example_xcom.py
[2022-07-30 22:03:00,727] {scheduler_job.py:629} INFO - Processing file /home/airflow/.local/lib/python3.6/site-packages/airflow/example_dags/example_xcom.py for tasks to queue
[2022-07-30 22:03:00,735] {logging_mixin.py:104} INFO - [2022-07-30 22:03:00,734] {dagbag.py:451} INFO - Filling up the DagBag from /home/airflow/.local/lib/python3.6/site-packages/airflow/example_dags/example_xcom.py
[2022-07-30 22:03:00,795] {scheduler_job.py:639} INFO - DAG(s) dict_keys(['example_xcom']) retrieved from /home/airflow/.local/lib/python3.6/site-packages/airflow/example_dags/example_xcom.py
[2022-07-30 22:03:00,870] {logging_mixin.py:104} INFO - [2022-07-30 22:03:00,870] {dag.py:1824} INFO - Sync 1 DAGs
[2022-07-30 22:03:00,936] {logging_mixin.py:104} INFO - [2022-07-30 22:03:00,936] {dag.py:2280} INFO - Setting next_dagrun for example_xcom to 2022-07-28 00:00:00+00:00
[2022-07-30 22:03:00,978] {scheduler_job.py:190} INFO - Processing /home/airflow/.local/lib/python3.6/site-packages/airflow/example_dags/example_xcom.py took 0.264 seconds
[2022-07-30 22:03:31,806] {scheduler_job.py:182} INFO - Started process (PID=452) to work on /home/airflow/.local/lib/python3.6/site-packages/airflow/example_dags/example_xcom.py
[2022-07-30 22:03:31,808] {scheduler_job.py:629} INFO - Processing file /home/airflow/.local/lib/python3.6/site-packages/airflow/example_dags/example_xcom.py for tasks to queue
[2022-07-30 22:03:31,809] {logging_mixin.py:104} INFO - [2022-07-30 22:03:31,809] {dagbag.py:451} INFO - Filling up the DagBag from /home/airflow/.local/lib/python3.6/site-packages/airflow/example_dags/example_xcom.py
[2022-07-30 22:03:31,838] {scheduler_job.py:639} INFO - DAG(s) dict_keys(['example_xcom']) retrieved from /home/airflow/.local/lib/python3.6/site-packages/airflow/example_dags/example_xcom.py
[2022-07-30 22:03:31,884] {logging_mixin.py:104} INFO - [2022-07-30 22:03:31,884] {dag.py:1824} INFO - Sync 1 DAGs
[2022-07-30 22:03:31,921] {logging_mixin.py:104} INFO - [2022-07-30 22:03:31,921] {dag.py:2280} INFO - Setting next_dagrun for example_xcom to 2022-07-28 00:00:00+00:00
[2022-07-30 22:03:31,946] {scheduler_job.py:190} INFO - Processing /home/airflow/.local/lib/python3.6/site-packages/airflow/example_dags/example_xcom.py took 0.146 seconds
[2022-07-30 22:04:02,946] {scheduler_job.py:182} INFO - Started process (PID=478) to work on /home/airflow/.local/lib/python3.6/site-packages/airflow/example_dags/example_xcom.py
[2022-07-30 22:04:02,953] {scheduler_job.py:629} INFO - Processing file /home/airflow/.local/lib/python3.6/site-packages/airflow/example_dags/example_xcom.py for tasks to queue
[2022-07-30 22:04:02,959] {logging_mixin.py:104} INFO - [2022-07-30 22:04:02,959] {dagbag.py:451} INFO - Filling up the DagBag from /home/airflow/.local/lib/python3.6/site-packages/airflow/example_dags/example_xcom.py
[2022-07-30 22:04:03,035] {scheduler_job.py:639} INFO - DAG(s) dict_keys(['example_xcom']) retrieved from /home/airflow/.local/lib/python3.6/site-packages/airflow/example_dags/example_xcom.py
[2022-07-30 22:04:03,136] {logging_mixin.py:104} INFO - [2022-07-30 22:04:03,136] {dag.py:1824} INFO - Sync 1 DAGs
[2022-07-30 22:04:03,212] {logging_mixin.py:104} INFO - [2022-07-30 22:04:03,212] {dag.py:2280} INFO - Setting next_dagrun for example_xcom to 2022-07-28 00:00:00+00:00
[2022-07-30 22:04:03,316] {scheduler_job.py:190} INFO - Processing /home/airflow/.local/lib/python3.6/site-packages/airflow/example_dags/example_xcom.py took 0.377 seconds
[2022-07-30 22:04:33,797] {scheduler_job.py:182} INFO - Started process (PID=504) to work on /home/airflow/.local/lib/python3.6/site-packages/airflow/example_dags/example_xcom.py
[2022-07-30 22:04:33,799] {scheduler_job.py:629} INFO - Processing file /home/airflow/.local/lib/python3.6/site-packages/airflow/example_dags/example_xcom.py for tasks to queue
[2022-07-30 22:04:33,801] {logging_mixin.py:104} INFO - [2022-07-30 22:04:33,801] {dagbag.py:451} INFO - Filling up the DagBag from /home/airflow/.local/lib/python3.6/site-packages/airflow/example_dags/example_xcom.py
[2022-07-30 22:04:33,822] {scheduler_job.py:639} INFO - DAG(s) dict_keys(['example_xcom']) retrieved from /home/airflow/.local/lib/python3.6/site-packages/airflow/example_dags/example_xcom.py
[2022-07-30 22:04:33,869] {logging_mixin.py:104} INFO - [2022-07-30 22:04:33,869] {dag.py:1824} INFO - Sync 1 DAGs
[2022-07-30 22:04:33,901] {logging_mixin.py:104} INFO - [2022-07-30 22:04:33,901] {dag.py:2280} INFO - Setting next_dagrun for example_xcom to 2022-07-28 00:00:00+00:00
[2022-07-30 22:04:33,920] {scheduler_job.py:190} INFO - Processing /home/airflow/.local/lib/python3.6/site-packages/airflow/example_dags/example_xcom.py took 0.129 seconds
[2022-07-30 22:05:05,009] {scheduler_job.py:182} INFO - Started process (PID=530) to work on /home/airflow/.local/lib/python3.6/site-packages/airflow/example_dags/example_xcom.py
[2022-07-30 22:05:05,011] {scheduler_job.py:629} INFO - Processing file /home/airflow/.local/lib/python3.6/site-packages/airflow/example_dags/example_xcom.py for tasks to queue
[2022-07-30 22:05:05,014] {logging_mixin.py:104} INFO - [2022-07-30 22:05:05,014] {dagbag.py:451} INFO - Filling up the DagBag from /home/airflow/.local/lib/python3.6/site-packages/airflow/example_dags/example_xcom.py
[2022-07-30 22:05:05,062] {scheduler_job.py:639} INFO - DAG(s) dict_keys(['example_xcom']) retrieved from /home/airflow/.local/lib/python3.6/site-packages/airflow/example_dags/example_xcom.py
[2022-07-30 22:05:05,131] {logging_mixin.py:104} INFO - [2022-07-30 22:05:05,130] {dag.py:1824} INFO - Sync 1 DAGs
[2022-07-30 22:05:05,189] {logging_mixin.py:104} INFO - [2022-07-30 22:05:05,189] {dag.py:2280} INFO - Setting next_dagrun for example_xcom to 2022-07-28 00:00:00+00:00
[2022-07-30 22:05:05,228] {scheduler_job.py:190} INFO - Processing /home/airflow/.local/lib/python3.6/site-packages/airflow/example_dags/example_xcom.py took 0.226 seconds
[2022-07-30 22:05:36,210] {scheduler_job.py:182} INFO - Started process (PID=556) to work on /home/airflow/.local/lib/python3.6/site-packages/airflow/example_dags/example_xcom.py
[2022-07-30 22:05:36,212] {scheduler_job.py:629} INFO - Processing file /home/airflow/.local/lib/python3.6/site-packages/airflow/example_dags/example_xcom.py for tasks to queue
[2022-07-30 22:05:36,216] {logging_mixin.py:104} INFO - [2022-07-30 22:05:36,216] {dagbag.py:451} INFO - Filling up the DagBag from /home/airflow/.local/lib/python3.6/site-packages/airflow/example_dags/example_xcom.py
[2022-07-30 22:05:36,252] {scheduler_job.py:639} INFO - DAG(s) dict_keys(['example_xcom']) retrieved from /home/airflow/.local/lib/python3.6/site-packages/airflow/example_dags/example_xcom.py
[2022-07-30 22:05:36,308] {logging_mixin.py:104} INFO - [2022-07-30 22:05:36,307] {dag.py:1824} INFO - Sync 1 DAGs
[2022-07-30 22:05:36,339] {logging_mixin.py:104} INFO - [2022-07-30 22:05:36,339] {dag.py:2280} INFO - Setting next_dagrun for example_xcom to 2022-07-28 00:00:00+00:00
[2022-07-30 22:05:36,362] {scheduler_job.py:190} INFO - Processing /home/airflow/.local/lib/python3.6/site-packages/airflow/example_dags/example_xcom.py took 0.159 seconds
[2022-07-30 22:06:07,298] {scheduler_job.py:182} INFO - Started process (PID=582) to work on /home/airflow/.local/lib/python3.6/site-packages/airflow/example_dags/example_xcom.py
[2022-07-30 22:06:07,314] {scheduler_job.py:629} INFO - Processing file /home/airflow/.local/lib/python3.6/site-packages/airflow/example_dags/example_xcom.py for tasks to queue
[2022-07-30 22:06:07,316] {logging_mixin.py:104} INFO - [2022-07-30 22:06:07,315] {dagbag.py:451} INFO - Filling up the DagBag from /home/airflow/.local/lib/python3.6/site-packages/airflow/example_dags/example_xcom.py
[2022-07-30 22:06:07,354] {scheduler_job.py:639} INFO - DAG(s) dict_keys(['example_xcom']) retrieved from /home/airflow/.local/lib/python3.6/site-packages/airflow/example_dags/example_xcom.py
[2022-07-30 22:06:07,445] {logging_mixin.py:104} INFO - [2022-07-30 22:06:07,445] {dag.py:1824} INFO - Sync 1 DAGs
[2022-07-30 22:06:07,485] {logging_mixin.py:104} INFO - [2022-07-30 22:06:07,485] {dag.py:2280} INFO - Setting next_dagrun for example_xcom to 2022-07-28 00:00:00+00:00
[2022-07-30 22:06:07,526] {scheduler_job.py:190} INFO - Processing /home/airflow/.local/lib/python3.6/site-packages/airflow/example_dags/example_xcom.py took 0.235 seconds
[2022-07-30 22:06:38,184] {scheduler_job.py:182} INFO - Started process (PID=608) to work on /home/airflow/.local/lib/python3.6/site-packages/airflow/example_dags/example_xcom.py
[2022-07-30 22:06:38,187] {scheduler_job.py:629} INFO - Processing file /home/airflow/.local/lib/python3.6/site-packages/airflow/example_dags/example_xcom.py for tasks to queue
[2022-07-30 22:06:38,189] {logging_mixin.py:104} INFO - [2022-07-30 22:06:38,189] {dagbag.py:451} INFO - Filling up the DagBag from /home/airflow/.local/lib/python3.6/site-packages/airflow/example_dags/example_xcom.py
[2022-07-30 22:06:38,215] {scheduler_job.py:639} INFO - DAG(s) dict_keys(['example_xcom']) retrieved from /home/airflow/.local/lib/python3.6/site-packages/airflow/example_dags/example_xcom.py
[2022-07-30 22:06:38,259] {logging_mixin.py:104} INFO - [2022-07-30 22:06:38,259] {dag.py:1824} INFO - Sync 1 DAGs
[2022-07-30 22:06:38,295] {logging_mixin.py:104} INFO - [2022-07-30 22:06:38,295] {dag.py:2280} INFO - Setting next_dagrun for example_xcom to 2022-07-28 00:00:00+00:00
[2022-07-30 22:06:38,322] {scheduler_job.py:190} INFO - Processing /home/airflow/.local/lib/python3.6/site-packages/airflow/example_dags/example_xcom.py took 0.145 seconds
[2022-07-30 22:07:08,751] {scheduler_job.py:182} INFO - Started process (PID=634) to work on /home/airflow/.local/lib/python3.6/site-packages/airflow/example_dags/example_xcom.py
[2022-07-30 22:07:08,755] {scheduler_job.py:629} INFO - Processing file /home/airflow/.local/lib/python3.6/site-packages/airflow/example_dags/example_xcom.py for tasks to queue
[2022-07-30 22:07:08,756] {logging_mixin.py:104} INFO - [2022-07-30 22:07:08,756] {dagbag.py:451} INFO - Filling up the DagBag from /home/airflow/.local/lib/python3.6/site-packages/airflow/example_dags/example_xcom.py
[2022-07-30 22:07:08,778] {scheduler_job.py:639} INFO - DAG(s) dict_keys(['example_xcom']) retrieved from /home/airflow/.local/lib/python3.6/site-packages/airflow/example_dags/example_xcom.py
[2022-07-30 22:07:08,821] {logging_mixin.py:104} INFO - [2022-07-30 22:07:08,821] {dag.py:1824} INFO - Sync 1 DAGs
[2022-07-30 22:07:08,853] {logging_mixin.py:104} INFO - [2022-07-30 22:07:08,853] {dag.py:2280} INFO - Setting next_dagrun for example_xcom to 2022-07-28 00:00:00+00:00
[2022-07-30 22:07:08,889] {scheduler_job.py:190} INFO - Processing /home/airflow/.local/lib/python3.6/site-packages/airflow/example_dags/example_xcom.py took 0.143 seconds
[2022-07-30 22:07:39,171] {scheduler_job.py:182} INFO - Started process (PID=660) to work on /home/airflow/.local/lib/python3.6/site-packages/airflow/example_dags/example_xcom.py
[2022-07-30 22:07:39,180] {scheduler_job.py:629} INFO - Processing file /home/airflow/.local/lib/python3.6/site-packages/airflow/example_dags/example_xcom.py for tasks to queue
[2022-07-30 22:07:39,186] {logging_mixin.py:104} INFO - [2022-07-30 22:07:39,186] {dagbag.py:451} INFO - Filling up the DagBag from /home/airflow/.local/lib/python3.6/site-packages/airflow/example_dags/example_xcom.py
[2022-07-30 22:07:39,225] {scheduler_job.py:639} INFO - DAG(s) dict_keys(['example_xcom']) retrieved from /home/airflow/.local/lib/python3.6/site-packages/airflow/example_dags/example_xcom.py
[2022-07-30 22:07:39,340] {logging_mixin.py:104} INFO - [2022-07-30 22:07:39,340] {dag.py:1824} INFO - Sync 1 DAGs
[2022-07-30 22:07:39,378] {logging_mixin.py:104} INFO - [2022-07-30 22:07:39,377] {dag.py:2280} INFO - Setting next_dagrun for example_xcom to 2022-07-28 00:00:00+00:00
[2022-07-30 22:07:39,433] {scheduler_job.py:190} INFO - Processing /home/airflow/.local/lib/python3.6/site-packages/airflow/example_dags/example_xcom.py took 0.268 seconds
[2022-07-30 22:08:10,159] {scheduler_job.py:182} INFO - Started process (PID=687) to work on /home/airflow/.local/lib/python3.6/site-packages/airflow/example_dags/example_xcom.py
[2022-07-30 22:08:10,162] {scheduler_job.py:629} INFO - Processing file /home/airflow/.local/lib/python3.6/site-packages/airflow/example_dags/example_xcom.py for tasks to queue
[2022-07-30 22:08:10,164] {logging_mixin.py:104} INFO - [2022-07-30 22:08:10,164] {dagbag.py:451} INFO - Filling up the DagBag from /home/airflow/.local/lib/python3.6/site-packages/airflow/example_dags/example_xcom.py
[2022-07-30 22:08:10,187] {scheduler_job.py:639} INFO - DAG(s) dict_keys(['example_xcom']) retrieved from /home/airflow/.local/lib/python3.6/site-packages/airflow/example_dags/example_xcom.py
[2022-07-30 22:08:10,221] {logging_mixin.py:104} INFO - [2022-07-30 22:08:10,221] {dag.py:1824} INFO - Sync 1 DAGs
[2022-07-30 22:08:10,249] {logging_mixin.py:104} INFO - [2022-07-30 22:08:10,249] {dag.py:2280} INFO - Setting next_dagrun for example_xcom to 2022-07-28 00:00:00+00:00
[2022-07-30 22:08:10,274] {scheduler_job.py:190} INFO - Processing /home/airflow/.local/lib/python3.6/site-packages/airflow/example_dags/example_xcom.py took 0.122 seconds
[2022-07-30 22:08:40,350] {scheduler_job.py:182} INFO - Started process (PID=713) to work on /home/airflow/.local/lib/python3.6/site-packages/airflow/example_dags/example_xcom.py
[2022-07-30 22:08:40,352] {scheduler_job.py:629} INFO - Processing file /home/airflow/.local/lib/python3.6/site-packages/airflow/example_dags/example_xcom.py for tasks to queue
[2022-07-30 22:08:40,353] {logging_mixin.py:104} INFO - [2022-07-30 22:08:40,353] {dagbag.py:451} INFO - Filling up the DagBag from /home/airflow/.local/lib/python3.6/site-packages/airflow/example_dags/example_xcom.py
[2022-07-30 22:08:40,370] {scheduler_job.py:639} INFO - DAG(s) dict_keys(['example_xcom']) retrieved from /home/airflow/.local/lib/python3.6/site-packages/airflow/example_dags/example_xcom.py
[2022-07-30 22:08:40,405] {logging_mixin.py:104} INFO - [2022-07-30 22:08:40,404] {dag.py:1824} INFO - Sync 1 DAGs
[2022-07-30 22:08:40,429] {logging_mixin.py:104} INFO - [2022-07-30 22:08:40,429] {dag.py:2280} INFO - Setting next_dagrun for example_xcom to 2022-07-28 00:00:00+00:00
[2022-07-30 22:08:40,446] {scheduler_job.py:190} INFO - Processing /home/airflow/.local/lib/python3.6/site-packages/airflow/example_dags/example_xcom.py took 0.100 seconds
[2022-07-30 22:09:10,733] {scheduler_job.py:182} INFO - Started process (PID=739) to work on /home/airflow/.local/lib/python3.6/site-packages/airflow/example_dags/example_xcom.py
[2022-07-30 22:09:10,735] {scheduler_job.py:629} INFO - Processing file /home/airflow/.local/lib/python3.6/site-packages/airflow/example_dags/example_xcom.py for tasks to queue
[2022-07-30 22:09:10,737] {logging_mixin.py:104} INFO - [2022-07-30 22:09:10,736] {dagbag.py:451} INFO - Filling up the DagBag from /home/airflow/.local/lib/python3.6/site-packages/airflow/example_dags/example_xcom.py
[2022-07-30 22:09:10,756] {scheduler_job.py:639} INFO - DAG(s) dict_keys(['example_xcom']) retrieved from /home/airflow/.local/lib/python3.6/site-packages/airflow/example_dags/example_xcom.py
[2022-07-30 22:09:10,790] {logging_mixin.py:104} INFO - [2022-07-30 22:09:10,790] {dag.py:1824} INFO - Sync 1 DAGs
[2022-07-30 22:09:10,818] {logging_mixin.py:104} INFO - [2022-07-30 22:09:10,818] {dag.py:2280} INFO - Setting next_dagrun for example_xcom to 2022-07-28 00:00:00+00:00
[2022-07-30 22:09:10,835] {scheduler_job.py:190} INFO - Processing /home/airflow/.local/lib/python3.6/site-packages/airflow/example_dags/example_xcom.py took 0.109 seconds
[2022-07-30 22:09:41,399] {scheduler_job.py:182} INFO - Started process (PID=765) to work on /home/airflow/.local/lib/python3.6/site-packages/airflow/example_dags/example_xcom.py
[2022-07-30 22:09:41,403] {scheduler_job.py:629} INFO - Processing file /home/airflow/.local/lib/python3.6/site-packages/airflow/example_dags/example_xcom.py for tasks to queue
[2022-07-30 22:09:41,408] {logging_mixin.py:104} INFO - [2022-07-30 22:09:41,407] {dagbag.py:451} INFO - Filling up the DagBag from /home/airflow/.local/lib/python3.6/site-packages/airflow/example_dags/example_xcom.py
[2022-07-30 22:09:41,513] {scheduler_job.py:639} INFO - DAG(s) dict_keys(['example_xcom']) retrieved from /home/airflow/.local/lib/python3.6/site-packages/airflow/example_dags/example_xcom.py
[2022-07-30 22:09:41,625] {logging_mixin.py:104} INFO - [2022-07-30 22:09:41,625] {dag.py:1824} INFO - Sync 1 DAGs
[2022-07-30 22:09:41,781] {logging_mixin.py:104} INFO - [2022-07-30 22:09:41,780] {dag.py:2280} INFO - Setting next_dagrun for example_xcom to 2022-07-28 00:00:00+00:00
[2022-07-30 22:09:41,813] {scheduler_job.py:190} INFO - Processing /home/airflow/.local/lib/python3.6/site-packages/airflow/example_dags/example_xcom.py took 0.421 seconds
[2022-07-30 22:10:12,090] {scheduler_job.py:182} INFO - Started process (PID=791) to work on /home/airflow/.local/lib/python3.6/site-packages/airflow/example_dags/example_xcom.py
[2022-07-30 22:10:12,092] {scheduler_job.py:629} INFO - Processing file /home/airflow/.local/lib/python3.6/site-packages/airflow/example_dags/example_xcom.py for tasks to queue
[2022-07-30 22:10:12,093] {logging_mixin.py:104} INFO - [2022-07-30 22:10:12,093] {dagbag.py:451} INFO - Filling up the DagBag from /home/airflow/.local/lib/python3.6/site-packages/airflow/example_dags/example_xcom.py
[2022-07-30 22:10:12,114] {scheduler_job.py:639} INFO - DAG(s) dict_keys(['example_xcom']) retrieved from /home/airflow/.local/lib/python3.6/site-packages/airflow/example_dags/example_xcom.py
[2022-07-30 22:10:12,145] {logging_mixin.py:104} INFO - [2022-07-30 22:10:12,145] {dag.py:1824} INFO - Sync 1 DAGs
[2022-07-30 22:10:12,170] {logging_mixin.py:104} INFO - [2022-07-30 22:10:12,170] {dag.py:2280} INFO - Setting next_dagrun for example_xcom to 2022-07-28 00:00:00+00:00
[2022-07-30 22:10:12,188] {scheduler_job.py:190} INFO - Processing /home/airflow/.local/lib/python3.6/site-packages/airflow/example_dags/example_xcom.py took 0.103 seconds
[2022-07-30 22:10:42,933] {scheduler_job.py:182} INFO - Started process (PID=817) to work on /home/airflow/.local/lib/python3.6/site-packages/airflow/example_dags/example_xcom.py
[2022-07-30 22:10:42,936] {scheduler_job.py:629} INFO - Processing file /home/airflow/.local/lib/python3.6/site-packages/airflow/example_dags/example_xcom.py for tasks to queue
[2022-07-30 22:10:42,938] {logging_mixin.py:104} INFO - [2022-07-30 22:10:42,938] {dagbag.py:451} INFO - Filling up the DagBag from /home/airflow/.local/lib/python3.6/site-packages/airflow/example_dags/example_xcom.py
[2022-07-30 22:10:42,964] {scheduler_job.py:639} INFO - DAG(s) dict_keys(['example_xcom']) retrieved from /home/airflow/.local/lib/python3.6/site-packages/airflow/example_dags/example_xcom.py
[2022-07-30 22:10:43,010] {logging_mixin.py:104} INFO - [2022-07-30 22:10:43,010] {dag.py:1824} INFO - Sync 1 DAGs
[2022-07-30 22:10:43,035] {logging_mixin.py:104} INFO - [2022-07-30 22:10:43,034] {dag.py:2280} INFO - Setting next_dagrun for example_xcom to 2022-07-28 00:00:00+00:00
[2022-07-30 22:10:43,054] {scheduler_job.py:190} INFO - Processing /home/airflow/.local/lib/python3.6/site-packages/airflow/example_dags/example_xcom.py took 0.127 seconds
[2022-07-30 22:11:13,712] {scheduler_job.py:182} INFO - Started process (PID=843) to work on /home/airflow/.local/lib/python3.6/site-packages/airflow/example_dags/example_xcom.py
[2022-07-30 22:11:13,714] {scheduler_job.py:629} INFO - Processing file /home/airflow/.local/lib/python3.6/site-packages/airflow/example_dags/example_xcom.py for tasks to queue
[2022-07-30 22:11:13,716] {logging_mixin.py:104} INFO - [2022-07-30 22:11:13,716] {dagbag.py:451} INFO - Filling up the DagBag from /home/airflow/.local/lib/python3.6/site-packages/airflow/example_dags/example_xcom.py
[2022-07-30 22:11:13,737] {scheduler_job.py:639} INFO - DAG(s) dict_keys(['example_xcom']) retrieved from /home/airflow/.local/lib/python3.6/site-packages/airflow/example_dags/example_xcom.py
[2022-07-30 22:11:13,767] {logging_mixin.py:104} INFO - [2022-07-30 22:11:13,767] {dag.py:1824} INFO - Sync 1 DAGs
[2022-07-30 22:11:13,787] {logging_mixin.py:104} INFO - [2022-07-30 22:11:13,787] {dag.py:2280} INFO - Setting next_dagrun for example_xcom to 2022-07-28 00:00:00+00:00
[2022-07-30 22:11:13,805] {scheduler_job.py:190} INFO - Processing /home/airflow/.local/lib/python3.6/site-packages/airflow/example_dags/example_xcom.py took 0.098 seconds
[2022-07-30 22:11:44,520] {scheduler_job.py:182} INFO - Started process (PID=869) to work on /home/airflow/.local/lib/python3.6/site-packages/airflow/example_dags/example_xcom.py
[2022-07-30 22:11:44,522] {scheduler_job.py:629} INFO - Processing file /home/airflow/.local/lib/python3.6/site-packages/airflow/example_dags/example_xcom.py for tasks to queue
[2022-07-30 22:11:44,523] {logging_mixin.py:104} INFO - [2022-07-30 22:11:44,523] {dagbag.py:451} INFO - Filling up the DagBag from /home/airflow/.local/lib/python3.6/site-packages/airflow/example_dags/example_xcom.py
[2022-07-30 22:11:44,537] {scheduler_job.py:639} INFO - DAG(s) dict_keys(['example_xcom']) retrieved from /home/airflow/.local/lib/python3.6/site-packages/airflow/example_dags/example_xcom.py
[2022-07-30 22:11:44,563] {logging_mixin.py:104} INFO - [2022-07-30 22:11:44,563] {dag.py:1824} INFO - Sync 1 DAGs
[2022-07-30 22:11:44,584] {logging_mixin.py:104} INFO - [2022-07-30 22:11:44,583] {dag.py:2280} INFO - Setting next_dagrun for example_xcom to 2022-07-28 00:00:00+00:00
[2022-07-30 22:11:44,597] {scheduler_job.py:190} INFO - Processing /home/airflow/.local/lib/python3.6/site-packages/airflow/example_dags/example_xcom.py took 0.081 seconds
[2022-07-30 22:12:14,807] {scheduler_job.py:182} INFO - Started process (PID=895) to work on /home/airflow/.local/lib/python3.6/site-packages/airflow/example_dags/example_xcom.py
[2022-07-30 22:12:14,809] {scheduler_job.py:629} INFO - Processing file /home/airflow/.local/lib/python3.6/site-packages/airflow/example_dags/example_xcom.py for tasks to queue
[2022-07-30 22:12:14,812] {logging_mixin.py:104} INFO - [2022-07-30 22:12:14,812] {dagbag.py:451} INFO - Filling up the DagBag from /home/airflow/.local/lib/python3.6/site-packages/airflow/example_dags/example_xcom.py
[2022-07-30 22:12:14,832] {scheduler_job.py:639} INFO - DAG(s) dict_keys(['example_xcom']) retrieved from /home/airflow/.local/lib/python3.6/site-packages/airflow/example_dags/example_xcom.py
[2022-07-30 22:12:14,875] {logging_mixin.py:104} INFO - [2022-07-30 22:12:14,875] {dag.py:1824} INFO - Sync 1 DAGs
[2022-07-30 22:12:14,896] {logging_mixin.py:104} INFO - [2022-07-30 22:12:14,895] {dag.py:2280} INFO - Setting next_dagrun for example_xcom to 2022-07-28 00:00:00+00:00
[2022-07-30 22:12:14,940] {scheduler_job.py:190} INFO - Processing /home/airflow/.local/lib/python3.6/site-packages/airflow/example_dags/example_xcom.py took 0.139 seconds
[2022-07-30 22:12:45,044] {scheduler_job.py:182} INFO - Started process (PID=921) to work on /home/airflow/.local/lib/python3.6/site-packages/airflow/example_dags/example_xcom.py
[2022-07-30 22:12:45,046] {scheduler_job.py:629} INFO - Processing file /home/airflow/.local/lib/python3.6/site-packages/airflow/example_dags/example_xcom.py for tasks to queue
[2022-07-30 22:12:45,048] {logging_mixin.py:104} INFO - [2022-07-30 22:12:45,047] {dagbag.py:451} INFO - Filling up the DagBag from /home/airflow/.local/lib/python3.6/site-packages/airflow/example_dags/example_xcom.py
[2022-07-30 22:12:45,068] {scheduler_job.py:639} INFO - DAG(s) dict_keys(['example_xcom']) retrieved from /home/airflow/.local/lib/python3.6/site-packages/airflow/example_dags/example_xcom.py
[2022-07-30 22:12:45,116] {logging_mixin.py:104} INFO - [2022-07-30 22:12:45,116] {dag.py:1824} INFO - Sync 1 DAGs
[2022-07-30 22:12:45,136] {logging_mixin.py:104} INFO - [2022-07-30 22:12:45,136] {dag.py:2280} INFO - Setting next_dagrun for example_xcom to 2022-07-28 00:00:00+00:00
[2022-07-30 22:12:45,150] {scheduler_job.py:190} INFO - Processing /home/airflow/.local/lib/python3.6/site-packages/airflow/example_dags/example_xcom.py took 0.112 seconds
[2022-07-30 22:13:16,694] {scheduler_job.py:182} INFO - Started process (PID=947) to work on /home/airflow/.local/lib/python3.6/site-packages/airflow/example_dags/example_xcom.py
[2022-07-30 22:13:16,711] {scheduler_job.py:629} INFO - Processing file /home/airflow/.local/lib/python3.6/site-packages/airflow/example_dags/example_xcom.py for tasks to queue
[2022-07-30 22:13:16,715] {logging_mixin.py:104} INFO - [2022-07-30 22:13:16,714] {dagbag.py:451} INFO - Filling up the DagBag from /home/airflow/.local/lib/python3.6/site-packages/airflow/example_dags/example_xcom.py
[2022-07-30 22:13:16,819] {scheduler_job.py:639} INFO - DAG(s) dict_keys(['example_xcom']) retrieved from /home/airflow/.local/lib/python3.6/site-packages/airflow/example_dags/example_xcom.py
[2022-07-30 22:13:16,968] {logging_mixin.py:104} INFO - [2022-07-30 22:13:16,968] {dag.py:1824} INFO - Sync 1 DAGs
[2022-07-30 22:13:17,063] {logging_mixin.py:104} INFO - [2022-07-30 22:13:17,063] {dag.py:2280} INFO - Setting next_dagrun for example_xcom to 2022-07-28 00:00:00+00:00
[2022-07-30 22:13:17,092] {scheduler_job.py:190} INFO - Processing /home/airflow/.local/lib/python3.6/site-packages/airflow/example_dags/example_xcom.py took 0.419 seconds
[2022-07-30 22:13:47,264] {scheduler_job.py:182} INFO - Started process (PID=973) to work on /home/airflow/.local/lib/python3.6/site-packages/airflow/example_dags/example_xcom.py
[2022-07-30 22:13:47,266] {scheduler_job.py:629} INFO - Processing file /home/airflow/.local/lib/python3.6/site-packages/airflow/example_dags/example_xcom.py for tasks to queue
[2022-07-30 22:13:47,268] {logging_mixin.py:104} INFO - [2022-07-30 22:13:47,268] {dagbag.py:451} INFO - Filling up the DagBag from /home/airflow/.local/lib/python3.6/site-packages/airflow/example_dags/example_xcom.py
[2022-07-30 22:13:47,281] {scheduler_job.py:639} INFO - DAG(s) dict_keys(['example_xcom']) retrieved from /home/airflow/.local/lib/python3.6/site-packages/airflow/example_dags/example_xcom.py
[2022-07-30 22:13:47,313] {logging_mixin.py:104} INFO - [2022-07-30 22:13:47,313] {dag.py:1824} INFO - Sync 1 DAGs
[2022-07-30 22:13:47,333] {logging_mixin.py:104} INFO - [2022-07-30 22:13:47,333] {dag.py:2280} INFO - Setting next_dagrun for example_xcom to 2022-07-28 00:00:00+00:00
[2022-07-30 22:13:47,346] {scheduler_job.py:190} INFO - Processing /home/airflow/.local/lib/python3.6/site-packages/airflow/example_dags/example_xcom.py took 0.086 seconds
[2022-07-30 22:14:17,963] {scheduler_job.py:182} INFO - Started process (PID=999) to work on /home/airflow/.local/lib/python3.6/site-packages/airflow/example_dags/example_xcom.py
[2022-07-30 22:14:17,966] {scheduler_job.py:629} INFO - Processing file /home/airflow/.local/lib/python3.6/site-packages/airflow/example_dags/example_xcom.py for tasks to queue
[2022-07-30 22:14:17,967] {logging_mixin.py:104} INFO - [2022-07-30 22:14:17,967] {dagbag.py:451} INFO - Filling up the DagBag from /home/airflow/.local/lib/python3.6/site-packages/airflow/example_dags/example_xcom.py
[2022-07-30 22:14:17,989] {scheduler_job.py:639} INFO - DAG(s) dict_keys(['example_xcom']) retrieved from /home/airflow/.local/lib/python3.6/site-packages/airflow/example_dags/example_xcom.py
[2022-07-30 22:14:18,022] {logging_mixin.py:104} INFO - [2022-07-30 22:14:18,021] {dag.py:1824} INFO - Sync 1 DAGs
[2022-07-30 22:14:18,040] {logging_mixin.py:104} INFO - [2022-07-30 22:14:18,040] {dag.py:2280} INFO - Setting next_dagrun for example_xcom to 2022-07-28 00:00:00+00:00
[2022-07-30 22:14:18,052] {scheduler_job.py:190} INFO - Processing /home/airflow/.local/lib/python3.6/site-packages/airflow/example_dags/example_xcom.py took 0.096 seconds
[2022-07-30 22:14:48,648] {scheduler_job.py:182} INFO - Started process (PID=1025) to work on /home/airflow/.local/lib/python3.6/site-packages/airflow/example_dags/example_xcom.py
[2022-07-30 22:14:48,650] {scheduler_job.py:629} INFO - Processing file /home/airflow/.local/lib/python3.6/site-packages/airflow/example_dags/example_xcom.py for tasks to queue
[2022-07-30 22:14:48,651] {logging_mixin.py:104} INFO - [2022-07-30 22:14:48,651] {dagbag.py:451} INFO - Filling up the DagBag from /home/airflow/.local/lib/python3.6/site-packages/airflow/example_dags/example_xcom.py
[2022-07-30 22:14:48,667] {scheduler_job.py:639} INFO - DAG(s) dict_keys(['example_xcom']) retrieved from /home/airflow/.local/lib/python3.6/site-packages/airflow/example_dags/example_xcom.py
[2022-07-30 22:14:48,696] {logging_mixin.py:104} INFO - [2022-07-30 22:14:48,696] {dag.py:1824} INFO - Sync 1 DAGs
[2022-07-30 22:14:48,716] {logging_mixin.py:104} INFO - [2022-07-30 22:14:48,716] {dag.py:2280} INFO - Setting next_dagrun for example_xcom to 2022-07-28 00:00:00+00:00
[2022-07-30 22:14:48,733] {scheduler_job.py:190} INFO - Processing /home/airflow/.local/lib/python3.6/site-packages/airflow/example_dags/example_xcom.py took 0.089 seconds
[2022-07-30 22:15:19,073] {scheduler_job.py:182} INFO - Started process (PID=1051) to work on /home/airflow/.local/lib/python3.6/site-packages/airflow/example_dags/example_xcom.py
[2022-07-30 22:15:19,075] {scheduler_job.py:629} INFO - Processing file /home/airflow/.local/lib/python3.6/site-packages/airflow/example_dags/example_xcom.py for tasks to queue
[2022-07-30 22:15:19,076] {logging_mixin.py:104} INFO - [2022-07-30 22:15:19,076] {dagbag.py:451} INFO - Filling up the DagBag from /home/airflow/.local/lib/python3.6/site-packages/airflow/example_dags/example_xcom.py
[2022-07-30 22:15:19,095] {scheduler_job.py:639} INFO - DAG(s) dict_keys(['example_xcom']) retrieved from /home/airflow/.local/lib/python3.6/site-packages/airflow/example_dags/example_xcom.py
[2022-07-30 22:15:19,132] {logging_mixin.py:104} INFO - [2022-07-30 22:15:19,132] {dag.py:1824} INFO - Sync 1 DAGs
[2022-07-30 22:15:19,155] {logging_mixin.py:104} INFO - [2022-07-30 22:15:19,155] {dag.py:2280} INFO - Setting next_dagrun for example_xcom to 2022-07-28 00:00:00+00:00
[2022-07-30 22:15:19,172] {scheduler_job.py:190} INFO - Processing /home/airflow/.local/lib/python3.6/site-packages/airflow/example_dags/example_xcom.py took 0.105 seconds
[2022-07-30 22:15:49,746] {scheduler_job.py:182} INFO - Started process (PID=1077) to work on /home/airflow/.local/lib/python3.6/site-packages/airflow/example_dags/example_xcom.py
[2022-07-30 22:15:49,760] {scheduler_job.py:629} INFO - Processing file /home/airflow/.local/lib/python3.6/site-packages/airflow/example_dags/example_xcom.py for tasks to queue
[2022-07-30 22:15:49,761] {logging_mixin.py:104} INFO - [2022-07-30 22:15:49,761] {dagbag.py:451} INFO - Filling up the DagBag from /home/airflow/.local/lib/python3.6/site-packages/airflow/example_dags/example_xcom.py
[2022-07-30 22:15:49,809] {scheduler_job.py:639} INFO - DAG(s) dict_keys(['example_xcom']) retrieved from /home/airflow/.local/lib/python3.6/site-packages/airflow/example_dags/example_xcom.py
[2022-07-30 22:15:49,868] {logging_mixin.py:104} INFO - [2022-07-30 22:15:49,868] {dag.py:1824} INFO - Sync 1 DAGs
[2022-07-30 22:15:49,902] {logging_mixin.py:104} INFO - [2022-07-30 22:15:49,902] {dag.py:2280} INFO - Setting next_dagrun for example_xcom to 2022-07-28 00:00:00+00:00
[2022-07-30 22:15:49,932] {scheduler_job.py:190} INFO - Processing /home/airflow/.local/lib/python3.6/site-packages/airflow/example_dags/example_xcom.py took 0.194 seconds
[2022-07-30 22:16:20,709] {scheduler_job.py:182} INFO - Started process (PID=1103) to work on /home/airflow/.local/lib/python3.6/site-packages/airflow/example_dags/example_xcom.py
[2022-07-30 22:16:20,712] {scheduler_job.py:629} INFO - Processing file /home/airflow/.local/lib/python3.6/site-packages/airflow/example_dags/example_xcom.py for tasks to queue
[2022-07-30 22:16:20,714] {logging_mixin.py:104} INFO - [2022-07-30 22:16:20,713] {dagbag.py:451} INFO - Filling up the DagBag from /home/airflow/.local/lib/python3.6/site-packages/airflow/example_dags/example_xcom.py
[2022-07-30 22:16:20,746] {scheduler_job.py:639} INFO - DAG(s) dict_keys(['example_xcom']) retrieved from /home/airflow/.local/lib/python3.6/site-packages/airflow/example_dags/example_xcom.py
[2022-07-30 22:16:20,800] {logging_mixin.py:104} INFO - [2022-07-30 22:16:20,800] {dag.py:1824} INFO - Sync 1 DAGs
[2022-07-30 22:16:20,848] {logging_mixin.py:104} INFO - [2022-07-30 22:16:20,848] {dag.py:2280} INFO - Setting next_dagrun for example_xcom to 2022-07-28 00:00:00+00:00
[2022-07-30 22:16:20,905] {scheduler_job.py:190} INFO - Processing /home/airflow/.local/lib/python3.6/site-packages/airflow/example_dags/example_xcom.py took 0.202 seconds
[2022-07-30 22:16:51,039] {scheduler_job.py:182} INFO - Started process (PID=1129) to work on /home/airflow/.local/lib/python3.6/site-packages/airflow/example_dags/example_xcom.py
[2022-07-30 22:16:51,043] {scheduler_job.py:629} INFO - Processing file /home/airflow/.local/lib/python3.6/site-packages/airflow/example_dags/example_xcom.py for tasks to queue
[2022-07-30 22:16:51,046] {logging_mixin.py:104} INFO - [2022-07-30 22:16:51,045] {dagbag.py:451} INFO - Filling up the DagBag from /home/airflow/.local/lib/python3.6/site-packages/airflow/example_dags/example_xcom.py
[2022-07-30 22:16:51,072] {scheduler_job.py:639} INFO - DAG(s) dict_keys(['example_xcom']) retrieved from /home/airflow/.local/lib/python3.6/site-packages/airflow/example_dags/example_xcom.py
[2022-07-30 22:16:51,123] {logging_mixin.py:104} INFO - [2022-07-30 22:16:51,122] {dag.py:1824} INFO - Sync 1 DAGs
[2022-07-30 22:16:51,156] {logging_mixin.py:104} INFO - [2022-07-30 22:16:51,156] {dag.py:2280} INFO - Setting next_dagrun for example_xcom to 2022-07-28 00:00:00+00:00
[2022-07-30 22:16:51,177] {scheduler_job.py:190} INFO - Processing /home/airflow/.local/lib/python3.6/site-packages/airflow/example_dags/example_xcom.py took 0.145 seconds
[2022-07-30 22:17:21,350] {scheduler_job.py:182} INFO - Started process (PID=1155) to work on /home/airflow/.local/lib/python3.6/site-packages/airflow/example_dags/example_xcom.py
[2022-07-30 22:17:21,353] {scheduler_job.py:629} INFO - Processing file /home/airflow/.local/lib/python3.6/site-packages/airflow/example_dags/example_xcom.py for tasks to queue
[2022-07-30 22:17:21,355] {logging_mixin.py:104} INFO - [2022-07-30 22:17:21,355] {dagbag.py:451} INFO - Filling up the DagBag from /home/airflow/.local/lib/python3.6/site-packages/airflow/example_dags/example_xcom.py
[2022-07-30 22:17:21,384] {scheduler_job.py:639} INFO - DAG(s) dict_keys(['example_xcom']) retrieved from /home/airflow/.local/lib/python3.6/site-packages/airflow/example_dags/example_xcom.py
[2022-07-30 22:17:21,428] {logging_mixin.py:104} INFO - [2022-07-30 22:17:21,428] {dag.py:1824} INFO - Sync 1 DAGs
[2022-07-30 22:17:21,461] {logging_mixin.py:104} INFO - [2022-07-30 22:17:21,460] {dag.py:2280} INFO - Setting next_dagrun for example_xcom to 2022-07-28 00:00:00+00:00
[2022-07-30 22:17:21,486] {scheduler_job.py:190} INFO - Processing /home/airflow/.local/lib/python3.6/site-packages/airflow/example_dags/example_xcom.py took 0.143 seconds
[2022-07-30 22:17:51,780] {scheduler_job.py:182} INFO - Started process (PID=1181) to work on /home/airflow/.local/lib/python3.6/site-packages/airflow/example_dags/example_xcom.py
[2022-07-30 22:17:51,784] {scheduler_job.py:629} INFO - Processing file /home/airflow/.local/lib/python3.6/site-packages/airflow/example_dags/example_xcom.py for tasks to queue
[2022-07-30 22:17:51,785] {logging_mixin.py:104} INFO - [2022-07-30 22:17:51,785] {dagbag.py:451} INFO - Filling up the DagBag from /home/airflow/.local/lib/python3.6/site-packages/airflow/example_dags/example_xcom.py
[2022-07-30 22:17:51,810] {scheduler_job.py:639} INFO - DAG(s) dict_keys(['example_xcom']) retrieved from /home/airflow/.local/lib/python3.6/site-packages/airflow/example_dags/example_xcom.py
[2022-07-30 22:17:51,857] {logging_mixin.py:104} INFO - [2022-07-30 22:17:51,857] {dag.py:1824} INFO - Sync 1 DAGs
[2022-07-30 22:17:51,893] {logging_mixin.py:104} INFO - [2022-07-30 22:17:51,893] {dag.py:2280} INFO - Setting next_dagrun for example_xcom to 2022-07-28 00:00:00+00:00
[2022-07-30 22:17:51,920] {scheduler_job.py:190} INFO - Processing /home/airflow/.local/lib/python3.6/site-packages/airflow/example_dags/example_xcom.py took 0.155 seconds
[2022-07-30 22:18:22,077] {scheduler_job.py:182} INFO - Started process (PID=1207) to work on /home/airflow/.local/lib/python3.6/site-packages/airflow/example_dags/example_xcom.py
[2022-07-30 22:18:22,081] {scheduler_job.py:629} INFO - Processing file /home/airflow/.local/lib/python3.6/site-packages/airflow/example_dags/example_xcom.py for tasks to queue
[2022-07-30 22:18:22,083] {logging_mixin.py:104} INFO - [2022-07-30 22:18:22,083] {dagbag.py:451} INFO - Filling up the DagBag from /home/airflow/.local/lib/python3.6/site-packages/airflow/example_dags/example_xcom.py
[2022-07-30 22:18:22,119] {scheduler_job.py:639} INFO - DAG(s) dict_keys(['example_xcom']) retrieved from /home/airflow/.local/lib/python3.6/site-packages/airflow/example_dags/example_xcom.py
[2022-07-30 22:18:22,163] {logging_mixin.py:104} INFO - [2022-07-30 22:18:22,163] {dag.py:1824} INFO - Sync 1 DAGs
[2022-07-30 22:18:22,190] {logging_mixin.py:104} INFO - [2022-07-30 22:18:22,190] {dag.py:2280} INFO - Setting next_dagrun for example_xcom to 2022-07-28 00:00:00+00:00
[2022-07-30 22:18:22,231] {scheduler_job.py:190} INFO - Processing /home/airflow/.local/lib/python3.6/site-packages/airflow/example_dags/example_xcom.py took 0.167 seconds
[2022-07-30 22:18:52,985] {scheduler_job.py:182} INFO - Started process (PID=1233) to work on /home/airflow/.local/lib/python3.6/site-packages/airflow/example_dags/example_xcom.py
[2022-07-30 22:18:52,988] {scheduler_job.py:629} INFO - Processing file /home/airflow/.local/lib/python3.6/site-packages/airflow/example_dags/example_xcom.py for tasks to queue
[2022-07-30 22:18:52,990] {logging_mixin.py:104} INFO - [2022-07-30 22:18:52,990] {dagbag.py:451} INFO - Filling up the DagBag from /home/airflow/.local/lib/python3.6/site-packages/airflow/example_dags/example_xcom.py
[2022-07-30 22:18:53,014] {scheduler_job.py:639} INFO - DAG(s) dict_keys(['example_xcom']) retrieved from /home/airflow/.local/lib/python3.6/site-packages/airflow/example_dags/example_xcom.py
[2022-07-30 22:18:53,053] {logging_mixin.py:104} INFO - [2022-07-30 22:18:53,053] {dag.py:1824} INFO - Sync 1 DAGs
[2022-07-30 22:18:53,076] {logging_mixin.py:104} INFO - [2022-07-30 22:18:53,076] {dag.py:2280} INFO - Setting next_dagrun for example_xcom to 2022-07-28 00:00:00+00:00
[2022-07-30 22:18:53,092] {scheduler_job.py:190} INFO - Processing /home/airflow/.local/lib/python3.6/site-packages/airflow/example_dags/example_xcom.py took 0.114 seconds
[2022-07-30 22:19:23,377] {scheduler_job.py:182} INFO - Started process (PID=1259) to work on /home/airflow/.local/lib/python3.6/site-packages/airflow/example_dags/example_xcom.py
[2022-07-30 22:19:23,383] {scheduler_job.py:629} INFO - Processing file /home/airflow/.local/lib/python3.6/site-packages/airflow/example_dags/example_xcom.py for tasks to queue
[2022-07-30 22:19:23,387] {logging_mixin.py:104} INFO - [2022-07-30 22:19:23,387] {dagbag.py:451} INFO - Filling up the DagBag from /home/airflow/.local/lib/python3.6/site-packages/airflow/example_dags/example_xcom.py
[2022-07-30 22:19:23,413] {scheduler_job.py:639} INFO - DAG(s) dict_keys(['example_xcom']) retrieved from /home/airflow/.local/lib/python3.6/site-packages/airflow/example_dags/example_xcom.py
[2022-07-30 22:19:23,463] {logging_mixin.py:104} INFO - [2022-07-30 22:19:23,463] {dag.py:1824} INFO - Sync 1 DAGs
[2022-07-30 22:19:23,495] {logging_mixin.py:104} INFO - [2022-07-30 22:19:23,494] {dag.py:2280} INFO - Setting next_dagrun for example_xcom to 2022-07-28 00:00:00+00:00
[2022-07-30 22:19:23,515] {scheduler_job.py:190} INFO - Processing /home/airflow/.local/lib/python3.6/site-packages/airflow/example_dags/example_xcom.py took 0.152 seconds
[2022-07-30 22:19:53,699] {scheduler_job.py:182} INFO - Started process (PID=1285) to work on /home/airflow/.local/lib/python3.6/site-packages/airflow/example_dags/example_xcom.py
[2022-07-30 22:19:53,702] {scheduler_job.py:629} INFO - Processing file /home/airflow/.local/lib/python3.6/site-packages/airflow/example_dags/example_xcom.py for tasks to queue
[2022-07-30 22:19:53,704] {logging_mixin.py:104} INFO - [2022-07-30 22:19:53,704] {dagbag.py:451} INFO - Filling up the DagBag from /home/airflow/.local/lib/python3.6/site-packages/airflow/example_dags/example_xcom.py
[2022-07-30 22:19:53,740] {scheduler_job.py:639} INFO - DAG(s) dict_keys(['example_xcom']) retrieved from /home/airflow/.local/lib/python3.6/site-packages/airflow/example_dags/example_xcom.py
[2022-07-30 22:19:53,841] {logging_mixin.py:104} INFO - [2022-07-30 22:19:53,840] {dag.py:1824} INFO - Sync 1 DAGs
[2022-07-30 22:19:53,905] {logging_mixin.py:104} INFO - [2022-07-30 22:19:53,905] {dag.py:2280} INFO - Setting next_dagrun for example_xcom to 2022-07-28 00:00:00+00:00
[2022-07-30 22:19:53,931] {scheduler_job.py:190} INFO - Processing /home/airflow/.local/lib/python3.6/site-packages/airflow/example_dags/example_xcom.py took 0.239 seconds
[2022-07-30 22:20:24,512] {scheduler_job.py:182} INFO - Started process (PID=1311) to work on /home/airflow/.local/lib/python3.6/site-packages/airflow/example_dags/example_xcom.py
[2022-07-30 22:20:24,524] {scheduler_job.py:629} INFO - Processing file /home/airflow/.local/lib/python3.6/site-packages/airflow/example_dags/example_xcom.py for tasks to queue
[2022-07-30 22:20:24,526] {logging_mixin.py:104} INFO - [2022-07-30 22:20:24,526] {dagbag.py:451} INFO - Filling up the DagBag from /home/airflow/.local/lib/python3.6/site-packages/airflow/example_dags/example_xcom.py
[2022-07-30 22:20:24,567] {scheduler_job.py:639} INFO - DAG(s) dict_keys(['example_xcom']) retrieved from /home/airflow/.local/lib/python3.6/site-packages/airflow/example_dags/example_xcom.py
[2022-07-30 22:20:24,658] {logging_mixin.py:104} INFO - [2022-07-30 22:20:24,657] {dag.py:1824} INFO - Sync 1 DAGs
[2022-07-30 22:20:24,691] {logging_mixin.py:104} INFO - [2022-07-30 22:20:24,691] {dag.py:2280} INFO - Setting next_dagrun for example_xcom to 2022-07-28 00:00:00+00:00
[2022-07-30 22:20:24,717] {scheduler_job.py:190} INFO - Processing /home/airflow/.local/lib/python3.6/site-packages/airflow/example_dags/example_xcom.py took 0.212 seconds
[2022-07-30 22:20:55,573] {scheduler_job.py:182} INFO - Started process (PID=1337) to work on /home/airflow/.local/lib/python3.6/site-packages/airflow/example_dags/example_xcom.py
[2022-07-30 22:20:55,584] {scheduler_job.py:629} INFO - Processing file /home/airflow/.local/lib/python3.6/site-packages/airflow/example_dags/example_xcom.py for tasks to queue
[2022-07-30 22:20:55,592] {logging_mixin.py:104} INFO - [2022-07-30 22:20:55,592] {dagbag.py:451} INFO - Filling up the DagBag from /home/airflow/.local/lib/python3.6/site-packages/airflow/example_dags/example_xcom.py
[2022-07-30 22:20:55,659] {scheduler_job.py:639} INFO - DAG(s) dict_keys(['example_xcom']) retrieved from /home/airflow/.local/lib/python3.6/site-packages/airflow/example_dags/example_xcom.py
[2022-07-30 22:20:55,786] {logging_mixin.py:104} INFO - [2022-07-30 22:20:55,786] {dag.py:1824} INFO - Sync 1 DAGs
[2022-07-30 22:20:55,870] {logging_mixin.py:104} INFO - [2022-07-30 22:20:55,869] {dag.py:2280} INFO - Setting next_dagrun for example_xcom to 2022-07-28 00:00:00+00:00
[2022-07-30 22:20:55,927] {scheduler_job.py:190} INFO - Processing /home/airflow/.local/lib/python3.6/site-packages/airflow/example_dags/example_xcom.py took 0.361 seconds
[2022-07-30 22:21:26,669] {scheduler_job.py:182} INFO - Started process (PID=1363) to work on /home/airflow/.local/lib/python3.6/site-packages/airflow/example_dags/example_xcom.py
[2022-07-30 22:21:26,672] {scheduler_job.py:629} INFO - Processing file /home/airflow/.local/lib/python3.6/site-packages/airflow/example_dags/example_xcom.py for tasks to queue
[2022-07-30 22:21:26,674] {logging_mixin.py:104} INFO - [2022-07-30 22:21:26,673] {dagbag.py:451} INFO - Filling up the DagBag from /home/airflow/.local/lib/python3.6/site-packages/airflow/example_dags/example_xcom.py
[2022-07-30 22:21:26,700] {scheduler_job.py:639} INFO - DAG(s) dict_keys(['example_xcom']) retrieved from /home/airflow/.local/lib/python3.6/site-packages/airflow/example_dags/example_xcom.py
[2022-07-30 22:21:26,753] {logging_mixin.py:104} INFO - [2022-07-30 22:21:26,753] {dag.py:1824} INFO - Sync 1 DAGs
[2022-07-30 22:21:26,783] {logging_mixin.py:104} INFO - [2022-07-30 22:21:26,783] {dag.py:2280} INFO - Setting next_dagrun for example_xcom to 2022-07-28 00:00:00+00:00
[2022-07-30 22:21:26,801] {scheduler_job.py:190} INFO - Processing /home/airflow/.local/lib/python3.6/site-packages/airflow/example_dags/example_xcom.py took 0.140 seconds
[2022-07-30 22:21:57,063] {scheduler_job.py:182} INFO - Started process (PID=1389) to work on /home/airflow/.local/lib/python3.6/site-packages/airflow/example_dags/example_xcom.py
[2022-07-30 22:21:57,075] {scheduler_job.py:629} INFO - Processing file /home/airflow/.local/lib/python3.6/site-packages/airflow/example_dags/example_xcom.py for tasks to queue
[2022-07-30 22:21:57,077] {logging_mixin.py:104} INFO - [2022-07-30 22:21:57,076] {dagbag.py:451} INFO - Filling up the DagBag from /home/airflow/.local/lib/python3.6/site-packages/airflow/example_dags/example_xcom.py
[2022-07-30 22:21:57,125] {scheduler_job.py:639} INFO - DAG(s) dict_keys(['example_xcom']) retrieved from /home/airflow/.local/lib/python3.6/site-packages/airflow/example_dags/example_xcom.py
[2022-07-30 22:21:57,207] {logging_mixin.py:104} INFO - [2022-07-30 22:21:57,207] {dag.py:1824} INFO - Sync 1 DAGs
[2022-07-30 22:21:57,253] {logging_mixin.py:104} INFO - [2022-07-30 22:21:57,252] {dag.py:2280} INFO - Setting next_dagrun for example_xcom to 2022-07-28 00:00:00+00:00
[2022-07-30 22:21:57,290] {scheduler_job.py:190} INFO - Processing /home/airflow/.local/lib/python3.6/site-packages/airflow/example_dags/example_xcom.py took 0.233 seconds
[2022-07-30 22:22:27,554] {scheduler_job.py:182} INFO - Started process (PID=1415) to work on /home/airflow/.local/lib/python3.6/site-packages/airflow/example_dags/example_xcom.py
[2022-07-30 22:22:27,565] {scheduler_job.py:629} INFO - Processing file /home/airflow/.local/lib/python3.6/site-packages/airflow/example_dags/example_xcom.py for tasks to queue
[2022-07-30 22:22:27,571] {logging_mixin.py:104} INFO - [2022-07-30 22:22:27,571] {dagbag.py:451} INFO - Filling up the DagBag from /home/airflow/.local/lib/python3.6/site-packages/airflow/example_dags/example_xcom.py
[2022-07-30 22:22:27,618] {scheduler_job.py:639} INFO - DAG(s) dict_keys(['example_xcom']) retrieved from /home/airflow/.local/lib/python3.6/site-packages/airflow/example_dags/example_xcom.py
[2022-07-30 22:22:27,675] {logging_mixin.py:104} INFO - [2022-07-30 22:22:27,675] {dag.py:1824} INFO - Sync 1 DAGs
[2022-07-30 22:22:27,704] {logging_mixin.py:104} INFO - [2022-07-30 22:22:27,704] {dag.py:2280} INFO - Setting next_dagrun for example_xcom to 2022-07-28 00:00:00+00:00
[2022-07-30 22:22:27,717] {scheduler_job.py:190} INFO - Processing /home/airflow/.local/lib/python3.6/site-packages/airflow/example_dags/example_xcom.py took 0.192 seconds
[2022-07-30 22:22:58,016] {scheduler_job.py:182} INFO - Started process (PID=1441) to work on /home/airflow/.local/lib/python3.6/site-packages/airflow/example_dags/example_xcom.py
[2022-07-30 22:22:58,018] {scheduler_job.py:629} INFO - Processing file /home/airflow/.local/lib/python3.6/site-packages/airflow/example_dags/example_xcom.py for tasks to queue
[2022-07-30 22:22:58,020] {logging_mixin.py:104} INFO - [2022-07-30 22:22:58,019] {dagbag.py:451} INFO - Filling up the DagBag from /home/airflow/.local/lib/python3.6/site-packages/airflow/example_dags/example_xcom.py
[2022-07-30 22:22:58,041] {scheduler_job.py:639} INFO - DAG(s) dict_keys(['example_xcom']) retrieved from /home/airflow/.local/lib/python3.6/site-packages/airflow/example_dags/example_xcom.py
[2022-07-30 22:22:58,076] {logging_mixin.py:104} INFO - [2022-07-30 22:22:58,076] {dag.py:1824} INFO - Sync 1 DAGs
[2022-07-30 22:22:58,097] {logging_mixin.py:104} INFO - [2022-07-30 22:22:58,097] {dag.py:2280} INFO - Setting next_dagrun for example_xcom to 2022-07-28 00:00:00+00:00
[2022-07-30 22:22:58,111] {scheduler_job.py:190} INFO - Processing /home/airflow/.local/lib/python3.6/site-packages/airflow/example_dags/example_xcom.py took 0.101 seconds
[2022-07-30 22:23:28,657] {scheduler_job.py:182} INFO - Started process (PID=1467) to work on /home/airflow/.local/lib/python3.6/site-packages/airflow/example_dags/example_xcom.py
[2022-07-30 22:23:28,668] {scheduler_job.py:629} INFO - Processing file /home/airflow/.local/lib/python3.6/site-packages/airflow/example_dags/example_xcom.py for tasks to queue
[2022-07-30 22:23:28,671] {logging_mixin.py:104} INFO - [2022-07-30 22:23:28,671] {dagbag.py:451} INFO - Filling up the DagBag from /home/airflow/.local/lib/python3.6/site-packages/airflow/example_dags/example_xcom.py
[2022-07-30 22:23:28,714] {scheduler_job.py:639} INFO - DAG(s) dict_keys(['example_xcom']) retrieved from /home/airflow/.local/lib/python3.6/site-packages/airflow/example_dags/example_xcom.py
[2022-07-30 22:23:28,777] {logging_mixin.py:104} INFO - [2022-07-30 22:23:28,777] {dag.py:1824} INFO - Sync 1 DAGs
[2022-07-30 22:23:28,811] {logging_mixin.py:104} INFO - [2022-07-30 22:23:28,811] {dag.py:2280} INFO - Setting next_dagrun for example_xcom to 2022-07-28 00:00:00+00:00
[2022-07-30 22:23:28,831] {scheduler_job.py:190} INFO - Processing /home/airflow/.local/lib/python3.6/site-packages/airflow/example_dags/example_xcom.py took 0.183 seconds
[2022-07-30 22:23:59,411] {scheduler_job.py:182} INFO - Started process (PID=1493) to work on /home/airflow/.local/lib/python3.6/site-packages/airflow/example_dags/example_xcom.py
[2022-07-30 22:23:59,413] {scheduler_job.py:629} INFO - Processing file /home/airflow/.local/lib/python3.6/site-packages/airflow/example_dags/example_xcom.py for tasks to queue
[2022-07-30 22:23:59,415] {logging_mixin.py:104} INFO - [2022-07-30 22:23:59,415] {dagbag.py:451} INFO - Filling up the DagBag from /home/airflow/.local/lib/python3.6/site-packages/airflow/example_dags/example_xcom.py
[2022-07-30 22:23:59,446] {scheduler_job.py:639} INFO - DAG(s) dict_keys(['example_xcom']) retrieved from /home/airflow/.local/lib/python3.6/site-packages/airflow/example_dags/example_xcom.py
[2022-07-30 22:23:59,489] {logging_mixin.py:104} INFO - [2022-07-30 22:23:59,488] {dag.py:1824} INFO - Sync 1 DAGs
[2022-07-30 22:23:59,518] {logging_mixin.py:104} INFO - [2022-07-30 22:23:59,518] {dag.py:2280} INFO - Setting next_dagrun for example_xcom to 2022-07-28 00:00:00+00:00
[2022-07-30 22:23:59,538] {scheduler_job.py:190} INFO - Processing /home/airflow/.local/lib/python3.6/site-packages/airflow/example_dags/example_xcom.py took 0.137 seconds
[2022-07-30 22:24:29,717] {scheduler_job.py:182} INFO - Started process (PID=1519) to work on /home/airflow/.local/lib/python3.6/site-packages/airflow/example_dags/example_xcom.py
[2022-07-30 22:24:29,720] {scheduler_job.py:629} INFO - Processing file /home/airflow/.local/lib/python3.6/site-packages/airflow/example_dags/example_xcom.py for tasks to queue
[2022-07-30 22:24:29,722] {logging_mixin.py:104} INFO - [2022-07-30 22:24:29,722] {dagbag.py:451} INFO - Filling up the DagBag from /home/airflow/.local/lib/python3.6/site-packages/airflow/example_dags/example_xcom.py
[2022-07-30 22:24:29,748] {scheduler_job.py:639} INFO - DAG(s) dict_keys(['example_xcom']) retrieved from /home/airflow/.local/lib/python3.6/site-packages/airflow/example_dags/example_xcom.py
[2022-07-30 22:24:29,781] {logging_mixin.py:104} INFO - [2022-07-30 22:24:29,781] {dag.py:1824} INFO - Sync 1 DAGs
[2022-07-30 22:24:29,802] {logging_mixin.py:104} INFO - [2022-07-30 22:24:29,802] {dag.py:2280} INFO - Setting next_dagrun for example_xcom to 2022-07-28 00:00:00+00:00
[2022-07-30 22:24:29,815] {scheduler_job.py:190} INFO - Processing /home/airflow/.local/lib/python3.6/site-packages/airflow/example_dags/example_xcom.py took 0.108 seconds
[2022-07-30 22:25:00,490] {scheduler_job.py:182} INFO - Started process (PID=1545) to work on /home/airflow/.local/lib/python3.6/site-packages/airflow/example_dags/example_xcom.py
[2022-07-30 22:25:00,504] {scheduler_job.py:629} INFO - Processing file /home/airflow/.local/lib/python3.6/site-packages/airflow/example_dags/example_xcom.py for tasks to queue
[2022-07-30 22:25:00,515] {logging_mixin.py:104} INFO - [2022-07-30 22:25:00,515] {dagbag.py:451} INFO - Filling up the DagBag from /home/airflow/.local/lib/python3.6/site-packages/airflow/example_dags/example_xcom.py
[2022-07-30 22:25:00,636] {scheduler_job.py:639} INFO - DAG(s) dict_keys(['example_xcom']) retrieved from /home/airflow/.local/lib/python3.6/site-packages/airflow/example_dags/example_xcom.py
[2022-07-30 22:25:00,782] {logging_mixin.py:104} INFO - [2022-07-30 22:25:00,781] {dag.py:1824} INFO - Sync 1 DAGs
[2022-07-30 22:25:00,862] {logging_mixin.py:104} INFO - [2022-07-30 22:25:00,862] {dag.py:2280} INFO - Setting next_dagrun for example_xcom to 2022-07-28 00:00:00+00:00
[2022-07-30 22:25:00,914] {scheduler_job.py:190} INFO - Processing /home/airflow/.local/lib/python3.6/site-packages/airflow/example_dags/example_xcom.py took 0.446 seconds
[2022-07-30 22:25:31,676] {scheduler_job.py:182} INFO - Started process (PID=1571) to work on /home/airflow/.local/lib/python3.6/site-packages/airflow/example_dags/example_xcom.py
[2022-07-30 22:25:31,679] {scheduler_job.py:629} INFO - Processing file /home/airflow/.local/lib/python3.6/site-packages/airflow/example_dags/example_xcom.py for tasks to queue
[2022-07-30 22:25:31,681] {logging_mixin.py:104} INFO - [2022-07-30 22:25:31,681] {dagbag.py:451} INFO - Filling up the DagBag from /home/airflow/.local/lib/python3.6/site-packages/airflow/example_dags/example_xcom.py
[2022-07-30 22:25:31,713] {scheduler_job.py:639} INFO - DAG(s) dict_keys(['example_xcom']) retrieved from /home/airflow/.local/lib/python3.6/site-packages/airflow/example_dags/example_xcom.py
[2022-07-30 22:25:31,794] {logging_mixin.py:104} INFO - [2022-07-30 22:25:31,794] {dag.py:1824} INFO - Sync 1 DAGs
[2022-07-30 22:25:31,873] {logging_mixin.py:104} INFO - [2022-07-30 22:25:31,873] {dag.py:2280} INFO - Setting next_dagrun for example_xcom to 2022-07-28 00:00:00+00:00
[2022-07-30 22:25:31,910] {scheduler_job.py:190} INFO - Processing /home/airflow/.local/lib/python3.6/site-packages/airflow/example_dags/example_xcom.py took 0.251 seconds
[2022-07-30 22:26:02,520] {scheduler_job.py:182} INFO - Started process (PID=1597) to work on /home/airflow/.local/lib/python3.6/site-packages/airflow/example_dags/example_xcom.py
[2022-07-30 22:26:02,526] {scheduler_job.py:629} INFO - Processing file /home/airflow/.local/lib/python3.6/site-packages/airflow/example_dags/example_xcom.py for tasks to queue
[2022-07-30 22:26:02,533] {logging_mixin.py:104} INFO - [2022-07-30 22:26:02,532] {dagbag.py:451} INFO - Filling up the DagBag from /home/airflow/.local/lib/python3.6/site-packages/airflow/example_dags/example_xcom.py
[2022-07-30 22:26:02,562] {scheduler_job.py:639} INFO - DAG(s) dict_keys(['example_xcom']) retrieved from /home/airflow/.local/lib/python3.6/site-packages/airflow/example_dags/example_xcom.py
[2022-07-30 22:26:02,634] {logging_mixin.py:104} INFO - [2022-07-30 22:26:02,634] {dag.py:1824} INFO - Sync 1 DAGs
[2022-07-30 22:26:02,678] {logging_mixin.py:104} INFO - [2022-07-30 22:26:02,677] {dag.py:2280} INFO - Setting next_dagrun for example_xcom to 2022-07-28 00:00:00+00:00
[2022-07-30 22:26:02,736] {scheduler_job.py:190} INFO - Processing /home/airflow/.local/lib/python3.6/site-packages/airflow/example_dags/example_xcom.py took 0.227 seconds
[2022-07-30 22:26:32,846] {scheduler_job.py:182} INFO - Started process (PID=1623) to work on /home/airflow/.local/lib/python3.6/site-packages/airflow/example_dags/example_xcom.py
[2022-07-30 22:26:32,853] {scheduler_job.py:629} INFO - Processing file /home/airflow/.local/lib/python3.6/site-packages/airflow/example_dags/example_xcom.py for tasks to queue
[2022-07-30 22:26:32,856] {logging_mixin.py:104} INFO - [2022-07-30 22:26:32,856] {dagbag.py:451} INFO - Filling up the DagBag from /home/airflow/.local/lib/python3.6/site-packages/airflow/example_dags/example_xcom.py
[2022-07-30 22:26:32,888] {scheduler_job.py:639} INFO - DAG(s) dict_keys(['example_xcom']) retrieved from /home/airflow/.local/lib/python3.6/site-packages/airflow/example_dags/example_xcom.py
[2022-07-30 22:26:32,926] {logging_mixin.py:104} INFO - [2022-07-30 22:26:32,926] {dag.py:1824} INFO - Sync 1 DAGs
[2022-07-30 22:26:32,958] {logging_mixin.py:104} INFO - [2022-07-30 22:26:32,958] {dag.py:2280} INFO - Setting next_dagrun for example_xcom to 2022-07-28 00:00:00+00:00
[2022-07-30 22:26:32,984] {scheduler_job.py:190} INFO - Processing /home/airflow/.local/lib/python3.6/site-packages/airflow/example_dags/example_xcom.py took 0.144 seconds
[2022-07-30 22:27:03,243] {scheduler_job.py:182} INFO - Started process (PID=1649) to work on /home/airflow/.local/lib/python3.6/site-packages/airflow/example_dags/example_xcom.py
[2022-07-30 22:27:03,246] {scheduler_job.py:629} INFO - Processing file /home/airflow/.local/lib/python3.6/site-packages/airflow/example_dags/example_xcom.py for tasks to queue
[2022-07-30 22:27:03,248] {logging_mixin.py:104} INFO - [2022-07-30 22:27:03,247] {dagbag.py:451} INFO - Filling up the DagBag from /home/airflow/.local/lib/python3.6/site-packages/airflow/example_dags/example_xcom.py
[2022-07-30 22:27:03,270] {scheduler_job.py:639} INFO - DAG(s) dict_keys(['example_xcom']) retrieved from /home/airflow/.local/lib/python3.6/site-packages/airflow/example_dags/example_xcom.py
[2022-07-30 22:27:03,311] {logging_mixin.py:104} INFO - [2022-07-30 22:27:03,310] {dag.py:1824} INFO - Sync 1 DAGs
[2022-07-30 22:27:03,357] {logging_mixin.py:104} INFO - [2022-07-30 22:27:03,357] {dag.py:2280} INFO - Setting next_dagrun for example_xcom to 2022-07-28 00:00:00+00:00
[2022-07-30 22:27:03,394] {scheduler_job.py:190} INFO - Processing /home/airflow/.local/lib/python3.6/site-packages/airflow/example_dags/example_xcom.py took 0.158 seconds
[2022-07-30 22:27:33,604] {scheduler_job.py:182} INFO - Started process (PID=1675) to work on /home/airflow/.local/lib/python3.6/site-packages/airflow/example_dags/example_xcom.py
[2022-07-30 22:27:33,609] {scheduler_job.py:629} INFO - Processing file /home/airflow/.local/lib/python3.6/site-packages/airflow/example_dags/example_xcom.py for tasks to queue
[2022-07-30 22:27:33,612] {logging_mixin.py:104} INFO - [2022-07-30 22:27:33,611] {dagbag.py:451} INFO - Filling up the DagBag from /home/airflow/.local/lib/python3.6/site-packages/airflow/example_dags/example_xcom.py
[2022-07-30 22:27:33,647] {scheduler_job.py:639} INFO - DAG(s) dict_keys(['example_xcom']) retrieved from /home/airflow/.local/lib/python3.6/site-packages/airflow/example_dags/example_xcom.py
[2022-07-30 22:27:33,734] {logging_mixin.py:104} INFO - [2022-07-30 22:27:33,734] {dag.py:1824} INFO - Sync 1 DAGs
[2022-07-30 22:27:33,764] {logging_mixin.py:104} INFO - [2022-07-30 22:27:33,764] {dag.py:2280} INFO - Setting next_dagrun for example_xcom to 2022-07-28 00:00:00+00:00
[2022-07-30 22:27:33,795] {scheduler_job.py:190} INFO - Processing /home/airflow/.local/lib/python3.6/site-packages/airflow/example_dags/example_xcom.py took 0.198 seconds
[2022-07-30 22:28:04,251] {scheduler_job.py:182} INFO - Started process (PID=1701) to work on /home/airflow/.local/lib/python3.6/site-packages/airflow/example_dags/example_xcom.py
[2022-07-30 22:28:04,253] {scheduler_job.py:629} INFO - Processing file /home/airflow/.local/lib/python3.6/site-packages/airflow/example_dags/example_xcom.py for tasks to queue
[2022-07-30 22:28:04,255] {logging_mixin.py:104} INFO - [2022-07-30 22:28:04,255] {dagbag.py:451} INFO - Filling up the DagBag from /home/airflow/.local/lib/python3.6/site-packages/airflow/example_dags/example_xcom.py
[2022-07-30 22:28:04,272] {scheduler_job.py:639} INFO - DAG(s) dict_keys(['example_xcom']) retrieved from /home/airflow/.local/lib/python3.6/site-packages/airflow/example_dags/example_xcom.py
[2022-07-30 22:28:04,326] {logging_mixin.py:104} INFO - [2022-07-30 22:28:04,325] {dag.py:1824} INFO - Sync 1 DAGs
[2022-07-30 22:28:04,356] {logging_mixin.py:104} INFO - [2022-07-30 22:28:04,356] {dag.py:2280} INFO - Setting next_dagrun for example_xcom to 2022-07-28 00:00:00+00:00
[2022-07-30 22:28:04,382] {scheduler_job.py:190} INFO - Processing /home/airflow/.local/lib/python3.6/site-packages/airflow/example_dags/example_xcom.py took 0.137 seconds
[2022-07-30 22:28:34,849] {scheduler_job.py:182} INFO - Started process (PID=1727) to work on /home/airflow/.local/lib/python3.6/site-packages/airflow/example_dags/example_xcom.py
[2022-07-30 22:28:34,854] {scheduler_job.py:629} INFO - Processing file /home/airflow/.local/lib/python3.6/site-packages/airflow/example_dags/example_xcom.py for tasks to queue
[2022-07-30 22:28:34,857] {logging_mixin.py:104} INFO - [2022-07-30 22:28:34,856] {dagbag.py:451} INFO - Filling up the DagBag from /home/airflow/.local/lib/python3.6/site-packages/airflow/example_dags/example_xcom.py
[2022-07-30 22:28:34,884] {scheduler_job.py:639} INFO - DAG(s) dict_keys(['example_xcom']) retrieved from /home/airflow/.local/lib/python3.6/site-packages/airflow/example_dags/example_xcom.py
[2022-07-30 22:28:34,920] {logging_mixin.py:104} INFO - [2022-07-30 22:28:34,919] {dag.py:1824} INFO - Sync 1 DAGs
[2022-07-30 22:28:34,944] {logging_mixin.py:104} INFO - [2022-07-30 22:28:34,944] {dag.py:2280} INFO - Setting next_dagrun for example_xcom to 2022-07-28 00:00:00+00:00
[2022-07-30 22:28:34,958] {scheduler_job.py:190} INFO - Processing /home/airflow/.local/lib/python3.6/site-packages/airflow/example_dags/example_xcom.py took 0.118 seconds
[2022-07-30 22:29:05,838] {scheduler_job.py:182} INFO - Started process (PID=1753) to work on /home/airflow/.local/lib/python3.6/site-packages/airflow/example_dags/example_xcom.py
[2022-07-30 22:29:05,843] {scheduler_job.py:629} INFO - Processing file /home/airflow/.local/lib/python3.6/site-packages/airflow/example_dags/example_xcom.py for tasks to queue
[2022-07-30 22:29:05,846] {logging_mixin.py:104} INFO - [2022-07-30 22:29:05,846] {dagbag.py:451} INFO - Filling up the DagBag from /home/airflow/.local/lib/python3.6/site-packages/airflow/example_dags/example_xcom.py
[2022-07-30 22:29:05,882] {scheduler_job.py:639} INFO - DAG(s) dict_keys(['example_xcom']) retrieved from /home/airflow/.local/lib/python3.6/site-packages/airflow/example_dags/example_xcom.py
[2022-07-30 22:29:06,021] {logging_mixin.py:104} INFO - [2022-07-30 22:29:06,021] {dag.py:1824} INFO - Sync 1 DAGs
[2022-07-30 22:29:06,086] {logging_mixin.py:104} INFO - [2022-07-30 22:29:06,086] {dag.py:2280} INFO - Setting next_dagrun for example_xcom to 2022-07-28 00:00:00+00:00
[2022-07-30 22:29:06,106] {scheduler_job.py:190} INFO - Processing /home/airflow/.local/lib/python3.6/site-packages/airflow/example_dags/example_xcom.py took 0.278 seconds
[2022-07-30 22:29:36,585] {scheduler_job.py:182} INFO - Started process (PID=1779) to work on /home/airflow/.local/lib/python3.6/site-packages/airflow/example_dags/example_xcom.py
[2022-07-30 22:29:36,590] {scheduler_job.py:629} INFO - Processing file /home/airflow/.local/lib/python3.6/site-packages/airflow/example_dags/example_xcom.py for tasks to queue
[2022-07-30 22:29:36,594] {logging_mixin.py:104} INFO - [2022-07-30 22:29:36,593] {dagbag.py:451} INFO - Filling up the DagBag from /home/airflow/.local/lib/python3.6/site-packages/airflow/example_dags/example_xcom.py
[2022-07-30 22:29:36,643] {scheduler_job.py:639} INFO - DAG(s) dict_keys(['example_xcom']) retrieved from /home/airflow/.local/lib/python3.6/site-packages/airflow/example_dags/example_xcom.py
[2022-07-30 22:29:36,707] {logging_mixin.py:104} INFO - [2022-07-30 22:29:36,707] {dag.py:1824} INFO - Sync 1 DAGs
[2022-07-30 22:29:36,737] {logging_mixin.py:104} INFO - [2022-07-30 22:29:36,737] {dag.py:2280} INFO - Setting next_dagrun for example_xcom to 2022-07-28 00:00:00+00:00
[2022-07-30 22:29:36,754] {scheduler_job.py:190} INFO - Processing /home/airflow/.local/lib/python3.6/site-packages/airflow/example_dags/example_xcom.py took 0.182 seconds
[2022-07-30 22:30:07,325] {scheduler_job.py:182} INFO - Started process (PID=1805) to work on /home/airflow/.local/lib/python3.6/site-packages/airflow/example_dags/example_xcom.py
[2022-07-30 22:30:07,329] {scheduler_job.py:629} INFO - Processing file /home/airflow/.local/lib/python3.6/site-packages/airflow/example_dags/example_xcom.py for tasks to queue
[2022-07-30 22:30:07,331] {logging_mixin.py:104} INFO - [2022-07-30 22:30:07,331] {dagbag.py:451} INFO - Filling up the DagBag from /home/airflow/.local/lib/python3.6/site-packages/airflow/example_dags/example_xcom.py
[2022-07-30 22:30:07,357] {scheduler_job.py:639} INFO - DAG(s) dict_keys(['example_xcom']) retrieved from /home/airflow/.local/lib/python3.6/site-packages/airflow/example_dags/example_xcom.py
[2022-07-30 22:30:07,393] {logging_mixin.py:104} INFO - [2022-07-30 22:30:07,393] {dag.py:1824} INFO - Sync 1 DAGs
[2022-07-30 22:30:07,414] {logging_mixin.py:104} INFO - [2022-07-30 22:30:07,414] {dag.py:2280} INFO - Setting next_dagrun for example_xcom to 2022-07-28 00:00:00+00:00
[2022-07-30 22:30:07,434] {scheduler_job.py:190} INFO - Processing /home/airflow/.local/lib/python3.6/site-packages/airflow/example_dags/example_xcom.py took 0.116 seconds
[2022-07-30 22:30:38,042] {scheduler_job.py:182} INFO - Started process (PID=1831) to work on /home/airflow/.local/lib/python3.6/site-packages/airflow/example_dags/example_xcom.py
[2022-07-30 22:30:38,049] {scheduler_job.py:629} INFO - Processing file /home/airflow/.local/lib/python3.6/site-packages/airflow/example_dags/example_xcom.py for tasks to queue
[2022-07-30 22:30:38,053] {logging_mixin.py:104} INFO - [2022-07-30 22:30:38,052] {dagbag.py:451} INFO - Filling up the DagBag from /home/airflow/.local/lib/python3.6/site-packages/airflow/example_dags/example_xcom.py
[2022-07-30 22:30:38,100] {scheduler_job.py:639} INFO - DAG(s) dict_keys(['example_xcom']) retrieved from /home/airflow/.local/lib/python3.6/site-packages/airflow/example_dags/example_xcom.py
[2022-07-30 22:30:38,161] {logging_mixin.py:104} INFO - [2022-07-30 22:30:38,160] {dag.py:1824} INFO - Sync 1 DAGs
[2022-07-30 22:30:38,203] {logging_mixin.py:104} INFO - [2022-07-30 22:30:38,202] {dag.py:2280} INFO - Setting next_dagrun for example_xcom to 2022-07-28 00:00:00+00:00
[2022-07-30 22:30:38,229] {scheduler_job.py:190} INFO - Processing /home/airflow/.local/lib/python3.6/site-packages/airflow/example_dags/example_xcom.py took 0.202 seconds
[2022-07-30 22:31:09,250] {scheduler_job.py:182} INFO - Started process (PID=1857) to work on /home/airflow/.local/lib/python3.6/site-packages/airflow/example_dags/example_xcom.py
[2022-07-30 22:31:09,252] {scheduler_job.py:629} INFO - Processing file /home/airflow/.local/lib/python3.6/site-packages/airflow/example_dags/example_xcom.py for tasks to queue
[2022-07-30 22:31:09,253] {logging_mixin.py:104} INFO - [2022-07-30 22:31:09,253] {dagbag.py:451} INFO - Filling up the DagBag from /home/airflow/.local/lib/python3.6/site-packages/airflow/example_dags/example_xcom.py
[2022-07-30 22:31:09,268] {scheduler_job.py:639} INFO - DAG(s) dict_keys(['example_xcom']) retrieved from /home/airflow/.local/lib/python3.6/site-packages/airflow/example_dags/example_xcom.py
[2022-07-30 22:31:09,294] {logging_mixin.py:104} INFO - [2022-07-30 22:31:09,294] {dag.py:1824} INFO - Sync 1 DAGs
[2022-07-30 22:31:09,314] {logging_mixin.py:104} INFO - [2022-07-30 22:31:09,314] {dag.py:2280} INFO - Setting next_dagrun for example_xcom to 2022-07-28 00:00:00+00:00
[2022-07-30 22:31:09,329] {scheduler_job.py:190} INFO - Processing /home/airflow/.local/lib/python3.6/site-packages/airflow/example_dags/example_xcom.py took 0.084 seconds
[2022-07-30 22:31:39,747] {scheduler_job.py:182} INFO - Started process (PID=1883) to work on /home/airflow/.local/lib/python3.6/site-packages/airflow/example_dags/example_xcom.py
[2022-07-30 22:31:39,751] {scheduler_job.py:629} INFO - Processing file /home/airflow/.local/lib/python3.6/site-packages/airflow/example_dags/example_xcom.py for tasks to queue
[2022-07-30 22:31:39,754] {logging_mixin.py:104} INFO - [2022-07-30 22:31:39,754] {dagbag.py:451} INFO - Filling up the DagBag from /home/airflow/.local/lib/python3.6/site-packages/airflow/example_dags/example_xcom.py
[2022-07-30 22:31:39,793] {scheduler_job.py:639} INFO - DAG(s) dict_keys(['example_xcom']) retrieved from /home/airflow/.local/lib/python3.6/site-packages/airflow/example_dags/example_xcom.py
[2022-07-30 22:31:39,878] {logging_mixin.py:104} INFO - [2022-07-30 22:31:39,878] {dag.py:1824} INFO - Sync 1 DAGs
[2022-07-30 22:31:39,916] {logging_mixin.py:104} INFO - [2022-07-30 22:31:39,916] {dag.py:2280} INFO - Setting next_dagrun for example_xcom to 2022-07-28 00:00:00+00:00
[2022-07-30 22:31:39,939] {scheduler_job.py:190} INFO - Processing /home/airflow/.local/lib/python3.6/site-packages/airflow/example_dags/example_xcom.py took 0.203 seconds
[2022-07-30 22:34:34,792] {scheduler_job.py:182} INFO - Started process (PID=53) to work on /home/airflow/.local/lib/python3.6/site-packages/airflow/example_dags/example_xcom.py
[2022-07-30 22:34:34,798] {scheduler_job.py:629} INFO - Processing file /home/airflow/.local/lib/python3.6/site-packages/airflow/example_dags/example_xcom.py for tasks to queue
[2022-07-30 22:34:34,804] {logging_mixin.py:104} INFO - [2022-07-30 22:34:34,804] {dagbag.py:451} INFO - Filling up the DagBag from /home/airflow/.local/lib/python3.6/site-packages/airflow/example_dags/example_xcom.py
[2022-07-30 22:34:34,879] {scheduler_job.py:639} INFO - DAG(s) dict_keys(['example_xcom']) retrieved from /home/airflow/.local/lib/python3.6/site-packages/airflow/example_dags/example_xcom.py
[2022-07-30 22:34:35,019] {logging_mixin.py:104} INFO - [2022-07-30 22:34:35,019] {dag.py:1824} INFO - Sync 1 DAGs
[2022-07-30 22:34:35,058] {logging_mixin.py:104} INFO - [2022-07-30 22:34:35,057] {dag.py:2280} INFO - Setting next_dagrun for example_xcom to 2022-07-28 00:00:00+00:00
[2022-07-30 22:34:35,108] {scheduler_job.py:190} INFO - Processing /home/airflow/.local/lib/python3.6/site-packages/airflow/example_dags/example_xcom.py took 0.331 seconds
