[2022-07-30 21:55:19,377] {scheduler_job.py:182} INFO - Started process (PID=35) to work on /home/airflow/.local/lib/python3.6/site-packages/airflow/example_dags/example_skip_dag.py
[2022-07-30 21:55:19,396] {scheduler_job.py:629} INFO - Processing file /home/airflow/.local/lib/python3.6/site-packages/airflow/example_dags/example_skip_dag.py for tasks to queue
[2022-07-30 21:55:19,410] {logging_mixin.py:104} INFO - [2022-07-30 21:55:19,409] {dagbag.py:451} INFO - Filling up the DagBag from /home/airflow/.local/lib/python3.6/site-packages/airflow/example_dags/example_skip_dag.py
[2022-07-30 21:55:19,536] {scheduler_job.py:639} INFO - DAG(s) dict_keys(['example_skip_dag']) retrieved from /home/airflow/.local/lib/python3.6/site-packages/airflow/example_dags/example_skip_dag.py
[2022-07-30 21:55:19,770] {logging_mixin.py:104} INFO - [2022-07-30 21:55:19,770] {dag.py:1824} INFO - Sync 1 DAGs
[2022-07-30 21:55:19,810] {logging_mixin.py:104} INFO - [2022-07-30 21:55:19,809] {dag.py:1843} INFO - Creating ORM DAG for example_skip_dag
[2022-07-30 21:55:19,848] {logging_mixin.py:104} INFO - [2022-07-30 21:55:19,848] {dag.py:2280} INFO - Setting next_dagrun for example_skip_dag to 2022-07-28 00:00:00+00:00
[2022-07-30 21:55:19,932] {scheduler_job.py:190} INFO - Processing /home/airflow/.local/lib/python3.6/site-packages/airflow/example_dags/example_skip_dag.py took 0.561 seconds
[2022-07-30 21:55:50,381] {scheduler_job.py:182} INFO - Started process (PID=60) to work on /home/airflow/.local/lib/python3.6/site-packages/airflow/example_dags/example_skip_dag.py
[2022-07-30 21:55:50,396] {scheduler_job.py:629} INFO - Processing file /home/airflow/.local/lib/python3.6/site-packages/airflow/example_dags/example_skip_dag.py for tasks to queue
[2022-07-30 21:55:50,405] {logging_mixin.py:104} INFO - [2022-07-30 21:55:50,404] {dagbag.py:451} INFO - Filling up the DagBag from /home/airflow/.local/lib/python3.6/site-packages/airflow/example_dags/example_skip_dag.py
[2022-07-30 21:55:50,486] {scheduler_job.py:639} INFO - DAG(s) dict_keys(['example_skip_dag']) retrieved from /home/airflow/.local/lib/python3.6/site-packages/airflow/example_dags/example_skip_dag.py
[2022-07-30 21:55:50,572] {logging_mixin.py:104} INFO - [2022-07-30 21:55:50,572] {dag.py:1824} INFO - Sync 1 DAGs
[2022-07-30 21:55:50,650] {logging_mixin.py:104} INFO - [2022-07-30 21:55:50,650] {dag.py:2280} INFO - Setting next_dagrun for example_skip_dag to 2022-07-28 00:00:00+00:00
[2022-07-30 21:55:50,819] {scheduler_job.py:190} INFO - Processing /home/airflow/.local/lib/python3.6/site-packages/airflow/example_dags/example_skip_dag.py took 0.448 seconds
[2022-07-30 21:56:21,824] {scheduler_job.py:182} INFO - Started process (PID=86) to work on /home/airflow/.local/lib/python3.6/site-packages/airflow/example_dags/example_skip_dag.py
[2022-07-30 21:56:21,828] {scheduler_job.py:629} INFO - Processing file /home/airflow/.local/lib/python3.6/site-packages/airflow/example_dags/example_skip_dag.py for tasks to queue
[2022-07-30 21:56:21,829] {logging_mixin.py:104} INFO - [2022-07-30 21:56:21,829] {dagbag.py:451} INFO - Filling up the DagBag from /home/airflow/.local/lib/python3.6/site-packages/airflow/example_dags/example_skip_dag.py
[2022-07-30 21:56:21,850] {scheduler_job.py:639} INFO - DAG(s) dict_keys(['example_skip_dag']) retrieved from /home/airflow/.local/lib/python3.6/site-packages/airflow/example_dags/example_skip_dag.py
[2022-07-30 21:56:21,885] {logging_mixin.py:104} INFO - [2022-07-30 21:56:21,885] {dag.py:1824} INFO - Sync 1 DAGs
[2022-07-30 21:56:21,921] {logging_mixin.py:104} INFO - [2022-07-30 21:56:21,921] {dag.py:2280} INFO - Setting next_dagrun for example_skip_dag to 2022-07-28 00:00:00+00:00
[2022-07-30 21:56:21,941] {scheduler_job.py:190} INFO - Processing /home/airflow/.local/lib/python3.6/site-packages/airflow/example_dags/example_skip_dag.py took 0.121 seconds
[2022-07-30 21:56:52,749] {scheduler_job.py:182} INFO - Started process (PID=112) to work on /home/airflow/.local/lib/python3.6/site-packages/airflow/example_dags/example_skip_dag.py
[2022-07-30 21:56:52,753] {scheduler_job.py:629} INFO - Processing file /home/airflow/.local/lib/python3.6/site-packages/airflow/example_dags/example_skip_dag.py for tasks to queue
[2022-07-30 21:56:52,756] {logging_mixin.py:104} INFO - [2022-07-30 21:56:52,755] {dagbag.py:451} INFO - Filling up the DagBag from /home/airflow/.local/lib/python3.6/site-packages/airflow/example_dags/example_skip_dag.py
[2022-07-30 21:56:52,780] {scheduler_job.py:639} INFO - DAG(s) dict_keys(['example_skip_dag']) retrieved from /home/airflow/.local/lib/python3.6/site-packages/airflow/example_dags/example_skip_dag.py
[2022-07-30 21:56:52,833] {logging_mixin.py:104} INFO - [2022-07-30 21:56:52,833] {dag.py:1824} INFO - Sync 1 DAGs
[2022-07-30 21:56:52,864] {logging_mixin.py:104} INFO - [2022-07-30 21:56:52,863] {dag.py:2280} INFO - Setting next_dagrun for example_skip_dag to 2022-07-28 00:00:00+00:00
[2022-07-30 21:56:52,885] {scheduler_job.py:190} INFO - Processing /home/airflow/.local/lib/python3.6/site-packages/airflow/example_dags/example_skip_dag.py took 0.142 seconds
[2022-07-30 21:57:23,233] {scheduler_job.py:182} INFO - Started process (PID=138) to work on /home/airflow/.local/lib/python3.6/site-packages/airflow/example_dags/example_skip_dag.py
[2022-07-30 21:57:23,236] {scheduler_job.py:629} INFO - Processing file /home/airflow/.local/lib/python3.6/site-packages/airflow/example_dags/example_skip_dag.py for tasks to queue
[2022-07-30 21:57:23,237] {logging_mixin.py:104} INFO - [2022-07-30 21:57:23,237] {dagbag.py:451} INFO - Filling up the DagBag from /home/airflow/.local/lib/python3.6/site-packages/airflow/example_dags/example_skip_dag.py
[2022-07-30 21:57:23,263] {scheduler_job.py:639} INFO - DAG(s) dict_keys(['example_skip_dag']) retrieved from /home/airflow/.local/lib/python3.6/site-packages/airflow/example_dags/example_skip_dag.py
[2022-07-30 21:57:23,316] {logging_mixin.py:104} INFO - [2022-07-30 21:57:23,316] {dag.py:1824} INFO - Sync 1 DAGs
[2022-07-30 21:57:23,354] {logging_mixin.py:104} INFO - [2022-07-30 21:57:23,354] {dag.py:2280} INFO - Setting next_dagrun for example_skip_dag to 2022-07-28 00:00:00+00:00
[2022-07-30 21:57:23,383] {scheduler_job.py:190} INFO - Processing /home/airflow/.local/lib/python3.6/site-packages/airflow/example_dags/example_skip_dag.py took 0.159 seconds
[2022-07-30 21:57:53,478] {scheduler_job.py:182} INFO - Started process (PID=164) to work on /home/airflow/.local/lib/python3.6/site-packages/airflow/example_dags/example_skip_dag.py
[2022-07-30 21:57:53,481] {scheduler_job.py:629} INFO - Processing file /home/airflow/.local/lib/python3.6/site-packages/airflow/example_dags/example_skip_dag.py for tasks to queue
[2022-07-30 21:57:53,483] {logging_mixin.py:104} INFO - [2022-07-30 21:57:53,482] {dagbag.py:451} INFO - Filling up the DagBag from /home/airflow/.local/lib/python3.6/site-packages/airflow/example_dags/example_skip_dag.py
[2022-07-30 21:57:53,500] {scheduler_job.py:639} INFO - DAG(s) dict_keys(['example_skip_dag']) retrieved from /home/airflow/.local/lib/python3.6/site-packages/airflow/example_dags/example_skip_dag.py
[2022-07-30 21:57:53,535] {logging_mixin.py:104} INFO - [2022-07-30 21:57:53,535] {dag.py:1824} INFO - Sync 1 DAGs
[2022-07-30 21:57:53,564] {logging_mixin.py:104} INFO - [2022-07-30 21:57:53,564] {dag.py:2280} INFO - Setting next_dagrun for example_skip_dag to 2022-07-28 00:00:00+00:00
[2022-07-30 21:57:53,581] {scheduler_job.py:190} INFO - Processing /home/airflow/.local/lib/python3.6/site-packages/airflow/example_dags/example_skip_dag.py took 0.107 seconds
[2022-07-30 21:58:24,504] {scheduler_job.py:182} INFO - Started process (PID=190) to work on /home/airflow/.local/lib/python3.6/site-packages/airflow/example_dags/example_skip_dag.py
[2022-07-30 21:58:24,506] {scheduler_job.py:629} INFO - Processing file /home/airflow/.local/lib/python3.6/site-packages/airflow/example_dags/example_skip_dag.py for tasks to queue
[2022-07-30 21:58:24,507] {logging_mixin.py:104} INFO - [2022-07-30 21:58:24,507] {dagbag.py:451} INFO - Filling up the DagBag from /home/airflow/.local/lib/python3.6/site-packages/airflow/example_dags/example_skip_dag.py
[2022-07-30 21:58:24,526] {scheduler_job.py:639} INFO - DAG(s) dict_keys(['example_skip_dag']) retrieved from /home/airflow/.local/lib/python3.6/site-packages/airflow/example_dags/example_skip_dag.py
[2022-07-30 21:58:24,572] {logging_mixin.py:104} INFO - [2022-07-30 21:58:24,572] {dag.py:1824} INFO - Sync 1 DAGs
[2022-07-30 21:58:24,596] {logging_mixin.py:104} INFO - [2022-07-30 21:58:24,596] {dag.py:2280} INFO - Setting next_dagrun for example_skip_dag to 2022-07-28 00:00:00+00:00
[2022-07-30 21:58:24,612] {scheduler_job.py:190} INFO - Processing /home/airflow/.local/lib/python3.6/site-packages/airflow/example_dags/example_skip_dag.py took 0.113 seconds
[2022-07-30 21:58:54,958] {scheduler_job.py:182} INFO - Started process (PID=216) to work on /home/airflow/.local/lib/python3.6/site-packages/airflow/example_dags/example_skip_dag.py
[2022-07-30 21:58:54,961] {scheduler_job.py:629} INFO - Processing file /home/airflow/.local/lib/python3.6/site-packages/airflow/example_dags/example_skip_dag.py for tasks to queue
[2022-07-30 21:58:54,963] {logging_mixin.py:104} INFO - [2022-07-30 21:58:54,963] {dagbag.py:451} INFO - Filling up the DagBag from /home/airflow/.local/lib/python3.6/site-packages/airflow/example_dags/example_skip_dag.py
[2022-07-30 21:58:54,994] {scheduler_job.py:639} INFO - DAG(s) dict_keys(['example_skip_dag']) retrieved from /home/airflow/.local/lib/python3.6/site-packages/airflow/example_dags/example_skip_dag.py
[2022-07-30 21:58:55,095] {logging_mixin.py:104} INFO - [2022-07-30 21:58:55,095] {dag.py:1824} INFO - Sync 1 DAGs
[2022-07-30 21:58:55,138] {logging_mixin.py:104} INFO - [2022-07-30 21:58:55,137] {dag.py:2280} INFO - Setting next_dagrun for example_skip_dag to 2022-07-28 00:00:00+00:00
[2022-07-30 21:58:55,185] {scheduler_job.py:190} INFO - Processing /home/airflow/.local/lib/python3.6/site-packages/airflow/example_dags/example_skip_dag.py took 0.241 seconds
[2022-07-30 21:59:25,576] {scheduler_job.py:182} INFO - Started process (PID=242) to work on /home/airflow/.local/lib/python3.6/site-packages/airflow/example_dags/example_skip_dag.py
[2022-07-30 21:59:25,589] {scheduler_job.py:629} INFO - Processing file /home/airflow/.local/lib/python3.6/site-packages/airflow/example_dags/example_skip_dag.py for tasks to queue
[2022-07-30 21:59:25,591] {logging_mixin.py:104} INFO - [2022-07-30 21:59:25,591] {dagbag.py:451} INFO - Filling up the DagBag from /home/airflow/.local/lib/python3.6/site-packages/airflow/example_dags/example_skip_dag.py
[2022-07-30 21:59:25,622] {scheduler_job.py:639} INFO - DAG(s) dict_keys(['example_skip_dag']) retrieved from /home/airflow/.local/lib/python3.6/site-packages/airflow/example_dags/example_skip_dag.py
[2022-07-30 21:59:25,675] {logging_mixin.py:104} INFO - [2022-07-30 21:59:25,674] {dag.py:1824} INFO - Sync 1 DAGs
[2022-07-30 21:59:25,695] {logging_mixin.py:104} INFO - [2022-07-30 21:59:25,695] {dag.py:2280} INFO - Setting next_dagrun for example_skip_dag to 2022-07-28 00:00:00+00:00
[2022-07-30 21:59:25,711] {scheduler_job.py:190} INFO - Processing /home/airflow/.local/lib/python3.6/site-packages/airflow/example_dags/example_skip_dag.py took 0.141 seconds
[2022-07-30 21:59:56,320] {scheduler_job.py:182} INFO - Started process (PID=268) to work on /home/airflow/.local/lib/python3.6/site-packages/airflow/example_dags/example_skip_dag.py
[2022-07-30 21:59:56,323] {scheduler_job.py:629} INFO - Processing file /home/airflow/.local/lib/python3.6/site-packages/airflow/example_dags/example_skip_dag.py for tasks to queue
[2022-07-30 21:59:56,324] {logging_mixin.py:104} INFO - [2022-07-30 21:59:56,324] {dagbag.py:451} INFO - Filling up the DagBag from /home/airflow/.local/lib/python3.6/site-packages/airflow/example_dags/example_skip_dag.py
[2022-07-30 21:59:56,344] {scheduler_job.py:639} INFO - DAG(s) dict_keys(['example_skip_dag']) retrieved from /home/airflow/.local/lib/python3.6/site-packages/airflow/example_dags/example_skip_dag.py
[2022-07-30 21:59:56,387] {logging_mixin.py:104} INFO - [2022-07-30 21:59:56,387] {dag.py:1824} INFO - Sync 1 DAGs
[2022-07-30 21:59:56,415] {logging_mixin.py:104} INFO - [2022-07-30 21:59:56,415] {dag.py:2280} INFO - Setting next_dagrun for example_skip_dag to 2022-07-28 00:00:00+00:00
[2022-07-30 21:59:56,435] {scheduler_job.py:190} INFO - Processing /home/airflow/.local/lib/python3.6/site-packages/airflow/example_dags/example_skip_dag.py took 0.120 seconds
[2022-07-30 22:00:27,148] {scheduler_job.py:182} INFO - Started process (PID=294) to work on /home/airflow/.local/lib/python3.6/site-packages/airflow/example_dags/example_skip_dag.py
[2022-07-30 22:00:27,150] {scheduler_job.py:629} INFO - Processing file /home/airflow/.local/lib/python3.6/site-packages/airflow/example_dags/example_skip_dag.py for tasks to queue
[2022-07-30 22:00:27,152] {logging_mixin.py:104} INFO - [2022-07-30 22:00:27,152] {dagbag.py:451} INFO - Filling up the DagBag from /home/airflow/.local/lib/python3.6/site-packages/airflow/example_dags/example_skip_dag.py
[2022-07-30 22:00:27,178] {scheduler_job.py:639} INFO - DAG(s) dict_keys(['example_skip_dag']) retrieved from /home/airflow/.local/lib/python3.6/site-packages/airflow/example_dags/example_skip_dag.py
[2022-07-30 22:00:27,217] {logging_mixin.py:104} INFO - [2022-07-30 22:00:27,217] {dag.py:1824} INFO - Sync 1 DAGs
[2022-07-30 22:00:27,244] {logging_mixin.py:104} INFO - [2022-07-30 22:00:27,243] {dag.py:2280} INFO - Setting next_dagrun for example_skip_dag to 2022-07-28 00:00:00+00:00
[2022-07-30 22:00:27,263] {scheduler_job.py:190} INFO - Processing /home/airflow/.local/lib/python3.6/site-packages/airflow/example_dags/example_skip_dag.py took 0.120 seconds
[2022-07-30 22:00:57,551] {scheduler_job.py:182} INFO - Started process (PID=320) to work on /home/airflow/.local/lib/python3.6/site-packages/airflow/example_dags/example_skip_dag.py
[2022-07-30 22:00:57,560] {scheduler_job.py:629} INFO - Processing file /home/airflow/.local/lib/python3.6/site-packages/airflow/example_dags/example_skip_dag.py for tasks to queue
[2022-07-30 22:00:57,562] {logging_mixin.py:104} INFO - [2022-07-30 22:00:57,562] {dagbag.py:451} INFO - Filling up the DagBag from /home/airflow/.local/lib/python3.6/site-packages/airflow/example_dags/example_skip_dag.py
[2022-07-30 22:00:57,609] {scheduler_job.py:639} INFO - DAG(s) dict_keys(['example_skip_dag']) retrieved from /home/airflow/.local/lib/python3.6/site-packages/airflow/example_dags/example_skip_dag.py
[2022-07-30 22:00:57,677] {logging_mixin.py:104} INFO - [2022-07-30 22:00:57,677] {dag.py:1824} INFO - Sync 1 DAGs
[2022-07-30 22:00:57,728] {logging_mixin.py:104} INFO - [2022-07-30 22:00:57,728] {dag.py:2280} INFO - Setting next_dagrun for example_skip_dag to 2022-07-28 00:00:00+00:00
[2022-07-30 22:00:57,780] {scheduler_job.py:190} INFO - Processing /home/airflow/.local/lib/python3.6/site-packages/airflow/example_dags/example_skip_dag.py took 0.235 seconds
[2022-07-30 22:01:28,109] {scheduler_job.py:182} INFO - Started process (PID=346) to work on /home/airflow/.local/lib/python3.6/site-packages/airflow/example_dags/example_skip_dag.py
[2022-07-30 22:01:28,112] {scheduler_job.py:629} INFO - Processing file /home/airflow/.local/lib/python3.6/site-packages/airflow/example_dags/example_skip_dag.py for tasks to queue
[2022-07-30 22:01:28,114] {logging_mixin.py:104} INFO - [2022-07-30 22:01:28,114] {dagbag.py:451} INFO - Filling up the DagBag from /home/airflow/.local/lib/python3.6/site-packages/airflow/example_dags/example_skip_dag.py
[2022-07-30 22:01:28,157] {scheduler_job.py:639} INFO - DAG(s) dict_keys(['example_skip_dag']) retrieved from /home/airflow/.local/lib/python3.6/site-packages/airflow/example_dags/example_skip_dag.py
[2022-07-30 22:01:28,206] {logging_mixin.py:104} INFO - [2022-07-30 22:01:28,206] {dag.py:1824} INFO - Sync 1 DAGs
[2022-07-30 22:01:28,240] {logging_mixin.py:104} INFO - [2022-07-30 22:01:28,240] {dag.py:2280} INFO - Setting next_dagrun for example_skip_dag to 2022-07-28 00:00:00+00:00
[2022-07-30 22:01:28,268] {scheduler_job.py:190} INFO - Processing /home/airflow/.local/lib/python3.6/site-packages/airflow/example_dags/example_skip_dag.py took 0.164 seconds
[2022-07-30 22:01:59,051] {scheduler_job.py:182} INFO - Started process (PID=372) to work on /home/airflow/.local/lib/python3.6/site-packages/airflow/example_dags/example_skip_dag.py
[2022-07-30 22:01:59,064] {scheduler_job.py:629} INFO - Processing file /home/airflow/.local/lib/python3.6/site-packages/airflow/example_dags/example_skip_dag.py for tasks to queue
[2022-07-30 22:01:59,066] {logging_mixin.py:104} INFO - [2022-07-30 22:01:59,065] {dagbag.py:451} INFO - Filling up the DagBag from /home/airflow/.local/lib/python3.6/site-packages/airflow/example_dags/example_skip_dag.py
[2022-07-30 22:01:59,211] {scheduler_job.py:639} INFO - DAG(s) dict_keys(['example_skip_dag']) retrieved from /home/airflow/.local/lib/python3.6/site-packages/airflow/example_dags/example_skip_dag.py
[2022-07-30 22:01:59,306] {logging_mixin.py:104} INFO - [2022-07-30 22:01:59,306] {dag.py:1824} INFO - Sync 1 DAGs
[2022-07-30 22:01:59,392] {logging_mixin.py:104} INFO - [2022-07-30 22:01:59,392] {dag.py:2280} INFO - Setting next_dagrun for example_skip_dag to 2022-07-28 00:00:00+00:00
[2022-07-30 22:01:59,431] {scheduler_job.py:190} INFO - Processing /home/airflow/.local/lib/python3.6/site-packages/airflow/example_dags/example_skip_dag.py took 0.401 seconds
[2022-07-30 22:02:29,858] {scheduler_job.py:182} INFO - Started process (PID=398) to work on /home/airflow/.local/lib/python3.6/site-packages/airflow/example_dags/example_skip_dag.py
[2022-07-30 22:02:29,872] {scheduler_job.py:629} INFO - Processing file /home/airflow/.local/lib/python3.6/site-packages/airflow/example_dags/example_skip_dag.py for tasks to queue
[2022-07-30 22:02:29,873] {logging_mixin.py:104} INFO - [2022-07-30 22:02:29,873] {dagbag.py:451} INFO - Filling up the DagBag from /home/airflow/.local/lib/python3.6/site-packages/airflow/example_dags/example_skip_dag.py
[2022-07-30 22:02:29,907] {scheduler_job.py:639} INFO - DAG(s) dict_keys(['example_skip_dag']) retrieved from /home/airflow/.local/lib/python3.6/site-packages/airflow/example_dags/example_skip_dag.py
[2022-07-30 22:02:29,983] {logging_mixin.py:104} INFO - [2022-07-30 22:02:29,983] {dag.py:1824} INFO - Sync 1 DAGs
[2022-07-30 22:02:30,047] {logging_mixin.py:104} INFO - [2022-07-30 22:02:30,047] {dag.py:2280} INFO - Setting next_dagrun for example_skip_dag to 2022-07-28 00:00:00+00:00
[2022-07-30 22:02:30,077] {scheduler_job.py:190} INFO - Processing /home/airflow/.local/lib/python3.6/site-packages/airflow/example_dags/example_skip_dag.py took 0.226 seconds
[2022-07-30 22:03:00,297] {scheduler_job.py:182} INFO - Started process (PID=424) to work on /home/airflow/.local/lib/python3.6/site-packages/airflow/example_dags/example_skip_dag.py
[2022-07-30 22:03:00,301] {scheduler_job.py:629} INFO - Processing file /home/airflow/.local/lib/python3.6/site-packages/airflow/example_dags/example_skip_dag.py for tasks to queue
[2022-07-30 22:03:00,303] {logging_mixin.py:104} INFO - [2022-07-30 22:03:00,303] {dagbag.py:451} INFO - Filling up the DagBag from /home/airflow/.local/lib/python3.6/site-packages/airflow/example_dags/example_skip_dag.py
[2022-07-30 22:03:00,329] {scheduler_job.py:639} INFO - DAG(s) dict_keys(['example_skip_dag']) retrieved from /home/airflow/.local/lib/python3.6/site-packages/airflow/example_dags/example_skip_dag.py
[2022-07-30 22:03:00,459] {logging_mixin.py:104} INFO - [2022-07-30 22:03:00,459] {dag.py:1824} INFO - Sync 1 DAGs
[2022-07-30 22:03:00,600] {logging_mixin.py:104} INFO - [2022-07-30 22:03:00,588] {dag.py:2280} INFO - Setting next_dagrun for example_skip_dag to 2022-07-28 00:00:00+00:00
[2022-07-30 22:03:00,651] {scheduler_job.py:190} INFO - Processing /home/airflow/.local/lib/python3.6/site-packages/airflow/example_dags/example_skip_dag.py took 0.373 seconds
[2022-07-30 22:03:31,643] {scheduler_job.py:182} INFO - Started process (PID=450) to work on /home/airflow/.local/lib/python3.6/site-packages/airflow/example_dags/example_skip_dag.py
[2022-07-30 22:03:31,646] {scheduler_job.py:629} INFO - Processing file /home/airflow/.local/lib/python3.6/site-packages/airflow/example_dags/example_skip_dag.py for tasks to queue
[2022-07-30 22:03:31,647] {logging_mixin.py:104} INFO - [2022-07-30 22:03:31,647] {dagbag.py:451} INFO - Filling up the DagBag from /home/airflow/.local/lib/python3.6/site-packages/airflow/example_dags/example_skip_dag.py
[2022-07-30 22:03:31,677] {scheduler_job.py:639} INFO - DAG(s) dict_keys(['example_skip_dag']) retrieved from /home/airflow/.local/lib/python3.6/site-packages/airflow/example_dags/example_skip_dag.py
[2022-07-30 22:03:31,725] {logging_mixin.py:104} INFO - [2022-07-30 22:03:31,725] {dag.py:1824} INFO - Sync 1 DAGs
[2022-07-30 22:03:31,752] {logging_mixin.py:104} INFO - [2022-07-30 22:03:31,752] {dag.py:2280} INFO - Setting next_dagrun for example_skip_dag to 2022-07-28 00:00:00+00:00
[2022-07-30 22:03:31,770] {scheduler_job.py:190} INFO - Processing /home/airflow/.local/lib/python3.6/site-packages/airflow/example_dags/example_skip_dag.py took 0.132 seconds
[2022-07-30 22:04:02,374] {scheduler_job.py:182} INFO - Started process (PID=476) to work on /home/airflow/.local/lib/python3.6/site-packages/airflow/example_dags/example_skip_dag.py
[2022-07-30 22:04:02,377] {scheduler_job.py:629} INFO - Processing file /home/airflow/.local/lib/python3.6/site-packages/airflow/example_dags/example_skip_dag.py for tasks to queue
[2022-07-30 22:04:02,410] {logging_mixin.py:104} INFO - [2022-07-30 22:04:02,410] {dagbag.py:451} INFO - Filling up the DagBag from /home/airflow/.local/lib/python3.6/site-packages/airflow/example_dags/example_skip_dag.py
[2022-07-30 22:04:02,470] {scheduler_job.py:639} INFO - DAG(s) dict_keys(['example_skip_dag']) retrieved from /home/airflow/.local/lib/python3.6/site-packages/airflow/example_dags/example_skip_dag.py
[2022-07-30 22:04:02,584] {logging_mixin.py:104} INFO - [2022-07-30 22:04:02,583] {dag.py:1824} INFO - Sync 1 DAGs
[2022-07-30 22:04:02,676] {logging_mixin.py:104} INFO - [2022-07-30 22:04:02,667] {dag.py:2280} INFO - Setting next_dagrun for example_skip_dag to 2022-07-28 00:00:00+00:00
[2022-07-30 22:04:02,769] {scheduler_job.py:190} INFO - Processing /home/airflow/.local/lib/python3.6/site-packages/airflow/example_dags/example_skip_dag.py took 0.422 seconds
[2022-07-30 22:04:33,626] {scheduler_job.py:182} INFO - Started process (PID=502) to work on /home/airflow/.local/lib/python3.6/site-packages/airflow/example_dags/example_skip_dag.py
[2022-07-30 22:04:33,630] {scheduler_job.py:629} INFO - Processing file /home/airflow/.local/lib/python3.6/site-packages/airflow/example_dags/example_skip_dag.py for tasks to queue
[2022-07-30 22:04:33,632] {logging_mixin.py:104} INFO - [2022-07-30 22:04:33,631] {dagbag.py:451} INFO - Filling up the DagBag from /home/airflow/.local/lib/python3.6/site-packages/airflow/example_dags/example_skip_dag.py
[2022-07-30 22:04:33,660] {scheduler_job.py:639} INFO - DAG(s) dict_keys(['example_skip_dag']) retrieved from /home/airflow/.local/lib/python3.6/site-packages/airflow/example_dags/example_skip_dag.py
[2022-07-30 22:04:33,702] {logging_mixin.py:104} INFO - [2022-07-30 22:04:33,702] {dag.py:1824} INFO - Sync 1 DAGs
[2022-07-30 22:04:33,735] {logging_mixin.py:104} INFO - [2022-07-30 22:04:33,735] {dag.py:2280} INFO - Setting next_dagrun for example_skip_dag to 2022-07-28 00:00:00+00:00
[2022-07-30 22:04:33,756] {scheduler_job.py:190} INFO - Processing /home/airflow/.local/lib/python3.6/site-packages/airflow/example_dags/example_skip_dag.py took 0.136 seconds
[2022-07-30 22:05:04,782] {scheduler_job.py:182} INFO - Started process (PID=528) to work on /home/airflow/.local/lib/python3.6/site-packages/airflow/example_dags/example_skip_dag.py
[2022-07-30 22:05:04,784] {scheduler_job.py:629} INFO - Processing file /home/airflow/.local/lib/python3.6/site-packages/airflow/example_dags/example_skip_dag.py for tasks to queue
[2022-07-30 22:05:04,786] {logging_mixin.py:104} INFO - [2022-07-30 22:05:04,786] {dagbag.py:451} INFO - Filling up the DagBag from /home/airflow/.local/lib/python3.6/site-packages/airflow/example_dags/example_skip_dag.py
[2022-07-30 22:05:04,808] {scheduler_job.py:639} INFO - DAG(s) dict_keys(['example_skip_dag']) retrieved from /home/airflow/.local/lib/python3.6/site-packages/airflow/example_dags/example_skip_dag.py
[2022-07-30 22:05:04,859] {logging_mixin.py:104} INFO - [2022-07-30 22:05:04,859] {dag.py:1824} INFO - Sync 1 DAGs
[2022-07-30 22:05:04,904] {logging_mixin.py:104} INFO - [2022-07-30 22:05:04,904] {dag.py:2280} INFO - Setting next_dagrun for example_skip_dag to 2022-07-28 00:00:00+00:00
[2022-07-30 22:05:04,943] {scheduler_job.py:190} INFO - Processing /home/airflow/.local/lib/python3.6/site-packages/airflow/example_dags/example_skip_dag.py took 0.167 seconds
[2022-07-30 22:05:36,007] {scheduler_job.py:182} INFO - Started process (PID=554) to work on /home/airflow/.local/lib/python3.6/site-packages/airflow/example_dags/example_skip_dag.py
[2022-07-30 22:05:36,017] {scheduler_job.py:629} INFO - Processing file /home/airflow/.local/lib/python3.6/site-packages/airflow/example_dags/example_skip_dag.py for tasks to queue
[2022-07-30 22:05:36,019] {logging_mixin.py:104} INFO - [2022-07-30 22:05:36,019] {dagbag.py:451} INFO - Filling up the DagBag from /home/airflow/.local/lib/python3.6/site-packages/airflow/example_dags/example_skip_dag.py
[2022-07-30 22:05:36,042] {scheduler_job.py:639} INFO - DAG(s) dict_keys(['example_skip_dag']) retrieved from /home/airflow/.local/lib/python3.6/site-packages/airflow/example_dags/example_skip_dag.py
[2022-07-30 22:05:36,089] {logging_mixin.py:104} INFO - [2022-07-30 22:05:36,088] {dag.py:1824} INFO - Sync 1 DAGs
[2022-07-30 22:05:36,132] {logging_mixin.py:104} INFO - [2022-07-30 22:05:36,132] {dag.py:2280} INFO - Setting next_dagrun for example_skip_dag to 2022-07-28 00:00:00+00:00
[2022-07-30 22:05:36,160] {scheduler_job.py:190} INFO - Processing /home/airflow/.local/lib/python3.6/site-packages/airflow/example_dags/example_skip_dag.py took 0.159 seconds
[2022-07-30 22:06:07,003] {scheduler_job.py:182} INFO - Started process (PID=580) to work on /home/airflow/.local/lib/python3.6/site-packages/airflow/example_dags/example_skip_dag.py
[2022-07-30 22:06:07,006] {scheduler_job.py:629} INFO - Processing file /home/airflow/.local/lib/python3.6/site-packages/airflow/example_dags/example_skip_dag.py for tasks to queue
[2022-07-30 22:06:07,008] {logging_mixin.py:104} INFO - [2022-07-30 22:06:07,008] {dagbag.py:451} INFO - Filling up the DagBag from /home/airflow/.local/lib/python3.6/site-packages/airflow/example_dags/example_skip_dag.py
[2022-07-30 22:06:07,032] {scheduler_job.py:639} INFO - DAG(s) dict_keys(['example_skip_dag']) retrieved from /home/airflow/.local/lib/python3.6/site-packages/airflow/example_dags/example_skip_dag.py
[2022-07-30 22:06:07,100] {logging_mixin.py:104} INFO - [2022-07-30 22:06:07,100] {dag.py:1824} INFO - Sync 1 DAGs
[2022-07-30 22:06:07,170] {logging_mixin.py:104} INFO - [2022-07-30 22:06:07,170] {dag.py:2280} INFO - Setting next_dagrun for example_skip_dag to 2022-07-28 00:00:00+00:00
[2022-07-30 22:06:07,208] {scheduler_job.py:190} INFO - Processing /home/airflow/.local/lib/python3.6/site-packages/airflow/example_dags/example_skip_dag.py took 0.212 seconds
[2022-07-30 22:06:38,278] {scheduler_job.py:182} INFO - Started process (PID=609) to work on /home/airflow/.local/lib/python3.6/site-packages/airflow/example_dags/example_skip_dag.py
[2022-07-30 22:06:38,281] {scheduler_job.py:629} INFO - Processing file /home/airflow/.local/lib/python3.6/site-packages/airflow/example_dags/example_skip_dag.py for tasks to queue
[2022-07-30 22:06:38,283] {logging_mixin.py:104} INFO - [2022-07-30 22:06:38,282] {dagbag.py:451} INFO - Filling up the DagBag from /home/airflow/.local/lib/python3.6/site-packages/airflow/example_dags/example_skip_dag.py
[2022-07-30 22:06:38,307] {scheduler_job.py:639} INFO - DAG(s) dict_keys(['example_skip_dag']) retrieved from /home/airflow/.local/lib/python3.6/site-packages/airflow/example_dags/example_skip_dag.py
[2022-07-30 22:06:38,359] {logging_mixin.py:104} INFO - [2022-07-30 22:06:38,359] {dag.py:1824} INFO - Sync 1 DAGs
[2022-07-30 22:06:38,394] {logging_mixin.py:104} INFO - [2022-07-30 22:06:38,394] {dag.py:2280} INFO - Setting next_dagrun for example_skip_dag to 2022-07-28 00:00:00+00:00
[2022-07-30 22:06:38,426] {scheduler_job.py:190} INFO - Processing /home/airflow/.local/lib/python3.6/site-packages/airflow/example_dags/example_skip_dag.py took 0.155 seconds
[2022-07-30 22:07:08,842] {scheduler_job.py:182} INFO - Started process (PID=635) to work on /home/airflow/.local/lib/python3.6/site-packages/airflow/example_dags/example_skip_dag.py
[2022-07-30 22:07:08,844] {scheduler_job.py:629} INFO - Processing file /home/airflow/.local/lib/python3.6/site-packages/airflow/example_dags/example_skip_dag.py for tasks to queue
[2022-07-30 22:07:08,846] {logging_mixin.py:104} INFO - [2022-07-30 22:07:08,845] {dagbag.py:451} INFO - Filling up the DagBag from /home/airflow/.local/lib/python3.6/site-packages/airflow/example_dags/example_skip_dag.py
[2022-07-30 22:07:08,867] {scheduler_job.py:639} INFO - DAG(s) dict_keys(['example_skip_dag']) retrieved from /home/airflow/.local/lib/python3.6/site-packages/airflow/example_dags/example_skip_dag.py
[2022-07-30 22:07:08,910] {logging_mixin.py:104} INFO - [2022-07-30 22:07:08,910] {dag.py:1824} INFO - Sync 1 DAGs
[2022-07-30 22:07:08,942] {logging_mixin.py:104} INFO - [2022-07-30 22:07:08,941] {dag.py:2280} INFO - Setting next_dagrun for example_skip_dag to 2022-07-28 00:00:00+00:00
[2022-07-30 22:07:08,970] {scheduler_job.py:190} INFO - Processing /home/airflow/.local/lib/python3.6/site-packages/airflow/example_dags/example_skip_dag.py took 0.135 seconds
[2022-07-30 22:07:39,574] {scheduler_job.py:182} INFO - Started process (PID=661) to work on /home/airflow/.local/lib/python3.6/site-packages/airflow/example_dags/example_skip_dag.py
[2022-07-30 22:07:39,579] {scheduler_job.py:629} INFO - Processing file /home/airflow/.local/lib/python3.6/site-packages/airflow/example_dags/example_skip_dag.py for tasks to queue
[2022-07-30 22:07:39,581] {logging_mixin.py:104} INFO - [2022-07-30 22:07:39,581] {dagbag.py:451} INFO - Filling up the DagBag from /home/airflow/.local/lib/python3.6/site-packages/airflow/example_dags/example_skip_dag.py
[2022-07-30 22:07:39,611] {scheduler_job.py:639} INFO - DAG(s) dict_keys(['example_skip_dag']) retrieved from /home/airflow/.local/lib/python3.6/site-packages/airflow/example_dags/example_skip_dag.py
[2022-07-30 22:07:39,658] {logging_mixin.py:104} INFO - [2022-07-30 22:07:39,657] {dag.py:1824} INFO - Sync 1 DAGs
[2022-07-30 22:07:39,683] {logging_mixin.py:104} INFO - [2022-07-30 22:07:39,683] {dag.py:2280} INFO - Setting next_dagrun for example_skip_dag to 2022-07-28 00:00:00+00:00
[2022-07-30 22:07:39,701] {scheduler_job.py:190} INFO - Processing /home/airflow/.local/lib/python3.6/site-packages/airflow/example_dags/example_skip_dag.py took 0.135 seconds
[2022-07-30 22:08:09,874] {scheduler_job.py:182} INFO - Started process (PID=685) to work on /home/airflow/.local/lib/python3.6/site-packages/airflow/example_dags/example_skip_dag.py
[2022-07-30 22:08:09,877] {scheduler_job.py:629} INFO - Processing file /home/airflow/.local/lib/python3.6/site-packages/airflow/example_dags/example_skip_dag.py for tasks to queue
[2022-07-30 22:08:09,879] {logging_mixin.py:104} INFO - [2022-07-30 22:08:09,878] {dagbag.py:451} INFO - Filling up the DagBag from /home/airflow/.local/lib/python3.6/site-packages/airflow/example_dags/example_skip_dag.py
[2022-07-30 22:08:09,903] {scheduler_job.py:639} INFO - DAG(s) dict_keys(['example_skip_dag']) retrieved from /home/airflow/.local/lib/python3.6/site-packages/airflow/example_dags/example_skip_dag.py
[2022-07-30 22:08:09,952] {logging_mixin.py:104} INFO - [2022-07-30 22:08:09,952] {dag.py:1824} INFO - Sync 1 DAGs
[2022-07-30 22:08:09,986] {logging_mixin.py:104} INFO - [2022-07-30 22:08:09,986] {dag.py:2280} INFO - Setting next_dagrun for example_skip_dag to 2022-07-28 00:00:00+00:00
[2022-07-30 22:08:10,009] {scheduler_job.py:190} INFO - Processing /home/airflow/.local/lib/python3.6/site-packages/airflow/example_dags/example_skip_dag.py took 0.141 seconds
[2022-07-30 22:08:40,113] {scheduler_job.py:182} INFO - Started process (PID=711) to work on /home/airflow/.local/lib/python3.6/site-packages/airflow/example_dags/example_skip_dag.py
[2022-07-30 22:08:40,116] {scheduler_job.py:629} INFO - Processing file /home/airflow/.local/lib/python3.6/site-packages/airflow/example_dags/example_skip_dag.py for tasks to queue
[2022-07-30 22:08:40,117] {logging_mixin.py:104} INFO - [2022-07-30 22:08:40,117] {dagbag.py:451} INFO - Filling up the DagBag from /home/airflow/.local/lib/python3.6/site-packages/airflow/example_dags/example_skip_dag.py
[2022-07-30 22:08:40,138] {scheduler_job.py:639} INFO - DAG(s) dict_keys(['example_skip_dag']) retrieved from /home/airflow/.local/lib/python3.6/site-packages/airflow/example_dags/example_skip_dag.py
[2022-07-30 22:08:40,178] {logging_mixin.py:104} INFO - [2022-07-30 22:08:40,178] {dag.py:1824} INFO - Sync 1 DAGs
[2022-07-30 22:08:40,209] {logging_mixin.py:104} INFO - [2022-07-30 22:08:40,209] {dag.py:2280} INFO - Setting next_dagrun for example_skip_dag to 2022-07-28 00:00:00+00:00
[2022-07-30 22:08:40,238] {scheduler_job.py:190} INFO - Processing /home/airflow/.local/lib/python3.6/site-packages/airflow/example_dags/example_skip_dag.py took 0.130 seconds
[2022-07-30 22:09:10,459] {scheduler_job.py:182} INFO - Started process (PID=737) to work on /home/airflow/.local/lib/python3.6/site-packages/airflow/example_dags/example_skip_dag.py
[2022-07-30 22:09:10,462] {scheduler_job.py:629} INFO - Processing file /home/airflow/.local/lib/python3.6/site-packages/airflow/example_dags/example_skip_dag.py for tasks to queue
[2022-07-30 22:09:10,464] {logging_mixin.py:104} INFO - [2022-07-30 22:09:10,464] {dagbag.py:451} INFO - Filling up the DagBag from /home/airflow/.local/lib/python3.6/site-packages/airflow/example_dags/example_skip_dag.py
[2022-07-30 22:09:10,486] {scheduler_job.py:639} INFO - DAG(s) dict_keys(['example_skip_dag']) retrieved from /home/airflow/.local/lib/python3.6/site-packages/airflow/example_dags/example_skip_dag.py
[2022-07-30 22:09:10,531] {logging_mixin.py:104} INFO - [2022-07-30 22:09:10,530] {dag.py:1824} INFO - Sync 1 DAGs
[2022-07-30 22:09:10,565] {logging_mixin.py:104} INFO - [2022-07-30 22:09:10,564] {dag.py:2280} INFO - Setting next_dagrun for example_skip_dag to 2022-07-28 00:00:00+00:00
[2022-07-30 22:09:10,594] {scheduler_job.py:190} INFO - Processing /home/airflow/.local/lib/python3.6/site-packages/airflow/example_dags/example_skip_dag.py took 0.139 seconds
[2022-07-30 22:09:41,083] {scheduler_job.py:182} INFO - Started process (PID=763) to work on /home/airflow/.local/lib/python3.6/site-packages/airflow/example_dags/example_skip_dag.py
[2022-07-30 22:09:41,085] {scheduler_job.py:629} INFO - Processing file /home/airflow/.local/lib/python3.6/site-packages/airflow/example_dags/example_skip_dag.py for tasks to queue
[2022-07-30 22:09:41,086] {logging_mixin.py:104} INFO - [2022-07-30 22:09:41,086] {dagbag.py:451} INFO - Filling up the DagBag from /home/airflow/.local/lib/python3.6/site-packages/airflow/example_dags/example_skip_dag.py
[2022-07-30 22:09:41,104] {scheduler_job.py:639} INFO - DAG(s) dict_keys(['example_skip_dag']) retrieved from /home/airflow/.local/lib/python3.6/site-packages/airflow/example_dags/example_skip_dag.py
[2022-07-30 22:09:41,186] {logging_mixin.py:104} INFO - [2022-07-30 22:09:41,186] {dag.py:1824} INFO - Sync 1 DAGs
[2022-07-30 22:09:41,271] {logging_mixin.py:104} INFO - [2022-07-30 22:09:41,271] {dag.py:2280} INFO - Setting next_dagrun for example_skip_dag to 2022-07-28 00:00:00+00:00
[2022-07-30 22:09:41,334] {scheduler_job.py:190} INFO - Processing /home/airflow/.local/lib/python3.6/site-packages/airflow/example_dags/example_skip_dag.py took 0.256 seconds
[2022-07-30 22:10:11,863] {scheduler_job.py:182} INFO - Started process (PID=789) to work on /home/airflow/.local/lib/python3.6/site-packages/airflow/example_dags/example_skip_dag.py
[2022-07-30 22:10:11,866] {scheduler_job.py:629} INFO - Processing file /home/airflow/.local/lib/python3.6/site-packages/airflow/example_dags/example_skip_dag.py for tasks to queue
[2022-07-30 22:10:11,867] {logging_mixin.py:104} INFO - [2022-07-30 22:10:11,867] {dagbag.py:451} INFO - Filling up the DagBag from /home/airflow/.local/lib/python3.6/site-packages/airflow/example_dags/example_skip_dag.py
[2022-07-30 22:10:11,889] {scheduler_job.py:639} INFO - DAG(s) dict_keys(['example_skip_dag']) retrieved from /home/airflow/.local/lib/python3.6/site-packages/airflow/example_dags/example_skip_dag.py
[2022-07-30 22:10:11,931] {logging_mixin.py:104} INFO - [2022-07-30 22:10:11,931] {dag.py:1824} INFO - Sync 1 DAGs
[2022-07-30 22:10:11,952] {logging_mixin.py:104} INFO - [2022-07-30 22:10:11,952] {dag.py:2280} INFO - Setting next_dagrun for example_skip_dag to 2022-07-28 00:00:00+00:00
[2022-07-30 22:10:11,981] {scheduler_job.py:190} INFO - Processing /home/airflow/.local/lib/python3.6/site-packages/airflow/example_dags/example_skip_dag.py took 0.124 seconds
[2022-07-30 22:10:42,771] {scheduler_job.py:182} INFO - Started process (PID=815) to work on /home/airflow/.local/lib/python3.6/site-packages/airflow/example_dags/example_skip_dag.py
[2022-07-30 22:10:42,773] {scheduler_job.py:629} INFO - Processing file /home/airflow/.local/lib/python3.6/site-packages/airflow/example_dags/example_skip_dag.py for tasks to queue
[2022-07-30 22:10:42,774] {logging_mixin.py:104} INFO - [2022-07-30 22:10:42,774] {dagbag.py:451} INFO - Filling up the DagBag from /home/airflow/.local/lib/python3.6/site-packages/airflow/example_dags/example_skip_dag.py
[2022-07-30 22:10:42,793] {scheduler_job.py:639} INFO - DAG(s) dict_keys(['example_skip_dag']) retrieved from /home/airflow/.local/lib/python3.6/site-packages/airflow/example_dags/example_skip_dag.py
[2022-07-30 22:10:42,830] {logging_mixin.py:104} INFO - [2022-07-30 22:10:42,830] {dag.py:1824} INFO - Sync 1 DAGs
[2022-07-30 22:10:42,857] {logging_mixin.py:104} INFO - [2022-07-30 22:10:42,857] {dag.py:2280} INFO - Setting next_dagrun for example_skip_dag to 2022-07-28 00:00:00+00:00
[2022-07-30 22:10:42,882] {scheduler_job.py:190} INFO - Processing /home/airflow/.local/lib/python3.6/site-packages/airflow/example_dags/example_skip_dag.py took 0.116 seconds
[2022-07-30 22:11:13,503] {scheduler_job.py:182} INFO - Started process (PID=841) to work on /home/airflow/.local/lib/python3.6/site-packages/airflow/example_dags/example_skip_dag.py
[2022-07-30 22:11:13,507] {scheduler_job.py:629} INFO - Processing file /home/airflow/.local/lib/python3.6/site-packages/airflow/example_dags/example_skip_dag.py for tasks to queue
[2022-07-30 22:11:13,509] {logging_mixin.py:104} INFO - [2022-07-30 22:11:13,509] {dagbag.py:451} INFO - Filling up the DagBag from /home/airflow/.local/lib/python3.6/site-packages/airflow/example_dags/example_skip_dag.py
[2022-07-30 22:11:13,550] {scheduler_job.py:639} INFO - DAG(s) dict_keys(['example_skip_dag']) retrieved from /home/airflow/.local/lib/python3.6/site-packages/airflow/example_dags/example_skip_dag.py
[2022-07-30 22:11:13,597] {logging_mixin.py:104} INFO - [2022-07-30 22:11:13,597] {dag.py:1824} INFO - Sync 1 DAGs
[2022-07-30 22:11:13,630] {logging_mixin.py:104} INFO - [2022-07-30 22:11:13,630] {dag.py:2280} INFO - Setting next_dagrun for example_skip_dag to 2022-07-28 00:00:00+00:00
[2022-07-30 22:11:13,668] {scheduler_job.py:190} INFO - Processing /home/airflow/.local/lib/python3.6/site-packages/airflow/example_dags/example_skip_dag.py took 0.171 seconds
[2022-07-30 22:11:44,223] {scheduler_job.py:182} INFO - Started process (PID=867) to work on /home/airflow/.local/lib/python3.6/site-packages/airflow/example_dags/example_skip_dag.py
[2022-07-30 22:11:44,227] {scheduler_job.py:629} INFO - Processing file /home/airflow/.local/lib/python3.6/site-packages/airflow/example_dags/example_skip_dag.py for tasks to queue
[2022-07-30 22:11:44,230] {logging_mixin.py:104} INFO - [2022-07-30 22:11:44,230] {dagbag.py:451} INFO - Filling up the DagBag from /home/airflow/.local/lib/python3.6/site-packages/airflow/example_dags/example_skip_dag.py
[2022-07-30 22:11:44,259] {scheduler_job.py:639} INFO - DAG(s) dict_keys(['example_skip_dag']) retrieved from /home/airflow/.local/lib/python3.6/site-packages/airflow/example_dags/example_skip_dag.py
[2022-07-30 22:11:44,317] {logging_mixin.py:104} INFO - [2022-07-30 22:11:44,316] {dag.py:1824} INFO - Sync 1 DAGs
[2022-07-30 22:11:44,369] {logging_mixin.py:104} INFO - [2022-07-30 22:11:44,369] {dag.py:2280} INFO - Setting next_dagrun for example_skip_dag to 2022-07-28 00:00:00+00:00
[2022-07-30 22:11:44,415] {scheduler_job.py:190} INFO - Processing /home/airflow/.local/lib/python3.6/site-packages/airflow/example_dags/example_skip_dag.py took 0.200 seconds
[2022-07-30 22:12:14,565] {scheduler_job.py:182} INFO - Started process (PID=893) to work on /home/airflow/.local/lib/python3.6/site-packages/airflow/example_dags/example_skip_dag.py
[2022-07-30 22:12:14,568] {scheduler_job.py:629} INFO - Processing file /home/airflow/.local/lib/python3.6/site-packages/airflow/example_dags/example_skip_dag.py for tasks to queue
[2022-07-30 22:12:14,571] {logging_mixin.py:104} INFO - [2022-07-30 22:12:14,570] {dagbag.py:451} INFO - Filling up the DagBag from /home/airflow/.local/lib/python3.6/site-packages/airflow/example_dags/example_skip_dag.py
[2022-07-30 22:12:14,594] {scheduler_job.py:639} INFO - DAG(s) dict_keys(['example_skip_dag']) retrieved from /home/airflow/.local/lib/python3.6/site-packages/airflow/example_dags/example_skip_dag.py
[2022-07-30 22:12:14,652] {logging_mixin.py:104} INFO - [2022-07-30 22:12:14,652] {dag.py:1824} INFO - Sync 1 DAGs
[2022-07-30 22:12:14,678] {logging_mixin.py:104} INFO - [2022-07-30 22:12:14,678] {dag.py:2280} INFO - Setting next_dagrun for example_skip_dag to 2022-07-28 00:00:00+00:00
[2022-07-30 22:12:14,760] {scheduler_job.py:190} INFO - Processing /home/airflow/.local/lib/python3.6/site-packages/airflow/example_dags/example_skip_dag.py took 0.201 seconds
[2022-07-30 22:12:44,961] {scheduler_job.py:182} INFO - Started process (PID=920) to work on /home/airflow/.local/lib/python3.6/site-packages/airflow/example_dags/example_skip_dag.py
[2022-07-30 22:12:44,964] {scheduler_job.py:629} INFO - Processing file /home/airflow/.local/lib/python3.6/site-packages/airflow/example_dags/example_skip_dag.py for tasks to queue
[2022-07-30 22:12:44,966] {logging_mixin.py:104} INFO - [2022-07-30 22:12:44,966] {dagbag.py:451} INFO - Filling up the DagBag from /home/airflow/.local/lib/python3.6/site-packages/airflow/example_dags/example_skip_dag.py
[2022-07-30 22:12:44,990] {scheduler_job.py:639} INFO - DAG(s) dict_keys(['example_skip_dag']) retrieved from /home/airflow/.local/lib/python3.6/site-packages/airflow/example_dags/example_skip_dag.py
[2022-07-30 22:12:45,034] {logging_mixin.py:104} INFO - [2022-07-30 22:12:45,034] {dag.py:1824} INFO - Sync 1 DAGs
[2022-07-30 22:12:45,063] {logging_mixin.py:104} INFO - [2022-07-30 22:12:45,063] {dag.py:2280} INFO - Setting next_dagrun for example_skip_dag to 2022-07-28 00:00:00+00:00
[2022-07-30 22:12:45,089] {scheduler_job.py:190} INFO - Processing /home/airflow/.local/lib/python3.6/site-packages/airflow/example_dags/example_skip_dag.py took 0.134 seconds
[2022-07-30 22:13:15,907] {scheduler_job.py:182} INFO - Started process (PID=945) to work on /home/airflow/.local/lib/python3.6/site-packages/airflow/example_dags/example_skip_dag.py
[2022-07-30 22:13:15,922] {scheduler_job.py:629} INFO - Processing file /home/airflow/.local/lib/python3.6/site-packages/airflow/example_dags/example_skip_dag.py for tasks to queue
[2022-07-30 22:13:15,927] {logging_mixin.py:104} INFO - [2022-07-30 22:13:15,926] {dagbag.py:451} INFO - Filling up the DagBag from /home/airflow/.local/lib/python3.6/site-packages/airflow/example_dags/example_skip_dag.py
[2022-07-30 22:13:16,033] {scheduler_job.py:639} INFO - DAG(s) dict_keys(['example_skip_dag']) retrieved from /home/airflow/.local/lib/python3.6/site-packages/airflow/example_dags/example_skip_dag.py
[2022-07-30 22:13:16,246] {logging_mixin.py:104} INFO - [2022-07-30 22:13:16,246] {dag.py:1824} INFO - Sync 1 DAGs
[2022-07-30 22:13:16,312] {logging_mixin.py:104} INFO - [2022-07-30 22:13:16,311] {dag.py:2280} INFO - Setting next_dagrun for example_skip_dag to 2022-07-28 00:00:00+00:00
[2022-07-30 22:13:16,355] {scheduler_job.py:190} INFO - Processing /home/airflow/.local/lib/python3.6/site-packages/airflow/example_dags/example_skip_dag.py took 0.481 seconds
[2022-07-30 22:13:47,074] {scheduler_job.py:182} INFO - Started process (PID=971) to work on /home/airflow/.local/lib/python3.6/site-packages/airflow/example_dags/example_skip_dag.py
[2022-07-30 22:13:47,076] {scheduler_job.py:629} INFO - Processing file /home/airflow/.local/lib/python3.6/site-packages/airflow/example_dags/example_skip_dag.py for tasks to queue
[2022-07-30 22:13:47,077] {logging_mixin.py:104} INFO - [2022-07-30 22:13:47,077] {dagbag.py:451} INFO - Filling up the DagBag from /home/airflow/.local/lib/python3.6/site-packages/airflow/example_dags/example_skip_dag.py
[2022-07-30 22:13:47,095] {scheduler_job.py:639} INFO - DAG(s) dict_keys(['example_skip_dag']) retrieved from /home/airflow/.local/lib/python3.6/site-packages/airflow/example_dags/example_skip_dag.py
[2022-07-30 22:13:47,127] {logging_mixin.py:104} INFO - [2022-07-30 22:13:47,127] {dag.py:1824} INFO - Sync 1 DAGs
[2022-07-30 22:13:47,149] {logging_mixin.py:104} INFO - [2022-07-30 22:13:47,149] {dag.py:2280} INFO - Setting next_dagrun for example_skip_dag to 2022-07-28 00:00:00+00:00
[2022-07-30 22:13:47,165] {scheduler_job.py:190} INFO - Processing /home/airflow/.local/lib/python3.6/site-packages/airflow/example_dags/example_skip_dag.py took 0.097 seconds
[2022-07-30 22:14:17,811] {scheduler_job.py:182} INFO - Started process (PID=997) to work on /home/airflow/.local/lib/python3.6/site-packages/airflow/example_dags/example_skip_dag.py
[2022-07-30 22:14:17,815] {scheduler_job.py:629} INFO - Processing file /home/airflow/.local/lib/python3.6/site-packages/airflow/example_dags/example_skip_dag.py for tasks to queue
[2022-07-30 22:14:17,817] {logging_mixin.py:104} INFO - [2022-07-30 22:14:17,816] {dagbag.py:451} INFO - Filling up the DagBag from /home/airflow/.local/lib/python3.6/site-packages/airflow/example_dags/example_skip_dag.py
[2022-07-30 22:14:17,833] {scheduler_job.py:639} INFO - DAG(s) dict_keys(['example_skip_dag']) retrieved from /home/airflow/.local/lib/python3.6/site-packages/airflow/example_dags/example_skip_dag.py
[2022-07-30 22:14:17,869] {logging_mixin.py:104} INFO - [2022-07-30 22:14:17,868] {dag.py:1824} INFO - Sync 1 DAGs
[2022-07-30 22:14:17,893] {logging_mixin.py:104} INFO - [2022-07-30 22:14:17,893] {dag.py:2280} INFO - Setting next_dagrun for example_skip_dag to 2022-07-28 00:00:00+00:00
[2022-07-30 22:14:17,911] {scheduler_job.py:190} INFO - Processing /home/airflow/.local/lib/python3.6/site-packages/airflow/example_dags/example_skip_dag.py took 0.106 seconds
[2022-07-30 22:14:48,395] {scheduler_job.py:182} INFO - Started process (PID=1023) to work on /home/airflow/.local/lib/python3.6/site-packages/airflow/example_dags/example_skip_dag.py
[2022-07-30 22:14:48,400] {scheduler_job.py:629} INFO - Processing file /home/airflow/.local/lib/python3.6/site-packages/airflow/example_dags/example_skip_dag.py for tasks to queue
[2022-07-30 22:14:48,403] {logging_mixin.py:104} INFO - [2022-07-30 22:14:48,402] {dagbag.py:451} INFO - Filling up the DagBag from /home/airflow/.local/lib/python3.6/site-packages/airflow/example_dags/example_skip_dag.py
[2022-07-30 22:14:48,436] {scheduler_job.py:639} INFO - DAG(s) dict_keys(['example_skip_dag']) retrieved from /home/airflow/.local/lib/python3.6/site-packages/airflow/example_dags/example_skip_dag.py
[2022-07-30 22:14:48,483] {logging_mixin.py:104} INFO - [2022-07-30 22:14:48,482] {dag.py:1824} INFO - Sync 1 DAGs
[2022-07-30 22:14:48,506] {logging_mixin.py:104} INFO - [2022-07-30 22:14:48,506] {dag.py:2280} INFO - Setting next_dagrun for example_skip_dag to 2022-07-28 00:00:00+00:00
[2022-07-30 22:14:48,523] {scheduler_job.py:190} INFO - Processing /home/airflow/.local/lib/python3.6/site-packages/airflow/example_dags/example_skip_dag.py took 0.138 seconds
[2022-07-30 22:15:18,749] {scheduler_job.py:182} INFO - Started process (PID=1049) to work on /home/airflow/.local/lib/python3.6/site-packages/airflow/example_dags/example_skip_dag.py
[2022-07-30 22:15:18,753] {scheduler_job.py:629} INFO - Processing file /home/airflow/.local/lib/python3.6/site-packages/airflow/example_dags/example_skip_dag.py for tasks to queue
[2022-07-30 22:15:18,754] {logging_mixin.py:104} INFO - [2022-07-30 22:15:18,754] {dagbag.py:451} INFO - Filling up the DagBag from /home/airflow/.local/lib/python3.6/site-packages/airflow/example_dags/example_skip_dag.py
[2022-07-30 22:15:18,781] {scheduler_job.py:639} INFO - DAG(s) dict_keys(['example_skip_dag']) retrieved from /home/airflow/.local/lib/python3.6/site-packages/airflow/example_dags/example_skip_dag.py
[2022-07-30 22:15:18,842] {logging_mixin.py:104} INFO - [2022-07-30 22:15:18,841] {dag.py:1824} INFO - Sync 1 DAGs
[2022-07-30 22:15:18,895] {logging_mixin.py:104} INFO - [2022-07-30 22:15:18,894] {dag.py:2280} INFO - Setting next_dagrun for example_skip_dag to 2022-07-28 00:00:00+00:00
[2022-07-30 22:15:18,950] {scheduler_job.py:190} INFO - Processing /home/airflow/.local/lib/python3.6/site-packages/airflow/example_dags/example_skip_dag.py took 0.210 seconds
[2022-07-30 22:15:49,145] {scheduler_job.py:182} INFO - Started process (PID=1075) to work on /home/airflow/.local/lib/python3.6/site-packages/airflow/example_dags/example_skip_dag.py
[2022-07-30 22:15:49,148] {scheduler_job.py:629} INFO - Processing file /home/airflow/.local/lib/python3.6/site-packages/airflow/example_dags/example_skip_dag.py for tasks to queue
[2022-07-30 22:15:49,150] {logging_mixin.py:104} INFO - [2022-07-30 22:15:49,149] {dagbag.py:451} INFO - Filling up the DagBag from /home/airflow/.local/lib/python3.6/site-packages/airflow/example_dags/example_skip_dag.py
[2022-07-30 22:15:49,174] {scheduler_job.py:639} INFO - DAG(s) dict_keys(['example_skip_dag']) retrieved from /home/airflow/.local/lib/python3.6/site-packages/airflow/example_dags/example_skip_dag.py
[2022-07-30 22:15:49,219] {logging_mixin.py:104} INFO - [2022-07-30 22:15:49,219] {dag.py:1824} INFO - Sync 1 DAGs
[2022-07-30 22:15:49,284] {logging_mixin.py:104} INFO - [2022-07-30 22:15:49,283] {dag.py:2280} INFO - Setting next_dagrun for example_skip_dag to 2022-07-28 00:00:00+00:00
[2022-07-30 22:15:49,331] {scheduler_job.py:190} INFO - Processing /home/airflow/.local/lib/python3.6/site-packages/airflow/example_dags/example_skip_dag.py took 0.192 seconds
[2022-07-30 22:16:19,499] {scheduler_job.py:182} INFO - Started process (PID=1101) to work on /home/airflow/.local/lib/python3.6/site-packages/airflow/example_dags/example_skip_dag.py
[2022-07-30 22:16:19,502] {scheduler_job.py:629} INFO - Processing file /home/airflow/.local/lib/python3.6/site-packages/airflow/example_dags/example_skip_dag.py for tasks to queue
[2022-07-30 22:16:19,504] {logging_mixin.py:104} INFO - [2022-07-30 22:16:19,503] {dagbag.py:451} INFO - Filling up the DagBag from /home/airflow/.local/lib/python3.6/site-packages/airflow/example_dags/example_skip_dag.py
[2022-07-30 22:16:19,525] {scheduler_job.py:639} INFO - DAG(s) dict_keys(['example_skip_dag']) retrieved from /home/airflow/.local/lib/python3.6/site-packages/airflow/example_dags/example_skip_dag.py
[2022-07-30 22:16:19,571] {logging_mixin.py:104} INFO - [2022-07-30 22:16:19,571] {dag.py:1824} INFO - Sync 1 DAGs
[2022-07-30 22:16:19,610] {logging_mixin.py:104} INFO - [2022-07-30 22:16:19,609] {dag.py:2280} INFO - Setting next_dagrun for example_skip_dag to 2022-07-28 00:00:00+00:00
[2022-07-30 22:16:19,642] {scheduler_job.py:190} INFO - Processing /home/airflow/.local/lib/python3.6/site-packages/airflow/example_dags/example_skip_dag.py took 0.149 seconds
[2022-07-30 22:16:49,823] {scheduler_job.py:182} INFO - Started process (PID=1127) to work on /home/airflow/.local/lib/python3.6/site-packages/airflow/example_dags/example_skip_dag.py
[2022-07-30 22:16:49,828] {scheduler_job.py:629} INFO - Processing file /home/airflow/.local/lib/python3.6/site-packages/airflow/example_dags/example_skip_dag.py for tasks to queue
[2022-07-30 22:16:49,831] {logging_mixin.py:104} INFO - [2022-07-30 22:16:49,830] {dagbag.py:451} INFO - Filling up the DagBag from /home/airflow/.local/lib/python3.6/site-packages/airflow/example_dags/example_skip_dag.py
[2022-07-30 22:16:49,852] {scheduler_job.py:639} INFO - DAG(s) dict_keys(['example_skip_dag']) retrieved from /home/airflow/.local/lib/python3.6/site-packages/airflow/example_dags/example_skip_dag.py
[2022-07-30 22:16:49,912] {logging_mixin.py:104} INFO - [2022-07-30 22:16:49,912] {dag.py:1824} INFO - Sync 1 DAGs
[2022-07-30 22:16:49,947] {logging_mixin.py:104} INFO - [2022-07-30 22:16:49,946] {dag.py:2280} INFO - Setting next_dagrun for example_skip_dag to 2022-07-28 00:00:00+00:00
[2022-07-30 22:16:49,980] {scheduler_job.py:190} INFO - Processing /home/airflow/.local/lib/python3.6/site-packages/airflow/example_dags/example_skip_dag.py took 0.163 seconds
[2022-07-30 22:17:20,153] {scheduler_job.py:182} INFO - Started process (PID=1153) to work on /home/airflow/.local/lib/python3.6/site-packages/airflow/example_dags/example_skip_dag.py
[2022-07-30 22:17:20,163] {scheduler_job.py:629} INFO - Processing file /home/airflow/.local/lib/python3.6/site-packages/airflow/example_dags/example_skip_dag.py for tasks to queue
[2022-07-30 22:17:20,166] {logging_mixin.py:104} INFO - [2022-07-30 22:17:20,166] {dagbag.py:451} INFO - Filling up the DagBag from /home/airflow/.local/lib/python3.6/site-packages/airflow/example_dags/example_skip_dag.py
[2022-07-30 22:17:20,194] {scheduler_job.py:639} INFO - DAG(s) dict_keys(['example_skip_dag']) retrieved from /home/airflow/.local/lib/python3.6/site-packages/airflow/example_dags/example_skip_dag.py
[2022-07-30 22:17:20,242] {logging_mixin.py:104} INFO - [2022-07-30 22:17:20,242] {dag.py:1824} INFO - Sync 1 DAGs
[2022-07-30 22:17:20,270] {logging_mixin.py:104} INFO - [2022-07-30 22:17:20,270] {dag.py:2280} INFO - Setting next_dagrun for example_skip_dag to 2022-07-28 00:00:00+00:00
[2022-07-30 22:17:20,292] {scheduler_job.py:190} INFO - Processing /home/airflow/.local/lib/python3.6/site-packages/airflow/example_dags/example_skip_dag.py took 0.145 seconds
[2022-07-30 22:17:50,543] {scheduler_job.py:182} INFO - Started process (PID=1179) to work on /home/airflow/.local/lib/python3.6/site-packages/airflow/example_dags/example_skip_dag.py
[2022-07-30 22:17:50,547] {scheduler_job.py:629} INFO - Processing file /home/airflow/.local/lib/python3.6/site-packages/airflow/example_dags/example_skip_dag.py for tasks to queue
[2022-07-30 22:17:50,551] {logging_mixin.py:104} INFO - [2022-07-30 22:17:50,549] {dagbag.py:451} INFO - Filling up the DagBag from /home/airflow/.local/lib/python3.6/site-packages/airflow/example_dags/example_skip_dag.py
[2022-07-30 22:17:50,578] {scheduler_job.py:639} INFO - DAG(s) dict_keys(['example_skip_dag']) retrieved from /home/airflow/.local/lib/python3.6/site-packages/airflow/example_dags/example_skip_dag.py
[2022-07-30 22:17:50,636] {logging_mixin.py:104} INFO - [2022-07-30 22:17:50,635] {dag.py:1824} INFO - Sync 1 DAGs
[2022-07-30 22:17:50,682] {logging_mixin.py:104} INFO - [2022-07-30 22:17:50,681] {dag.py:2280} INFO - Setting next_dagrun for example_skip_dag to 2022-07-28 00:00:00+00:00
[2022-07-30 22:17:50,726] {scheduler_job.py:190} INFO - Processing /home/airflow/.local/lib/python3.6/site-packages/airflow/example_dags/example_skip_dag.py took 0.191 seconds
[2022-07-30 22:18:20,870] {scheduler_job.py:182} INFO - Started process (PID=1205) to work on /home/airflow/.local/lib/python3.6/site-packages/airflow/example_dags/example_skip_dag.py
[2022-07-30 22:18:20,873] {scheduler_job.py:629} INFO - Processing file /home/airflow/.local/lib/python3.6/site-packages/airflow/example_dags/example_skip_dag.py for tasks to queue
[2022-07-30 22:18:20,876] {logging_mixin.py:104} INFO - [2022-07-30 22:18:20,876] {dagbag.py:451} INFO - Filling up the DagBag from /home/airflow/.local/lib/python3.6/site-packages/airflow/example_dags/example_skip_dag.py
[2022-07-30 22:18:20,896] {scheduler_job.py:639} INFO - DAG(s) dict_keys(['example_skip_dag']) retrieved from /home/airflow/.local/lib/python3.6/site-packages/airflow/example_dags/example_skip_dag.py
[2022-07-30 22:18:20,943] {logging_mixin.py:104} INFO - [2022-07-30 22:18:20,943] {dag.py:1824} INFO - Sync 1 DAGs
[2022-07-30 22:18:20,981] {logging_mixin.py:104} INFO - [2022-07-30 22:18:20,981] {dag.py:2280} INFO - Setting next_dagrun for example_skip_dag to 2022-07-28 00:00:00+00:00
[2022-07-30 22:18:21,004] {scheduler_job.py:190} INFO - Processing /home/airflow/.local/lib/python3.6/site-packages/airflow/example_dags/example_skip_dag.py took 0.141 seconds
[2022-07-30 22:18:51,792] {scheduler_job.py:182} INFO - Started process (PID=1231) to work on /home/airflow/.local/lib/python3.6/site-packages/airflow/example_dags/example_skip_dag.py
[2022-07-30 22:18:51,795] {scheduler_job.py:629} INFO - Processing file /home/airflow/.local/lib/python3.6/site-packages/airflow/example_dags/example_skip_dag.py for tasks to queue
[2022-07-30 22:18:51,797] {logging_mixin.py:104} INFO - [2022-07-30 22:18:51,797] {dagbag.py:451} INFO - Filling up the DagBag from /home/airflow/.local/lib/python3.6/site-packages/airflow/example_dags/example_skip_dag.py
[2022-07-30 22:18:51,820] {scheduler_job.py:639} INFO - DAG(s) dict_keys(['example_skip_dag']) retrieved from /home/airflow/.local/lib/python3.6/site-packages/airflow/example_dags/example_skip_dag.py
[2022-07-30 22:18:51,864] {logging_mixin.py:104} INFO - [2022-07-30 22:18:51,864] {dag.py:1824} INFO - Sync 1 DAGs
[2022-07-30 22:18:51,898] {logging_mixin.py:104} INFO - [2022-07-30 22:18:51,898] {dag.py:2280} INFO - Setting next_dagrun for example_skip_dag to 2022-07-28 00:00:00+00:00
[2022-07-30 22:18:51,918] {scheduler_job.py:190} INFO - Processing /home/airflow/.local/lib/python3.6/site-packages/airflow/example_dags/example_skip_dag.py took 0.133 seconds
[2022-07-30 22:19:22,178] {scheduler_job.py:182} INFO - Started process (PID=1257) to work on /home/airflow/.local/lib/python3.6/site-packages/airflow/example_dags/example_skip_dag.py
[2022-07-30 22:19:22,181] {scheduler_job.py:629} INFO - Processing file /home/airflow/.local/lib/python3.6/site-packages/airflow/example_dags/example_skip_dag.py for tasks to queue
[2022-07-30 22:19:22,183] {logging_mixin.py:104} INFO - [2022-07-30 22:19:22,183] {dagbag.py:451} INFO - Filling up the DagBag from /home/airflow/.local/lib/python3.6/site-packages/airflow/example_dags/example_skip_dag.py
[2022-07-30 22:19:22,204] {scheduler_job.py:639} INFO - DAG(s) dict_keys(['example_skip_dag']) retrieved from /home/airflow/.local/lib/python3.6/site-packages/airflow/example_dags/example_skip_dag.py
[2022-07-30 22:19:22,250] {logging_mixin.py:104} INFO - [2022-07-30 22:19:22,250] {dag.py:1824} INFO - Sync 1 DAGs
[2022-07-30 22:19:22,282] {logging_mixin.py:104} INFO - [2022-07-30 22:19:22,282] {dag.py:2280} INFO - Setting next_dagrun for example_skip_dag to 2022-07-28 00:00:00+00:00
[2022-07-30 22:19:22,309] {scheduler_job.py:190} INFO - Processing /home/airflow/.local/lib/python3.6/site-packages/airflow/example_dags/example_skip_dag.py took 0.136 seconds
[2022-07-30 22:19:52,658] {scheduler_job.py:182} INFO - Started process (PID=1283) to work on /home/airflow/.local/lib/python3.6/site-packages/airflow/example_dags/example_skip_dag.py
[2022-07-30 22:19:52,661] {scheduler_job.py:629} INFO - Processing file /home/airflow/.local/lib/python3.6/site-packages/airflow/example_dags/example_skip_dag.py for tasks to queue
[2022-07-30 22:19:52,663] {logging_mixin.py:104} INFO - [2022-07-30 22:19:52,663] {dagbag.py:451} INFO - Filling up the DagBag from /home/airflow/.local/lib/python3.6/site-packages/airflow/example_dags/example_skip_dag.py
[2022-07-30 22:19:52,687] {scheduler_job.py:639} INFO - DAG(s) dict_keys(['example_skip_dag']) retrieved from /home/airflow/.local/lib/python3.6/site-packages/airflow/example_dags/example_skip_dag.py
[2022-07-30 22:19:52,733] {logging_mixin.py:104} INFO - [2022-07-30 22:19:52,733] {dag.py:1824} INFO - Sync 1 DAGs
[2022-07-30 22:19:52,766] {logging_mixin.py:104} INFO - [2022-07-30 22:19:52,766] {dag.py:2280} INFO - Setting next_dagrun for example_skip_dag to 2022-07-28 00:00:00+00:00
[2022-07-30 22:19:52,792] {scheduler_job.py:190} INFO - Processing /home/airflow/.local/lib/python3.6/site-packages/airflow/example_dags/example_skip_dag.py took 0.138 seconds
[2022-07-30 22:20:23,206] {scheduler_job.py:182} INFO - Started process (PID=1309) to work on /home/airflow/.local/lib/python3.6/site-packages/airflow/example_dags/example_skip_dag.py
[2022-07-30 22:20:23,210] {scheduler_job.py:629} INFO - Processing file /home/airflow/.local/lib/python3.6/site-packages/airflow/example_dags/example_skip_dag.py for tasks to queue
[2022-07-30 22:20:23,212] {logging_mixin.py:104} INFO - [2022-07-30 22:20:23,212] {dagbag.py:451} INFO - Filling up the DagBag from /home/airflow/.local/lib/python3.6/site-packages/airflow/example_dags/example_skip_dag.py
[2022-07-30 22:20:23,266] {scheduler_job.py:639} INFO - DAG(s) dict_keys(['example_skip_dag']) retrieved from /home/airflow/.local/lib/python3.6/site-packages/airflow/example_dags/example_skip_dag.py
[2022-07-30 22:20:23,369] {logging_mixin.py:104} INFO - [2022-07-30 22:20:23,369] {dag.py:1824} INFO - Sync 1 DAGs
[2022-07-30 22:20:23,410] {logging_mixin.py:104} INFO - [2022-07-30 22:20:23,409] {dag.py:2280} INFO - Setting next_dagrun for example_skip_dag to 2022-07-28 00:00:00+00:00
[2022-07-30 22:20:23,456] {scheduler_job.py:190} INFO - Processing /home/airflow/.local/lib/python3.6/site-packages/airflow/example_dags/example_skip_dag.py took 0.256 seconds
[2022-07-30 22:20:53,789] {scheduler_job.py:182} INFO - Started process (PID=1335) to work on /home/airflow/.local/lib/python3.6/site-packages/airflow/example_dags/example_skip_dag.py
[2022-07-30 22:20:53,802] {scheduler_job.py:629} INFO - Processing file /home/airflow/.local/lib/python3.6/site-packages/airflow/example_dags/example_skip_dag.py for tasks to queue
[2022-07-30 22:20:53,817] {logging_mixin.py:104} INFO - [2022-07-30 22:20:53,817] {dagbag.py:451} INFO - Filling up the DagBag from /home/airflow/.local/lib/python3.6/site-packages/airflow/example_dags/example_skip_dag.py
[2022-07-30 22:20:53,891] {scheduler_job.py:639} INFO - DAG(s) dict_keys(['example_skip_dag']) retrieved from /home/airflow/.local/lib/python3.6/site-packages/airflow/example_dags/example_skip_dag.py
[2022-07-30 22:20:54,097] {logging_mixin.py:104} INFO - [2022-07-30 22:20:54,097] {dag.py:1824} INFO - Sync 1 DAGs
[2022-07-30 22:20:54,166] {logging_mixin.py:104} INFO - [2022-07-30 22:20:54,166] {dag.py:2280} INFO - Setting next_dagrun for example_skip_dag to 2022-07-28 00:00:00+00:00
[2022-07-30 22:20:54,201] {scheduler_job.py:190} INFO - Processing /home/airflow/.local/lib/python3.6/site-packages/airflow/example_dags/example_skip_dag.py took 0.424 seconds
[2022-07-30 22:21:25,368] {scheduler_job.py:182} INFO - Started process (PID=1361) to work on /home/airflow/.local/lib/python3.6/site-packages/airflow/example_dags/example_skip_dag.py
[2022-07-30 22:21:25,382] {scheduler_job.py:629} INFO - Processing file /home/airflow/.local/lib/python3.6/site-packages/airflow/example_dags/example_skip_dag.py for tasks to queue
[2022-07-30 22:21:25,383] {logging_mixin.py:104} INFO - [2022-07-30 22:21:25,383] {dagbag.py:451} INFO - Filling up the DagBag from /home/airflow/.local/lib/python3.6/site-packages/airflow/example_dags/example_skip_dag.py
[2022-07-30 22:21:25,455] {scheduler_job.py:639} INFO - DAG(s) dict_keys(['example_skip_dag']) retrieved from /home/airflow/.local/lib/python3.6/site-packages/airflow/example_dags/example_skip_dag.py
[2022-07-30 22:21:25,534] {logging_mixin.py:104} INFO - [2022-07-30 22:21:25,534] {dag.py:1824} INFO - Sync 1 DAGs
[2022-07-30 22:21:25,575] {logging_mixin.py:104} INFO - [2022-07-30 22:21:25,575] {dag.py:2280} INFO - Setting next_dagrun for example_skip_dag to 2022-07-28 00:00:00+00:00
[2022-07-30 22:21:25,607] {scheduler_job.py:190} INFO - Processing /home/airflow/.local/lib/python3.6/site-packages/airflow/example_dags/example_skip_dag.py took 0.270 seconds
[2022-07-30 22:21:56,036] {scheduler_job.py:182} INFO - Started process (PID=1387) to work on /home/airflow/.local/lib/python3.6/site-packages/airflow/example_dags/example_skip_dag.py
[2022-07-30 22:21:56,042] {scheduler_job.py:629} INFO - Processing file /home/airflow/.local/lib/python3.6/site-packages/airflow/example_dags/example_skip_dag.py for tasks to queue
[2022-07-30 22:21:56,045] {logging_mixin.py:104} INFO - [2022-07-30 22:21:56,044] {dagbag.py:451} INFO - Filling up the DagBag from /home/airflow/.local/lib/python3.6/site-packages/airflow/example_dags/example_skip_dag.py
[2022-07-30 22:21:56,073] {scheduler_job.py:639} INFO - DAG(s) dict_keys(['example_skip_dag']) retrieved from /home/airflow/.local/lib/python3.6/site-packages/airflow/example_dags/example_skip_dag.py
[2022-07-30 22:21:56,128] {logging_mixin.py:104} INFO - [2022-07-30 22:21:56,128] {dag.py:1824} INFO - Sync 1 DAGs
[2022-07-30 22:21:56,193] {logging_mixin.py:104} INFO - [2022-07-30 22:21:56,193] {dag.py:2280} INFO - Setting next_dagrun for example_skip_dag to 2022-07-28 00:00:00+00:00
[2022-07-30 22:21:56,219] {scheduler_job.py:190} INFO - Processing /home/airflow/.local/lib/python3.6/site-packages/airflow/example_dags/example_skip_dag.py took 0.188 seconds
[2022-07-30 22:22:26,498] {scheduler_job.py:182} INFO - Started process (PID=1413) to work on /home/airflow/.local/lib/python3.6/site-packages/airflow/example_dags/example_skip_dag.py
[2022-07-30 22:22:26,501] {scheduler_job.py:629} INFO - Processing file /home/airflow/.local/lib/python3.6/site-packages/airflow/example_dags/example_skip_dag.py for tasks to queue
[2022-07-30 22:22:26,502] {logging_mixin.py:104} INFO - [2022-07-30 22:22:26,502] {dagbag.py:451} INFO - Filling up the DagBag from /home/airflow/.local/lib/python3.6/site-packages/airflow/example_dags/example_skip_dag.py
[2022-07-30 22:22:26,518] {scheduler_job.py:639} INFO - DAG(s) dict_keys(['example_skip_dag']) retrieved from /home/airflow/.local/lib/python3.6/site-packages/airflow/example_dags/example_skip_dag.py
[2022-07-30 22:22:26,555] {logging_mixin.py:104} INFO - [2022-07-30 22:22:26,555] {dag.py:1824} INFO - Sync 1 DAGs
[2022-07-30 22:22:26,583] {logging_mixin.py:104} INFO - [2022-07-30 22:22:26,583] {dag.py:2280} INFO - Setting next_dagrun for example_skip_dag to 2022-07-28 00:00:00+00:00
[2022-07-30 22:22:26,604] {scheduler_job.py:190} INFO - Processing /home/airflow/.local/lib/python3.6/site-packages/airflow/example_dags/example_skip_dag.py took 0.112 seconds
[2022-07-30 22:22:57,000] {scheduler_job.py:182} INFO - Started process (PID=1439) to work on /home/airflow/.local/lib/python3.6/site-packages/airflow/example_dags/example_skip_dag.py
[2022-07-30 22:22:57,002] {scheduler_job.py:629} INFO - Processing file /home/airflow/.local/lib/python3.6/site-packages/airflow/example_dags/example_skip_dag.py for tasks to queue
[2022-07-30 22:22:57,003] {logging_mixin.py:104} INFO - [2022-07-30 22:22:57,003] {dagbag.py:451} INFO - Filling up the DagBag from /home/airflow/.local/lib/python3.6/site-packages/airflow/example_dags/example_skip_dag.py
[2022-07-30 22:22:57,021] {scheduler_job.py:639} INFO - DAG(s) dict_keys(['example_skip_dag']) retrieved from /home/airflow/.local/lib/python3.6/site-packages/airflow/example_dags/example_skip_dag.py
[2022-07-30 22:22:57,057] {logging_mixin.py:104} INFO - [2022-07-30 22:22:57,057] {dag.py:1824} INFO - Sync 1 DAGs
[2022-07-30 22:22:57,082] {logging_mixin.py:104} INFO - [2022-07-30 22:22:57,082] {dag.py:2280} INFO - Setting next_dagrun for example_skip_dag to 2022-07-28 00:00:00+00:00
[2022-07-30 22:22:57,099] {scheduler_job.py:190} INFO - Processing /home/airflow/.local/lib/python3.6/site-packages/airflow/example_dags/example_skip_dag.py took 0.103 seconds
[2022-07-30 22:23:27,352] {scheduler_job.py:182} INFO - Started process (PID=1465) to work on /home/airflow/.local/lib/python3.6/site-packages/airflow/example_dags/example_skip_dag.py
[2022-07-30 22:23:27,365] {scheduler_job.py:629} INFO - Processing file /home/airflow/.local/lib/python3.6/site-packages/airflow/example_dags/example_skip_dag.py for tasks to queue
[2022-07-30 22:23:27,366] {logging_mixin.py:104} INFO - [2022-07-30 22:23:27,366] {dagbag.py:451} INFO - Filling up the DagBag from /home/airflow/.local/lib/python3.6/site-packages/airflow/example_dags/example_skip_dag.py
[2022-07-30 22:23:27,408] {scheduler_job.py:639} INFO - DAG(s) dict_keys(['example_skip_dag']) retrieved from /home/airflow/.local/lib/python3.6/site-packages/airflow/example_dags/example_skip_dag.py
[2022-07-30 22:23:27,503] {logging_mixin.py:104} INFO - [2022-07-30 22:23:27,503] {dag.py:1824} INFO - Sync 1 DAGs
[2022-07-30 22:23:27,561] {logging_mixin.py:104} INFO - [2022-07-30 22:23:27,561] {dag.py:2280} INFO - Setting next_dagrun for example_skip_dag to 2022-07-28 00:00:00+00:00
[2022-07-30 22:23:27,608] {scheduler_job.py:190} INFO - Processing /home/airflow/.local/lib/python3.6/site-packages/airflow/example_dags/example_skip_dag.py took 0.262 seconds
[2022-07-30 22:23:58,188] {scheduler_job.py:182} INFO - Started process (PID=1491) to work on /home/airflow/.local/lib/python3.6/site-packages/airflow/example_dags/example_skip_dag.py
[2022-07-30 22:23:58,191] {scheduler_job.py:629} INFO - Processing file /home/airflow/.local/lib/python3.6/site-packages/airflow/example_dags/example_skip_dag.py for tasks to queue
[2022-07-30 22:23:58,193] {logging_mixin.py:104} INFO - [2022-07-30 22:23:58,193] {dagbag.py:451} INFO - Filling up the DagBag from /home/airflow/.local/lib/python3.6/site-packages/airflow/example_dags/example_skip_dag.py
[2022-07-30 22:23:58,213] {scheduler_job.py:639} INFO - DAG(s) dict_keys(['example_skip_dag']) retrieved from /home/airflow/.local/lib/python3.6/site-packages/airflow/example_dags/example_skip_dag.py
[2022-07-30 22:23:58,254] {logging_mixin.py:104} INFO - [2022-07-30 22:23:58,253] {dag.py:1824} INFO - Sync 1 DAGs
[2022-07-30 22:23:58,284] {logging_mixin.py:104} INFO - [2022-07-30 22:23:58,283] {dag.py:2280} INFO - Setting next_dagrun for example_skip_dag to 2022-07-28 00:00:00+00:00
[2022-07-30 22:23:58,305] {scheduler_job.py:190} INFO - Processing /home/airflow/.local/lib/python3.6/site-packages/airflow/example_dags/example_skip_dag.py took 0.126 seconds
[2022-07-30 22:24:28,490] {scheduler_job.py:182} INFO - Started process (PID=1517) to work on /home/airflow/.local/lib/python3.6/site-packages/airflow/example_dags/example_skip_dag.py
[2022-07-30 22:24:28,497] {scheduler_job.py:629} INFO - Processing file /home/airflow/.local/lib/python3.6/site-packages/airflow/example_dags/example_skip_dag.py for tasks to queue
[2022-07-30 22:24:28,499] {logging_mixin.py:104} INFO - [2022-07-30 22:24:28,499] {dagbag.py:451} INFO - Filling up the DagBag from /home/airflow/.local/lib/python3.6/site-packages/airflow/example_dags/example_skip_dag.py
[2022-07-30 22:24:28,529] {scheduler_job.py:639} INFO - DAG(s) dict_keys(['example_skip_dag']) retrieved from /home/airflow/.local/lib/python3.6/site-packages/airflow/example_dags/example_skip_dag.py
[2022-07-30 22:24:28,602] {logging_mixin.py:104} INFO - [2022-07-30 22:24:28,601] {dag.py:1824} INFO - Sync 1 DAGs
[2022-07-30 22:24:28,636] {logging_mixin.py:104} INFO - [2022-07-30 22:24:28,636] {dag.py:2280} INFO - Setting next_dagrun for example_skip_dag to 2022-07-28 00:00:00+00:00
[2022-07-30 22:24:28,654] {scheduler_job.py:190} INFO - Processing /home/airflow/.local/lib/python3.6/site-packages/airflow/example_dags/example_skip_dag.py took 0.171 seconds
[2022-07-30 22:24:58,759] {scheduler_job.py:182} INFO - Started process (PID=1543) to work on /home/airflow/.local/lib/python3.6/site-packages/airflow/example_dags/example_skip_dag.py
[2022-07-30 22:24:58,764] {scheduler_job.py:629} INFO - Processing file /home/airflow/.local/lib/python3.6/site-packages/airflow/example_dags/example_skip_dag.py for tasks to queue
[2022-07-30 22:24:58,767] {logging_mixin.py:104} INFO - [2022-07-30 22:24:58,766] {dagbag.py:451} INFO - Filling up the DagBag from /home/airflow/.local/lib/python3.6/site-packages/airflow/example_dags/example_skip_dag.py
[2022-07-30 22:24:58,819] {scheduler_job.py:639} INFO - DAG(s) dict_keys(['example_skip_dag']) retrieved from /home/airflow/.local/lib/python3.6/site-packages/airflow/example_dags/example_skip_dag.py
[2022-07-30 22:24:58,937] {logging_mixin.py:104} INFO - [2022-07-30 22:24:58,937] {dag.py:1824} INFO - Sync 1 DAGs
[2022-07-30 22:24:58,993] {logging_mixin.py:104} INFO - [2022-07-30 22:24:58,993] {dag.py:2280} INFO - Setting next_dagrun for example_skip_dag to 2022-07-28 00:00:00+00:00
[2022-07-30 22:24:59,068] {scheduler_job.py:190} INFO - Processing /home/airflow/.local/lib/python3.6/site-packages/airflow/example_dags/example_skip_dag.py took 0.327 seconds
[2022-07-30 22:25:29,432] {scheduler_job.py:182} INFO - Started process (PID=1569) to work on /home/airflow/.local/lib/python3.6/site-packages/airflow/example_dags/example_skip_dag.py
[2022-07-30 22:25:29,436] {scheduler_job.py:629} INFO - Processing file /home/airflow/.local/lib/python3.6/site-packages/airflow/example_dags/example_skip_dag.py for tasks to queue
[2022-07-30 22:25:29,438] {logging_mixin.py:104} INFO - [2022-07-30 22:25:29,438] {dagbag.py:451} INFO - Filling up the DagBag from /home/airflow/.local/lib/python3.6/site-packages/airflow/example_dags/example_skip_dag.py
[2022-07-30 22:25:29,455] {scheduler_job.py:639} INFO - DAG(s) dict_keys(['example_skip_dag']) retrieved from /home/airflow/.local/lib/python3.6/site-packages/airflow/example_dags/example_skip_dag.py
[2022-07-30 22:25:29,488] {logging_mixin.py:104} INFO - [2022-07-30 22:25:29,488] {dag.py:1824} INFO - Sync 1 DAGs
[2022-07-30 22:25:29,510] {logging_mixin.py:104} INFO - [2022-07-30 22:25:29,510] {dag.py:2280} INFO - Setting next_dagrun for example_skip_dag to 2022-07-28 00:00:00+00:00
[2022-07-30 22:25:29,526] {scheduler_job.py:190} INFO - Processing /home/airflow/.local/lib/python3.6/site-packages/airflow/example_dags/example_skip_dag.py took 0.101 seconds
[2022-07-30 22:26:00,193] {scheduler_job.py:182} INFO - Started process (PID=1595) to work on /home/airflow/.local/lib/python3.6/site-packages/airflow/example_dags/example_skip_dag.py
[2022-07-30 22:26:00,198] {scheduler_job.py:629} INFO - Processing file /home/airflow/.local/lib/python3.6/site-packages/airflow/example_dags/example_skip_dag.py for tasks to queue
[2022-07-30 22:26:00,199] {logging_mixin.py:104} INFO - [2022-07-30 22:26:00,199] {dagbag.py:451} INFO - Filling up the DagBag from /home/airflow/.local/lib/python3.6/site-packages/airflow/example_dags/example_skip_dag.py
[2022-07-30 22:26:00,228] {scheduler_job.py:639} INFO - DAG(s) dict_keys(['example_skip_dag']) retrieved from /home/airflow/.local/lib/python3.6/site-packages/airflow/example_dags/example_skip_dag.py
[2022-07-30 22:26:00,281] {logging_mixin.py:104} INFO - [2022-07-30 22:26:00,281] {dag.py:1824} INFO - Sync 1 DAGs
[2022-07-30 22:26:00,311] {logging_mixin.py:104} INFO - [2022-07-30 22:26:00,311] {dag.py:2280} INFO - Setting next_dagrun for example_skip_dag to 2022-07-28 00:00:00+00:00
[2022-07-30 22:26:00,332] {scheduler_job.py:190} INFO - Processing /home/airflow/.local/lib/python3.6/site-packages/airflow/example_dags/example_skip_dag.py took 0.149 seconds
[2022-07-30 22:26:30,513] {scheduler_job.py:182} INFO - Started process (PID=1621) to work on /home/airflow/.local/lib/python3.6/site-packages/airflow/example_dags/example_skip_dag.py
[2022-07-30 22:26:30,517] {scheduler_job.py:629} INFO - Processing file /home/airflow/.local/lib/python3.6/site-packages/airflow/example_dags/example_skip_dag.py for tasks to queue
[2022-07-30 22:26:30,519] {logging_mixin.py:104} INFO - [2022-07-30 22:26:30,518] {dagbag.py:451} INFO - Filling up the DagBag from /home/airflow/.local/lib/python3.6/site-packages/airflow/example_dags/example_skip_dag.py
[2022-07-30 22:26:30,549] {scheduler_job.py:639} INFO - DAG(s) dict_keys(['example_skip_dag']) retrieved from /home/airflow/.local/lib/python3.6/site-packages/airflow/example_dags/example_skip_dag.py
[2022-07-30 22:26:30,636] {logging_mixin.py:104} INFO - [2022-07-30 22:26:30,636] {dag.py:1824} INFO - Sync 1 DAGs
[2022-07-30 22:26:30,729] {logging_mixin.py:104} INFO - [2022-07-30 22:26:30,728] {dag.py:2280} INFO - Setting next_dagrun for example_skip_dag to 2022-07-28 00:00:00+00:00
[2022-07-30 22:26:30,765] {scheduler_job.py:190} INFO - Processing /home/airflow/.local/lib/python3.6/site-packages/airflow/example_dags/example_skip_dag.py took 0.256 seconds
[2022-07-30 22:27:00,855] {scheduler_job.py:182} INFO - Started process (PID=1647) to work on /home/airflow/.local/lib/python3.6/site-packages/airflow/example_dags/example_skip_dag.py
[2022-07-30 22:27:00,857] {scheduler_job.py:629} INFO - Processing file /home/airflow/.local/lib/python3.6/site-packages/airflow/example_dags/example_skip_dag.py for tasks to queue
[2022-07-30 22:27:00,858] {logging_mixin.py:104} INFO - [2022-07-30 22:27:00,858] {dagbag.py:451} INFO - Filling up the DagBag from /home/airflow/.local/lib/python3.6/site-packages/airflow/example_dags/example_skip_dag.py
[2022-07-30 22:27:00,877] {scheduler_job.py:639} INFO - DAG(s) dict_keys(['example_skip_dag']) retrieved from /home/airflow/.local/lib/python3.6/site-packages/airflow/example_dags/example_skip_dag.py
[2022-07-30 22:27:00,915] {logging_mixin.py:104} INFO - [2022-07-30 22:27:00,915] {dag.py:1824} INFO - Sync 1 DAGs
[2022-07-30 22:27:00,940] {logging_mixin.py:104} INFO - [2022-07-30 22:27:00,940] {dag.py:2280} INFO - Setting next_dagrun for example_skip_dag to 2022-07-28 00:00:00+00:00
[2022-07-30 22:27:00,958] {scheduler_job.py:190} INFO - Processing /home/airflow/.local/lib/python3.6/site-packages/airflow/example_dags/example_skip_dag.py took 0.108 seconds
[2022-07-30 22:27:31,358] {scheduler_job.py:182} INFO - Started process (PID=1673) to work on /home/airflow/.local/lib/python3.6/site-packages/airflow/example_dags/example_skip_dag.py
[2022-07-30 22:27:31,373] {scheduler_job.py:629} INFO - Processing file /home/airflow/.local/lib/python3.6/site-packages/airflow/example_dags/example_skip_dag.py for tasks to queue
[2022-07-30 22:27:31,379] {logging_mixin.py:104} INFO - [2022-07-30 22:27:31,379] {dagbag.py:451} INFO - Filling up the DagBag from /home/airflow/.local/lib/python3.6/site-packages/airflow/example_dags/example_skip_dag.py
[2022-07-30 22:27:31,407] {scheduler_job.py:639} INFO - DAG(s) dict_keys(['example_skip_dag']) retrieved from /home/airflow/.local/lib/python3.6/site-packages/airflow/example_dags/example_skip_dag.py
[2022-07-30 22:27:31,459] {logging_mixin.py:104} INFO - [2022-07-30 22:27:31,459] {dag.py:1824} INFO - Sync 1 DAGs
[2022-07-30 22:27:31,495] {logging_mixin.py:104} INFO - [2022-07-30 22:27:31,495] {dag.py:2280} INFO - Setting next_dagrun for example_skip_dag to 2022-07-28 00:00:00+00:00
[2022-07-30 22:27:31,530] {scheduler_job.py:190} INFO - Processing /home/airflow/.local/lib/python3.6/site-packages/airflow/example_dags/example_skip_dag.py took 0.181 seconds
[2022-07-30 22:28:01,968] {scheduler_job.py:182} INFO - Started process (PID=1699) to work on /home/airflow/.local/lib/python3.6/site-packages/airflow/example_dags/example_skip_dag.py
[2022-07-30 22:28:01,971] {scheduler_job.py:629} INFO - Processing file /home/airflow/.local/lib/python3.6/site-packages/airflow/example_dags/example_skip_dag.py for tasks to queue
[2022-07-30 22:28:01,973] {logging_mixin.py:104} INFO - [2022-07-30 22:28:01,973] {dagbag.py:451} INFO - Filling up the DagBag from /home/airflow/.local/lib/python3.6/site-packages/airflow/example_dags/example_skip_dag.py
[2022-07-30 22:28:02,018] {scheduler_job.py:639} INFO - DAG(s) dict_keys(['example_skip_dag']) retrieved from /home/airflow/.local/lib/python3.6/site-packages/airflow/example_dags/example_skip_dag.py
[2022-07-30 22:28:02,074] {logging_mixin.py:104} INFO - [2022-07-30 22:28:02,074] {dag.py:1824} INFO - Sync 1 DAGs
[2022-07-30 22:28:02,118] {logging_mixin.py:104} INFO - [2022-07-30 22:28:02,117] {dag.py:2280} INFO - Setting next_dagrun for example_skip_dag to 2022-07-28 00:00:00+00:00
[2022-07-30 22:28:02,164] {scheduler_job.py:190} INFO - Processing /home/airflow/.local/lib/python3.6/site-packages/airflow/example_dags/example_skip_dag.py took 0.200 seconds
[2022-07-30 22:28:32,633] {scheduler_job.py:182} INFO - Started process (PID=1725) to work on /home/airflow/.local/lib/python3.6/site-packages/airflow/example_dags/example_skip_dag.py
[2022-07-30 22:28:32,643] {scheduler_job.py:629} INFO - Processing file /home/airflow/.local/lib/python3.6/site-packages/airflow/example_dags/example_skip_dag.py for tasks to queue
[2022-07-30 22:28:32,649] {logging_mixin.py:104} INFO - [2022-07-30 22:28:32,648] {dagbag.py:451} INFO - Filling up the DagBag from /home/airflow/.local/lib/python3.6/site-packages/airflow/example_dags/example_skip_dag.py
[2022-07-30 22:28:32,688] {scheduler_job.py:639} INFO - DAG(s) dict_keys(['example_skip_dag']) retrieved from /home/airflow/.local/lib/python3.6/site-packages/airflow/example_dags/example_skip_dag.py
[2022-07-30 22:28:32,726] {logging_mixin.py:104} INFO - [2022-07-30 22:28:32,726] {dag.py:1824} INFO - Sync 1 DAGs
[2022-07-30 22:28:32,750] {logging_mixin.py:104} INFO - [2022-07-30 22:28:32,750] {dag.py:2280} INFO - Setting next_dagrun for example_skip_dag to 2022-07-28 00:00:00+00:00
[2022-07-30 22:28:32,766] {scheduler_job.py:190} INFO - Processing /home/airflow/.local/lib/python3.6/site-packages/airflow/example_dags/example_skip_dag.py took 0.151 seconds
[2022-07-30 22:29:03,543] {scheduler_job.py:182} INFO - Started process (PID=1751) to work on /home/airflow/.local/lib/python3.6/site-packages/airflow/example_dags/example_skip_dag.py
[2022-07-30 22:29:03,546] {scheduler_job.py:629} INFO - Processing file /home/airflow/.local/lib/python3.6/site-packages/airflow/example_dags/example_skip_dag.py for tasks to queue
[2022-07-30 22:29:03,548] {logging_mixin.py:104} INFO - [2022-07-30 22:29:03,548] {dagbag.py:451} INFO - Filling up the DagBag from /home/airflow/.local/lib/python3.6/site-packages/airflow/example_dags/example_skip_dag.py
[2022-07-30 22:29:03,606] {scheduler_job.py:639} INFO - DAG(s) dict_keys(['example_skip_dag']) retrieved from /home/airflow/.local/lib/python3.6/site-packages/airflow/example_dags/example_skip_dag.py
[2022-07-30 22:29:03,647] {logging_mixin.py:104} INFO - [2022-07-30 22:29:03,647] {dag.py:1824} INFO - Sync 1 DAGs
[2022-07-30 22:29:03,669] {logging_mixin.py:104} INFO - [2022-07-30 22:29:03,669] {dag.py:2280} INFO - Setting next_dagrun for example_skip_dag to 2022-07-28 00:00:00+00:00
[2022-07-30 22:29:03,685] {scheduler_job.py:190} INFO - Processing /home/airflow/.local/lib/python3.6/site-packages/airflow/example_dags/example_skip_dag.py took 0.148 seconds
[2022-07-30 22:29:34,342] {scheduler_job.py:182} INFO - Started process (PID=1777) to work on /home/airflow/.local/lib/python3.6/site-packages/airflow/example_dags/example_skip_dag.py
[2022-07-30 22:29:34,344] {scheduler_job.py:629} INFO - Processing file /home/airflow/.local/lib/python3.6/site-packages/airflow/example_dags/example_skip_dag.py for tasks to queue
[2022-07-30 22:29:34,346] {logging_mixin.py:104} INFO - [2022-07-30 22:29:34,345] {dagbag.py:451} INFO - Filling up the DagBag from /home/airflow/.local/lib/python3.6/site-packages/airflow/example_dags/example_skip_dag.py
[2022-07-30 22:29:34,362] {scheduler_job.py:639} INFO - DAG(s) dict_keys(['example_skip_dag']) retrieved from /home/airflow/.local/lib/python3.6/site-packages/airflow/example_dags/example_skip_dag.py
[2022-07-30 22:29:34,399] {logging_mixin.py:104} INFO - [2022-07-30 22:29:34,399] {dag.py:1824} INFO - Sync 1 DAGs
[2022-07-30 22:29:34,427] {logging_mixin.py:104} INFO - [2022-07-30 22:29:34,427] {dag.py:2280} INFO - Setting next_dagrun for example_skip_dag to 2022-07-28 00:00:00+00:00
[2022-07-30 22:29:34,446] {scheduler_job.py:190} INFO - Processing /home/airflow/.local/lib/python3.6/site-packages/airflow/example_dags/example_skip_dag.py took 0.109 seconds
[2022-07-30 22:30:05,105] {scheduler_job.py:182} INFO - Started process (PID=1803) to work on /home/airflow/.local/lib/python3.6/site-packages/airflow/example_dags/example_skip_dag.py
[2022-07-30 22:30:05,108] {scheduler_job.py:629} INFO - Processing file /home/airflow/.local/lib/python3.6/site-packages/airflow/example_dags/example_skip_dag.py for tasks to queue
[2022-07-30 22:30:05,111] {logging_mixin.py:104} INFO - [2022-07-30 22:30:05,110] {dagbag.py:451} INFO - Filling up the DagBag from /home/airflow/.local/lib/python3.6/site-packages/airflow/example_dags/example_skip_dag.py
[2022-07-30 22:30:05,142] {scheduler_job.py:639} INFO - DAG(s) dict_keys(['example_skip_dag']) retrieved from /home/airflow/.local/lib/python3.6/site-packages/airflow/example_dags/example_skip_dag.py
[2022-07-30 22:30:05,180] {logging_mixin.py:104} INFO - [2022-07-30 22:30:05,180] {dag.py:1824} INFO - Sync 1 DAGs
[2022-07-30 22:30:05,205] {logging_mixin.py:104} INFO - [2022-07-30 22:30:05,205] {dag.py:2280} INFO - Setting next_dagrun for example_skip_dag to 2022-07-28 00:00:00+00:00
[2022-07-30 22:30:05,231] {scheduler_job.py:190} INFO - Processing /home/airflow/.local/lib/python3.6/site-packages/airflow/example_dags/example_skip_dag.py took 0.139 seconds
[2022-07-30 22:30:35,922] {scheduler_job.py:182} INFO - Started process (PID=1829) to work on /home/airflow/.local/lib/python3.6/site-packages/airflow/example_dags/example_skip_dag.py
[2022-07-30 22:30:35,926] {scheduler_job.py:629} INFO - Processing file /home/airflow/.local/lib/python3.6/site-packages/airflow/example_dags/example_skip_dag.py for tasks to queue
[2022-07-30 22:30:35,928] {logging_mixin.py:104} INFO - [2022-07-30 22:30:35,928] {dagbag.py:451} INFO - Filling up the DagBag from /home/airflow/.local/lib/python3.6/site-packages/airflow/example_dags/example_skip_dag.py
[2022-07-30 22:30:35,962] {scheduler_job.py:639} INFO - DAG(s) dict_keys(['example_skip_dag']) retrieved from /home/airflow/.local/lib/python3.6/site-packages/airflow/example_dags/example_skip_dag.py
[2022-07-30 22:30:36,023] {logging_mixin.py:104} INFO - [2022-07-30 22:30:36,023] {dag.py:1824} INFO - Sync 1 DAGs
[2022-07-30 22:30:36,049] {logging_mixin.py:104} INFO - [2022-07-30 22:30:36,048] {dag.py:2280} INFO - Setting next_dagrun for example_skip_dag to 2022-07-28 00:00:00+00:00
[2022-07-30 22:30:36,071] {scheduler_job.py:190} INFO - Processing /home/airflow/.local/lib/python3.6/site-packages/airflow/example_dags/example_skip_dag.py took 0.156 seconds
[2022-07-30 22:31:07,051] {scheduler_job.py:182} INFO - Started process (PID=1855) to work on /home/airflow/.local/lib/python3.6/site-packages/airflow/example_dags/example_skip_dag.py
[2022-07-30 22:31:07,054] {scheduler_job.py:629} INFO - Processing file /home/airflow/.local/lib/python3.6/site-packages/airflow/example_dags/example_skip_dag.py for tasks to queue
[2022-07-30 22:31:07,055] {logging_mixin.py:104} INFO - [2022-07-30 22:31:07,055] {dagbag.py:451} INFO - Filling up the DagBag from /home/airflow/.local/lib/python3.6/site-packages/airflow/example_dags/example_skip_dag.py
[2022-07-30 22:31:07,073] {scheduler_job.py:639} INFO - DAG(s) dict_keys(['example_skip_dag']) retrieved from /home/airflow/.local/lib/python3.6/site-packages/airflow/example_dags/example_skip_dag.py
[2022-07-30 22:31:07,106] {logging_mixin.py:104} INFO - [2022-07-30 22:31:07,106] {dag.py:1824} INFO - Sync 1 DAGs
[2022-07-30 22:31:07,131] {logging_mixin.py:104} INFO - [2022-07-30 22:31:07,131] {dag.py:2280} INFO - Setting next_dagrun for example_skip_dag to 2022-07-28 00:00:00+00:00
[2022-07-30 22:31:07,149] {scheduler_job.py:190} INFO - Processing /home/airflow/.local/lib/python3.6/site-packages/airflow/example_dags/example_skip_dag.py took 0.103 seconds
[2022-07-30 22:31:37,398] {scheduler_job.py:182} INFO - Started process (PID=1881) to work on /home/airflow/.local/lib/python3.6/site-packages/airflow/example_dags/example_skip_dag.py
[2022-07-30 22:31:37,410] {scheduler_job.py:629} INFO - Processing file /home/airflow/.local/lib/python3.6/site-packages/airflow/example_dags/example_skip_dag.py for tasks to queue
[2022-07-30 22:31:37,419] {logging_mixin.py:104} INFO - [2022-07-30 22:31:37,419] {dagbag.py:451} INFO - Filling up the DagBag from /home/airflow/.local/lib/python3.6/site-packages/airflow/example_dags/example_skip_dag.py
[2022-07-30 22:31:37,454] {scheduler_job.py:639} INFO - DAG(s) dict_keys(['example_skip_dag']) retrieved from /home/airflow/.local/lib/python3.6/site-packages/airflow/example_dags/example_skip_dag.py
[2022-07-30 22:31:37,507] {logging_mixin.py:104} INFO - [2022-07-30 22:31:37,507] {dag.py:1824} INFO - Sync 1 DAGs
[2022-07-30 22:31:37,551] {logging_mixin.py:104} INFO - [2022-07-30 22:31:37,551] {dag.py:2280} INFO - Setting next_dagrun for example_skip_dag to 2022-07-28 00:00:00+00:00
[2022-07-30 22:31:37,578] {scheduler_job.py:190} INFO - Processing /home/airflow/.local/lib/python3.6/site-packages/airflow/example_dags/example_skip_dag.py took 0.194 seconds
[2022-07-30 22:34:33,331] {scheduler_job.py:182} INFO - Started process (PID=45) to work on /home/airflow/.local/lib/python3.6/site-packages/airflow/example_dags/example_skip_dag.py
[2022-07-30 22:34:33,347] {scheduler_job.py:629} INFO - Processing file /home/airflow/.local/lib/python3.6/site-packages/airflow/example_dags/example_skip_dag.py for tasks to queue
[2022-07-30 22:34:33,349] {logging_mixin.py:104} INFO - [2022-07-30 22:34:33,348] {dagbag.py:451} INFO - Filling up the DagBag from /home/airflow/.local/lib/python3.6/site-packages/airflow/example_dags/example_skip_dag.py
[2022-07-30 22:34:33,377] {scheduler_job.py:639} INFO - DAG(s) dict_keys(['example_skip_dag']) retrieved from /home/airflow/.local/lib/python3.6/site-packages/airflow/example_dags/example_skip_dag.py
[2022-07-30 22:34:33,474] {logging_mixin.py:104} INFO - [2022-07-30 22:34:33,473] {dag.py:1824} INFO - Sync 1 DAGs
[2022-07-30 22:34:33,615] {logging_mixin.py:104} INFO - [2022-07-30 22:34:33,615] {dag.py:2280} INFO - Setting next_dagrun for example_skip_dag to 2022-07-28 00:00:00+00:00
[2022-07-30 22:34:33,688] {scheduler_job.py:190} INFO - Processing /home/airflow/.local/lib/python3.6/site-packages/airflow/example_dags/example_skip_dag.py took 0.366 seconds
