[2022-07-30 21:55:20,350] {scheduler_job.py:182} INFO - Started process (PID=37) to work on /home/airflow/.local/lib/python3.6/site-packages/airflow/example_dags/tutorial_etl_dag.py
[2022-07-30 21:55:20,356] {scheduler_job.py:629} INFO - Processing file /home/airflow/.local/lib/python3.6/site-packages/airflow/example_dags/tutorial_etl_dag.py for tasks to queue
[2022-07-30 21:55:20,358] {logging_mixin.py:104} INFO - [2022-07-30 21:55:20,358] {dagbag.py:451} INFO - Filling up the DagBag from /home/airflow/.local/lib/python3.6/site-packages/airflow/example_dags/tutorial_etl_dag.py
[2022-07-30 21:55:20,395] {scheduler_job.py:639} INFO - DAG(s) dict_keys(['tutorial_etl_dag']) retrieved from /home/airflow/.local/lib/python3.6/site-packages/airflow/example_dags/tutorial_etl_dag.py
[2022-07-30 21:55:20,523] {logging_mixin.py:104} INFO - [2022-07-30 21:55:20,523] {dag.py:1824} INFO - Sync 1 DAGs
[2022-07-30 21:55:20,597] {logging_mixin.py:104} INFO - [2022-07-30 21:55:20,597] {dag.py:1843} INFO - Creating ORM DAG for tutorial_etl_dag
[2022-07-30 21:55:20,628] {logging_mixin.py:104} INFO - [2022-07-30 21:55:20,628] {dag.py:2280} INFO - Setting next_dagrun for tutorial_etl_dag to None
[2022-07-30 21:55:20,774] {scheduler_job.py:190} INFO - Processing /home/airflow/.local/lib/python3.6/site-packages/airflow/example_dags/tutorial_etl_dag.py took 0.429 seconds
[2022-07-30 21:55:51,617] {scheduler_job.py:182} INFO - Started process (PID=63) to work on /home/airflow/.local/lib/python3.6/site-packages/airflow/example_dags/tutorial_etl_dag.py
[2022-07-30 21:55:51,621] {scheduler_job.py:629} INFO - Processing file /home/airflow/.local/lib/python3.6/site-packages/airflow/example_dags/tutorial_etl_dag.py for tasks to queue
[2022-07-30 21:55:51,623] {logging_mixin.py:104} INFO - [2022-07-30 21:55:51,623] {dagbag.py:451} INFO - Filling up the DagBag from /home/airflow/.local/lib/python3.6/site-packages/airflow/example_dags/tutorial_etl_dag.py
[2022-07-30 21:55:51,654] {scheduler_job.py:639} INFO - DAG(s) dict_keys(['tutorial_etl_dag']) retrieved from /home/airflow/.local/lib/python3.6/site-packages/airflow/example_dags/tutorial_etl_dag.py
[2022-07-30 21:55:51,725] {logging_mixin.py:104} INFO - [2022-07-30 21:55:51,725] {dag.py:1824} INFO - Sync 1 DAGs
[2022-07-30 21:55:51,773] {logging_mixin.py:104} INFO - [2022-07-30 21:55:51,773] {dag.py:2280} INFO - Setting next_dagrun for tutorial_etl_dag to None
[2022-07-30 21:55:51,831] {scheduler_job.py:190} INFO - Processing /home/airflow/.local/lib/python3.6/site-packages/airflow/example_dags/tutorial_etl_dag.py took 0.222 seconds
[2022-07-30 21:56:22,012] {scheduler_job.py:182} INFO - Started process (PID=89) to work on /home/airflow/.local/lib/python3.6/site-packages/airflow/example_dags/tutorial_etl_dag.py
[2022-07-30 21:56:22,015] {scheduler_job.py:629} INFO - Processing file /home/airflow/.local/lib/python3.6/site-packages/airflow/example_dags/tutorial_etl_dag.py for tasks to queue
[2022-07-30 21:56:22,017] {logging_mixin.py:104} INFO - [2022-07-30 21:56:22,017] {dagbag.py:451} INFO - Filling up the DagBag from /home/airflow/.local/lib/python3.6/site-packages/airflow/example_dags/tutorial_etl_dag.py
[2022-07-30 21:56:22,041] {scheduler_job.py:639} INFO - DAG(s) dict_keys(['tutorial_etl_dag']) retrieved from /home/airflow/.local/lib/python3.6/site-packages/airflow/example_dags/tutorial_etl_dag.py
[2022-07-30 21:56:22,077] {logging_mixin.py:104} INFO - [2022-07-30 21:56:22,076] {dag.py:1824} INFO - Sync 1 DAGs
[2022-07-30 21:56:22,110] {logging_mixin.py:104} INFO - [2022-07-30 21:56:22,109] {dag.py:2280} INFO - Setting next_dagrun for tutorial_etl_dag to None
[2022-07-30 21:56:22,126] {scheduler_job.py:190} INFO - Processing /home/airflow/.local/lib/python3.6/site-packages/airflow/example_dags/tutorial_etl_dag.py took 0.119 seconds
[2022-07-30 21:56:52,977] {scheduler_job.py:182} INFO - Started process (PID=115) to work on /home/airflow/.local/lib/python3.6/site-packages/airflow/example_dags/tutorial_etl_dag.py
[2022-07-30 21:56:52,979] {scheduler_job.py:629} INFO - Processing file /home/airflow/.local/lib/python3.6/site-packages/airflow/example_dags/tutorial_etl_dag.py for tasks to queue
[2022-07-30 21:56:52,981] {logging_mixin.py:104} INFO - [2022-07-30 21:56:52,980] {dagbag.py:451} INFO - Filling up the DagBag from /home/airflow/.local/lib/python3.6/site-packages/airflow/example_dags/tutorial_etl_dag.py
[2022-07-30 21:56:53,003] {scheduler_job.py:639} INFO - DAG(s) dict_keys(['tutorial_etl_dag']) retrieved from /home/airflow/.local/lib/python3.6/site-packages/airflow/example_dags/tutorial_etl_dag.py
[2022-07-30 21:56:53,042] {logging_mixin.py:104} INFO - [2022-07-30 21:56:53,042] {dag.py:1824} INFO - Sync 1 DAGs
[2022-07-30 21:56:53,069] {logging_mixin.py:104} INFO - [2022-07-30 21:56:53,069] {dag.py:2280} INFO - Setting next_dagrun for tutorial_etl_dag to None
[2022-07-30 21:56:53,090] {scheduler_job.py:190} INFO - Processing /home/airflow/.local/lib/python3.6/site-packages/airflow/example_dags/tutorial_etl_dag.py took 0.118 seconds
[2022-07-30 21:57:23,481] {scheduler_job.py:182} INFO - Started process (PID=141) to work on /home/airflow/.local/lib/python3.6/site-packages/airflow/example_dags/tutorial_etl_dag.py
[2022-07-30 21:57:23,484] {scheduler_job.py:629} INFO - Processing file /home/airflow/.local/lib/python3.6/site-packages/airflow/example_dags/tutorial_etl_dag.py for tasks to queue
[2022-07-30 21:57:23,486] {logging_mixin.py:104} INFO - [2022-07-30 21:57:23,485] {dagbag.py:451} INFO - Filling up the DagBag from /home/airflow/.local/lib/python3.6/site-packages/airflow/example_dags/tutorial_etl_dag.py
[2022-07-30 21:57:23,519] {scheduler_job.py:639} INFO - DAG(s) dict_keys(['tutorial_etl_dag']) retrieved from /home/airflow/.local/lib/python3.6/site-packages/airflow/example_dags/tutorial_etl_dag.py
[2022-07-30 21:57:23,560] {logging_mixin.py:104} INFO - [2022-07-30 21:57:23,560] {dag.py:1824} INFO - Sync 1 DAGs
[2022-07-30 21:57:23,604] {logging_mixin.py:104} INFO - [2022-07-30 21:57:23,604] {dag.py:2280} INFO - Setting next_dagrun for tutorial_etl_dag to None
[2022-07-30 21:57:23,621] {scheduler_job.py:190} INFO - Processing /home/airflow/.local/lib/python3.6/site-packages/airflow/example_dags/tutorial_etl_dag.py took 0.149 seconds
[2022-07-30 21:57:53,674] {scheduler_job.py:182} INFO - Started process (PID=167) to work on /home/airflow/.local/lib/python3.6/site-packages/airflow/example_dags/tutorial_etl_dag.py
[2022-07-30 21:57:53,680] {scheduler_job.py:629} INFO - Processing file /home/airflow/.local/lib/python3.6/site-packages/airflow/example_dags/tutorial_etl_dag.py for tasks to queue
[2022-07-30 21:57:53,682] {logging_mixin.py:104} INFO - [2022-07-30 21:57:53,681] {dagbag.py:451} INFO - Filling up the DagBag from /home/airflow/.local/lib/python3.6/site-packages/airflow/example_dags/tutorial_etl_dag.py
[2022-07-30 21:57:53,709] {scheduler_job.py:639} INFO - DAG(s) dict_keys(['tutorial_etl_dag']) retrieved from /home/airflow/.local/lib/python3.6/site-packages/airflow/example_dags/tutorial_etl_dag.py
[2022-07-30 21:57:53,747] {logging_mixin.py:104} INFO - [2022-07-30 21:57:53,747] {dag.py:1824} INFO - Sync 1 DAGs
[2022-07-30 21:57:53,778] {logging_mixin.py:104} INFO - [2022-07-30 21:57:53,778] {dag.py:2280} INFO - Setting next_dagrun for tutorial_etl_dag to None
[2022-07-30 21:57:53,794] {scheduler_job.py:190} INFO - Processing /home/airflow/.local/lib/python3.6/site-packages/airflow/example_dags/tutorial_etl_dag.py took 0.127 seconds
[2022-07-30 21:58:24,733] {scheduler_job.py:182} INFO - Started process (PID=193) to work on /home/airflow/.local/lib/python3.6/site-packages/airflow/example_dags/tutorial_etl_dag.py
[2022-07-30 21:58:24,737] {scheduler_job.py:629} INFO - Processing file /home/airflow/.local/lib/python3.6/site-packages/airflow/example_dags/tutorial_etl_dag.py for tasks to queue
[2022-07-30 21:58:24,739] {logging_mixin.py:104} INFO - [2022-07-30 21:58:24,738] {dagbag.py:451} INFO - Filling up the DagBag from /home/airflow/.local/lib/python3.6/site-packages/airflow/example_dags/tutorial_etl_dag.py
[2022-07-30 21:58:24,763] {scheduler_job.py:639} INFO - DAG(s) dict_keys(['tutorial_etl_dag']) retrieved from /home/airflow/.local/lib/python3.6/site-packages/airflow/example_dags/tutorial_etl_dag.py
[2022-07-30 21:58:24,817] {logging_mixin.py:104} INFO - [2022-07-30 21:58:24,816] {dag.py:1824} INFO - Sync 1 DAGs
[2022-07-30 21:58:24,866] {logging_mixin.py:104} INFO - [2022-07-30 21:58:24,865] {dag.py:2280} INFO - Setting next_dagrun for tutorial_etl_dag to None
[2022-07-30 21:58:24,901] {scheduler_job.py:190} INFO - Processing /home/airflow/.local/lib/python3.6/site-packages/airflow/example_dags/tutorial_etl_dag.py took 0.173 seconds
[2022-07-30 21:58:55,300] {scheduler_job.py:182} INFO - Started process (PID=219) to work on /home/airflow/.local/lib/python3.6/site-packages/airflow/example_dags/tutorial_etl_dag.py
[2022-07-30 21:58:55,304] {scheduler_job.py:629} INFO - Processing file /home/airflow/.local/lib/python3.6/site-packages/airflow/example_dags/tutorial_etl_dag.py for tasks to queue
[2022-07-30 21:58:55,305] {logging_mixin.py:104} INFO - [2022-07-30 21:58:55,305] {dagbag.py:451} INFO - Filling up the DagBag from /home/airflow/.local/lib/python3.6/site-packages/airflow/example_dags/tutorial_etl_dag.py
[2022-07-30 21:58:55,330] {scheduler_job.py:639} INFO - DAG(s) dict_keys(['tutorial_etl_dag']) retrieved from /home/airflow/.local/lib/python3.6/site-packages/airflow/example_dags/tutorial_etl_dag.py
[2022-07-30 21:58:55,414] {logging_mixin.py:104} INFO - [2022-07-30 21:58:55,414] {dag.py:1824} INFO - Sync 1 DAGs
[2022-07-30 21:58:55,441] {logging_mixin.py:104} INFO - [2022-07-30 21:58:55,441] {dag.py:2280} INFO - Setting next_dagrun for tutorial_etl_dag to None
[2022-07-30 21:58:55,464] {scheduler_job.py:190} INFO - Processing /home/airflow/.local/lib/python3.6/site-packages/airflow/example_dags/tutorial_etl_dag.py took 0.169 seconds
[2022-07-30 21:59:25,801] {scheduler_job.py:182} INFO - Started process (PID=245) to work on /home/airflow/.local/lib/python3.6/site-packages/airflow/example_dags/tutorial_etl_dag.py
[2022-07-30 21:59:25,803] {scheduler_job.py:629} INFO - Processing file /home/airflow/.local/lib/python3.6/site-packages/airflow/example_dags/tutorial_etl_dag.py for tasks to queue
[2022-07-30 21:59:25,805] {logging_mixin.py:104} INFO - [2022-07-30 21:59:25,805] {dagbag.py:451} INFO - Filling up the DagBag from /home/airflow/.local/lib/python3.6/site-packages/airflow/example_dags/tutorial_etl_dag.py
[2022-07-30 21:59:25,827] {scheduler_job.py:639} INFO - DAG(s) dict_keys(['tutorial_etl_dag']) retrieved from /home/airflow/.local/lib/python3.6/site-packages/airflow/example_dags/tutorial_etl_dag.py
[2022-07-30 21:59:25,865] {logging_mixin.py:104} INFO - [2022-07-30 21:59:25,865] {dag.py:1824} INFO - Sync 1 DAGs
[2022-07-30 21:59:25,888] {logging_mixin.py:104} INFO - [2022-07-30 21:59:25,888] {dag.py:2280} INFO - Setting next_dagrun for tutorial_etl_dag to None
[2022-07-30 21:59:25,901] {scheduler_job.py:190} INFO - Processing /home/airflow/.local/lib/python3.6/site-packages/airflow/example_dags/tutorial_etl_dag.py took 0.104 seconds
[2022-07-30 21:59:56,512] {scheduler_job.py:182} INFO - Started process (PID=271) to work on /home/airflow/.local/lib/python3.6/site-packages/airflow/example_dags/tutorial_etl_dag.py
[2022-07-30 21:59:56,514] {scheduler_job.py:629} INFO - Processing file /home/airflow/.local/lib/python3.6/site-packages/airflow/example_dags/tutorial_etl_dag.py for tasks to queue
[2022-07-30 21:59:56,516] {logging_mixin.py:104} INFO - [2022-07-30 21:59:56,516] {dagbag.py:451} INFO - Filling up the DagBag from /home/airflow/.local/lib/python3.6/site-packages/airflow/example_dags/tutorial_etl_dag.py
[2022-07-30 21:59:56,539] {scheduler_job.py:639} INFO - DAG(s) dict_keys(['tutorial_etl_dag']) retrieved from /home/airflow/.local/lib/python3.6/site-packages/airflow/example_dags/tutorial_etl_dag.py
[2022-07-30 21:59:56,583] {logging_mixin.py:104} INFO - [2022-07-30 21:59:56,583] {dag.py:1824} INFO - Sync 1 DAGs
[2022-07-30 21:59:56,611] {logging_mixin.py:104} INFO - [2022-07-30 21:59:56,611] {dag.py:2280} INFO - Setting next_dagrun for tutorial_etl_dag to None
[2022-07-30 21:59:56,626] {scheduler_job.py:190} INFO - Processing /home/airflow/.local/lib/python3.6/site-packages/airflow/example_dags/tutorial_etl_dag.py took 0.121 seconds
[2022-07-30 22:00:27,351] {scheduler_job.py:182} INFO - Started process (PID=297) to work on /home/airflow/.local/lib/python3.6/site-packages/airflow/example_dags/tutorial_etl_dag.py
[2022-07-30 22:00:27,354] {scheduler_job.py:629} INFO - Processing file /home/airflow/.local/lib/python3.6/site-packages/airflow/example_dags/tutorial_etl_dag.py for tasks to queue
[2022-07-30 22:00:27,357] {logging_mixin.py:104} INFO - [2022-07-30 22:00:27,357] {dagbag.py:451} INFO - Filling up the DagBag from /home/airflow/.local/lib/python3.6/site-packages/airflow/example_dags/tutorial_etl_dag.py
[2022-07-30 22:00:27,391] {scheduler_job.py:639} INFO - DAG(s) dict_keys(['tutorial_etl_dag']) retrieved from /home/airflow/.local/lib/python3.6/site-packages/airflow/example_dags/tutorial_etl_dag.py
[2022-07-30 22:00:27,435] {logging_mixin.py:104} INFO - [2022-07-30 22:00:27,435] {dag.py:1824} INFO - Sync 1 DAGs
[2022-07-30 22:00:27,466] {logging_mixin.py:104} INFO - [2022-07-30 22:00:27,466] {dag.py:2280} INFO - Setting next_dagrun for tutorial_etl_dag to None
[2022-07-30 22:00:27,482] {scheduler_job.py:190} INFO - Processing /home/airflow/.local/lib/python3.6/site-packages/airflow/example_dags/tutorial_etl_dag.py took 0.137 seconds
[2022-07-30 22:00:58,039] {scheduler_job.py:182} INFO - Started process (PID=323) to work on /home/airflow/.local/lib/python3.6/site-packages/airflow/example_dags/tutorial_etl_dag.py
[2022-07-30 22:00:58,043] {scheduler_job.py:629} INFO - Processing file /home/airflow/.local/lib/python3.6/site-packages/airflow/example_dags/tutorial_etl_dag.py for tasks to queue
[2022-07-30 22:00:58,045] {logging_mixin.py:104} INFO - [2022-07-30 22:00:58,045] {dagbag.py:451} INFO - Filling up the DagBag from /home/airflow/.local/lib/python3.6/site-packages/airflow/example_dags/tutorial_etl_dag.py
[2022-07-30 22:00:58,093] {scheduler_job.py:639} INFO - DAG(s) dict_keys(['tutorial_etl_dag']) retrieved from /home/airflow/.local/lib/python3.6/site-packages/airflow/example_dags/tutorial_etl_dag.py
[2022-07-30 22:00:58,159] {logging_mixin.py:104} INFO - [2022-07-30 22:00:58,159] {dag.py:1824} INFO - Sync 1 DAGs
[2022-07-30 22:00:58,201] {logging_mixin.py:104} INFO - [2022-07-30 22:00:58,201] {dag.py:2280} INFO - Setting next_dagrun for tutorial_etl_dag to None
[2022-07-30 22:00:58,244] {scheduler_job.py:190} INFO - Processing /home/airflow/.local/lib/python3.6/site-packages/airflow/example_dags/tutorial_etl_dag.py took 0.214 seconds
[2022-07-30 22:01:28,409] {scheduler_job.py:182} INFO - Started process (PID=349) to work on /home/airflow/.local/lib/python3.6/site-packages/airflow/example_dags/tutorial_etl_dag.py
[2022-07-30 22:01:28,411] {scheduler_job.py:629} INFO - Processing file /home/airflow/.local/lib/python3.6/site-packages/airflow/example_dags/tutorial_etl_dag.py for tasks to queue
[2022-07-30 22:01:28,413] {logging_mixin.py:104} INFO - [2022-07-30 22:01:28,412] {dagbag.py:451} INFO - Filling up the DagBag from /home/airflow/.local/lib/python3.6/site-packages/airflow/example_dags/tutorial_etl_dag.py
[2022-07-30 22:01:28,445] {scheduler_job.py:639} INFO - DAG(s) dict_keys(['tutorial_etl_dag']) retrieved from /home/airflow/.local/lib/python3.6/site-packages/airflow/example_dags/tutorial_etl_dag.py
[2022-07-30 22:01:28,488] {logging_mixin.py:104} INFO - [2022-07-30 22:01:28,488] {dag.py:1824} INFO - Sync 1 DAGs
[2022-07-30 22:01:28,524] {logging_mixin.py:104} INFO - [2022-07-30 22:01:28,524] {dag.py:2280} INFO - Setting next_dagrun for tutorial_etl_dag to None
[2022-07-30 22:01:28,543] {scheduler_job.py:190} INFO - Processing /home/airflow/.local/lib/python3.6/site-packages/airflow/example_dags/tutorial_etl_dag.py took 0.139 seconds
[2022-07-30 22:01:59,516] {scheduler_job.py:182} INFO - Started process (PID=375) to work on /home/airflow/.local/lib/python3.6/site-packages/airflow/example_dags/tutorial_etl_dag.py
[2022-07-30 22:01:59,519] {scheduler_job.py:629} INFO - Processing file /home/airflow/.local/lib/python3.6/site-packages/airflow/example_dags/tutorial_etl_dag.py for tasks to queue
[2022-07-30 22:01:59,521] {logging_mixin.py:104} INFO - [2022-07-30 22:01:59,520] {dagbag.py:451} INFO - Filling up the DagBag from /home/airflow/.local/lib/python3.6/site-packages/airflow/example_dags/tutorial_etl_dag.py
[2022-07-30 22:01:59,559] {scheduler_job.py:639} INFO - DAG(s) dict_keys(['tutorial_etl_dag']) retrieved from /home/airflow/.local/lib/python3.6/site-packages/airflow/example_dags/tutorial_etl_dag.py
[2022-07-30 22:01:59,623] {logging_mixin.py:104} INFO - [2022-07-30 22:01:59,623] {dag.py:1824} INFO - Sync 1 DAGs
[2022-07-30 22:01:59,652] {logging_mixin.py:104} INFO - [2022-07-30 22:01:59,652] {dag.py:2280} INFO - Setting next_dagrun for tutorial_etl_dag to None
[2022-07-30 22:01:59,667] {scheduler_job.py:190} INFO - Processing /home/airflow/.local/lib/python3.6/site-packages/airflow/example_dags/tutorial_etl_dag.py took 0.157 seconds
[2022-07-30 22:02:30,558] {scheduler_job.py:182} INFO - Started process (PID=401) to work on /home/airflow/.local/lib/python3.6/site-packages/airflow/example_dags/tutorial_etl_dag.py
[2022-07-30 22:02:30,569] {scheduler_job.py:629} INFO - Processing file /home/airflow/.local/lib/python3.6/site-packages/airflow/example_dags/tutorial_etl_dag.py for tasks to queue
[2022-07-30 22:02:30,570] {logging_mixin.py:104} INFO - [2022-07-30 22:02:30,570] {dagbag.py:451} INFO - Filling up the DagBag from /home/airflow/.local/lib/python3.6/site-packages/airflow/example_dags/tutorial_etl_dag.py
[2022-07-30 22:02:30,592] {scheduler_job.py:639} INFO - DAG(s) dict_keys(['tutorial_etl_dag']) retrieved from /home/airflow/.local/lib/python3.6/site-packages/airflow/example_dags/tutorial_etl_dag.py
[2022-07-30 22:02:30,627] {logging_mixin.py:104} INFO - [2022-07-30 22:02:30,627] {dag.py:1824} INFO - Sync 1 DAGs
[2022-07-30 22:02:30,652] {logging_mixin.py:104} INFO - [2022-07-30 22:02:30,651] {dag.py:2280} INFO - Setting next_dagrun for tutorial_etl_dag to None
[2022-07-30 22:02:30,671] {scheduler_job.py:190} INFO - Processing /home/airflow/.local/lib/python3.6/site-packages/airflow/example_dags/tutorial_etl_dag.py took 0.117 seconds
[2022-07-30 22:03:00,800] {scheduler_job.py:182} INFO - Started process (PID=427) to work on /home/airflow/.local/lib/python3.6/site-packages/airflow/example_dags/tutorial_etl_dag.py
[2022-07-30 22:03:00,811] {scheduler_job.py:629} INFO - Processing file /home/airflow/.local/lib/python3.6/site-packages/airflow/example_dags/tutorial_etl_dag.py for tasks to queue
[2022-07-30 22:03:00,819] {logging_mixin.py:104} INFO - [2022-07-30 22:03:00,818] {dagbag.py:451} INFO - Filling up the DagBag from /home/airflow/.local/lib/python3.6/site-packages/airflow/example_dags/tutorial_etl_dag.py
[2022-07-30 22:03:00,860] {scheduler_job.py:639} INFO - DAG(s) dict_keys(['tutorial_etl_dag']) retrieved from /home/airflow/.local/lib/python3.6/site-packages/airflow/example_dags/tutorial_etl_dag.py
[2022-07-30 22:03:00,929] {logging_mixin.py:104} INFO - [2022-07-30 22:03:00,929] {dag.py:1824} INFO - Sync 1 DAGs
[2022-07-30 22:03:00,976] {logging_mixin.py:104} INFO - [2022-07-30 22:03:00,976] {dag.py:2280} INFO - Setting next_dagrun for tutorial_etl_dag to None
[2022-07-30 22:03:01,036] {scheduler_job.py:190} INFO - Processing /home/airflow/.local/lib/python3.6/site-packages/airflow/example_dags/tutorial_etl_dag.py took 0.254 seconds
[2022-07-30 22:03:31,864] {scheduler_job.py:182} INFO - Started process (PID=453) to work on /home/airflow/.local/lib/python3.6/site-packages/airflow/example_dags/tutorial_etl_dag.py
[2022-07-30 22:03:31,866] {scheduler_job.py:629} INFO - Processing file /home/airflow/.local/lib/python3.6/site-packages/airflow/example_dags/tutorial_etl_dag.py for tasks to queue
[2022-07-30 22:03:31,868] {logging_mixin.py:104} INFO - [2022-07-30 22:03:31,868] {dagbag.py:451} INFO - Filling up the DagBag from /home/airflow/.local/lib/python3.6/site-packages/airflow/example_dags/tutorial_etl_dag.py
[2022-07-30 22:03:31,890] {scheduler_job.py:639} INFO - DAG(s) dict_keys(['tutorial_etl_dag']) retrieved from /home/airflow/.local/lib/python3.6/site-packages/airflow/example_dags/tutorial_etl_dag.py
[2022-07-30 22:03:31,953] {logging_mixin.py:104} INFO - [2022-07-30 22:03:31,953] {dag.py:1824} INFO - Sync 1 DAGs
[2022-07-30 22:03:32,021] {logging_mixin.py:104} INFO - [2022-07-30 22:03:32,021] {dag.py:2280} INFO - Setting next_dagrun for tutorial_etl_dag to None
[2022-07-30 22:03:32,073] {scheduler_job.py:190} INFO - Processing /home/airflow/.local/lib/python3.6/site-packages/airflow/example_dags/tutorial_etl_dag.py took 0.215 seconds
[2022-07-30 22:04:03,177] {scheduler_job.py:182} INFO - Started process (PID=479) to work on /home/airflow/.local/lib/python3.6/site-packages/airflow/example_dags/tutorial_etl_dag.py
[2022-07-30 22:04:03,180] {scheduler_job.py:629} INFO - Processing file /home/airflow/.local/lib/python3.6/site-packages/airflow/example_dags/tutorial_etl_dag.py for tasks to queue
[2022-07-30 22:04:03,189] {logging_mixin.py:104} INFO - [2022-07-30 22:04:03,188] {dagbag.py:451} INFO - Filling up the DagBag from /home/airflow/.local/lib/python3.6/site-packages/airflow/example_dags/tutorial_etl_dag.py
[2022-07-30 22:04:03,220] {scheduler_job.py:639} INFO - DAG(s) dict_keys(['tutorial_etl_dag']) retrieved from /home/airflow/.local/lib/python3.6/site-packages/airflow/example_dags/tutorial_etl_dag.py
[2022-07-30 22:04:03,308] {logging_mixin.py:104} INFO - [2022-07-30 22:04:03,308] {dag.py:1824} INFO - Sync 1 DAGs
[2022-07-30 22:04:03,374] {logging_mixin.py:104} INFO - [2022-07-30 22:04:03,374] {dag.py:2280} INFO - Setting next_dagrun for tutorial_etl_dag to None
[2022-07-30 22:04:03,408] {scheduler_job.py:190} INFO - Processing /home/airflow/.local/lib/python3.6/site-packages/airflow/example_dags/tutorial_etl_dag.py took 0.237 seconds
[2022-07-30 22:04:33,853] {scheduler_job.py:182} INFO - Started process (PID=505) to work on /home/airflow/.local/lib/python3.6/site-packages/airflow/example_dags/tutorial_etl_dag.py
[2022-07-30 22:04:33,855] {scheduler_job.py:629} INFO - Processing file /home/airflow/.local/lib/python3.6/site-packages/airflow/example_dags/tutorial_etl_dag.py for tasks to queue
[2022-07-30 22:04:33,858] {logging_mixin.py:104} INFO - [2022-07-30 22:04:33,857] {dagbag.py:451} INFO - Filling up the DagBag from /home/airflow/.local/lib/python3.6/site-packages/airflow/example_dags/tutorial_etl_dag.py
[2022-07-30 22:04:33,880] {scheduler_job.py:639} INFO - DAG(s) dict_keys(['tutorial_etl_dag']) retrieved from /home/airflow/.local/lib/python3.6/site-packages/airflow/example_dags/tutorial_etl_dag.py
[2022-07-30 22:04:33,920] {logging_mixin.py:104} INFO - [2022-07-30 22:04:33,920] {dag.py:1824} INFO - Sync 1 DAGs
[2022-07-30 22:04:33,948] {logging_mixin.py:104} INFO - [2022-07-30 22:04:33,948] {dag.py:2280} INFO - Setting next_dagrun for tutorial_etl_dag to None
[2022-07-30 22:04:33,965] {scheduler_job.py:190} INFO - Processing /home/airflow/.local/lib/python3.6/site-packages/airflow/example_dags/tutorial_etl_dag.py took 0.119 seconds
[2022-07-30 22:05:05,068] {scheduler_job.py:182} INFO - Started process (PID=531) to work on /home/airflow/.local/lib/python3.6/site-packages/airflow/example_dags/tutorial_etl_dag.py
[2022-07-30 22:05:05,071] {scheduler_job.py:629} INFO - Processing file /home/airflow/.local/lib/python3.6/site-packages/airflow/example_dags/tutorial_etl_dag.py for tasks to queue
[2022-07-30 22:05:05,076] {logging_mixin.py:104} INFO - [2022-07-30 22:05:05,075] {dagbag.py:451} INFO - Filling up the DagBag from /home/airflow/.local/lib/python3.6/site-packages/airflow/example_dags/tutorial_etl_dag.py
[2022-07-30 22:05:05,108] {scheduler_job.py:639} INFO - DAG(s) dict_keys(['tutorial_etl_dag']) retrieved from /home/airflow/.local/lib/python3.6/site-packages/airflow/example_dags/tutorial_etl_dag.py
[2022-07-30 22:05:05,164] {logging_mixin.py:104} INFO - [2022-07-30 22:05:05,164] {dag.py:1824} INFO - Sync 1 DAGs
[2022-07-30 22:05:05,210] {logging_mixin.py:104} INFO - [2022-07-30 22:05:05,210] {dag.py:2280} INFO - Setting next_dagrun for tutorial_etl_dag to None
[2022-07-30 22:05:05,234] {scheduler_job.py:190} INFO - Processing /home/airflow/.local/lib/python3.6/site-packages/airflow/example_dags/tutorial_etl_dag.py took 0.174 seconds
[2022-07-30 22:05:36,258] {scheduler_job.py:182} INFO - Started process (PID=557) to work on /home/airflow/.local/lib/python3.6/site-packages/airflow/example_dags/tutorial_etl_dag.py
[2022-07-30 22:05:36,261] {scheduler_job.py:629} INFO - Processing file /home/airflow/.local/lib/python3.6/site-packages/airflow/example_dags/tutorial_etl_dag.py for tasks to queue
[2022-07-30 22:05:36,264] {logging_mixin.py:104} INFO - [2022-07-30 22:05:36,263] {dagbag.py:451} INFO - Filling up the DagBag from /home/airflow/.local/lib/python3.6/site-packages/airflow/example_dags/tutorial_etl_dag.py
[2022-07-30 22:05:36,294] {scheduler_job.py:639} INFO - DAG(s) dict_keys(['tutorial_etl_dag']) retrieved from /home/airflow/.local/lib/python3.6/site-packages/airflow/example_dags/tutorial_etl_dag.py
[2022-07-30 22:05:36,341] {logging_mixin.py:104} INFO - [2022-07-30 22:05:36,341] {dag.py:1824} INFO - Sync 1 DAGs
[2022-07-30 22:05:36,379] {logging_mixin.py:104} INFO - [2022-07-30 22:05:36,379] {dag.py:2280} INFO - Setting next_dagrun for tutorial_etl_dag to None
[2022-07-30 22:05:36,396] {scheduler_job.py:190} INFO - Processing /home/airflow/.local/lib/python3.6/site-packages/airflow/example_dags/tutorial_etl_dag.py took 0.145 seconds
[2022-07-30 22:06:07,392] {scheduler_job.py:182} INFO - Started process (PID=583) to work on /home/airflow/.local/lib/python3.6/site-packages/airflow/example_dags/tutorial_etl_dag.py
[2022-07-30 22:06:07,395] {scheduler_job.py:629} INFO - Processing file /home/airflow/.local/lib/python3.6/site-packages/airflow/example_dags/tutorial_etl_dag.py for tasks to queue
[2022-07-30 22:06:07,397] {logging_mixin.py:104} INFO - [2022-07-30 22:06:07,397] {dagbag.py:451} INFO - Filling up the DagBag from /home/airflow/.local/lib/python3.6/site-packages/airflow/example_dags/tutorial_etl_dag.py
[2022-07-30 22:06:07,434] {scheduler_job.py:639} INFO - DAG(s) dict_keys(['tutorial_etl_dag']) retrieved from /home/airflow/.local/lib/python3.6/site-packages/airflow/example_dags/tutorial_etl_dag.py
[2022-07-30 22:06:07,497] {logging_mixin.py:104} INFO - [2022-07-30 22:06:07,497] {dag.py:1824} INFO - Sync 1 DAGs
[2022-07-30 22:06:07,551] {logging_mixin.py:104} INFO - [2022-07-30 22:06:07,551] {dag.py:2280} INFO - Setting next_dagrun for tutorial_etl_dag to None
[2022-07-30 22:06:07,631] {scheduler_job.py:190} INFO - Processing /home/airflow/.local/lib/python3.6/site-packages/airflow/example_dags/tutorial_etl_dag.py took 0.246 seconds
[2022-07-30 22:06:38,463] {scheduler_job.py:182} INFO - Started process (PID=611) to work on /home/airflow/.local/lib/python3.6/site-packages/airflow/example_dags/tutorial_etl_dag.py
[2022-07-30 22:06:38,466] {scheduler_job.py:629} INFO - Processing file /home/airflow/.local/lib/python3.6/site-packages/airflow/example_dags/tutorial_etl_dag.py for tasks to queue
[2022-07-30 22:06:38,467] {logging_mixin.py:104} INFO - [2022-07-30 22:06:38,467] {dagbag.py:451} INFO - Filling up the DagBag from /home/airflow/.local/lib/python3.6/site-packages/airflow/example_dags/tutorial_etl_dag.py
[2022-07-30 22:06:38,488] {scheduler_job.py:639} INFO - DAG(s) dict_keys(['tutorial_etl_dag']) retrieved from /home/airflow/.local/lib/python3.6/site-packages/airflow/example_dags/tutorial_etl_dag.py
[2022-07-30 22:06:38,531] {logging_mixin.py:104} INFO - [2022-07-30 22:06:38,531] {dag.py:1824} INFO - Sync 1 DAGs
[2022-07-30 22:06:38,562] {logging_mixin.py:104} INFO - [2022-07-30 22:06:38,562] {dag.py:2280} INFO - Setting next_dagrun for tutorial_etl_dag to None
[2022-07-30 22:06:38,595] {scheduler_job.py:190} INFO - Processing /home/airflow/.local/lib/python3.6/site-packages/airflow/example_dags/tutorial_etl_dag.py took 0.139 seconds
[2022-07-30 22:07:09,147] {scheduler_job.py:182} INFO - Started process (PID=638) to work on /home/airflow/.local/lib/python3.6/site-packages/airflow/example_dags/tutorial_etl_dag.py
[2022-07-30 22:07:09,149] {scheduler_job.py:629} INFO - Processing file /home/airflow/.local/lib/python3.6/site-packages/airflow/example_dags/tutorial_etl_dag.py for tasks to queue
[2022-07-30 22:07:09,151] {logging_mixin.py:104} INFO - [2022-07-30 22:07:09,151] {dagbag.py:451} INFO - Filling up the DagBag from /home/airflow/.local/lib/python3.6/site-packages/airflow/example_dags/tutorial_etl_dag.py
[2022-07-30 22:07:09,173] {scheduler_job.py:639} INFO - DAG(s) dict_keys(['tutorial_etl_dag']) retrieved from /home/airflow/.local/lib/python3.6/site-packages/airflow/example_dags/tutorial_etl_dag.py
[2022-07-30 22:07:09,208] {logging_mixin.py:104} INFO - [2022-07-30 22:07:09,208] {dag.py:1824} INFO - Sync 1 DAGs
[2022-07-30 22:07:09,233] {logging_mixin.py:104} INFO - [2022-07-30 22:07:09,233] {dag.py:2280} INFO - Setting next_dagrun for tutorial_etl_dag to None
[2022-07-30 22:07:09,252] {scheduler_job.py:190} INFO - Processing /home/airflow/.local/lib/python3.6/site-packages/airflow/example_dags/tutorial_etl_dag.py took 0.111 seconds
[2022-07-30 22:07:39,910] {scheduler_job.py:182} INFO - Started process (PID=664) to work on /home/airflow/.local/lib/python3.6/site-packages/airflow/example_dags/tutorial_etl_dag.py
[2022-07-30 22:07:39,913] {scheduler_job.py:629} INFO - Processing file /home/airflow/.local/lib/python3.6/site-packages/airflow/example_dags/tutorial_etl_dag.py for tasks to queue
[2022-07-30 22:07:39,915] {logging_mixin.py:104} INFO - [2022-07-30 22:07:39,915] {dagbag.py:451} INFO - Filling up the DagBag from /home/airflow/.local/lib/python3.6/site-packages/airflow/example_dags/tutorial_etl_dag.py
[2022-07-30 22:07:39,941] {scheduler_job.py:639} INFO - DAG(s) dict_keys(['tutorial_etl_dag']) retrieved from /home/airflow/.local/lib/python3.6/site-packages/airflow/example_dags/tutorial_etl_dag.py
[2022-07-30 22:07:39,975] {logging_mixin.py:104} INFO - [2022-07-30 22:07:39,975] {dag.py:1824} INFO - Sync 1 DAGs
[2022-07-30 22:07:40,004] {logging_mixin.py:104} INFO - [2022-07-30 22:07:40,004] {dag.py:2280} INFO - Setting next_dagrun for tutorial_etl_dag to None
[2022-07-30 22:07:40,032] {scheduler_job.py:190} INFO - Processing /home/airflow/.local/lib/python3.6/site-packages/airflow/example_dags/tutorial_etl_dag.py took 0.127 seconds
[2022-07-30 22:08:10,543] {scheduler_job.py:182} INFO - Started process (PID=690) to work on /home/airflow/.local/lib/python3.6/site-packages/airflow/example_dags/tutorial_etl_dag.py
[2022-07-30 22:08:10,545] {scheduler_job.py:629} INFO - Processing file /home/airflow/.local/lib/python3.6/site-packages/airflow/example_dags/tutorial_etl_dag.py for tasks to queue
[2022-07-30 22:08:10,547] {logging_mixin.py:104} INFO - [2022-07-30 22:08:10,547] {dagbag.py:451} INFO - Filling up the DagBag from /home/airflow/.local/lib/python3.6/site-packages/airflow/example_dags/tutorial_etl_dag.py
[2022-07-30 22:08:10,565] {scheduler_job.py:639} INFO - DAG(s) dict_keys(['tutorial_etl_dag']) retrieved from /home/airflow/.local/lib/python3.6/site-packages/airflow/example_dags/tutorial_etl_dag.py
[2022-07-30 22:08:10,627] {logging_mixin.py:104} INFO - [2022-07-30 22:08:10,626] {dag.py:1824} INFO - Sync 1 DAGs
[2022-07-30 22:08:10,659] {logging_mixin.py:104} INFO - [2022-07-30 22:08:10,659] {dag.py:2280} INFO - Setting next_dagrun for tutorial_etl_dag to None
[2022-07-30 22:08:10,690] {scheduler_job.py:190} INFO - Processing /home/airflow/.local/lib/python3.6/site-packages/airflow/example_dags/tutorial_etl_dag.py took 0.152 seconds
[2022-07-30 22:08:41,619] {scheduler_job.py:182} INFO - Started process (PID=716) to work on /home/airflow/.local/lib/python3.6/site-packages/airflow/example_dags/tutorial_etl_dag.py
[2022-07-30 22:08:41,623] {scheduler_job.py:629} INFO - Processing file /home/airflow/.local/lib/python3.6/site-packages/airflow/example_dags/tutorial_etl_dag.py for tasks to queue
[2022-07-30 22:08:41,625] {logging_mixin.py:104} INFO - [2022-07-30 22:08:41,624] {dagbag.py:451} INFO - Filling up the DagBag from /home/airflow/.local/lib/python3.6/site-packages/airflow/example_dags/tutorial_etl_dag.py
[2022-07-30 22:08:41,661] {scheduler_job.py:639} INFO - DAG(s) dict_keys(['tutorial_etl_dag']) retrieved from /home/airflow/.local/lib/python3.6/site-packages/airflow/example_dags/tutorial_etl_dag.py
[2022-07-30 22:08:41,687] {logging_mixin.py:104} INFO - [2022-07-30 22:08:41,687] {dag.py:1824} INFO - Sync 1 DAGs
[2022-07-30 22:08:41,706] {logging_mixin.py:104} INFO - [2022-07-30 22:08:41,706] {dag.py:2280} INFO - Setting next_dagrun for tutorial_etl_dag to None
[2022-07-30 22:08:41,719] {scheduler_job.py:190} INFO - Processing /home/airflow/.local/lib/python3.6/site-packages/airflow/example_dags/tutorial_etl_dag.py took 0.113 seconds
[2022-07-30 22:09:11,879] {scheduler_job.py:182} INFO - Started process (PID=742) to work on /home/airflow/.local/lib/python3.6/site-packages/airflow/example_dags/tutorial_etl_dag.py
[2022-07-30 22:09:11,882] {scheduler_job.py:629} INFO - Processing file /home/airflow/.local/lib/python3.6/site-packages/airflow/example_dags/tutorial_etl_dag.py for tasks to queue
[2022-07-30 22:09:11,884] {logging_mixin.py:104} INFO - [2022-07-30 22:09:11,883] {dagbag.py:451} INFO - Filling up the DagBag from /home/airflow/.local/lib/python3.6/site-packages/airflow/example_dags/tutorial_etl_dag.py
[2022-07-30 22:09:11,901] {scheduler_job.py:639} INFO - DAG(s) dict_keys(['tutorial_etl_dag']) retrieved from /home/airflow/.local/lib/python3.6/site-packages/airflow/example_dags/tutorial_etl_dag.py
[2022-07-30 22:09:11,926] {logging_mixin.py:104} INFO - [2022-07-30 22:09:11,926] {dag.py:1824} INFO - Sync 1 DAGs
[2022-07-30 22:09:11,946] {logging_mixin.py:104} INFO - [2022-07-30 22:09:11,946] {dag.py:2280} INFO - Setting next_dagrun for tutorial_etl_dag to None
[2022-07-30 22:09:11,974] {scheduler_job.py:190} INFO - Processing /home/airflow/.local/lib/python3.6/site-packages/airflow/example_dags/tutorial_etl_dag.py took 0.101 seconds
[2022-07-30 22:09:42,900] {scheduler_job.py:182} INFO - Started process (PID=768) to work on /home/airflow/.local/lib/python3.6/site-packages/airflow/example_dags/tutorial_etl_dag.py
[2022-07-30 22:09:42,902] {scheduler_job.py:629} INFO - Processing file /home/airflow/.local/lib/python3.6/site-packages/airflow/example_dags/tutorial_etl_dag.py for tasks to queue
[2022-07-30 22:09:42,903] {logging_mixin.py:104} INFO - [2022-07-30 22:09:42,903] {dagbag.py:451} INFO - Filling up the DagBag from /home/airflow/.local/lib/python3.6/site-packages/airflow/example_dags/tutorial_etl_dag.py
[2022-07-30 22:09:42,924] {scheduler_job.py:639} INFO - DAG(s) dict_keys(['tutorial_etl_dag']) retrieved from /home/airflow/.local/lib/python3.6/site-packages/airflow/example_dags/tutorial_etl_dag.py
[2022-07-30 22:09:42,952] {logging_mixin.py:104} INFO - [2022-07-30 22:09:42,952] {dag.py:1824} INFO - Sync 1 DAGs
[2022-07-30 22:09:42,971] {logging_mixin.py:104} INFO - [2022-07-30 22:09:42,971] {dag.py:2280} INFO - Setting next_dagrun for tutorial_etl_dag to None
[2022-07-30 22:09:43,001] {scheduler_job.py:190} INFO - Processing /home/airflow/.local/lib/python3.6/site-packages/airflow/example_dags/tutorial_etl_dag.py took 0.107 seconds
[2022-07-30 22:10:13,237] {scheduler_job.py:182} INFO - Started process (PID=794) to work on /home/airflow/.local/lib/python3.6/site-packages/airflow/example_dags/tutorial_etl_dag.py
[2022-07-30 22:10:13,239] {scheduler_job.py:629} INFO - Processing file /home/airflow/.local/lib/python3.6/site-packages/airflow/example_dags/tutorial_etl_dag.py for tasks to queue
[2022-07-30 22:10:13,240] {logging_mixin.py:104} INFO - [2022-07-30 22:10:13,240] {dagbag.py:451} INFO - Filling up the DagBag from /home/airflow/.local/lib/python3.6/site-packages/airflow/example_dags/tutorial_etl_dag.py
[2022-07-30 22:10:13,266] {scheduler_job.py:639} INFO - DAG(s) dict_keys(['tutorial_etl_dag']) retrieved from /home/airflow/.local/lib/python3.6/site-packages/airflow/example_dags/tutorial_etl_dag.py
[2022-07-30 22:10:13,291] {logging_mixin.py:104} INFO - [2022-07-30 22:10:13,291] {dag.py:1824} INFO - Sync 1 DAGs
[2022-07-30 22:10:13,311] {logging_mixin.py:104} INFO - [2022-07-30 22:10:13,310] {dag.py:2280} INFO - Setting next_dagrun for tutorial_etl_dag to None
[2022-07-30 22:10:13,352] {scheduler_job.py:190} INFO - Processing /home/airflow/.local/lib/python3.6/site-packages/airflow/example_dags/tutorial_etl_dag.py took 0.120 seconds
[2022-07-30 22:10:44,264] {scheduler_job.py:182} INFO - Started process (PID=820) to work on /home/airflow/.local/lib/python3.6/site-packages/airflow/example_dags/tutorial_etl_dag.py
[2022-07-30 22:10:44,266] {scheduler_job.py:629} INFO - Processing file /home/airflow/.local/lib/python3.6/site-packages/airflow/example_dags/tutorial_etl_dag.py for tasks to queue
[2022-07-30 22:10:44,268] {logging_mixin.py:104} INFO - [2022-07-30 22:10:44,268] {dagbag.py:451} INFO - Filling up the DagBag from /home/airflow/.local/lib/python3.6/site-packages/airflow/example_dags/tutorial_etl_dag.py
[2022-07-30 22:10:44,289] {scheduler_job.py:639} INFO - DAG(s) dict_keys(['tutorial_etl_dag']) retrieved from /home/airflow/.local/lib/python3.6/site-packages/airflow/example_dags/tutorial_etl_dag.py
[2022-07-30 22:10:44,334] {logging_mixin.py:104} INFO - [2022-07-30 22:10:44,334] {dag.py:1824} INFO - Sync 1 DAGs
[2022-07-30 22:10:44,367] {logging_mixin.py:104} INFO - [2022-07-30 22:10:44,367] {dag.py:2280} INFO - Setting next_dagrun for tutorial_etl_dag to None
[2022-07-30 22:10:44,416] {scheduler_job.py:190} INFO - Processing /home/airflow/.local/lib/python3.6/site-packages/airflow/example_dags/tutorial_etl_dag.py took 0.157 seconds
[2022-07-30 22:11:14,954] {scheduler_job.py:182} INFO - Started process (PID=846) to work on /home/airflow/.local/lib/python3.6/site-packages/airflow/example_dags/tutorial_etl_dag.py
[2022-07-30 22:11:14,956] {scheduler_job.py:629} INFO - Processing file /home/airflow/.local/lib/python3.6/site-packages/airflow/example_dags/tutorial_etl_dag.py for tasks to queue
[2022-07-30 22:11:14,957] {logging_mixin.py:104} INFO - [2022-07-30 22:11:14,957] {dagbag.py:451} INFO - Filling up the DagBag from /home/airflow/.local/lib/python3.6/site-packages/airflow/example_dags/tutorial_etl_dag.py
[2022-07-30 22:11:14,977] {scheduler_job.py:639} INFO - DAG(s) dict_keys(['tutorial_etl_dag']) retrieved from /home/airflow/.local/lib/python3.6/site-packages/airflow/example_dags/tutorial_etl_dag.py
[2022-07-30 22:11:15,002] {logging_mixin.py:104} INFO - [2022-07-30 22:11:15,002] {dag.py:1824} INFO - Sync 1 DAGs
[2022-07-30 22:11:15,021] {logging_mixin.py:104} INFO - [2022-07-30 22:11:15,021] {dag.py:2280} INFO - Setting next_dagrun for tutorial_etl_dag to None
[2022-07-30 22:11:15,042] {scheduler_job.py:190} INFO - Processing /home/airflow/.local/lib/python3.6/site-packages/airflow/example_dags/tutorial_etl_dag.py took 0.092 seconds
[2022-07-30 22:11:45,697] {scheduler_job.py:182} INFO - Started process (PID=872) to work on /home/airflow/.local/lib/python3.6/site-packages/airflow/example_dags/tutorial_etl_dag.py
[2022-07-30 22:11:45,699] {scheduler_job.py:629} INFO - Processing file /home/airflow/.local/lib/python3.6/site-packages/airflow/example_dags/tutorial_etl_dag.py for tasks to queue
[2022-07-30 22:11:45,701] {logging_mixin.py:104} INFO - [2022-07-30 22:11:45,700] {dagbag.py:451} INFO - Filling up the DagBag from /home/airflow/.local/lib/python3.6/site-packages/airflow/example_dags/tutorial_etl_dag.py
[2022-07-30 22:11:45,727] {scheduler_job.py:639} INFO - DAG(s) dict_keys(['tutorial_etl_dag']) retrieved from /home/airflow/.local/lib/python3.6/site-packages/airflow/example_dags/tutorial_etl_dag.py
[2022-07-30 22:11:45,753] {logging_mixin.py:104} INFO - [2022-07-30 22:11:45,753] {dag.py:1824} INFO - Sync 1 DAGs
[2022-07-30 22:11:45,774] {logging_mixin.py:104} INFO - [2022-07-30 22:11:45,774] {dag.py:2280} INFO - Setting next_dagrun for tutorial_etl_dag to None
[2022-07-30 22:11:45,791] {scheduler_job.py:190} INFO - Processing /home/airflow/.local/lib/python3.6/site-packages/airflow/example_dags/tutorial_etl_dag.py took 0.100 seconds
[2022-07-30 22:12:16,215] {scheduler_job.py:182} INFO - Started process (PID=898) to work on /home/airflow/.local/lib/python3.6/site-packages/airflow/example_dags/tutorial_etl_dag.py
[2022-07-30 22:12:16,220] {scheduler_job.py:629} INFO - Processing file /home/airflow/.local/lib/python3.6/site-packages/airflow/example_dags/tutorial_etl_dag.py for tasks to queue
[2022-07-30 22:12:16,225] {logging_mixin.py:104} INFO - [2022-07-30 22:12:16,223] {dagbag.py:451} INFO - Filling up the DagBag from /home/airflow/.local/lib/python3.6/site-packages/airflow/example_dags/tutorial_etl_dag.py
[2022-07-30 22:12:16,248] {scheduler_job.py:639} INFO - DAG(s) dict_keys(['tutorial_etl_dag']) retrieved from /home/airflow/.local/lib/python3.6/site-packages/airflow/example_dags/tutorial_etl_dag.py
[2022-07-30 22:12:16,290] {logging_mixin.py:104} INFO - [2022-07-30 22:12:16,290] {dag.py:1824} INFO - Sync 1 DAGs
[2022-07-30 22:12:16,320] {logging_mixin.py:104} INFO - [2022-07-30 22:12:16,320] {dag.py:2280} INFO - Setting next_dagrun for tutorial_etl_dag to None
[2022-07-30 22:12:16,339] {scheduler_job.py:190} INFO - Processing /home/airflow/.local/lib/python3.6/site-packages/airflow/example_dags/tutorial_etl_dag.py took 0.131 seconds
[2022-07-30 22:12:47,291] {scheduler_job.py:182} INFO - Started process (PID=924) to work on /home/airflow/.local/lib/python3.6/site-packages/airflow/example_dags/tutorial_etl_dag.py
[2022-07-30 22:12:47,296] {scheduler_job.py:629} INFO - Processing file /home/airflow/.local/lib/python3.6/site-packages/airflow/example_dags/tutorial_etl_dag.py for tasks to queue
[2022-07-30 22:12:47,297] {logging_mixin.py:104} INFO - [2022-07-30 22:12:47,297] {dagbag.py:451} INFO - Filling up the DagBag from /home/airflow/.local/lib/python3.6/site-packages/airflow/example_dags/tutorial_etl_dag.py
[2022-07-30 22:12:47,331] {scheduler_job.py:639} INFO - DAG(s) dict_keys(['tutorial_etl_dag']) retrieved from /home/airflow/.local/lib/python3.6/site-packages/airflow/example_dags/tutorial_etl_dag.py
[2022-07-30 22:12:47,372] {logging_mixin.py:104} INFO - [2022-07-30 22:12:47,372] {dag.py:1824} INFO - Sync 1 DAGs
[2022-07-30 22:12:47,398] {logging_mixin.py:104} INFO - [2022-07-30 22:12:47,398] {dag.py:2280} INFO - Setting next_dagrun for tutorial_etl_dag to None
[2022-07-30 22:12:47,416] {scheduler_job.py:190} INFO - Processing /home/airflow/.local/lib/python3.6/site-packages/airflow/example_dags/tutorial_etl_dag.py took 0.131 seconds
[2022-07-30 22:13:18,314] {scheduler_job.py:182} INFO - Started process (PID=950) to work on /home/airflow/.local/lib/python3.6/site-packages/airflow/example_dags/tutorial_etl_dag.py
[2022-07-30 22:13:18,317] {scheduler_job.py:629} INFO - Processing file /home/airflow/.local/lib/python3.6/site-packages/airflow/example_dags/tutorial_etl_dag.py for tasks to queue
[2022-07-30 22:13:18,321] {logging_mixin.py:104} INFO - [2022-07-30 22:13:18,321] {dagbag.py:451} INFO - Filling up the DagBag from /home/airflow/.local/lib/python3.6/site-packages/airflow/example_dags/tutorial_etl_dag.py
[2022-07-30 22:13:18,358] {scheduler_job.py:639} INFO - DAG(s) dict_keys(['tutorial_etl_dag']) retrieved from /home/airflow/.local/lib/python3.6/site-packages/airflow/example_dags/tutorial_etl_dag.py
[2022-07-30 22:13:18,408] {logging_mixin.py:104} INFO - [2022-07-30 22:13:18,408] {dag.py:1824} INFO - Sync 1 DAGs
[2022-07-30 22:13:18,480] {logging_mixin.py:104} INFO - [2022-07-30 22:13:18,479] {dag.py:2280} INFO - Setting next_dagrun for tutorial_etl_dag to None
[2022-07-30 22:13:18,797] {scheduler_job.py:190} INFO - Processing /home/airflow/.local/lib/python3.6/site-packages/airflow/example_dags/tutorial_etl_dag.py took 0.494 seconds
[2022-07-30 22:13:49,466] {scheduler_job.py:182} INFO - Started process (PID=976) to work on /home/airflow/.local/lib/python3.6/site-packages/airflow/example_dags/tutorial_etl_dag.py
[2022-07-30 22:13:49,470] {scheduler_job.py:629} INFO - Processing file /home/airflow/.local/lib/python3.6/site-packages/airflow/example_dags/tutorial_etl_dag.py for tasks to queue
[2022-07-30 22:13:49,474] {logging_mixin.py:104} INFO - [2022-07-30 22:13:49,473] {dagbag.py:451} INFO - Filling up the DagBag from /home/airflow/.local/lib/python3.6/site-packages/airflow/example_dags/tutorial_etl_dag.py
[2022-07-30 22:13:49,498] {scheduler_job.py:639} INFO - DAG(s) dict_keys(['tutorial_etl_dag']) retrieved from /home/airflow/.local/lib/python3.6/site-packages/airflow/example_dags/tutorial_etl_dag.py
[2022-07-30 22:13:49,541] {logging_mixin.py:104} INFO - [2022-07-30 22:13:49,541] {dag.py:1824} INFO - Sync 1 DAGs
[2022-07-30 22:13:49,566] {logging_mixin.py:104} INFO - [2022-07-30 22:13:49,566] {dag.py:2280} INFO - Setting next_dagrun for tutorial_etl_dag to None
[2022-07-30 22:13:49,582] {scheduler_job.py:190} INFO - Processing /home/airflow/.local/lib/python3.6/site-packages/airflow/example_dags/tutorial_etl_dag.py took 0.121 seconds
[2022-07-30 22:14:20,267] {scheduler_job.py:182} INFO - Started process (PID=1002) to work on /home/airflow/.local/lib/python3.6/site-packages/airflow/example_dags/tutorial_etl_dag.py
[2022-07-30 22:14:20,279] {scheduler_job.py:629} INFO - Processing file /home/airflow/.local/lib/python3.6/site-packages/airflow/example_dags/tutorial_etl_dag.py for tasks to queue
[2022-07-30 22:14:20,280] {logging_mixin.py:104} INFO - [2022-07-30 22:14:20,280] {dagbag.py:451} INFO - Filling up the DagBag from /home/airflow/.local/lib/python3.6/site-packages/airflow/example_dags/tutorial_etl_dag.py
[2022-07-30 22:14:20,317] {scheduler_job.py:639} INFO - DAG(s) dict_keys(['tutorial_etl_dag']) retrieved from /home/airflow/.local/lib/python3.6/site-packages/airflow/example_dags/tutorial_etl_dag.py
[2022-07-30 22:14:20,382] {logging_mixin.py:104} INFO - [2022-07-30 22:14:20,382] {dag.py:1824} INFO - Sync 1 DAGs
[2022-07-30 22:14:20,428] {logging_mixin.py:104} INFO - [2022-07-30 22:14:20,428] {dag.py:2280} INFO - Setting next_dagrun for tutorial_etl_dag to None
[2022-07-30 22:14:20,451] {scheduler_job.py:190} INFO - Processing /home/airflow/.local/lib/python3.6/site-packages/airflow/example_dags/tutorial_etl_dag.py took 0.191 seconds
[2022-07-30 22:14:50,910] {scheduler_job.py:182} INFO - Started process (PID=1028) to work on /home/airflow/.local/lib/python3.6/site-packages/airflow/example_dags/tutorial_etl_dag.py
[2022-07-30 22:14:50,915] {scheduler_job.py:629} INFO - Processing file /home/airflow/.local/lib/python3.6/site-packages/airflow/example_dags/tutorial_etl_dag.py for tasks to queue
[2022-07-30 22:14:50,918] {logging_mixin.py:104} INFO - [2022-07-30 22:14:50,918] {dagbag.py:451} INFO - Filling up the DagBag from /home/airflow/.local/lib/python3.6/site-packages/airflow/example_dags/tutorial_etl_dag.py
[2022-07-30 22:14:50,958] {scheduler_job.py:639} INFO - DAG(s) dict_keys(['tutorial_etl_dag']) retrieved from /home/airflow/.local/lib/python3.6/site-packages/airflow/example_dags/tutorial_etl_dag.py
[2022-07-30 22:14:51,025] {logging_mixin.py:104} INFO - [2022-07-30 22:14:51,025] {dag.py:1824} INFO - Sync 1 DAGs
[2022-07-30 22:14:51,077] {logging_mixin.py:104} INFO - [2022-07-30 22:14:51,077] {dag.py:2280} INFO - Setting next_dagrun for tutorial_etl_dag to None
[2022-07-30 22:14:51,114] {scheduler_job.py:190} INFO - Processing /home/airflow/.local/lib/python3.6/site-packages/airflow/example_dags/tutorial_etl_dag.py took 0.213 seconds
[2022-07-30 22:15:21,454] {scheduler_job.py:182} INFO - Started process (PID=1054) to work on /home/airflow/.local/lib/python3.6/site-packages/airflow/example_dags/tutorial_etl_dag.py
[2022-07-30 22:15:21,455] {scheduler_job.py:629} INFO - Processing file /home/airflow/.local/lib/python3.6/site-packages/airflow/example_dags/tutorial_etl_dag.py for tasks to queue
[2022-07-30 22:15:21,457] {logging_mixin.py:104} INFO - [2022-07-30 22:15:21,457] {dagbag.py:451} INFO - Filling up the DagBag from /home/airflow/.local/lib/python3.6/site-packages/airflow/example_dags/tutorial_etl_dag.py
[2022-07-30 22:15:21,481] {scheduler_job.py:639} INFO - DAG(s) dict_keys(['tutorial_etl_dag']) retrieved from /home/airflow/.local/lib/python3.6/site-packages/airflow/example_dags/tutorial_etl_dag.py
[2022-07-30 22:15:21,519] {logging_mixin.py:104} INFO - [2022-07-30 22:15:21,519] {dag.py:1824} INFO - Sync 1 DAGs
[2022-07-30 22:15:21,544] {logging_mixin.py:104} INFO - [2022-07-30 22:15:21,544] {dag.py:2280} INFO - Setting next_dagrun for tutorial_etl_dag to None
[2022-07-30 22:15:21,570] {scheduler_job.py:190} INFO - Processing /home/airflow/.local/lib/python3.6/site-packages/airflow/example_dags/tutorial_etl_dag.py took 0.122 seconds
[2022-07-30 22:15:52,035] {scheduler_job.py:182} INFO - Started process (PID=1080) to work on /home/airflow/.local/lib/python3.6/site-packages/airflow/example_dags/tutorial_etl_dag.py
[2022-07-30 22:15:52,037] {scheduler_job.py:629} INFO - Processing file /home/airflow/.local/lib/python3.6/site-packages/airflow/example_dags/tutorial_etl_dag.py for tasks to queue
[2022-07-30 22:15:52,039] {logging_mixin.py:104} INFO - [2022-07-30 22:15:52,038] {dagbag.py:451} INFO - Filling up the DagBag from /home/airflow/.local/lib/python3.6/site-packages/airflow/example_dags/tutorial_etl_dag.py
[2022-07-30 22:15:52,059] {scheduler_job.py:639} INFO - DAG(s) dict_keys(['tutorial_etl_dag']) retrieved from /home/airflow/.local/lib/python3.6/site-packages/airflow/example_dags/tutorial_etl_dag.py
[2022-07-30 22:15:52,098] {logging_mixin.py:104} INFO - [2022-07-30 22:15:52,098] {dag.py:1824} INFO - Sync 1 DAGs
[2022-07-30 22:15:52,122] {logging_mixin.py:104} INFO - [2022-07-30 22:15:52,121] {dag.py:2280} INFO - Setting next_dagrun for tutorial_etl_dag to None
[2022-07-30 22:15:52,147] {scheduler_job.py:190} INFO - Processing /home/airflow/.local/lib/python3.6/site-packages/airflow/example_dags/tutorial_etl_dag.py took 0.117 seconds
[2022-07-30 22:16:23,136] {scheduler_job.py:182} INFO - Started process (PID=1106) to work on /home/airflow/.local/lib/python3.6/site-packages/airflow/example_dags/tutorial_etl_dag.py
[2022-07-30 22:16:23,139] {scheduler_job.py:629} INFO - Processing file /home/airflow/.local/lib/python3.6/site-packages/airflow/example_dags/tutorial_etl_dag.py for tasks to queue
[2022-07-30 22:16:23,141] {logging_mixin.py:104} INFO - [2022-07-30 22:16:23,140] {dagbag.py:451} INFO - Filling up the DagBag from /home/airflow/.local/lib/python3.6/site-packages/airflow/example_dags/tutorial_etl_dag.py
[2022-07-30 22:16:23,164] {scheduler_job.py:639} INFO - DAG(s) dict_keys(['tutorial_etl_dag']) retrieved from /home/airflow/.local/lib/python3.6/site-packages/airflow/example_dags/tutorial_etl_dag.py
[2022-07-30 22:16:23,198] {logging_mixin.py:104} INFO - [2022-07-30 22:16:23,198] {dag.py:1824} INFO - Sync 1 DAGs
[2022-07-30 22:16:23,228] {logging_mixin.py:104} INFO - [2022-07-30 22:16:23,228] {dag.py:2280} INFO - Setting next_dagrun for tutorial_etl_dag to None
[2022-07-30 22:16:23,250] {scheduler_job.py:190} INFO - Processing /home/airflow/.local/lib/python3.6/site-packages/airflow/example_dags/tutorial_etl_dag.py took 0.119 seconds
[2022-07-30 22:16:53,410] {scheduler_job.py:182} INFO - Started process (PID=1132) to work on /home/airflow/.local/lib/python3.6/site-packages/airflow/example_dags/tutorial_etl_dag.py
[2022-07-30 22:16:53,412] {scheduler_job.py:629} INFO - Processing file /home/airflow/.local/lib/python3.6/site-packages/airflow/example_dags/tutorial_etl_dag.py for tasks to queue
[2022-07-30 22:16:53,414] {logging_mixin.py:104} INFO - [2022-07-30 22:16:53,414] {dagbag.py:451} INFO - Filling up the DagBag from /home/airflow/.local/lib/python3.6/site-packages/airflow/example_dags/tutorial_etl_dag.py
[2022-07-30 22:16:53,443] {scheduler_job.py:639} INFO - DAG(s) dict_keys(['tutorial_etl_dag']) retrieved from /home/airflow/.local/lib/python3.6/site-packages/airflow/example_dags/tutorial_etl_dag.py
[2022-07-30 22:16:53,490] {logging_mixin.py:104} INFO - [2022-07-30 22:16:53,490] {dag.py:1824} INFO - Sync 1 DAGs
[2022-07-30 22:16:53,531] {logging_mixin.py:104} INFO - [2022-07-30 22:16:53,530] {dag.py:2280} INFO - Setting next_dagrun for tutorial_etl_dag to None
[2022-07-30 22:16:53,551] {scheduler_job.py:190} INFO - Processing /home/airflow/.local/lib/python3.6/site-packages/airflow/example_dags/tutorial_etl_dag.py took 0.147 seconds
[2022-07-30 22:17:23,768] {scheduler_job.py:182} INFO - Started process (PID=1158) to work on /home/airflow/.local/lib/python3.6/site-packages/airflow/example_dags/tutorial_etl_dag.py
[2022-07-30 22:17:23,770] {scheduler_job.py:629} INFO - Processing file /home/airflow/.local/lib/python3.6/site-packages/airflow/example_dags/tutorial_etl_dag.py for tasks to queue
[2022-07-30 22:17:23,772] {logging_mixin.py:104} INFO - [2022-07-30 22:17:23,772] {dagbag.py:451} INFO - Filling up the DagBag from /home/airflow/.local/lib/python3.6/site-packages/airflow/example_dags/tutorial_etl_dag.py
[2022-07-30 22:17:23,792] {scheduler_job.py:639} INFO - DAG(s) dict_keys(['tutorial_etl_dag']) retrieved from /home/airflow/.local/lib/python3.6/site-packages/airflow/example_dags/tutorial_etl_dag.py
[2022-07-30 22:17:23,829] {logging_mixin.py:104} INFO - [2022-07-30 22:17:23,829] {dag.py:1824} INFO - Sync 1 DAGs
[2022-07-30 22:17:23,852] {logging_mixin.py:104} INFO - [2022-07-30 22:17:23,852] {dag.py:2280} INFO - Setting next_dagrun for tutorial_etl_dag to None
[2022-07-30 22:17:23,871] {scheduler_job.py:190} INFO - Processing /home/airflow/.local/lib/python3.6/site-packages/airflow/example_dags/tutorial_etl_dag.py took 0.111 seconds
[2022-07-30 22:17:54,709] {scheduler_job.py:182} INFO - Started process (PID=1184) to work on /home/airflow/.local/lib/python3.6/site-packages/airflow/example_dags/tutorial_etl_dag.py
[2022-07-30 22:17:54,721] {scheduler_job.py:629} INFO - Processing file /home/airflow/.local/lib/python3.6/site-packages/airflow/example_dags/tutorial_etl_dag.py for tasks to queue
[2022-07-30 22:17:54,725] {logging_mixin.py:104} INFO - [2022-07-30 22:17:54,725] {dagbag.py:451} INFO - Filling up the DagBag from /home/airflow/.local/lib/python3.6/site-packages/airflow/example_dags/tutorial_etl_dag.py
[2022-07-30 22:17:54,806] {scheduler_job.py:639} INFO - DAG(s) dict_keys(['tutorial_etl_dag']) retrieved from /home/airflow/.local/lib/python3.6/site-packages/airflow/example_dags/tutorial_etl_dag.py
[2022-07-30 22:17:54,889] {logging_mixin.py:104} INFO - [2022-07-30 22:17:54,888] {dag.py:1824} INFO - Sync 1 DAGs
[2022-07-30 22:17:54,934] {logging_mixin.py:104} INFO - [2022-07-30 22:17:54,934] {dag.py:2280} INFO - Setting next_dagrun for tutorial_etl_dag to None
[2022-07-30 22:17:54,966] {scheduler_job.py:190} INFO - Processing /home/airflow/.local/lib/python3.6/site-packages/airflow/example_dags/tutorial_etl_dag.py took 0.267 seconds
[2022-07-30 22:18:25,426] {scheduler_job.py:182} INFO - Started process (PID=1210) to work on /home/airflow/.local/lib/python3.6/site-packages/airflow/example_dags/tutorial_etl_dag.py
[2022-07-30 22:18:25,428] {scheduler_job.py:629} INFO - Processing file /home/airflow/.local/lib/python3.6/site-packages/airflow/example_dags/tutorial_etl_dag.py for tasks to queue
[2022-07-30 22:18:25,430] {logging_mixin.py:104} INFO - [2022-07-30 22:18:25,430] {dagbag.py:451} INFO - Filling up the DagBag from /home/airflow/.local/lib/python3.6/site-packages/airflow/example_dags/tutorial_etl_dag.py
[2022-07-30 22:18:25,461] {scheduler_job.py:639} INFO - DAG(s) dict_keys(['tutorial_etl_dag']) retrieved from /home/airflow/.local/lib/python3.6/site-packages/airflow/example_dags/tutorial_etl_dag.py
[2022-07-30 22:18:25,546] {logging_mixin.py:104} INFO - [2022-07-30 22:18:25,546] {dag.py:1824} INFO - Sync 1 DAGs
[2022-07-30 22:18:25,573] {logging_mixin.py:104} INFO - [2022-07-30 22:18:25,573] {dag.py:2280} INFO - Setting next_dagrun for tutorial_etl_dag to None
[2022-07-30 22:18:25,595] {scheduler_job.py:190} INFO - Processing /home/airflow/.local/lib/python3.6/site-packages/airflow/example_dags/tutorial_etl_dag.py took 0.175 seconds
[2022-07-30 22:18:56,319] {scheduler_job.py:182} INFO - Started process (PID=1236) to work on /home/airflow/.local/lib/python3.6/site-packages/airflow/example_dags/tutorial_etl_dag.py
[2022-07-30 22:18:56,322] {scheduler_job.py:629} INFO - Processing file /home/airflow/.local/lib/python3.6/site-packages/airflow/example_dags/tutorial_etl_dag.py for tasks to queue
[2022-07-30 22:18:56,324] {logging_mixin.py:104} INFO - [2022-07-30 22:18:56,323] {dagbag.py:451} INFO - Filling up the DagBag from /home/airflow/.local/lib/python3.6/site-packages/airflow/example_dags/tutorial_etl_dag.py
[2022-07-30 22:18:56,361] {scheduler_job.py:639} INFO - DAG(s) dict_keys(['tutorial_etl_dag']) retrieved from /home/airflow/.local/lib/python3.6/site-packages/airflow/example_dags/tutorial_etl_dag.py
[2022-07-30 22:18:56,408] {logging_mixin.py:104} INFO - [2022-07-30 22:18:56,408] {dag.py:1824} INFO - Sync 1 DAGs
[2022-07-30 22:18:56,435] {logging_mixin.py:104} INFO - [2022-07-30 22:18:56,435] {dag.py:2280} INFO - Setting next_dagrun for tutorial_etl_dag to None
[2022-07-30 22:18:56,452] {scheduler_job.py:190} INFO - Processing /home/airflow/.local/lib/python3.6/site-packages/airflow/example_dags/tutorial_etl_dag.py took 0.139 seconds
[2022-07-30 22:19:26,631] {scheduler_job.py:182} INFO - Started process (PID=1262) to work on /home/airflow/.local/lib/python3.6/site-packages/airflow/example_dags/tutorial_etl_dag.py
[2022-07-30 22:19:26,634] {scheduler_job.py:629} INFO - Processing file /home/airflow/.local/lib/python3.6/site-packages/airflow/example_dags/tutorial_etl_dag.py for tasks to queue
[2022-07-30 22:19:26,636] {logging_mixin.py:104} INFO - [2022-07-30 22:19:26,635] {dagbag.py:451} INFO - Filling up the DagBag from /home/airflow/.local/lib/python3.6/site-packages/airflow/example_dags/tutorial_etl_dag.py
[2022-07-30 22:19:26,659] {scheduler_job.py:639} INFO - DAG(s) dict_keys(['tutorial_etl_dag']) retrieved from /home/airflow/.local/lib/python3.6/site-packages/airflow/example_dags/tutorial_etl_dag.py
[2022-07-30 22:19:26,695] {logging_mixin.py:104} INFO - [2022-07-30 22:19:26,695] {dag.py:1824} INFO - Sync 1 DAGs
[2022-07-30 22:19:26,722] {logging_mixin.py:104} INFO - [2022-07-30 22:19:26,721] {dag.py:2280} INFO - Setting next_dagrun for tutorial_etl_dag to None
[2022-07-30 22:19:26,738] {scheduler_job.py:190} INFO - Processing /home/airflow/.local/lib/python3.6/site-packages/airflow/example_dags/tutorial_etl_dag.py took 0.113 seconds
[2022-07-30 22:19:57,152] {scheduler_job.py:182} INFO - Started process (PID=1288) to work on /home/airflow/.local/lib/python3.6/site-packages/airflow/example_dags/tutorial_etl_dag.py
[2022-07-30 22:19:57,155] {scheduler_job.py:629} INFO - Processing file /home/airflow/.local/lib/python3.6/site-packages/airflow/example_dags/tutorial_etl_dag.py for tasks to queue
[2022-07-30 22:19:57,157] {logging_mixin.py:104} INFO - [2022-07-30 22:19:57,157] {dagbag.py:451} INFO - Filling up the DagBag from /home/airflow/.local/lib/python3.6/site-packages/airflow/example_dags/tutorial_etl_dag.py
[2022-07-30 22:19:57,198] {scheduler_job.py:639} INFO - DAG(s) dict_keys(['tutorial_etl_dag']) retrieved from /home/airflow/.local/lib/python3.6/site-packages/airflow/example_dags/tutorial_etl_dag.py
[2022-07-30 22:19:57,231] {logging_mixin.py:104} INFO - [2022-07-30 22:19:57,230] {dag.py:1824} INFO - Sync 1 DAGs
[2022-07-30 22:19:57,254] {logging_mixin.py:104} INFO - [2022-07-30 22:19:57,254] {dag.py:2280} INFO - Setting next_dagrun for tutorial_etl_dag to None
[2022-07-30 22:19:57,270] {scheduler_job.py:190} INFO - Processing /home/airflow/.local/lib/python3.6/site-packages/airflow/example_dags/tutorial_etl_dag.py took 0.124 seconds
[2022-07-30 22:20:28,131] {scheduler_job.py:182} INFO - Started process (PID=1314) to work on /home/airflow/.local/lib/python3.6/site-packages/airflow/example_dags/tutorial_etl_dag.py
[2022-07-30 22:20:28,136] {scheduler_job.py:629} INFO - Processing file /home/airflow/.local/lib/python3.6/site-packages/airflow/example_dags/tutorial_etl_dag.py for tasks to queue
[2022-07-30 22:20:28,145] {logging_mixin.py:104} INFO - [2022-07-30 22:20:28,145] {dagbag.py:451} INFO - Filling up the DagBag from /home/airflow/.local/lib/python3.6/site-packages/airflow/example_dags/tutorial_etl_dag.py
[2022-07-30 22:20:28,190] {scheduler_job.py:639} INFO - DAG(s) dict_keys(['tutorial_etl_dag']) retrieved from /home/airflow/.local/lib/python3.6/site-packages/airflow/example_dags/tutorial_etl_dag.py
[2022-07-30 22:20:28,277] {logging_mixin.py:104} INFO - [2022-07-30 22:20:28,276] {dag.py:1824} INFO - Sync 1 DAGs
[2022-07-30 22:20:28,341] {logging_mixin.py:104} INFO - [2022-07-30 22:20:28,340] {dag.py:2280} INFO - Setting next_dagrun for tutorial_etl_dag to None
[2022-07-30 22:20:28,437] {scheduler_job.py:190} INFO - Processing /home/airflow/.local/lib/python3.6/site-packages/airflow/example_dags/tutorial_etl_dag.py took 0.312 seconds
[2022-07-30 22:20:59,497] {scheduler_job.py:182} INFO - Started process (PID=1340) to work on /home/airflow/.local/lib/python3.6/site-packages/airflow/example_dags/tutorial_etl_dag.py
[2022-07-30 22:20:59,527] {scheduler_job.py:629} INFO - Processing file /home/airflow/.local/lib/python3.6/site-packages/airflow/example_dags/tutorial_etl_dag.py for tasks to queue
[2022-07-30 22:20:59,553] {logging_mixin.py:104} INFO - [2022-07-30 22:20:59,552] {dagbag.py:451} INFO - Filling up the DagBag from /home/airflow/.local/lib/python3.6/site-packages/airflow/example_dags/tutorial_etl_dag.py
[2022-07-30 22:20:59,642] {scheduler_job.py:639} INFO - DAG(s) dict_keys(['tutorial_etl_dag']) retrieved from /home/airflow/.local/lib/python3.6/site-packages/airflow/example_dags/tutorial_etl_dag.py
[2022-07-30 22:20:59,898] {logging_mixin.py:104} INFO - [2022-07-30 22:20:59,898] {dag.py:1824} INFO - Sync 1 DAGs
[2022-07-30 22:21:00,032] {logging_mixin.py:104} INFO - [2022-07-30 22:21:00,032] {dag.py:2280} INFO - Setting next_dagrun for tutorial_etl_dag to None
[2022-07-30 22:21:00,111] {scheduler_job.py:190} INFO - Processing /home/airflow/.local/lib/python3.6/site-packages/airflow/example_dags/tutorial_etl_dag.py took 0.620 seconds
[2022-07-30 22:21:31,052] {scheduler_job.py:182} INFO - Started process (PID=1366) to work on /home/airflow/.local/lib/python3.6/site-packages/airflow/example_dags/tutorial_etl_dag.py
[2022-07-30 22:21:31,055] {scheduler_job.py:629} INFO - Processing file /home/airflow/.local/lib/python3.6/site-packages/airflow/example_dags/tutorial_etl_dag.py for tasks to queue
[2022-07-30 22:21:31,058] {logging_mixin.py:104} INFO - [2022-07-30 22:21:31,057] {dagbag.py:451} INFO - Filling up the DagBag from /home/airflow/.local/lib/python3.6/site-packages/airflow/example_dags/tutorial_etl_dag.py
[2022-07-30 22:21:31,085] {scheduler_job.py:639} INFO - DAG(s) dict_keys(['tutorial_etl_dag']) retrieved from /home/airflow/.local/lib/python3.6/site-packages/airflow/example_dags/tutorial_etl_dag.py
[2022-07-30 22:21:31,117] {logging_mixin.py:104} INFO - [2022-07-30 22:21:31,117] {dag.py:1824} INFO - Sync 1 DAGs
[2022-07-30 22:21:31,139] {logging_mixin.py:104} INFO - [2022-07-30 22:21:31,139] {dag.py:2280} INFO - Setting next_dagrun for tutorial_etl_dag to None
[2022-07-30 22:21:31,157] {scheduler_job.py:190} INFO - Processing /home/airflow/.local/lib/python3.6/site-packages/airflow/example_dags/tutorial_etl_dag.py took 0.115 seconds
[2022-07-30 22:22:01,440] {scheduler_job.py:182} INFO - Started process (PID=1392) to work on /home/airflow/.local/lib/python3.6/site-packages/airflow/example_dags/tutorial_etl_dag.py
[2022-07-30 22:22:01,443] {scheduler_job.py:629} INFO - Processing file /home/airflow/.local/lib/python3.6/site-packages/airflow/example_dags/tutorial_etl_dag.py for tasks to queue
[2022-07-30 22:22:01,446] {logging_mixin.py:104} INFO - [2022-07-30 22:22:01,446] {dagbag.py:451} INFO - Filling up the DagBag from /home/airflow/.local/lib/python3.6/site-packages/airflow/example_dags/tutorial_etl_dag.py
[2022-07-30 22:22:01,484] {scheduler_job.py:639} INFO - DAG(s) dict_keys(['tutorial_etl_dag']) retrieved from /home/airflow/.local/lib/python3.6/site-packages/airflow/example_dags/tutorial_etl_dag.py
[2022-07-30 22:22:01,538] {logging_mixin.py:104} INFO - [2022-07-30 22:22:01,538] {dag.py:1824} INFO - Sync 1 DAGs
[2022-07-30 22:22:01,561] {logging_mixin.py:104} INFO - [2022-07-30 22:22:01,560] {dag.py:2280} INFO - Setting next_dagrun for tutorial_etl_dag to None
[2022-07-30 22:22:01,582] {scheduler_job.py:190} INFO - Processing /home/airflow/.local/lib/python3.6/site-packages/airflow/example_dags/tutorial_etl_dag.py took 0.147 seconds
[2022-07-30 22:22:32,092] {scheduler_job.py:182} INFO - Started process (PID=1418) to work on /home/airflow/.local/lib/python3.6/site-packages/airflow/example_dags/tutorial_etl_dag.py
[2022-07-30 22:22:32,107] {scheduler_job.py:629} INFO - Processing file /home/airflow/.local/lib/python3.6/site-packages/airflow/example_dags/tutorial_etl_dag.py for tasks to queue
[2022-07-30 22:22:32,112] {logging_mixin.py:104} INFO - [2022-07-30 22:22:32,111] {dagbag.py:451} INFO - Filling up the DagBag from /home/airflow/.local/lib/python3.6/site-packages/airflow/example_dags/tutorial_etl_dag.py
[2022-07-30 22:22:32,174] {scheduler_job.py:639} INFO - DAG(s) dict_keys(['tutorial_etl_dag']) retrieved from /home/airflow/.local/lib/python3.6/site-packages/airflow/example_dags/tutorial_etl_dag.py
[2022-07-30 22:22:32,238] {logging_mixin.py:104} INFO - [2022-07-30 22:22:32,238] {dag.py:1824} INFO - Sync 1 DAGs
[2022-07-30 22:22:32,274] {logging_mixin.py:104} INFO - [2022-07-30 22:22:32,273] {dag.py:2280} INFO - Setting next_dagrun for tutorial_etl_dag to None
[2022-07-30 22:22:32,308] {scheduler_job.py:190} INFO - Processing /home/airflow/.local/lib/python3.6/site-packages/airflow/example_dags/tutorial_etl_dag.py took 0.239 seconds
[2022-07-30 22:23:03,348] {scheduler_job.py:182} INFO - Started process (PID=1444) to work on /home/airflow/.local/lib/python3.6/site-packages/airflow/example_dags/tutorial_etl_dag.py
[2022-07-30 22:23:03,351] {scheduler_job.py:629} INFO - Processing file /home/airflow/.local/lib/python3.6/site-packages/airflow/example_dags/tutorial_etl_dag.py for tasks to queue
[2022-07-30 22:23:03,352] {logging_mixin.py:104} INFO - [2022-07-30 22:23:03,352] {dagbag.py:451} INFO - Filling up the DagBag from /home/airflow/.local/lib/python3.6/site-packages/airflow/example_dags/tutorial_etl_dag.py
[2022-07-30 22:23:03,370] {scheduler_job.py:639} INFO - DAG(s) dict_keys(['tutorial_etl_dag']) retrieved from /home/airflow/.local/lib/python3.6/site-packages/airflow/example_dags/tutorial_etl_dag.py
[2022-07-30 22:23:03,402] {logging_mixin.py:104} INFO - [2022-07-30 22:23:03,402] {dag.py:1824} INFO - Sync 1 DAGs
[2022-07-30 22:23:03,425] {logging_mixin.py:104} INFO - [2022-07-30 22:23:03,425] {dag.py:2280} INFO - Setting next_dagrun for tutorial_etl_dag to None
[2022-07-30 22:23:03,442] {scheduler_job.py:190} INFO - Processing /home/airflow/.local/lib/python3.6/site-packages/airflow/example_dags/tutorial_etl_dag.py took 0.099 seconds
[2022-07-30 22:23:34,006] {scheduler_job.py:182} INFO - Started process (PID=1470) to work on /home/airflow/.local/lib/python3.6/site-packages/airflow/example_dags/tutorial_etl_dag.py
[2022-07-30 22:23:34,009] {scheduler_job.py:629} INFO - Processing file /home/airflow/.local/lib/python3.6/site-packages/airflow/example_dags/tutorial_etl_dag.py for tasks to queue
[2022-07-30 22:23:34,011] {logging_mixin.py:104} INFO - [2022-07-30 22:23:34,011] {dagbag.py:451} INFO - Filling up the DagBag from /home/airflow/.local/lib/python3.6/site-packages/airflow/example_dags/tutorial_etl_dag.py
[2022-07-30 22:23:34,077] {scheduler_job.py:639} INFO - DAG(s) dict_keys(['tutorial_etl_dag']) retrieved from /home/airflow/.local/lib/python3.6/site-packages/airflow/example_dags/tutorial_etl_dag.py
[2022-07-30 22:23:34,166] {logging_mixin.py:104} INFO - [2022-07-30 22:23:34,166] {dag.py:1824} INFO - Sync 1 DAGs
[2022-07-30 22:23:34,195] {logging_mixin.py:104} INFO - [2022-07-30 22:23:34,195] {dag.py:2280} INFO - Setting next_dagrun for tutorial_etl_dag to None
[2022-07-30 22:23:34,223] {scheduler_job.py:190} INFO - Processing /home/airflow/.local/lib/python3.6/site-packages/airflow/example_dags/tutorial_etl_dag.py took 0.222 seconds
[2022-07-30 22:24:04,840] {scheduler_job.py:182} INFO - Started process (PID=1496) to work on /home/airflow/.local/lib/python3.6/site-packages/airflow/example_dags/tutorial_etl_dag.py
[2022-07-30 22:24:04,843] {scheduler_job.py:629} INFO - Processing file /home/airflow/.local/lib/python3.6/site-packages/airflow/example_dags/tutorial_etl_dag.py for tasks to queue
[2022-07-30 22:24:04,846] {logging_mixin.py:104} INFO - [2022-07-30 22:24:04,845] {dagbag.py:451} INFO - Filling up the DagBag from /home/airflow/.local/lib/python3.6/site-packages/airflow/example_dags/tutorial_etl_dag.py
[2022-07-30 22:24:04,912] {scheduler_job.py:639} INFO - DAG(s) dict_keys(['tutorial_etl_dag']) retrieved from /home/airflow/.local/lib/python3.6/site-packages/airflow/example_dags/tutorial_etl_dag.py
[2022-07-30 22:24:04,962] {logging_mixin.py:104} INFO - [2022-07-30 22:24:04,962] {dag.py:1824} INFO - Sync 1 DAGs
[2022-07-30 22:24:05,003] {logging_mixin.py:104} INFO - [2022-07-30 22:24:05,003] {dag.py:2280} INFO - Setting next_dagrun for tutorial_etl_dag to None
[2022-07-30 22:24:05,029] {scheduler_job.py:190} INFO - Processing /home/airflow/.local/lib/python3.6/site-packages/airflow/example_dags/tutorial_etl_dag.py took 0.206 seconds
[2022-07-30 22:24:35,243] {scheduler_job.py:182} INFO - Started process (PID=1523) to work on /home/airflow/.local/lib/python3.6/site-packages/airflow/example_dags/tutorial_etl_dag.py
[2022-07-30 22:24:35,247] {scheduler_job.py:629} INFO - Processing file /home/airflow/.local/lib/python3.6/site-packages/airflow/example_dags/tutorial_etl_dag.py for tasks to queue
[2022-07-30 22:24:35,249] {logging_mixin.py:104} INFO - [2022-07-30 22:24:35,249] {dagbag.py:451} INFO - Filling up the DagBag from /home/airflow/.local/lib/python3.6/site-packages/airflow/example_dags/tutorial_etl_dag.py
[2022-07-30 22:24:35,275] {scheduler_job.py:639} INFO - DAG(s) dict_keys(['tutorial_etl_dag']) retrieved from /home/airflow/.local/lib/python3.6/site-packages/airflow/example_dags/tutorial_etl_dag.py
[2022-07-30 22:24:35,306] {logging_mixin.py:104} INFO - [2022-07-30 22:24:35,306] {dag.py:1824} INFO - Sync 1 DAGs
[2022-07-30 22:24:35,329] {logging_mixin.py:104} INFO - [2022-07-30 22:24:35,329] {dag.py:2280} INFO - Setting next_dagrun for tutorial_etl_dag to None
[2022-07-30 22:24:35,348] {scheduler_job.py:190} INFO - Processing /home/airflow/.local/lib/python3.6/site-packages/airflow/example_dags/tutorial_etl_dag.py took 0.117 seconds
[2022-07-30 22:25:05,793] {scheduler_job.py:182} INFO - Started process (PID=1548) to work on /home/airflow/.local/lib/python3.6/site-packages/airflow/example_dags/tutorial_etl_dag.py
[2022-07-30 22:25:05,796] {scheduler_job.py:629} INFO - Processing file /home/airflow/.local/lib/python3.6/site-packages/airflow/example_dags/tutorial_etl_dag.py for tasks to queue
[2022-07-30 22:25:05,799] {logging_mixin.py:104} INFO - [2022-07-30 22:25:05,799] {dagbag.py:451} INFO - Filling up the DagBag from /home/airflow/.local/lib/python3.6/site-packages/airflow/example_dags/tutorial_etl_dag.py
[2022-07-30 22:25:05,830] {scheduler_job.py:639} INFO - DAG(s) dict_keys(['tutorial_etl_dag']) retrieved from /home/airflow/.local/lib/python3.6/site-packages/airflow/example_dags/tutorial_etl_dag.py
[2022-07-30 22:25:05,879] {logging_mixin.py:104} INFO - [2022-07-30 22:25:05,878] {dag.py:1824} INFO - Sync 1 DAGs
[2022-07-30 22:25:05,924] {logging_mixin.py:104} INFO - [2022-07-30 22:25:05,924] {dag.py:2280} INFO - Setting next_dagrun for tutorial_etl_dag to None
[2022-07-30 22:25:05,959] {scheduler_job.py:190} INFO - Processing /home/airflow/.local/lib/python3.6/site-packages/airflow/example_dags/tutorial_etl_dag.py took 0.176 seconds
[2022-07-30 22:25:36,311] {scheduler_job.py:182} INFO - Started process (PID=1575) to work on /home/airflow/.local/lib/python3.6/site-packages/airflow/example_dags/tutorial_etl_dag.py
[2022-07-30 22:25:36,318] {scheduler_job.py:629} INFO - Processing file /home/airflow/.local/lib/python3.6/site-packages/airflow/example_dags/tutorial_etl_dag.py for tasks to queue
[2022-07-30 22:25:36,322] {logging_mixin.py:104} INFO - [2022-07-30 22:25:36,321] {dagbag.py:451} INFO - Filling up the DagBag from /home/airflow/.local/lib/python3.6/site-packages/airflow/example_dags/tutorial_etl_dag.py
[2022-07-30 22:25:36,378] {scheduler_job.py:639} INFO - DAG(s) dict_keys(['tutorial_etl_dag']) retrieved from /home/airflow/.local/lib/python3.6/site-packages/airflow/example_dags/tutorial_etl_dag.py
[2022-07-30 22:25:36,423] {logging_mixin.py:104} INFO - [2022-07-30 22:25:36,423] {dag.py:1824} INFO - Sync 1 DAGs
[2022-07-30 22:25:36,451] {logging_mixin.py:104} INFO - [2022-07-30 22:25:36,450] {dag.py:2280} INFO - Setting next_dagrun for tutorial_etl_dag to None
[2022-07-30 22:25:36,469] {scheduler_job.py:190} INFO - Processing /home/airflow/.local/lib/python3.6/site-packages/airflow/example_dags/tutorial_etl_dag.py took 0.171 seconds
[2022-07-30 22:26:06,888] {scheduler_job.py:182} INFO - Started process (PID=1600) to work on /home/airflow/.local/lib/python3.6/site-packages/airflow/example_dags/tutorial_etl_dag.py
[2022-07-30 22:26:06,892] {scheduler_job.py:629} INFO - Processing file /home/airflow/.local/lib/python3.6/site-packages/airflow/example_dags/tutorial_etl_dag.py for tasks to queue
[2022-07-30 22:26:06,893] {logging_mixin.py:104} INFO - [2022-07-30 22:26:06,893] {dagbag.py:451} INFO - Filling up the DagBag from /home/airflow/.local/lib/python3.6/site-packages/airflow/example_dags/tutorial_etl_dag.py
[2022-07-30 22:26:06,927] {scheduler_job.py:639} INFO - DAG(s) dict_keys(['tutorial_etl_dag']) retrieved from /home/airflow/.local/lib/python3.6/site-packages/airflow/example_dags/tutorial_etl_dag.py
[2022-07-30 22:26:06,991] {logging_mixin.py:104} INFO - [2022-07-30 22:26:06,991] {dag.py:1824} INFO - Sync 1 DAGs
[2022-07-30 22:26:07,027] {logging_mixin.py:104} INFO - [2022-07-30 22:26:07,027] {dag.py:2280} INFO - Setting next_dagrun for tutorial_etl_dag to None
[2022-07-30 22:26:07,053] {scheduler_job.py:190} INFO - Processing /home/airflow/.local/lib/python3.6/site-packages/airflow/example_dags/tutorial_etl_dag.py took 0.173 seconds
[2022-07-30 22:26:37,304] {scheduler_job.py:182} INFO - Started process (PID=1627) to work on /home/airflow/.local/lib/python3.6/site-packages/airflow/example_dags/tutorial_etl_dag.py
[2022-07-30 22:26:37,308] {scheduler_job.py:629} INFO - Processing file /home/airflow/.local/lib/python3.6/site-packages/airflow/example_dags/tutorial_etl_dag.py for tasks to queue
[2022-07-30 22:26:37,311] {logging_mixin.py:104} INFO - [2022-07-30 22:26:37,310] {dagbag.py:451} INFO - Filling up the DagBag from /home/airflow/.local/lib/python3.6/site-packages/airflow/example_dags/tutorial_etl_dag.py
[2022-07-30 22:26:37,354] {scheduler_job.py:639} INFO - DAG(s) dict_keys(['tutorial_etl_dag']) retrieved from /home/airflow/.local/lib/python3.6/site-packages/airflow/example_dags/tutorial_etl_dag.py
[2022-07-30 22:26:37,410] {logging_mixin.py:104} INFO - [2022-07-30 22:26:37,409] {dag.py:1824} INFO - Sync 1 DAGs
[2022-07-30 22:26:37,449] {logging_mixin.py:104} INFO - [2022-07-30 22:26:37,449] {dag.py:2280} INFO - Setting next_dagrun for tutorial_etl_dag to None
[2022-07-30 22:26:37,475] {scheduler_job.py:190} INFO - Processing /home/airflow/.local/lib/python3.6/site-packages/airflow/example_dags/tutorial_etl_dag.py took 0.186 seconds
[2022-07-30 22:27:08,338] {scheduler_job.py:182} INFO - Started process (PID=1652) to work on /home/airflow/.local/lib/python3.6/site-packages/airflow/example_dags/tutorial_etl_dag.py
[2022-07-30 22:27:08,348] {scheduler_job.py:629} INFO - Processing file /home/airflow/.local/lib/python3.6/site-packages/airflow/example_dags/tutorial_etl_dag.py for tasks to queue
[2022-07-30 22:27:08,354] {logging_mixin.py:104} INFO - [2022-07-30 22:27:08,353] {dagbag.py:451} INFO - Filling up the DagBag from /home/airflow/.local/lib/python3.6/site-packages/airflow/example_dags/tutorial_etl_dag.py
[2022-07-30 22:27:08,460] {scheduler_job.py:639} INFO - DAG(s) dict_keys(['tutorial_etl_dag']) retrieved from /home/airflow/.local/lib/python3.6/site-packages/airflow/example_dags/tutorial_etl_dag.py
[2022-07-30 22:27:08,539] {logging_mixin.py:104} INFO - [2022-07-30 22:27:08,539] {dag.py:1824} INFO - Sync 1 DAGs
[2022-07-30 22:27:08,565] {logging_mixin.py:104} INFO - [2022-07-30 22:27:08,565] {dag.py:2280} INFO - Setting next_dagrun for tutorial_etl_dag to None
[2022-07-30 22:27:08,588] {scheduler_job.py:190} INFO - Processing /home/airflow/.local/lib/python3.6/site-packages/airflow/example_dags/tutorial_etl_dag.py took 0.268 seconds
[2022-07-30 22:27:39,457] {scheduler_job.py:182} INFO - Started process (PID=1678) to work on /home/airflow/.local/lib/python3.6/site-packages/airflow/example_dags/tutorial_etl_dag.py
[2022-07-30 22:27:39,472] {scheduler_job.py:629} INFO - Processing file /home/airflow/.local/lib/python3.6/site-packages/airflow/example_dags/tutorial_etl_dag.py for tasks to queue
[2022-07-30 22:27:39,479] {logging_mixin.py:104} INFO - [2022-07-30 22:27:39,479] {dagbag.py:451} INFO - Filling up the DagBag from /home/airflow/.local/lib/python3.6/site-packages/airflow/example_dags/tutorial_etl_dag.py
[2022-07-30 22:27:39,571] {scheduler_job.py:639} INFO - DAG(s) dict_keys(['tutorial_etl_dag']) retrieved from /home/airflow/.local/lib/python3.6/site-packages/airflow/example_dags/tutorial_etl_dag.py
[2022-07-30 22:27:39,686] {logging_mixin.py:104} INFO - [2022-07-30 22:27:39,676] {dag.py:1824} INFO - Sync 1 DAGs
[2022-07-30 22:27:39,760] {logging_mixin.py:104} INFO - [2022-07-30 22:27:39,760] {dag.py:2280} INFO - Setting next_dagrun for tutorial_etl_dag to None
[2022-07-30 22:27:39,837] {scheduler_job.py:190} INFO - Processing /home/airflow/.local/lib/python3.6/site-packages/airflow/example_dags/tutorial_etl_dag.py took 0.394 seconds
[2022-07-30 22:28:09,982] {scheduler_job.py:182} INFO - Started process (PID=1704) to work on /home/airflow/.local/lib/python3.6/site-packages/airflow/example_dags/tutorial_etl_dag.py
[2022-07-30 22:28:09,985] {scheduler_job.py:629} INFO - Processing file /home/airflow/.local/lib/python3.6/site-packages/airflow/example_dags/tutorial_etl_dag.py for tasks to queue
[2022-07-30 22:28:09,986] {logging_mixin.py:104} INFO - [2022-07-30 22:28:09,986] {dagbag.py:451} INFO - Filling up the DagBag from /home/airflow/.local/lib/python3.6/site-packages/airflow/example_dags/tutorial_etl_dag.py
[2022-07-30 22:28:10,018] {scheduler_job.py:639} INFO - DAG(s) dict_keys(['tutorial_etl_dag']) retrieved from /home/airflow/.local/lib/python3.6/site-packages/airflow/example_dags/tutorial_etl_dag.py
[2022-07-30 22:28:10,074] {logging_mixin.py:104} INFO - [2022-07-30 22:28:10,074] {dag.py:1824} INFO - Sync 1 DAGs
[2022-07-30 22:28:10,107] {logging_mixin.py:104} INFO - [2022-07-30 22:28:10,107] {dag.py:2280} INFO - Setting next_dagrun for tutorial_etl_dag to None
[2022-07-30 22:28:10,134] {scheduler_job.py:190} INFO - Processing /home/airflow/.local/lib/python3.6/site-packages/airflow/example_dags/tutorial_etl_dag.py took 0.159 seconds
[2022-07-30 22:28:40,449] {scheduler_job.py:182} INFO - Started process (PID=1730) to work on /home/airflow/.local/lib/python3.6/site-packages/airflow/example_dags/tutorial_etl_dag.py
[2022-07-30 22:28:40,454] {scheduler_job.py:629} INFO - Processing file /home/airflow/.local/lib/python3.6/site-packages/airflow/example_dags/tutorial_etl_dag.py for tasks to queue
[2022-07-30 22:28:40,458] {logging_mixin.py:104} INFO - [2022-07-30 22:28:40,457] {dagbag.py:451} INFO - Filling up the DagBag from /home/airflow/.local/lib/python3.6/site-packages/airflow/example_dags/tutorial_etl_dag.py
[2022-07-30 22:28:40,500] {scheduler_job.py:639} INFO - DAG(s) dict_keys(['tutorial_etl_dag']) retrieved from /home/airflow/.local/lib/python3.6/site-packages/airflow/example_dags/tutorial_etl_dag.py
[2022-07-30 22:28:40,574] {logging_mixin.py:104} INFO - [2022-07-30 22:28:40,574] {dag.py:1824} INFO - Sync 1 DAGs
[2022-07-30 22:28:40,626] {logging_mixin.py:104} INFO - [2022-07-30 22:28:40,625] {dag.py:2280} INFO - Setting next_dagrun for tutorial_etl_dag to None
[2022-07-30 22:28:40,662] {scheduler_job.py:190} INFO - Processing /home/airflow/.local/lib/python3.6/site-packages/airflow/example_dags/tutorial_etl_dag.py took 0.223 seconds
[2022-07-30 22:29:11,249] {scheduler_job.py:182} INFO - Started process (PID=1757) to work on /home/airflow/.local/lib/python3.6/site-packages/airflow/example_dags/tutorial_etl_dag.py
[2022-07-30 22:29:11,253] {scheduler_job.py:629} INFO - Processing file /home/airflow/.local/lib/python3.6/site-packages/airflow/example_dags/tutorial_etl_dag.py for tasks to queue
[2022-07-30 22:29:11,255] {logging_mixin.py:104} INFO - [2022-07-30 22:29:11,255] {dagbag.py:451} INFO - Filling up the DagBag from /home/airflow/.local/lib/python3.6/site-packages/airflow/example_dags/tutorial_etl_dag.py
[2022-07-30 22:29:11,278] {scheduler_job.py:639} INFO - DAG(s) dict_keys(['tutorial_etl_dag']) retrieved from /home/airflow/.local/lib/python3.6/site-packages/airflow/example_dags/tutorial_etl_dag.py
[2022-07-30 22:29:11,398] {logging_mixin.py:104} INFO - [2022-07-30 22:29:11,398] {dag.py:1824} INFO - Sync 1 DAGs
[2022-07-30 22:29:11,440] {logging_mixin.py:104} INFO - [2022-07-30 22:29:11,440] {dag.py:2280} INFO - Setting next_dagrun for tutorial_etl_dag to None
[2022-07-30 22:29:11,459] {scheduler_job.py:190} INFO - Processing /home/airflow/.local/lib/python3.6/site-packages/airflow/example_dags/tutorial_etl_dag.py took 0.218 seconds
[2022-07-30 22:29:42,046] {scheduler_job.py:182} INFO - Started process (PID=1783) to work on /home/airflow/.local/lib/python3.6/site-packages/airflow/example_dags/tutorial_etl_dag.py
[2022-07-30 22:29:42,052] {scheduler_job.py:629} INFO - Processing file /home/airflow/.local/lib/python3.6/site-packages/airflow/example_dags/tutorial_etl_dag.py for tasks to queue
[2022-07-30 22:29:42,056] {logging_mixin.py:104} INFO - [2022-07-30 22:29:42,055] {dagbag.py:451} INFO - Filling up the DagBag from /home/airflow/.local/lib/python3.6/site-packages/airflow/example_dags/tutorial_etl_dag.py
[2022-07-30 22:29:42,090] {scheduler_job.py:639} INFO - DAG(s) dict_keys(['tutorial_etl_dag']) retrieved from /home/airflow/.local/lib/python3.6/site-packages/airflow/example_dags/tutorial_etl_dag.py
[2022-07-30 22:29:42,124] {logging_mixin.py:104} INFO - [2022-07-30 22:29:42,124] {dag.py:1824} INFO - Sync 1 DAGs
[2022-07-30 22:29:42,144] {logging_mixin.py:104} INFO - [2022-07-30 22:29:42,144] {dag.py:2280} INFO - Setting next_dagrun for tutorial_etl_dag to None
[2022-07-30 22:29:42,160] {scheduler_job.py:190} INFO - Processing /home/airflow/.local/lib/python3.6/site-packages/airflow/example_dags/tutorial_etl_dag.py took 0.124 seconds
[2022-07-30 22:30:12,829] {scheduler_job.py:182} INFO - Started process (PID=1809) to work on /home/airflow/.local/lib/python3.6/site-packages/airflow/example_dags/tutorial_etl_dag.py
[2022-07-30 22:30:12,833] {scheduler_job.py:629} INFO - Processing file /home/airflow/.local/lib/python3.6/site-packages/airflow/example_dags/tutorial_etl_dag.py for tasks to queue
[2022-07-30 22:30:12,836] {logging_mixin.py:104} INFO - [2022-07-30 22:30:12,836] {dagbag.py:451} INFO - Filling up the DagBag from /home/airflow/.local/lib/python3.6/site-packages/airflow/example_dags/tutorial_etl_dag.py
[2022-07-30 22:30:12,872] {scheduler_job.py:639} INFO - DAG(s) dict_keys(['tutorial_etl_dag']) retrieved from /home/airflow/.local/lib/python3.6/site-packages/airflow/example_dags/tutorial_etl_dag.py
[2022-07-30 22:30:12,908] {logging_mixin.py:104} INFO - [2022-07-30 22:30:12,907] {dag.py:1824} INFO - Sync 1 DAGs
[2022-07-30 22:30:12,930] {logging_mixin.py:104} INFO - [2022-07-30 22:30:12,930] {dag.py:2280} INFO - Setting next_dagrun for tutorial_etl_dag to None
[2022-07-30 22:30:12,947] {scheduler_job.py:190} INFO - Processing /home/airflow/.local/lib/python3.6/site-packages/airflow/example_dags/tutorial_etl_dag.py took 0.127 seconds
[2022-07-30 22:30:43,416] {scheduler_job.py:182} INFO - Started process (PID=1835) to work on /home/airflow/.local/lib/python3.6/site-packages/airflow/example_dags/tutorial_etl_dag.py
[2022-07-30 22:30:43,422] {scheduler_job.py:629} INFO - Processing file /home/airflow/.local/lib/python3.6/site-packages/airflow/example_dags/tutorial_etl_dag.py for tasks to queue
[2022-07-30 22:30:43,426] {logging_mixin.py:104} INFO - [2022-07-30 22:30:43,425] {dagbag.py:451} INFO - Filling up the DagBag from /home/airflow/.local/lib/python3.6/site-packages/airflow/example_dags/tutorial_etl_dag.py
[2022-07-30 22:30:43,470] {scheduler_job.py:639} INFO - DAG(s) dict_keys(['tutorial_etl_dag']) retrieved from /home/airflow/.local/lib/python3.6/site-packages/airflow/example_dags/tutorial_etl_dag.py
[2022-07-30 22:30:43,511] {logging_mixin.py:104} INFO - [2022-07-30 22:30:43,511] {dag.py:1824} INFO - Sync 1 DAGs
[2022-07-30 22:30:43,542] {logging_mixin.py:104} INFO - [2022-07-30 22:30:43,542] {dag.py:2280} INFO - Setting next_dagrun for tutorial_etl_dag to None
[2022-07-30 22:30:43,561] {scheduler_job.py:190} INFO - Processing /home/airflow/.local/lib/python3.6/site-packages/airflow/example_dags/tutorial_etl_dag.py took 0.164 seconds
[2022-07-30 22:31:14,555] {scheduler_job.py:182} INFO - Started process (PID=1861) to work on /home/airflow/.local/lib/python3.6/site-packages/airflow/example_dags/tutorial_etl_dag.py
[2022-07-30 22:31:14,558] {scheduler_job.py:629} INFO - Processing file /home/airflow/.local/lib/python3.6/site-packages/airflow/example_dags/tutorial_etl_dag.py for tasks to queue
[2022-07-30 22:31:14,559] {logging_mixin.py:104} INFO - [2022-07-30 22:31:14,559] {dagbag.py:451} INFO - Filling up the DagBag from /home/airflow/.local/lib/python3.6/site-packages/airflow/example_dags/tutorial_etl_dag.py
[2022-07-30 22:31:14,579] {scheduler_job.py:639} INFO - DAG(s) dict_keys(['tutorial_etl_dag']) retrieved from /home/airflow/.local/lib/python3.6/site-packages/airflow/example_dags/tutorial_etl_dag.py
[2022-07-30 22:31:14,612] {logging_mixin.py:104} INFO - [2022-07-30 22:31:14,611] {dag.py:1824} INFO - Sync 1 DAGs
[2022-07-30 22:31:14,634] {logging_mixin.py:104} INFO - [2022-07-30 22:31:14,633] {dag.py:2280} INFO - Setting next_dagrun for tutorial_etl_dag to None
[2022-07-30 22:31:14,650] {scheduler_job.py:190} INFO - Processing /home/airflow/.local/lib/python3.6/site-packages/airflow/example_dags/tutorial_etl_dag.py took 0.100 seconds
[2022-07-30 22:31:44,998] {scheduler_job.py:182} INFO - Started process (PID=1887) to work on /home/airflow/.local/lib/python3.6/site-packages/airflow/example_dags/tutorial_etl_dag.py
[2022-07-30 22:31:45,003] {scheduler_job.py:629} INFO - Processing file /home/airflow/.local/lib/python3.6/site-packages/airflow/example_dags/tutorial_etl_dag.py for tasks to queue
[2022-07-30 22:31:45,006] {logging_mixin.py:104} INFO - [2022-07-30 22:31:45,005] {dagbag.py:451} INFO - Filling up the DagBag from /home/airflow/.local/lib/python3.6/site-packages/airflow/example_dags/tutorial_etl_dag.py
[2022-07-30 22:31:45,027] {scheduler_job.py:639} INFO - DAG(s) dict_keys(['tutorial_etl_dag']) retrieved from /home/airflow/.local/lib/python3.6/site-packages/airflow/example_dags/tutorial_etl_dag.py
[2022-07-30 22:31:45,060] {logging_mixin.py:104} INFO - [2022-07-30 22:31:45,060] {dag.py:1824} INFO - Sync 1 DAGs
[2022-07-30 22:31:45,086] {logging_mixin.py:104} INFO - [2022-07-30 22:31:45,086] {dag.py:2280} INFO - Setting next_dagrun for tutorial_etl_dag to None
[2022-07-30 22:31:45,104] {scheduler_job.py:190} INFO - Processing /home/airflow/.local/lib/python3.6/site-packages/airflow/example_dags/tutorial_etl_dag.py took 0.115 seconds
[2022-07-30 22:34:30,774] {scheduler_job.py:182} INFO - Started process (PID=35) to work on /home/airflow/.local/lib/python3.6/site-packages/airflow/example_dags/tutorial_etl_dag.py
[2022-07-30 22:34:30,777] {scheduler_job.py:629} INFO - Processing file /home/airflow/.local/lib/python3.6/site-packages/airflow/example_dags/tutorial_etl_dag.py for tasks to queue
[2022-07-30 22:34:30,779] {logging_mixin.py:104} INFO - [2022-07-30 22:34:30,778] {dagbag.py:451} INFO - Filling up the DagBag from /home/airflow/.local/lib/python3.6/site-packages/airflow/example_dags/tutorial_etl_dag.py
[2022-07-30 22:34:30,874] {scheduler_job.py:639} INFO - DAG(s) dict_keys(['tutorial_etl_dag']) retrieved from /home/airflow/.local/lib/python3.6/site-packages/airflow/example_dags/tutorial_etl_dag.py
[2022-07-30 22:34:31,021] {logging_mixin.py:104} INFO - [2022-07-30 22:34:31,020] {dag.py:1824} INFO - Sync 1 DAGs
[2022-07-30 22:34:31,082] {logging_mixin.py:104} INFO - [2022-07-30 22:34:31,082] {dag.py:2280} INFO - Setting next_dagrun for tutorial_etl_dag to None
[2022-07-30 22:34:31,133] {scheduler_job.py:190} INFO - Processing /home/airflow/.local/lib/python3.6/site-packages/airflow/example_dags/tutorial_etl_dag.py took 0.364 seconds
