[2022-07-30 21:55:24,116] {scheduler_job.py:182} INFO - Started process (PID=49) to work on /home/airflow/.local/lib/python3.6/site-packages/airflow/example_dags/tutorial_taskflow_api_etl.py
[2022-07-30 21:55:24,134] {scheduler_job.py:629} INFO - Processing file /home/airflow/.local/lib/python3.6/site-packages/airflow/example_dags/tutorial_taskflow_api_etl.py for tasks to queue
[2022-07-30 21:55:24,146] {logging_mixin.py:104} INFO - [2022-07-30 21:55:24,145] {dagbag.py:451} INFO - Filling up the DagBag from /home/airflow/.local/lib/python3.6/site-packages/airflow/example_dags/tutorial_taskflow_api_etl.py
[2022-07-30 21:55:24,363] {scheduler_job.py:639} INFO - DAG(s) dict_keys(['tutorial_taskflow_api_etl']) retrieved from /home/airflow/.local/lib/python3.6/site-packages/airflow/example_dags/tutorial_taskflow_api_etl.py
[2022-07-30 21:55:24,508] {logging_mixin.py:104} INFO - [2022-07-30 21:55:24,508] {dag.py:1824} INFO - Sync 1 DAGs
[2022-07-30 21:55:24,537] {logging_mixin.py:104} INFO - [2022-07-30 21:55:24,537] {dag.py:1843} INFO - Creating ORM DAG for tutorial_taskflow_api_etl
[2022-07-30 21:55:24,561] {logging_mixin.py:104} INFO - [2022-07-30 21:55:24,556] {dag.py:2280} INFO - Setting next_dagrun for tutorial_taskflow_api_etl to None
[2022-07-30 21:55:24,630] {scheduler_job.py:190} INFO - Processing /home/airflow/.local/lib/python3.6/site-packages/airflow/example_dags/tutorial_taskflow_api_etl.py took 0.603 seconds
[2022-07-30 21:55:54,865] {scheduler_job.py:182} INFO - Started process (PID=75) to work on /home/airflow/.local/lib/python3.6/site-packages/airflow/example_dags/tutorial_taskflow_api_etl.py
[2022-07-30 21:55:54,867] {scheduler_job.py:629} INFO - Processing file /home/airflow/.local/lib/python3.6/site-packages/airflow/example_dags/tutorial_taskflow_api_etl.py for tasks to queue
[2022-07-30 21:55:54,869] {logging_mixin.py:104} INFO - [2022-07-30 21:55:54,869] {dagbag.py:451} INFO - Filling up the DagBag from /home/airflow/.local/lib/python3.6/site-packages/airflow/example_dags/tutorial_taskflow_api_etl.py
[2022-07-30 21:55:54,896] {scheduler_job.py:639} INFO - DAG(s) dict_keys(['tutorial_taskflow_api_etl']) retrieved from /home/airflow/.local/lib/python3.6/site-packages/airflow/example_dags/tutorial_taskflow_api_etl.py
[2022-07-30 21:55:54,939] {logging_mixin.py:104} INFO - [2022-07-30 21:55:54,939] {dag.py:1824} INFO - Sync 1 DAGs
[2022-07-30 21:55:54,972] {logging_mixin.py:104} INFO - [2022-07-30 21:55:54,972] {dag.py:2280} INFO - Setting next_dagrun for tutorial_taskflow_api_etl to None
[2022-07-30 21:55:55,012] {scheduler_job.py:190} INFO - Processing /home/airflow/.local/lib/python3.6/site-packages/airflow/example_dags/tutorial_taskflow_api_etl.py took 0.153 seconds
[2022-07-30 21:56:25,081] {scheduler_job.py:182} INFO - Started process (PID=101) to work on /home/airflow/.local/lib/python3.6/site-packages/airflow/example_dags/tutorial_taskflow_api_etl.py
[2022-07-30 21:56:25,083] {scheduler_job.py:629} INFO - Processing file /home/airflow/.local/lib/python3.6/site-packages/airflow/example_dags/tutorial_taskflow_api_etl.py for tasks to queue
[2022-07-30 21:56:25,085] {logging_mixin.py:104} INFO - [2022-07-30 21:56:25,084] {dagbag.py:451} INFO - Filling up the DagBag from /home/airflow/.local/lib/python3.6/site-packages/airflow/example_dags/tutorial_taskflow_api_etl.py
[2022-07-30 21:56:25,107] {scheduler_job.py:639} INFO - DAG(s) dict_keys(['tutorial_taskflow_api_etl']) retrieved from /home/airflow/.local/lib/python3.6/site-packages/airflow/example_dags/tutorial_taskflow_api_etl.py
[2022-07-30 21:56:25,146] {logging_mixin.py:104} INFO - [2022-07-30 21:56:25,146] {dag.py:1824} INFO - Sync 1 DAGs
[2022-07-30 21:56:25,170] {logging_mixin.py:104} INFO - [2022-07-30 21:56:25,170] {dag.py:2280} INFO - Setting next_dagrun for tutorial_taskflow_api_etl to None
[2022-07-30 21:56:25,185] {scheduler_job.py:190} INFO - Processing /home/airflow/.local/lib/python3.6/site-packages/airflow/example_dags/tutorial_taskflow_api_etl.py took 0.109 seconds
[2022-07-30 21:56:55,473] {scheduler_job.py:182} INFO - Started process (PID=122) to work on /home/airflow/.local/lib/python3.6/site-packages/airflow/example_dags/tutorial_taskflow_api_etl.py
[2022-07-30 21:56:55,476] {scheduler_job.py:629} INFO - Processing file /home/airflow/.local/lib/python3.6/site-packages/airflow/example_dags/tutorial_taskflow_api_etl.py for tasks to queue
[2022-07-30 21:56:55,478] {logging_mixin.py:104} INFO - [2022-07-30 21:56:55,478] {dagbag.py:451} INFO - Filling up the DagBag from /home/airflow/.local/lib/python3.6/site-packages/airflow/example_dags/tutorial_taskflow_api_etl.py
[2022-07-30 21:56:55,505] {scheduler_job.py:639} INFO - DAG(s) dict_keys(['tutorial_taskflow_api_etl']) retrieved from /home/airflow/.local/lib/python3.6/site-packages/airflow/example_dags/tutorial_taskflow_api_etl.py
[2022-07-30 21:56:55,556] {logging_mixin.py:104} INFO - [2022-07-30 21:56:55,556] {dag.py:1824} INFO - Sync 1 DAGs
[2022-07-30 21:56:55,584] {logging_mixin.py:104} INFO - [2022-07-30 21:56:55,584] {dag.py:2280} INFO - Setting next_dagrun for tutorial_taskflow_api_etl to None
[2022-07-30 21:56:55,607] {scheduler_job.py:190} INFO - Processing /home/airflow/.local/lib/python3.6/site-packages/airflow/example_dags/tutorial_taskflow_api_etl.py took 0.140 seconds
[2022-07-30 21:57:26,310] {scheduler_job.py:182} INFO - Started process (PID=148) to work on /home/airflow/.local/lib/python3.6/site-packages/airflow/example_dags/tutorial_taskflow_api_etl.py
[2022-07-30 21:57:26,313] {scheduler_job.py:629} INFO - Processing file /home/airflow/.local/lib/python3.6/site-packages/airflow/example_dags/tutorial_taskflow_api_etl.py for tasks to queue
[2022-07-30 21:57:26,314] {logging_mixin.py:104} INFO - [2022-07-30 21:57:26,314] {dagbag.py:451} INFO - Filling up the DagBag from /home/airflow/.local/lib/python3.6/site-packages/airflow/example_dags/tutorial_taskflow_api_etl.py
[2022-07-30 21:57:26,340] {scheduler_job.py:639} INFO - DAG(s) dict_keys(['tutorial_taskflow_api_etl']) retrieved from /home/airflow/.local/lib/python3.6/site-packages/airflow/example_dags/tutorial_taskflow_api_etl.py
[2022-07-30 21:57:26,385] {logging_mixin.py:104} INFO - [2022-07-30 21:57:26,385] {dag.py:1824} INFO - Sync 1 DAGs
[2022-07-30 21:57:26,411] {logging_mixin.py:104} INFO - [2022-07-30 21:57:26,411] {dag.py:2280} INFO - Setting next_dagrun for tutorial_taskflow_api_etl to None
[2022-07-30 21:57:26,439] {scheduler_job.py:190} INFO - Processing /home/airflow/.local/lib/python3.6/site-packages/airflow/example_dags/tutorial_taskflow_api_etl.py took 0.135 seconds
[2022-07-30 21:57:57,365] {scheduler_job.py:182} INFO - Started process (PID=174) to work on /home/airflow/.local/lib/python3.6/site-packages/airflow/example_dags/tutorial_taskflow_api_etl.py
[2022-07-30 21:57:57,369] {scheduler_job.py:629} INFO - Processing file /home/airflow/.local/lib/python3.6/site-packages/airflow/example_dags/tutorial_taskflow_api_etl.py for tasks to queue
[2022-07-30 21:57:57,371] {logging_mixin.py:104} INFO - [2022-07-30 21:57:57,370] {dagbag.py:451} INFO - Filling up the DagBag from /home/airflow/.local/lib/python3.6/site-packages/airflow/example_dags/tutorial_taskflow_api_etl.py
[2022-07-30 21:57:57,396] {scheduler_job.py:639} INFO - DAG(s) dict_keys(['tutorial_taskflow_api_etl']) retrieved from /home/airflow/.local/lib/python3.6/site-packages/airflow/example_dags/tutorial_taskflow_api_etl.py
[2022-07-30 21:57:57,478] {logging_mixin.py:104} INFO - [2022-07-30 21:57:57,478] {dag.py:1824} INFO - Sync 1 DAGs
[2022-07-30 21:57:57,533] {logging_mixin.py:104} INFO - [2022-07-30 21:57:57,533] {dag.py:2280} INFO - Setting next_dagrun for tutorial_taskflow_api_etl to None
[2022-07-30 21:57:57,563] {scheduler_job.py:190} INFO - Processing /home/airflow/.local/lib/python3.6/site-packages/airflow/example_dags/tutorial_taskflow_api_etl.py took 0.203 seconds
[2022-07-30 21:58:28,498] {scheduler_job.py:182} INFO - Started process (PID=200) to work on /home/airflow/.local/lib/python3.6/site-packages/airflow/example_dags/tutorial_taskflow_api_etl.py
[2022-07-30 21:58:28,501] {scheduler_job.py:629} INFO - Processing file /home/airflow/.local/lib/python3.6/site-packages/airflow/example_dags/tutorial_taskflow_api_etl.py for tasks to queue
[2022-07-30 21:58:28,505] {logging_mixin.py:104} INFO - [2022-07-30 21:58:28,505] {dagbag.py:451} INFO - Filling up the DagBag from /home/airflow/.local/lib/python3.6/site-packages/airflow/example_dags/tutorial_taskflow_api_etl.py
[2022-07-30 21:58:28,558] {scheduler_job.py:639} INFO - DAG(s) dict_keys(['tutorial_taskflow_api_etl']) retrieved from /home/airflow/.local/lib/python3.6/site-packages/airflow/example_dags/tutorial_taskflow_api_etl.py
[2022-07-30 21:58:28,600] {logging_mixin.py:104} INFO - [2022-07-30 21:58:28,600] {dag.py:1824} INFO - Sync 1 DAGs
[2022-07-30 21:58:28,622] {logging_mixin.py:104} INFO - [2022-07-30 21:58:28,621] {dag.py:2280} INFO - Setting next_dagrun for tutorial_taskflow_api_etl to None
[2022-07-30 21:58:28,641] {scheduler_job.py:190} INFO - Processing /home/airflow/.local/lib/python3.6/site-packages/airflow/example_dags/tutorial_taskflow_api_etl.py took 0.152 seconds
[2022-07-30 21:58:59,021] {scheduler_job.py:182} INFO - Started process (PID=226) to work on /home/airflow/.local/lib/python3.6/site-packages/airflow/example_dags/tutorial_taskflow_api_etl.py
[2022-07-30 21:58:59,024] {scheduler_job.py:629} INFO - Processing file /home/airflow/.local/lib/python3.6/site-packages/airflow/example_dags/tutorial_taskflow_api_etl.py for tasks to queue
[2022-07-30 21:58:59,027] {logging_mixin.py:104} INFO - [2022-07-30 21:58:59,026] {dagbag.py:451} INFO - Filling up the DagBag from /home/airflow/.local/lib/python3.6/site-packages/airflow/example_dags/tutorial_taskflow_api_etl.py
[2022-07-30 21:58:59,071] {scheduler_job.py:639} INFO - DAG(s) dict_keys(['tutorial_taskflow_api_etl']) retrieved from /home/airflow/.local/lib/python3.6/site-packages/airflow/example_dags/tutorial_taskflow_api_etl.py
[2022-07-30 21:58:59,146] {logging_mixin.py:104} INFO - [2022-07-30 21:58:59,146] {dag.py:1824} INFO - Sync 1 DAGs
[2022-07-30 21:58:59,177] {logging_mixin.py:104} INFO - [2022-07-30 21:58:59,176] {dag.py:2280} INFO - Setting next_dagrun for tutorial_taskflow_api_etl to None
[2022-07-30 21:58:59,201] {scheduler_job.py:190} INFO - Processing /home/airflow/.local/lib/python3.6/site-packages/airflow/example_dags/tutorial_taskflow_api_etl.py took 0.189 seconds
[2022-07-30 21:59:29,613] {scheduler_job.py:182} INFO - Started process (PID=252) to work on /home/airflow/.local/lib/python3.6/site-packages/airflow/example_dags/tutorial_taskflow_api_etl.py
[2022-07-30 21:59:29,615] {scheduler_job.py:629} INFO - Processing file /home/airflow/.local/lib/python3.6/site-packages/airflow/example_dags/tutorial_taskflow_api_etl.py for tasks to queue
[2022-07-30 21:59:29,616] {logging_mixin.py:104} INFO - [2022-07-30 21:59:29,616] {dagbag.py:451} INFO - Filling up the DagBag from /home/airflow/.local/lib/python3.6/site-packages/airflow/example_dags/tutorial_taskflow_api_etl.py
[2022-07-30 21:59:29,640] {scheduler_job.py:639} INFO - DAG(s) dict_keys(['tutorial_taskflow_api_etl']) retrieved from /home/airflow/.local/lib/python3.6/site-packages/airflow/example_dags/tutorial_taskflow_api_etl.py
[2022-07-30 21:59:29,684] {logging_mixin.py:104} INFO - [2022-07-30 21:59:29,684] {dag.py:1824} INFO - Sync 1 DAGs
[2022-07-30 21:59:29,705] {logging_mixin.py:104} INFO - [2022-07-30 21:59:29,705] {dag.py:2280} INFO - Setting next_dagrun for tutorial_taskflow_api_etl to None
[2022-07-30 21:59:29,732] {scheduler_job.py:190} INFO - Processing /home/airflow/.local/lib/python3.6/site-packages/airflow/example_dags/tutorial_taskflow_api_etl.py took 0.126 seconds
[2022-07-30 22:00:00,595] {scheduler_job.py:182} INFO - Started process (PID=279) to work on /home/airflow/.local/lib/python3.6/site-packages/airflow/example_dags/tutorial_taskflow_api_etl.py
[2022-07-30 22:00:00,598] {scheduler_job.py:629} INFO - Processing file /home/airflow/.local/lib/python3.6/site-packages/airflow/example_dags/tutorial_taskflow_api_etl.py for tasks to queue
[2022-07-30 22:00:00,599] {logging_mixin.py:104} INFO - [2022-07-30 22:00:00,599] {dagbag.py:451} INFO - Filling up the DagBag from /home/airflow/.local/lib/python3.6/site-packages/airflow/example_dags/tutorial_taskflow_api_etl.py
[2022-07-30 22:00:00,630] {scheduler_job.py:639} INFO - DAG(s) dict_keys(['tutorial_taskflow_api_etl']) retrieved from /home/airflow/.local/lib/python3.6/site-packages/airflow/example_dags/tutorial_taskflow_api_etl.py
[2022-07-30 22:00:00,677] {logging_mixin.py:104} INFO - [2022-07-30 22:00:00,677] {dag.py:1824} INFO - Sync 1 DAGs
[2022-07-30 22:00:00,705] {logging_mixin.py:104} INFO - [2022-07-30 22:00:00,705] {dag.py:2280} INFO - Setting next_dagrun for tutorial_taskflow_api_etl to None
[2022-07-30 22:00:00,732] {scheduler_job.py:190} INFO - Processing /home/airflow/.local/lib/python3.6/site-packages/airflow/example_dags/tutorial_taskflow_api_etl.py took 0.142 seconds
[2022-07-30 22:00:31,015] {scheduler_job.py:182} INFO - Started process (PID=305) to work on /home/airflow/.local/lib/python3.6/site-packages/airflow/example_dags/tutorial_taskflow_api_etl.py
[2022-07-30 22:00:31,018] {scheduler_job.py:629} INFO - Processing file /home/airflow/.local/lib/python3.6/site-packages/airflow/example_dags/tutorial_taskflow_api_etl.py for tasks to queue
[2022-07-30 22:00:31,020] {logging_mixin.py:104} INFO - [2022-07-30 22:00:31,019] {dagbag.py:451} INFO - Filling up the DagBag from /home/airflow/.local/lib/python3.6/site-packages/airflow/example_dags/tutorial_taskflow_api_etl.py
[2022-07-30 22:00:31,056] {scheduler_job.py:639} INFO - DAG(s) dict_keys(['tutorial_taskflow_api_etl']) retrieved from /home/airflow/.local/lib/python3.6/site-packages/airflow/example_dags/tutorial_taskflow_api_etl.py
[2022-07-30 22:00:31,096] {logging_mixin.py:104} INFO - [2022-07-30 22:00:31,096] {dag.py:1824} INFO - Sync 1 DAGs
[2022-07-30 22:00:31,120] {logging_mixin.py:104} INFO - [2022-07-30 22:00:31,120] {dag.py:2280} INFO - Setting next_dagrun for tutorial_taskflow_api_etl to None
[2022-07-30 22:00:31,146] {scheduler_job.py:190} INFO - Processing /home/airflow/.local/lib/python3.6/site-packages/airflow/example_dags/tutorial_taskflow_api_etl.py took 0.137 seconds
[2022-07-30 22:01:02,315] {scheduler_job.py:182} INFO - Started process (PID=331) to work on /home/airflow/.local/lib/python3.6/site-packages/airflow/example_dags/tutorial_taskflow_api_etl.py
[2022-07-30 22:01:02,319] {scheduler_job.py:629} INFO - Processing file /home/airflow/.local/lib/python3.6/site-packages/airflow/example_dags/tutorial_taskflow_api_etl.py for tasks to queue
[2022-07-30 22:01:02,321] {logging_mixin.py:104} INFO - [2022-07-30 22:01:02,321] {dagbag.py:451} INFO - Filling up the DagBag from /home/airflow/.local/lib/python3.6/site-packages/airflow/example_dags/tutorial_taskflow_api_etl.py
[2022-07-30 22:01:02,353] {scheduler_job.py:639} INFO - DAG(s) dict_keys(['tutorial_taskflow_api_etl']) retrieved from /home/airflow/.local/lib/python3.6/site-packages/airflow/example_dags/tutorial_taskflow_api_etl.py
[2022-07-30 22:01:02,399] {logging_mixin.py:104} INFO - [2022-07-30 22:01:02,399] {dag.py:1824} INFO - Sync 1 DAGs
[2022-07-30 22:01:02,436] {logging_mixin.py:104} INFO - [2022-07-30 22:01:02,436] {dag.py:2280} INFO - Setting next_dagrun for tutorial_taskflow_api_etl to None
[2022-07-30 22:01:02,480] {scheduler_job.py:190} INFO - Processing /home/airflow/.local/lib/python3.6/site-packages/airflow/example_dags/tutorial_taskflow_api_etl.py took 0.170 seconds
[2022-07-30 22:01:33,766] {scheduler_job.py:182} INFO - Started process (PID=356) to work on /home/airflow/.local/lib/python3.6/site-packages/airflow/example_dags/tutorial_taskflow_api_etl.py
[2022-07-30 22:01:33,771] {scheduler_job.py:629} INFO - Processing file /home/airflow/.local/lib/python3.6/site-packages/airflow/example_dags/tutorial_taskflow_api_etl.py for tasks to queue
[2022-07-30 22:01:33,782] {logging_mixin.py:104} INFO - [2022-07-30 22:01:33,782] {dagbag.py:451} INFO - Filling up the DagBag from /home/airflow/.local/lib/python3.6/site-packages/airflow/example_dags/tutorial_taskflow_api_etl.py
[2022-07-30 22:01:33,909] {scheduler_job.py:639} INFO - DAG(s) dict_keys(['tutorial_taskflow_api_etl']) retrieved from /home/airflow/.local/lib/python3.6/site-packages/airflow/example_dags/tutorial_taskflow_api_etl.py
[2022-07-30 22:01:34,052] {logging_mixin.py:104} INFO - [2022-07-30 22:01:34,051] {dag.py:1824} INFO - Sync 1 DAGs
[2022-07-30 22:01:34,081] {logging_mixin.py:104} INFO - [2022-07-30 22:01:34,081] {dag.py:2280} INFO - Setting next_dagrun for tutorial_taskflow_api_etl to None
[2022-07-30 22:01:34,182] {scheduler_job.py:190} INFO - Processing /home/airflow/.local/lib/python3.6/site-packages/airflow/example_dags/tutorial_taskflow_api_etl.py took 0.421 seconds
[2022-07-30 22:02:04,381] {scheduler_job.py:182} INFO - Started process (PID=381) to work on /home/airflow/.local/lib/python3.6/site-packages/airflow/example_dags/tutorial_taskflow_api_etl.py
[2022-07-30 22:02:04,383] {scheduler_job.py:629} INFO - Processing file /home/airflow/.local/lib/python3.6/site-packages/airflow/example_dags/tutorial_taskflow_api_etl.py for tasks to queue
[2022-07-30 22:02:04,385] {logging_mixin.py:104} INFO - [2022-07-30 22:02:04,384] {dagbag.py:451} INFO - Filling up the DagBag from /home/airflow/.local/lib/python3.6/site-packages/airflow/example_dags/tutorial_taskflow_api_etl.py
[2022-07-30 22:02:04,411] {scheduler_job.py:639} INFO - DAG(s) dict_keys(['tutorial_taskflow_api_etl']) retrieved from /home/airflow/.local/lib/python3.6/site-packages/airflow/example_dags/tutorial_taskflow_api_etl.py
[2022-07-30 22:02:04,457] {logging_mixin.py:104} INFO - [2022-07-30 22:02:04,457] {dag.py:1824} INFO - Sync 1 DAGs
[2022-07-30 22:02:04,481] {logging_mixin.py:104} INFO - [2022-07-30 22:02:04,480] {dag.py:2280} INFO - Setting next_dagrun for tutorial_taskflow_api_etl to None
[2022-07-30 22:02:04,500] {scheduler_job.py:190} INFO - Processing /home/airflow/.local/lib/python3.6/site-packages/airflow/example_dags/tutorial_taskflow_api_etl.py took 0.124 seconds
[2022-07-30 22:02:34,888] {scheduler_job.py:182} INFO - Started process (PID=406) to work on /home/airflow/.local/lib/python3.6/site-packages/airflow/example_dags/tutorial_taskflow_api_etl.py
[2022-07-30 22:02:34,899] {scheduler_job.py:629} INFO - Processing file /home/airflow/.local/lib/python3.6/site-packages/airflow/example_dags/tutorial_taskflow_api_etl.py for tasks to queue
[2022-07-30 22:02:34,901] {logging_mixin.py:104} INFO - [2022-07-30 22:02:34,900] {dagbag.py:451} INFO - Filling up the DagBag from /home/airflow/.local/lib/python3.6/site-packages/airflow/example_dags/tutorial_taskflow_api_etl.py
[2022-07-30 22:02:34,935] {scheduler_job.py:639} INFO - DAG(s) dict_keys(['tutorial_taskflow_api_etl']) retrieved from /home/airflow/.local/lib/python3.6/site-packages/airflow/example_dags/tutorial_taskflow_api_etl.py
[2022-07-30 22:02:34,981] {logging_mixin.py:104} INFO - [2022-07-30 22:02:34,981] {dag.py:1824} INFO - Sync 1 DAGs
[2022-07-30 22:02:35,006] {logging_mixin.py:104} INFO - [2022-07-30 22:02:35,006] {dag.py:2280} INFO - Setting next_dagrun for tutorial_taskflow_api_etl to None
[2022-07-30 22:02:35,032] {scheduler_job.py:190} INFO - Processing /home/airflow/.local/lib/python3.6/site-packages/airflow/example_dags/tutorial_taskflow_api_etl.py took 0.159 seconds
[2022-07-30 22:03:06,139] {scheduler_job.py:182} INFO - Started process (PID=433) to work on /home/airflow/.local/lib/python3.6/site-packages/airflow/example_dags/tutorial_taskflow_api_etl.py
[2022-07-30 22:03:06,142] {scheduler_job.py:629} INFO - Processing file /home/airflow/.local/lib/python3.6/site-packages/airflow/example_dags/tutorial_taskflow_api_etl.py for tasks to queue
[2022-07-30 22:03:06,144] {logging_mixin.py:104} INFO - [2022-07-30 22:03:06,143] {dagbag.py:451} INFO - Filling up the DagBag from /home/airflow/.local/lib/python3.6/site-packages/airflow/example_dags/tutorial_taskflow_api_etl.py
[2022-07-30 22:03:06,188] {scheduler_job.py:639} INFO - DAG(s) dict_keys(['tutorial_taskflow_api_etl']) retrieved from /home/airflow/.local/lib/python3.6/site-packages/airflow/example_dags/tutorial_taskflow_api_etl.py
[2022-07-30 22:03:06,250] {logging_mixin.py:104} INFO - [2022-07-30 22:03:06,250] {dag.py:1824} INFO - Sync 1 DAGs
[2022-07-30 22:03:06,295] {logging_mixin.py:104} INFO - [2022-07-30 22:03:06,295] {dag.py:2280} INFO - Setting next_dagrun for tutorial_taskflow_api_etl to None
[2022-07-30 22:03:06,330] {scheduler_job.py:190} INFO - Processing /home/airflow/.local/lib/python3.6/site-packages/airflow/example_dags/tutorial_taskflow_api_etl.py took 0.204 seconds
[2022-07-30 22:03:36,506] {scheduler_job.py:182} INFO - Started process (PID=459) to work on /home/airflow/.local/lib/python3.6/site-packages/airflow/example_dags/tutorial_taskflow_api_etl.py
[2022-07-30 22:03:36,508] {scheduler_job.py:629} INFO - Processing file /home/airflow/.local/lib/python3.6/site-packages/airflow/example_dags/tutorial_taskflow_api_etl.py for tasks to queue
[2022-07-30 22:03:36,509] {logging_mixin.py:104} INFO - [2022-07-30 22:03:36,509] {dagbag.py:451} INFO - Filling up the DagBag from /home/airflow/.local/lib/python3.6/site-packages/airflow/example_dags/tutorial_taskflow_api_etl.py
[2022-07-30 22:03:36,540] {scheduler_job.py:639} INFO - DAG(s) dict_keys(['tutorial_taskflow_api_etl']) retrieved from /home/airflow/.local/lib/python3.6/site-packages/airflow/example_dags/tutorial_taskflow_api_etl.py
[2022-07-30 22:03:36,580] {logging_mixin.py:104} INFO - [2022-07-30 22:03:36,579] {dag.py:1824} INFO - Sync 1 DAGs
[2022-07-30 22:03:36,628] {logging_mixin.py:104} INFO - [2022-07-30 22:03:36,628] {dag.py:2280} INFO - Setting next_dagrun for tutorial_taskflow_api_etl to None
[2022-07-30 22:03:36,668] {scheduler_job.py:190} INFO - Processing /home/airflow/.local/lib/python3.6/site-packages/airflow/example_dags/tutorial_taskflow_api_etl.py took 0.166 seconds
[2022-07-30 22:04:06,778] {scheduler_job.py:182} INFO - Started process (PID=484) to work on /home/airflow/.local/lib/python3.6/site-packages/airflow/example_dags/tutorial_taskflow_api_etl.py
[2022-07-30 22:04:06,782] {scheduler_job.py:629} INFO - Processing file /home/airflow/.local/lib/python3.6/site-packages/airflow/example_dags/tutorial_taskflow_api_etl.py for tasks to queue
[2022-07-30 22:04:06,783] {logging_mixin.py:104} INFO - [2022-07-30 22:04:06,783] {dagbag.py:451} INFO - Filling up the DagBag from /home/airflow/.local/lib/python3.6/site-packages/airflow/example_dags/tutorial_taskflow_api_etl.py
[2022-07-30 22:04:06,837] {scheduler_job.py:639} INFO - DAG(s) dict_keys(['tutorial_taskflow_api_etl']) retrieved from /home/airflow/.local/lib/python3.6/site-packages/airflow/example_dags/tutorial_taskflow_api_etl.py
[2022-07-30 22:04:07,952] {logging_mixin.py:104} INFO - [2022-07-30 22:04:07,952] {dag.py:1824} INFO - Sync 1 DAGs
[2022-07-30 22:04:08,061] {logging_mixin.py:104} INFO - [2022-07-30 22:04:08,060] {dag.py:2280} INFO - Setting next_dagrun for tutorial_taskflow_api_etl to None
[2022-07-30 22:04:08,179] {scheduler_job.py:190} INFO - Processing /home/airflow/.local/lib/python3.6/site-packages/airflow/example_dags/tutorial_taskflow_api_etl.py took 1.406 seconds
[2022-07-30 22:04:38,546] {scheduler_job.py:182} INFO - Started process (PID=510) to work on /home/airflow/.local/lib/python3.6/site-packages/airflow/example_dags/tutorial_taskflow_api_etl.py
[2022-07-30 22:04:38,550] {scheduler_job.py:629} INFO - Processing file /home/airflow/.local/lib/python3.6/site-packages/airflow/example_dags/tutorial_taskflow_api_etl.py for tasks to queue
[2022-07-30 22:04:38,553] {logging_mixin.py:104} INFO - [2022-07-30 22:04:38,553] {dagbag.py:451} INFO - Filling up the DagBag from /home/airflow/.local/lib/python3.6/site-packages/airflow/example_dags/tutorial_taskflow_api_etl.py
[2022-07-30 22:04:38,590] {scheduler_job.py:639} INFO - DAG(s) dict_keys(['tutorial_taskflow_api_etl']) retrieved from /home/airflow/.local/lib/python3.6/site-packages/airflow/example_dags/tutorial_taskflow_api_etl.py
[2022-07-30 22:04:38,647] {logging_mixin.py:104} INFO - [2022-07-30 22:04:38,647] {dag.py:1824} INFO - Sync 1 DAGs
[2022-07-30 22:04:38,684] {logging_mixin.py:104} INFO - [2022-07-30 22:04:38,684] {dag.py:2280} INFO - Setting next_dagrun for tutorial_taskflow_api_etl to None
[2022-07-30 22:04:38,715] {scheduler_job.py:190} INFO - Processing /home/airflow/.local/lib/python3.6/site-packages/airflow/example_dags/tutorial_taskflow_api_etl.py took 0.179 seconds
[2022-07-30 22:05:09,424] {scheduler_job.py:182} INFO - Started process (PID=536) to work on /home/airflow/.local/lib/python3.6/site-packages/airflow/example_dags/tutorial_taskflow_api_etl.py
[2022-07-30 22:05:09,427] {scheduler_job.py:629} INFO - Processing file /home/airflow/.local/lib/python3.6/site-packages/airflow/example_dags/tutorial_taskflow_api_etl.py for tasks to queue
[2022-07-30 22:05:09,429] {logging_mixin.py:104} INFO - [2022-07-30 22:05:09,429] {dagbag.py:451} INFO - Filling up the DagBag from /home/airflow/.local/lib/python3.6/site-packages/airflow/example_dags/tutorial_taskflow_api_etl.py
[2022-07-30 22:05:09,461] {scheduler_job.py:639} INFO - DAG(s) dict_keys(['tutorial_taskflow_api_etl']) retrieved from /home/airflow/.local/lib/python3.6/site-packages/airflow/example_dags/tutorial_taskflow_api_etl.py
[2022-07-30 22:05:09,520] {logging_mixin.py:104} INFO - [2022-07-30 22:05:09,519] {dag.py:1824} INFO - Sync 1 DAGs
[2022-07-30 22:05:09,576] {logging_mixin.py:104} INFO - [2022-07-30 22:05:09,576] {dag.py:2280} INFO - Setting next_dagrun for tutorial_taskflow_api_etl to None
[2022-07-30 22:05:09,624] {scheduler_job.py:190} INFO - Processing /home/airflow/.local/lib/python3.6/site-packages/airflow/example_dags/tutorial_taskflow_api_etl.py took 0.204 seconds
[2022-07-30 22:05:39,975] {scheduler_job.py:182} INFO - Started process (PID=562) to work on /home/airflow/.local/lib/python3.6/site-packages/airflow/example_dags/tutorial_taskflow_api_etl.py
[2022-07-30 22:05:39,980] {scheduler_job.py:629} INFO - Processing file /home/airflow/.local/lib/python3.6/site-packages/airflow/example_dags/tutorial_taskflow_api_etl.py for tasks to queue
[2022-07-30 22:05:39,982] {logging_mixin.py:104} INFO - [2022-07-30 22:05:39,982] {dagbag.py:451} INFO - Filling up the DagBag from /home/airflow/.local/lib/python3.6/site-packages/airflow/example_dags/tutorial_taskflow_api_etl.py
[2022-07-30 22:05:40,008] {scheduler_job.py:639} INFO - DAG(s) dict_keys(['tutorial_taskflow_api_etl']) retrieved from /home/airflow/.local/lib/python3.6/site-packages/airflow/example_dags/tutorial_taskflow_api_etl.py
[2022-07-30 22:05:40,041] {logging_mixin.py:104} INFO - [2022-07-30 22:05:40,041] {dag.py:1824} INFO - Sync 1 DAGs
[2022-07-30 22:05:40,060] {logging_mixin.py:104} INFO - [2022-07-30 22:05:40,059] {dag.py:2280} INFO - Setting next_dagrun for tutorial_taskflow_api_etl to None
[2022-07-30 22:05:40,098] {scheduler_job.py:190} INFO - Processing /home/airflow/.local/lib/python3.6/site-packages/airflow/example_dags/tutorial_taskflow_api_etl.py took 0.131 seconds
[2022-07-30 22:06:10,210] {scheduler_job.py:182} INFO - Started process (PID=588) to work on /home/airflow/.local/lib/python3.6/site-packages/airflow/example_dags/tutorial_taskflow_api_etl.py
[2022-07-30 22:06:10,212] {scheduler_job.py:629} INFO - Processing file /home/airflow/.local/lib/python3.6/site-packages/airflow/example_dags/tutorial_taskflow_api_etl.py for tasks to queue
[2022-07-30 22:06:10,214] {logging_mixin.py:104} INFO - [2022-07-30 22:06:10,214] {dagbag.py:451} INFO - Filling up the DagBag from /home/airflow/.local/lib/python3.6/site-packages/airflow/example_dags/tutorial_taskflow_api_etl.py
[2022-07-30 22:06:10,233] {scheduler_job.py:639} INFO - DAG(s) dict_keys(['tutorial_taskflow_api_etl']) retrieved from /home/airflow/.local/lib/python3.6/site-packages/airflow/example_dags/tutorial_taskflow_api_etl.py
[2022-07-30 22:06:10,267] {logging_mixin.py:104} INFO - [2022-07-30 22:06:10,267] {dag.py:1824} INFO - Sync 1 DAGs
[2022-07-30 22:06:10,291] {logging_mixin.py:104} INFO - [2022-07-30 22:06:10,291] {dag.py:2280} INFO - Setting next_dagrun for tutorial_taskflow_api_etl to None
[2022-07-30 22:06:10,318] {scheduler_job.py:190} INFO - Processing /home/airflow/.local/lib/python3.6/site-packages/airflow/example_dags/tutorial_taskflow_api_etl.py took 0.113 seconds
[2022-07-30 22:06:40,648] {scheduler_job.py:182} INFO - Started process (PID=614) to work on /home/airflow/.local/lib/python3.6/site-packages/airflow/example_dags/tutorial_taskflow_api_etl.py
[2022-07-30 22:06:40,651] {scheduler_job.py:629} INFO - Processing file /home/airflow/.local/lib/python3.6/site-packages/airflow/example_dags/tutorial_taskflow_api_etl.py for tasks to queue
[2022-07-30 22:06:40,652] {logging_mixin.py:104} INFO - [2022-07-30 22:06:40,652] {dagbag.py:451} INFO - Filling up the DagBag from /home/airflow/.local/lib/python3.6/site-packages/airflow/example_dags/tutorial_taskflow_api_etl.py
[2022-07-30 22:06:40,674] {scheduler_job.py:639} INFO - DAG(s) dict_keys(['tutorial_taskflow_api_etl']) retrieved from /home/airflow/.local/lib/python3.6/site-packages/airflow/example_dags/tutorial_taskflow_api_etl.py
[2022-07-30 22:06:40,718] {logging_mixin.py:104} INFO - [2022-07-30 22:06:40,718] {dag.py:1824} INFO - Sync 1 DAGs
[2022-07-30 22:06:40,764] {logging_mixin.py:104} INFO - [2022-07-30 22:06:40,763] {dag.py:2280} INFO - Setting next_dagrun for tutorial_taskflow_api_etl to None
[2022-07-30 22:06:40,795] {scheduler_job.py:190} INFO - Processing /home/airflow/.local/lib/python3.6/site-packages/airflow/example_dags/tutorial_taskflow_api_etl.py took 0.151 seconds
[2022-07-30 22:07:11,262] {scheduler_job.py:182} INFO - Started process (PID=640) to work on /home/airflow/.local/lib/python3.6/site-packages/airflow/example_dags/tutorial_taskflow_api_etl.py
[2022-07-30 22:07:11,266] {scheduler_job.py:629} INFO - Processing file /home/airflow/.local/lib/python3.6/site-packages/airflow/example_dags/tutorial_taskflow_api_etl.py for tasks to queue
[2022-07-30 22:07:11,268] {logging_mixin.py:104} INFO - [2022-07-30 22:07:11,268] {dagbag.py:451} INFO - Filling up the DagBag from /home/airflow/.local/lib/python3.6/site-packages/airflow/example_dags/tutorial_taskflow_api_etl.py
[2022-07-30 22:07:11,299] {scheduler_job.py:639} INFO - DAG(s) dict_keys(['tutorial_taskflow_api_etl']) retrieved from /home/airflow/.local/lib/python3.6/site-packages/airflow/example_dags/tutorial_taskflow_api_etl.py
[2022-07-30 22:07:11,451] {logging_mixin.py:104} INFO - [2022-07-30 22:07:11,451] {dag.py:1824} INFO - Sync 1 DAGs
[2022-07-30 22:07:11,520] {logging_mixin.py:104} INFO - [2022-07-30 22:07:11,520] {dag.py:2280} INFO - Setting next_dagrun for tutorial_taskflow_api_etl to None
[2022-07-30 22:07:11,563] {scheduler_job.py:190} INFO - Processing /home/airflow/.local/lib/python3.6/site-packages/airflow/example_dags/tutorial_taskflow_api_etl.py took 0.311 seconds
[2022-07-30 22:07:42,107] {scheduler_job.py:182} INFO - Started process (PID=666) to work on /home/airflow/.local/lib/python3.6/site-packages/airflow/example_dags/tutorial_taskflow_api_etl.py
[2022-07-30 22:07:42,123] {scheduler_job.py:629} INFO - Processing file /home/airflow/.local/lib/python3.6/site-packages/airflow/example_dags/tutorial_taskflow_api_etl.py for tasks to queue
[2022-07-30 22:07:42,128] {logging_mixin.py:104} INFO - [2022-07-30 22:07:42,128] {dagbag.py:451} INFO - Filling up the DagBag from /home/airflow/.local/lib/python3.6/site-packages/airflow/example_dags/tutorial_taskflow_api_etl.py
[2022-07-30 22:07:42,194] {scheduler_job.py:639} INFO - DAG(s) dict_keys(['tutorial_taskflow_api_etl']) retrieved from /home/airflow/.local/lib/python3.6/site-packages/airflow/example_dags/tutorial_taskflow_api_etl.py
[2022-07-30 22:07:42,285] {logging_mixin.py:104} INFO - [2022-07-30 22:07:42,284] {dag.py:1824} INFO - Sync 1 DAGs
[2022-07-30 22:07:42,329] {logging_mixin.py:104} INFO - [2022-07-30 22:07:42,329] {dag.py:2280} INFO - Setting next_dagrun for tutorial_taskflow_api_etl to None
[2022-07-30 22:07:42,370] {scheduler_job.py:190} INFO - Processing /home/airflow/.local/lib/python3.6/site-packages/airflow/example_dags/tutorial_taskflow_api_etl.py took 0.270 seconds
[2022-07-30 22:08:12,706] {scheduler_job.py:182} INFO - Started process (PID=692) to work on /home/airflow/.local/lib/python3.6/site-packages/airflow/example_dags/tutorial_taskflow_api_etl.py
[2022-07-30 22:08:12,715] {scheduler_job.py:629} INFO - Processing file /home/airflow/.local/lib/python3.6/site-packages/airflow/example_dags/tutorial_taskflow_api_etl.py for tasks to queue
[2022-07-30 22:08:12,720] {logging_mixin.py:104} INFO - [2022-07-30 22:08:12,720] {dagbag.py:451} INFO - Filling up the DagBag from /home/airflow/.local/lib/python3.6/site-packages/airflow/example_dags/tutorial_taskflow_api_etl.py
[2022-07-30 22:08:12,764] {scheduler_job.py:639} INFO - DAG(s) dict_keys(['tutorial_taskflow_api_etl']) retrieved from /home/airflow/.local/lib/python3.6/site-packages/airflow/example_dags/tutorial_taskflow_api_etl.py
[2022-07-30 22:08:12,824] {logging_mixin.py:104} INFO - [2022-07-30 22:08:12,824] {dag.py:1824} INFO - Sync 1 DAGs
[2022-07-30 22:08:12,850] {logging_mixin.py:104} INFO - [2022-07-30 22:08:12,850] {dag.py:2280} INFO - Setting next_dagrun for tutorial_taskflow_api_etl to None
[2022-07-30 22:08:12,869] {scheduler_job.py:190} INFO - Processing /home/airflow/.local/lib/python3.6/site-packages/airflow/example_dags/tutorial_taskflow_api_etl.py took 0.180 seconds
[2022-07-30 22:08:43,739] {scheduler_job.py:182} INFO - Started process (PID=718) to work on /home/airflow/.local/lib/python3.6/site-packages/airflow/example_dags/tutorial_taskflow_api_etl.py
[2022-07-30 22:08:43,743] {scheduler_job.py:629} INFO - Processing file /home/airflow/.local/lib/python3.6/site-packages/airflow/example_dags/tutorial_taskflow_api_etl.py for tasks to queue
[2022-07-30 22:08:43,745] {logging_mixin.py:104} INFO - [2022-07-30 22:08:43,745] {dagbag.py:451} INFO - Filling up the DagBag from /home/airflow/.local/lib/python3.6/site-packages/airflow/example_dags/tutorial_taskflow_api_etl.py
[2022-07-30 22:08:43,801] {scheduler_job.py:639} INFO - DAG(s) dict_keys(['tutorial_taskflow_api_etl']) retrieved from /home/airflow/.local/lib/python3.6/site-packages/airflow/example_dags/tutorial_taskflow_api_etl.py
[2022-07-30 22:08:43,913] {logging_mixin.py:104} INFO - [2022-07-30 22:08:43,912] {dag.py:1824} INFO - Sync 1 DAGs
[2022-07-30 22:08:43,943] {logging_mixin.py:104} INFO - [2022-07-30 22:08:43,942] {dag.py:2280} INFO - Setting next_dagrun for tutorial_taskflow_api_etl to None
[2022-07-30 22:08:43,960] {scheduler_job.py:190} INFO - Processing /home/airflow/.local/lib/python3.6/site-packages/airflow/example_dags/tutorial_taskflow_api_etl.py took 0.227 seconds
[2022-07-30 22:09:14,024] {scheduler_job.py:182} INFO - Started process (PID=744) to work on /home/airflow/.local/lib/python3.6/site-packages/airflow/example_dags/tutorial_taskflow_api_etl.py
[2022-07-30 22:09:14,026] {scheduler_job.py:629} INFO - Processing file /home/airflow/.local/lib/python3.6/site-packages/airflow/example_dags/tutorial_taskflow_api_etl.py for tasks to queue
[2022-07-30 22:09:14,028] {logging_mixin.py:104} INFO - [2022-07-30 22:09:14,028] {dagbag.py:451} INFO - Filling up the DagBag from /home/airflow/.local/lib/python3.6/site-packages/airflow/example_dags/tutorial_taskflow_api_etl.py
[2022-07-30 22:09:14,054] {scheduler_job.py:639} INFO - DAG(s) dict_keys(['tutorial_taskflow_api_etl']) retrieved from /home/airflow/.local/lib/python3.6/site-packages/airflow/example_dags/tutorial_taskflow_api_etl.py
[2022-07-30 22:09:14,101] {logging_mixin.py:104} INFO - [2022-07-30 22:09:14,101] {dag.py:1824} INFO - Sync 1 DAGs
[2022-07-30 22:09:14,128] {logging_mixin.py:104} INFO - [2022-07-30 22:09:14,128] {dag.py:2280} INFO - Setting next_dagrun for tutorial_taskflow_api_etl to None
[2022-07-30 22:09:14,153] {scheduler_job.py:190} INFO - Processing /home/airflow/.local/lib/python3.6/site-packages/airflow/example_dags/tutorial_taskflow_api_etl.py took 0.135 seconds
[2022-07-30 22:09:44,990] {scheduler_job.py:182} INFO - Started process (PID=770) to work on /home/airflow/.local/lib/python3.6/site-packages/airflow/example_dags/tutorial_taskflow_api_etl.py
[2022-07-30 22:09:44,997] {scheduler_job.py:629} INFO - Processing file /home/airflow/.local/lib/python3.6/site-packages/airflow/example_dags/tutorial_taskflow_api_etl.py for tasks to queue
[2022-07-30 22:09:45,007] {logging_mixin.py:104} INFO - [2022-07-30 22:09:45,006] {dagbag.py:451} INFO - Filling up the DagBag from /home/airflow/.local/lib/python3.6/site-packages/airflow/example_dags/tutorial_taskflow_api_etl.py
[2022-07-30 22:09:45,066] {scheduler_job.py:639} INFO - DAG(s) dict_keys(['tutorial_taskflow_api_etl']) retrieved from /home/airflow/.local/lib/python3.6/site-packages/airflow/example_dags/tutorial_taskflow_api_etl.py
[2022-07-30 22:09:45,200] {logging_mixin.py:104} INFO - [2022-07-30 22:09:45,200] {dag.py:1824} INFO - Sync 1 DAGs
[2022-07-30 22:09:45,297] {logging_mixin.py:104} INFO - [2022-07-30 22:09:45,296] {dag.py:2280} INFO - Setting next_dagrun for tutorial_taskflow_api_etl to None
[2022-07-30 22:09:45,378] {scheduler_job.py:190} INFO - Processing /home/airflow/.local/lib/python3.6/site-packages/airflow/example_dags/tutorial_taskflow_api_etl.py took 0.399 seconds
[2022-07-30 22:10:15,640] {scheduler_job.py:182} INFO - Started process (PID=796) to work on /home/airflow/.local/lib/python3.6/site-packages/airflow/example_dags/tutorial_taskflow_api_etl.py
[2022-07-30 22:10:15,642] {scheduler_job.py:629} INFO - Processing file /home/airflow/.local/lib/python3.6/site-packages/airflow/example_dags/tutorial_taskflow_api_etl.py for tasks to queue
[2022-07-30 22:10:15,645] {logging_mixin.py:104} INFO - [2022-07-30 22:10:15,644] {dagbag.py:451} INFO - Filling up the DagBag from /home/airflow/.local/lib/python3.6/site-packages/airflow/example_dags/tutorial_taskflow_api_etl.py
[2022-07-30 22:10:15,699] {scheduler_job.py:639} INFO - DAG(s) dict_keys(['tutorial_taskflow_api_etl']) retrieved from /home/airflow/.local/lib/python3.6/site-packages/airflow/example_dags/tutorial_taskflow_api_etl.py
[2022-07-30 22:10:15,798] {logging_mixin.py:104} INFO - [2022-07-30 22:10:15,798] {dag.py:1824} INFO - Sync 1 DAGs
[2022-07-30 22:10:15,863] {logging_mixin.py:104} INFO - [2022-07-30 22:10:15,863] {dag.py:2280} INFO - Setting next_dagrun for tutorial_taskflow_api_etl to None
[2022-07-30 22:10:15,908] {scheduler_job.py:190} INFO - Processing /home/airflow/.local/lib/python3.6/site-packages/airflow/example_dags/tutorial_taskflow_api_etl.py took 0.273 seconds
[2022-07-30 22:10:46,377] {scheduler_job.py:182} INFO - Started process (PID=822) to work on /home/airflow/.local/lib/python3.6/site-packages/airflow/example_dags/tutorial_taskflow_api_etl.py
[2022-07-30 22:10:46,383] {scheduler_job.py:629} INFO - Processing file /home/airflow/.local/lib/python3.6/site-packages/airflow/example_dags/tutorial_taskflow_api_etl.py for tasks to queue
[2022-07-30 22:10:46,387] {logging_mixin.py:104} INFO - [2022-07-30 22:10:46,387] {dagbag.py:451} INFO - Filling up the DagBag from /home/airflow/.local/lib/python3.6/site-packages/airflow/example_dags/tutorial_taskflow_api_etl.py
[2022-07-30 22:10:46,444] {scheduler_job.py:639} INFO - DAG(s) dict_keys(['tutorial_taskflow_api_etl']) retrieved from /home/airflow/.local/lib/python3.6/site-packages/airflow/example_dags/tutorial_taskflow_api_etl.py
[2022-07-30 22:10:46,541] {logging_mixin.py:104} INFO - [2022-07-30 22:10:46,541] {dag.py:1824} INFO - Sync 1 DAGs
[2022-07-30 22:10:46,575] {logging_mixin.py:104} INFO - [2022-07-30 22:10:46,575] {dag.py:2280} INFO - Setting next_dagrun for tutorial_taskflow_api_etl to None
[2022-07-30 22:10:46,601] {scheduler_job.py:190} INFO - Processing /home/airflow/.local/lib/python3.6/site-packages/airflow/example_dags/tutorial_taskflow_api_etl.py took 0.238 seconds
[2022-07-30 22:11:17,069] {scheduler_job.py:182} INFO - Started process (PID=848) to work on /home/airflow/.local/lib/python3.6/site-packages/airflow/example_dags/tutorial_taskflow_api_etl.py
[2022-07-30 22:11:17,074] {scheduler_job.py:629} INFO - Processing file /home/airflow/.local/lib/python3.6/site-packages/airflow/example_dags/tutorial_taskflow_api_etl.py for tasks to queue
[2022-07-30 22:11:17,076] {logging_mixin.py:104} INFO - [2022-07-30 22:11:17,076] {dagbag.py:451} INFO - Filling up the DagBag from /home/airflow/.local/lib/python3.6/site-packages/airflow/example_dags/tutorial_taskflow_api_etl.py
[2022-07-30 22:11:17,125] {scheduler_job.py:639} INFO - DAG(s) dict_keys(['tutorial_taskflow_api_etl']) retrieved from /home/airflow/.local/lib/python3.6/site-packages/airflow/example_dags/tutorial_taskflow_api_etl.py
[2022-07-30 22:11:17,177] {logging_mixin.py:104} INFO - [2022-07-30 22:11:17,177] {dag.py:1824} INFO - Sync 1 DAGs
[2022-07-30 22:11:17,209] {logging_mixin.py:104} INFO - [2022-07-30 22:11:17,209] {dag.py:2280} INFO - Setting next_dagrun for tutorial_taskflow_api_etl to None
[2022-07-30 22:11:17,231] {scheduler_job.py:190} INFO - Processing /home/airflow/.local/lib/python3.6/site-packages/airflow/example_dags/tutorial_taskflow_api_etl.py took 0.171 seconds
[2022-07-30 22:11:47,828] {scheduler_job.py:182} INFO - Started process (PID=874) to work on /home/airflow/.local/lib/python3.6/site-packages/airflow/example_dags/tutorial_taskflow_api_etl.py
[2022-07-30 22:11:47,831] {scheduler_job.py:629} INFO - Processing file /home/airflow/.local/lib/python3.6/site-packages/airflow/example_dags/tutorial_taskflow_api_etl.py for tasks to queue
[2022-07-30 22:11:47,834] {logging_mixin.py:104} INFO - [2022-07-30 22:11:47,833] {dagbag.py:451} INFO - Filling up the DagBag from /home/airflow/.local/lib/python3.6/site-packages/airflow/example_dags/tutorial_taskflow_api_etl.py
[2022-07-30 22:11:47,876] {scheduler_job.py:639} INFO - DAG(s) dict_keys(['tutorial_taskflow_api_etl']) retrieved from /home/airflow/.local/lib/python3.6/site-packages/airflow/example_dags/tutorial_taskflow_api_etl.py
[2022-07-30 22:11:47,912] {logging_mixin.py:104} INFO - [2022-07-30 22:11:47,911] {dag.py:1824} INFO - Sync 1 DAGs
[2022-07-30 22:11:47,940] {logging_mixin.py:104} INFO - [2022-07-30 22:11:47,940] {dag.py:2280} INFO - Setting next_dagrun for tutorial_taskflow_api_etl to None
[2022-07-30 22:11:47,958] {scheduler_job.py:190} INFO - Processing /home/airflow/.local/lib/python3.6/site-packages/airflow/example_dags/tutorial_taskflow_api_etl.py took 0.141 seconds
[2022-07-30 22:12:18,222] {scheduler_job.py:182} INFO - Started process (PID=900) to work on /home/airflow/.local/lib/python3.6/site-packages/airflow/example_dags/tutorial_taskflow_api_etl.py
[2022-07-30 22:12:18,225] {scheduler_job.py:629} INFO - Processing file /home/airflow/.local/lib/python3.6/site-packages/airflow/example_dags/tutorial_taskflow_api_etl.py for tasks to queue
[2022-07-30 22:12:18,227] {logging_mixin.py:104} INFO - [2022-07-30 22:12:18,226] {dagbag.py:451} INFO - Filling up the DagBag from /home/airflow/.local/lib/python3.6/site-packages/airflow/example_dags/tutorial_taskflow_api_etl.py
[2022-07-30 22:12:18,262] {scheduler_job.py:639} INFO - DAG(s) dict_keys(['tutorial_taskflow_api_etl']) retrieved from /home/airflow/.local/lib/python3.6/site-packages/airflow/example_dags/tutorial_taskflow_api_etl.py
[2022-07-30 22:12:18,333] {logging_mixin.py:104} INFO - [2022-07-30 22:12:18,333] {dag.py:1824} INFO - Sync 1 DAGs
[2022-07-30 22:12:18,381] {logging_mixin.py:104} INFO - [2022-07-30 22:12:18,381] {dag.py:2280} INFO - Setting next_dagrun for tutorial_taskflow_api_etl to None
[2022-07-30 22:12:18,410] {scheduler_job.py:190} INFO - Processing /home/airflow/.local/lib/python3.6/site-packages/airflow/example_dags/tutorial_taskflow_api_etl.py took 0.194 seconds
[2022-07-30 22:12:48,500] {scheduler_job.py:182} INFO - Started process (PID=926) to work on /home/airflow/.local/lib/python3.6/site-packages/airflow/example_dags/tutorial_taskflow_api_etl.py
[2022-07-30 22:12:48,504] {scheduler_job.py:629} INFO - Processing file /home/airflow/.local/lib/python3.6/site-packages/airflow/example_dags/tutorial_taskflow_api_etl.py for tasks to queue
[2022-07-30 22:12:48,505] {logging_mixin.py:104} INFO - [2022-07-30 22:12:48,505] {dagbag.py:451} INFO - Filling up the DagBag from /home/airflow/.local/lib/python3.6/site-packages/airflow/example_dags/tutorial_taskflow_api_etl.py
[2022-07-30 22:12:48,534] {scheduler_job.py:639} INFO - DAG(s) dict_keys(['tutorial_taskflow_api_etl']) retrieved from /home/airflow/.local/lib/python3.6/site-packages/airflow/example_dags/tutorial_taskflow_api_etl.py
[2022-07-30 22:12:48,574] {logging_mixin.py:104} INFO - [2022-07-30 22:12:48,573] {dag.py:1824} INFO - Sync 1 DAGs
[2022-07-30 22:12:48,594] {logging_mixin.py:104} INFO - [2022-07-30 22:12:48,594] {dag.py:2280} INFO - Setting next_dagrun for tutorial_taskflow_api_etl to None
[2022-07-30 22:12:48,615] {scheduler_job.py:190} INFO - Processing /home/airflow/.local/lib/python3.6/site-packages/airflow/example_dags/tutorial_taskflow_api_etl.py took 0.124 seconds
[2022-07-30 22:13:19,408] {scheduler_job.py:182} INFO - Started process (PID=952) to work on /home/airflow/.local/lib/python3.6/site-packages/airflow/example_dags/tutorial_taskflow_api_etl.py
[2022-07-30 22:13:19,410] {scheduler_job.py:629} INFO - Processing file /home/airflow/.local/lib/python3.6/site-packages/airflow/example_dags/tutorial_taskflow_api_etl.py for tasks to queue
[2022-07-30 22:13:19,423] {logging_mixin.py:104} INFO - [2022-07-30 22:13:19,423] {dagbag.py:451} INFO - Filling up the DagBag from /home/airflow/.local/lib/python3.6/site-packages/airflow/example_dags/tutorial_taskflow_api_etl.py
[2022-07-30 22:13:19,517] {scheduler_job.py:639} INFO - DAG(s) dict_keys(['tutorial_taskflow_api_etl']) retrieved from /home/airflow/.local/lib/python3.6/site-packages/airflow/example_dags/tutorial_taskflow_api_etl.py
[2022-07-30 22:13:19,700] {logging_mixin.py:104} INFO - [2022-07-30 22:13:19,700] {dag.py:1824} INFO - Sync 1 DAGs
[2022-07-30 22:13:19,767] {logging_mixin.py:104} INFO - [2022-07-30 22:13:19,767] {dag.py:2280} INFO - Setting next_dagrun for tutorial_taskflow_api_etl to None
[2022-07-30 22:13:19,833] {scheduler_job.py:190} INFO - Processing /home/airflow/.local/lib/python3.6/site-packages/airflow/example_dags/tutorial_taskflow_api_etl.py took 0.431 seconds
[2022-07-30 22:13:50,636] {scheduler_job.py:182} INFO - Started process (PID=978) to work on /home/airflow/.local/lib/python3.6/site-packages/airflow/example_dags/tutorial_taskflow_api_etl.py
[2022-07-30 22:13:50,639] {scheduler_job.py:629} INFO - Processing file /home/airflow/.local/lib/python3.6/site-packages/airflow/example_dags/tutorial_taskflow_api_etl.py for tasks to queue
[2022-07-30 22:13:50,642] {logging_mixin.py:104} INFO - [2022-07-30 22:13:50,641] {dagbag.py:451} INFO - Filling up the DagBag from /home/airflow/.local/lib/python3.6/site-packages/airflow/example_dags/tutorial_taskflow_api_etl.py
[2022-07-30 22:13:50,667] {scheduler_job.py:639} INFO - DAG(s) dict_keys(['tutorial_taskflow_api_etl']) retrieved from /home/airflow/.local/lib/python3.6/site-packages/airflow/example_dags/tutorial_taskflow_api_etl.py
[2022-07-30 22:13:50,703] {logging_mixin.py:104} INFO - [2022-07-30 22:13:50,703] {dag.py:1824} INFO - Sync 1 DAGs
[2022-07-30 22:13:50,724] {logging_mixin.py:104} INFO - [2022-07-30 22:13:50,724] {dag.py:2280} INFO - Setting next_dagrun for tutorial_taskflow_api_etl to None
[2022-07-30 22:13:50,743] {scheduler_job.py:190} INFO - Processing /home/airflow/.local/lib/python3.6/site-packages/airflow/example_dags/tutorial_taskflow_api_etl.py took 0.114 seconds
[2022-07-30 22:14:21,343] {scheduler_job.py:182} INFO - Started process (PID=1004) to work on /home/airflow/.local/lib/python3.6/site-packages/airflow/example_dags/tutorial_taskflow_api_etl.py
[2022-07-30 22:14:21,348] {scheduler_job.py:629} INFO - Processing file /home/airflow/.local/lib/python3.6/site-packages/airflow/example_dags/tutorial_taskflow_api_etl.py for tasks to queue
[2022-07-30 22:14:21,352] {logging_mixin.py:104} INFO - [2022-07-30 22:14:21,351] {dagbag.py:451} INFO - Filling up the DagBag from /home/airflow/.local/lib/python3.6/site-packages/airflow/example_dags/tutorial_taskflow_api_etl.py
[2022-07-30 22:14:21,398] {scheduler_job.py:639} INFO - DAG(s) dict_keys(['tutorial_taskflow_api_etl']) retrieved from /home/airflow/.local/lib/python3.6/site-packages/airflow/example_dags/tutorial_taskflow_api_etl.py
[2022-07-30 22:14:21,459] {logging_mixin.py:104} INFO - [2022-07-30 22:14:21,458] {dag.py:1824} INFO - Sync 1 DAGs
[2022-07-30 22:14:21,490] {logging_mixin.py:104} INFO - [2022-07-30 22:14:21,490] {dag.py:2280} INFO - Setting next_dagrun for tutorial_taskflow_api_etl to None
[2022-07-30 22:14:21,518] {scheduler_job.py:190} INFO - Processing /home/airflow/.local/lib/python3.6/site-packages/airflow/example_dags/tutorial_taskflow_api_etl.py took 0.184 seconds
[2022-07-30 22:14:51,890] {scheduler_job.py:182} INFO - Started process (PID=1030) to work on /home/airflow/.local/lib/python3.6/site-packages/airflow/example_dags/tutorial_taskflow_api_etl.py
[2022-07-30 22:14:51,892] {scheduler_job.py:629} INFO - Processing file /home/airflow/.local/lib/python3.6/site-packages/airflow/example_dags/tutorial_taskflow_api_etl.py for tasks to queue
[2022-07-30 22:14:51,894] {logging_mixin.py:104} INFO - [2022-07-30 22:14:51,894] {dagbag.py:451} INFO - Filling up the DagBag from /home/airflow/.local/lib/python3.6/site-packages/airflow/example_dags/tutorial_taskflow_api_etl.py
[2022-07-30 22:14:51,920] {scheduler_job.py:639} INFO - DAG(s) dict_keys(['tutorial_taskflow_api_etl']) retrieved from /home/airflow/.local/lib/python3.6/site-packages/airflow/example_dags/tutorial_taskflow_api_etl.py
[2022-07-30 22:14:51,969] {logging_mixin.py:104} INFO - [2022-07-30 22:14:51,968] {dag.py:1824} INFO - Sync 1 DAGs
[2022-07-30 22:14:51,994] {logging_mixin.py:104} INFO - [2022-07-30 22:14:51,994] {dag.py:2280} INFO - Setting next_dagrun for tutorial_taskflow_api_etl to None
[2022-07-30 22:14:52,037] {scheduler_job.py:190} INFO - Processing /home/airflow/.local/lib/python3.6/site-packages/airflow/example_dags/tutorial_taskflow_api_etl.py took 0.152 seconds
[2022-07-30 22:15:22,537] {scheduler_job.py:182} INFO - Started process (PID=1056) to work on /home/airflow/.local/lib/python3.6/site-packages/airflow/example_dags/tutorial_taskflow_api_etl.py
[2022-07-30 22:15:22,541] {scheduler_job.py:629} INFO - Processing file /home/airflow/.local/lib/python3.6/site-packages/airflow/example_dags/tutorial_taskflow_api_etl.py for tasks to queue
[2022-07-30 22:15:22,544] {logging_mixin.py:104} INFO - [2022-07-30 22:15:22,543] {dagbag.py:451} INFO - Filling up the DagBag from /home/airflow/.local/lib/python3.6/site-packages/airflow/example_dags/tutorial_taskflow_api_etl.py
[2022-07-30 22:15:22,582] {scheduler_job.py:639} INFO - DAG(s) dict_keys(['tutorial_taskflow_api_etl']) retrieved from /home/airflow/.local/lib/python3.6/site-packages/airflow/example_dags/tutorial_taskflow_api_etl.py
[2022-07-30 22:15:22,626] {logging_mixin.py:104} INFO - [2022-07-30 22:15:22,626] {dag.py:1824} INFO - Sync 1 DAGs
[2022-07-30 22:15:22,657] {logging_mixin.py:104} INFO - [2022-07-30 22:15:22,657] {dag.py:2280} INFO - Setting next_dagrun for tutorial_taskflow_api_etl to None
[2022-07-30 22:15:22,696] {scheduler_job.py:190} INFO - Processing /home/airflow/.local/lib/python3.6/site-packages/airflow/example_dags/tutorial_taskflow_api_etl.py took 0.178 seconds
[2022-07-30 22:15:53,079] {scheduler_job.py:182} INFO - Started process (PID=1082) to work on /home/airflow/.local/lib/python3.6/site-packages/airflow/example_dags/tutorial_taskflow_api_etl.py
[2022-07-30 22:15:53,082] {scheduler_job.py:629} INFO - Processing file /home/airflow/.local/lib/python3.6/site-packages/airflow/example_dags/tutorial_taskflow_api_etl.py for tasks to queue
[2022-07-30 22:15:53,083] {logging_mixin.py:104} INFO - [2022-07-30 22:15:53,083] {dagbag.py:451} INFO - Filling up the DagBag from /home/airflow/.local/lib/python3.6/site-packages/airflow/example_dags/tutorial_taskflow_api_etl.py
[2022-07-30 22:15:53,107] {scheduler_job.py:639} INFO - DAG(s) dict_keys(['tutorial_taskflow_api_etl']) retrieved from /home/airflow/.local/lib/python3.6/site-packages/airflow/example_dags/tutorial_taskflow_api_etl.py
[2022-07-30 22:15:53,157] {logging_mixin.py:104} INFO - [2022-07-30 22:15:53,156] {dag.py:1824} INFO - Sync 1 DAGs
[2022-07-30 22:15:53,188] {logging_mixin.py:104} INFO - [2022-07-30 22:15:53,187] {dag.py:2280} INFO - Setting next_dagrun for tutorial_taskflow_api_etl to None
[2022-07-30 22:15:53,215] {scheduler_job.py:190} INFO - Processing /home/airflow/.local/lib/python3.6/site-packages/airflow/example_dags/tutorial_taskflow_api_etl.py took 0.142 seconds
[2022-07-30 22:16:23,301] {scheduler_job.py:182} INFO - Started process (PID=1108) to work on /home/airflow/.local/lib/python3.6/site-packages/airflow/example_dags/tutorial_taskflow_api_etl.py
[2022-07-30 22:16:23,303] {scheduler_job.py:629} INFO - Processing file /home/airflow/.local/lib/python3.6/site-packages/airflow/example_dags/tutorial_taskflow_api_etl.py for tasks to queue
[2022-07-30 22:16:23,305] {logging_mixin.py:104} INFO - [2022-07-30 22:16:23,305] {dagbag.py:451} INFO - Filling up the DagBag from /home/airflow/.local/lib/python3.6/site-packages/airflow/example_dags/tutorial_taskflow_api_etl.py
[2022-07-30 22:16:23,332] {scheduler_job.py:639} INFO - DAG(s) dict_keys(['tutorial_taskflow_api_etl']) retrieved from /home/airflow/.local/lib/python3.6/site-packages/airflow/example_dags/tutorial_taskflow_api_etl.py
[2022-07-30 22:16:23,381] {logging_mixin.py:104} INFO - [2022-07-30 22:16:23,381] {dag.py:1824} INFO - Sync 1 DAGs
[2022-07-30 22:16:23,410] {logging_mixin.py:104} INFO - [2022-07-30 22:16:23,409] {dag.py:2280} INFO - Setting next_dagrun for tutorial_taskflow_api_etl to None
[2022-07-30 22:16:23,463] {scheduler_job.py:190} INFO - Processing /home/airflow/.local/lib/python3.6/site-packages/airflow/example_dags/tutorial_taskflow_api_etl.py took 0.167 seconds
[2022-07-30 22:16:53,626] {scheduler_job.py:182} INFO - Started process (PID=1134) to work on /home/airflow/.local/lib/python3.6/site-packages/airflow/example_dags/tutorial_taskflow_api_etl.py
[2022-07-30 22:16:53,630] {scheduler_job.py:629} INFO - Processing file /home/airflow/.local/lib/python3.6/site-packages/airflow/example_dags/tutorial_taskflow_api_etl.py for tasks to queue
[2022-07-30 22:16:53,640] {logging_mixin.py:104} INFO - [2022-07-30 22:16:53,639] {dagbag.py:451} INFO - Filling up the DagBag from /home/airflow/.local/lib/python3.6/site-packages/airflow/example_dags/tutorial_taskflow_api_etl.py
[2022-07-30 22:16:53,702] {scheduler_job.py:639} INFO - DAG(s) dict_keys(['tutorial_taskflow_api_etl']) retrieved from /home/airflow/.local/lib/python3.6/site-packages/airflow/example_dags/tutorial_taskflow_api_etl.py
[2022-07-30 22:16:53,803] {logging_mixin.py:104} INFO - [2022-07-30 22:16:53,803] {dag.py:1824} INFO - Sync 1 DAGs
[2022-07-30 22:16:53,879] {logging_mixin.py:104} INFO - [2022-07-30 22:16:53,879] {dag.py:2280} INFO - Setting next_dagrun for tutorial_taskflow_api_etl to None
[2022-07-30 22:16:53,940] {scheduler_job.py:190} INFO - Processing /home/airflow/.local/lib/python3.6/site-packages/airflow/example_dags/tutorial_taskflow_api_etl.py took 0.325 seconds
[2022-07-30 22:17:24,793] {scheduler_job.py:182} INFO - Started process (PID=1160) to work on /home/airflow/.local/lib/python3.6/site-packages/airflow/example_dags/tutorial_taskflow_api_etl.py
[2022-07-30 22:17:24,798] {scheduler_job.py:629} INFO - Processing file /home/airflow/.local/lib/python3.6/site-packages/airflow/example_dags/tutorial_taskflow_api_etl.py for tasks to queue
[2022-07-30 22:17:24,805] {logging_mixin.py:104} INFO - [2022-07-30 22:17:24,805] {dagbag.py:451} INFO - Filling up the DagBag from /home/airflow/.local/lib/python3.6/site-packages/airflow/example_dags/tutorial_taskflow_api_etl.py
[2022-07-30 22:17:24,863] {scheduler_job.py:639} INFO - DAG(s) dict_keys(['tutorial_taskflow_api_etl']) retrieved from /home/airflow/.local/lib/python3.6/site-packages/airflow/example_dags/tutorial_taskflow_api_etl.py
[2022-07-30 22:17:24,965] {logging_mixin.py:104} INFO - [2022-07-30 22:17:24,965] {dag.py:1824} INFO - Sync 1 DAGs
[2022-07-30 22:17:25,004] {logging_mixin.py:104} INFO - [2022-07-30 22:17:25,004] {dag.py:2280} INFO - Setting next_dagrun for tutorial_taskflow_api_etl to None
[2022-07-30 22:17:25,051] {scheduler_job.py:190} INFO - Processing /home/airflow/.local/lib/python3.6/site-packages/airflow/example_dags/tutorial_taskflow_api_etl.py took 0.266 seconds
[2022-07-30 22:17:55,566] {scheduler_job.py:182} INFO - Started process (PID=1186) to work on /home/airflow/.local/lib/python3.6/site-packages/airflow/example_dags/tutorial_taskflow_api_etl.py
[2022-07-30 22:17:55,570] {scheduler_job.py:629} INFO - Processing file /home/airflow/.local/lib/python3.6/site-packages/airflow/example_dags/tutorial_taskflow_api_etl.py for tasks to queue
[2022-07-30 22:17:55,576] {logging_mixin.py:104} INFO - [2022-07-30 22:17:55,574] {dagbag.py:451} INFO - Filling up the DagBag from /home/airflow/.local/lib/python3.6/site-packages/airflow/example_dags/tutorial_taskflow_api_etl.py
[2022-07-30 22:17:55,618] {scheduler_job.py:639} INFO - DAG(s) dict_keys(['tutorial_taskflow_api_etl']) retrieved from /home/airflow/.local/lib/python3.6/site-packages/airflow/example_dags/tutorial_taskflow_api_etl.py
[2022-07-30 22:17:55,668] {logging_mixin.py:104} INFO - [2022-07-30 22:17:55,668] {dag.py:1824} INFO - Sync 1 DAGs
[2022-07-30 22:17:55,697] {logging_mixin.py:104} INFO - [2022-07-30 22:17:55,696] {dag.py:2280} INFO - Setting next_dagrun for tutorial_taskflow_api_etl to None
[2022-07-30 22:17:55,727] {scheduler_job.py:190} INFO - Processing /home/airflow/.local/lib/python3.6/site-packages/airflow/example_dags/tutorial_taskflow_api_etl.py took 0.169 seconds
[2022-07-30 22:18:26,464] {scheduler_job.py:182} INFO - Started process (PID=1212) to work on /home/airflow/.local/lib/python3.6/site-packages/airflow/example_dags/tutorial_taskflow_api_etl.py
[2022-07-30 22:18:26,468] {scheduler_job.py:629} INFO - Processing file /home/airflow/.local/lib/python3.6/site-packages/airflow/example_dags/tutorial_taskflow_api_etl.py for tasks to queue
[2022-07-30 22:18:26,470] {logging_mixin.py:104} INFO - [2022-07-30 22:18:26,470] {dagbag.py:451} INFO - Filling up the DagBag from /home/airflow/.local/lib/python3.6/site-packages/airflow/example_dags/tutorial_taskflow_api_etl.py
[2022-07-30 22:18:26,523] {scheduler_job.py:639} INFO - DAG(s) dict_keys(['tutorial_taskflow_api_etl']) retrieved from /home/airflow/.local/lib/python3.6/site-packages/airflow/example_dags/tutorial_taskflow_api_etl.py
[2022-07-30 22:18:26,586] {logging_mixin.py:104} INFO - [2022-07-30 22:18:26,586] {dag.py:1824} INFO - Sync 1 DAGs
[2022-07-30 22:18:26,619] {logging_mixin.py:104} INFO - [2022-07-30 22:18:26,619] {dag.py:2280} INFO - Setting next_dagrun for tutorial_taskflow_api_etl to None
[2022-07-30 22:18:26,683] {scheduler_job.py:190} INFO - Processing /home/airflow/.local/lib/python3.6/site-packages/airflow/example_dags/tutorial_taskflow_api_etl.py took 0.226 seconds
[2022-07-30 22:18:57,339] {scheduler_job.py:182} INFO - Started process (PID=1238) to work on /home/airflow/.local/lib/python3.6/site-packages/airflow/example_dags/tutorial_taskflow_api_etl.py
[2022-07-30 22:18:57,342] {scheduler_job.py:629} INFO - Processing file /home/airflow/.local/lib/python3.6/site-packages/airflow/example_dags/tutorial_taskflow_api_etl.py for tasks to queue
[2022-07-30 22:18:57,345] {logging_mixin.py:104} INFO - [2022-07-30 22:18:57,344] {dagbag.py:451} INFO - Filling up the DagBag from /home/airflow/.local/lib/python3.6/site-packages/airflow/example_dags/tutorial_taskflow_api_etl.py
[2022-07-30 22:18:57,377] {scheduler_job.py:639} INFO - DAG(s) dict_keys(['tutorial_taskflow_api_etl']) retrieved from /home/airflow/.local/lib/python3.6/site-packages/airflow/example_dags/tutorial_taskflow_api_etl.py
[2022-07-30 22:18:57,426] {logging_mixin.py:104} INFO - [2022-07-30 22:18:57,426] {dag.py:1824} INFO - Sync 1 DAGs
[2022-07-30 22:18:57,466] {logging_mixin.py:104} INFO - [2022-07-30 22:18:57,466] {dag.py:2280} INFO - Setting next_dagrun for tutorial_taskflow_api_etl to None
[2022-07-30 22:18:57,497] {scheduler_job.py:190} INFO - Processing /home/airflow/.local/lib/python3.6/site-packages/airflow/example_dags/tutorial_taskflow_api_etl.py took 0.166 seconds
[2022-07-30 22:19:27,711] {scheduler_job.py:182} INFO - Started process (PID=1264) to work on /home/airflow/.local/lib/python3.6/site-packages/airflow/example_dags/tutorial_taskflow_api_etl.py
[2022-07-30 22:19:27,714] {scheduler_job.py:629} INFO - Processing file /home/airflow/.local/lib/python3.6/site-packages/airflow/example_dags/tutorial_taskflow_api_etl.py for tasks to queue
[2022-07-30 22:19:27,716] {logging_mixin.py:104} INFO - [2022-07-30 22:19:27,716] {dagbag.py:451} INFO - Filling up the DagBag from /home/airflow/.local/lib/python3.6/site-packages/airflow/example_dags/tutorial_taskflow_api_etl.py
[2022-07-30 22:19:27,742] {scheduler_job.py:639} INFO - DAG(s) dict_keys(['tutorial_taskflow_api_etl']) retrieved from /home/airflow/.local/lib/python3.6/site-packages/airflow/example_dags/tutorial_taskflow_api_etl.py
[2022-07-30 22:19:27,817] {logging_mixin.py:104} INFO - [2022-07-30 22:19:27,816] {dag.py:1824} INFO - Sync 1 DAGs
[2022-07-30 22:19:27,869] {logging_mixin.py:104} INFO - [2022-07-30 22:19:27,869] {dag.py:2280} INFO - Setting next_dagrun for tutorial_taskflow_api_etl to None
[2022-07-30 22:19:27,898] {scheduler_job.py:190} INFO - Processing /home/airflow/.local/lib/python3.6/site-packages/airflow/example_dags/tutorial_taskflow_api_etl.py took 0.193 seconds
[2022-07-30 22:19:58,213] {scheduler_job.py:182} INFO - Started process (PID=1290) to work on /home/airflow/.local/lib/python3.6/site-packages/airflow/example_dags/tutorial_taskflow_api_etl.py
[2022-07-30 22:19:58,217] {scheduler_job.py:629} INFO - Processing file /home/airflow/.local/lib/python3.6/site-packages/airflow/example_dags/tutorial_taskflow_api_etl.py for tasks to queue
[2022-07-30 22:19:58,219] {logging_mixin.py:104} INFO - [2022-07-30 22:19:58,218] {dagbag.py:451} INFO - Filling up the DagBag from /home/airflow/.local/lib/python3.6/site-packages/airflow/example_dags/tutorial_taskflow_api_etl.py
[2022-07-30 22:19:58,246] {scheduler_job.py:639} INFO - DAG(s) dict_keys(['tutorial_taskflow_api_etl']) retrieved from /home/airflow/.local/lib/python3.6/site-packages/airflow/example_dags/tutorial_taskflow_api_etl.py
[2022-07-30 22:19:58,293] {logging_mixin.py:104} INFO - [2022-07-30 22:19:58,293] {dag.py:1824} INFO - Sync 1 DAGs
[2022-07-30 22:19:58,327] {logging_mixin.py:104} INFO - [2022-07-30 22:19:58,326] {dag.py:2280} INFO - Setting next_dagrun for tutorial_taskflow_api_etl to None
[2022-07-30 22:19:58,353] {scheduler_job.py:190} INFO - Processing /home/airflow/.local/lib/python3.6/site-packages/airflow/example_dags/tutorial_taskflow_api_etl.py took 0.145 seconds
[2022-07-30 22:20:28,786] {scheduler_job.py:182} INFO - Started process (PID=1316) to work on /home/airflow/.local/lib/python3.6/site-packages/airflow/example_dags/tutorial_taskflow_api_etl.py
[2022-07-30 22:20:28,792] {scheduler_job.py:629} INFO - Processing file /home/airflow/.local/lib/python3.6/site-packages/airflow/example_dags/tutorial_taskflow_api_etl.py for tasks to queue
[2022-07-30 22:20:28,819] {logging_mixin.py:104} INFO - [2022-07-30 22:20:28,819] {dagbag.py:451} INFO - Filling up the DagBag from /home/airflow/.local/lib/python3.6/site-packages/airflow/example_dags/tutorial_taskflow_api_etl.py
[2022-07-30 22:20:28,899] {scheduler_job.py:639} INFO - DAG(s) dict_keys(['tutorial_taskflow_api_etl']) retrieved from /home/airflow/.local/lib/python3.6/site-packages/airflow/example_dags/tutorial_taskflow_api_etl.py
[2022-07-30 22:20:29,026] {logging_mixin.py:104} INFO - [2022-07-30 22:20:29,025] {dag.py:1824} INFO - Sync 1 DAGs
[2022-07-30 22:20:29,107] {logging_mixin.py:104} INFO - [2022-07-30 22:20:29,107] {dag.py:2280} INFO - Setting next_dagrun for tutorial_taskflow_api_etl to None
[2022-07-30 22:20:29,169] {scheduler_job.py:190} INFO - Processing /home/airflow/.local/lib/python3.6/site-packages/airflow/example_dags/tutorial_taskflow_api_etl.py took 0.390 seconds
[2022-07-30 22:21:00,230] {scheduler_job.py:182} INFO - Started process (PID=1342) to work on /home/airflow/.local/lib/python3.6/site-packages/airflow/example_dags/tutorial_taskflow_api_etl.py
[2022-07-30 22:21:00,235] {scheduler_job.py:629} INFO - Processing file /home/airflow/.local/lib/python3.6/site-packages/airflow/example_dags/tutorial_taskflow_api_etl.py for tasks to queue
[2022-07-30 22:21:00,243] {logging_mixin.py:104} INFO - [2022-07-30 22:21:00,243] {dagbag.py:451} INFO - Filling up the DagBag from /home/airflow/.local/lib/python3.6/site-packages/airflow/example_dags/tutorial_taskflow_api_etl.py
[2022-07-30 22:21:00,303] {scheduler_job.py:639} INFO - DAG(s) dict_keys(['tutorial_taskflow_api_etl']) retrieved from /home/airflow/.local/lib/python3.6/site-packages/airflow/example_dags/tutorial_taskflow_api_etl.py
[2022-07-30 22:21:00,438] {logging_mixin.py:104} INFO - [2022-07-30 22:21:00,437] {dag.py:1824} INFO - Sync 1 DAGs
[2022-07-30 22:21:00,493] {logging_mixin.py:104} INFO - [2022-07-30 22:21:00,493] {dag.py:2280} INFO - Setting next_dagrun for tutorial_taskflow_api_etl to None
[2022-07-30 22:21:00,572] {scheduler_job.py:190} INFO - Processing /home/airflow/.local/lib/python3.6/site-packages/airflow/example_dags/tutorial_taskflow_api_etl.py took 0.349 seconds
[2022-07-30 22:21:31,197] {scheduler_job.py:182} INFO - Started process (PID=1368) to work on /home/airflow/.local/lib/python3.6/site-packages/airflow/example_dags/tutorial_taskflow_api_etl.py
[2022-07-30 22:21:31,198] {scheduler_job.py:629} INFO - Processing file /home/airflow/.local/lib/python3.6/site-packages/airflow/example_dags/tutorial_taskflow_api_etl.py for tasks to queue
[2022-07-30 22:21:31,200] {logging_mixin.py:104} INFO - [2022-07-30 22:21:31,199] {dagbag.py:451} INFO - Filling up the DagBag from /home/airflow/.local/lib/python3.6/site-packages/airflow/example_dags/tutorial_taskflow_api_etl.py
[2022-07-30 22:21:31,216] {scheduler_job.py:639} INFO - DAG(s) dict_keys(['tutorial_taskflow_api_etl']) retrieved from /home/airflow/.local/lib/python3.6/site-packages/airflow/example_dags/tutorial_taskflow_api_etl.py
[2022-07-30 22:21:31,246] {logging_mixin.py:104} INFO - [2022-07-30 22:21:31,246] {dag.py:1824} INFO - Sync 1 DAGs
[2022-07-30 22:21:31,265] {logging_mixin.py:104} INFO - [2022-07-30 22:21:31,265] {dag.py:2280} INFO - Setting next_dagrun for tutorial_taskflow_api_etl to None
[2022-07-30 22:21:31,284] {scheduler_job.py:190} INFO - Processing /home/airflow/.local/lib/python3.6/site-packages/airflow/example_dags/tutorial_taskflow_api_etl.py took 0.092 seconds
[2022-07-30 22:22:01,607] {scheduler_job.py:182} INFO - Started process (PID=1394) to work on /home/airflow/.local/lib/python3.6/site-packages/airflow/example_dags/tutorial_taskflow_api_etl.py
[2022-07-30 22:22:01,609] {scheduler_job.py:629} INFO - Processing file /home/airflow/.local/lib/python3.6/site-packages/airflow/example_dags/tutorial_taskflow_api_etl.py for tasks to queue
[2022-07-30 22:22:01,611] {logging_mixin.py:104} INFO - [2022-07-30 22:22:01,611] {dagbag.py:451} INFO - Filling up the DagBag from /home/airflow/.local/lib/python3.6/site-packages/airflow/example_dags/tutorial_taskflow_api_etl.py
[2022-07-30 22:22:01,646] {scheduler_job.py:639} INFO - DAG(s) dict_keys(['tutorial_taskflow_api_etl']) retrieved from /home/airflow/.local/lib/python3.6/site-packages/airflow/example_dags/tutorial_taskflow_api_etl.py
[2022-07-30 22:22:01,694] {logging_mixin.py:104} INFO - [2022-07-30 22:22:01,693] {dag.py:1824} INFO - Sync 1 DAGs
[2022-07-30 22:22:01,714] {logging_mixin.py:104} INFO - [2022-07-30 22:22:01,714] {dag.py:2280} INFO - Setting next_dagrun for tutorial_taskflow_api_etl to None
[2022-07-30 22:22:01,739] {scheduler_job.py:190} INFO - Processing /home/airflow/.local/lib/python3.6/site-packages/airflow/example_dags/tutorial_taskflow_api_etl.py took 0.136 seconds
[2022-07-30 22:22:32,412] {scheduler_job.py:182} INFO - Started process (PID=1420) to work on /home/airflow/.local/lib/python3.6/site-packages/airflow/example_dags/tutorial_taskflow_api_etl.py
[2022-07-30 22:22:32,415] {scheduler_job.py:629} INFO - Processing file /home/airflow/.local/lib/python3.6/site-packages/airflow/example_dags/tutorial_taskflow_api_etl.py for tasks to queue
[2022-07-30 22:22:32,416] {logging_mixin.py:104} INFO - [2022-07-30 22:22:32,416] {dagbag.py:451} INFO - Filling up the DagBag from /home/airflow/.local/lib/python3.6/site-packages/airflow/example_dags/tutorial_taskflow_api_etl.py
[2022-07-30 22:22:32,447] {scheduler_job.py:639} INFO - DAG(s) dict_keys(['tutorial_taskflow_api_etl']) retrieved from /home/airflow/.local/lib/python3.6/site-packages/airflow/example_dags/tutorial_taskflow_api_etl.py
[2022-07-30 22:22:32,481] {logging_mixin.py:104} INFO - [2022-07-30 22:22:32,481] {dag.py:1824} INFO - Sync 1 DAGs
[2022-07-30 22:22:32,500] {logging_mixin.py:104} INFO - [2022-07-30 22:22:32,500] {dag.py:2280} INFO - Setting next_dagrun for tutorial_taskflow_api_etl to None
[2022-07-30 22:22:32,526] {scheduler_job.py:190} INFO - Processing /home/airflow/.local/lib/python3.6/site-packages/airflow/example_dags/tutorial_taskflow_api_etl.py took 0.126 seconds
[2022-07-30 22:23:03,489] {scheduler_job.py:182} INFO - Started process (PID=1446) to work on /home/airflow/.local/lib/python3.6/site-packages/airflow/example_dags/tutorial_taskflow_api_etl.py
[2022-07-30 22:23:03,491] {scheduler_job.py:629} INFO - Processing file /home/airflow/.local/lib/python3.6/site-packages/airflow/example_dags/tutorial_taskflow_api_etl.py for tasks to queue
[2022-07-30 22:23:03,492] {logging_mixin.py:104} INFO - [2022-07-30 22:23:03,492] {dagbag.py:451} INFO - Filling up the DagBag from /home/airflow/.local/lib/python3.6/site-packages/airflow/example_dags/tutorial_taskflow_api_etl.py
[2022-07-30 22:23:03,508] {scheduler_job.py:639} INFO - DAG(s) dict_keys(['tutorial_taskflow_api_etl']) retrieved from /home/airflow/.local/lib/python3.6/site-packages/airflow/example_dags/tutorial_taskflow_api_etl.py
[2022-07-30 22:23:03,545] {logging_mixin.py:104} INFO - [2022-07-30 22:23:03,544] {dag.py:1824} INFO - Sync 1 DAGs
[2022-07-30 22:23:03,567] {logging_mixin.py:104} INFO - [2022-07-30 22:23:03,567] {dag.py:2280} INFO - Setting next_dagrun for tutorial_taskflow_api_etl to None
[2022-07-30 22:23:03,585] {scheduler_job.py:190} INFO - Processing /home/airflow/.local/lib/python3.6/site-packages/airflow/example_dags/tutorial_taskflow_api_etl.py took 0.100 seconds
[2022-07-30 22:23:34,235] {scheduler_job.py:182} INFO - Started process (PID=1472) to work on /home/airflow/.local/lib/python3.6/site-packages/airflow/example_dags/tutorial_taskflow_api_etl.py
[2022-07-30 22:23:34,238] {scheduler_job.py:629} INFO - Processing file /home/airflow/.local/lib/python3.6/site-packages/airflow/example_dags/tutorial_taskflow_api_etl.py for tasks to queue
[2022-07-30 22:23:34,239] {logging_mixin.py:104} INFO - [2022-07-30 22:23:34,239] {dagbag.py:451} INFO - Filling up the DagBag from /home/airflow/.local/lib/python3.6/site-packages/airflow/example_dags/tutorial_taskflow_api_etl.py
[2022-07-30 22:23:34,262] {scheduler_job.py:639} INFO - DAG(s) dict_keys(['tutorial_taskflow_api_etl']) retrieved from /home/airflow/.local/lib/python3.6/site-packages/airflow/example_dags/tutorial_taskflow_api_etl.py
[2022-07-30 22:23:34,295] {logging_mixin.py:104} INFO - [2022-07-30 22:23:34,295] {dag.py:1824} INFO - Sync 1 DAGs
[2022-07-30 22:23:34,321] {logging_mixin.py:104} INFO - [2022-07-30 22:23:34,321] {dag.py:2280} INFO - Setting next_dagrun for tutorial_taskflow_api_etl to None
[2022-07-30 22:23:34,339] {scheduler_job.py:190} INFO - Processing /home/airflow/.local/lib/python3.6/site-packages/airflow/example_dags/tutorial_taskflow_api_etl.py took 0.111 seconds
[2022-07-30 22:24:05,081] {scheduler_job.py:182} INFO - Started process (PID=1498) to work on /home/airflow/.local/lib/python3.6/site-packages/airflow/example_dags/tutorial_taskflow_api_etl.py
[2022-07-30 22:24:05,083] {scheduler_job.py:629} INFO - Processing file /home/airflow/.local/lib/python3.6/site-packages/airflow/example_dags/tutorial_taskflow_api_etl.py for tasks to queue
[2022-07-30 22:24:05,085] {logging_mixin.py:104} INFO - [2022-07-30 22:24:05,085] {dagbag.py:451} INFO - Filling up the DagBag from /home/airflow/.local/lib/python3.6/site-packages/airflow/example_dags/tutorial_taskflow_api_etl.py
[2022-07-30 22:24:05,117] {scheduler_job.py:639} INFO - DAG(s) dict_keys(['tutorial_taskflow_api_etl']) retrieved from /home/airflow/.local/lib/python3.6/site-packages/airflow/example_dags/tutorial_taskflow_api_etl.py
[2022-07-30 22:24:05,158] {logging_mixin.py:104} INFO - [2022-07-30 22:24:05,158] {dag.py:1824} INFO - Sync 1 DAGs
[2022-07-30 22:24:05,194] {logging_mixin.py:104} INFO - [2022-07-30 22:24:05,194] {dag.py:2280} INFO - Setting next_dagrun for tutorial_taskflow_api_etl to None
[2022-07-30 22:24:05,240] {scheduler_job.py:190} INFO - Processing /home/airflow/.local/lib/python3.6/site-packages/airflow/example_dags/tutorial_taskflow_api_etl.py took 0.164 seconds
[2022-07-30 22:24:35,391] {scheduler_job.py:182} INFO - Started process (PID=1524) to work on /home/airflow/.local/lib/python3.6/site-packages/airflow/example_dags/tutorial_taskflow_api_etl.py
[2022-07-30 22:24:35,392] {scheduler_job.py:629} INFO - Processing file /home/airflow/.local/lib/python3.6/site-packages/airflow/example_dags/tutorial_taskflow_api_etl.py for tasks to queue
[2022-07-30 22:24:35,394] {logging_mixin.py:104} INFO - [2022-07-30 22:24:35,394] {dagbag.py:451} INFO - Filling up the DagBag from /home/airflow/.local/lib/python3.6/site-packages/airflow/example_dags/tutorial_taskflow_api_etl.py
[2022-07-30 22:24:35,410] {scheduler_job.py:639} INFO - DAG(s) dict_keys(['tutorial_taskflow_api_etl']) retrieved from /home/airflow/.local/lib/python3.6/site-packages/airflow/example_dags/tutorial_taskflow_api_etl.py
[2022-07-30 22:24:35,444] {logging_mixin.py:104} INFO - [2022-07-30 22:24:35,444] {dag.py:1824} INFO - Sync 1 DAGs
[2022-07-30 22:24:35,466] {logging_mixin.py:104} INFO - [2022-07-30 22:24:35,466] {dag.py:2280} INFO - Setting next_dagrun for tutorial_taskflow_api_etl to None
[2022-07-30 22:24:35,484] {scheduler_job.py:190} INFO - Processing /home/airflow/.local/lib/python3.6/site-packages/airflow/example_dags/tutorial_taskflow_api_etl.py took 0.098 seconds
[2022-07-30 22:25:06,016] {scheduler_job.py:182} INFO - Started process (PID=1550) to work on /home/airflow/.local/lib/python3.6/site-packages/airflow/example_dags/tutorial_taskflow_api_etl.py
[2022-07-30 22:25:06,019] {scheduler_job.py:629} INFO - Processing file /home/airflow/.local/lib/python3.6/site-packages/airflow/example_dags/tutorial_taskflow_api_etl.py for tasks to queue
[2022-07-30 22:25:06,021] {logging_mixin.py:104} INFO - [2022-07-30 22:25:06,021] {dagbag.py:451} INFO - Filling up the DagBag from /home/airflow/.local/lib/python3.6/site-packages/airflow/example_dags/tutorial_taskflow_api_etl.py
[2022-07-30 22:25:06,043] {scheduler_job.py:639} INFO - DAG(s) dict_keys(['tutorial_taskflow_api_etl']) retrieved from /home/airflow/.local/lib/python3.6/site-packages/airflow/example_dags/tutorial_taskflow_api_etl.py
[2022-07-30 22:25:06,123] {logging_mixin.py:104} INFO - [2022-07-30 22:25:06,123] {dag.py:1824} INFO - Sync 1 DAGs
[2022-07-30 22:25:06,212] {logging_mixin.py:104} INFO - [2022-07-30 22:25:06,211] {dag.py:2280} INFO - Setting next_dagrun for tutorial_taskflow_api_etl to None
[2022-07-30 22:25:06,252] {scheduler_job.py:190} INFO - Processing /home/airflow/.local/lib/python3.6/site-packages/airflow/example_dags/tutorial_taskflow_api_etl.py took 0.242 seconds
[2022-07-30 22:25:36,496] {scheduler_job.py:182} INFO - Started process (PID=1576) to work on /home/airflow/.local/lib/python3.6/site-packages/airflow/example_dags/tutorial_taskflow_api_etl.py
[2022-07-30 22:25:36,498] {scheduler_job.py:629} INFO - Processing file /home/airflow/.local/lib/python3.6/site-packages/airflow/example_dags/tutorial_taskflow_api_etl.py for tasks to queue
[2022-07-30 22:25:36,499] {logging_mixin.py:104} INFO - [2022-07-30 22:25:36,499] {dagbag.py:451} INFO - Filling up the DagBag from /home/airflow/.local/lib/python3.6/site-packages/airflow/example_dags/tutorial_taskflow_api_etl.py
[2022-07-30 22:25:36,516] {scheduler_job.py:639} INFO - DAG(s) dict_keys(['tutorial_taskflow_api_etl']) retrieved from /home/airflow/.local/lib/python3.6/site-packages/airflow/example_dags/tutorial_taskflow_api_etl.py
[2022-07-30 22:25:36,548] {logging_mixin.py:104} INFO - [2022-07-30 22:25:36,548] {dag.py:1824} INFO - Sync 1 DAGs
[2022-07-30 22:25:36,571] {logging_mixin.py:104} INFO - [2022-07-30 22:25:36,570] {dag.py:2280} INFO - Setting next_dagrun for tutorial_taskflow_api_etl to None
[2022-07-30 22:25:36,596] {scheduler_job.py:190} INFO - Processing /home/airflow/.local/lib/python3.6/site-packages/airflow/example_dags/tutorial_taskflow_api_etl.py took 0.105 seconds
[2022-07-30 22:26:07,101] {scheduler_job.py:182} INFO - Started process (PID=1602) to work on /home/airflow/.local/lib/python3.6/site-packages/airflow/example_dags/tutorial_taskflow_api_etl.py
[2022-07-30 22:26:07,103] {scheduler_job.py:629} INFO - Processing file /home/airflow/.local/lib/python3.6/site-packages/airflow/example_dags/tutorial_taskflow_api_etl.py for tasks to queue
[2022-07-30 22:26:07,104] {logging_mixin.py:104} INFO - [2022-07-30 22:26:07,104] {dagbag.py:451} INFO - Filling up the DagBag from /home/airflow/.local/lib/python3.6/site-packages/airflow/example_dags/tutorial_taskflow_api_etl.py
[2022-07-30 22:26:07,130] {scheduler_job.py:639} INFO - DAG(s) dict_keys(['tutorial_taskflow_api_etl']) retrieved from /home/airflow/.local/lib/python3.6/site-packages/airflow/example_dags/tutorial_taskflow_api_etl.py
[2022-07-30 22:26:07,171] {logging_mixin.py:104} INFO - [2022-07-30 22:26:07,171] {dag.py:1824} INFO - Sync 1 DAGs
[2022-07-30 22:26:07,200] {logging_mixin.py:104} INFO - [2022-07-30 22:26:07,200] {dag.py:2280} INFO - Setting next_dagrun for tutorial_taskflow_api_etl to None
[2022-07-30 22:26:07,220] {scheduler_job.py:190} INFO - Processing /home/airflow/.local/lib/python3.6/site-packages/airflow/example_dags/tutorial_taskflow_api_etl.py took 0.125 seconds
[2022-07-30 22:26:37,513] {scheduler_job.py:182} INFO - Started process (PID=1628) to work on /home/airflow/.local/lib/python3.6/site-packages/airflow/example_dags/tutorial_taskflow_api_etl.py
[2022-07-30 22:26:37,515] {scheduler_job.py:629} INFO - Processing file /home/airflow/.local/lib/python3.6/site-packages/airflow/example_dags/tutorial_taskflow_api_etl.py for tasks to queue
[2022-07-30 22:26:37,516] {logging_mixin.py:104} INFO - [2022-07-30 22:26:37,516] {dagbag.py:451} INFO - Filling up the DagBag from /home/airflow/.local/lib/python3.6/site-packages/airflow/example_dags/tutorial_taskflow_api_etl.py
[2022-07-30 22:26:37,533] {scheduler_job.py:639} INFO - DAG(s) dict_keys(['tutorial_taskflow_api_etl']) retrieved from /home/airflow/.local/lib/python3.6/site-packages/airflow/example_dags/tutorial_taskflow_api_etl.py
[2022-07-30 22:26:37,587] {logging_mixin.py:104} INFO - [2022-07-30 22:26:37,587] {dag.py:1824} INFO - Sync 1 DAGs
[2022-07-30 22:26:37,615] {logging_mixin.py:104} INFO - [2022-07-30 22:26:37,615] {dag.py:2280} INFO - Setting next_dagrun for tutorial_taskflow_api_etl to None
[2022-07-30 22:26:37,645] {scheduler_job.py:190} INFO - Processing /home/airflow/.local/lib/python3.6/site-packages/airflow/example_dags/tutorial_taskflow_api_etl.py took 0.136 seconds
[2022-07-30 22:27:08,630] {scheduler_job.py:182} INFO - Started process (PID=1654) to work on /home/airflow/.local/lib/python3.6/site-packages/airflow/example_dags/tutorial_taskflow_api_etl.py
[2022-07-30 22:27:08,633] {scheduler_job.py:629} INFO - Processing file /home/airflow/.local/lib/python3.6/site-packages/airflow/example_dags/tutorial_taskflow_api_etl.py for tasks to queue
[2022-07-30 22:27:08,635] {logging_mixin.py:104} INFO - [2022-07-30 22:27:08,634] {dagbag.py:451} INFO - Filling up the DagBag from /home/airflow/.local/lib/python3.6/site-packages/airflow/example_dags/tutorial_taskflow_api_etl.py
[2022-07-30 22:27:08,666] {scheduler_job.py:639} INFO - DAG(s) dict_keys(['tutorial_taskflow_api_etl']) retrieved from /home/airflow/.local/lib/python3.6/site-packages/airflow/example_dags/tutorial_taskflow_api_etl.py
[2022-07-30 22:27:08,736] {logging_mixin.py:104} INFO - [2022-07-30 22:27:08,736] {dag.py:1824} INFO - Sync 1 DAGs
[2022-07-30 22:27:08,762] {logging_mixin.py:104} INFO - [2022-07-30 22:27:08,762] {dag.py:2280} INFO - Setting next_dagrun for tutorial_taskflow_api_etl to None
[2022-07-30 22:27:08,784] {scheduler_job.py:190} INFO - Processing /home/airflow/.local/lib/python3.6/site-packages/airflow/example_dags/tutorial_taskflow_api_etl.py took 0.160 seconds
[2022-07-30 22:27:40,715] {scheduler_job.py:182} INFO - Started process (PID=1680) to work on /home/airflow/.local/lib/python3.6/site-packages/airflow/example_dags/tutorial_taskflow_api_etl.py
[2022-07-30 22:27:40,755] {scheduler_job.py:629} INFO - Processing file /home/airflow/.local/lib/python3.6/site-packages/airflow/example_dags/tutorial_taskflow_api_etl.py for tasks to queue
[2022-07-30 22:27:40,761] {logging_mixin.py:104} INFO - [2022-07-30 22:27:40,761] {dagbag.py:451} INFO - Filling up the DagBag from /home/airflow/.local/lib/python3.6/site-packages/airflow/example_dags/tutorial_taskflow_api_etl.py
[2022-07-30 22:27:40,830] {scheduler_job.py:639} INFO - DAG(s) dict_keys(['tutorial_taskflow_api_etl']) retrieved from /home/airflow/.local/lib/python3.6/site-packages/airflow/example_dags/tutorial_taskflow_api_etl.py
[2022-07-30 22:27:40,994] {logging_mixin.py:104} INFO - [2022-07-30 22:27:40,993] {dag.py:1824} INFO - Sync 1 DAGs
[2022-07-30 22:27:41,087] {logging_mixin.py:104} INFO - [2022-07-30 22:27:41,087] {dag.py:2280} INFO - Setting next_dagrun for tutorial_taskflow_api_etl to None
[2022-07-30 22:27:41,157] {scheduler_job.py:190} INFO - Processing /home/airflow/.local/lib/python3.6/site-packages/airflow/example_dags/tutorial_taskflow_api_etl.py took 0.468 seconds
[2022-07-30 22:28:11,509] {scheduler_job.py:182} INFO - Started process (PID=1706) to work on /home/airflow/.local/lib/python3.6/site-packages/airflow/example_dags/tutorial_taskflow_api_etl.py
[2022-07-30 22:28:11,512] {scheduler_job.py:629} INFO - Processing file /home/airflow/.local/lib/python3.6/site-packages/airflow/example_dags/tutorial_taskflow_api_etl.py for tasks to queue
[2022-07-30 22:28:11,513] {logging_mixin.py:104} INFO - [2022-07-30 22:28:11,513] {dagbag.py:451} INFO - Filling up the DagBag from /home/airflow/.local/lib/python3.6/site-packages/airflow/example_dags/tutorial_taskflow_api_etl.py
[2022-07-30 22:28:11,530] {scheduler_job.py:639} INFO - DAG(s) dict_keys(['tutorial_taskflow_api_etl']) retrieved from /home/airflow/.local/lib/python3.6/site-packages/airflow/example_dags/tutorial_taskflow_api_etl.py
[2022-07-30 22:28:11,564] {logging_mixin.py:104} INFO - [2022-07-30 22:28:11,564] {dag.py:1824} INFO - Sync 1 DAGs
[2022-07-30 22:28:11,582] {logging_mixin.py:104} INFO - [2022-07-30 22:28:11,582] {dag.py:2280} INFO - Setting next_dagrun for tutorial_taskflow_api_etl to None
[2022-07-30 22:28:11,599] {scheduler_job.py:190} INFO - Processing /home/airflow/.local/lib/python3.6/site-packages/airflow/example_dags/tutorial_taskflow_api_etl.py took 0.100 seconds
[2022-07-30 22:28:41,749] {scheduler_job.py:182} INFO - Started process (PID=1732) to work on /home/airflow/.local/lib/python3.6/site-packages/airflow/example_dags/tutorial_taskflow_api_etl.py
[2022-07-30 22:28:41,751] {scheduler_job.py:629} INFO - Processing file /home/airflow/.local/lib/python3.6/site-packages/airflow/example_dags/tutorial_taskflow_api_etl.py for tasks to queue
[2022-07-30 22:28:41,752] {logging_mixin.py:104} INFO - [2022-07-30 22:28:41,752] {dagbag.py:451} INFO - Filling up the DagBag from /home/airflow/.local/lib/python3.6/site-packages/airflow/example_dags/tutorial_taskflow_api_etl.py
[2022-07-30 22:28:41,780] {scheduler_job.py:639} INFO - DAG(s) dict_keys(['tutorial_taskflow_api_etl']) retrieved from /home/airflow/.local/lib/python3.6/site-packages/airflow/example_dags/tutorial_taskflow_api_etl.py
[2022-07-30 22:28:41,808] {logging_mixin.py:104} INFO - [2022-07-30 22:28:41,808] {dag.py:1824} INFO - Sync 1 DAGs
[2022-07-30 22:28:41,827] {logging_mixin.py:104} INFO - [2022-07-30 22:28:41,827] {dag.py:2280} INFO - Setting next_dagrun for tutorial_taskflow_api_etl to None
[2022-07-30 22:28:41,862] {scheduler_job.py:190} INFO - Processing /home/airflow/.local/lib/python3.6/site-packages/airflow/example_dags/tutorial_taskflow_api_etl.py took 0.119 seconds
[2022-07-30 22:29:12,502] {scheduler_job.py:182} INFO - Started process (PID=1758) to work on /home/airflow/.local/lib/python3.6/site-packages/airflow/example_dags/tutorial_taskflow_api_etl.py
[2022-07-30 22:29:12,507] {scheduler_job.py:629} INFO - Processing file /home/airflow/.local/lib/python3.6/site-packages/airflow/example_dags/tutorial_taskflow_api_etl.py for tasks to queue
[2022-07-30 22:29:12,510] {logging_mixin.py:104} INFO - [2022-07-30 22:29:12,510] {dagbag.py:451} INFO - Filling up the DagBag from /home/airflow/.local/lib/python3.6/site-packages/airflow/example_dags/tutorial_taskflow_api_etl.py
[2022-07-30 22:29:12,539] {scheduler_job.py:639} INFO - DAG(s) dict_keys(['tutorial_taskflow_api_etl']) retrieved from /home/airflow/.local/lib/python3.6/site-packages/airflow/example_dags/tutorial_taskflow_api_etl.py
[2022-07-30 22:29:12,569] {logging_mixin.py:104} INFO - [2022-07-30 22:29:12,568] {dag.py:1824} INFO - Sync 1 DAGs
[2022-07-30 22:29:12,587] {logging_mixin.py:104} INFO - [2022-07-30 22:29:12,587] {dag.py:2280} INFO - Setting next_dagrun for tutorial_taskflow_api_etl to None
[2022-07-30 22:29:12,604] {scheduler_job.py:190} INFO - Processing /home/airflow/.local/lib/python3.6/site-packages/airflow/example_dags/tutorial_taskflow_api_etl.py took 0.112 seconds
[2022-07-30 22:29:43,064] {scheduler_job.py:182} INFO - Started process (PID=1784) to work on /home/airflow/.local/lib/python3.6/site-packages/airflow/example_dags/tutorial_taskflow_api_etl.py
[2022-07-30 22:29:43,067] {scheduler_job.py:629} INFO - Processing file /home/airflow/.local/lib/python3.6/site-packages/airflow/example_dags/tutorial_taskflow_api_etl.py for tasks to queue
[2022-07-30 22:29:43,068] {logging_mixin.py:104} INFO - [2022-07-30 22:29:43,068] {dagbag.py:451} INFO - Filling up the DagBag from /home/airflow/.local/lib/python3.6/site-packages/airflow/example_dags/tutorial_taskflow_api_etl.py
[2022-07-30 22:29:43,084] {scheduler_job.py:639} INFO - DAG(s) dict_keys(['tutorial_taskflow_api_etl']) retrieved from /home/airflow/.local/lib/python3.6/site-packages/airflow/example_dags/tutorial_taskflow_api_etl.py
[2022-07-30 22:29:43,132] {logging_mixin.py:104} INFO - [2022-07-30 22:29:43,132] {dag.py:1824} INFO - Sync 1 DAGs
[2022-07-30 22:29:43,170] {logging_mixin.py:104} INFO - [2022-07-30 22:29:43,170] {dag.py:2280} INFO - Setting next_dagrun for tutorial_taskflow_api_etl to None
[2022-07-30 22:29:43,193] {scheduler_job.py:190} INFO - Processing /home/airflow/.local/lib/python3.6/site-packages/airflow/example_dags/tutorial_taskflow_api_etl.py took 0.133 seconds
[2022-07-30 22:30:14,071] {scheduler_job.py:182} INFO - Started process (PID=1810) to work on /home/airflow/.local/lib/python3.6/site-packages/airflow/example_dags/tutorial_taskflow_api_etl.py
[2022-07-30 22:30:14,075] {scheduler_job.py:629} INFO - Processing file /home/airflow/.local/lib/python3.6/site-packages/airflow/example_dags/tutorial_taskflow_api_etl.py for tasks to queue
[2022-07-30 22:30:14,079] {logging_mixin.py:104} INFO - [2022-07-30 22:30:14,078] {dagbag.py:451} INFO - Filling up the DagBag from /home/airflow/.local/lib/python3.6/site-packages/airflow/example_dags/tutorial_taskflow_api_etl.py
[2022-07-30 22:30:14,118] {scheduler_job.py:639} INFO - DAG(s) dict_keys(['tutorial_taskflow_api_etl']) retrieved from /home/airflow/.local/lib/python3.6/site-packages/airflow/example_dags/tutorial_taskflow_api_etl.py
[2022-07-30 22:30:14,151] {logging_mixin.py:104} INFO - [2022-07-30 22:30:14,151] {dag.py:1824} INFO - Sync 1 DAGs
[2022-07-30 22:30:14,170] {logging_mixin.py:104} INFO - [2022-07-30 22:30:14,170] {dag.py:2280} INFO - Setting next_dagrun for tutorial_taskflow_api_etl to None
[2022-07-30 22:30:14,220] {scheduler_job.py:190} INFO - Processing /home/airflow/.local/lib/python3.6/site-packages/airflow/example_dags/tutorial_taskflow_api_etl.py took 0.161 seconds
[2022-07-30 22:30:44,524] {scheduler_job.py:182} INFO - Started process (PID=1836) to work on /home/airflow/.local/lib/python3.6/site-packages/airflow/example_dags/tutorial_taskflow_api_etl.py
[2022-07-30 22:30:44,530] {scheduler_job.py:629} INFO - Processing file /home/airflow/.local/lib/python3.6/site-packages/airflow/example_dags/tutorial_taskflow_api_etl.py for tasks to queue
[2022-07-30 22:30:44,535] {logging_mixin.py:104} INFO - [2022-07-30 22:30:44,534] {dagbag.py:451} INFO - Filling up the DagBag from /home/airflow/.local/lib/python3.6/site-packages/airflow/example_dags/tutorial_taskflow_api_etl.py
[2022-07-30 22:30:44,578] {scheduler_job.py:639} INFO - DAG(s) dict_keys(['tutorial_taskflow_api_etl']) retrieved from /home/airflow/.local/lib/python3.6/site-packages/airflow/example_dags/tutorial_taskflow_api_etl.py
[2022-07-30 22:30:44,622] {logging_mixin.py:104} INFO - [2022-07-30 22:30:44,622] {dag.py:1824} INFO - Sync 1 DAGs
[2022-07-30 22:30:44,651] {logging_mixin.py:104} INFO - [2022-07-30 22:30:44,651] {dag.py:2280} INFO - Setting next_dagrun for tutorial_taskflow_api_etl to None
[2022-07-30 22:30:44,672] {scheduler_job.py:190} INFO - Processing /home/airflow/.local/lib/python3.6/site-packages/airflow/example_dags/tutorial_taskflow_api_etl.py took 0.164 seconds
[2022-07-30 22:31:15,716] {scheduler_job.py:182} INFO - Started process (PID=1862) to work on /home/airflow/.local/lib/python3.6/site-packages/airflow/example_dags/tutorial_taskflow_api_etl.py
[2022-07-30 22:31:15,721] {scheduler_job.py:629} INFO - Processing file /home/airflow/.local/lib/python3.6/site-packages/airflow/example_dags/tutorial_taskflow_api_etl.py for tasks to queue
[2022-07-30 22:31:15,724] {logging_mixin.py:104} INFO - [2022-07-30 22:31:15,723] {dagbag.py:451} INFO - Filling up the DagBag from /home/airflow/.local/lib/python3.6/site-packages/airflow/example_dags/tutorial_taskflow_api_etl.py
[2022-07-30 22:31:15,774] {scheduler_job.py:639} INFO - DAG(s) dict_keys(['tutorial_taskflow_api_etl']) retrieved from /home/airflow/.local/lib/python3.6/site-packages/airflow/example_dags/tutorial_taskflow_api_etl.py
[2022-07-30 22:31:15,858] {logging_mixin.py:104} INFO - [2022-07-30 22:31:15,858] {dag.py:1824} INFO - Sync 1 DAGs
[2022-07-30 22:31:15,918] {logging_mixin.py:104} INFO - [2022-07-30 22:31:15,916] {dag.py:2280} INFO - Setting next_dagrun for tutorial_taskflow_api_etl to None
[2022-07-30 22:31:15,989] {scheduler_job.py:190} INFO - Processing /home/airflow/.local/lib/python3.6/site-packages/airflow/example_dags/tutorial_taskflow_api_etl.py took 0.283 seconds
[2022-07-30 22:31:46,155] {scheduler_job.py:182} INFO - Started process (PID=1888) to work on /home/airflow/.local/lib/python3.6/site-packages/airflow/example_dags/tutorial_taskflow_api_etl.py
[2022-07-30 22:31:46,159] {scheduler_job.py:629} INFO - Processing file /home/airflow/.local/lib/python3.6/site-packages/airflow/example_dags/tutorial_taskflow_api_etl.py for tasks to queue
[2022-07-30 22:31:46,161] {logging_mixin.py:104} INFO - [2022-07-30 22:31:46,160] {dagbag.py:451} INFO - Filling up the DagBag from /home/airflow/.local/lib/python3.6/site-packages/airflow/example_dags/tutorial_taskflow_api_etl.py
[2022-07-30 22:31:46,188] {scheduler_job.py:639} INFO - DAG(s) dict_keys(['tutorial_taskflow_api_etl']) retrieved from /home/airflow/.local/lib/python3.6/site-packages/airflow/example_dags/tutorial_taskflow_api_etl.py
[2022-07-30 22:31:46,226] {logging_mixin.py:104} INFO - [2022-07-30 22:31:46,226] {dag.py:1824} INFO - Sync 1 DAGs
[2022-07-30 22:31:46,247] {logging_mixin.py:104} INFO - [2022-07-30 22:31:46,247] {dag.py:2280} INFO - Setting next_dagrun for tutorial_taskflow_api_etl to None
[2022-07-30 22:31:46,266] {scheduler_job.py:190} INFO - Processing /home/airflow/.local/lib/python3.6/site-packages/airflow/example_dags/tutorial_taskflow_api_etl.py took 0.117 seconds
[2022-07-30 22:34:31,707] {scheduler_job.py:182} INFO - Started process (PID=38) to work on /home/airflow/.local/lib/python3.6/site-packages/airflow/example_dags/tutorial_taskflow_api_etl.py
[2022-07-30 22:34:31,740] {scheduler_job.py:629} INFO - Processing file /home/airflow/.local/lib/python3.6/site-packages/airflow/example_dags/tutorial_taskflow_api_etl.py for tasks to queue
[2022-07-30 22:34:31,755] {logging_mixin.py:104} INFO - [2022-07-30 22:34:31,755] {dagbag.py:451} INFO - Filling up the DagBag from /home/airflow/.local/lib/python3.6/site-packages/airflow/example_dags/tutorial_taskflow_api_etl.py
[2022-07-30 22:34:31,861] {scheduler_job.py:639} INFO - DAG(s) dict_keys(['tutorial_taskflow_api_etl']) retrieved from /home/airflow/.local/lib/python3.6/site-packages/airflow/example_dags/tutorial_taskflow_api_etl.py
[2022-07-30 22:34:32,062] {logging_mixin.py:104} INFO - [2022-07-30 22:34:32,062] {dag.py:1824} INFO - Sync 1 DAGs
[2022-07-30 22:34:32,150] {logging_mixin.py:104} INFO - [2022-07-30 22:34:32,150] {dag.py:2280} INFO - Setting next_dagrun for tutorial_taskflow_api_etl to None
[2022-07-30 22:34:32,238] {scheduler_job.py:190} INFO - Processing /home/airflow/.local/lib/python3.6/site-packages/airflow/example_dags/tutorial_taskflow_api_etl.py took 0.568 seconds
